[2024-03-03T16:02:25.264+0530] {taskinstance.py:1979} INFO - Dependencies all met for dep_context=non-requeueable deps ti=<TaskInstance: data_fetch_pipeline.fetch_location_data manual__2024-03-03T03:38:53.434887+00:00 [queued]>
[2024-03-03T16:02:25.268+0530] {taskinstance.py:1979} INFO - Dependencies all met for dep_context=requeueable deps ti=<TaskInstance: data_fetch_pipeline.fetch_location_data manual__2024-03-03T03:38:53.434887+00:00 [queued]>
[2024-03-03T16:02:25.268+0530] {taskinstance.py:2193} INFO - Starting attempt 2 of 2
[2024-03-03T16:02:25.361+0530] {taskinstance.py:2214} INFO - Executing <Task(BashOperator): fetch_location_data> on 2024-03-03 03:38:53.434887+00:00
[2024-03-03T16:02:25.370+0530] {standard_task_runner.py:60} INFO - Started process 3264 to run task
[2024-03-03T16:02:25.376+0530] {standard_task_runner.py:87} INFO - Running: ['airflow', 'tasks', 'run', 'data_fetch_pipeline', 'fetch_location_data', 'manual__2024-03-03T03:38:53.434887+00:00', '--job-id', '8', '--raw', '--subdir', 'DAGS_FOLDER/assignment_2.py', '--cfg-path', '/tmp/tmpzwqgc5bx']
[2024-03-03T16:02:25.380+0530] {standard_task_runner.py:88} INFO - Job 8: Subtask fetch_location_data
[2024-03-03T16:02:25.510+0530] {task_command.py:423} INFO - Running <TaskInstance: data_fetch_pipeline.fetch_location_data manual__2024-03-03T03:38:53.434887+00:00 [running]> on host HP
[2024-03-03T16:02:25.749+0530] {taskinstance.py:2510} INFO - Exporting env vars: AIRFLOW_CTX_DAG_OWNER='airflow' AIRFLOW_CTX_DAG_ID='data_fetch_pipeline' AIRFLOW_CTX_TASK_ID='fetch_location_data' AIRFLOW_CTX_EXECUTION_DATE='2024-03-03T03:38:53.434887+00:00' AIRFLOW_CTX_TRY_NUMBER='2' AIRFLOW_CTX_DAG_RUN_ID='manual__2024-03-03T03:38:53.434887+00:00'
[2024-03-03T16:02:25.753+0530] {subprocess.py:63} INFO - Tmp dir root location: /tmp
[2024-03-03T16:02:25.754+0530] {subprocess.py:75} INFO - Running command: ['/usr/bin/bash', '-c', 'wget -r -np -A "*.csv" https://www.ncei.noaa.gov/data/local-climatological-data/access/1903/']
[2024-03-03T16:02:25.772+0530] {subprocess.py:86} INFO - Output:
[2024-03-03T16:02:25.815+0530] {subprocess.py:93} INFO - --2024-03-03 16:02:25--  https://www.ncei.noaa.gov/data/local-climatological-data/access/1903/
[2024-03-03T16:02:25.873+0530] {subprocess.py:93} INFO - Resolving www.ncei.noaa.gov (www.ncei.noaa.gov)... 205.167.25.178, 205.167.25.171, 205.167.25.177, ...
[2024-03-03T16:02:26.134+0530] {subprocess.py:93} INFO - Connecting to www.ncei.noaa.gov (www.ncei.noaa.gov)|205.167.25.178|:443... connected.
[2024-03-03T16:02:26.998+0530] {subprocess.py:93} INFO - HTTP request sent, awaiting response... 200 OK
[2024-03-03T16:02:26.999+0530] {subprocess.py:93} INFO - Length: unspecified [text/html]
[2024-03-03T16:02:26.999+0530] {subprocess.py:93} INFO - Saving to: ‘www.ncei.noaa.gov/data/local-climatological-data/access/1903/index.html.tmp’
[2024-03-03T16:02:27.000+0530] {subprocess.py:93} INFO - 
[2024-03-03T16:02:27.000+0530] {subprocess.py:93} INFO -      0K .                                                      42.8M=0s
[2024-03-03T16:02:27.001+0530] {subprocess.py:93} INFO - 
[2024-03-03T16:02:27.001+0530] {subprocess.py:93} INFO - 2024-03-03 16:02:26 (42.8 MB/s) - ‘www.ncei.noaa.gov/data/local-climatological-data/access/1903/index.html.tmp’ saved [1687]
[2024-03-03T16:02:27.001+0530] {subprocess.py:93} INFO - 
[2024-03-03T16:02:27.002+0530] {subprocess.py:93} INFO - Loading robots.txt; please ignore errors.
[2024-03-03T16:02:27.002+0530] {subprocess.py:93} INFO - --2024-03-03 16:02:26--  https://www.ncei.noaa.gov/robots.txt
[2024-03-03T16:02:27.258+0530] {subprocess.py:93} INFO - Connecting to www.ncei.noaa.gov (www.ncei.noaa.gov)|205.167.25.178|:443... connected.
[2024-03-03T16:02:28.039+0530] {subprocess.py:93} INFO - HTTP request sent, awaiting response... 200 OK
[2024-03-03T16:02:28.040+0530] {subprocess.py:93} INFO - Length: 254 [text/plain]
[2024-03-03T16:02:28.040+0530] {subprocess.py:93} INFO - Saving to: ‘www.ncei.noaa.gov/robots.txt.tmp’
[2024-03-03T16:02:28.040+0530] {subprocess.py:93} INFO - 
[2024-03-03T16:02:28.041+0530] {subprocess.py:93} INFO -      0K                                                       100% 10.0M=0s
[2024-03-03T16:02:28.041+0530] {subprocess.py:93} INFO - 
[2024-03-03T16:02:28.041+0530] {subprocess.py:93} INFO - 2024-03-03 16:02:28 (10.0 MB/s) - ‘www.ncei.noaa.gov/robots.txt.tmp’ saved [254/254]
[2024-03-03T16:02:28.042+0530] {subprocess.py:93} INFO - 
[2024-03-03T16:02:28.042+0530] {subprocess.py:93} INFO - Removing www.ncei.noaa.gov/robots.txt.tmp.
[2024-03-03T16:02:28.042+0530] {subprocess.py:93} INFO - Removing www.ncei.noaa.gov/data/local-climatological-data/access/1903/index.html.tmp since it should be rejected.
[2024-03-03T16:02:28.043+0530] {subprocess.py:93} INFO - 
[2024-03-03T16:02:28.043+0530] {subprocess.py:93} INFO - --2024-03-03 16:02:28--  https://www.ncei.noaa.gov/data/local-climatological-data/access/1903/?C=N;O=D
[2024-03-03T16:02:28.287+0530] {subprocess.py:93} INFO - Connecting to www.ncei.noaa.gov (www.ncei.noaa.gov)|205.167.25.178|:443... connected.
[2024-03-03T16:02:29.384+0530] {subprocess.py:93} INFO - HTTP request sent, awaiting response... 200 OK
[2024-03-03T16:02:29.384+0530] {subprocess.py:93} INFO - Length: unspecified [text/html]
[2024-03-03T16:02:29.385+0530] {subprocess.py:93} INFO - Saving to: ‘www.ncei.noaa.gov/data/local-climatological-data/access/1903/index.html?C=N;O=D.tmp’
[2024-03-03T16:02:29.385+0530] {subprocess.py:93} INFO - 
[2024-03-03T16:02:29.386+0530] {subprocess.py:93} INFO -      0K .                                                      51.5M=0s
[2024-03-03T16:02:29.386+0530] {subprocess.py:93} INFO - 
[2024-03-03T16:02:29.386+0530] {subprocess.py:93} INFO - 2024-03-03 16:02:29 (51.5 MB/s) - ‘www.ncei.noaa.gov/data/local-climatological-data/access/1903/index.html?C=N;O=D.tmp’ saved [1687]
[2024-03-03T16:02:29.387+0530] {subprocess.py:93} INFO - 
[2024-03-03T16:02:29.387+0530] {subprocess.py:93} INFO - Removing www.ncei.noaa.gov/data/local-climatological-data/access/1903/index.html?C=N;O=D.tmp since it should be rejected.
[2024-03-03T16:02:29.387+0530] {subprocess.py:93} INFO - 
[2024-03-03T16:02:29.388+0530] {subprocess.py:93} INFO - --2024-03-03 16:02:29--  https://www.ncei.noaa.gov/data/local-climatological-data/access/1903/?C=M;O=A
[2024-03-03T16:02:29.632+0530] {subprocess.py:93} INFO - Connecting to www.ncei.noaa.gov (www.ncei.noaa.gov)|205.167.25.178|:443... connected.
[2024-03-03T16:02:30.386+0530] {subprocess.py:93} INFO - HTTP request sent, awaiting response... 200 OK
[2024-03-03T16:02:30.387+0530] {subprocess.py:93} INFO - Length: unspecified [text/html]
[2024-03-03T16:02:30.387+0530] {subprocess.py:93} INFO - Saving to: ‘www.ncei.noaa.gov/data/local-climatological-data/access/1903/index.html?C=M;O=A.tmp’
[2024-03-03T16:02:30.387+0530] {subprocess.py:93} INFO - 
[2024-03-03T16:02:30.388+0530] {subprocess.py:93} INFO -      0K .                                                      53.8M=0s
[2024-03-03T16:02:30.388+0530] {subprocess.py:93} INFO - 
[2024-03-03T16:02:30.388+0530] {subprocess.py:93} INFO - 2024-03-03 16:02:30 (53.8 MB/s) - ‘www.ncei.noaa.gov/data/local-climatological-data/access/1903/index.html?C=M;O=A.tmp’ saved [1687]
[2024-03-03T16:02:30.389+0530] {subprocess.py:93} INFO - 
[2024-03-03T16:02:30.389+0530] {subprocess.py:93} INFO - Removing www.ncei.noaa.gov/data/local-climatological-data/access/1903/index.html?C=M;O=A.tmp since it should be rejected.
[2024-03-03T16:02:30.389+0530] {subprocess.py:93} INFO - 
[2024-03-03T16:02:30.390+0530] {subprocess.py:93} INFO - --2024-03-03 16:02:30--  https://www.ncei.noaa.gov/data/local-climatological-data/access/1903/?C=S;O=A
[2024-03-03T16:02:30.646+0530] {subprocess.py:93} INFO - Connecting to www.ncei.noaa.gov (www.ncei.noaa.gov)|205.167.25.178|:443... connected.
[2024-03-03T16:02:31.771+0530] {subprocess.py:93} INFO - HTTP request sent, awaiting response... 200 OK
[2024-03-03T16:02:31.771+0530] {subprocess.py:93} INFO - Length: unspecified [text/html]
[2024-03-03T16:02:31.772+0530] {subprocess.py:93} INFO - Saving to: ‘www.ncei.noaa.gov/data/local-climatological-data/access/1903/index.html?C=S;O=A.tmp’
[2024-03-03T16:02:31.772+0530] {subprocess.py:93} INFO - 
[2024-03-03T16:02:31.772+0530] {subprocess.py:93} INFO -      0K .                                                      54.7M=0s
[2024-03-03T16:02:31.773+0530] {subprocess.py:93} INFO - 
[2024-03-03T16:02:31.773+0530] {subprocess.py:93} INFO - 2024-03-03 16:02:31 (54.7 MB/s) - ‘www.ncei.noaa.gov/data/local-climatological-data/access/1903/index.html?C=S;O=A.tmp’ saved [1687]
[2024-03-03T16:02:31.773+0530] {subprocess.py:93} INFO - 
[2024-03-03T16:02:31.774+0530] {subprocess.py:93} INFO - Removing www.ncei.noaa.gov/data/local-climatological-data/access/1903/index.html?C=S;O=A.tmp since it should be rejected.
[2024-03-03T16:02:31.774+0530] {subprocess.py:93} INFO - 
[2024-03-03T16:02:31.774+0530] {subprocess.py:93} INFO - --2024-03-03 16:02:31--  https://www.ncei.noaa.gov/data/local-climatological-data/access/1903/?C=D;O=A
[2024-03-03T16:02:32.030+0530] {subprocess.py:93} INFO - Connecting to www.ncei.noaa.gov (www.ncei.noaa.gov)|205.167.25.178|:443... connected.
[2024-03-03T16:02:32.823+0530] {subprocess.py:93} INFO - HTTP request sent, awaiting response... 200 OK
[2024-03-03T16:02:32.824+0530] {subprocess.py:93} INFO - Length: unspecified [text/html]
[2024-03-03T16:02:32.824+0530] {subprocess.py:93} INFO - Saving to: ‘www.ncei.noaa.gov/data/local-climatological-data/access/1903/index.html?C=D;O=A.tmp’
[2024-03-03T16:02:32.825+0530] {subprocess.py:93} INFO - 
[2024-03-03T16:02:32.825+0530] {subprocess.py:93} INFO -      0K .                                                      56.0M=0s
[2024-03-03T16:02:32.825+0530] {subprocess.py:93} INFO - 
[2024-03-03T16:02:32.826+0530] {subprocess.py:93} INFO - 2024-03-03 16:02:32 (56.0 MB/s) - ‘www.ncei.noaa.gov/data/local-climatological-data/access/1903/index.html?C=D;O=A.tmp’ saved [1687]
[2024-03-03T16:02:32.826+0530] {subprocess.py:93} INFO - 
[2024-03-03T16:02:32.826+0530] {subprocess.py:93} INFO - Removing www.ncei.noaa.gov/data/local-climatological-data/access/1903/index.html?C=D;O=A.tmp since it should be rejected.
[2024-03-03T16:02:32.827+0530] {subprocess.py:93} INFO - 
[2024-03-03T16:02:32.827+0530] {subprocess.py:93} INFO - --2024-03-03 16:02:32--  https://www.ncei.noaa.gov/data/local-climatological-data/access/1903/02907099999.csv
[2024-03-03T16:02:33.083+0530] {subprocess.py:93} INFO - Connecting to www.ncei.noaa.gov (www.ncei.noaa.gov)|205.167.25.178|:443... connected.
[2024-03-03T16:02:33.893+0530] {subprocess.py:93} INFO - HTTP request sent, awaiting response... 200 OK
[2024-03-03T16:02:33.894+0530] {subprocess.py:93} INFO - Length: 508541 (497K) [text/csv]
[2024-03-03T16:02:33.894+0530] {subprocess.py:93} INFO - Saving to: ‘www.ncei.noaa.gov/data/local-climatological-data/access/1903/02907099999.csv’
[2024-03-03T16:02:33.895+0530] {subprocess.py:93} INFO - 
[2024-03-03T16:02:34.924+0530] {subprocess.py:93} INFO -      0K .......... .......... .......... .......... .......... 10% 64.5K 7s
[2024-03-03T16:02:35.711+0530] {subprocess.py:93} INFO -     50K .......... .......... .......... .......... .......... 20% 60.5K 6s
[2024-03-03T16:02:36.291+0530] {subprocess.py:93} INFO -    100K .......... .......... .......... .......... .......... 30% 62.9K 6s
[2024-03-03T16:02:36.808+0530] {subprocess.py:93} INFO -    150K .......... .......... .......... .......... .......... 40% 96.6K 4s
[2024-03-03T16:02:37.299+0530] {subprocess.py:93} INFO -    200K .......... .......... .......... .......... .......... 50%  110K 3s
[2024-03-03T16:02:37.777+0530] {subprocess.py:93} INFO -    250K .......... .......... .......... .......... .......... 60%  128K 2s
[2024-03-03T16:02:38.035+0530] {subprocess.py:93} INFO -    300K .......... .......... .......... .......... .......... 70%  131K 2s
[2024-03-03T16:02:38.294+0530] {subprocess.py:93} INFO -    350K .......... .......... .......... .......... .......... 80%  193K 1s
[2024-03-03T16:02:38.549+0530] {subprocess.py:93} INFO -    400K .......... .......... .......... .......... .......... 90%  196K 0s
[2024-03-03T16:02:38.615+0530] {subprocess.py:93} INFO -    450K .......... .......... .......... .......... ......    100%  703K=4.7s
[2024-03-03T16:02:38.616+0530] {subprocess.py:93} INFO - 
[2024-03-03T16:02:38.617+0530] {subprocess.py:93} INFO - 2024-03-03 16:02:38 (105 KB/s) - ‘www.ncei.noaa.gov/data/local-climatological-data/access/1903/02907099999.csv’ saved [508541/508541]
[2024-03-03T16:02:38.617+0530] {subprocess.py:93} INFO - 
[2024-03-03T16:02:38.618+0530] {subprocess.py:93} INFO - --2024-03-03 16:02:38--  https://www.ncei.noaa.gov/data/local-climatological-data/access/1903/02950099999.csv
[2024-03-03T16:02:38.863+0530] {subprocess.py:93} INFO - Connecting to www.ncei.noaa.gov (www.ncei.noaa.gov)|205.167.25.178|:443... connected.
[2024-03-03T16:02:39.727+0530] {subprocess.py:93} INFO - HTTP request sent, awaiting response... 200 OK
[2024-03-03T16:02:39.728+0530] {subprocess.py:93} INFO - Length: 512991 (501K) [text/csv]
[2024-03-03T16:02:39.728+0530] {subprocess.py:93} INFO - Saving to: ‘www.ncei.noaa.gov/data/local-climatological-data/access/1903/02950099999.csv’
[2024-03-03T16:02:39.729+0530] {subprocess.py:93} INFO - 
[2024-03-03T16:02:40.470+0530] {subprocess.py:93} INFO -      0K .......... .......... .......... .......... ..........  9% 67.4K 7s
[2024-03-03T16:02:41.294+0530] {subprocess.py:93} INFO -     50K .......... .......... .......... .......... .......... 19% 63.8K 6s
[2024-03-03T16:02:41.993+0530] {subprocess.py:93} INFO -    100K .......... .......... .......... .......... .......... 29% 67.5K 5s
[2024-03-03T16:02:42.525+0530] {subprocess.py:93} INFO -    150K .......... .......... .......... .......... .......... 39% 94.1K 4s
[2024-03-03T16:02:42.982+0530] {subprocess.py:93} INFO -    200K .......... .......... .......... .......... .......... 49%  109K 3s
[2024-03-03T16:02:43.473+0530] {subprocess.py:93} INFO -    250K .......... .......... .......... .......... .......... 59%  102K 3s
[2024-03-03T16:02:43.757+0530] {subprocess.py:93} INFO -    300K .......... .......... .......... .......... .......... 69%  201K 2s
[2024-03-03T16:02:44.003+0530] {subprocess.py:93} INFO -    350K .......... .......... .......... .......... .......... 79%  178K 1s
[2024-03-03T16:02:44.218+0530] {subprocess.py:93} INFO -    400K .......... .......... .......... .......... .......... 89%  232K 1s
[2024-03-03T16:02:44.465+0530] {subprocess.py:93} INFO -    450K .......... .......... .......... .......... .......... 99%  203K 0s
[2024-03-03T16:02:44.465+0530] {subprocess.py:93} INFO -    500K                                                       100% 1.80T=4.7s
[2024-03-03T16:02:44.466+0530] {subprocess.py:93} INFO - 
[2024-03-03T16:02:44.466+0530] {subprocess.py:93} INFO - 2024-03-03 16:02:44 (106 KB/s) - ‘www.ncei.noaa.gov/data/local-climatological-data/access/1903/02950099999.csv’ saved [512991/512991]
[2024-03-03T16:02:44.467+0530] {subprocess.py:93} INFO - 
[2024-03-03T16:02:44.467+0530] {subprocess.py:93} INFO - --2024-03-03 16:02:44--  https://www.ncei.noaa.gov/data/local-climatological-data/access/1903/02960099999.csv
[2024-03-03T16:02:44.724+0530] {subprocess.py:93} INFO - Connecting to www.ncei.noaa.gov (www.ncei.noaa.gov)|205.167.25.178|:443... connected.
[2024-03-03T16:02:45.566+0530] {subprocess.py:93} INFO - HTTP request sent, awaiting response... 200 OK
[2024-03-03T16:02:45.566+0530] {subprocess.py:93} INFO - Length: 499895 (488K) [text/csv]
[2024-03-03T16:02:45.567+0530] {subprocess.py:93} INFO - Saving to: ‘www.ncei.noaa.gov/data/local-climatological-data/access/1903/02960099999.csv’
[2024-03-03T16:02:45.567+0530] {subprocess.py:93} INFO - 
[2024-03-03T16:02:46.597+0530] {subprocess.py:93} INFO -      0K .......... .......... .......... .......... .......... 10% 64.5K 7s
[2024-03-03T16:02:47.374+0530] {subprocess.py:93} INFO -     50K .......... .......... .......... .......... .......... 20% 64.4K 6s
[2024-03-03T16:02:47.930+0530] {subprocess.py:93} INFO -    100K .......... .......... .......... .......... .......... 30% 64.7K 5s
[2024-03-03T16:02:48.660+0530] {subprocess.py:93} INFO -    150K .......... .......... .......... .......... .......... 40% 65.0K 4s
[2024-03-03T16:02:48.961+0530] {subprocess.py:93} INFO -    200K .......... .......... .......... .......... .......... 51%  166K 3s
[2024-03-03T16:02:49.436+0530] {subprocess.py:93} INFO -    250K .......... .......... .......... .......... .......... 61%  105K 2s
[2024-03-03T16:02:49.695+0530] {subprocess.py:93} INFO -    300K .......... .......... .......... .......... .......... 71%  193K 2s
[2024-03-03T16:02:49.954+0530] {subprocess.py:93} INFO -    350K .......... .......... .......... .......... .......... 81%  193K 1s
[2024-03-03T16:02:50.215+0530] {subprocess.py:93} INFO -    400K .......... .......... .......... .......... .......... 92%  191K 0s
[2024-03-03T16:02:50.293+0530] {subprocess.py:93} INFO -    450K .......... .......... .......... ........             100%  489K=4.7s
[2024-03-03T16:02:50.293+0530] {subprocess.py:93} INFO - 
[2024-03-03T16:02:50.294+0530] {subprocess.py:93} INFO - 2024-03-03 16:02:50 (103 KB/s) - ‘www.ncei.noaa.gov/data/local-climatological-data/access/1903/02960099999.csv’ saved [499895/499895]
[2024-03-03T16:02:50.294+0530] {subprocess.py:93} INFO - 
[2024-03-03T16:02:50.294+0530] {subprocess.py:93} INFO - --2024-03-03 16:02:50--  https://www.ncei.noaa.gov/data/local-climatological-data/access/1903/02972099999.csv
[2024-03-03T16:02:50.540+0530] {subprocess.py:93} INFO - Connecting to www.ncei.noaa.gov (www.ncei.noaa.gov)|205.167.25.178|:443... connected.
[2024-03-03T16:02:51.405+0530] {subprocess.py:93} INFO - HTTP request sent, awaiting response... 200 OK
[2024-03-03T16:02:51.406+0530] {subprocess.py:93} INFO - Length: 505361 (494K) [text/csv]
[2024-03-03T16:02:51.406+0530] {subprocess.py:93} INFO - Saving to: ‘www.ncei.noaa.gov/data/local-climatological-data/access/1903/02972099999.csv’
[2024-03-03T16:02:51.406+0530] {subprocess.py:93} INFO - 
[2024-03-03T16:02:52.390+0530] {subprocess.py:93} INFO -      0K .......... .......... .......... .......... .......... 10% 67.6K 7s
[2024-03-03T16:02:53.129+0530] {subprocess.py:93} INFO -     50K .......... .......... .......... .......... .......... 20% 50.9K 7s
[2024-03-03T16:02:53.624+0530] {subprocess.py:93} INFO -    100K .......... .......... .......... .......... .......... 30%  101K 5s
[2024-03-03T16:02:54.360+0530] {subprocess.py:93} INFO -    150K .......... .......... .......... .......... .......... 40% 67.9K 4s
[2024-03-03T16:02:54.653+0530] {subprocess.py:93} INFO -    200K .......... .......... .......... .......... .......... 50%  171K 3s
[2024-03-03T16:02:55.102+0530] {subprocess.py:93} INFO -    250K .......... .......... .......... .......... .......... 60%  111K 2s
[2024-03-03T16:02:55.392+0530] {subprocess.py:93} INFO -    300K .......... .......... .......... .......... .......... 70%  172K 2s
[2024-03-03T16:02:55.642+0530] {subprocess.py:93} INFO -    350K .......... .......... .......... .......... .......... 81%  200K 1s
[2024-03-03T16:02:55.888+0530] {subprocess.py:93} INFO -    400K .......... .......... .......... .......... .......... 91%  203K 0s
[2024-03-03T16:02:56.094+0530] {subprocess.py:93} INFO -    450K .......... .......... .......... .......... ...       100%  212K=4.7s
[2024-03-03T16:02:56.095+0530] {subprocess.py:93} INFO - 
[2024-03-03T16:02:56.095+0530] {subprocess.py:93} INFO - 2024-03-03 16:02:56 (105 KB/s) - ‘www.ncei.noaa.gov/data/local-climatological-data/access/1903/02972099999.csv’ saved [505361/505361]
[2024-03-03T16:02:56.096+0530] {subprocess.py:93} INFO - 
[2024-03-03T16:02:56.096+0530] {subprocess.py:93} INFO - --2024-03-03 16:02:56--  https://www.ncei.noaa.gov/data/local-climatological-data/access/1903/02981099999.csv
[2024-03-03T16:02:56.353+0530] {subprocess.py:93} INFO - Connecting to www.ncei.noaa.gov (www.ncei.noaa.gov)|205.167.25.178|:443... connected.
[2024-03-03T16:02:57.243+0530] {subprocess.py:93} INFO - HTTP request sent, awaiting response... 200 OK
[2024-03-03T16:02:57.243+0530] {subprocess.py:93} INFO - Length: 512935 (501K) [text/csv]
[2024-03-03T16:02:57.243+0530] {subprocess.py:93} INFO - Saving to: ‘www.ncei.noaa.gov/data/local-climatological-data/access/1903/02981099999.csv’
[2024-03-03T16:02:57.244+0530] {subprocess.py:93} INFO - 
[2024-03-03T16:02:58.323+0530] {subprocess.py:93} INFO -      0K .......... .......... .......... .......... ..........  9% 61.6K 7s
[2024-03-03T16:02:58.908+0530] {subprocess.py:93} INFO -     50K .......... .......... .......... .......... .......... 19% 58.6K 7s
[2024-03-03T16:02:59.716+0530] {subprocess.py:93} INFO -    100K .......... .......... .......... .......... .......... 29% 61.9K 6s
[2024-03-03T16:03:00.256+0530] {subprocess.py:93} INFO -    150K .......... .......... .......... .......... .......... 39% 92.7K 5s
[2024-03-03T16:03:00.796+0530] {subprocess.py:93} INFO -    200K .......... .......... .......... .......... .......... 49% 92.4K 4s
[2024-03-03T16:03:01.108+0530] {subprocess.py:93} INFO -    250K .......... .......... .......... .......... .......... 59%  181K 3s
[2024-03-03T16:03:01.564+0530] {subprocess.py:93} INFO -    300K .......... .......... .......... .......... .......... 69%  102K 2s
[2024-03-03T16:03:01.880+0530] {subprocess.py:93} INFO -    350K .......... .......... .......... .......... .......... 79%  185K 1s
[2024-03-03T16:03:02.105+0530] {subprocess.py:93} INFO -    400K .......... .......... .......... .......... .......... 89%  185K 1s
[2024-03-03T16:03:02.157+0530] {subprocess.py:93} INFO -    450K .......... .......... .......... .......... .......... 99%  960K 0s
[2024-03-03T16:03:02.158+0530] {subprocess.py:93} INFO -    500K                                                       100% 1.70T=4.9s
[2024-03-03T16:03:02.159+0530] {subprocess.py:93} INFO - 
[2024-03-03T16:03:02.159+0530] {subprocess.py:93} INFO - 2024-03-03 16:03:02 (102 KB/s) - ‘www.ncei.noaa.gov/data/local-climatological-data/access/1903/02981099999.csv’ saved [512935/512935]
[2024-03-03T16:03:02.160+0530] {subprocess.py:93} INFO - 
[2024-03-03T16:03:02.160+0530] {subprocess.py:93} INFO - --2024-03-03 16:03:02--  https://www.ncei.noaa.gov/data/local-climatological-data/access/1903/22707099999.csv
[2024-03-03T16:03:02.428+0530] {subprocess.py:93} INFO - Connecting to www.ncei.noaa.gov (www.ncei.noaa.gov)|205.167.25.178|:443... connected.
[2024-03-03T16:03:03.333+0530] {subprocess.py:93} INFO - HTTP request sent, awaiting response... 200 OK
[2024-03-03T16:03:03.334+0530] {subprocess.py:93} INFO - Length: 502955 (491K) [text/csv]
[2024-03-03T16:03:03.334+0530] {subprocess.py:93} INFO - Saving to: ‘www.ncei.noaa.gov/data/local-climatological-data/access/1903/22707099999.csv’
[2024-03-03T16:03:03.334+0530] {subprocess.py:93} INFO - 
[2024-03-03T16:03:04.143+0530] {subprocess.py:93} INFO -      0K .......... .......... .......... .......... .......... 10% 61.7K 7s
[2024-03-03T16:03:05.228+0530] {subprocess.py:93} INFO -     50K .......... .......... .......... .......... .......... 20% 58.1K 7s
[2024-03-03T16:03:05.811+0530] {subprocess.py:93} INFO -    100K .......... .......... .......... .......... .......... 30% 61.9K 6s
[2024-03-03T16:03:06.351+0530] {subprocess.py:93} INFO -    150K .......... .......... .......... .......... .......... 40% 92.6K 4s
[2024-03-03T16:03:06.885+0530] {subprocess.py:93} INFO -    200K .......... .......... .......... .......... .......... 50% 93.6K 3s
[2024-03-03T16:03:07.196+0530] {subprocess.py:93} INFO -    250K .......... .......... .......... .......... .......... 61%  161K 2s
[2024-03-03T16:03:07.652+0530] {subprocess.py:93} INFO -    300K .......... .......... .......... .......... .......... 71%  159K 2s
[2024-03-03T16:03:07.781+0530] {subprocess.py:93} INFO -    350K .......... .......... .......... .......... .......... 81%  185K 1s
[2024-03-03T16:03:08.006+0530] {subprocess.py:93} INFO -    400K .......... .......... .......... .......... .......... 91%  222K 0s
[2024-03-03T16:03:08.235+0530] {subprocess.py:93} INFO -    450K .......... .......... .......... .......... .         100%  180K=4.9s
[2024-03-03T16:03:08.235+0530] {subprocess.py:93} INFO - 
[2024-03-03T16:03:08.235+0530] {subprocess.py:93} INFO - 2024-03-03 16:03:08 (100 KB/s) - ‘www.ncei.noaa.gov/data/local-climatological-data/access/1903/22707099999.csv’ saved [502955/502955]
[2024-03-03T16:03:08.236+0530] {subprocess.py:93} INFO - 
[2024-03-03T16:03:08.236+0530] {subprocess.py:93} INFO - --2024-03-03 16:03:08--  https://www.ncei.noaa.gov/data/local-climatological-data/access/1903/?C=N;O=A
[2024-03-03T16:03:08.506+0530] {subprocess.py:93} INFO - Connecting to www.ncei.noaa.gov (www.ncei.noaa.gov)|205.167.25.178|:443... connected.
[2024-03-03T16:03:09.482+0530] {subprocess.py:93} INFO - HTTP request sent, awaiting response... 200 OK
[2024-03-03T16:03:09.482+0530] {subprocess.py:93} INFO - Length: unspecified [text/html]
[2024-03-03T16:03:09.483+0530] {subprocess.py:93} INFO - Saving to: ‘www.ncei.noaa.gov/data/local-climatological-data/access/1903/index.html?C=N;O=A.tmp’
[2024-03-03T16:03:09.483+0530] {subprocess.py:93} INFO - 
[2024-03-03T16:03:09.483+0530] {subprocess.py:93} INFO -      0K .                                                      62.1M=0s
[2024-03-03T16:03:09.484+0530] {subprocess.py:93} INFO - 
[2024-03-03T16:03:09.484+0530] {subprocess.py:93} INFO - 2024-03-03 16:03:09 (62.1 MB/s) - ‘www.ncei.noaa.gov/data/local-climatological-data/access/1903/index.html?C=N;O=A.tmp’ saved [1687]
[2024-03-03T16:03:09.484+0530] {subprocess.py:93} INFO - 
[2024-03-03T16:03:09.484+0530] {subprocess.py:93} INFO - Removing www.ncei.noaa.gov/data/local-climatological-data/access/1903/index.html?C=N;O=A.tmp since it should be rejected.
[2024-03-03T16:03:09.485+0530] {subprocess.py:93} INFO - 
[2024-03-03T16:03:09.485+0530] {subprocess.py:93} INFO - --2024-03-03 16:03:09--  https://www.ncei.noaa.gov/data/local-climatological-data/access/1903/?C=M;O=D
[2024-03-03T16:03:09.744+0530] {subprocess.py:93} INFO - Connecting to www.ncei.noaa.gov (www.ncei.noaa.gov)|205.167.25.178|:443... connected.
[2024-03-03T16:03:10.544+0530] {subprocess.py:93} INFO - HTTP request sent, awaiting response... 200 OK
[2024-03-03T16:03:10.544+0530] {subprocess.py:93} INFO - Length: unspecified [text/html]
[2024-03-03T16:03:10.545+0530] {subprocess.py:93} INFO - Saving to: ‘www.ncei.noaa.gov/data/local-climatological-data/access/1903/index.html?C=M;O=D.tmp’
[2024-03-03T16:03:10.545+0530] {subprocess.py:93} INFO - 
[2024-03-03T16:03:10.545+0530] {subprocess.py:93} INFO -      0K .                                                      68.8M=0s
[2024-03-03T16:03:10.546+0530] {subprocess.py:93} INFO - 
[2024-03-03T16:03:10.546+0530] {subprocess.py:93} INFO - 2024-03-03 16:03:10 (68.8 MB/s) - ‘www.ncei.noaa.gov/data/local-climatological-data/access/1903/index.html?C=M;O=D.tmp’ saved [1687]
[2024-03-03T16:03:10.546+0530] {subprocess.py:93} INFO - 
[2024-03-03T16:03:10.546+0530] {subprocess.py:93} INFO - Removing www.ncei.noaa.gov/data/local-climatological-data/access/1903/index.html?C=M;O=D.tmp since it should be rejected.
[2024-03-03T16:03:10.547+0530] {subprocess.py:93} INFO - 
[2024-03-03T16:03:10.547+0530] {subprocess.py:93} INFO - --2024-03-03 16:03:10--  https://www.ncei.noaa.gov/data/local-climatological-data/access/1903/?C=S;O=D
[2024-03-03T16:03:10.809+0530] {subprocess.py:93} INFO - Connecting to www.ncei.noaa.gov (www.ncei.noaa.gov)|205.167.25.178|:443... connected.
[2024-03-03T16:03:11.673+0530] {subprocess.py:93} INFO - HTTP request sent, awaiting response... 200 OK
[2024-03-03T16:03:11.674+0530] {subprocess.py:93} INFO - Length: unspecified [text/html]
[2024-03-03T16:03:11.675+0530] {subprocess.py:93} INFO - Saving to: ‘www.ncei.noaa.gov/data/local-climatological-data/access/1903/index.html?C=S;O=D.tmp’
[2024-03-03T16:03:11.675+0530] {subprocess.py:93} INFO - 
[2024-03-03T16:03:11.675+0530] {subprocess.py:93} INFO -      0K .                                                      63.6M=0s
[2024-03-03T16:03:11.676+0530] {subprocess.py:93} INFO - 
[2024-03-03T16:03:11.676+0530] {subprocess.py:93} INFO - 2024-03-03 16:03:11 (63.6 MB/s) - ‘www.ncei.noaa.gov/data/local-climatological-data/access/1903/index.html?C=S;O=D.tmp’ saved [1687]
[2024-03-03T16:03:11.676+0530] {subprocess.py:93} INFO - 
[2024-03-03T16:03:11.676+0530] {subprocess.py:93} INFO - Removing www.ncei.noaa.gov/data/local-climatological-data/access/1903/index.html?C=S;O=D.tmp since it should be rejected.
[2024-03-03T16:03:11.677+0530] {subprocess.py:93} INFO - 
[2024-03-03T16:03:11.677+0530] {subprocess.py:93} INFO - --2024-03-03 16:03:11--  https://www.ncei.noaa.gov/data/local-climatological-data/access/1903/?C=D;O=D
[2024-03-03T16:03:11.941+0530] {subprocess.py:93} INFO - Connecting to www.ncei.noaa.gov (www.ncei.noaa.gov)|205.167.25.178|:443... connected.
[2024-03-03T16:03:12.738+0530] {subprocess.py:93} INFO - HTTP request sent, awaiting response... 200 OK
[2024-03-03T16:03:12.738+0530] {subprocess.py:93} INFO - Length: unspecified [text/html]
[2024-03-03T16:03:12.738+0530] {subprocess.py:93} INFO - Saving to: ‘www.ncei.noaa.gov/data/local-climatological-data/access/1903/index.html?C=D;O=D.tmp’
[2024-03-03T16:03:12.738+0530] {subprocess.py:93} INFO - 
[2024-03-03T16:03:12.739+0530] {subprocess.py:93} INFO -      0K .                                                       170M=0s
[2024-03-03T16:03:12.739+0530] {subprocess.py:93} INFO - 
[2024-03-03T16:03:12.739+0530] {subprocess.py:93} INFO - 2024-03-03 16:03:12 (170 MB/s) - ‘www.ncei.noaa.gov/data/local-climatological-data/access/1903/index.html?C=D;O=D.tmp’ saved [1687]
[2024-03-03T16:03:12.739+0530] {subprocess.py:93} INFO - 
[2024-03-03T16:03:12.739+0530] {subprocess.py:93} INFO - Removing www.ncei.noaa.gov/data/local-climatological-data/access/1903/index.html?C=D;O=D.tmp since it should be rejected.
[2024-03-03T16:03:12.739+0530] {subprocess.py:93} INFO - 
[2024-03-03T16:03:12.739+0530] {subprocess.py:93} INFO - FINISHED --2024-03-03 16:03:12--
[2024-03-03T16:03:12.739+0530] {subprocess.py:93} INFO - Total wall clock time: 47s
[2024-03-03T16:03:12.739+0530] {subprocess.py:93} INFO - Downloaded: 16 files, 2.9M in 29s (104 KB/s)
[2024-03-03T16:03:12.739+0530] {subprocess.py:97} INFO - Command exited with return code 0
[2024-03-03T16:03:12.855+0530] {taskinstance.py:1149} INFO - Marking task as SUCCESS. dag_id=data_fetch_pipeline, task_id=fetch_location_data, execution_date=20240303T033853, start_date=20240303T103225, end_date=20240303T103312
[2024-03-03T16:03:12.970+0530] {local_task_job_runner.py:234} INFO - Task exited with return code 0
[2024-03-03T16:03:12.990+0530] {taskinstance.py:3309} INFO - 1 downstream tasks scheduled from follow-on schedule check
