[2024-02-23T15:03:20.507+0530] {processor.py:161} INFO - Started process (PID=11630) to work on /home/akranth/airflow_cs5830/lib/python3.11/site-packages/airflow/example_dags/example_skip_dag.py
[2024-02-23T15:03:20.508+0530] {processor.py:830} INFO - Processing file /home/akranth/airflow_cs5830/lib/python3.11/site-packages/airflow/example_dags/example_skip_dag.py for tasks to queue
[2024-02-23T15:03:20.510+0530] {logging_mixin.py:188} INFO - [2024-02-23T15:03:20.510+0530] {dagbag.py:538} INFO - Filling up the DagBag from /home/akranth/airflow_cs5830/lib/python3.11/site-packages/airflow/example_dags/example_skip_dag.py
[2024-02-23T15:03:20.530+0530] {processor.py:840} INFO - DAG(s) 'example_skip_dag' retrieved from /home/akranth/airflow_cs5830/lib/python3.11/site-packages/airflow/example_dags/example_skip_dag.py
[2024-02-23T15:03:20.828+0530] {logging_mixin.py:188} INFO - [2024-02-23T15:03:20.827+0530] {override.py:1769} INFO - Created Permission View: can edit on DAG:example_skip_dag
[2024-02-23T15:03:20.911+0530] {logging_mixin.py:188} INFO - [2024-02-23T15:03:20.910+0530] {override.py:1769} INFO - Created Permission View: can read on DAG:example_skip_dag
[2024-02-23T15:03:20.994+0530] {logging_mixin.py:188} INFO - [2024-02-23T15:03:20.993+0530] {override.py:1769} INFO - Created Permission View: can delete on DAG:example_skip_dag
[2024-02-23T15:03:20.995+0530] {logging_mixin.py:188} INFO - [2024-02-23T15:03:20.995+0530] {dag.py:3036} INFO - Sync 1 DAGs
[2024-02-23T15:03:21.015+0530] {logging_mixin.py:188} INFO - [2024-02-23T15:03:21.014+0530] {dag.py:3058} INFO - Creating ORM DAG for example_skip_dag
[2024-02-23T15:03:21.022+0530] {logging_mixin.py:188} INFO - [2024-02-23T15:03:21.022+0530] {dag.py:3823} INFO - Setting next_dagrun for example_skip_dag to 2024-02-22 00:00:00+00:00, run_after=2024-02-23 00:00:00+00:00
[2024-02-23T15:03:21.157+0530] {processor.py:183} INFO - Processing /home/akranth/airflow_cs5830/lib/python3.11/site-packages/airflow/example_dags/example_skip_dag.py took 0.656 seconds
[2024-02-23T15:04:49.318+0530] {processor.py:161} INFO - Started process (PID=11764) to work on /home/akranth/airflow_cs5830/lib/python3.11/site-packages/airflow/example_dags/example_skip_dag.py
[2024-02-23T15:04:49.319+0530] {processor.py:830} INFO - Processing file /home/akranth/airflow_cs5830/lib/python3.11/site-packages/airflow/example_dags/example_skip_dag.py for tasks to queue
[2024-02-23T15:04:49.320+0530] {logging_mixin.py:188} INFO - [2024-02-23T15:04:49.320+0530] {dagbag.py:538} INFO - Filling up the DagBag from /home/akranth/airflow_cs5830/lib/python3.11/site-packages/airflow/example_dags/example_skip_dag.py
[2024-02-23T15:04:49.327+0530] {processor.py:840} INFO - DAG(s) 'example_skip_dag' retrieved from /home/akranth/airflow_cs5830/lib/python3.11/site-packages/airflow/example_dags/example_skip_dag.py
[2024-02-23T15:04:49.346+0530] {logging_mixin.py:188} INFO - [2024-02-23T15:04:49.346+0530] {dag.py:3036} INFO - Sync 1 DAGs
[2024-02-23T15:04:49.365+0530] {logging_mixin.py:188} INFO - [2024-02-23T15:04:49.365+0530] {dag.py:3823} INFO - Setting next_dagrun for example_skip_dag to 2024-02-22 00:00:00+00:00, run_after=2024-02-23 00:00:00+00:00
[2024-02-23T15:04:49.598+0530] {processor.py:183} INFO - Processing /home/akranth/airflow_cs5830/lib/python3.11/site-packages/airflow/example_dags/example_skip_dag.py took 0.282 seconds
[2024-02-23T15:05:49.654+0530] {processor.py:161} INFO - Started process (PID=11863) to work on /home/akranth/airflow_cs5830/lib/python3.11/site-packages/airflow/example_dags/example_skip_dag.py
[2024-02-23T15:05:49.674+0530] {processor.py:830} INFO - Processing file /home/akranth/airflow_cs5830/lib/python3.11/site-packages/airflow/example_dags/example_skip_dag.py for tasks to queue
[2024-02-23T15:05:49.676+0530] {logging_mixin.py:188} INFO - [2024-02-23T15:05:49.675+0530] {dagbag.py:538} INFO - Filling up the DagBag from /home/akranth/airflow_cs5830/lib/python3.11/site-packages/airflow/example_dags/example_skip_dag.py
[2024-02-23T15:05:49.691+0530] {processor.py:840} INFO - DAG(s) 'example_skip_dag' retrieved from /home/akranth/airflow_cs5830/lib/python3.11/site-packages/airflow/example_dags/example_skip_dag.py
[2024-02-23T15:05:49.714+0530] {logging_mixin.py:188} INFO - [2024-02-23T15:05:49.714+0530] {dag.py:3036} INFO - Sync 1 DAGs
[2024-02-23T15:05:49.730+0530] {logging_mixin.py:188} INFO - [2024-02-23T15:05:49.730+0530] {dag.py:3823} INFO - Setting next_dagrun for example_skip_dag to 2024-02-22 00:00:00+00:00, run_after=2024-02-23 00:00:00+00:00
[2024-02-23T15:05:49.851+0530] {processor.py:183} INFO - Processing /home/akranth/airflow_cs5830/lib/python3.11/site-packages/airflow/example_dags/example_skip_dag.py took 0.202 seconds
