[2024-02-23T15:04:27.327+0530] {processor.py:161} INFO - Started process (PID=11748) to work on /home/akranth/airflow_cs5830/lib/python3.11/site-packages/airflow/example_dags/example_branch_datetime_operator.py
[2024-02-23T15:04:27.329+0530] {processor.py:830} INFO - Processing file /home/akranth/airflow_cs5830/lib/python3.11/site-packages/airflow/example_dags/example_branch_datetime_operator.py for tasks to queue
[2024-02-23T15:04:27.331+0530] {logging_mixin.py:188} INFO - [2024-02-23T15:04:27.330+0530] {dagbag.py:538} INFO - Filling up the DagBag from /home/akranth/airflow_cs5830/lib/python3.11/site-packages/airflow/example_dags/example_branch_datetime_operator.py
[2024-02-23T15:04:27.351+0530] {processor.py:840} INFO - DAG(s) 'example_branch_datetime_operator', 'example_branch_datetime_operator_3', 'example_branch_datetime_operator_2' retrieved from /home/akranth/airflow_cs5830/lib/python3.11/site-packages/airflow/example_dags/example_branch_datetime_operator.py
[2024-02-23T15:04:27.697+0530] {logging_mixin.py:188} INFO - [2024-02-23T15:04:27.697+0530] {override.py:1769} INFO - Created Permission View: can edit on DAG:example_branch_datetime_operator
[2024-02-23T15:04:27.780+0530] {logging_mixin.py:188} INFO - [2024-02-23T15:04:27.780+0530] {override.py:1769} INFO - Created Permission View: can read on DAG:example_branch_datetime_operator
[2024-02-23T15:04:27.863+0530] {logging_mixin.py:188} INFO - [2024-02-23T15:04:27.863+0530] {override.py:1769} INFO - Created Permission View: can delete on DAG:example_branch_datetime_operator
[2024-02-23T15:04:28.048+0530] {logging_mixin.py:188} INFO - [2024-02-23T15:04:28.048+0530] {override.py:1769} INFO - Created Permission View: can edit on DAG:example_branch_datetime_operator_3
[2024-02-23T15:04:28.132+0530] {logging_mixin.py:188} INFO - [2024-02-23T15:04:28.131+0530] {override.py:1769} INFO - Created Permission View: can read on DAG:example_branch_datetime_operator_3
[2024-02-23T15:04:28.224+0530] {logging_mixin.py:188} INFO - [2024-02-23T15:04:28.223+0530] {override.py:1769} INFO - Created Permission View: can delete on DAG:example_branch_datetime_operator_3
[2024-02-23T15:04:28.424+0530] {logging_mixin.py:188} INFO - [2024-02-23T15:04:28.424+0530] {override.py:1769} INFO - Created Permission View: can edit on DAG:example_branch_datetime_operator_2
[2024-02-23T15:04:28.509+0530] {logging_mixin.py:188} INFO - [2024-02-23T15:04:28.508+0530] {override.py:1769} INFO - Created Permission View: can read on DAG:example_branch_datetime_operator_2
[2024-02-23T15:04:28.600+0530] {logging_mixin.py:188} INFO - [2024-02-23T15:04:28.599+0530] {override.py:1769} INFO - Created Permission View: can delete on DAG:example_branch_datetime_operator_2
[2024-02-23T15:04:28.601+0530] {logging_mixin.py:188} INFO - [2024-02-23T15:04:28.600+0530] {dag.py:3036} INFO - Sync 3 DAGs
[2024-02-23T15:04:28.611+0530] {logging_mixin.py:188} INFO - [2024-02-23T15:04:28.611+0530] {dag.py:3058} INFO - Creating ORM DAG for example_branch_datetime_operator_3
[2024-02-23T15:04:28.612+0530] {logging_mixin.py:188} INFO - [2024-02-23T15:04:28.612+0530] {dag.py:3058} INFO - Creating ORM DAG for example_branch_datetime_operator
[2024-02-23T15:04:28.612+0530] {logging_mixin.py:188} INFO - [2024-02-23T15:04:28.612+0530] {dag.py:3058} INFO - Creating ORM DAG for example_branch_datetime_operator_2
[2024-02-23T15:04:28.620+0530] {logging_mixin.py:188} INFO - [2024-02-23T15:04:28.620+0530] {dag.py:3823} INFO - Setting next_dagrun for example_branch_datetime_operator to 2024-02-22 00:00:00+00:00, run_after=2024-02-23 00:00:00+00:00
[2024-02-23T15:04:28.622+0530] {logging_mixin.py:188} INFO - [2024-02-23T15:04:28.622+0530] {dag.py:3823} INFO - Setting next_dagrun for example_branch_datetime_operator_2 to 2024-02-22 00:00:00+00:00, run_after=2024-02-23 00:00:00+00:00
[2024-02-23T15:04:28.623+0530] {logging_mixin.py:188} INFO - [2024-02-23T15:04:28.623+0530] {dag.py:3823} INFO - Setting next_dagrun for example_branch_datetime_operator_3 to 2024-02-22 00:00:00+00:00, run_after=2024-02-23 00:00:00+00:00
[2024-02-23T15:04:28.804+0530] {processor.py:183} INFO - Processing /home/akranth/airflow_cs5830/lib/python3.11/site-packages/airflow/example_dags/example_branch_datetime_operator.py took 1.484 seconds
[2024-02-23T15:05:33.372+0530] {processor.py:161} INFO - Started process (PID=11807) to work on /home/akranth/airflow_cs5830/lib/python3.11/site-packages/airflow/example_dags/example_branch_datetime_operator.py
[2024-02-23T15:05:33.373+0530] {processor.py:830} INFO - Processing file /home/akranth/airflow_cs5830/lib/python3.11/site-packages/airflow/example_dags/example_branch_datetime_operator.py for tasks to queue
[2024-02-23T15:05:33.374+0530] {logging_mixin.py:188} INFO - [2024-02-23T15:05:33.373+0530] {dagbag.py:538} INFO - Filling up the DagBag from /home/akranth/airflow_cs5830/lib/python3.11/site-packages/airflow/example_dags/example_branch_datetime_operator.py
[2024-02-23T15:05:33.381+0530] {processor.py:840} INFO - DAG(s) 'example_branch_datetime_operator', 'example_branch_datetime_operator_3', 'example_branch_datetime_operator_2' retrieved from /home/akranth/airflow_cs5830/lib/python3.11/site-packages/airflow/example_dags/example_branch_datetime_operator.py
[2024-02-23T15:05:33.395+0530] {logging_mixin.py:188} INFO - [2024-02-23T15:05:33.395+0530] {dag.py:3036} INFO - Sync 3 DAGs
[2024-02-23T15:05:33.409+0530] {logging_mixin.py:188} INFO - [2024-02-23T15:05:33.409+0530] {dag.py:3823} INFO - Setting next_dagrun for example_branch_datetime_operator to 2024-02-22 00:00:00+00:00, run_after=2024-02-23 00:00:00+00:00
[2024-02-23T15:05:33.412+0530] {logging_mixin.py:188} INFO - [2024-02-23T15:05:33.412+0530] {dag.py:3823} INFO - Setting next_dagrun for example_branch_datetime_operator_2 to 2024-02-22 00:00:00+00:00, run_after=2024-02-23 00:00:00+00:00
[2024-02-23T15:05:33.414+0530] {logging_mixin.py:188} INFO - [2024-02-23T15:05:33.414+0530] {dag.py:3823} INFO - Setting next_dagrun for example_branch_datetime_operator_3 to 2024-02-22 00:00:00+00:00, run_after=2024-02-23 00:00:00+00:00
[2024-02-23T15:05:33.654+0530] {processor.py:183} INFO - Processing /home/akranth/airflow_cs5830/lib/python3.11/site-packages/airflow/example_dags/example_branch_datetime_operator.py took 0.283 seconds
