[2024-02-23T15:03:41.257+0530] {processor.py:161} INFO - Started process (PID=11679) to work on /home/akranth/airflow_cs5830/lib/python3.11/site-packages/airflow/example_dags/example_local_kubernetes_executor.py
[2024-02-23T15:03:41.258+0530] {processor.py:830} INFO - Processing file /home/akranth/airflow_cs5830/lib/python3.11/site-packages/airflow/example_dags/example_local_kubernetes_executor.py for tasks to queue
[2024-02-23T15:03:41.259+0530] {logging_mixin.py:188} INFO - [2024-02-23T15:03:41.258+0530] {dagbag.py:538} INFO - Filling up the DagBag from /home/akranth/airflow_cs5830/lib/python3.11/site-packages/airflow/example_dags/example_local_kubernetes_executor.py
[2024-02-23T15:03:41.267+0530] {logging_mixin.py:188} INFO - [2024-02-23T15:03:41.267+0530] {example_local_kubernetes_executor.py:39} WARNING - Could not import DAGs in example_local_kubernetes_executor.py
Traceback (most recent call last):
  File "/home/akranth/airflow_cs5830/lib/python3.11/site-packages/airflow/example_dags/example_local_kubernetes_executor.py", line 37, in <module>
    from kubernetes.client import models as k8s
ModuleNotFoundError: No module named 'kubernetes'
[2024-02-23T15:03:41.268+0530] {logging_mixin.py:188} INFO - [2024-02-23T15:03:41.267+0530] {example_local_kubernetes_executor.py:40} WARNING - Install Kubernetes dependencies with: pip install apache-airflow[cncf.kubernetes]
[2024-02-23T15:03:41.268+0530] {processor.py:842} WARNING - No viable dags retrieved from /home/akranth/airflow_cs5830/lib/python3.11/site-packages/airflow/example_dags/example_local_kubernetes_executor.py
[2024-02-23T15:03:41.279+0530] {processor.py:183} INFO - Processing /home/akranth/airflow_cs5830/lib/python3.11/site-packages/airflow/example_dags/example_local_kubernetes_executor.py took 0.024 seconds
[2024-02-23T15:05:02.356+0530] {processor.py:161} INFO - Started process (PID=11775) to work on /home/akranth/airflow_cs5830/lib/python3.11/site-packages/airflow/example_dags/example_local_kubernetes_executor.py
[2024-02-23T15:05:02.357+0530] {processor.py:830} INFO - Processing file /home/akranth/airflow_cs5830/lib/python3.11/site-packages/airflow/example_dags/example_local_kubernetes_executor.py for tasks to queue
[2024-02-23T15:05:02.358+0530] {logging_mixin.py:188} INFO - [2024-02-23T15:05:02.357+0530] {dagbag.py:538} INFO - Filling up the DagBag from /home/akranth/airflow_cs5830/lib/python3.11/site-packages/airflow/example_dags/example_local_kubernetes_executor.py
[2024-02-23T15:05:02.361+0530] {logging_mixin.py:188} INFO - [2024-02-23T15:05:02.360+0530] {example_local_kubernetes_executor.py:39} WARNING - Could not import DAGs in example_local_kubernetes_executor.py
Traceback (most recent call last):
  File "/home/akranth/airflow_cs5830/lib/python3.11/site-packages/airflow/example_dags/example_local_kubernetes_executor.py", line 37, in <module>
    from kubernetes.client import models as k8s
ModuleNotFoundError: No module named 'kubernetes'
[2024-02-23T15:05:02.361+0530] {logging_mixin.py:188} INFO - [2024-02-23T15:05:02.361+0530] {example_local_kubernetes_executor.py:40} WARNING - Install Kubernetes dependencies with: pip install apache-airflow[cncf.kubernetes]
[2024-02-23T15:05:02.362+0530] {processor.py:842} WARNING - No viable dags retrieved from /home/akranth/airflow_cs5830/lib/python3.11/site-packages/airflow/example_dags/example_local_kubernetes_executor.py
[2024-02-23T15:05:02.372+0530] {processor.py:183} INFO - Processing /home/akranth/airflow_cs5830/lib/python3.11/site-packages/airflow/example_dags/example_local_kubernetes_executor.py took 0.019 seconds
[2024-02-23T15:06:02.900+0530] {processor.py:161} INFO - Started process (PID=11909) to work on /home/akranth/airflow_cs5830/lib/python3.11/site-packages/airflow/example_dags/example_local_kubernetes_executor.py
[2024-02-23T15:06:02.902+0530] {processor.py:830} INFO - Processing file /home/akranth/airflow_cs5830/lib/python3.11/site-packages/airflow/example_dags/example_local_kubernetes_executor.py for tasks to queue
[2024-02-23T15:06:02.903+0530] {logging_mixin.py:188} INFO - [2024-02-23T15:06:02.903+0530] {dagbag.py:538} INFO - Filling up the DagBag from /home/akranth/airflow_cs5830/lib/python3.11/site-packages/airflow/example_dags/example_local_kubernetes_executor.py
[2024-02-23T15:06:02.910+0530] {logging_mixin.py:188} INFO - [2024-02-23T15:06:02.908+0530] {example_local_kubernetes_executor.py:39} WARNING - Could not import DAGs in example_local_kubernetes_executor.py
Traceback (most recent call last):
  File "/home/akranth/airflow_cs5830/lib/python3.11/site-packages/airflow/example_dags/example_local_kubernetes_executor.py", line 37, in <module>
    from kubernetes.client import models as k8s
ModuleNotFoundError: No module named 'kubernetes'
[2024-02-23T15:06:02.911+0530] {logging_mixin.py:188} INFO - [2024-02-23T15:06:02.910+0530] {example_local_kubernetes_executor.py:40} WARNING - Install Kubernetes dependencies with: pip install apache-airflow[cncf.kubernetes]
[2024-02-23T15:06:02.911+0530] {processor.py:842} WARNING - No viable dags retrieved from /home/akranth/airflow_cs5830/lib/python3.11/site-packages/airflow/example_dags/example_local_kubernetes_executor.py
[2024-02-23T15:06:02.924+0530] {processor.py:183} INFO - Processing /home/akranth/airflow_cs5830/lib/python3.11/site-packages/airflow/example_dags/example_local_kubernetes_executor.py took 0.028 seconds
