[2024-02-23T15:04:32.118+0530] {processor.py:161} INFO - Started process (PID=11751) to work on /home/akranth/airflow_cs5830/lib/python3.11/site-packages/airflow/example_dags/example_external_task_marker_dag.py
[2024-02-23T15:04:32.118+0530] {processor.py:830} INFO - Processing file /home/akranth/airflow_cs5830/lib/python3.11/site-packages/airflow/example_dags/example_external_task_marker_dag.py for tasks to queue
[2024-02-23T15:04:32.119+0530] {logging_mixin.py:188} INFO - [2024-02-23T15:04:32.119+0530] {dagbag.py:538} INFO - Filling up the DagBag from /home/akranth/airflow_cs5830/lib/python3.11/site-packages/airflow/example_dags/example_external_task_marker_dag.py
[2024-02-23T15:04:32.124+0530] {processor.py:840} INFO - DAG(s) 'example_external_task_marker_parent', 'example_external_task_marker_child' retrieved from /home/akranth/airflow_cs5830/lib/python3.11/site-packages/airflow/example_dags/example_external_task_marker_dag.py
[2024-02-23T15:04:32.437+0530] {logging_mixin.py:188} INFO - [2024-02-23T15:04:32.436+0530] {override.py:1769} INFO - Created Permission View: can edit on DAG:example_external_task_marker_parent
[2024-02-23T15:04:32.535+0530] {logging_mixin.py:188} INFO - [2024-02-23T15:04:32.535+0530] {override.py:1769} INFO - Created Permission View: can read on DAG:example_external_task_marker_parent
[2024-02-23T15:04:32.619+0530] {logging_mixin.py:188} INFO - [2024-02-23T15:04:32.618+0530] {override.py:1769} INFO - Created Permission View: can delete on DAG:example_external_task_marker_parent
[2024-02-23T15:04:32.805+0530] {logging_mixin.py:188} INFO - [2024-02-23T15:04:32.804+0530] {override.py:1769} INFO - Created Permission View: can edit on DAG:example_external_task_marker_child
[2024-02-23T15:04:32.978+0530] {logging_mixin.py:188} INFO - [2024-02-23T15:04:32.977+0530] {override.py:1769} INFO - Created Permission View: can read on DAG:example_external_task_marker_child
[2024-02-23T15:04:33.069+0530] {logging_mixin.py:188} INFO - [2024-02-23T15:04:33.069+0530] {override.py:1769} INFO - Created Permission View: can delete on DAG:example_external_task_marker_child
[2024-02-23T15:04:33.070+0530] {logging_mixin.py:188} INFO - [2024-02-23T15:04:33.070+0530] {dag.py:3036} INFO - Sync 2 DAGs
[2024-02-23T15:04:33.095+0530] {logging_mixin.py:188} INFO - [2024-02-23T15:04:33.094+0530] {dag.py:3058} INFO - Creating ORM DAG for example_external_task_marker_parent
[2024-02-23T15:04:33.096+0530] {logging_mixin.py:188} INFO - [2024-02-23T15:04:33.096+0530] {dag.py:3058} INFO - Creating ORM DAG for example_external_task_marker_child
[2024-02-23T15:04:33.098+0530] {logging_mixin.py:188} INFO - [2024-02-23T15:04:33.097+0530] {dag.py:3823} INFO - Setting next_dagrun for example_external_task_marker_child to None, run_after=None
[2024-02-23T15:04:33.099+0530] {logging_mixin.py:188} INFO - [2024-02-23T15:04:33.099+0530] {dag.py:3823} INFO - Setting next_dagrun for example_external_task_marker_parent to None, run_after=None
[2024-02-23T15:04:33.304+0530] {processor.py:183} INFO - Processing /home/akranth/airflow_cs5830/lib/python3.11/site-packages/airflow/example_dags/example_external_task_marker_dag.py took 1.189 seconds
[2024-02-23T15:05:40.066+0530] {processor.py:161} INFO - Started process (PID=11815) to work on /home/akranth/airflow_cs5830/lib/python3.11/site-packages/airflow/example_dags/example_external_task_marker_dag.py
[2024-02-23T15:05:40.067+0530] {processor.py:830} INFO - Processing file /home/akranth/airflow_cs5830/lib/python3.11/site-packages/airflow/example_dags/example_external_task_marker_dag.py for tasks to queue
[2024-02-23T15:05:40.069+0530] {logging_mixin.py:188} INFO - [2024-02-23T15:05:40.068+0530] {dagbag.py:538} INFO - Filling up the DagBag from /home/akranth/airflow_cs5830/lib/python3.11/site-packages/airflow/example_dags/example_external_task_marker_dag.py
[2024-02-23T15:05:40.078+0530] {processor.py:840} INFO - DAG(s) 'example_external_task_marker_parent', 'example_external_task_marker_child' retrieved from /home/akranth/airflow_cs5830/lib/python3.11/site-packages/airflow/example_dags/example_external_task_marker_dag.py
[2024-02-23T15:05:40.100+0530] {logging_mixin.py:188} INFO - [2024-02-23T15:05:40.100+0530] {dag.py:3036} INFO - Sync 2 DAGs
[2024-02-23T15:05:40.109+0530] {logging_mixin.py:188} INFO - [2024-02-23T15:05:40.109+0530] {dag.py:3823} INFO - Setting next_dagrun for example_external_task_marker_child to None, run_after=None
[2024-02-23T15:05:40.112+0530] {logging_mixin.py:188} INFO - [2024-02-23T15:05:40.111+0530] {dag.py:3823} INFO - Setting next_dagrun for example_external_task_marker_parent to None, run_after=None
[2024-02-23T15:05:40.200+0530] {processor.py:183} INFO - Processing /home/akranth/airflow_cs5830/lib/python3.11/site-packages/airflow/example_dags/example_external_task_marker_dag.py took 0.139 seconds
