[2024-02-23T15:03:22.376+0530] {processor.py:161} INFO - Started process (PID=11631) to work on /home/akranth/airflow_cs5830/lib/python3.11/site-packages/airflow/example_dags/example_sla_dag.py
[2024-02-23T15:03:22.379+0530] {processor.py:830} INFO - Processing file /home/akranth/airflow_cs5830/lib/python3.11/site-packages/airflow/example_dags/example_sla_dag.py for tasks to queue
[2024-02-23T15:03:22.381+0530] {logging_mixin.py:188} INFO - [2024-02-23T15:03:22.380+0530] {dagbag.py:538} INFO - Filling up the DagBag from /home/akranth/airflow_cs5830/lib/python3.11/site-packages/airflow/example_dags/example_sla_dag.py
[2024-02-23T15:03:22.401+0530] {processor.py:840} INFO - DAG(s) 'example_sla_dag' retrieved from /home/akranth/airflow_cs5830/lib/python3.11/site-packages/airflow/example_dags/example_sla_dag.py
[2024-02-23T15:03:22.661+0530] {logging_mixin.py:188} INFO - [2024-02-23T15:03:22.660+0530] {override.py:1769} INFO - Created Permission View: can edit on DAG:example_sla_dag
[2024-02-23T15:03:22.745+0530] {logging_mixin.py:188} INFO - [2024-02-23T15:03:22.744+0530] {override.py:1769} INFO - Created Permission View: can read on DAG:example_sla_dag
[2024-02-23T15:03:22.836+0530] {logging_mixin.py:188} INFO - [2024-02-23T15:03:22.835+0530] {override.py:1769} INFO - Created Permission View: can delete on DAG:example_sla_dag
[2024-02-23T15:03:22.837+0530] {logging_mixin.py:188} INFO - [2024-02-23T15:03:22.836+0530] {dag.py:3036} INFO - Sync 1 DAGs
[2024-02-23T15:03:22.866+0530] {logging_mixin.py:188} INFO - [2024-02-23T15:03:22.866+0530] {dag.py:3058} INFO - Creating ORM DAG for example_sla_dag
[2024-02-23T15:03:22.882+0530] {logging_mixin.py:188} INFO - [2024-02-23T15:03:22.882+0530] {dag.py:3823} INFO - Setting next_dagrun for example_sla_dag to 2024-02-23 09:30:00+00:00, run_after=2024-02-23 09:32:00+00:00
[2024-02-23T15:03:23.000+0530] {processor.py:183} INFO - Processing /home/akranth/airflow_cs5830/lib/python3.11/site-packages/airflow/example_dags/example_sla_dag.py took 0.630 seconds
[2024-02-23T15:04:50.627+0530] {processor.py:161} INFO - Started process (PID=11765) to work on /home/akranth/airflow_cs5830/lib/python3.11/site-packages/airflow/example_dags/example_sla_dag.py
[2024-02-23T15:04:50.628+0530] {processor.py:830} INFO - Processing file /home/akranth/airflow_cs5830/lib/python3.11/site-packages/airflow/example_dags/example_sla_dag.py for tasks to queue
[2024-02-23T15:04:50.629+0530] {logging_mixin.py:188} INFO - [2024-02-23T15:04:50.628+0530] {dagbag.py:538} INFO - Filling up the DagBag from /home/akranth/airflow_cs5830/lib/python3.11/site-packages/airflow/example_dags/example_sla_dag.py
[2024-02-23T15:04:50.636+0530] {processor.py:840} INFO - DAG(s) 'example_sla_dag' retrieved from /home/akranth/airflow_cs5830/lib/python3.11/site-packages/airflow/example_dags/example_sla_dag.py
[2024-02-23T15:04:50.647+0530] {logging_mixin.py:188} INFO - [2024-02-23T15:04:50.647+0530] {dag.py:3036} INFO - Sync 1 DAGs
[2024-02-23T15:04:50.667+0530] {logging_mixin.py:188} INFO - [2024-02-23T15:04:50.666+0530] {dag.py:3823} INFO - Setting next_dagrun for example_sla_dag to 2024-02-23 09:32:00+00:00, run_after=2024-02-23 09:34:00+00:00
[2024-02-23T15:04:50.899+0530] {processor.py:183} INFO - Processing /home/akranth/airflow_cs5830/lib/python3.11/site-packages/airflow/example_dags/example_sla_dag.py took 0.274 seconds
[2024-02-23T15:05:50.927+0530] {processor.py:161} INFO - Started process (PID=11880) to work on /home/akranth/airflow_cs5830/lib/python3.11/site-packages/airflow/example_dags/example_sla_dag.py
[2024-02-23T15:05:50.930+0530] {processor.py:830} INFO - Processing file /home/akranth/airflow_cs5830/lib/python3.11/site-packages/airflow/example_dags/example_sla_dag.py for tasks to queue
[2024-02-23T15:05:50.931+0530] {logging_mixin.py:188} INFO - [2024-02-23T15:05:50.931+0530] {dagbag.py:538} INFO - Filling up the DagBag from /home/akranth/airflow_cs5830/lib/python3.11/site-packages/airflow/example_dags/example_sla_dag.py
[2024-02-23T15:05:50.939+0530] {processor.py:840} INFO - DAG(s) 'example_sla_dag' retrieved from /home/akranth/airflow_cs5830/lib/python3.11/site-packages/airflow/example_dags/example_sla_dag.py
[2024-02-23T15:05:50.953+0530] {logging_mixin.py:188} INFO - [2024-02-23T15:05:50.953+0530] {dag.py:3036} INFO - Sync 1 DAGs
[2024-02-23T15:05:50.985+0530] {logging_mixin.py:188} INFO - [2024-02-23T15:05:50.984+0530] {dag.py:3823} INFO - Setting next_dagrun for example_sla_dag to 2024-02-23 09:32:00+00:00, run_after=2024-02-23 09:34:00+00:00
[2024-02-23T15:05:51.207+0530] {processor.py:183} INFO - Processing /home/akranth/airflow_cs5830/lib/python3.11/site-packages/airflow/example_dags/example_sla_dag.py took 0.282 seconds
