[2024-02-23T15:04:00.087+0530] {processor.py:161} INFO - Started process (PID=11735) to work on /home/akranth/airflow_cs5830/lib/python3.11/site-packages/airflow/example_dags/example_trigger_target_dag.py
[2024-02-23T15:04:00.088+0530] {processor.py:830} INFO - Processing file /home/akranth/airflow_cs5830/lib/python3.11/site-packages/airflow/example_dags/example_trigger_target_dag.py for tasks to queue
[2024-02-23T15:04:00.090+0530] {logging_mixin.py:188} INFO - [2024-02-23T15:04:00.089+0530] {dagbag.py:538} INFO - Filling up the DagBag from /home/akranth/airflow_cs5830/lib/python3.11/site-packages/airflow/example_dags/example_trigger_target_dag.py
[2024-02-23T15:04:00.104+0530] {processor.py:840} INFO - DAG(s) 'example_trigger_target_dag' retrieved from /home/akranth/airflow_cs5830/lib/python3.11/site-packages/airflow/example_dags/example_trigger_target_dag.py
[2024-02-23T15:04:00.399+0530] {logging_mixin.py:188} INFO - [2024-02-23T15:04:00.398+0530] {override.py:1769} INFO - Created Permission View: can edit on DAG:example_trigger_target_dag
[2024-02-23T15:04:00.491+0530] {logging_mixin.py:188} INFO - [2024-02-23T15:04:00.490+0530] {override.py:1769} INFO - Created Permission View: can read on DAG:example_trigger_target_dag
[2024-02-23T15:04:00.582+0530] {logging_mixin.py:188} INFO - [2024-02-23T15:04:00.581+0530] {override.py:1769} INFO - Created Permission View: can delete on DAG:example_trigger_target_dag
[2024-02-23T15:04:00.583+0530] {logging_mixin.py:188} INFO - [2024-02-23T15:04:00.582+0530] {dag.py:3036} INFO - Sync 1 DAGs
[2024-02-23T15:04:00.608+0530] {logging_mixin.py:188} INFO - [2024-02-23T15:04:00.608+0530] {dag.py:3058} INFO - Creating ORM DAG for example_trigger_target_dag
[2024-02-23T15:04:00.610+0530] {logging_mixin.py:188} INFO - [2024-02-23T15:04:00.609+0530] {dag.py:3823} INFO - Setting next_dagrun for example_trigger_target_dag to None, run_after=None
[2024-02-23T15:04:00.832+0530] {processor.py:183} INFO - Processing /home/akranth/airflow_cs5830/lib/python3.11/site-packages/airflow/example_dags/example_trigger_target_dag.py took 0.751 seconds
[2024-02-23T15:05:11.733+0530] {processor.py:161} INFO - Started process (PID=11784) to work on /home/akranth/airflow_cs5830/lib/python3.11/site-packages/airflow/example_dags/example_trigger_target_dag.py
[2024-02-23T15:05:11.734+0530] {processor.py:830} INFO - Processing file /home/akranth/airflow_cs5830/lib/python3.11/site-packages/airflow/example_dags/example_trigger_target_dag.py for tasks to queue
[2024-02-23T15:05:11.735+0530] {logging_mixin.py:188} INFO - [2024-02-23T15:05:11.734+0530] {dagbag.py:538} INFO - Filling up the DagBag from /home/akranth/airflow_cs5830/lib/python3.11/site-packages/airflow/example_dags/example_trigger_target_dag.py
[2024-02-23T15:05:11.739+0530] {processor.py:840} INFO - DAG(s) 'example_trigger_target_dag' retrieved from /home/akranth/airflow_cs5830/lib/python3.11/site-packages/airflow/example_dags/example_trigger_target_dag.py
[2024-02-23T15:05:11.753+0530] {logging_mixin.py:188} INFO - [2024-02-23T15:05:11.752+0530] {dag.py:3036} INFO - Sync 1 DAGs
[2024-02-23T15:05:11.762+0530] {logging_mixin.py:188} INFO - [2024-02-23T15:05:11.762+0530] {dag.py:3823} INFO - Setting next_dagrun for example_trigger_target_dag to None, run_after=None
[2024-02-23T15:05:11.922+0530] {processor.py:183} INFO - Processing /home/akranth/airflow_cs5830/lib/python3.11/site-packages/airflow/example_dags/example_trigger_target_dag.py took 0.191 seconds
[2024-02-23T15:06:14.342+0530] {processor.py:161} INFO - Started process (PID=11919) to work on /home/akranth/airflow_cs5830/lib/python3.11/site-packages/airflow/example_dags/example_trigger_target_dag.py
[2024-02-23T15:06:14.343+0530] {processor.py:830} INFO - Processing file /home/akranth/airflow_cs5830/lib/python3.11/site-packages/airflow/example_dags/example_trigger_target_dag.py for tasks to queue
[2024-02-23T15:06:14.343+0530] {logging_mixin.py:188} INFO - [2024-02-23T15:06:14.343+0530] {dagbag.py:538} INFO - Filling up the DagBag from /home/akranth/airflow_cs5830/lib/python3.11/site-packages/airflow/example_dags/example_trigger_target_dag.py
[2024-02-23T15:06:14.348+0530] {processor.py:840} INFO - DAG(s) 'example_trigger_target_dag' retrieved from /home/akranth/airflow_cs5830/lib/python3.11/site-packages/airflow/example_dags/example_trigger_target_dag.py
[2024-02-23T15:06:14.358+0530] {logging_mixin.py:188} INFO - [2024-02-23T15:06:14.358+0530] {dag.py:3036} INFO - Sync 1 DAGs
[2024-02-23T15:06:14.365+0530] {logging_mixin.py:188} INFO - [2024-02-23T15:06:14.365+0530] {dag.py:3823} INFO - Setting next_dagrun for example_trigger_target_dag to None, run_after=None
[2024-02-23T15:06:14.475+0530] {processor.py:183} INFO - Processing /home/akranth/airflow_cs5830/lib/python3.11/site-packages/airflow/example_dags/example_trigger_target_dag.py took 0.134 seconds
