[2024-02-23T15:03:09.210+0530] {processor.py:161} INFO - Started process (PID=11583) to work on /home/akranth/airflow_cs5830/lib/python3.11/site-packages/airflow/example_dags/example_task_group_decorator.py
[2024-02-23T15:03:09.212+0530] {processor.py:830} INFO - Processing file /home/akranth/airflow_cs5830/lib/python3.11/site-packages/airflow/example_dags/example_task_group_decorator.py for tasks to queue
[2024-02-23T15:03:09.215+0530] {logging_mixin.py:188} INFO - [2024-02-23T15:03:09.214+0530] {dagbag.py:538} INFO - Filling up the DagBag from /home/akranth/airflow_cs5830/lib/python3.11/site-packages/airflow/example_dags/example_task_group_decorator.py
[2024-02-23T15:03:09.297+0530] {processor.py:840} INFO - DAG(s) 'example_task_group_decorator' retrieved from /home/akranth/airflow_cs5830/lib/python3.11/site-packages/airflow/example_dags/example_task_group_decorator.py
[2024-02-23T15:03:14.091+0530] {logging_mixin.py:188} INFO - [2024-02-23T15:03:14.090+0530] {override.py:1769} INFO - Created Permission View: can edit on DAG:example_task_group_decorator
[2024-02-23T15:03:14.547+0530] {logging_mixin.py:188} INFO - [2024-02-23T15:03:14.546+0530] {override.py:1769} INFO - Created Permission View: can read on DAG:example_task_group_decorator
[2024-02-23T15:03:14.826+0530] {logging_mixin.py:188} INFO - [2024-02-23T15:03:14.826+0530] {override.py:1769} INFO - Created Permission View: can delete on DAG:example_task_group_decorator
[2024-02-23T15:03:14.827+0530] {logging_mixin.py:188} INFO - [2024-02-23T15:03:14.827+0530] {dag.py:3036} INFO - Sync 1 DAGs
[2024-02-23T15:03:14.855+0530] {logging_mixin.py:188} INFO - [2024-02-23T15:03:14.855+0530] {dag.py:3058} INFO - Creating ORM DAG for example_task_group_decorator
[2024-02-23T15:03:14.889+0530] {logging_mixin.py:188} INFO - [2024-02-23T15:03:14.888+0530] {dag.py:3823} INFO - Setting next_dagrun for example_task_group_decorator to 2024-02-22 00:00:00+00:00, run_after=2024-02-23 00:00:00+00:00
[2024-02-23T15:03:15.287+0530] {processor.py:183} INFO - Processing /home/akranth/airflow_cs5830/lib/python3.11/site-packages/airflow/example_dags/example_task_group_decorator.py took 6.083 seconds
[2024-02-23T15:04:45.168+0530] {processor.py:161} INFO - Started process (PID=11761) to work on /home/akranth/airflow_cs5830/lib/python3.11/site-packages/airflow/example_dags/example_task_group_decorator.py
[2024-02-23T15:04:45.169+0530] {processor.py:830} INFO - Processing file /home/akranth/airflow_cs5830/lib/python3.11/site-packages/airflow/example_dags/example_task_group_decorator.py for tasks to queue
[2024-02-23T15:04:45.171+0530] {logging_mixin.py:188} INFO - [2024-02-23T15:04:45.170+0530] {dagbag.py:538} INFO - Filling up the DagBag from /home/akranth/airflow_cs5830/lib/python3.11/site-packages/airflow/example_dags/example_task_group_decorator.py
[2024-02-23T15:04:45.191+0530] {processor.py:840} INFO - DAG(s) 'example_task_group_decorator' retrieved from /home/akranth/airflow_cs5830/lib/python3.11/site-packages/airflow/example_dags/example_task_group_decorator.py
[2024-02-23T15:04:45.208+0530] {logging_mixin.py:188} INFO - [2024-02-23T15:04:45.207+0530] {dag.py:3036} INFO - Sync 1 DAGs
[2024-02-23T15:04:45.225+0530] {logging_mixin.py:188} INFO - [2024-02-23T15:04:45.225+0530] {dag.py:3823} INFO - Setting next_dagrun for example_task_group_decorator to 2024-02-22 00:00:00+00:00, run_after=2024-02-23 00:00:00+00:00
[2024-02-23T15:04:45.450+0530] {processor.py:183} INFO - Processing /home/akranth/airflow_cs5830/lib/python3.11/site-packages/airflow/example_dags/example_task_group_decorator.py took 0.285 seconds
[2024-02-23T15:05:45.473+0530] {processor.py:161} INFO - Started process (PID=11827) to work on /home/akranth/airflow_cs5830/lib/python3.11/site-packages/airflow/example_dags/example_task_group_decorator.py
[2024-02-23T15:05:45.500+0530] {processor.py:830} INFO - Processing file /home/akranth/airflow_cs5830/lib/python3.11/site-packages/airflow/example_dags/example_task_group_decorator.py for tasks to queue
[2024-02-23T15:05:45.502+0530] {logging_mixin.py:188} INFO - [2024-02-23T15:05:45.501+0530] {dagbag.py:538} INFO - Filling up the DagBag from /home/akranth/airflow_cs5830/lib/python3.11/site-packages/airflow/example_dags/example_task_group_decorator.py
[2024-02-23T15:05:45.534+0530] {processor.py:840} INFO - DAG(s) 'example_task_group_decorator' retrieved from /home/akranth/airflow_cs5830/lib/python3.11/site-packages/airflow/example_dags/example_task_group_decorator.py
[2024-02-23T15:05:45.550+0530] {logging_mixin.py:188} INFO - [2024-02-23T15:05:45.550+0530] {dag.py:3036} INFO - Sync 1 DAGs
[2024-02-23T15:05:45.570+0530] {logging_mixin.py:188} INFO - [2024-02-23T15:05:45.569+0530] {dag.py:3823} INFO - Setting next_dagrun for example_task_group_decorator to 2024-02-22 00:00:00+00:00, run_after=2024-02-23 00:00:00+00:00
[2024-02-23T15:05:45.720+0530] {processor.py:183} INFO - Processing /home/akranth/airflow_cs5830/lib/python3.11/site-packages/airflow/example_dags/example_task_group_decorator.py took 0.252 seconds
