[2024-02-23T15:02:46.478+0530] {processor.py:161} INFO - Started process (PID=11502) to work on /home/akranth/airflow_cs5830/lib/python3.11/site-packages/airflow/example_dags/example_time_delta_sensor_async.py
[2024-02-23T15:02:46.479+0530] {processor.py:830} INFO - Processing file /home/akranth/airflow_cs5830/lib/python3.11/site-packages/airflow/example_dags/example_time_delta_sensor_async.py for tasks to queue
[2024-02-23T15:02:46.480+0530] {logging_mixin.py:188} INFO - [2024-02-23T15:02:46.480+0530] {dagbag.py:538} INFO - Filling up the DagBag from /home/akranth/airflow_cs5830/lib/python3.11/site-packages/airflow/example_dags/example_time_delta_sensor_async.py
[2024-02-23T15:02:46.488+0530] {processor.py:840} INFO - DAG(s) 'example_time_delta_sensor_async' retrieved from /home/akranth/airflow_cs5830/lib/python3.11/site-packages/airflow/example_dags/example_time_delta_sensor_async.py
[2024-02-23T15:02:47.690+0530] {logging_mixin.py:188} INFO - [2024-02-23T15:02:47.689+0530] {override.py:1769} INFO - Created Permission View: can edit on DAG:example_time_delta_sensor_async
[2024-02-23T15:02:48.554+0530] {logging_mixin.py:188} INFO - [2024-02-23T15:02:48.553+0530] {override.py:1769} INFO - Created Permission View: can read on DAG:example_time_delta_sensor_async
[2024-02-23T15:02:48.637+0530] {logging_mixin.py:188} INFO - [2024-02-23T15:02:48.636+0530] {override.py:1769} INFO - Created Permission View: can delete on DAG:example_time_delta_sensor_async
[2024-02-23T15:02:48.637+0530] {logging_mixin.py:188} INFO - [2024-02-23T15:02:48.637+0530] {dag.py:3036} INFO - Sync 1 DAGs
[2024-02-23T15:02:48.652+0530] {logging_mixin.py:188} INFO - [2024-02-23T15:02:48.652+0530] {dag.py:3058} INFO - Creating ORM DAG for example_time_delta_sensor_async
[2024-02-23T15:02:48.653+0530] {logging_mixin.py:188} INFO - [2024-02-23T15:02:48.652+0530] {dag.py:3823} INFO - Setting next_dagrun for example_time_delta_sensor_async to None, run_after=None
[2024-02-23T15:02:48.778+0530] {processor.py:183} INFO - Processing /home/akranth/airflow_cs5830/lib/python3.11/site-packages/airflow/example_dags/example_time_delta_sensor_async.py took 2.304 seconds
[2024-02-23T15:04:42.480+0530] {processor.py:161} INFO - Started process (PID=11759) to work on /home/akranth/airflow_cs5830/lib/python3.11/site-packages/airflow/example_dags/example_time_delta_sensor_async.py
[2024-02-23T15:04:42.561+0530] {processor.py:830} INFO - Processing file /home/akranth/airflow_cs5830/lib/python3.11/site-packages/airflow/example_dags/example_time_delta_sensor_async.py for tasks to queue
[2024-02-23T15:04:42.563+0530] {logging_mixin.py:188} INFO - [2024-02-23T15:04:42.562+0530] {dagbag.py:538} INFO - Filling up the DagBag from /home/akranth/airflow_cs5830/lib/python3.11/site-packages/airflow/example_dags/example_time_delta_sensor_async.py
[2024-02-23T15:04:42.573+0530] {processor.py:840} INFO - DAG(s) 'example_time_delta_sensor_async' retrieved from /home/akranth/airflow_cs5830/lib/python3.11/site-packages/airflow/example_dags/example_time_delta_sensor_async.py
[2024-02-23T15:04:42.602+0530] {logging_mixin.py:188} INFO - [2024-02-23T15:04:42.602+0530] {dag.py:3036} INFO - Sync 1 DAGs
[2024-02-23T15:04:42.614+0530] {logging_mixin.py:188} INFO - [2024-02-23T15:04:42.613+0530] {dag.py:3823} INFO - Setting next_dagrun for example_time_delta_sensor_async to None, run_after=None
[2024-02-23T15:04:42.725+0530] {processor.py:183} INFO - Processing /home/akranth/airflow_cs5830/lib/python3.11/site-packages/airflow/example_dags/example_time_delta_sensor_async.py took 0.247 seconds
[2024-02-23T15:05:18.612+0530] {processor.py:161} INFO - Started process (PID=11791) to work on /home/akranth/airflow_cs5830/lib/python3.11/site-packages/airflow/example_dags/example_time_delta_sensor_async.py
[2024-02-23T15:05:18.625+0530] {processor.py:830} INFO - Processing file /home/akranth/airflow_cs5830/lib/python3.11/site-packages/airflow/example_dags/example_time_delta_sensor_async.py for tasks to queue
[2024-02-23T15:05:18.627+0530] {logging_mixin.py:188} INFO - [2024-02-23T15:05:18.626+0530] {dagbag.py:538} INFO - Filling up the DagBag from /home/akranth/airflow_cs5830/lib/python3.11/site-packages/airflow/example_dags/example_time_delta_sensor_async.py
[2024-02-23T15:05:18.637+0530] {processor.py:840} INFO - DAG(s) 'example_time_delta_sensor_async' retrieved from /home/akranth/airflow_cs5830/lib/python3.11/site-packages/airflow/example_dags/example_time_delta_sensor_async.py
[2024-02-23T15:05:18.660+0530] {logging_mixin.py:188} INFO - [2024-02-23T15:05:18.660+0530] {dag.py:3036} INFO - Sync 1 DAGs
[2024-02-23T15:05:18.671+0530] {logging_mixin.py:188} INFO - [2024-02-23T15:05:18.671+0530] {dag.py:3823} INFO - Setting next_dagrun for example_time_delta_sensor_async to None, run_after=None
[2024-02-23T15:05:18.823+0530] {processor.py:183} INFO - Processing /home/akranth/airflow_cs5830/lib/python3.11/site-packages/airflow/example_dags/example_time_delta_sensor_async.py took 0.217 seconds
