[2024-02-23T15:03:43.426+0530] {processor.py:161} INFO - Started process (PID=11682) to work on /home/akranth/airflow_cs5830/lib/python3.11/site-packages/airflow/example_dags/tutorial_taskflow_api.py
[2024-02-23T15:03:43.428+0530] {processor.py:830} INFO - Processing file /home/akranth/airflow_cs5830/lib/python3.11/site-packages/airflow/example_dags/tutorial_taskflow_api.py for tasks to queue
[2024-02-23T15:03:43.430+0530] {logging_mixin.py:188} INFO - [2024-02-23T15:03:43.429+0530] {dagbag.py:538} INFO - Filling up the DagBag from /home/akranth/airflow_cs5830/lib/python3.11/site-packages/airflow/example_dags/tutorial_taskflow_api.py
[2024-02-23T15:03:43.449+0530] {processor.py:840} INFO - DAG(s) 'tutorial_taskflow_api' retrieved from /home/akranth/airflow_cs5830/lib/python3.11/site-packages/airflow/example_dags/tutorial_taskflow_api.py
[2024-02-23T15:03:43.783+0530] {logging_mixin.py:188} INFO - [2024-02-23T15:03:43.782+0530] {override.py:1769} INFO - Created Permission View: can edit on DAG:tutorial_taskflow_api
[2024-02-23T15:03:43.882+0530] {logging_mixin.py:188} INFO - [2024-02-23T15:03:43.882+0530] {override.py:1769} INFO - Created Permission View: can read on DAG:tutorial_taskflow_api
[2024-02-23T15:03:44.040+0530] {logging_mixin.py:188} INFO - [2024-02-23T15:03:44.039+0530] {override.py:1769} INFO - Created Permission View: can delete on DAG:tutorial_taskflow_api
[2024-02-23T15:03:44.041+0530] {logging_mixin.py:188} INFO - [2024-02-23T15:03:44.041+0530] {dag.py:3036} INFO - Sync 1 DAGs
[2024-02-23T15:03:44.068+0530] {logging_mixin.py:188} INFO - [2024-02-23T15:03:44.067+0530] {dag.py:3058} INFO - Creating ORM DAG for tutorial_taskflow_api
[2024-02-23T15:03:44.069+0530] {logging_mixin.py:188} INFO - [2024-02-23T15:03:44.069+0530] {dag.py:3823} INFO - Setting next_dagrun for tutorial_taskflow_api to None, run_after=None
[2024-02-23T15:03:44.220+0530] {processor.py:183} INFO - Processing /home/akranth/airflow_cs5830/lib/python3.11/site-packages/airflow/example_dags/tutorial_taskflow_api.py took 0.800 seconds
[2024-02-23T15:05:04.158+0530] {processor.py:161} INFO - Started process (PID=11777) to work on /home/akranth/airflow_cs5830/lib/python3.11/site-packages/airflow/example_dags/tutorial_taskflow_api.py
[2024-02-23T15:05:04.160+0530] {processor.py:830} INFO - Processing file /home/akranth/airflow_cs5830/lib/python3.11/site-packages/airflow/example_dags/tutorial_taskflow_api.py for tasks to queue
[2024-02-23T15:05:04.163+0530] {logging_mixin.py:188} INFO - [2024-02-23T15:05:04.162+0530] {dagbag.py:538} INFO - Filling up the DagBag from /home/akranth/airflow_cs5830/lib/python3.11/site-packages/airflow/example_dags/tutorial_taskflow_api.py
[2024-02-23T15:05:04.177+0530] {processor.py:840} INFO - DAG(s) 'tutorial_taskflow_api' retrieved from /home/akranth/airflow_cs5830/lib/python3.11/site-packages/airflow/example_dags/tutorial_taskflow_api.py
[2024-02-23T15:05:04.194+0530] {logging_mixin.py:188} INFO - [2024-02-23T15:05:04.194+0530] {dag.py:3036} INFO - Sync 1 DAGs
[2024-02-23T15:05:04.206+0530] {logging_mixin.py:188} INFO - [2024-02-23T15:05:04.206+0530] {dag.py:3823} INFO - Setting next_dagrun for tutorial_taskflow_api to None, run_after=None
[2024-02-23T15:05:04.383+0530] {processor.py:183} INFO - Processing /home/akranth/airflow_cs5830/lib/python3.11/site-packages/airflow/example_dags/tutorial_taskflow_api.py took 0.232 seconds
[2024-02-23T15:06:05.315+0530] {processor.py:161} INFO - Started process (PID=11912) to work on /home/akranth/airflow_cs5830/lib/python3.11/site-packages/airflow/example_dags/tutorial_taskflow_api.py
[2024-02-23T15:06:05.315+0530] {processor.py:830} INFO - Processing file /home/akranth/airflow_cs5830/lib/python3.11/site-packages/airflow/example_dags/tutorial_taskflow_api.py for tasks to queue
[2024-02-23T15:06:05.316+0530] {logging_mixin.py:188} INFO - [2024-02-23T15:06:05.316+0530] {dagbag.py:538} INFO - Filling up the DagBag from /home/akranth/airflow_cs5830/lib/python3.11/site-packages/airflow/example_dags/tutorial_taskflow_api.py
[2024-02-23T15:06:05.320+0530] {processor.py:840} INFO - DAG(s) 'tutorial_taskflow_api' retrieved from /home/akranth/airflow_cs5830/lib/python3.11/site-packages/airflow/example_dags/tutorial_taskflow_api.py
[2024-02-23T15:06:05.330+0530] {logging_mixin.py:188} INFO - [2024-02-23T15:06:05.330+0530] {dag.py:3036} INFO - Sync 1 DAGs
[2024-02-23T15:06:05.338+0530] {logging_mixin.py:188} INFO - [2024-02-23T15:06:05.338+0530] {dag.py:3823} INFO - Setting next_dagrun for tutorial_taskflow_api to None, run_after=None
[2024-02-23T15:06:05.486+0530] {processor.py:183} INFO - Processing /home/akranth/airflow_cs5830/lib/python3.11/site-packages/airflow/example_dags/tutorial_taskflow_api.py took 0.173 seconds
