[2024-03-01T16:18:28.054+0530] {processor.py:161} INFO - Started process (PID=7091) to work on /home/akranth/airflow/airflow_env/lib/python3.11/site-packages/airflow/example_dags/example_subdag_operator.py
[2024-03-01T16:18:28.054+0530] {processor.py:830} INFO - Processing file /home/akranth/airflow/airflow_env/lib/python3.11/site-packages/airflow/example_dags/example_subdag_operator.py for tasks to queue
[2024-03-01T16:18:28.055+0530] {logging_mixin.py:188} INFO - [2024-03-01T16:18:28.054+0530] {dagbag.py:540} INFO - Filling up the DagBag from /home/akranth/airflow/airflow_env/lib/python3.11/site-packages/airflow/example_dags/example_subdag_operator.py
[2024-03-01T16:18:28.069+0530] {processor.py:840} INFO - DAG(s) 'example_subdag_operator.section-1', 'example_subdag_operator.section-2', 'example_subdag_operator' retrieved from /home/akranth/airflow/airflow_env/lib/python3.11/site-packages/airflow/example_dags/example_subdag_operator.py
[2024-03-01T16:18:28.209+0530] {logging_mixin.py:188} INFO - [2024-03-01T16:18:28.209+0530] {dag.py:3047} INFO - Sync 3 DAGs
[2024-03-01T16:18:28.220+0530] {logging_mixin.py:188} INFO - [2024-03-01T16:18:28.220+0530] {dag.py:3834} INFO - Setting next_dagrun for example_subdag_operator to 2022-01-01 00:00:00+00:00, run_after=2022-01-01 00:00:00+00:00
[2024-03-01T16:18:28.222+0530] {logging_mixin.py:188} INFO - [2024-03-01T16:18:28.222+0530] {dag.py:3834} INFO - Setting next_dagrun for example_subdag_operator.section-1 to None, run_after=None
[2024-03-01T16:18:28.222+0530] {logging_mixin.py:188} INFO - [2024-03-01T16:18:28.222+0530] {dag.py:3834} INFO - Setting next_dagrun for example_subdag_operator.section-2 to None, run_after=None
[2024-03-01T16:18:28.227+0530] {logging_mixin.py:188} INFO - [2024-03-01T16:18:28.227+0530] {dag.py:3047} INFO - Sync 2 DAGs
[2024-03-01T16:18:28.229+0530] {logging_mixin.py:188} INFO - [2024-03-01T16:18:28.229+0530] {dag.py:3834} INFO - Setting next_dagrun for example_subdag_operator.section-1 to None, run_after=None
[2024-03-01T16:18:28.230+0530] {logging_mixin.py:188} INFO - [2024-03-01T16:18:28.230+0530] {dag.py:3834} INFO - Setting next_dagrun for example_subdag_operator.section-2 to None, run_after=None
[2024-03-01T16:18:28.415+0530] {processor.py:183} INFO - Processing /home/akranth/airflow/airflow_env/lib/python3.11/site-packages/airflow/example_dags/example_subdag_operator.py took 0.364 seconds
[2024-03-01T16:19:36.677+0530] {processor.py:161} INFO - Started process (PID=7204) to work on /home/akranth/airflow/airflow_env/lib/python3.11/site-packages/airflow/example_dags/example_subdag_operator.py
[2024-03-01T16:19:36.678+0530] {processor.py:830} INFO - Processing file /home/akranth/airflow/airflow_env/lib/python3.11/site-packages/airflow/example_dags/example_subdag_operator.py for tasks to queue
[2024-03-01T16:19:36.679+0530] {logging_mixin.py:188} INFO - [2024-03-01T16:19:36.678+0530] {dagbag.py:540} INFO - Filling up the DagBag from /home/akranth/airflow/airflow_env/lib/python3.11/site-packages/airflow/example_dags/example_subdag_operator.py
[2024-03-01T16:19:36.701+0530] {processor.py:840} INFO - DAG(s) 'example_subdag_operator.section-1', 'example_subdag_operator.section-2', 'example_subdag_operator' retrieved from /home/akranth/airflow/airflow_env/lib/python3.11/site-packages/airflow/example_dags/example_subdag_operator.py
[2024-03-01T16:19:36.714+0530] {logging_mixin.py:188} INFO - [2024-03-01T16:19:36.714+0530] {dag.py:3047} INFO - Sync 3 DAGs
[2024-03-01T16:19:36.812+0530] {logging_mixin.py:188} INFO - [2024-03-01T16:19:36.812+0530] {dag.py:3834} INFO - Setting next_dagrun for example_subdag_operator to 2022-01-01 00:00:00+00:00, run_after=2022-01-01 00:00:00+00:00
[2024-03-01T16:19:36.814+0530] {logging_mixin.py:188} INFO - [2024-03-01T16:19:36.814+0530] {dag.py:3834} INFO - Setting next_dagrun for example_subdag_operator.section-1 to None, run_after=None
[2024-03-01T16:19:36.815+0530] {logging_mixin.py:188} INFO - [2024-03-01T16:19:36.815+0530] {dag.py:3834} INFO - Setting next_dagrun for example_subdag_operator.section-2 to None, run_after=None
[2024-03-01T16:19:36.819+0530] {logging_mixin.py:188} INFO - [2024-03-01T16:19:36.819+0530] {dag.py:3047} INFO - Sync 2 DAGs
[2024-03-01T16:19:36.823+0530] {logging_mixin.py:188} INFO - [2024-03-01T16:19:36.823+0530] {dag.py:3834} INFO - Setting next_dagrun for example_subdag_operator.section-1 to None, run_after=None
[2024-03-01T16:19:36.823+0530] {logging_mixin.py:188} INFO - [2024-03-01T16:19:36.823+0530] {dag.py:3834} INFO - Setting next_dagrun for example_subdag_operator.section-2 to None, run_after=None
[2024-03-01T16:19:37.012+0530] {processor.py:183} INFO - Processing /home/akranth/airflow/airflow_env/lib/python3.11/site-packages/airflow/example_dags/example_subdag_operator.py took 0.338 seconds
[2024-03-01T16:20:37.961+0530] {processor.py:161} INFO - Started process (PID=7361) to work on /home/akranth/airflow/airflow_env/lib/python3.11/site-packages/airflow/example_dags/example_subdag_operator.py
[2024-03-01T16:20:38.035+0530] {processor.py:830} INFO - Processing file /home/akranth/airflow/airflow_env/lib/python3.11/site-packages/airflow/example_dags/example_subdag_operator.py for tasks to queue
[2024-03-01T16:20:38.037+0530] {logging_mixin.py:188} INFO - [2024-03-01T16:20:38.036+0530] {dagbag.py:540} INFO - Filling up the DagBag from /home/akranth/airflow/airflow_env/lib/python3.11/site-packages/airflow/example_dags/example_subdag_operator.py
[2024-03-01T16:20:38.078+0530] {processor.py:840} INFO - DAG(s) 'example_subdag_operator.section-1', 'example_subdag_operator.section-2', 'example_subdag_operator' retrieved from /home/akranth/airflow/airflow_env/lib/python3.11/site-packages/airflow/example_dags/example_subdag_operator.py
[2024-03-01T16:20:38.092+0530] {logging_mixin.py:188} INFO - [2024-03-01T16:20:38.092+0530] {dag.py:3047} INFO - Sync 3 DAGs
[2024-03-01T16:20:38.107+0530] {logging_mixin.py:188} INFO - [2024-03-01T16:20:38.107+0530] {dag.py:3834} INFO - Setting next_dagrun for example_subdag_operator to 2022-01-01 00:00:00+00:00, run_after=2022-01-01 00:00:00+00:00
[2024-03-01T16:20:38.110+0530] {logging_mixin.py:188} INFO - [2024-03-01T16:20:38.110+0530] {dag.py:3834} INFO - Setting next_dagrun for example_subdag_operator.section-1 to None, run_after=None
[2024-03-01T16:20:38.111+0530] {logging_mixin.py:188} INFO - [2024-03-01T16:20:38.111+0530] {dag.py:3834} INFO - Setting next_dagrun for example_subdag_operator.section-2 to None, run_after=None
[2024-03-01T16:20:38.115+0530] {logging_mixin.py:188} INFO - [2024-03-01T16:20:38.115+0530] {dag.py:3047} INFO - Sync 2 DAGs
[2024-03-01T16:20:38.119+0530] {logging_mixin.py:188} INFO - [2024-03-01T16:20:38.119+0530] {dag.py:3834} INFO - Setting next_dagrun for example_subdag_operator.section-1 to None, run_after=None
[2024-03-01T16:20:38.119+0530] {logging_mixin.py:188} INFO - [2024-03-01T16:20:38.119+0530] {dag.py:3834} INFO - Setting next_dagrun for example_subdag_operator.section-2 to None, run_after=None
[2024-03-01T16:20:38.289+0530] {processor.py:183} INFO - Processing /home/akranth/airflow/airflow_env/lib/python3.11/site-packages/airflow/example_dags/example_subdag_operator.py took 0.330 seconds
[2024-03-01T16:21:38.683+0530] {processor.py:161} INFO - Started process (PID=7427) to work on /home/akranth/airflow/airflow_env/lib/python3.11/site-packages/airflow/example_dags/example_subdag_operator.py
[2024-03-01T16:21:38.769+0530] {processor.py:830} INFO - Processing file /home/akranth/airflow/airflow_env/lib/python3.11/site-packages/airflow/example_dags/example_subdag_operator.py for tasks to queue
[2024-03-01T16:21:38.771+0530] {logging_mixin.py:188} INFO - [2024-03-01T16:21:38.770+0530] {dagbag.py:540} INFO - Filling up the DagBag from /home/akranth/airflow/airflow_env/lib/python3.11/site-packages/airflow/example_dags/example_subdag_operator.py
[2024-03-01T16:21:38.814+0530] {processor.py:840} INFO - DAG(s) 'example_subdag_operator.section-1', 'example_subdag_operator.section-2', 'example_subdag_operator' retrieved from /home/akranth/airflow/airflow_env/lib/python3.11/site-packages/airflow/example_dags/example_subdag_operator.py
[2024-03-01T16:21:38.829+0530] {logging_mixin.py:188} INFO - [2024-03-01T16:21:38.829+0530] {dag.py:3047} INFO - Sync 3 DAGs
[2024-03-01T16:21:38.843+0530] {logging_mixin.py:188} INFO - [2024-03-01T16:21:38.843+0530] {dag.py:3834} INFO - Setting next_dagrun for example_subdag_operator to 2022-01-01 00:00:00+00:00, run_after=2022-01-01 00:00:00+00:00
[2024-03-01T16:21:38.846+0530] {logging_mixin.py:188} INFO - [2024-03-01T16:21:38.846+0530] {dag.py:3834} INFO - Setting next_dagrun for example_subdag_operator.section-1 to None, run_after=None
[2024-03-01T16:21:38.847+0530] {logging_mixin.py:188} INFO - [2024-03-01T16:21:38.847+0530] {dag.py:3834} INFO - Setting next_dagrun for example_subdag_operator.section-2 to None, run_after=None
[2024-03-01T16:21:38.851+0530] {logging_mixin.py:188} INFO - [2024-03-01T16:21:38.851+0530] {dag.py:3047} INFO - Sync 2 DAGs
[2024-03-01T16:21:38.854+0530] {logging_mixin.py:188} INFO - [2024-03-01T16:21:38.854+0530] {dag.py:3834} INFO - Setting next_dagrun for example_subdag_operator.section-1 to None, run_after=None
[2024-03-01T16:21:38.854+0530] {logging_mixin.py:188} INFO - [2024-03-01T16:21:38.854+0530] {dag.py:3834} INFO - Setting next_dagrun for example_subdag_operator.section-2 to None, run_after=None
[2024-03-01T16:21:38.944+0530] {processor.py:183} INFO - Processing /home/akranth/airflow/airflow_env/lib/python3.11/site-packages/airflow/example_dags/example_subdag_operator.py took 0.263 seconds
[2024-03-01T16:22:40.573+0530] {processor.py:161} INFO - Started process (PID=7502) to work on /home/akranth/airflow/airflow_env/lib/python3.11/site-packages/airflow/example_dags/example_subdag_operator.py
[2024-03-01T16:22:40.586+0530] {processor.py:830} INFO - Processing file /home/akranth/airflow/airflow_env/lib/python3.11/site-packages/airflow/example_dags/example_subdag_operator.py for tasks to queue
[2024-03-01T16:22:40.587+0530] {logging_mixin.py:188} INFO - [2024-03-01T16:22:40.587+0530] {dagbag.py:540} INFO - Filling up the DagBag from /home/akranth/airflow/airflow_env/lib/python3.11/site-packages/airflow/example_dags/example_subdag_operator.py
[2024-03-01T16:22:40.603+0530] {processor.py:840} INFO - DAG(s) 'example_subdag_operator.section-1', 'example_subdag_operator.section-2', 'example_subdag_operator' retrieved from /home/akranth/airflow/airflow_env/lib/python3.11/site-packages/airflow/example_dags/example_subdag_operator.py
[2024-03-01T16:22:40.615+0530] {logging_mixin.py:188} INFO - [2024-03-01T16:22:40.615+0530] {dag.py:3047} INFO - Sync 3 DAGs
[2024-03-01T16:22:40.629+0530] {logging_mixin.py:188} INFO - [2024-03-01T16:22:40.629+0530] {dag.py:3834} INFO - Setting next_dagrun for example_subdag_operator to 2022-01-01 00:00:00+00:00, run_after=2022-01-01 00:00:00+00:00
[2024-03-01T16:22:40.632+0530] {logging_mixin.py:188} INFO - [2024-03-01T16:22:40.632+0530] {dag.py:3834} INFO - Setting next_dagrun for example_subdag_operator.section-1 to None, run_after=None
[2024-03-01T16:22:40.633+0530] {logging_mixin.py:188} INFO - [2024-03-01T16:22:40.633+0530] {dag.py:3834} INFO - Setting next_dagrun for example_subdag_operator.section-2 to None, run_after=None
[2024-03-01T16:22:40.637+0530] {logging_mixin.py:188} INFO - [2024-03-01T16:22:40.636+0530] {dag.py:3047} INFO - Sync 2 DAGs
[2024-03-01T16:22:40.639+0530] {logging_mixin.py:188} INFO - [2024-03-01T16:22:40.639+0530] {dag.py:3834} INFO - Setting next_dagrun for example_subdag_operator.section-1 to None, run_after=None
[2024-03-01T16:22:40.640+0530] {logging_mixin.py:188} INFO - [2024-03-01T16:22:40.639+0530] {dag.py:3834} INFO - Setting next_dagrun for example_subdag_operator.section-2 to None, run_after=None
[2024-03-01T16:22:40.741+0530] {processor.py:183} INFO - Processing /home/akranth/airflow/airflow_env/lib/python3.11/site-packages/airflow/example_dags/example_subdag_operator.py took 0.170 seconds
[2024-03-01T16:23:46.204+0530] {processor.py:161} INFO - Started process (PID=7567) to work on /home/akranth/airflow/airflow_env/lib/python3.11/site-packages/airflow/example_dags/example_subdag_operator.py
[2024-03-01T16:23:46.291+0530] {processor.py:830} INFO - Processing file /home/akranth/airflow/airflow_env/lib/python3.11/site-packages/airflow/example_dags/example_subdag_operator.py for tasks to queue
[2024-03-01T16:23:46.294+0530] {logging_mixin.py:188} INFO - [2024-03-01T16:23:46.293+0530] {dagbag.py:540} INFO - Filling up the DagBag from /home/akranth/airflow/airflow_env/lib/python3.11/site-packages/airflow/example_dags/example_subdag_operator.py
[2024-03-01T16:23:46.336+0530] {processor.py:840} INFO - DAG(s) 'example_subdag_operator.section-1', 'example_subdag_operator.section-2', 'example_subdag_operator' retrieved from /home/akranth/airflow/airflow_env/lib/python3.11/site-packages/airflow/example_dags/example_subdag_operator.py
[2024-03-01T16:23:46.350+0530] {logging_mixin.py:188} INFO - [2024-03-01T16:23:46.349+0530] {dag.py:3047} INFO - Sync 3 DAGs
[2024-03-01T16:23:46.364+0530] {logging_mixin.py:188} INFO - [2024-03-01T16:23:46.364+0530] {dag.py:3834} INFO - Setting next_dagrun for example_subdag_operator to 2022-01-01 00:00:00+00:00, run_after=2022-01-01 00:00:00+00:00
[2024-03-01T16:23:46.369+0530] {logging_mixin.py:188} INFO - [2024-03-01T16:23:46.369+0530] {dag.py:3834} INFO - Setting next_dagrun for example_subdag_operator.section-1 to None, run_after=None
[2024-03-01T16:23:46.370+0530] {logging_mixin.py:188} INFO - [2024-03-01T16:23:46.370+0530] {dag.py:3834} INFO - Setting next_dagrun for example_subdag_operator.section-2 to None, run_after=None
[2024-03-01T16:23:46.374+0530] {logging_mixin.py:188} INFO - [2024-03-01T16:23:46.374+0530] {dag.py:3047} INFO - Sync 2 DAGs
[2024-03-01T16:23:46.377+0530] {logging_mixin.py:188} INFO - [2024-03-01T16:23:46.377+0530] {dag.py:3834} INFO - Setting next_dagrun for example_subdag_operator.section-1 to None, run_after=None
[2024-03-01T16:23:46.377+0530] {logging_mixin.py:188} INFO - [2024-03-01T16:23:46.377+0530] {dag.py:3834} INFO - Setting next_dagrun for example_subdag_operator.section-2 to None, run_after=None
[2024-03-01T16:23:46.479+0530] {processor.py:183} INFO - Processing /home/akranth/airflow/airflow_env/lib/python3.11/site-packages/airflow/example_dags/example_subdag_operator.py took 0.281 seconds
[2024-03-01T16:24:51.353+0530] {processor.py:161} INFO - Started process (PID=7636) to work on /home/akranth/airflow/airflow_env/lib/python3.11/site-packages/airflow/example_dags/example_subdag_operator.py
[2024-03-01T16:24:51.455+0530] {processor.py:830} INFO - Processing file /home/akranth/airflow/airflow_env/lib/python3.11/site-packages/airflow/example_dags/example_subdag_operator.py for tasks to queue
[2024-03-01T16:24:51.457+0530] {logging_mixin.py:188} INFO - [2024-03-01T16:24:51.456+0530] {dagbag.py:540} INFO - Filling up the DagBag from /home/akranth/airflow/airflow_env/lib/python3.11/site-packages/airflow/example_dags/example_subdag_operator.py
[2024-03-01T16:24:51.474+0530] {processor.py:840} INFO - DAG(s) 'example_subdag_operator.section-1', 'example_subdag_operator.section-2', 'example_subdag_operator' retrieved from /home/akranth/airflow/airflow_env/lib/python3.11/site-packages/airflow/example_dags/example_subdag_operator.py
[2024-03-01T16:24:51.485+0530] {logging_mixin.py:188} INFO - [2024-03-01T16:24:51.485+0530] {dag.py:3047} INFO - Sync 3 DAGs
[2024-03-01T16:24:51.499+0530] {logging_mixin.py:188} INFO - [2024-03-01T16:24:51.498+0530] {dag.py:3834} INFO - Setting next_dagrun for example_subdag_operator to 2022-01-01 00:00:00+00:00, run_after=2022-01-01 00:00:00+00:00
[2024-03-01T16:24:51.502+0530] {logging_mixin.py:188} INFO - [2024-03-01T16:24:51.501+0530] {dag.py:3834} INFO - Setting next_dagrun for example_subdag_operator.section-1 to None, run_after=None
[2024-03-01T16:24:51.502+0530] {logging_mixin.py:188} INFO - [2024-03-01T16:24:51.502+0530] {dag.py:3834} INFO - Setting next_dagrun for example_subdag_operator.section-2 to None, run_after=None
[2024-03-01T16:24:51.507+0530] {logging_mixin.py:188} INFO - [2024-03-01T16:24:51.507+0530] {dag.py:3047} INFO - Sync 2 DAGs
[2024-03-01T16:24:51.510+0530] {logging_mixin.py:188} INFO - [2024-03-01T16:24:51.510+0530] {dag.py:3834} INFO - Setting next_dagrun for example_subdag_operator.section-1 to None, run_after=None
[2024-03-01T16:24:51.510+0530] {logging_mixin.py:188} INFO - [2024-03-01T16:24:51.510+0530] {dag.py:3834} INFO - Setting next_dagrun for example_subdag_operator.section-2 to None, run_after=None
[2024-03-01T16:24:51.623+0530] {processor.py:183} INFO - Processing /home/akranth/airflow/airflow_env/lib/python3.11/site-packages/airflow/example_dags/example_subdag_operator.py took 0.273 seconds
[2024-03-01T16:25:55.702+0530] {processor.py:161} INFO - Started process (PID=7705) to work on /home/akranth/airflow/airflow_env/lib/python3.11/site-packages/airflow/example_dags/example_subdag_operator.py
[2024-03-01T16:25:55.703+0530] {processor.py:830} INFO - Processing file /home/akranth/airflow/airflow_env/lib/python3.11/site-packages/airflow/example_dags/example_subdag_operator.py for tasks to queue
[2024-03-01T16:25:55.704+0530] {logging_mixin.py:188} INFO - [2024-03-01T16:25:55.703+0530] {dagbag.py:540} INFO - Filling up the DagBag from /home/akranth/airflow/airflow_env/lib/python3.11/site-packages/airflow/example_dags/example_subdag_operator.py
[2024-03-01T16:25:55.720+0530] {processor.py:840} INFO - DAG(s) 'example_subdag_operator.section-1', 'example_subdag_operator.section-2', 'example_subdag_operator' retrieved from /home/akranth/airflow/airflow_env/lib/python3.11/site-packages/airflow/example_dags/example_subdag_operator.py
[2024-03-01T16:25:55.733+0530] {logging_mixin.py:188} INFO - [2024-03-01T16:25:55.732+0530] {dag.py:3047} INFO - Sync 3 DAGs
[2024-03-01T16:25:55.748+0530] {logging_mixin.py:188} INFO - [2024-03-01T16:25:55.748+0530] {dag.py:3834} INFO - Setting next_dagrun for example_subdag_operator to 2022-01-01 00:00:00+00:00, run_after=2022-01-01 00:00:00+00:00
[2024-03-01T16:25:55.751+0530] {logging_mixin.py:188} INFO - [2024-03-01T16:25:55.750+0530] {dag.py:3834} INFO - Setting next_dagrun for example_subdag_operator.section-1 to None, run_after=None
[2024-03-01T16:25:55.751+0530] {logging_mixin.py:188} INFO - [2024-03-01T16:25:55.751+0530] {dag.py:3834} INFO - Setting next_dagrun for example_subdag_operator.section-2 to None, run_after=None
[2024-03-01T16:25:55.757+0530] {logging_mixin.py:188} INFO - [2024-03-01T16:25:55.756+0530] {dag.py:3047} INFO - Sync 2 DAGs
[2024-03-01T16:25:55.760+0530] {logging_mixin.py:188} INFO - [2024-03-01T16:25:55.760+0530] {dag.py:3834} INFO - Setting next_dagrun for example_subdag_operator.section-1 to None, run_after=None
[2024-03-01T16:25:55.760+0530] {logging_mixin.py:188} INFO - [2024-03-01T16:25:55.760+0530] {dag.py:3834} INFO - Setting next_dagrun for example_subdag_operator.section-2 to None, run_after=None
[2024-03-01T16:25:55.916+0530] {processor.py:183} INFO - Processing /home/akranth/airflow/airflow_env/lib/python3.11/site-packages/airflow/example_dags/example_subdag_operator.py took 0.216 seconds
[2024-03-01T16:26:53.149+0530] {processor.py:161} INFO - Started process (PID=7770) to work on /home/akranth/airflow/airflow_env/lib/python3.11/site-packages/airflow/example_dags/example_subdag_operator.py
[2024-03-01T16:26:53.168+0530] {processor.py:830} INFO - Processing file /home/akranth/airflow/airflow_env/lib/python3.11/site-packages/airflow/example_dags/example_subdag_operator.py for tasks to queue
[2024-03-01T16:26:53.170+0530] {logging_mixin.py:188} INFO - [2024-03-01T16:26:53.169+0530] {dagbag.py:540} INFO - Filling up the DagBag from /home/akranth/airflow/airflow_env/lib/python3.11/site-packages/airflow/example_dags/example_subdag_operator.py
[2024-03-01T16:26:53.206+0530] {processor.py:840} INFO - DAG(s) 'example_subdag_operator.section-1', 'example_subdag_operator.section-2', 'example_subdag_operator' retrieved from /home/akranth/airflow/airflow_env/lib/python3.11/site-packages/airflow/example_dags/example_subdag_operator.py
[2024-03-01T16:26:53.219+0530] {logging_mixin.py:188} INFO - [2024-03-01T16:26:53.219+0530] {dag.py:3047} INFO - Sync 3 DAGs
[2024-03-01T16:26:53.234+0530] {logging_mixin.py:188} INFO - [2024-03-01T16:26:53.234+0530] {dag.py:3834} INFO - Setting next_dagrun for example_subdag_operator to 2022-01-01 00:00:00+00:00, run_after=2022-01-01 00:00:00+00:00
[2024-03-01T16:26:53.237+0530] {logging_mixin.py:188} INFO - [2024-03-01T16:26:53.237+0530] {dag.py:3834} INFO - Setting next_dagrun for example_subdag_operator.section-1 to None, run_after=None
[2024-03-01T16:26:53.238+0530] {logging_mixin.py:188} INFO - [2024-03-01T16:26:53.238+0530] {dag.py:3834} INFO - Setting next_dagrun for example_subdag_operator.section-2 to None, run_after=None
[2024-03-01T16:26:53.243+0530] {logging_mixin.py:188} INFO - [2024-03-01T16:26:53.242+0530] {dag.py:3047} INFO - Sync 2 DAGs
[2024-03-01T16:26:53.246+0530] {logging_mixin.py:188} INFO - [2024-03-01T16:26:53.246+0530] {dag.py:3834} INFO - Setting next_dagrun for example_subdag_operator.section-1 to None, run_after=None
[2024-03-01T16:26:53.246+0530] {logging_mixin.py:188} INFO - [2024-03-01T16:26:53.246+0530] {dag.py:3834} INFO - Setting next_dagrun for example_subdag_operator.section-2 to None, run_after=None
[2024-03-01T16:26:53.561+0530] {processor.py:183} INFO - Processing /home/akranth/airflow/airflow_env/lib/python3.11/site-packages/airflow/example_dags/example_subdag_operator.py took 0.418 seconds
[2024-03-01T16:27:46.746+0530] {processor.py:161} INFO - Started process (PID=7832) to work on /home/akranth/airflow/airflow_env/lib/python3.11/site-packages/airflow/example_dags/example_subdag_operator.py
[2024-03-01T16:27:46.748+0530] {processor.py:830} INFO - Processing file /home/akranth/airflow/airflow_env/lib/python3.11/site-packages/airflow/example_dags/example_subdag_operator.py for tasks to queue
[2024-03-01T16:27:46.750+0530] {logging_mixin.py:188} INFO - [2024-03-01T16:27:46.749+0530] {dagbag.py:540} INFO - Filling up the DagBag from /home/akranth/airflow/airflow_env/lib/python3.11/site-packages/airflow/example_dags/example_subdag_operator.py
[2024-03-01T16:27:46.780+0530] {processor.py:840} INFO - DAG(s) 'example_subdag_operator.section-1', 'example_subdag_operator.section-2', 'example_subdag_operator' retrieved from /home/akranth/airflow/airflow_env/lib/python3.11/site-packages/airflow/example_dags/example_subdag_operator.py
[2024-03-01T16:27:46.794+0530] {logging_mixin.py:188} INFO - [2024-03-01T16:27:46.794+0530] {dag.py:3047} INFO - Sync 3 DAGs
[2024-03-01T16:27:46.810+0530] {logging_mixin.py:188} INFO - [2024-03-01T16:27:46.810+0530] {dag.py:3834} INFO - Setting next_dagrun for example_subdag_operator to 2022-01-01 00:00:00+00:00, run_after=2022-01-01 00:00:00+00:00
[2024-03-01T16:27:46.812+0530] {logging_mixin.py:188} INFO - [2024-03-01T16:27:46.812+0530] {dag.py:3834} INFO - Setting next_dagrun for example_subdag_operator.section-1 to None, run_after=None
[2024-03-01T16:27:46.813+0530] {logging_mixin.py:188} INFO - [2024-03-01T16:27:46.813+0530] {dag.py:3834} INFO - Setting next_dagrun for example_subdag_operator.section-2 to None, run_after=None
[2024-03-01T16:27:46.819+0530] {logging_mixin.py:188} INFO - [2024-03-01T16:27:46.819+0530] {dag.py:3047} INFO - Sync 2 DAGs
[2024-03-01T16:27:46.822+0530] {logging_mixin.py:188} INFO - [2024-03-01T16:27:46.822+0530] {dag.py:3834} INFO - Setting next_dagrun for example_subdag_operator.section-1 to None, run_after=None
[2024-03-01T16:27:46.823+0530] {logging_mixin.py:188} INFO - [2024-03-01T16:27:46.823+0530] {dag.py:3834} INFO - Setting next_dagrun for example_subdag_operator.section-2 to None, run_after=None
[2024-03-01T16:27:46.923+0530] {processor.py:183} INFO - Processing /home/akranth/airflow/airflow_env/lib/python3.11/site-packages/airflow/example_dags/example_subdag_operator.py took 0.183 seconds
[2024-03-01T16:29:04.340+0530] {processor.py:161} INFO - Started process (PID=7922) to work on /home/akranth/airflow/airflow_env/lib/python3.11/site-packages/airflow/example_dags/example_subdag_operator.py
[2024-03-01T16:29:04.353+0530] {processor.py:830} INFO - Processing file /home/akranth/airflow/airflow_env/lib/python3.11/site-packages/airflow/example_dags/example_subdag_operator.py for tasks to queue
[2024-03-01T16:29:04.354+0530] {logging_mixin.py:188} INFO - [2024-03-01T16:29:04.353+0530] {dagbag.py:540} INFO - Filling up the DagBag from /home/akranth/airflow/airflow_env/lib/python3.11/site-packages/airflow/example_dags/example_subdag_operator.py
[2024-03-01T16:29:04.376+0530] {processor.py:840} INFO - DAG(s) 'example_subdag_operator.section-1', 'example_subdag_operator.section-2', 'example_subdag_operator' retrieved from /home/akranth/airflow/airflow_env/lib/python3.11/site-packages/airflow/example_dags/example_subdag_operator.py
[2024-03-01T16:29:04.391+0530] {logging_mixin.py:188} INFO - [2024-03-01T16:29:04.391+0530] {dag.py:3047} INFO - Sync 3 DAGs
[2024-03-01T16:29:04.409+0530] {logging_mixin.py:188} INFO - [2024-03-01T16:29:04.408+0530] {dag.py:3834} INFO - Setting next_dagrun for example_subdag_operator to 2022-01-01 00:00:00+00:00, run_after=2022-01-01 00:00:00+00:00
[2024-03-01T16:29:04.413+0530] {logging_mixin.py:188} INFO - [2024-03-01T16:29:04.412+0530] {dag.py:3834} INFO - Setting next_dagrun for example_subdag_operator.section-1 to None, run_after=None
[2024-03-01T16:29:04.414+0530] {logging_mixin.py:188} INFO - [2024-03-01T16:29:04.413+0530] {dag.py:3834} INFO - Setting next_dagrun for example_subdag_operator.section-2 to None, run_after=None
[2024-03-01T16:29:04.418+0530] {logging_mixin.py:188} INFO - [2024-03-01T16:29:04.418+0530] {dag.py:3047} INFO - Sync 2 DAGs
[2024-03-01T16:29:04.422+0530] {logging_mixin.py:188} INFO - [2024-03-01T16:29:04.422+0530] {dag.py:3834} INFO - Setting next_dagrun for example_subdag_operator.section-1 to None, run_after=None
[2024-03-01T16:29:04.422+0530] {logging_mixin.py:188} INFO - [2024-03-01T16:29:04.422+0530] {dag.py:3834} INFO - Setting next_dagrun for example_subdag_operator.section-2 to None, run_after=None
[2024-03-01T16:29:04.530+0530] {processor.py:183} INFO - Processing /home/akranth/airflow/airflow_env/lib/python3.11/site-packages/airflow/example_dags/example_subdag_operator.py took 0.194 seconds
[2024-03-01T16:30:30.158+0530] {processor.py:161} INFO - Started process (PID=8022) to work on /home/akranth/airflow/airflow_env/lib/python3.11/site-packages/airflow/example_dags/example_subdag_operator.py
[2024-03-01T16:30:30.170+0530] {processor.py:830} INFO - Processing file /home/akranth/airflow/airflow_env/lib/python3.11/site-packages/airflow/example_dags/example_subdag_operator.py for tasks to queue
[2024-03-01T16:30:30.172+0530] {logging_mixin.py:188} INFO - [2024-03-01T16:30:30.171+0530] {dagbag.py:540} INFO - Filling up the DagBag from /home/akranth/airflow/airflow_env/lib/python3.11/site-packages/airflow/example_dags/example_subdag_operator.py
[2024-03-01T16:30:30.210+0530] {processor.py:840} INFO - DAG(s) 'example_subdag_operator.section-1', 'example_subdag_operator.section-2', 'example_subdag_operator' retrieved from /home/akranth/airflow/airflow_env/lib/python3.11/site-packages/airflow/example_dags/example_subdag_operator.py
[2024-03-01T16:30:30.227+0530] {logging_mixin.py:188} INFO - [2024-03-01T16:30:30.227+0530] {dag.py:3047} INFO - Sync 3 DAGs
[2024-03-01T16:30:30.242+0530] {logging_mixin.py:188} INFO - [2024-03-01T16:30:30.242+0530] {dag.py:3834} INFO - Setting next_dagrun for example_subdag_operator to 2022-01-01 00:00:00+00:00, run_after=2022-01-01 00:00:00+00:00
[2024-03-01T16:30:30.245+0530] {logging_mixin.py:188} INFO - [2024-03-01T16:30:30.245+0530] {dag.py:3834} INFO - Setting next_dagrun for example_subdag_operator.section-1 to None, run_after=None
[2024-03-01T16:30:30.246+0530] {logging_mixin.py:188} INFO - [2024-03-01T16:30:30.245+0530] {dag.py:3834} INFO - Setting next_dagrun for example_subdag_operator.section-2 to None, run_after=None
[2024-03-01T16:30:30.250+0530] {logging_mixin.py:188} INFO - [2024-03-01T16:30:30.250+0530] {dag.py:3047} INFO - Sync 2 DAGs
[2024-03-01T16:30:30.253+0530] {logging_mixin.py:188} INFO - [2024-03-01T16:30:30.253+0530] {dag.py:3834} INFO - Setting next_dagrun for example_subdag_operator.section-1 to None, run_after=None
[2024-03-01T16:30:30.253+0530] {logging_mixin.py:188} INFO - [2024-03-01T16:30:30.253+0530] {dag.py:3834} INFO - Setting next_dagrun for example_subdag_operator.section-2 to None, run_after=None
[2024-03-01T16:30:30.379+0530] {processor.py:183} INFO - Processing /home/akranth/airflow/airflow_env/lib/python3.11/site-packages/airflow/example_dags/example_subdag_operator.py took 0.223 seconds
[2024-03-01T16:31:48.260+0530] {processor.py:161} INFO - Started process (PID=8988) to work on /home/akranth/airflow/airflow_env/lib/python3.11/site-packages/airflow/example_dags/example_subdag_operator.py
[2024-03-01T16:31:48.350+0530] {processor.py:830} INFO - Processing file /home/akranth/airflow/airflow_env/lib/python3.11/site-packages/airflow/example_dags/example_subdag_operator.py for tasks to queue
[2024-03-01T16:31:48.352+0530] {logging_mixin.py:188} INFO - [2024-03-01T16:31:48.351+0530] {dagbag.py:540} INFO - Filling up the DagBag from /home/akranth/airflow/airflow_env/lib/python3.11/site-packages/airflow/example_dags/example_subdag_operator.py
[2024-03-01T16:31:48.410+0530] {processor.py:840} INFO - DAG(s) 'example_subdag_operator.section-1', 'example_subdag_operator.section-2', 'example_subdag_operator' retrieved from /home/akranth/airflow/airflow_env/lib/python3.11/site-packages/airflow/example_dags/example_subdag_operator.py
[2024-03-01T16:31:48.429+0530] {logging_mixin.py:188} INFO - [2024-03-01T16:31:48.428+0530] {dag.py:3047} INFO - Sync 3 DAGs
[2024-03-01T16:31:48.453+0530] {logging_mixin.py:188} INFO - [2024-03-01T16:31:48.453+0530] {dag.py:3834} INFO - Setting next_dagrun for example_subdag_operator to 2022-01-01 00:00:00+00:00, run_after=2022-01-01 00:00:00+00:00
[2024-03-01T16:31:48.457+0530] {logging_mixin.py:188} INFO - [2024-03-01T16:31:48.457+0530] {dag.py:3834} INFO - Setting next_dagrun for example_subdag_operator.section-1 to None, run_after=None
[2024-03-01T16:31:48.458+0530] {logging_mixin.py:188} INFO - [2024-03-01T16:31:48.458+0530] {dag.py:3834} INFO - Setting next_dagrun for example_subdag_operator.section-2 to None, run_after=None
[2024-03-01T16:31:48.466+0530] {logging_mixin.py:188} INFO - [2024-03-01T16:31:48.465+0530] {dag.py:3047} INFO - Sync 2 DAGs
[2024-03-01T16:31:48.471+0530] {logging_mixin.py:188} INFO - [2024-03-01T16:31:48.471+0530] {dag.py:3834} INFO - Setting next_dagrun for example_subdag_operator.section-1 to None, run_after=None
[2024-03-01T16:31:48.472+0530] {logging_mixin.py:188} INFO - [2024-03-01T16:31:48.472+0530] {dag.py:3834} INFO - Setting next_dagrun for example_subdag_operator.section-2 to None, run_after=None
[2024-03-01T16:31:48.831+0530] {processor.py:183} INFO - Processing /home/akranth/airflow/airflow_env/lib/python3.11/site-packages/airflow/example_dags/example_subdag_operator.py took 0.574 seconds
[2024-03-01T16:33:02.198+0530] {processor.py:161} INFO - Started process (PID=9321) to work on /home/akranth/airflow/airflow_env/lib/python3.11/site-packages/airflow/example_dags/example_subdag_operator.py
[2024-03-01T16:33:02.210+0530] {processor.py:830} INFO - Processing file /home/akranth/airflow/airflow_env/lib/python3.11/site-packages/airflow/example_dags/example_subdag_operator.py for tasks to queue
[2024-03-01T16:33:02.211+0530] {logging_mixin.py:188} INFO - [2024-03-01T16:33:02.210+0530] {dagbag.py:540} INFO - Filling up the DagBag from /home/akranth/airflow/airflow_env/lib/python3.11/site-packages/airflow/example_dags/example_subdag_operator.py
[2024-03-01T16:33:02.238+0530] {processor.py:840} INFO - DAG(s) 'example_subdag_operator.section-1', 'example_subdag_operator.section-2', 'example_subdag_operator' retrieved from /home/akranth/airflow/airflow_env/lib/python3.11/site-packages/airflow/example_dags/example_subdag_operator.py
[2024-03-01T16:33:02.266+0530] {logging_mixin.py:188} INFO - [2024-03-01T16:33:02.265+0530] {dag.py:3047} INFO - Sync 3 DAGs
[2024-03-01T16:33:02.296+0530] {logging_mixin.py:188} INFO - [2024-03-01T16:33:02.295+0530] {dag.py:3834} INFO - Setting next_dagrun for example_subdag_operator to 2022-01-01 00:00:00+00:00, run_after=2022-01-01 00:00:00+00:00
[2024-03-01T16:33:02.302+0530] {logging_mixin.py:188} INFO - [2024-03-01T16:33:02.301+0530] {dag.py:3834} INFO - Setting next_dagrun for example_subdag_operator.section-1 to None, run_after=None
[2024-03-01T16:33:02.303+0530] {logging_mixin.py:188} INFO - [2024-03-01T16:33:02.302+0530] {dag.py:3834} INFO - Setting next_dagrun for example_subdag_operator.section-2 to None, run_after=None
[2024-03-01T16:33:02.313+0530] {logging_mixin.py:188} INFO - [2024-03-01T16:33:02.313+0530] {dag.py:3047} INFO - Sync 2 DAGs
[2024-03-01T16:33:02.320+0530] {logging_mixin.py:188} INFO - [2024-03-01T16:33:02.319+0530] {dag.py:3834} INFO - Setting next_dagrun for example_subdag_operator.section-1 to None, run_after=None
[2024-03-01T16:33:02.320+0530] {logging_mixin.py:188} INFO - [2024-03-01T16:33:02.320+0530] {dag.py:3834} INFO - Setting next_dagrun for example_subdag_operator.section-2 to None, run_after=None
[2024-03-01T16:33:02.417+0530] {processor.py:183} INFO - Processing /home/akranth/airflow/airflow_env/lib/python3.11/site-packages/airflow/example_dags/example_subdag_operator.py took 0.221 seconds
[2024-03-01T16:34:26.664+0530] {processor.py:161} INFO - Started process (PID=9516) to work on /home/akranth/airflow/airflow_env/lib/python3.11/site-packages/airflow/example_dags/example_subdag_operator.py
[2024-03-01T16:34:26.693+0530] {processor.py:830} INFO - Processing file /home/akranth/airflow/airflow_env/lib/python3.11/site-packages/airflow/example_dags/example_subdag_operator.py for tasks to queue
[2024-03-01T16:34:26.695+0530] {logging_mixin.py:188} INFO - [2024-03-01T16:34:26.694+0530] {dagbag.py:540} INFO - Filling up the DagBag from /home/akranth/airflow/airflow_env/lib/python3.11/site-packages/airflow/example_dags/example_subdag_operator.py
[2024-03-01T16:34:26.731+0530] {processor.py:840} INFO - DAG(s) 'example_subdag_operator.section-1', 'example_subdag_operator.section-2', 'example_subdag_operator' retrieved from /home/akranth/airflow/airflow_env/lib/python3.11/site-packages/airflow/example_dags/example_subdag_operator.py
[2024-03-01T16:34:26.745+0530] {logging_mixin.py:188} INFO - [2024-03-01T16:34:26.744+0530] {dag.py:3047} INFO - Sync 3 DAGs
[2024-03-01T16:34:26.761+0530] {logging_mixin.py:188} INFO - [2024-03-01T16:34:26.761+0530] {dag.py:3834} INFO - Setting next_dagrun for example_subdag_operator to 2022-01-01 00:00:00+00:00, run_after=2022-01-01 00:00:00+00:00
[2024-03-01T16:34:26.764+0530] {logging_mixin.py:188} INFO - [2024-03-01T16:34:26.764+0530] {dag.py:3834} INFO - Setting next_dagrun for example_subdag_operator.section-1 to None, run_after=None
[2024-03-01T16:34:26.765+0530] {logging_mixin.py:188} INFO - [2024-03-01T16:34:26.765+0530] {dag.py:3834} INFO - Setting next_dagrun for example_subdag_operator.section-2 to None, run_after=None
[2024-03-01T16:34:26.770+0530] {logging_mixin.py:188} INFO - [2024-03-01T16:34:26.770+0530] {dag.py:3047} INFO - Sync 2 DAGs
[2024-03-01T16:34:26.775+0530] {logging_mixin.py:188} INFO - [2024-03-01T16:34:26.775+0530] {dag.py:3834} INFO - Setting next_dagrun for example_subdag_operator.section-1 to None, run_after=None
[2024-03-01T16:34:26.775+0530] {logging_mixin.py:188} INFO - [2024-03-01T16:34:26.775+0530] {dag.py:3834} INFO - Setting next_dagrun for example_subdag_operator.section-2 to None, run_after=None
[2024-03-01T16:34:26.883+0530] {processor.py:183} INFO - Processing /home/akranth/airflow/airflow_env/lib/python3.11/site-packages/airflow/example_dags/example_subdag_operator.py took 0.226 seconds
[2024-03-01T16:35:28.757+0530] {processor.py:161} INFO - Started process (PID=9647) to work on /home/akranth/airflow/airflow_env/lib/python3.11/site-packages/airflow/example_dags/example_subdag_operator.py
[2024-03-01T16:35:28.775+0530] {processor.py:830} INFO - Processing file /home/akranth/airflow/airflow_env/lib/python3.11/site-packages/airflow/example_dags/example_subdag_operator.py for tasks to queue
[2024-03-01T16:35:28.777+0530] {logging_mixin.py:188} INFO - [2024-03-01T16:35:28.776+0530] {dagbag.py:540} INFO - Filling up the DagBag from /home/akranth/airflow/airflow_env/lib/python3.11/site-packages/airflow/example_dags/example_subdag_operator.py
[2024-03-01T16:35:28.813+0530] {processor.py:840} INFO - DAG(s) 'example_subdag_operator.section-1', 'example_subdag_operator.section-2', 'example_subdag_operator' retrieved from /home/akranth/airflow/airflow_env/lib/python3.11/site-packages/airflow/example_dags/example_subdag_operator.py
[2024-03-01T16:35:28.825+0530] {logging_mixin.py:188} INFO - [2024-03-01T16:35:28.825+0530] {dag.py:3047} INFO - Sync 3 DAGs
[2024-03-01T16:35:28.839+0530] {logging_mixin.py:188} INFO - [2024-03-01T16:35:28.839+0530] {dag.py:3834} INFO - Setting next_dagrun for example_subdag_operator to 2022-01-01 00:00:00+00:00, run_after=2022-01-01 00:00:00+00:00
[2024-03-01T16:35:28.842+0530] {logging_mixin.py:188} INFO - [2024-03-01T16:35:28.842+0530] {dag.py:3834} INFO - Setting next_dagrun for example_subdag_operator.section-1 to None, run_after=None
[2024-03-01T16:35:28.842+0530] {logging_mixin.py:188} INFO - [2024-03-01T16:35:28.842+0530] {dag.py:3834} INFO - Setting next_dagrun for example_subdag_operator.section-2 to None, run_after=None
[2024-03-01T16:35:28.847+0530] {logging_mixin.py:188} INFO - [2024-03-01T16:35:28.846+0530] {dag.py:3047} INFO - Sync 2 DAGs
[2024-03-01T16:35:28.849+0530] {logging_mixin.py:188} INFO - [2024-03-01T16:35:28.849+0530] {dag.py:3834} INFO - Setting next_dagrun for example_subdag_operator.section-1 to None, run_after=None
[2024-03-01T16:35:28.849+0530] {logging_mixin.py:188} INFO - [2024-03-01T16:35:28.849+0530] {dag.py:3834} INFO - Setting next_dagrun for example_subdag_operator.section-2 to None, run_after=None
[2024-03-01T16:35:28.953+0530] {processor.py:183} INFO - Processing /home/akranth/airflow/airflow_env/lib/python3.11/site-packages/airflow/example_dags/example_subdag_operator.py took 0.202 seconds
