[2024-03-01T16:18:51.894+0530] {processor.py:161} INFO - Started process (PID=7158) to work on /home/akranth/airflow/airflow_env/lib/python3.11/site-packages/airflow/example_dags/example_dag_decorator.py
[2024-03-01T16:18:51.895+0530] {processor.py:830} INFO - Processing file /home/akranth/airflow/airflow_env/lib/python3.11/site-packages/airflow/example_dags/example_dag_decorator.py for tasks to queue
[2024-03-01T16:18:51.895+0530] {logging_mixin.py:188} INFO - [2024-03-01T16:18:51.895+0530] {dagbag.py:540} INFO - Filling up the DagBag from /home/akranth/airflow/airflow_env/lib/python3.11/site-packages/airflow/example_dags/example_dag_decorator.py
[2024-03-01T16:18:52.058+0530] {processor.py:840} INFO - DAG(s) 'example_dag_decorator' retrieved from /home/akranth/airflow/airflow_env/lib/python3.11/site-packages/airflow/example_dags/example_dag_decorator.py
[2024-03-01T16:18:52.120+0530] {logging_mixin.py:188} INFO - [2024-03-01T16:18:52.120+0530] {dag.py:3047} INFO - Sync 1 DAGs
[2024-03-01T16:18:52.125+0530] {logging_mixin.py:188} INFO - [2024-03-01T16:18:52.125+0530] {dag.py:3834} INFO - Setting next_dagrun for example_dag_decorator to None, run_after=None
[2024-03-01T16:18:52.232+0530] {processor.py:183} INFO - Processing /home/akranth/airflow/airflow_env/lib/python3.11/site-packages/airflow/example_dags/example_dag_decorator.py took 0.341 seconds
[2024-03-01T16:20:01.820+0530] {processor.py:161} INFO - Started process (PID=7256) to work on /home/akranth/airflow/airflow_env/lib/python3.11/site-packages/airflow/example_dags/example_dag_decorator.py
[2024-03-01T16:20:01.821+0530] {processor.py:830} INFO - Processing file /home/akranth/airflow/airflow_env/lib/python3.11/site-packages/airflow/example_dags/example_dag_decorator.py for tasks to queue
[2024-03-01T16:20:01.822+0530] {logging_mixin.py:188} INFO - [2024-03-01T16:20:01.821+0530] {dagbag.py:540} INFO - Filling up the DagBag from /home/akranth/airflow/airflow_env/lib/python3.11/site-packages/airflow/example_dags/example_dag_decorator.py
[2024-03-01T16:20:01.954+0530] {processor.py:840} INFO - DAG(s) 'example_dag_decorator' retrieved from /home/akranth/airflow/airflow_env/lib/python3.11/site-packages/airflow/example_dags/example_dag_decorator.py
[2024-03-01T16:20:01.964+0530] {logging_mixin.py:188} INFO - [2024-03-01T16:20:01.964+0530] {dag.py:3047} INFO - Sync 1 DAGs
[2024-03-01T16:20:01.970+0530] {logging_mixin.py:188} INFO - [2024-03-01T16:20:01.970+0530] {dag.py:3834} INFO - Setting next_dagrun for example_dag_decorator to None, run_after=None
[2024-03-01T16:20:02.164+0530] {processor.py:183} INFO - Processing /home/akranth/airflow/airflow_env/lib/python3.11/site-packages/airflow/example_dags/example_dag_decorator.py took 0.346 seconds
[2024-03-01T16:21:01.188+0530] {processor.py:161} INFO - Started process (PID=7391) to work on /home/akranth/airflow/airflow_env/lib/python3.11/site-packages/airflow/example_dags/example_dag_decorator.py
[2024-03-01T16:21:01.280+0530] {processor.py:830} INFO - Processing file /home/akranth/airflow/airflow_env/lib/python3.11/site-packages/airflow/example_dags/example_dag_decorator.py for tasks to queue
[2024-03-01T16:21:01.283+0530] {logging_mixin.py:188} INFO - [2024-03-01T16:21:01.282+0530] {dagbag.py:540} INFO - Filling up the DagBag from /home/akranth/airflow/airflow_env/lib/python3.11/site-packages/airflow/example_dags/example_dag_decorator.py
[2024-03-01T16:21:01.342+0530] {processor.py:840} INFO - DAG(s) 'example_dag_decorator' retrieved from /home/akranth/airflow/airflow_env/lib/python3.11/site-packages/airflow/example_dags/example_dag_decorator.py
[2024-03-01T16:21:01.405+0530] {logging_mixin.py:188} INFO - [2024-03-01T16:21:01.405+0530] {dag.py:3047} INFO - Sync 1 DAGs
[2024-03-01T16:21:01.411+0530] {logging_mixin.py:188} INFO - [2024-03-01T16:21:01.411+0530] {dag.py:3834} INFO - Setting next_dagrun for example_dag_decorator to None, run_after=None
[2024-03-01T16:21:01.525+0530] {processor.py:183} INFO - Processing /home/akranth/airflow/airflow_env/lib/python3.11/site-packages/airflow/example_dags/example_dag_decorator.py took 0.339 seconds
[2024-03-01T16:22:03.411+0530] {processor.py:161} INFO - Started process (PID=7460) to work on /home/akranth/airflow/airflow_env/lib/python3.11/site-packages/airflow/example_dags/example_dag_decorator.py
[2024-03-01T16:22:03.437+0530] {processor.py:830} INFO - Processing file /home/akranth/airflow/airflow_env/lib/python3.11/site-packages/airflow/example_dags/example_dag_decorator.py for tasks to queue
[2024-03-01T16:22:03.439+0530] {logging_mixin.py:188} INFO - [2024-03-01T16:22:03.438+0530] {dagbag.py:540} INFO - Filling up the DagBag from /home/akranth/airflow/airflow_env/lib/python3.11/site-packages/airflow/example_dags/example_dag_decorator.py
[2024-03-01T16:22:03.530+0530] {processor.py:840} INFO - DAG(s) 'example_dag_decorator' retrieved from /home/akranth/airflow/airflow_env/lib/python3.11/site-packages/airflow/example_dags/example_dag_decorator.py
[2024-03-01T16:22:03.547+0530] {logging_mixin.py:188} INFO - [2024-03-01T16:22:03.546+0530] {dag.py:3047} INFO - Sync 1 DAGs
[2024-03-01T16:22:03.557+0530] {logging_mixin.py:188} INFO - [2024-03-01T16:22:03.556+0530] {dag.py:3834} INFO - Setting next_dagrun for example_dag_decorator to None, run_after=None
[2024-03-01T16:22:03.836+0530] {processor.py:183} INFO - Processing /home/akranth/airflow/airflow_env/lib/python3.11/site-packages/airflow/example_dags/example_dag_decorator.py took 0.432 seconds
[2024-03-01T16:23:02.624+0530] {processor.py:161} INFO - Started process (PID=7521) to work on /home/akranth/airflow/airflow_env/lib/python3.11/site-packages/airflow/example_dags/example_dag_decorator.py
[2024-03-01T16:23:02.724+0530] {processor.py:830} INFO - Processing file /home/akranth/airflow/airflow_env/lib/python3.11/site-packages/airflow/example_dags/example_dag_decorator.py for tasks to queue
[2024-03-01T16:23:02.725+0530] {logging_mixin.py:188} INFO - [2024-03-01T16:23:02.725+0530] {dagbag.py:540} INFO - Filling up the DagBag from /home/akranth/airflow/airflow_env/lib/python3.11/site-packages/airflow/example_dags/example_dag_decorator.py
[2024-03-01T16:23:02.785+0530] {processor.py:840} INFO - DAG(s) 'example_dag_decorator' retrieved from /home/akranth/airflow/airflow_env/lib/python3.11/site-packages/airflow/example_dags/example_dag_decorator.py
[2024-03-01T16:23:02.855+0530] {logging_mixin.py:188} INFO - [2024-03-01T16:23:02.854+0530] {dag.py:3047} INFO - Sync 1 DAGs
[2024-03-01T16:23:02.861+0530] {logging_mixin.py:188} INFO - [2024-03-01T16:23:02.861+0530] {dag.py:3834} INFO - Setting next_dagrun for example_dag_decorator to None, run_after=None
[2024-03-01T16:23:03.130+0530] {processor.py:183} INFO - Processing /home/akranth/airflow/airflow_env/lib/python3.11/site-packages/airflow/example_dags/example_dag_decorator.py took 0.508 seconds
[2024-03-01T16:24:02.593+0530] {processor.py:161} INFO - Started process (PID=7580) to work on /home/akranth/airflow/airflow_env/lib/python3.11/site-packages/airflow/example_dags/example_dag_decorator.py
[2024-03-01T16:24:02.680+0530] {processor.py:830} INFO - Processing file /home/akranth/airflow/airflow_env/lib/python3.11/site-packages/airflow/example_dags/example_dag_decorator.py for tasks to queue
[2024-03-01T16:24:02.682+0530] {logging_mixin.py:188} INFO - [2024-03-01T16:24:02.681+0530] {dagbag.py:540} INFO - Filling up the DagBag from /home/akranth/airflow/airflow_env/lib/python3.11/site-packages/airflow/example_dags/example_dag_decorator.py
[2024-03-01T16:24:02.777+0530] {processor.py:840} INFO - DAG(s) 'example_dag_decorator' retrieved from /home/akranth/airflow/airflow_env/lib/python3.11/site-packages/airflow/example_dags/example_dag_decorator.py
[2024-03-01T16:24:02.852+0530] {logging_mixin.py:188} INFO - [2024-03-01T16:24:02.851+0530] {dag.py:3047} INFO - Sync 1 DAGs
[2024-03-01T16:24:02.859+0530] {logging_mixin.py:188} INFO - [2024-03-01T16:24:02.859+0530] {dag.py:3834} INFO - Setting next_dagrun for example_dag_decorator to None, run_after=None
[2024-03-01T16:24:02.988+0530] {processor.py:183} INFO - Processing /home/akranth/airflow/airflow_env/lib/python3.11/site-packages/airflow/example_dags/example_dag_decorator.py took 0.397 seconds
[2024-03-01T16:25:08.379+0530] {processor.py:161} INFO - Started process (PID=7649) to work on /home/akranth/airflow/airflow_env/lib/python3.11/site-packages/airflow/example_dags/example_dag_decorator.py
[2024-03-01T16:25:08.380+0530] {processor.py:830} INFO - Processing file /home/akranth/airflow/airflow_env/lib/python3.11/site-packages/airflow/example_dags/example_dag_decorator.py for tasks to queue
[2024-03-01T16:25:08.381+0530] {logging_mixin.py:188} INFO - [2024-03-01T16:25:08.381+0530] {dagbag.py:540} INFO - Filling up the DagBag from /home/akranth/airflow/airflow_env/lib/python3.11/site-packages/airflow/example_dags/example_dag_decorator.py
[2024-03-01T16:25:08.445+0530] {processor.py:840} INFO - DAG(s) 'example_dag_decorator' retrieved from /home/akranth/airflow/airflow_env/lib/python3.11/site-packages/airflow/example_dags/example_dag_decorator.py
[2024-03-01T16:25:08.515+0530] {logging_mixin.py:188} INFO - [2024-03-01T16:25:08.515+0530] {dag.py:3047} INFO - Sync 1 DAGs
[2024-03-01T16:25:08.523+0530] {logging_mixin.py:188} INFO - [2024-03-01T16:25:08.523+0530] {dag.py:3834} INFO - Setting next_dagrun for example_dag_decorator to None, run_after=None
[2024-03-01T16:25:08.685+0530] {processor.py:183} INFO - Processing /home/akranth/airflow/airflow_env/lib/python3.11/site-packages/airflow/example_dags/example_dag_decorator.py took 0.307 seconds
[2024-03-01T16:26:11.836+0530] {processor.py:161} INFO - Started process (PID=7718) to work on /home/akranth/airflow/airflow_env/lib/python3.11/site-packages/airflow/example_dags/example_dag_decorator.py
[2024-03-01T16:26:11.837+0530] {processor.py:830} INFO - Processing file /home/akranth/airflow/airflow_env/lib/python3.11/site-packages/airflow/example_dags/example_dag_decorator.py for tasks to queue
[2024-03-01T16:26:11.838+0530] {logging_mixin.py:188} INFO - [2024-03-01T16:26:11.837+0530] {dagbag.py:540} INFO - Filling up the DagBag from /home/akranth/airflow/airflow_env/lib/python3.11/site-packages/airflow/example_dags/example_dag_decorator.py
[2024-03-01T16:26:11.906+0530] {processor.py:840} INFO - DAG(s) 'example_dag_decorator' retrieved from /home/akranth/airflow/airflow_env/lib/python3.11/site-packages/airflow/example_dags/example_dag_decorator.py
[2024-03-01T16:26:11.978+0530] {logging_mixin.py:188} INFO - [2024-03-01T16:26:11.978+0530] {dag.py:3047} INFO - Sync 1 DAGs
[2024-03-01T16:26:11.985+0530] {logging_mixin.py:188} INFO - [2024-03-01T16:26:11.985+0530] {dag.py:3834} INFO - Setting next_dagrun for example_dag_decorator to None, run_after=None
[2024-03-01T16:26:12.096+0530] {processor.py:183} INFO - Processing /home/akranth/airflow/airflow_env/lib/python3.11/site-packages/airflow/example_dags/example_dag_decorator.py took 0.263 seconds
[2024-03-01T16:27:08.648+0530] {processor.py:161} INFO - Started process (PID=7784) to work on /home/akranth/airflow/airflow_env/lib/python3.11/site-packages/airflow/example_dags/example_dag_decorator.py
[2024-03-01T16:27:08.659+0530] {processor.py:830} INFO - Processing file /home/akranth/airflow/airflow_env/lib/python3.11/site-packages/airflow/example_dags/example_dag_decorator.py for tasks to queue
[2024-03-01T16:27:08.661+0530] {logging_mixin.py:188} INFO - [2024-03-01T16:27:08.660+0530] {dagbag.py:540} INFO - Filling up the DagBag from /home/akranth/airflow/airflow_env/lib/python3.11/site-packages/airflow/example_dags/example_dag_decorator.py
[2024-03-01T16:27:08.743+0530] {processor.py:840} INFO - DAG(s) 'example_dag_decorator' retrieved from /home/akranth/airflow/airflow_env/lib/python3.11/site-packages/airflow/example_dags/example_dag_decorator.py
[2024-03-01T16:27:08.815+0530] {logging_mixin.py:188} INFO - [2024-03-01T16:27:08.815+0530] {dag.py:3047} INFO - Sync 1 DAGs
[2024-03-01T16:27:08.822+0530] {logging_mixin.py:188} INFO - [2024-03-01T16:27:08.822+0530] {dag.py:3834} INFO - Setting next_dagrun for example_dag_decorator to None, run_after=None
[2024-03-01T16:27:08.926+0530] {processor.py:183} INFO - Processing /home/akranth/airflow/airflow_env/lib/python3.11/site-packages/airflow/example_dags/example_dag_decorator.py took 0.287 seconds
[2024-03-01T16:28:02.448+0530] {processor.py:161} INFO - Started process (PID=7846) to work on /home/akranth/airflow/airflow_env/lib/python3.11/site-packages/airflow/example_dags/example_dag_decorator.py
[2024-03-01T16:28:02.448+0530] {processor.py:830} INFO - Processing file /home/akranth/airflow/airflow_env/lib/python3.11/site-packages/airflow/example_dags/example_dag_decorator.py for tasks to queue
[2024-03-01T16:28:02.449+0530] {logging_mixin.py:188} INFO - [2024-03-01T16:28:02.449+0530] {dagbag.py:540} INFO - Filling up the DagBag from /home/akranth/airflow/airflow_env/lib/python3.11/site-packages/airflow/example_dags/example_dag_decorator.py
[2024-03-01T16:28:02.518+0530] {processor.py:840} INFO - DAG(s) 'example_dag_decorator' retrieved from /home/akranth/airflow/airflow_env/lib/python3.11/site-packages/airflow/example_dags/example_dag_decorator.py
[2024-03-01T16:28:02.596+0530] {logging_mixin.py:188} INFO - [2024-03-01T16:28:02.596+0530] {dag.py:3047} INFO - Sync 1 DAGs
[2024-03-01T16:28:02.604+0530] {logging_mixin.py:188} INFO - [2024-03-01T16:28:02.604+0530] {dag.py:3834} INFO - Setting next_dagrun for example_dag_decorator to None, run_after=None
[2024-03-01T16:28:02.770+0530] {processor.py:183} INFO - Processing /home/akranth/airflow/airflow_env/lib/python3.11/site-packages/airflow/example_dags/example_dag_decorator.py took 0.325 seconds
[2024-03-01T16:29:21.027+0530] {processor.py:161} INFO - Started process (PID=7938) to work on /home/akranth/airflow/airflow_env/lib/python3.11/site-packages/airflow/example_dags/example_dag_decorator.py
[2024-03-01T16:29:21.105+0530] {processor.py:830} INFO - Processing file /home/akranth/airflow/airflow_env/lib/python3.11/site-packages/airflow/example_dags/example_dag_decorator.py for tasks to queue
[2024-03-01T16:29:21.108+0530] {logging_mixin.py:188} INFO - [2024-03-01T16:29:21.107+0530] {dagbag.py:540} INFO - Filling up the DagBag from /home/akranth/airflow/airflow_env/lib/python3.11/site-packages/airflow/example_dags/example_dag_decorator.py
[2024-03-01T16:29:21.205+0530] {processor.py:840} INFO - DAG(s) 'example_dag_decorator' retrieved from /home/akranth/airflow/airflow_env/lib/python3.11/site-packages/airflow/example_dags/example_dag_decorator.py
[2024-03-01T16:29:21.304+0530] {logging_mixin.py:188} INFO - [2024-03-01T16:29:21.304+0530] {dag.py:3047} INFO - Sync 1 DAGs
[2024-03-01T16:29:21.312+0530] {logging_mixin.py:188} INFO - [2024-03-01T16:29:21.312+0530] {dag.py:3834} INFO - Setting next_dagrun for example_dag_decorator to None, run_after=None
[2024-03-01T16:29:21.427+0530] {processor.py:183} INFO - Processing /home/akranth/airflow/airflow_env/lib/python3.11/site-packages/airflow/example_dags/example_dag_decorator.py took 0.402 seconds
[2024-03-01T16:30:47.911+0530] {processor.py:161} INFO - Started process (PID=8255) to work on /home/akranth/airflow/airflow_env/lib/python3.11/site-packages/airflow/example_dags/example_dag_decorator.py
[2024-03-01T16:30:47.959+0530] {processor.py:830} INFO - Processing file /home/akranth/airflow/airflow_env/lib/python3.11/site-packages/airflow/example_dags/example_dag_decorator.py for tasks to queue
[2024-03-01T16:30:47.961+0530] {logging_mixin.py:188} INFO - [2024-03-01T16:30:47.960+0530] {dagbag.py:540} INFO - Filling up the DagBag from /home/akranth/airflow/airflow_env/lib/python3.11/site-packages/airflow/example_dags/example_dag_decorator.py
[2024-03-01T16:30:48.023+0530] {processor.py:840} INFO - DAG(s) 'example_dag_decorator' retrieved from /home/akranth/airflow/airflow_env/lib/python3.11/site-packages/airflow/example_dags/example_dag_decorator.py
[2024-03-01T16:30:48.092+0530] {logging_mixin.py:188} INFO - [2024-03-01T16:30:48.092+0530] {dag.py:3047} INFO - Sync 1 DAGs
[2024-03-01T16:30:48.099+0530] {logging_mixin.py:188} INFO - [2024-03-01T16:30:48.099+0530] {dag.py:3834} INFO - Setting next_dagrun for example_dag_decorator to None, run_after=None
[2024-03-01T16:30:48.411+0530] {processor.py:183} INFO - Processing /home/akranth/airflow/airflow_env/lib/python3.11/site-packages/airflow/example_dags/example_dag_decorator.py took 0.502 seconds
[2024-03-01T16:32:19.258+0530] {processor.py:161} INFO - Started process (PID=9243) to work on /home/akranth/airflow/airflow_env/lib/python3.11/site-packages/airflow/example_dags/example_dag_decorator.py
[2024-03-01T16:32:19.271+0530] {processor.py:830} INFO - Processing file /home/akranth/airflow/airflow_env/lib/python3.11/site-packages/airflow/example_dags/example_dag_decorator.py for tasks to queue
[2024-03-01T16:32:19.272+0530] {logging_mixin.py:188} INFO - [2024-03-01T16:32:19.272+0530] {dagbag.py:540} INFO - Filling up the DagBag from /home/akranth/airflow/airflow_env/lib/python3.11/site-packages/airflow/example_dags/example_dag_decorator.py
[2024-03-01T16:32:19.475+0530] {processor.py:840} INFO - DAG(s) 'example_dag_decorator' retrieved from /home/akranth/airflow/airflow_env/lib/python3.11/site-packages/airflow/example_dags/example_dag_decorator.py
[2024-03-01T16:32:19.834+0530] {logging_mixin.py:188} INFO - [2024-03-01T16:32:19.833+0530] {dag.py:3047} INFO - Sync 1 DAGs
[2024-03-01T16:32:19.842+0530] {logging_mixin.py:188} INFO - [2024-03-01T16:32:19.842+0530] {dag.py:3834} INFO - Setting next_dagrun for example_dag_decorator to None, run_after=None
[2024-03-01T16:32:20.002+0530] {processor.py:183} INFO - Processing /home/akranth/airflow/airflow_env/lib/python3.11/site-packages/airflow/example_dags/example_dag_decorator.py took 0.748 seconds
[2024-03-01T16:33:48.940+0530] {processor.py:161} INFO - Started process (PID=9398) to work on /home/akranth/airflow/airflow_env/lib/python3.11/site-packages/airflow/example_dags/example_dag_decorator.py
[2024-03-01T16:33:48.960+0530] {processor.py:830} INFO - Processing file /home/akranth/airflow/airflow_env/lib/python3.11/site-packages/airflow/example_dags/example_dag_decorator.py for tasks to queue
[2024-03-01T16:33:48.962+0530] {logging_mixin.py:188} INFO - [2024-03-01T16:33:48.961+0530] {dagbag.py:540} INFO - Filling up the DagBag from /home/akranth/airflow/airflow_env/lib/python3.11/site-packages/airflow/example_dags/example_dag_decorator.py
[2024-03-01T16:33:49.063+0530] {processor.py:840} INFO - DAG(s) 'example_dag_decorator' retrieved from /home/akranth/airflow/airflow_env/lib/python3.11/site-packages/airflow/example_dags/example_dag_decorator.py
[2024-03-01T16:33:49.156+0530] {logging_mixin.py:188} INFO - [2024-03-01T16:33:49.156+0530] {dag.py:3047} INFO - Sync 1 DAGs
[2024-03-01T16:33:49.166+0530] {logging_mixin.py:188} INFO - [2024-03-01T16:33:49.166+0530] {dag.py:3834} INFO - Setting next_dagrun for example_dag_decorator to None, run_after=None
[2024-03-01T16:33:49.285+0530] {processor.py:183} INFO - Processing /home/akranth/airflow/airflow_env/lib/python3.11/site-packages/airflow/example_dags/example_dag_decorator.py took 0.349 seconds
[2024-03-01T16:35:05.573+0530] {processor.py:161} INFO - Started process (PID=9598) to work on /home/akranth/airflow/airflow_env/lib/python3.11/site-packages/airflow/example_dags/example_dag_decorator.py
[2024-03-01T16:35:05.590+0530] {processor.py:830} INFO - Processing file /home/akranth/airflow/airflow_env/lib/python3.11/site-packages/airflow/example_dags/example_dag_decorator.py for tasks to queue
[2024-03-01T16:35:05.592+0530] {logging_mixin.py:188} INFO - [2024-03-01T16:35:05.591+0530] {dagbag.py:540} INFO - Filling up the DagBag from /home/akranth/airflow/airflow_env/lib/python3.11/site-packages/airflow/example_dags/example_dag_decorator.py
[2024-03-01T16:35:05.682+0530] {processor.py:840} INFO - DAG(s) 'example_dag_decorator' retrieved from /home/akranth/airflow/airflow_env/lib/python3.11/site-packages/airflow/example_dags/example_dag_decorator.py
[2024-03-01T16:35:05.761+0530] {logging_mixin.py:188} INFO - [2024-03-01T16:35:05.761+0530] {dag.py:3047} INFO - Sync 1 DAGs
[2024-03-01T16:35:05.769+0530] {logging_mixin.py:188} INFO - [2024-03-01T16:35:05.768+0530] {dag.py:3834} INFO - Setting next_dagrun for example_dag_decorator to None, run_after=None
[2024-03-01T16:35:05.888+0530] {processor.py:183} INFO - Processing /home/akranth/airflow/airflow_env/lib/python3.11/site-packages/airflow/example_dags/example_dag_decorator.py took 0.322 seconds
