[2024-03-01T16:18:07.363+0530] {processor.py:161} INFO - Started process (PID=7074) to work on /home/akranth/airflow/airflow_env/lib/python3.11/site-packages/airflow/example_dags/example_latest_only.py
[2024-03-01T16:18:07.364+0530] {processor.py:830} INFO - Processing file /home/akranth/airflow/airflow_env/lib/python3.11/site-packages/airflow/example_dags/example_latest_only.py for tasks to queue
[2024-03-01T16:18:07.365+0530] {logging_mixin.py:188} INFO - [2024-03-01T16:18:07.364+0530] {dagbag.py:540} INFO - Filling up the DagBag from /home/akranth/airflow/airflow_env/lib/python3.11/site-packages/airflow/example_dags/example_latest_only.py
[2024-03-01T16:18:07.370+0530] {processor.py:840} INFO - DAG(s) 'latest_only' retrieved from /home/akranth/airflow/airflow_env/lib/python3.11/site-packages/airflow/example_dags/example_latest_only.py
[2024-03-01T16:18:07.439+0530] {logging_mixin.py:188} INFO - [2024-03-01T16:18:07.439+0530] {dag.py:3047} INFO - Sync 1 DAGs
[2024-03-01T16:18:07.523+0530] {logging_mixin.py:188} INFO - [2024-03-01T16:18:07.523+0530] {dag.py:3834} INFO - Setting next_dagrun for latest_only to 2024-03-01 04:00:00+00:00, run_after=2024-03-01 08:00:00+00:00
[2024-03-01T16:18:07.713+0530] {processor.py:183} INFO - Processing /home/akranth/airflow/airflow_env/lib/python3.11/site-packages/airflow/example_dags/example_latest_only.py took 0.352 seconds
[2024-03-01T16:19:15.820+0530] {processor.py:161} INFO - Started process (PID=7186) to work on /home/akranth/airflow/airflow_env/lib/python3.11/site-packages/airflow/example_dags/example_latest_only.py
[2024-03-01T16:19:15.821+0530] {processor.py:830} INFO - Processing file /home/akranth/airflow/airflow_env/lib/python3.11/site-packages/airflow/example_dags/example_latest_only.py for tasks to queue
[2024-03-01T16:19:15.822+0530] {logging_mixin.py:188} INFO - [2024-03-01T16:19:15.822+0530] {dagbag.py:540} INFO - Filling up the DagBag from /home/akranth/airflow/airflow_env/lib/python3.11/site-packages/airflow/example_dags/example_latest_only.py
[2024-03-01T16:19:15.826+0530] {processor.py:840} INFO - DAG(s) 'latest_only' retrieved from /home/akranth/airflow/airflow_env/lib/python3.11/site-packages/airflow/example_dags/example_latest_only.py
[2024-03-01T16:19:15.839+0530] {logging_mixin.py:188} INFO - [2024-03-01T16:19:15.839+0530] {dag.py:3047} INFO - Sync 1 DAGs
[2024-03-01T16:19:15.930+0530] {logging_mixin.py:188} INFO - [2024-03-01T16:19:15.930+0530] {dag.py:3834} INFO - Setting next_dagrun for latest_only to 2024-03-01 04:00:00+00:00, run_after=2024-03-01 08:00:00+00:00
[2024-03-01T16:19:16.042+0530] {processor.py:183} INFO - Processing /home/akranth/airflow/airflow_env/lib/python3.11/site-packages/airflow/example_dags/example_latest_only.py took 0.224 seconds
[2024-03-01T16:20:18.068+0530] {processor.py:161} INFO - Started process (PID=7338) to work on /home/akranth/airflow/airflow_env/lib/python3.11/site-packages/airflow/example_dags/example_latest_only.py
[2024-03-01T16:20:18.069+0530] {processor.py:830} INFO - Processing file /home/akranth/airflow/airflow_env/lib/python3.11/site-packages/airflow/example_dags/example_latest_only.py for tasks to queue
[2024-03-01T16:20:18.070+0530] {logging_mixin.py:188} INFO - [2024-03-01T16:20:18.070+0530] {dagbag.py:540} INFO - Filling up the DagBag from /home/akranth/airflow/airflow_env/lib/python3.11/site-packages/airflow/example_dags/example_latest_only.py
[2024-03-01T16:20:18.076+0530] {processor.py:840} INFO - DAG(s) 'latest_only' retrieved from /home/akranth/airflow/airflow_env/lib/python3.11/site-packages/airflow/example_dags/example_latest_only.py
[2024-03-01T16:20:18.090+0530] {logging_mixin.py:188} INFO - [2024-03-01T16:20:18.090+0530] {dag.py:3047} INFO - Sync 1 DAGs
[2024-03-01T16:20:18.107+0530] {logging_mixin.py:188} INFO - [2024-03-01T16:20:18.107+0530] {dag.py:3834} INFO - Setting next_dagrun for latest_only to 2024-03-01 04:00:00+00:00, run_after=2024-03-01 08:00:00+00:00
[2024-03-01T16:20:18.202+0530] {processor.py:183} INFO - Processing /home/akranth/airflow/airflow_env/lib/python3.11/site-packages/airflow/example_dags/example_latest_only.py took 0.136 seconds
[2024-03-01T16:21:17.760+0530] {processor.py:161} INFO - Started process (PID=7408) to work on /home/akranth/airflow/airflow_env/lib/python3.11/site-packages/airflow/example_dags/example_latest_only.py
[2024-03-01T16:21:17.784+0530] {processor.py:830} INFO - Processing file /home/akranth/airflow/airflow_env/lib/python3.11/site-packages/airflow/example_dags/example_latest_only.py for tasks to queue
[2024-03-01T16:21:17.785+0530] {logging_mixin.py:188} INFO - [2024-03-01T16:21:17.785+0530] {dagbag.py:540} INFO - Filling up the DagBag from /home/akranth/airflow/airflow_env/lib/python3.11/site-packages/airflow/example_dags/example_latest_only.py
[2024-03-01T16:21:17.790+0530] {processor.py:840} INFO - DAG(s) 'latest_only' retrieved from /home/akranth/airflow/airflow_env/lib/python3.11/site-packages/airflow/example_dags/example_latest_only.py
[2024-03-01T16:21:17.804+0530] {logging_mixin.py:188} INFO - [2024-03-01T16:21:17.804+0530] {dag.py:3047} INFO - Sync 1 DAGs
[2024-03-01T16:21:17.821+0530] {logging_mixin.py:188} INFO - [2024-03-01T16:21:17.821+0530] {dag.py:3834} INFO - Setting next_dagrun for latest_only to 2024-03-01 04:00:00+00:00, run_after=2024-03-01 08:00:00+00:00
[2024-03-01T16:21:17.931+0530] {processor.py:183} INFO - Processing /home/akranth/airflow/airflow_env/lib/python3.11/site-packages/airflow/example_dags/example_latest_only.py took 0.172 seconds
[2024-03-01T16:22:22.086+0530] {processor.py:161} INFO - Started process (PID=7485) to work on /home/akranth/airflow/airflow_env/lib/python3.11/site-packages/airflow/example_dags/example_latest_only.py
[2024-03-01T16:22:22.118+0530] {processor.py:830} INFO - Processing file /home/akranth/airflow/airflow_env/lib/python3.11/site-packages/airflow/example_dags/example_latest_only.py for tasks to queue
[2024-03-01T16:22:22.118+0530] {logging_mixin.py:188} INFO - [2024-03-01T16:22:22.118+0530] {dagbag.py:540} INFO - Filling up the DagBag from /home/akranth/airflow/airflow_env/lib/python3.11/site-packages/airflow/example_dags/example_latest_only.py
[2024-03-01T16:22:22.122+0530] {processor.py:840} INFO - DAG(s) 'latest_only' retrieved from /home/akranth/airflow/airflow_env/lib/python3.11/site-packages/airflow/example_dags/example_latest_only.py
[2024-03-01T16:22:22.136+0530] {logging_mixin.py:188} INFO - [2024-03-01T16:22:22.136+0530] {dag.py:3047} INFO - Sync 1 DAGs
[2024-03-01T16:22:22.154+0530] {logging_mixin.py:188} INFO - [2024-03-01T16:22:22.154+0530] {dag.py:3834} INFO - Setting next_dagrun for latest_only to 2024-03-01 04:00:00+00:00, run_after=2024-03-01 08:00:00+00:00
[2024-03-01T16:22:22.424+0530] {processor.py:183} INFO - Processing /home/akranth/airflow/airflow_env/lib/python3.11/site-packages/airflow/example_dags/example_latest_only.py took 0.341 seconds
[2024-03-01T16:23:18.966+0530] {processor.py:161} INFO - Started process (PID=7542) to work on /home/akranth/airflow/airflow_env/lib/python3.11/site-packages/airflow/example_dags/example_latest_only.py
[2024-03-01T16:23:19.046+0530] {processor.py:830} INFO - Processing file /home/akranth/airflow/airflow_env/lib/python3.11/site-packages/airflow/example_dags/example_latest_only.py for tasks to queue
[2024-03-01T16:23:19.049+0530] {logging_mixin.py:188} INFO - [2024-03-01T16:23:19.048+0530] {dagbag.py:540} INFO - Filling up the DagBag from /home/akranth/airflow/airflow_env/lib/python3.11/site-packages/airflow/example_dags/example_latest_only.py
[2024-03-01T16:23:19.056+0530] {processor.py:840} INFO - DAG(s) 'latest_only' retrieved from /home/akranth/airflow/airflow_env/lib/python3.11/site-packages/airflow/example_dags/example_latest_only.py
[2024-03-01T16:23:19.068+0530] {logging_mixin.py:188} INFO - [2024-03-01T16:23:19.068+0530] {dag.py:3047} INFO - Sync 1 DAGs
[2024-03-01T16:23:19.085+0530] {logging_mixin.py:188} INFO - [2024-03-01T16:23:19.085+0530] {dag.py:3834} INFO - Setting next_dagrun for latest_only to 2024-03-01 04:00:00+00:00, run_after=2024-03-01 08:00:00+00:00
[2024-03-01T16:23:19.199+0530] {processor.py:183} INFO - Processing /home/akranth/airflow/airflow_env/lib/python3.11/site-packages/airflow/example_dags/example_latest_only.py took 0.235 seconds
[2024-03-01T16:24:17.868+0530] {processor.py:161} INFO - Started process (PID=7599) to work on /home/akranth/airflow/airflow_env/lib/python3.11/site-packages/airflow/example_dags/example_latest_only.py
[2024-03-01T16:24:17.869+0530] {processor.py:830} INFO - Processing file /home/akranth/airflow/airflow_env/lib/python3.11/site-packages/airflow/example_dags/example_latest_only.py for tasks to queue
[2024-03-01T16:24:17.869+0530] {logging_mixin.py:188} INFO - [2024-03-01T16:24:17.869+0530] {dagbag.py:540} INFO - Filling up the DagBag from /home/akranth/airflow/airflow_env/lib/python3.11/site-packages/airflow/example_dags/example_latest_only.py
[2024-03-01T16:24:17.873+0530] {processor.py:840} INFO - DAG(s) 'latest_only' retrieved from /home/akranth/airflow/airflow_env/lib/python3.11/site-packages/airflow/example_dags/example_latest_only.py
[2024-03-01T16:24:17.888+0530] {logging_mixin.py:188} INFO - [2024-03-01T16:24:17.888+0530] {dag.py:3047} INFO - Sync 1 DAGs
[2024-03-01T16:24:17.906+0530] {logging_mixin.py:188} INFO - [2024-03-01T16:24:17.905+0530] {dag.py:3834} INFO - Setting next_dagrun for latest_only to 2024-03-01 04:00:00+00:00, run_after=2024-03-01 08:00:00+00:00
[2024-03-01T16:24:18.179+0530] {processor.py:183} INFO - Processing /home/akranth/airflow/airflow_env/lib/python3.11/site-packages/airflow/example_dags/example_latest_only.py took 0.313 seconds
[2024-03-01T16:25:24.572+0530] {processor.py:161} INFO - Started process (PID=7670) to work on /home/akranth/airflow/airflow_env/lib/python3.11/site-packages/airflow/example_dags/example_latest_only.py
[2024-03-01T16:25:24.572+0530] {processor.py:830} INFO - Processing file /home/akranth/airflow/airflow_env/lib/python3.11/site-packages/airflow/example_dags/example_latest_only.py for tasks to queue
[2024-03-01T16:25:24.573+0530] {logging_mixin.py:188} INFO - [2024-03-01T16:25:24.573+0530] {dagbag.py:540} INFO - Filling up the DagBag from /home/akranth/airflow/airflow_env/lib/python3.11/site-packages/airflow/example_dags/example_latest_only.py
[2024-03-01T16:25:24.577+0530] {processor.py:840} INFO - DAG(s) 'latest_only' retrieved from /home/akranth/airflow/airflow_env/lib/python3.11/site-packages/airflow/example_dags/example_latest_only.py
[2024-03-01T16:25:24.588+0530] {logging_mixin.py:188} INFO - [2024-03-01T16:25:24.588+0530] {dag.py:3047} INFO - Sync 1 DAGs
[2024-03-01T16:25:24.601+0530] {logging_mixin.py:188} INFO - [2024-03-01T16:25:24.601+0530] {dag.py:3834} INFO - Setting next_dagrun for latest_only to 2024-03-01 04:00:00+00:00, run_after=2024-03-01 08:00:00+00:00
[2024-03-01T16:25:24.783+0530] {processor.py:183} INFO - Processing /home/akranth/airflow/airflow_env/lib/python3.11/site-packages/airflow/example_dags/example_latest_only.py took 0.213 seconds
[2024-03-01T16:26:25.324+0530] {processor.py:161} INFO - Started process (PID=7734) to work on /home/akranth/airflow/airflow_env/lib/python3.11/site-packages/airflow/example_dags/example_latest_only.py
[2024-03-01T16:26:25.326+0530] {processor.py:830} INFO - Processing file /home/akranth/airflow/airflow_env/lib/python3.11/site-packages/airflow/example_dags/example_latest_only.py for tasks to queue
[2024-03-01T16:26:25.327+0530] {logging_mixin.py:188} INFO - [2024-03-01T16:26:25.326+0530] {dagbag.py:540} INFO - Filling up the DagBag from /home/akranth/airflow/airflow_env/lib/python3.11/site-packages/airflow/example_dags/example_latest_only.py
[2024-03-01T16:26:25.332+0530] {processor.py:840} INFO - DAG(s) 'latest_only' retrieved from /home/akranth/airflow/airflow_env/lib/python3.11/site-packages/airflow/example_dags/example_latest_only.py
[2024-03-01T16:26:25.348+0530] {logging_mixin.py:188} INFO - [2024-03-01T16:26:25.347+0530] {dag.py:3047} INFO - Sync 1 DAGs
[2024-03-01T16:26:25.368+0530] {logging_mixin.py:188} INFO - [2024-03-01T16:26:25.368+0530] {dag.py:3834} INFO - Setting next_dagrun for latest_only to 2024-03-01 04:00:00+00:00, run_after=2024-03-01 08:00:00+00:00
[2024-03-01T16:26:25.493+0530] {processor.py:183} INFO - Processing /home/akranth/airflow/airflow_env/lib/python3.11/site-packages/airflow/example_dags/example_latest_only.py took 0.172 seconds
[2024-03-01T16:27:20.049+0530] {processor.py:161} INFO - Started process (PID=7796) to work on /home/akranth/airflow/airflow_env/lib/python3.11/site-packages/airflow/example_dags/example_latest_only.py
[2024-03-01T16:27:20.051+0530] {processor.py:830} INFO - Processing file /home/akranth/airflow/airflow_env/lib/python3.11/site-packages/airflow/example_dags/example_latest_only.py for tasks to queue
[2024-03-01T16:27:20.053+0530] {logging_mixin.py:188} INFO - [2024-03-01T16:27:20.052+0530] {dagbag.py:540} INFO - Filling up the DagBag from /home/akranth/airflow/airflow_env/lib/python3.11/site-packages/airflow/example_dags/example_latest_only.py
[2024-03-01T16:27:20.065+0530] {processor.py:840} INFO - DAG(s) 'latest_only' retrieved from /home/akranth/airflow/airflow_env/lib/python3.11/site-packages/airflow/example_dags/example_latest_only.py
[2024-03-01T16:27:20.086+0530] {logging_mixin.py:188} INFO - [2024-03-01T16:27:20.085+0530] {dag.py:3047} INFO - Sync 1 DAGs
[2024-03-01T16:27:20.101+0530] {logging_mixin.py:188} INFO - [2024-03-01T16:27:20.101+0530] {dag.py:3834} INFO - Setting next_dagrun for latest_only to 2024-03-01 04:00:00+00:00, run_after=2024-03-01 08:00:00+00:00
[2024-03-01T16:27:20.219+0530] {processor.py:183} INFO - Processing /home/akranth/airflow/airflow_env/lib/python3.11/site-packages/airflow/example_dags/example_latest_only.py took 0.176 seconds
[2024-03-01T16:28:21.111+0530] {processor.py:161} INFO - Started process (PID=7872) to work on /home/akranth/airflow/airflow_env/lib/python3.11/site-packages/airflow/example_dags/example_latest_only.py
[2024-03-01T16:28:21.137+0530] {processor.py:830} INFO - Processing file /home/akranth/airflow/airflow_env/lib/python3.11/site-packages/airflow/example_dags/example_latest_only.py for tasks to queue
[2024-03-01T16:28:21.139+0530] {logging_mixin.py:188} INFO - [2024-03-01T16:28:21.138+0530] {dagbag.py:540} INFO - Filling up the DagBag from /home/akranth/airflow/airflow_env/lib/python3.11/site-packages/airflow/example_dags/example_latest_only.py
[2024-03-01T16:28:21.145+0530] {processor.py:840} INFO - DAG(s) 'latest_only' retrieved from /home/akranth/airflow/airflow_env/lib/python3.11/site-packages/airflow/example_dags/example_latest_only.py
[2024-03-01T16:28:21.156+0530] {logging_mixin.py:188} INFO - [2024-03-01T16:28:21.156+0530] {dag.py:3047} INFO - Sync 1 DAGs
[2024-03-01T16:28:21.170+0530] {logging_mixin.py:188} INFO - [2024-03-01T16:28:21.170+0530] {dag.py:3834} INFO - Setting next_dagrun for latest_only to 2024-03-01 04:00:00+00:00, run_after=2024-03-01 08:00:00+00:00
[2024-03-01T16:28:21.308+0530] {processor.py:183} INFO - Processing /home/akranth/airflow/airflow_env/lib/python3.11/site-packages/airflow/example_dags/example_latest_only.py took 0.199 seconds
[2024-03-01T16:29:38.793+0530] {processor.py:161} INFO - Started process (PID=7963) to work on /home/akranth/airflow/airflow_env/lib/python3.11/site-packages/airflow/example_dags/example_latest_only.py
[2024-03-01T16:29:38.888+0530] {processor.py:830} INFO - Processing file /home/akranth/airflow/airflow_env/lib/python3.11/site-packages/airflow/example_dags/example_latest_only.py for tasks to queue
[2024-03-01T16:29:38.891+0530] {logging_mixin.py:188} INFO - [2024-03-01T16:29:38.890+0530] {dagbag.py:540} INFO - Filling up the DagBag from /home/akranth/airflow/airflow_env/lib/python3.11/site-packages/airflow/example_dags/example_latest_only.py
[2024-03-01T16:29:38.903+0530] {processor.py:840} INFO - DAG(s) 'latest_only' retrieved from /home/akranth/airflow/airflow_env/lib/python3.11/site-packages/airflow/example_dags/example_latest_only.py
[2024-03-01T16:29:38.930+0530] {logging_mixin.py:188} INFO - [2024-03-01T16:29:38.930+0530] {dag.py:3047} INFO - Sync 1 DAGs
[2024-03-01T16:29:38.948+0530] {logging_mixin.py:188} INFO - [2024-03-01T16:29:38.947+0530] {dag.py:3834} INFO - Setting next_dagrun for latest_only to 2024-03-01 04:00:00+00:00, run_after=2024-03-01 08:00:00+00:00
[2024-03-01T16:29:39.113+0530] {processor.py:183} INFO - Processing /home/akranth/airflow/airflow_env/lib/python3.11/site-packages/airflow/example_dags/example_latest_only.py took 0.324 seconds
[2024-03-01T16:31:05.725+0530] {processor.py:161} INFO - Started process (PID=8289) to work on /home/akranth/airflow/airflow_env/lib/python3.11/site-packages/airflow/example_dags/example_latest_only.py
[2024-03-01T16:31:05.795+0530] {processor.py:830} INFO - Processing file /home/akranth/airflow/airflow_env/lib/python3.11/site-packages/airflow/example_dags/example_latest_only.py for tasks to queue
[2024-03-01T16:31:05.797+0530] {logging_mixin.py:188} INFO - [2024-03-01T16:31:05.796+0530] {dagbag.py:540} INFO - Filling up the DagBag from /home/akranth/airflow/airflow_env/lib/python3.11/site-packages/airflow/example_dags/example_latest_only.py
[2024-03-01T16:31:05.803+0530] {processor.py:840} INFO - DAG(s) 'latest_only' retrieved from /home/akranth/airflow/airflow_env/lib/python3.11/site-packages/airflow/example_dags/example_latest_only.py
[2024-03-01T16:31:05.814+0530] {logging_mixin.py:188} INFO - [2024-03-01T16:31:05.814+0530] {dag.py:3047} INFO - Sync 1 DAGs
[2024-03-01T16:31:05.829+0530] {logging_mixin.py:188} INFO - [2024-03-01T16:31:05.828+0530] {dag.py:3834} INFO - Setting next_dagrun for latest_only to 2024-03-01 04:00:00+00:00, run_after=2024-03-01 08:00:00+00:00
[2024-03-01T16:31:06.008+0530] {processor.py:183} INFO - Processing /home/akranth/airflow/airflow_env/lib/python3.11/site-packages/airflow/example_dags/example_latest_only.py took 0.285 seconds
[2024-03-01T16:32:40.955+0530] {processor.py:161} INFO - Started process (PID=9285) to work on /home/akranth/airflow/airflow_env/lib/python3.11/site-packages/airflow/example_dags/example_latest_only.py
[2024-03-01T16:32:40.957+0530] {processor.py:830} INFO - Processing file /home/akranth/airflow/airflow_env/lib/python3.11/site-packages/airflow/example_dags/example_latest_only.py for tasks to queue
[2024-03-01T16:32:40.958+0530] {logging_mixin.py:188} INFO - [2024-03-01T16:32:40.958+0530] {dagbag.py:540} INFO - Filling up the DagBag from /home/akranth/airflow/airflow_env/lib/python3.11/site-packages/airflow/example_dags/example_latest_only.py
[2024-03-01T16:32:40.967+0530] {processor.py:840} INFO - DAG(s) 'latest_only' retrieved from /home/akranth/airflow/airflow_env/lib/python3.11/site-packages/airflow/example_dags/example_latest_only.py
[2024-03-01T16:32:40.990+0530] {logging_mixin.py:188} INFO - [2024-03-01T16:32:40.990+0530] {dag.py:3047} INFO - Sync 1 DAGs
[2024-03-01T16:32:41.007+0530] {logging_mixin.py:188} INFO - [2024-03-01T16:32:41.007+0530] {dag.py:3834} INFO - Setting next_dagrun for latest_only to 2024-03-01 04:00:00+00:00, run_after=2024-03-01 08:00:00+00:00
[2024-03-01T16:32:41.119+0530] {processor.py:183} INFO - Processing /home/akranth/airflow/airflow_env/lib/python3.11/site-packages/airflow/example_dags/example_latest_only.py took 0.168 seconds
[2024-03-01T16:33:36.190+0530] {processor.py:161} INFO - Started process (PID=9381) to work on /home/akranth/airflow/airflow_env/lib/python3.11/site-packages/airflow/example_dags/example_latest_only.py
[2024-03-01T16:33:36.200+0530] {processor.py:830} INFO - Processing file /home/akranth/airflow/airflow_env/lib/python3.11/site-packages/airflow/example_dags/example_latest_only.py for tasks to queue
[2024-03-01T16:33:36.202+0530] {logging_mixin.py:188} INFO - [2024-03-01T16:33:36.201+0530] {dagbag.py:540} INFO - Filling up the DagBag from /home/akranth/airflow/airflow_env/lib/python3.11/site-packages/airflow/example_dags/example_latest_only.py
[2024-03-01T16:33:36.214+0530] {processor.py:840} INFO - DAG(s) 'latest_only' retrieved from /home/akranth/airflow/airflow_env/lib/python3.11/site-packages/airflow/example_dags/example_latest_only.py
[2024-03-01T16:33:36.233+0530] {logging_mixin.py:188} INFO - [2024-03-01T16:33:36.232+0530] {dag.py:3047} INFO - Sync 1 DAGs
[2024-03-01T16:33:36.250+0530] {logging_mixin.py:188} INFO - [2024-03-01T16:33:36.249+0530] {dag.py:3834} INFO - Setting next_dagrun for latest_only to 2024-03-01 04:00:00+00:00, run_after=2024-03-01 08:00:00+00:00
[2024-03-01T16:33:36.366+0530] {processor.py:183} INFO - Processing /home/akranth/airflow/airflow_env/lib/python3.11/site-packages/airflow/example_dags/example_latest_only.py took 0.182 seconds
[2024-03-01T16:34:53.930+0530] {processor.py:161} INFO - Started process (PID=9579) to work on /home/akranth/airflow/airflow_env/lib/python3.11/site-packages/airflow/example_dags/example_latest_only.py
[2024-03-01T16:34:53.931+0530] {processor.py:830} INFO - Processing file /home/akranth/airflow/airflow_env/lib/python3.11/site-packages/airflow/example_dags/example_latest_only.py for tasks to queue
[2024-03-01T16:34:53.932+0530] {logging_mixin.py:188} INFO - [2024-03-01T16:34:53.932+0530] {dagbag.py:540} INFO - Filling up the DagBag from /home/akranth/airflow/airflow_env/lib/python3.11/site-packages/airflow/example_dags/example_latest_only.py
[2024-03-01T16:34:53.937+0530] {processor.py:840} INFO - DAG(s) 'latest_only' retrieved from /home/akranth/airflow/airflow_env/lib/python3.11/site-packages/airflow/example_dags/example_latest_only.py
[2024-03-01T16:34:53.959+0530] {logging_mixin.py:188} INFO - [2024-03-01T16:34:53.959+0530] {dag.py:3047} INFO - Sync 1 DAGs
[2024-03-01T16:34:53.983+0530] {logging_mixin.py:188} INFO - [2024-03-01T16:34:53.983+0530] {dag.py:3834} INFO - Setting next_dagrun for latest_only to 2024-03-01 04:00:00+00:00, run_after=2024-03-01 08:00:00+00:00
[2024-03-01T16:34:54.104+0530] {processor.py:183} INFO - Processing /home/akranth/airflow/airflow_env/lib/python3.11/site-packages/airflow/example_dags/example_latest_only.py took 0.177 seconds
