[2024-03-01T16:18:35.143+0530] {processor.py:161} INFO - Started process (PID=7109) to work on /home/akranth/airflow/airflow_env/lib/python3.11/site-packages/airflow/example_dags/example_setup_teardown_taskflow.py
[2024-03-01T16:18:35.146+0530] {processor.py:830} INFO - Processing file /home/akranth/airflow/airflow_env/lib/python3.11/site-packages/airflow/example_dags/example_setup_teardown_taskflow.py for tasks to queue
[2024-03-01T16:18:35.148+0530] {logging_mixin.py:188} INFO - [2024-03-01T16:18:35.147+0530] {dagbag.py:540} INFO - Filling up the DagBag from /home/akranth/airflow/airflow_env/lib/python3.11/site-packages/airflow/example_dags/example_setup_teardown_taskflow.py
[2024-03-01T16:18:35.164+0530] {processor.py:840} INFO - DAG(s) 'example_setup_teardown_taskflow' retrieved from /home/akranth/airflow/airflow_env/lib/python3.11/site-packages/airflow/example_dags/example_setup_teardown_taskflow.py
[2024-03-01T16:18:35.322+0530] {logging_mixin.py:188} INFO - [2024-03-01T16:18:35.322+0530] {dag.py:3047} INFO - Sync 1 DAGs
[2024-03-01T16:18:35.334+0530] {logging_mixin.py:188} INFO - [2024-03-01T16:18:35.334+0530] {dag.py:3834} INFO - Setting next_dagrun for example_setup_teardown_taskflow to 2024-02-29 00:00:00+00:00, run_after=2024-03-01 00:00:00+00:00
[2024-03-01T16:18:35.523+0530] {processor.py:183} INFO - Processing /home/akranth/airflow/airflow_env/lib/python3.11/site-packages/airflow/example_dags/example_setup_teardown_taskflow.py took 0.387 seconds
[2024-03-01T16:19:51.553+0530] {processor.py:161} INFO - Started process (PID=7241) to work on /home/akranth/airflow/airflow_env/lib/python3.11/site-packages/airflow/example_dags/example_setup_teardown_taskflow.py
[2024-03-01T16:19:51.566+0530] {processor.py:830} INFO - Processing file /home/akranth/airflow/airflow_env/lib/python3.11/site-packages/airflow/example_dags/example_setup_teardown_taskflow.py for tasks to queue
[2024-03-01T16:19:51.567+0530] {logging_mixin.py:188} INFO - [2024-03-01T16:19:51.567+0530] {dagbag.py:540} INFO - Filling up the DagBag from /home/akranth/airflow/airflow_env/lib/python3.11/site-packages/airflow/example_dags/example_setup_teardown_taskflow.py
[2024-03-01T16:19:51.579+0530] {processor.py:840} INFO - DAG(s) 'example_setup_teardown_taskflow' retrieved from /home/akranth/airflow/airflow_env/lib/python3.11/site-packages/airflow/example_dags/example_setup_teardown_taskflow.py
[2024-03-01T16:19:51.694+0530] {logging_mixin.py:188} INFO - [2024-03-01T16:19:51.693+0530] {dag.py:3047} INFO - Sync 1 DAGs
[2024-03-01T16:19:51.709+0530] {logging_mixin.py:188} INFO - [2024-03-01T16:19:51.709+0530] {dag.py:3834} INFO - Setting next_dagrun for example_setup_teardown_taskflow to 2024-02-29 00:00:00+00:00, run_after=2024-03-01 00:00:00+00:00
[2024-03-01T16:19:51.819+0530] {processor.py:183} INFO - Processing /home/akranth/airflow/airflow_env/lib/python3.11/site-packages/airflow/example_dags/example_setup_teardown_taskflow.py took 0.268 seconds
[2024-03-01T16:20:51.682+0530] {processor.py:161} INFO - Started process (PID=7382) to work on /home/akranth/airflow/airflow_env/lib/python3.11/site-packages/airflow/example_dags/example_setup_teardown_taskflow.py
[2024-03-01T16:20:51.683+0530] {processor.py:830} INFO - Processing file /home/akranth/airflow/airflow_env/lib/python3.11/site-packages/airflow/example_dags/example_setup_teardown_taskflow.py for tasks to queue
[2024-03-01T16:20:51.684+0530] {logging_mixin.py:188} INFO - [2024-03-01T16:20:51.683+0530] {dagbag.py:540} INFO - Filling up the DagBag from /home/akranth/airflow/airflow_env/lib/python3.11/site-packages/airflow/example_dags/example_setup_teardown_taskflow.py
[2024-03-01T16:20:51.691+0530] {processor.py:840} INFO - DAG(s) 'example_setup_teardown_taskflow' retrieved from /home/akranth/airflow/airflow_env/lib/python3.11/site-packages/airflow/example_dags/example_setup_teardown_taskflow.py
[2024-03-01T16:20:51.703+0530] {logging_mixin.py:188} INFO - [2024-03-01T16:20:51.703+0530] {dag.py:3047} INFO - Sync 1 DAGs
[2024-03-01T16:20:51.716+0530] {logging_mixin.py:188} INFO - [2024-03-01T16:20:51.716+0530] {dag.py:3834} INFO - Setting next_dagrun for example_setup_teardown_taskflow to 2024-02-29 00:00:00+00:00, run_after=2024-03-01 00:00:00+00:00
[2024-03-01T16:20:51.834+0530] {processor.py:183} INFO - Processing /home/akranth/airflow/airflow_env/lib/python3.11/site-packages/airflow/example_dags/example_setup_teardown_taskflow.py took 0.154 seconds
[2024-03-01T16:21:53.414+0530] {processor.py:161} INFO - Started process (PID=7450) to work on /home/akranth/airflow/airflow_env/lib/python3.11/site-packages/airflow/example_dags/example_setup_teardown_taskflow.py
[2024-03-01T16:21:53.416+0530] {processor.py:830} INFO - Processing file /home/akranth/airflow/airflow_env/lib/python3.11/site-packages/airflow/example_dags/example_setup_teardown_taskflow.py for tasks to queue
[2024-03-01T16:21:53.418+0530] {logging_mixin.py:188} INFO - [2024-03-01T16:21:53.417+0530] {dagbag.py:540} INFO - Filling up the DagBag from /home/akranth/airflow/airflow_env/lib/python3.11/site-packages/airflow/example_dags/example_setup_teardown_taskflow.py
[2024-03-01T16:21:53.437+0530] {processor.py:840} INFO - DAG(s) 'example_setup_teardown_taskflow' retrieved from /home/akranth/airflow/airflow_env/lib/python3.11/site-packages/airflow/example_dags/example_setup_teardown_taskflow.py
[2024-03-01T16:21:53.453+0530] {logging_mixin.py:188} INFO - [2024-03-01T16:21:53.452+0530] {dag.py:3047} INFO - Sync 1 DAGs
[2024-03-01T16:21:53.468+0530] {logging_mixin.py:188} INFO - [2024-03-01T16:21:53.468+0530] {dag.py:3834} INFO - Setting next_dagrun for example_setup_teardown_taskflow to 2024-02-29 00:00:00+00:00, run_after=2024-03-01 00:00:00+00:00
[2024-03-01T16:21:53.752+0530] {processor.py:183} INFO - Processing /home/akranth/airflow/airflow_env/lib/python3.11/site-packages/airflow/example_dags/example_setup_teardown_taskflow.py took 0.346 seconds
[2024-03-01T16:22:52.160+0530] {processor.py:161} INFO - Started process (PID=7513) to work on /home/akranth/airflow/airflow_env/lib/python3.11/site-packages/airflow/example_dags/example_setup_teardown_taskflow.py
[2024-03-01T16:22:52.161+0530] {processor.py:830} INFO - Processing file /home/akranth/airflow/airflow_env/lib/python3.11/site-packages/airflow/example_dags/example_setup_teardown_taskflow.py for tasks to queue
[2024-03-01T16:22:52.161+0530] {logging_mixin.py:188} INFO - [2024-03-01T16:22:52.161+0530] {dagbag.py:540} INFO - Filling up the DagBag from /home/akranth/airflow/airflow_env/lib/python3.11/site-packages/airflow/example_dags/example_setup_teardown_taskflow.py
[2024-03-01T16:22:52.169+0530] {processor.py:840} INFO - DAG(s) 'example_setup_teardown_taskflow' retrieved from /home/akranth/airflow/airflow_env/lib/python3.11/site-packages/airflow/example_dags/example_setup_teardown_taskflow.py
[2024-03-01T16:22:52.181+0530] {logging_mixin.py:188} INFO - [2024-03-01T16:22:52.181+0530] {dag.py:3047} INFO - Sync 1 DAGs
[2024-03-01T16:22:52.196+0530] {logging_mixin.py:188} INFO - [2024-03-01T16:22:52.196+0530] {dag.py:3834} INFO - Setting next_dagrun for example_setup_teardown_taskflow to 2024-02-29 00:00:00+00:00, run_after=2024-03-01 00:00:00+00:00
[2024-03-01T16:22:52.364+0530] {processor.py:183} INFO - Processing /home/akranth/airflow/airflow_env/lib/python3.11/site-packages/airflow/example_dags/example_setup_teardown_taskflow.py took 0.207 seconds
[2024-03-01T16:23:52.282+0530] {processor.py:161} INFO - Started process (PID=7572) to work on /home/akranth/airflow/airflow_env/lib/python3.11/site-packages/airflow/example_dags/example_setup_teardown_taskflow.py
[2024-03-01T16:23:52.283+0530] {processor.py:830} INFO - Processing file /home/akranth/airflow/airflow_env/lib/python3.11/site-packages/airflow/example_dags/example_setup_teardown_taskflow.py for tasks to queue
[2024-03-01T16:23:52.283+0530] {logging_mixin.py:188} INFO - [2024-03-01T16:23:52.283+0530] {dagbag.py:540} INFO - Filling up the DagBag from /home/akranth/airflow/airflow_env/lib/python3.11/site-packages/airflow/example_dags/example_setup_teardown_taskflow.py
[2024-03-01T16:23:52.291+0530] {processor.py:840} INFO - DAG(s) 'example_setup_teardown_taskflow' retrieved from /home/akranth/airflow/airflow_env/lib/python3.11/site-packages/airflow/example_dags/example_setup_teardown_taskflow.py
[2024-03-01T16:23:52.305+0530] {logging_mixin.py:188} INFO - [2024-03-01T16:23:52.305+0530] {dag.py:3047} INFO - Sync 1 DAGs
[2024-03-01T16:23:52.321+0530] {logging_mixin.py:188} INFO - [2024-03-01T16:23:52.320+0530] {dag.py:3834} INFO - Setting next_dagrun for example_setup_teardown_taskflow to 2024-02-29 00:00:00+00:00, run_after=2024-03-01 00:00:00+00:00
[2024-03-01T16:23:52.509+0530] {processor.py:183} INFO - Processing /home/akranth/airflow/airflow_env/lib/python3.11/site-packages/airflow/example_dags/example_setup_teardown_taskflow.py took 0.230 seconds
[2024-03-01T16:24:58.388+0530] {processor.py:161} INFO - Started process (PID=7641) to work on /home/akranth/airflow/airflow_env/lib/python3.11/site-packages/airflow/example_dags/example_setup_teardown_taskflow.py
[2024-03-01T16:24:58.389+0530] {processor.py:830} INFO - Processing file /home/akranth/airflow/airflow_env/lib/python3.11/site-packages/airflow/example_dags/example_setup_teardown_taskflow.py for tasks to queue
[2024-03-01T16:24:58.389+0530] {logging_mixin.py:188} INFO - [2024-03-01T16:24:58.389+0530] {dagbag.py:540} INFO - Filling up the DagBag from /home/akranth/airflow/airflow_env/lib/python3.11/site-packages/airflow/example_dags/example_setup_teardown_taskflow.py
[2024-03-01T16:24:58.398+0530] {processor.py:840} INFO - DAG(s) 'example_setup_teardown_taskflow' retrieved from /home/akranth/airflow/airflow_env/lib/python3.11/site-packages/airflow/example_dags/example_setup_teardown_taskflow.py
[2024-03-01T16:24:58.411+0530] {logging_mixin.py:188} INFO - [2024-03-01T16:24:58.411+0530] {dag.py:3047} INFO - Sync 1 DAGs
[2024-03-01T16:24:58.426+0530] {logging_mixin.py:188} INFO - [2024-03-01T16:24:58.426+0530] {dag.py:3834} INFO - Setting next_dagrun for example_setup_teardown_taskflow to 2024-02-29 00:00:00+00:00, run_after=2024-03-01 00:00:00+00:00
[2024-03-01T16:24:58.614+0530] {processor.py:183} INFO - Processing /home/akranth/airflow/airflow_env/lib/python3.11/site-packages/airflow/example_dags/example_setup_teardown_taskflow.py took 0.229 seconds
[2024-03-01T16:26:01.051+0530] {processor.py:161} INFO - Started process (PID=7710) to work on /home/akranth/airflow/airflow_env/lib/python3.11/site-packages/airflow/example_dags/example_setup_teardown_taskflow.py
[2024-03-01T16:26:01.065+0530] {processor.py:830} INFO - Processing file /home/akranth/airflow/airflow_env/lib/python3.11/site-packages/airflow/example_dags/example_setup_teardown_taskflow.py for tasks to queue
[2024-03-01T16:26:01.067+0530] {logging_mixin.py:188} INFO - [2024-03-01T16:26:01.067+0530] {dagbag.py:540} INFO - Filling up the DagBag from /home/akranth/airflow/airflow_env/lib/python3.11/site-packages/airflow/example_dags/example_setup_teardown_taskflow.py
[2024-03-01T16:26:01.092+0530] {processor.py:840} INFO - DAG(s) 'example_setup_teardown_taskflow' retrieved from /home/akranth/airflow/airflow_env/lib/python3.11/site-packages/airflow/example_dags/example_setup_teardown_taskflow.py
[2024-03-01T16:26:01.109+0530] {logging_mixin.py:188} INFO - [2024-03-01T16:26:01.109+0530] {dag.py:3047} INFO - Sync 1 DAGs
[2024-03-01T16:26:01.125+0530] {logging_mixin.py:188} INFO - [2024-03-01T16:26:01.125+0530] {dag.py:3834} INFO - Setting next_dagrun for example_setup_teardown_taskflow to 2024-02-29 00:00:00+00:00, run_after=2024-03-01 00:00:00+00:00
[2024-03-01T16:26:01.233+0530] {processor.py:183} INFO - Processing /home/akranth/airflow/airflow_env/lib/python3.11/site-packages/airflow/example_dags/example_setup_teardown_taskflow.py took 0.188 seconds
[2024-03-01T16:26:58.811+0530] {processor.py:161} INFO - Started process (PID=7775) to work on /home/akranth/airflow/airflow_env/lib/python3.11/site-packages/airflow/example_dags/example_setup_teardown_taskflow.py
[2024-03-01T16:26:58.834+0530] {processor.py:830} INFO - Processing file /home/akranth/airflow/airflow_env/lib/python3.11/site-packages/airflow/example_dags/example_setup_teardown_taskflow.py for tasks to queue
[2024-03-01T16:26:58.835+0530] {logging_mixin.py:188} INFO - [2024-03-01T16:26:58.835+0530] {dagbag.py:540} INFO - Filling up the DagBag from /home/akranth/airflow/airflow_env/lib/python3.11/site-packages/airflow/example_dags/example_setup_teardown_taskflow.py
[2024-03-01T16:26:58.844+0530] {processor.py:840} INFO - DAG(s) 'example_setup_teardown_taskflow' retrieved from /home/akranth/airflow/airflow_env/lib/python3.11/site-packages/airflow/example_dags/example_setup_teardown_taskflow.py
[2024-03-01T16:26:58.858+0530] {logging_mixin.py:188} INFO - [2024-03-01T16:26:58.858+0530] {dag.py:3047} INFO - Sync 1 DAGs
[2024-03-01T16:26:58.875+0530] {logging_mixin.py:188} INFO - [2024-03-01T16:26:58.875+0530] {dag.py:3834} INFO - Setting next_dagrun for example_setup_teardown_taskflow to 2024-02-29 00:00:00+00:00, run_after=2024-03-01 00:00:00+00:00
[2024-03-01T16:26:58.971+0530] {processor.py:183} INFO - Processing /home/akranth/airflow/airflow_env/lib/python3.11/site-packages/airflow/example_dags/example_setup_teardown_taskflow.py took 0.167 seconds
[2024-03-01T16:27:53.396+0530] {processor.py:161} INFO - Started process (PID=7838) to work on /home/akranth/airflow/airflow_env/lib/python3.11/site-packages/airflow/example_dags/example_setup_teardown_taskflow.py
[2024-03-01T16:27:53.459+0530] {processor.py:830} INFO - Processing file /home/akranth/airflow/airflow_env/lib/python3.11/site-packages/airflow/example_dags/example_setup_teardown_taskflow.py for tasks to queue
[2024-03-01T16:27:53.461+0530] {logging_mixin.py:188} INFO - [2024-03-01T16:27:53.460+0530] {dagbag.py:540} INFO - Filling up the DagBag from /home/akranth/airflow/airflow_env/lib/python3.11/site-packages/airflow/example_dags/example_setup_teardown_taskflow.py
[2024-03-01T16:27:53.486+0530] {processor.py:840} INFO - DAG(s) 'example_setup_teardown_taskflow' retrieved from /home/akranth/airflow/airflow_env/lib/python3.11/site-packages/airflow/example_dags/example_setup_teardown_taskflow.py
[2024-03-01T16:27:53.505+0530] {logging_mixin.py:188} INFO - [2024-03-01T16:27:53.505+0530] {dag.py:3047} INFO - Sync 1 DAGs
[2024-03-01T16:27:53.520+0530] {logging_mixin.py:188} INFO - [2024-03-01T16:27:53.520+0530] {dag.py:3834} INFO - Setting next_dagrun for example_setup_teardown_taskflow to 2024-02-29 00:00:00+00:00, run_after=2024-03-01 00:00:00+00:00
[2024-03-01T16:27:53.614+0530] {processor.py:183} INFO - Processing /home/akranth/airflow/airflow_env/lib/python3.11/site-packages/airflow/example_dags/example_setup_teardown_taskflow.py took 0.220 seconds
[2024-03-01T16:29:10.642+0530] {processor.py:161} INFO - Started process (PID=7929) to work on /home/akranth/airflow/airflow_env/lib/python3.11/site-packages/airflow/example_dags/example_setup_teardown_taskflow.py
[2024-03-01T16:29:10.718+0530] {processor.py:830} INFO - Processing file /home/akranth/airflow/airflow_env/lib/python3.11/site-packages/airflow/example_dags/example_setup_teardown_taskflow.py for tasks to queue
[2024-03-01T16:29:10.720+0530] {logging_mixin.py:188} INFO - [2024-03-01T16:29:10.719+0530] {dagbag.py:540} INFO - Filling up the DagBag from /home/akranth/airflow/airflow_env/lib/python3.11/site-packages/airflow/example_dags/example_setup_teardown_taskflow.py
[2024-03-01T16:29:10.746+0530] {processor.py:840} INFO - DAG(s) 'example_setup_teardown_taskflow' retrieved from /home/akranth/airflow/airflow_env/lib/python3.11/site-packages/airflow/example_dags/example_setup_teardown_taskflow.py
[2024-03-01T16:29:10.769+0530] {logging_mixin.py:188} INFO - [2024-03-01T16:29:10.769+0530] {dag.py:3047} INFO - Sync 1 DAGs
[2024-03-01T16:29:10.783+0530] {logging_mixin.py:188} INFO - [2024-03-01T16:29:10.783+0530] {dag.py:3834} INFO - Setting next_dagrun for example_setup_teardown_taskflow to 2024-02-29 00:00:00+00:00, run_after=2024-03-01 00:00:00+00:00
[2024-03-01T16:29:10.900+0530] {processor.py:183} INFO - Processing /home/akranth/airflow/airflow_env/lib/python3.11/site-packages/airflow/example_dags/example_setup_teardown_taskflow.py took 0.260 seconds
[2024-03-01T16:30:36.384+0530] {processor.py:161} INFO - Started process (PID=8032) to work on /home/akranth/airflow/airflow_env/lib/python3.11/site-packages/airflow/example_dags/example_setup_teardown_taskflow.py
[2024-03-01T16:30:36.407+0530] {processor.py:830} INFO - Processing file /home/akranth/airflow/airflow_env/lib/python3.11/site-packages/airflow/example_dags/example_setup_teardown_taskflow.py for tasks to queue
[2024-03-01T16:30:36.409+0530] {logging_mixin.py:188} INFO - [2024-03-01T16:30:36.408+0530] {dagbag.py:540} INFO - Filling up the DagBag from /home/akranth/airflow/airflow_env/lib/python3.11/site-packages/airflow/example_dags/example_setup_teardown_taskflow.py
[2024-03-01T16:30:36.435+0530] {processor.py:840} INFO - DAG(s) 'example_setup_teardown_taskflow' retrieved from /home/akranth/airflow/airflow_env/lib/python3.11/site-packages/airflow/example_dags/example_setup_teardown_taskflow.py
[2024-03-01T16:30:36.455+0530] {logging_mixin.py:188} INFO - [2024-03-01T16:30:36.455+0530] {dag.py:3047} INFO - Sync 1 DAGs
[2024-03-01T16:30:36.472+0530] {logging_mixin.py:188} INFO - [2024-03-01T16:30:36.471+0530] {dag.py:3834} INFO - Setting next_dagrun for example_setup_teardown_taskflow to 2024-02-29 00:00:00+00:00, run_after=2024-03-01 00:00:00+00:00
[2024-03-01T16:30:36.575+0530] {processor.py:183} INFO - Processing /home/akranth/airflow/airflow_env/lib/python3.11/site-packages/airflow/example_dags/example_setup_teardown_taskflow.py took 0.193 seconds
[2024-03-01T16:31:54.359+0530] {processor.py:161} INFO - Started process (PID=9109) to work on /home/akranth/airflow/airflow_env/lib/python3.11/site-packages/airflow/example_dags/example_setup_teardown_taskflow.py
[2024-03-01T16:31:54.406+0530] {processor.py:830} INFO - Processing file /home/akranth/airflow/airflow_env/lib/python3.11/site-packages/airflow/example_dags/example_setup_teardown_taskflow.py for tasks to queue
[2024-03-01T16:31:54.407+0530] {logging_mixin.py:188} INFO - [2024-03-01T16:31:54.406+0530] {dagbag.py:540} INFO - Filling up the DagBag from /home/akranth/airflow/airflow_env/lib/python3.11/site-packages/airflow/example_dags/example_setup_teardown_taskflow.py
[2024-03-01T16:31:54.420+0530] {processor.py:840} INFO - DAG(s) 'example_setup_teardown_taskflow' retrieved from /home/akranth/airflow/airflow_env/lib/python3.11/site-packages/airflow/example_dags/example_setup_teardown_taskflow.py
[2024-03-01T16:31:54.440+0530] {logging_mixin.py:188} INFO - [2024-03-01T16:31:54.440+0530] {dag.py:3047} INFO - Sync 1 DAGs
[2024-03-01T16:31:54.470+0530] {logging_mixin.py:188} INFO - [2024-03-01T16:31:54.470+0530] {dag.py:3834} INFO - Setting next_dagrun for example_setup_teardown_taskflow to 2024-02-29 00:00:00+00:00, run_after=2024-03-01 00:00:00+00:00
[2024-03-01T16:31:54.677+0530] {processor.py:183} INFO - Processing /home/akranth/airflow/airflow_env/lib/python3.11/site-packages/airflow/example_dags/example_setup_teardown_taskflow.py took 0.321 seconds
[2024-03-01T16:33:08.514+0530] {processor.py:161} INFO - Started process (PID=9331) to work on /home/akranth/airflow/airflow_env/lib/python3.11/site-packages/airflow/example_dags/example_setup_teardown_taskflow.py
[2024-03-01T16:33:08.525+0530] {processor.py:830} INFO - Processing file /home/akranth/airflow/airflow_env/lib/python3.11/site-packages/airflow/example_dags/example_setup_teardown_taskflow.py for tasks to queue
[2024-03-01T16:33:08.526+0530] {logging_mixin.py:188} INFO - [2024-03-01T16:33:08.526+0530] {dagbag.py:540} INFO - Filling up the DagBag from /home/akranth/airflow/airflow_env/lib/python3.11/site-packages/airflow/example_dags/example_setup_teardown_taskflow.py
[2024-03-01T16:33:08.541+0530] {processor.py:840} INFO - DAG(s) 'example_setup_teardown_taskflow' retrieved from /home/akranth/airflow/airflow_env/lib/python3.11/site-packages/airflow/example_dags/example_setup_teardown_taskflow.py
[2024-03-01T16:33:08.559+0530] {logging_mixin.py:188} INFO - [2024-03-01T16:33:08.559+0530] {dag.py:3047} INFO - Sync 1 DAGs
[2024-03-01T16:33:08.578+0530] {logging_mixin.py:188} INFO - [2024-03-01T16:33:08.577+0530] {dag.py:3834} INFO - Setting next_dagrun for example_setup_teardown_taskflow to 2024-02-29 00:00:00+00:00, run_after=2024-03-01 00:00:00+00:00
[2024-03-01T16:33:08.697+0530] {processor.py:183} INFO - Processing /home/akranth/airflow/airflow_env/lib/python3.11/site-packages/airflow/example_dags/example_setup_teardown_taskflow.py took 0.187 seconds
[2024-03-01T16:34:33.456+0530] {processor.py:161} INFO - Started process (PID=9532) to work on /home/akranth/airflow/airflow_env/lib/python3.11/site-packages/airflow/example_dags/example_setup_teardown_taskflow.py
[2024-03-01T16:34:33.471+0530] {processor.py:830} INFO - Processing file /home/akranth/airflow/airflow_env/lib/python3.11/site-packages/airflow/example_dags/example_setup_teardown_taskflow.py for tasks to queue
[2024-03-01T16:34:33.475+0530] {logging_mixin.py:188} INFO - [2024-03-01T16:34:33.473+0530] {dagbag.py:540} INFO - Filling up the DagBag from /home/akranth/airflow/airflow_env/lib/python3.11/site-packages/airflow/example_dags/example_setup_teardown_taskflow.py
[2024-03-01T16:34:33.497+0530] {processor.py:840} INFO - DAG(s) 'example_setup_teardown_taskflow' retrieved from /home/akranth/airflow/airflow_env/lib/python3.11/site-packages/airflow/example_dags/example_setup_teardown_taskflow.py
[2024-03-01T16:34:33.513+0530] {logging_mixin.py:188} INFO - [2024-03-01T16:34:33.513+0530] {dag.py:3047} INFO - Sync 1 DAGs
[2024-03-01T16:34:33.530+0530] {logging_mixin.py:188} INFO - [2024-03-01T16:34:33.530+0530] {dag.py:3834} INFO - Setting next_dagrun for example_setup_teardown_taskflow to 2024-02-29 00:00:00+00:00, run_after=2024-03-01 00:00:00+00:00
[2024-03-01T16:34:33.700+0530] {processor.py:183} INFO - Processing /home/akranth/airflow/airflow_env/lib/python3.11/site-packages/airflow/example_dags/example_setup_teardown_taskflow.py took 0.251 seconds
