[2024-03-01T16:18:58.402+0530] {processor.py:161} INFO - Started process (PID=7163) to work on /home/akranth/airflow/airflow_env/lib/python3.11/site-packages/airflow/example_dags/example_dynamic_task_mapping.py
[2024-03-01T16:18:58.403+0530] {processor.py:830} INFO - Processing file /home/akranth/airflow/airflow_env/lib/python3.11/site-packages/airflow/example_dags/example_dynamic_task_mapping.py for tasks to queue
[2024-03-01T16:18:58.405+0530] {logging_mixin.py:188} INFO - [2024-03-01T16:18:58.404+0530] {dagbag.py:540} INFO - Filling up the DagBag from /home/akranth/airflow/airflow_env/lib/python3.11/site-packages/airflow/example_dags/example_dynamic_task_mapping.py
[2024-03-01T16:18:58.412+0530] {processor.py:840} INFO - DAG(s) 'example_dynamic_task_mapping' retrieved from /home/akranth/airflow/airflow_env/lib/python3.11/site-packages/airflow/example_dags/example_dynamic_task_mapping.py
[2024-03-01T16:18:58.613+0530] {logging_mixin.py:188} INFO - [2024-03-01T16:18:58.612+0530] {dag.py:3047} INFO - Sync 1 DAGs
[2024-03-01T16:18:58.628+0530] {logging_mixin.py:188} INFO - [2024-03-01T16:18:58.628+0530] {dag.py:3834} INFO - Setting next_dagrun for example_dynamic_task_mapping to 2022-03-04 00:00:00+00:00, run_after=2022-03-05 00:00:00+00:00
[2024-03-01T16:18:58.775+0530] {processor.py:183} INFO - Processing /home/akranth/airflow/airflow_env/lib/python3.11/site-packages/airflow/example_dags/example_dynamic_task_mapping.py took 0.376 seconds
[2024-03-01T16:20:07.601+0530] {processor.py:161} INFO - Started process (PID=7263) to work on /home/akranth/airflow/airflow_env/lib/python3.11/site-packages/airflow/example_dags/example_dynamic_task_mapping.py
[2024-03-01T16:20:07.603+0530] {processor.py:830} INFO - Processing file /home/akranth/airflow/airflow_env/lib/python3.11/site-packages/airflow/example_dags/example_dynamic_task_mapping.py for tasks to queue
[2024-03-01T16:20:07.605+0530] {logging_mixin.py:188} INFO - [2024-03-01T16:20:07.604+0530] {dagbag.py:540} INFO - Filling up the DagBag from /home/akranth/airflow/airflow_env/lib/python3.11/site-packages/airflow/example_dags/example_dynamic_task_mapping.py
[2024-03-01T16:20:07.620+0530] {processor.py:840} INFO - DAG(s) 'example_dynamic_task_mapping' retrieved from /home/akranth/airflow/airflow_env/lib/python3.11/site-packages/airflow/example_dags/example_dynamic_task_mapping.py
[2024-03-01T16:20:07.636+0530] {logging_mixin.py:188} INFO - [2024-03-01T16:20:07.636+0530] {dag.py:3047} INFO - Sync 1 DAGs
[2024-03-01T16:20:07.651+0530] {logging_mixin.py:188} INFO - [2024-03-01T16:20:07.651+0530] {dag.py:3834} INFO - Setting next_dagrun for example_dynamic_task_mapping to 2022-03-04 00:00:00+00:00, run_after=2022-03-05 00:00:00+00:00
[2024-03-01T16:20:07.763+0530] {processor.py:183} INFO - Processing /home/akranth/airflow/airflow_env/lib/python3.11/site-packages/airflow/example_dags/example_dynamic_task_mapping.py took 0.168 seconds
[2024-03-01T16:21:07.424+0530] {processor.py:161} INFO - Started process (PID=7396) to work on /home/akranth/airflow/airflow_env/lib/python3.11/site-packages/airflow/example_dags/example_dynamic_task_mapping.py
[2024-03-01T16:21:07.425+0530] {processor.py:830} INFO - Processing file /home/akranth/airflow/airflow_env/lib/python3.11/site-packages/airflow/example_dags/example_dynamic_task_mapping.py for tasks to queue
[2024-03-01T16:21:07.425+0530] {logging_mixin.py:188} INFO - [2024-03-01T16:21:07.425+0530] {dagbag.py:540} INFO - Filling up the DagBag from /home/akranth/airflow/airflow_env/lib/python3.11/site-packages/airflow/example_dags/example_dynamic_task_mapping.py
[2024-03-01T16:21:07.431+0530] {processor.py:840} INFO - DAG(s) 'example_dynamic_task_mapping' retrieved from /home/akranth/airflow/airflow_env/lib/python3.11/site-packages/airflow/example_dags/example_dynamic_task_mapping.py
[2024-03-01T16:21:07.442+0530] {logging_mixin.py:188} INFO - [2024-03-01T16:21:07.442+0530] {dag.py:3047} INFO - Sync 1 DAGs
[2024-03-01T16:21:07.456+0530] {logging_mixin.py:188} INFO - [2024-03-01T16:21:07.456+0530] {dag.py:3834} INFO - Setting next_dagrun for example_dynamic_task_mapping to 2022-03-04 00:00:00+00:00, run_after=2022-03-05 00:00:00+00:00
[2024-03-01T16:21:07.636+0530] {processor.py:183} INFO - Processing /home/akranth/airflow/airflow_env/lib/python3.11/site-packages/airflow/example_dags/example_dynamic_task_mapping.py took 0.215 seconds
[2024-03-01T16:22:09.814+0530] {processor.py:161} INFO - Started process (PID=7465) to work on /home/akranth/airflow/airflow_env/lib/python3.11/site-packages/airflow/example_dags/example_dynamic_task_mapping.py
[2024-03-01T16:22:09.815+0530] {processor.py:830} INFO - Processing file /home/akranth/airflow/airflow_env/lib/python3.11/site-packages/airflow/example_dags/example_dynamic_task_mapping.py for tasks to queue
[2024-03-01T16:22:09.815+0530] {logging_mixin.py:188} INFO - [2024-03-01T16:22:09.815+0530] {dagbag.py:540} INFO - Filling up the DagBag from /home/akranth/airflow/airflow_env/lib/python3.11/site-packages/airflow/example_dags/example_dynamic_task_mapping.py
[2024-03-01T16:22:09.820+0530] {processor.py:840} INFO - DAG(s) 'example_dynamic_task_mapping' retrieved from /home/akranth/airflow/airflow_env/lib/python3.11/site-packages/airflow/example_dags/example_dynamic_task_mapping.py
[2024-03-01T16:22:09.833+0530] {logging_mixin.py:188} INFO - [2024-03-01T16:22:09.833+0530] {dag.py:3047} INFO - Sync 1 DAGs
[2024-03-01T16:22:09.849+0530] {logging_mixin.py:188} INFO - [2024-03-01T16:22:09.849+0530] {dag.py:3834} INFO - Setting next_dagrun for example_dynamic_task_mapping to 2022-03-04 00:00:00+00:00, run_after=2022-03-05 00:00:00+00:00
[2024-03-01T16:22:10.036+0530] {processor.py:183} INFO - Processing /home/akranth/airflow/airflow_env/lib/python3.11/site-packages/airflow/example_dags/example_dynamic_task_mapping.py took 0.225 seconds
[2024-03-01T16:23:09.368+0530] {processor.py:161} INFO - Started process (PID=7526) to work on /home/akranth/airflow/airflow_env/lib/python3.11/site-packages/airflow/example_dags/example_dynamic_task_mapping.py
[2024-03-01T16:23:09.369+0530] {processor.py:830} INFO - Processing file /home/akranth/airflow/airflow_env/lib/python3.11/site-packages/airflow/example_dags/example_dynamic_task_mapping.py for tasks to queue
[2024-03-01T16:23:09.369+0530] {logging_mixin.py:188} INFO - [2024-03-01T16:23:09.369+0530] {dagbag.py:540} INFO - Filling up the DagBag from /home/akranth/airflow/airflow_env/lib/python3.11/site-packages/airflow/example_dags/example_dynamic_task_mapping.py
[2024-03-01T16:23:09.374+0530] {processor.py:840} INFO - DAG(s) 'example_dynamic_task_mapping' retrieved from /home/akranth/airflow/airflow_env/lib/python3.11/site-packages/airflow/example_dags/example_dynamic_task_mapping.py
[2024-03-01T16:23:09.384+0530] {logging_mixin.py:188} INFO - [2024-03-01T16:23:09.384+0530] {dag.py:3047} INFO - Sync 1 DAGs
[2024-03-01T16:23:09.398+0530] {logging_mixin.py:188} INFO - [2024-03-01T16:23:09.398+0530] {dag.py:3834} INFO - Setting next_dagrun for example_dynamic_task_mapping to 2022-03-04 00:00:00+00:00, run_after=2022-03-05 00:00:00+00:00
[2024-03-01T16:23:09.520+0530] {processor.py:183} INFO - Processing /home/akranth/airflow/airflow_env/lib/python3.11/site-packages/airflow/example_dags/example_dynamic_task_mapping.py took 0.154 seconds
[2024-03-01T16:24:39.682+0530] {processor.py:161} INFO - Started process (PID=7618) to work on /home/akranth/airflow/airflow_env/lib/python3.11/site-packages/airflow/example_dags/example_dynamic_task_mapping.py
[2024-03-01T16:24:39.684+0530] {processor.py:830} INFO - Processing file /home/akranth/airflow/airflow_env/lib/python3.11/site-packages/airflow/example_dags/example_dynamic_task_mapping.py for tasks to queue
[2024-03-01T16:24:39.686+0530] {logging_mixin.py:188} INFO - [2024-03-01T16:24:39.685+0530] {dagbag.py:540} INFO - Filling up the DagBag from /home/akranth/airflow/airflow_env/lib/python3.11/site-packages/airflow/example_dags/example_dynamic_task_mapping.py
[2024-03-01T16:24:39.698+0530] {processor.py:840} INFO - DAG(s) 'example_dynamic_task_mapping' retrieved from /home/akranth/airflow/airflow_env/lib/python3.11/site-packages/airflow/example_dags/example_dynamic_task_mapping.py
[2024-03-01T16:24:39.714+0530] {logging_mixin.py:188} INFO - [2024-03-01T16:24:39.714+0530] {dag.py:3047} INFO - Sync 1 DAGs
[2024-03-01T16:24:39.733+0530] {logging_mixin.py:188} INFO - [2024-03-01T16:24:39.733+0530] {dag.py:3834} INFO - Setting next_dagrun for example_dynamic_task_mapping to 2022-03-04 00:00:00+00:00, run_after=2022-03-05 00:00:00+00:00
[2024-03-01T16:24:39.908+0530] {processor.py:183} INFO - Processing /home/akranth/airflow/airflow_env/lib/python3.11/site-packages/airflow/example_dags/example_dynamic_task_mapping.py took 0.232 seconds
[2024-03-01T16:25:45.490+0530] {processor.py:161} INFO - Started process (PID=7689) to work on /home/akranth/airflow/airflow_env/lib/python3.11/site-packages/airflow/example_dags/example_dynamic_task_mapping.py
[2024-03-01T16:25:45.491+0530] {processor.py:830} INFO - Processing file /home/akranth/airflow/airflow_env/lib/python3.11/site-packages/airflow/example_dags/example_dynamic_task_mapping.py for tasks to queue
[2024-03-01T16:25:45.491+0530] {logging_mixin.py:188} INFO - [2024-03-01T16:25:45.491+0530] {dagbag.py:540} INFO - Filling up the DagBag from /home/akranth/airflow/airflow_env/lib/python3.11/site-packages/airflow/example_dags/example_dynamic_task_mapping.py
[2024-03-01T16:25:45.498+0530] {processor.py:840} INFO - DAG(s) 'example_dynamic_task_mapping' retrieved from /home/akranth/airflow/airflow_env/lib/python3.11/site-packages/airflow/example_dags/example_dynamic_task_mapping.py
[2024-03-01T16:25:45.509+0530] {logging_mixin.py:188} INFO - [2024-03-01T16:25:45.509+0530] {dag.py:3047} INFO - Sync 1 DAGs
[2024-03-01T16:25:45.524+0530] {logging_mixin.py:188} INFO - [2024-03-01T16:25:45.524+0530] {dag.py:3834} INFO - Setting next_dagrun for example_dynamic_task_mapping to 2022-03-04 00:00:00+00:00, run_after=2022-03-05 00:00:00+00:00
[2024-03-01T16:25:45.722+0530] {processor.py:183} INFO - Processing /home/akranth/airflow/airflow_env/lib/python3.11/site-packages/airflow/example_dags/example_dynamic_task_mapping.py took 0.235 seconds
[2024-03-01T16:26:45.067+0530] {processor.py:161} INFO - Started process (PID=7755) to work on /home/akranth/airflow/airflow_env/lib/python3.11/site-packages/airflow/example_dags/example_dynamic_task_mapping.py
[2024-03-01T16:26:45.068+0530] {processor.py:830} INFO - Processing file /home/akranth/airflow/airflow_env/lib/python3.11/site-packages/airflow/example_dags/example_dynamic_task_mapping.py for tasks to queue
[2024-03-01T16:26:45.069+0530] {logging_mixin.py:188} INFO - [2024-03-01T16:26:45.068+0530] {dagbag.py:540} INFO - Filling up the DagBag from /home/akranth/airflow/airflow_env/lib/python3.11/site-packages/airflow/example_dags/example_dynamic_task_mapping.py
[2024-03-01T16:26:45.074+0530] {processor.py:840} INFO - DAG(s) 'example_dynamic_task_mapping' retrieved from /home/akranth/airflow/airflow_env/lib/python3.11/site-packages/airflow/example_dags/example_dynamic_task_mapping.py
[2024-03-01T16:26:45.087+0530] {logging_mixin.py:188} INFO - [2024-03-01T16:26:45.087+0530] {dag.py:3047} INFO - Sync 1 DAGs
[2024-03-01T16:26:45.103+0530] {logging_mixin.py:188} INFO - [2024-03-01T16:26:45.103+0530] {dag.py:3834} INFO - Setting next_dagrun for example_dynamic_task_mapping to 2022-03-04 00:00:00+00:00, run_after=2022-03-05 00:00:00+00:00
[2024-03-01T16:26:45.233+0530] {processor.py:183} INFO - Processing /home/akranth/airflow/airflow_env/lib/python3.11/site-packages/airflow/example_dags/example_dynamic_task_mapping.py took 0.168 seconds
[2024-03-01T16:28:06.791+0530] {processor.py:161} INFO - Started process (PID=7850) to work on /home/akranth/airflow/airflow_env/lib/python3.11/site-packages/airflow/example_dags/example_dynamic_task_mapping.py
[2024-03-01T16:28:06.792+0530] {processor.py:830} INFO - Processing file /home/akranth/airflow/airflow_env/lib/python3.11/site-packages/airflow/example_dags/example_dynamic_task_mapping.py for tasks to queue
[2024-03-01T16:28:06.792+0530] {logging_mixin.py:188} INFO - [2024-03-01T16:28:06.792+0530] {dagbag.py:540} INFO - Filling up the DagBag from /home/akranth/airflow/airflow_env/lib/python3.11/site-packages/airflow/example_dags/example_dynamic_task_mapping.py
[2024-03-01T16:28:06.800+0530] {processor.py:840} INFO - DAG(s) 'example_dynamic_task_mapping' retrieved from /home/akranth/airflow/airflow_env/lib/python3.11/site-packages/airflow/example_dags/example_dynamic_task_mapping.py
[2024-03-01T16:28:06.813+0530] {logging_mixin.py:188} INFO - [2024-03-01T16:28:06.813+0530] {dag.py:3047} INFO - Sync 1 DAGs
[2024-03-01T16:28:06.830+0530] {logging_mixin.py:188} INFO - [2024-03-01T16:28:06.829+0530] {dag.py:3834} INFO - Setting next_dagrun for example_dynamic_task_mapping to 2022-03-04 00:00:00+00:00, run_after=2022-03-05 00:00:00+00:00
[2024-03-01T16:28:08.052+0530] {processor.py:183} INFO - Processing /home/akranth/airflow/airflow_env/lib/python3.11/site-packages/airflow/example_dags/example_dynamic_task_mapping.py took 1.263 seconds
[2024-03-01T16:29:24.629+0530] {processor.py:161} INFO - Started process (PID=7941) to work on /home/akranth/airflow/airflow_env/lib/python3.11/site-packages/airflow/example_dags/example_dynamic_task_mapping.py
[2024-03-01T16:29:24.717+0530] {processor.py:830} INFO - Processing file /home/akranth/airflow/airflow_env/lib/python3.11/site-packages/airflow/example_dags/example_dynamic_task_mapping.py for tasks to queue
[2024-03-01T16:29:24.719+0530] {logging_mixin.py:188} INFO - [2024-03-01T16:29:24.718+0530] {dagbag.py:540} INFO - Filling up the DagBag from /home/akranth/airflow/airflow_env/lib/python3.11/site-packages/airflow/example_dags/example_dynamic_task_mapping.py
[2024-03-01T16:29:24.734+0530] {processor.py:840} INFO - DAG(s) 'example_dynamic_task_mapping' retrieved from /home/akranth/airflow/airflow_env/lib/python3.11/site-packages/airflow/example_dags/example_dynamic_task_mapping.py
[2024-03-01T16:29:24.756+0530] {logging_mixin.py:188} INFO - [2024-03-01T16:29:24.755+0530] {dag.py:3047} INFO - Sync 1 DAGs
[2024-03-01T16:29:24.775+0530] {logging_mixin.py:188} INFO - [2024-03-01T16:29:24.775+0530] {dag.py:3834} INFO - Setting next_dagrun for example_dynamic_task_mapping to 2022-03-04 00:00:00+00:00, run_after=2022-03-05 00:00:00+00:00
[2024-03-01T16:29:24.886+0530] {processor.py:183} INFO - Processing /home/akranth/airflow/airflow_env/lib/python3.11/site-packages/airflow/example_dags/example_dynamic_task_mapping.py took 0.260 seconds
[2024-03-01T16:30:51.729+0530] {processor.py:161} INFO - Started process (PID=8261) to work on /home/akranth/airflow/airflow_env/lib/python3.11/site-packages/airflow/example_dags/example_dynamic_task_mapping.py
[2024-03-01T16:30:51.748+0530] {processor.py:830} INFO - Processing file /home/akranth/airflow/airflow_env/lib/python3.11/site-packages/airflow/example_dags/example_dynamic_task_mapping.py for tasks to queue
[2024-03-01T16:30:51.750+0530] {logging_mixin.py:188} INFO - [2024-03-01T16:30:51.749+0530] {dagbag.py:540} INFO - Filling up the DagBag from /home/akranth/airflow/airflow_env/lib/python3.11/site-packages/airflow/example_dags/example_dynamic_task_mapping.py
[2024-03-01T16:30:51.762+0530] {processor.py:840} INFO - DAG(s) 'example_dynamic_task_mapping' retrieved from /home/akranth/airflow/airflow_env/lib/python3.11/site-packages/airflow/example_dags/example_dynamic_task_mapping.py
[2024-03-01T16:30:51.778+0530] {logging_mixin.py:188} INFO - [2024-03-01T16:30:51.778+0530] {dag.py:3047} INFO - Sync 1 DAGs
[2024-03-01T16:30:51.800+0530] {logging_mixin.py:188} INFO - [2024-03-01T16:30:51.800+0530] {dag.py:3834} INFO - Setting next_dagrun for example_dynamic_task_mapping to 2022-03-04 00:00:00+00:00, run_after=2022-03-05 00:00:00+00:00
[2024-03-01T16:30:51.939+0530] {processor.py:183} INFO - Processing /home/akranth/airflow/airflow_env/lib/python3.11/site-packages/airflow/example_dags/example_dynamic_task_mapping.py took 0.214 seconds
[2024-03-01T16:32:23.918+0530] {processor.py:161} INFO - Started process (PID=9250) to work on /home/akranth/airflow/airflow_env/lib/python3.11/site-packages/airflow/example_dags/example_dynamic_task_mapping.py
[2024-03-01T16:32:23.924+0530] {processor.py:830} INFO - Processing file /home/akranth/airflow/airflow_env/lib/python3.11/site-packages/airflow/example_dags/example_dynamic_task_mapping.py for tasks to queue
[2024-03-01T16:32:23.926+0530] {logging_mixin.py:188} INFO - [2024-03-01T16:32:23.925+0530] {dagbag.py:540} INFO - Filling up the DagBag from /home/akranth/airflow/airflow_env/lib/python3.11/site-packages/airflow/example_dags/example_dynamic_task_mapping.py
[2024-03-01T16:32:23.949+0530] {processor.py:840} INFO - DAG(s) 'example_dynamic_task_mapping' retrieved from /home/akranth/airflow/airflow_env/lib/python3.11/site-packages/airflow/example_dags/example_dynamic_task_mapping.py
[2024-03-01T16:32:23.973+0530] {logging_mixin.py:188} INFO - [2024-03-01T16:32:23.973+0530] {dag.py:3047} INFO - Sync 1 DAGs
[2024-03-01T16:32:24.001+0530] {logging_mixin.py:188} INFO - [2024-03-01T16:32:24.001+0530] {dag.py:3834} INFO - Setting next_dagrun for example_dynamic_task_mapping to 2022-03-04 00:00:00+00:00, run_after=2022-03-05 00:00:00+00:00
[2024-03-01T16:32:24.162+0530] {processor.py:183} INFO - Processing /home/akranth/airflow/airflow_env/lib/python3.11/site-packages/airflow/example_dags/example_dynamic_task_mapping.py took 0.250 seconds
[2024-03-01T16:33:53.081+0530] {processor.py:161} INFO - Started process (PID=9404) to work on /home/akranth/airflow/airflow_env/lib/python3.11/site-packages/airflow/example_dags/example_dynamic_task_mapping.py
[2024-03-01T16:33:53.083+0530] {processor.py:830} INFO - Processing file /home/akranth/airflow/airflow_env/lib/python3.11/site-packages/airflow/example_dags/example_dynamic_task_mapping.py for tasks to queue
[2024-03-01T16:33:53.085+0530] {logging_mixin.py:188} INFO - [2024-03-01T16:33:53.084+0530] {dagbag.py:540} INFO - Filling up the DagBag from /home/akranth/airflow/airflow_env/lib/python3.11/site-packages/airflow/example_dags/example_dynamic_task_mapping.py
[2024-03-01T16:33:53.100+0530] {processor.py:840} INFO - DAG(s) 'example_dynamic_task_mapping' retrieved from /home/akranth/airflow/airflow_env/lib/python3.11/site-packages/airflow/example_dags/example_dynamic_task_mapping.py
[2024-03-01T16:33:53.116+0530] {logging_mixin.py:188} INFO - [2024-03-01T16:33:53.116+0530] {dag.py:3047} INFO - Sync 1 DAGs
[2024-03-01T16:33:53.142+0530] {logging_mixin.py:188} INFO - [2024-03-01T16:33:53.142+0530] {dag.py:3834} INFO - Setting next_dagrun for example_dynamic_task_mapping to 2022-03-04 00:00:00+00:00, run_after=2022-03-05 00:00:00+00:00
[2024-03-01T16:33:53.293+0530] {processor.py:183} INFO - Processing /home/akranth/airflow/airflow_env/lib/python3.11/site-packages/airflow/example_dags/example_dynamic_task_mapping.py took 0.220 seconds
[2024-03-01T16:35:09.725+0530] {processor.py:161} INFO - Started process (PID=9604) to work on /home/akranth/airflow/airflow_env/lib/python3.11/site-packages/airflow/example_dags/example_dynamic_task_mapping.py
[2024-03-01T16:35:09.727+0530] {processor.py:830} INFO - Processing file /home/akranth/airflow/airflow_env/lib/python3.11/site-packages/airflow/example_dags/example_dynamic_task_mapping.py for tasks to queue
[2024-03-01T16:35:09.729+0530] {logging_mixin.py:188} INFO - [2024-03-01T16:35:09.728+0530] {dagbag.py:540} INFO - Filling up the DagBag from /home/akranth/airflow/airflow_env/lib/python3.11/site-packages/airflow/example_dags/example_dynamic_task_mapping.py
[2024-03-01T16:35:09.745+0530] {processor.py:840} INFO - DAG(s) 'example_dynamic_task_mapping' retrieved from /home/akranth/airflow/airflow_env/lib/python3.11/site-packages/airflow/example_dags/example_dynamic_task_mapping.py
[2024-03-01T16:35:09.764+0530] {logging_mixin.py:188} INFO - [2024-03-01T16:35:09.763+0530] {dag.py:3047} INFO - Sync 1 DAGs
[2024-03-01T16:35:09.783+0530] {logging_mixin.py:188} INFO - [2024-03-01T16:35:09.782+0530] {dag.py:3834} INFO - Setting next_dagrun for example_dynamic_task_mapping to 2022-03-04 00:00:00+00:00, run_after=2022-03-05 00:00:00+00:00
[2024-03-01T16:35:09.905+0530] {processor.py:183} INFO - Processing /home/akranth/airflow/airflow_env/lib/python3.11/site-packages/airflow/example_dags/example_dynamic_task_mapping.py took 0.186 seconds
