[2024-03-01T16:18:19.363+0530] {processor.py:161} INFO - Started process (PID=7083) to work on /home/akranth/airflow/airflow_env/lib/python3.11/site-packages/airflow/example_dags/example_xcom.py
[2024-03-01T16:18:19.363+0530] {processor.py:830} INFO - Processing file /home/akranth/airflow/airflow_env/lib/python3.11/site-packages/airflow/example_dags/example_xcom.py for tasks to queue
[2024-03-01T16:18:19.364+0530] {logging_mixin.py:188} INFO - [2024-03-01T16:18:19.364+0530] {dagbag.py:540} INFO - Filling up the DagBag from /home/akranth/airflow/airflow_env/lib/python3.11/site-packages/airflow/example_dags/example_xcom.py
[2024-03-01T16:18:19.371+0530] {processor.py:840} INFO - DAG(s) 'example_xcom' retrieved from /home/akranth/airflow/airflow_env/lib/python3.11/site-packages/airflow/example_dags/example_xcom.py
[2024-03-01T16:18:19.518+0530] {logging_mixin.py:188} INFO - [2024-03-01T16:18:19.518+0530] {dag.py:3047} INFO - Sync 1 DAGs
[2024-03-01T16:18:19.530+0530] {logging_mixin.py:188} INFO - [2024-03-01T16:18:19.529+0530] {dag.py:3834} INFO - Setting next_dagrun for example_xcom to 2021-01-01 00:00:00+00:00, run_after=2021-01-01 00:00:00+00:00
[2024-03-01T16:18:19.711+0530] {processor.py:183} INFO - Processing /home/akranth/airflow/airflow_env/lib/python3.11/site-packages/airflow/example_dags/example_xcom.py took 0.350 seconds
[2024-03-01T16:19:27.971+0530] {processor.py:161} INFO - Started process (PID=7197) to work on /home/akranth/airflow/airflow_env/lib/python3.11/site-packages/airflow/example_dags/example_xcom.py
[2024-03-01T16:19:27.972+0530] {processor.py:830} INFO - Processing file /home/akranth/airflow/airflow_env/lib/python3.11/site-packages/airflow/example_dags/example_xcom.py for tasks to queue
[2024-03-01T16:19:27.973+0530] {logging_mixin.py:188} INFO - [2024-03-01T16:19:27.972+0530] {dagbag.py:540} INFO - Filling up the DagBag from /home/akranth/airflow/airflow_env/lib/python3.11/site-packages/airflow/example_dags/example_xcom.py
[2024-03-01T16:19:27.979+0530] {processor.py:840} INFO - DAG(s) 'example_xcom' retrieved from /home/akranth/airflow/airflow_env/lib/python3.11/site-packages/airflow/example_dags/example_xcom.py
[2024-03-01T16:19:27.991+0530] {logging_mixin.py:188} INFO - [2024-03-01T16:19:27.991+0530] {dag.py:3047} INFO - Sync 1 DAGs
[2024-03-01T16:19:28.079+0530] {logging_mixin.py:188} INFO - [2024-03-01T16:19:28.079+0530] {dag.py:3834} INFO - Setting next_dagrun for example_xcom to 2021-01-01 00:00:00+00:00, run_after=2021-01-01 00:00:00+00:00
[2024-03-01T16:19:28.266+0530] {processor.py:183} INFO - Processing /home/akranth/airflow/airflow_env/lib/python3.11/site-packages/airflow/example_dags/example_xcom.py took 0.297 seconds
[2024-03-01T16:20:28.641+0530] {processor.py:161} INFO - Started process (PID=7349) to work on /home/akranth/airflow/airflow_env/lib/python3.11/site-packages/airflow/example_dags/example_xcom.py
[2024-03-01T16:20:28.729+0530] {processor.py:830} INFO - Processing file /home/akranth/airflow/airflow_env/lib/python3.11/site-packages/airflow/example_dags/example_xcom.py for tasks to queue
[2024-03-01T16:20:28.730+0530] {logging_mixin.py:188} INFO - [2024-03-01T16:20:28.729+0530] {dagbag.py:540} INFO - Filling up the DagBag from /home/akranth/airflow/airflow_env/lib/python3.11/site-packages/airflow/example_dags/example_xcom.py
[2024-03-01T16:20:28.737+0530] {processor.py:840} INFO - DAG(s) 'example_xcom' retrieved from /home/akranth/airflow/airflow_env/lib/python3.11/site-packages/airflow/example_dags/example_xcom.py
[2024-03-01T16:20:28.750+0530] {logging_mixin.py:188} INFO - [2024-03-01T16:20:28.750+0530] {dag.py:3047} INFO - Sync 1 DAGs
[2024-03-01T16:20:28.769+0530] {logging_mixin.py:188} INFO - [2024-03-01T16:20:28.769+0530] {dag.py:3834} INFO - Setting next_dagrun for example_xcom to 2021-01-01 00:00:00+00:00, run_after=2021-01-01 00:00:00+00:00
[2024-03-01T16:20:28.957+0530] {processor.py:183} INFO - Processing /home/akranth/airflow/airflow_env/lib/python3.11/site-packages/airflow/example_dags/example_xcom.py took 0.318 seconds
[2024-03-01T16:21:29.174+0530] {processor.py:161} INFO - Started process (PID=7420) to work on /home/akranth/airflow/airflow_env/lib/python3.11/site-packages/airflow/example_dags/example_xcom.py
[2024-03-01T16:21:29.260+0530] {processor.py:830} INFO - Processing file /home/akranth/airflow/airflow_env/lib/python3.11/site-packages/airflow/example_dags/example_xcom.py for tasks to queue
[2024-03-01T16:21:29.262+0530] {logging_mixin.py:188} INFO - [2024-03-01T16:21:29.261+0530] {dagbag.py:540} INFO - Filling up the DagBag from /home/akranth/airflow/airflow_env/lib/python3.11/site-packages/airflow/example_dags/example_xcom.py
[2024-03-01T16:21:29.284+0530] {processor.py:840} INFO - DAG(s) 'example_xcom' retrieved from /home/akranth/airflow/airflow_env/lib/python3.11/site-packages/airflow/example_dags/example_xcom.py
[2024-03-01T16:21:29.309+0530] {logging_mixin.py:188} INFO - [2024-03-01T16:21:29.309+0530] {dag.py:3047} INFO - Sync 1 DAGs
[2024-03-01T16:21:29.325+0530] {logging_mixin.py:188} INFO - [2024-03-01T16:21:29.325+0530] {dag.py:3834} INFO - Setting next_dagrun for example_xcom to 2021-01-01 00:00:00+00:00, run_after=2021-01-01 00:00:00+00:00
[2024-03-01T16:21:29.457+0530] {processor.py:183} INFO - Processing /home/akranth/airflow/airflow_env/lib/python3.11/site-packages/airflow/example_dags/example_xcom.py took 0.286 seconds
[2024-03-01T16:22:31.502+0530] {processor.py:161} INFO - Started process (PID=7495) to work on /home/akranth/airflow/airflow_env/lib/python3.11/site-packages/airflow/example_dags/example_xcom.py
[2024-03-01T16:22:31.512+0530] {processor.py:830} INFO - Processing file /home/akranth/airflow/airflow_env/lib/python3.11/site-packages/airflow/example_dags/example_xcom.py for tasks to queue
[2024-03-01T16:22:31.513+0530] {logging_mixin.py:188} INFO - [2024-03-01T16:22:31.512+0530] {dagbag.py:540} INFO - Filling up the DagBag from /home/akranth/airflow/airflow_env/lib/python3.11/site-packages/airflow/example_dags/example_xcom.py
[2024-03-01T16:22:31.519+0530] {processor.py:840} INFO - DAG(s) 'example_xcom' retrieved from /home/akranth/airflow/airflow_env/lib/python3.11/site-packages/airflow/example_dags/example_xcom.py
[2024-03-01T16:22:31.531+0530] {logging_mixin.py:188} INFO - [2024-03-01T16:22:31.531+0530] {dag.py:3047} INFO - Sync 1 DAGs
[2024-03-01T16:22:31.545+0530] {logging_mixin.py:188} INFO - [2024-03-01T16:22:31.544+0530] {dag.py:3834} INFO - Setting next_dagrun for example_xcom to 2021-01-01 00:00:00+00:00, run_after=2021-01-01 00:00:00+00:00
[2024-03-01T16:22:31.900+0530] {processor.py:183} INFO - Processing /home/akranth/airflow/airflow_env/lib/python3.11/site-packages/airflow/example_dags/example_xcom.py took 0.400 seconds
[2024-03-01T16:23:29.082+0530] {processor.py:161} INFO - Started process (PID=7554) to work on /home/akranth/airflow/airflow_env/lib/python3.11/site-packages/airflow/example_dags/example_xcom.py
[2024-03-01T16:23:29.169+0530] {processor.py:830} INFO - Processing file /home/akranth/airflow/airflow_env/lib/python3.11/site-packages/airflow/example_dags/example_xcom.py for tasks to queue
[2024-03-01T16:23:29.171+0530] {logging_mixin.py:188} INFO - [2024-03-01T16:23:29.170+0530] {dagbag.py:540} INFO - Filling up the DagBag from /home/akranth/airflow/airflow_env/lib/python3.11/site-packages/airflow/example_dags/example_xcom.py
[2024-03-01T16:23:29.190+0530] {processor.py:840} INFO - DAG(s) 'example_xcom' retrieved from /home/akranth/airflow/airflow_env/lib/python3.11/site-packages/airflow/example_dags/example_xcom.py
[2024-03-01T16:23:29.214+0530] {logging_mixin.py:188} INFO - [2024-03-01T16:23:29.214+0530] {dag.py:3047} INFO - Sync 1 DAGs
[2024-03-01T16:23:29.230+0530] {logging_mixin.py:188} INFO - [2024-03-01T16:23:29.230+0530] {dag.py:3834} INFO - Setting next_dagrun for example_xcom to 2021-01-01 00:00:00+00:00, run_after=2021-01-01 00:00:00+00:00
[2024-03-01T16:23:29.357+0530] {processor.py:183} INFO - Processing /home/akranth/airflow/airflow_env/lib/python3.11/site-packages/airflow/example_dags/example_xcom.py took 0.278 seconds
[2024-03-01T16:24:30.585+0530] {processor.py:161} INFO - Started process (PID=7610) to work on /home/akranth/airflow/airflow_env/lib/python3.11/site-packages/airflow/example_dags/example_xcom.py
[2024-03-01T16:24:30.672+0530] {processor.py:830} INFO - Processing file /home/akranth/airflow/airflow_env/lib/python3.11/site-packages/airflow/example_dags/example_xcom.py for tasks to queue
[2024-03-01T16:24:30.675+0530] {logging_mixin.py:188} INFO - [2024-03-01T16:24:30.673+0530] {dagbag.py:540} INFO - Filling up the DagBag from /home/akranth/airflow/airflow_env/lib/python3.11/site-packages/airflow/example_dags/example_xcom.py
[2024-03-01T16:24:30.695+0530] {processor.py:840} INFO - DAG(s) 'example_xcom' retrieved from /home/akranth/airflow/airflow_env/lib/python3.11/site-packages/airflow/example_dags/example_xcom.py
[2024-03-01T16:24:30.718+0530] {logging_mixin.py:188} INFO - [2024-03-01T16:24:30.718+0530] {dag.py:3047} INFO - Sync 1 DAGs
[2024-03-01T16:24:30.734+0530] {logging_mixin.py:188} INFO - [2024-03-01T16:24:30.734+0530] {dag.py:3834} INFO - Setting next_dagrun for example_xcom to 2021-01-01 00:00:00+00:00, run_after=2021-01-01 00:00:00+00:00
[2024-03-01T16:24:31.050+0530] {processor.py:183} INFO - Processing /home/akranth/airflow/airflow_env/lib/python3.11/site-packages/airflow/example_dags/example_xcom.py took 0.471 seconds
[2024-03-01T16:25:35.078+0530] {processor.py:161} INFO - Started process (PID=7679) to work on /home/akranth/airflow/airflow_env/lib/python3.11/site-packages/airflow/example_dags/example_xcom.py
[2024-03-01T16:25:35.180+0530] {processor.py:830} INFO - Processing file /home/akranth/airflow/airflow_env/lib/python3.11/site-packages/airflow/example_dags/example_xcom.py for tasks to queue
[2024-03-01T16:25:35.182+0530] {logging_mixin.py:188} INFO - [2024-03-01T16:25:35.181+0530] {dagbag.py:540} INFO - Filling up the DagBag from /home/akranth/airflow/airflow_env/lib/python3.11/site-packages/airflow/example_dags/example_xcom.py
[2024-03-01T16:25:35.203+0530] {processor.py:840} INFO - DAG(s) 'example_xcom' retrieved from /home/akranth/airflow/airflow_env/lib/python3.11/site-packages/airflow/example_dags/example_xcom.py
[2024-03-01T16:25:35.228+0530] {logging_mixin.py:188} INFO - [2024-03-01T16:25:35.228+0530] {dag.py:3047} INFO - Sync 1 DAGs
[2024-03-01T16:25:35.243+0530] {logging_mixin.py:188} INFO - [2024-03-01T16:25:35.243+0530] {dag.py:3834} INFO - Setting next_dagrun for example_xcom to 2021-01-01 00:00:00+00:00, run_after=2021-01-01 00:00:00+00:00
[2024-03-01T16:25:35.378+0530] {processor.py:183} INFO - Processing /home/akranth/airflow/airflow_env/lib/python3.11/site-packages/airflow/example_dags/example_xcom.py took 0.306 seconds
[2024-03-01T16:26:34.558+0530] {processor.py:161} INFO - Started process (PID=7745) to work on /home/akranth/airflow/airflow_env/lib/python3.11/site-packages/airflow/example_dags/example_xcom.py
[2024-03-01T16:26:34.560+0530] {processor.py:830} INFO - Processing file /home/akranth/airflow/airflow_env/lib/python3.11/site-packages/airflow/example_dags/example_xcom.py for tasks to queue
[2024-03-01T16:26:34.560+0530] {logging_mixin.py:188} INFO - [2024-03-01T16:26:34.560+0530] {dagbag.py:540} INFO - Filling up the DagBag from /home/akranth/airflow/airflow_env/lib/python3.11/site-packages/airflow/example_dags/example_xcom.py
[2024-03-01T16:26:34.567+0530] {processor.py:840} INFO - DAG(s) 'example_xcom' retrieved from /home/akranth/airflow/airflow_env/lib/python3.11/site-packages/airflow/example_dags/example_xcom.py
[2024-03-01T16:26:34.580+0530] {logging_mixin.py:188} INFO - [2024-03-01T16:26:34.579+0530] {dag.py:3047} INFO - Sync 1 DAGs
[2024-03-01T16:26:34.594+0530] {logging_mixin.py:188} INFO - [2024-03-01T16:26:34.593+0530] {dag.py:3834} INFO - Setting next_dagrun for example_xcom to 2021-01-01 00:00:00+00:00, run_after=2021-01-01 00:00:00+00:00
[2024-03-01T16:26:34.705+0530] {processor.py:183} INFO - Processing /home/akranth/airflow/airflow_env/lib/python3.11/site-packages/airflow/example_dags/example_xcom.py took 0.150 seconds
[2024-03-01T16:27:30.916+0530] {processor.py:161} INFO - Started process (PID=7807) to work on /home/akranth/airflow/airflow_env/lib/python3.11/site-packages/airflow/example_dags/example_xcom.py
[2024-03-01T16:27:30.958+0530] {processor.py:830} INFO - Processing file /home/akranth/airflow/airflow_env/lib/python3.11/site-packages/airflow/example_dags/example_xcom.py for tasks to queue
[2024-03-01T16:27:30.960+0530] {logging_mixin.py:188} INFO - [2024-03-01T16:27:30.959+0530] {dagbag.py:540} INFO - Filling up the DagBag from /home/akranth/airflow/airflow_env/lib/python3.11/site-packages/airflow/example_dags/example_xcom.py
[2024-03-01T16:27:30.980+0530] {processor.py:840} INFO - DAG(s) 'example_xcom' retrieved from /home/akranth/airflow/airflow_env/lib/python3.11/site-packages/airflow/example_dags/example_xcom.py
[2024-03-01T16:27:31.004+0530] {logging_mixin.py:188} INFO - [2024-03-01T16:27:31.004+0530] {dag.py:3047} INFO - Sync 1 DAGs
[2024-03-01T16:27:31.021+0530] {logging_mixin.py:188} INFO - [2024-03-01T16:27:31.020+0530] {dag.py:3834} INFO - Setting next_dagrun for example_xcom to 2021-01-01 00:00:00+00:00, run_after=2021-01-01 00:00:00+00:00
[2024-03-01T16:27:31.149+0530] {processor.py:183} INFO - Processing /home/akranth/airflow/airflow_env/lib/python3.11/site-packages/airflow/example_dags/example_xcom.py took 0.240 seconds
[2024-03-01T16:28:34.993+0530] {processor.py:161} INFO - Started process (PID=7881) to work on /home/akranth/airflow/airflow_env/lib/python3.11/site-packages/airflow/example_dags/example_xcom.py
[2024-03-01T16:28:35.070+0530] {processor.py:830} INFO - Processing file /home/akranth/airflow/airflow_env/lib/python3.11/site-packages/airflow/example_dags/example_xcom.py for tasks to queue
[2024-03-01T16:28:35.072+0530] {logging_mixin.py:188} INFO - [2024-03-01T16:28:35.071+0530] {dagbag.py:540} INFO - Filling up the DagBag from /home/akranth/airflow/airflow_env/lib/python3.11/site-packages/airflow/example_dags/example_xcom.py
[2024-03-01T16:28:35.091+0530] {processor.py:840} INFO - DAG(s) 'example_xcom' retrieved from /home/akranth/airflow/airflow_env/lib/python3.11/site-packages/airflow/example_dags/example_xcom.py
[2024-03-01T16:28:35.120+0530] {logging_mixin.py:188} INFO - [2024-03-01T16:28:35.120+0530] {dag.py:3047} INFO - Sync 1 DAGs
[2024-03-01T16:28:35.134+0530] {logging_mixin.py:188} INFO - [2024-03-01T16:28:35.134+0530] {dag.py:3834} INFO - Setting next_dagrun for example_xcom to 2021-01-01 00:00:00+00:00, run_after=2021-01-01 00:00:00+00:00
[2024-03-01T16:28:35.272+0530] {processor.py:183} INFO - Processing /home/akranth/airflow/airflow_env/lib/python3.11/site-packages/airflow/example_dags/example_xcom.py took 0.281 seconds
[2024-03-01T16:29:52.605+0530] {processor.py:161} INFO - Started process (PID=7979) to work on /home/akranth/airflow/airflow_env/lib/python3.11/site-packages/airflow/example_dags/example_xcom.py
[2024-03-01T16:29:52.607+0530] {processor.py:830} INFO - Processing file /home/akranth/airflow/airflow_env/lib/python3.11/site-packages/airflow/example_dags/example_xcom.py for tasks to queue
[2024-03-01T16:29:52.609+0530] {logging_mixin.py:188} INFO - [2024-03-01T16:29:52.608+0530] {dagbag.py:540} INFO - Filling up the DagBag from /home/akranth/airflow/airflow_env/lib/python3.11/site-packages/airflow/example_dags/example_xcom.py
[2024-03-01T16:29:52.626+0530] {processor.py:840} INFO - DAG(s) 'example_xcom' retrieved from /home/akranth/airflow/airflow_env/lib/python3.11/site-packages/airflow/example_dags/example_xcom.py
[2024-03-01T16:29:52.644+0530] {logging_mixin.py:188} INFO - [2024-03-01T16:29:52.644+0530] {dag.py:3047} INFO - Sync 1 DAGs
[2024-03-01T16:29:52.665+0530] {logging_mixin.py:188} INFO - [2024-03-01T16:29:52.664+0530] {dag.py:3834} INFO - Setting next_dagrun for example_xcom to 2021-01-01 00:00:00+00:00, run_after=2021-01-01 00:00:00+00:00
[2024-03-01T16:29:52.912+0530] {processor.py:183} INFO - Processing /home/akranth/airflow/airflow_env/lib/python3.11/site-packages/airflow/example_dags/example_xcom.py took 0.314 seconds
[2024-03-01T16:31:16.660+0530] {processor.py:161} INFO - Started process (PID=8308) to work on /home/akranth/airflow/airflow_env/lib/python3.11/site-packages/airflow/example_dags/example_xcom.py
[2024-03-01T16:31:16.665+0530] {processor.py:830} INFO - Processing file /home/akranth/airflow/airflow_env/lib/python3.11/site-packages/airflow/example_dags/example_xcom.py for tasks to queue
[2024-03-01T16:31:16.667+0530] {logging_mixin.py:188} INFO - [2024-03-01T16:31:16.667+0530] {dagbag.py:540} INFO - Filling up the DagBag from /home/akranth/airflow/airflow_env/lib/python3.11/site-packages/airflow/example_dags/example_xcom.py
[2024-03-01T16:31:16.686+0530] {processor.py:840} INFO - DAG(s) 'example_xcom' retrieved from /home/akranth/airflow/airflow_env/lib/python3.11/site-packages/airflow/example_dags/example_xcom.py
[2024-03-01T16:31:16.705+0530] {logging_mixin.py:188} INFO - [2024-03-01T16:31:16.704+0530] {dag.py:3047} INFO - Sync 1 DAGs
[2024-03-01T16:31:16.719+0530] {logging_mixin.py:188} INFO - [2024-03-01T16:31:16.719+0530] {dag.py:3834} INFO - Setting next_dagrun for example_xcom to 2021-01-01 00:00:00+00:00, run_after=2021-01-01 00:00:00+00:00
[2024-03-01T16:31:16.863+0530] {processor.py:183} INFO - Processing /home/akranth/airflow/airflow_env/lib/python3.11/site-packages/airflow/example_dags/example_xcom.py took 0.209 seconds
[2024-03-01T16:32:54.213+0530] {processor.py:161} INFO - Started process (PID=9305) to work on /home/akranth/airflow/airflow_env/lib/python3.11/site-packages/airflow/example_dags/example_xcom.py
[2024-03-01T16:32:54.224+0530] {processor.py:830} INFO - Processing file /home/akranth/airflow/airflow_env/lib/python3.11/site-packages/airflow/example_dags/example_xcom.py for tasks to queue
[2024-03-01T16:32:54.226+0530] {logging_mixin.py:188} INFO - [2024-03-01T16:32:54.225+0530] {dagbag.py:540} INFO - Filling up the DagBag from /home/akranth/airflow/airflow_env/lib/python3.11/site-packages/airflow/example_dags/example_xcom.py
[2024-03-01T16:32:54.245+0530] {processor.py:840} INFO - DAG(s) 'example_xcom' retrieved from /home/akranth/airflow/airflow_env/lib/python3.11/site-packages/airflow/example_dags/example_xcom.py
[2024-03-01T16:32:54.264+0530] {logging_mixin.py:188} INFO - [2024-03-01T16:32:54.263+0530] {dag.py:3047} INFO - Sync 1 DAGs
[2024-03-01T16:32:54.278+0530] {logging_mixin.py:188} INFO - [2024-03-01T16:32:54.278+0530] {dag.py:3834} INFO - Setting next_dagrun for example_xcom to 2021-01-01 00:00:00+00:00, run_after=2021-01-01 00:00:00+00:00
[2024-03-01T16:32:54.393+0530] {processor.py:183} INFO - Processing /home/akranth/airflow/airflow_env/lib/python3.11/site-packages/airflow/example_dags/example_xcom.py took 0.185 seconds
[2024-03-01T16:34:18.182+0530] {processor.py:161} INFO - Started process (PID=9446) to work on /home/akranth/airflow/airflow_env/lib/python3.11/site-packages/airflow/example_dags/example_xcom.py
[2024-03-01T16:34:18.199+0530] {processor.py:830} INFO - Processing file /home/akranth/airflow/airflow_env/lib/python3.11/site-packages/airflow/example_dags/example_xcom.py for tasks to queue
[2024-03-01T16:34:18.202+0530] {logging_mixin.py:188} INFO - [2024-03-01T16:34:18.201+0530] {dagbag.py:540} INFO - Filling up the DagBag from /home/akranth/airflow/airflow_env/lib/python3.11/site-packages/airflow/example_dags/example_xcom.py
[2024-03-01T16:34:18.219+0530] {processor.py:840} INFO - DAG(s) 'example_xcom' retrieved from /home/akranth/airflow/airflow_env/lib/python3.11/site-packages/airflow/example_dags/example_xcom.py
[2024-03-01T16:34:18.237+0530] {logging_mixin.py:188} INFO - [2024-03-01T16:34:18.237+0530] {dag.py:3047} INFO - Sync 1 DAGs
[2024-03-01T16:34:18.260+0530] {logging_mixin.py:188} INFO - [2024-03-01T16:34:18.259+0530] {dag.py:3834} INFO - Setting next_dagrun for example_xcom to 2021-01-01 00:00:00+00:00, run_after=2021-01-01 00:00:00+00:00
[2024-03-01T16:34:18.364+0530] {processor.py:183} INFO - Processing /home/akranth/airflow/airflow_env/lib/python3.11/site-packages/airflow/example_dags/example_xcom.py took 0.191 seconds
[2024-03-01T16:35:21.051+0530] {processor.py:161} INFO - Started process (PID=9630) to work on /home/akranth/airflow/airflow_env/lib/python3.11/site-packages/airflow/example_dags/example_xcom.py
[2024-03-01T16:35:21.069+0530] {processor.py:830} INFO - Processing file /home/akranth/airflow/airflow_env/lib/python3.11/site-packages/airflow/example_dags/example_xcom.py for tasks to queue
[2024-03-01T16:35:21.072+0530] {logging_mixin.py:188} INFO - [2024-03-01T16:35:21.071+0530] {dagbag.py:540} INFO - Filling up the DagBag from /home/akranth/airflow/airflow_env/lib/python3.11/site-packages/airflow/example_dags/example_xcom.py
[2024-03-01T16:35:21.092+0530] {processor.py:840} INFO - DAG(s) 'example_xcom' retrieved from /home/akranth/airflow/airflow_env/lib/python3.11/site-packages/airflow/example_dags/example_xcom.py
[2024-03-01T16:35:21.112+0530] {logging_mixin.py:188} INFO - [2024-03-01T16:35:21.111+0530] {dag.py:3047} INFO - Sync 1 DAGs
[2024-03-01T16:35:21.130+0530] {logging_mixin.py:188} INFO - [2024-03-01T16:35:21.129+0530] {dag.py:3834} INFO - Setting next_dagrun for example_xcom to 2021-01-01 00:00:00+00:00, run_after=2021-01-01 00:00:00+00:00
[2024-03-01T16:35:21.248+0530] {processor.py:183} INFO - Processing /home/akranth/airflow/airflow_env/lib/python3.11/site-packages/airflow/example_dags/example_xcom.py took 0.204 seconds
