[2024-03-01T16:18:56.971+0530] {processor.py:161} INFO - Started process (PID=7162) to work on /home/akranth/airflow/airflow_env/lib/python3.11/site-packages/airflow/example_dags/example_branch_day_of_week_operator.py
[2024-03-01T16:18:56.972+0530] {processor.py:830} INFO - Processing file /home/akranth/airflow/airflow_env/lib/python3.11/site-packages/airflow/example_dags/example_branch_day_of_week_operator.py for tasks to queue
[2024-03-01T16:18:56.972+0530] {logging_mixin.py:188} INFO - [2024-03-01T16:18:56.972+0530] {dagbag.py:540} INFO - Filling up the DagBag from /home/akranth/airflow/airflow_env/lib/python3.11/site-packages/airflow/example_dags/example_branch_day_of_week_operator.py
[2024-03-01T16:18:56.978+0530] {processor.py:840} INFO - DAG(s) 'example_weekday_branch_operator' retrieved from /home/akranth/airflow/airflow_env/lib/python3.11/site-packages/airflow/example_dags/example_branch_day_of_week_operator.py
[2024-03-01T16:18:57.137+0530] {logging_mixin.py:188} INFO - [2024-03-01T16:18:57.137+0530] {dag.py:3047} INFO - Sync 1 DAGs
[2024-03-01T16:18:57.151+0530] {logging_mixin.py:188} INFO - [2024-03-01T16:18:57.150+0530] {dag.py:3834} INFO - Setting next_dagrun for example_weekday_branch_operator to 2024-02-29 00:00:00+00:00, run_after=2024-03-01 00:00:00+00:00
[2024-03-01T16:18:57.266+0530] {processor.py:183} INFO - Processing /home/akranth/airflow/airflow_env/lib/python3.11/site-packages/airflow/example_dags/example_branch_day_of_week_operator.py took 0.297 seconds
[2024-03-01T16:20:06.938+0530] {processor.py:161} INFO - Started process (PID=7262) to work on /home/akranth/airflow/airflow_env/lib/python3.11/site-packages/airflow/example_dags/example_branch_day_of_week_operator.py
[2024-03-01T16:20:06.940+0530] {processor.py:830} INFO - Processing file /home/akranth/airflow/airflow_env/lib/python3.11/site-packages/airflow/example_dags/example_branch_day_of_week_operator.py for tasks to queue
[2024-03-01T16:20:06.942+0530] {logging_mixin.py:188} INFO - [2024-03-01T16:20:06.942+0530] {dagbag.py:540} INFO - Filling up the DagBag from /home/akranth/airflow/airflow_env/lib/python3.11/site-packages/airflow/example_dags/example_branch_day_of_week_operator.py
[2024-03-01T16:20:06.958+0530] {processor.py:840} INFO - DAG(s) 'example_weekday_branch_operator' retrieved from /home/akranth/airflow/airflow_env/lib/python3.11/site-packages/airflow/example_dags/example_branch_day_of_week_operator.py
[2024-03-01T16:20:06.976+0530] {logging_mixin.py:188} INFO - [2024-03-01T16:20:06.976+0530] {dag.py:3047} INFO - Sync 1 DAGs
[2024-03-01T16:20:06.993+0530] {logging_mixin.py:188} INFO - [2024-03-01T16:20:06.993+0530] {dag.py:3834} INFO - Setting next_dagrun for example_weekday_branch_operator to 2024-02-29 00:00:00+00:00, run_after=2024-03-01 00:00:00+00:00
[2024-03-01T16:20:07.188+0530] {processor.py:183} INFO - Processing /home/akranth/airflow/airflow_env/lib/python3.11/site-packages/airflow/example_dags/example_branch_day_of_week_operator.py took 0.256 seconds
[2024-03-01T16:21:06.060+0530] {processor.py:161} INFO - Started process (PID=7395) to work on /home/akranth/airflow/airflow_env/lib/python3.11/site-packages/airflow/example_dags/example_branch_day_of_week_operator.py
[2024-03-01T16:21:06.061+0530] {processor.py:830} INFO - Processing file /home/akranth/airflow/airflow_env/lib/python3.11/site-packages/airflow/example_dags/example_branch_day_of_week_operator.py for tasks to queue
[2024-03-01T16:21:06.062+0530] {logging_mixin.py:188} INFO - [2024-03-01T16:21:06.062+0530] {dagbag.py:540} INFO - Filling up the DagBag from /home/akranth/airflow/airflow_env/lib/python3.11/site-packages/airflow/example_dags/example_branch_day_of_week_operator.py
[2024-03-01T16:21:06.068+0530] {processor.py:840} INFO - DAG(s) 'example_weekday_branch_operator' retrieved from /home/akranth/airflow/airflow_env/lib/python3.11/site-packages/airflow/example_dags/example_branch_day_of_week_operator.py
[2024-03-01T16:21:06.080+0530] {logging_mixin.py:188} INFO - [2024-03-01T16:21:06.080+0530] {dag.py:3047} INFO - Sync 1 DAGs
[2024-03-01T16:21:06.095+0530] {logging_mixin.py:188} INFO - [2024-03-01T16:21:06.095+0530] {dag.py:3834} INFO - Setting next_dagrun for example_weekday_branch_operator to 2024-02-29 00:00:00+00:00, run_after=2024-03-01 00:00:00+00:00
[2024-03-01T16:21:06.277+0530] {processor.py:183} INFO - Processing /home/akranth/airflow/airflow_env/lib/python3.11/site-packages/airflow/example_dags/example_branch_day_of_week_operator.py took 0.219 seconds
[2024-03-01T16:22:08.784+0530] {processor.py:161} INFO - Started process (PID=7464) to work on /home/akranth/airflow/airflow_env/lib/python3.11/site-packages/airflow/example_dags/example_branch_day_of_week_operator.py
[2024-03-01T16:22:08.883+0530] {processor.py:830} INFO - Processing file /home/akranth/airflow/airflow_env/lib/python3.11/site-packages/airflow/example_dags/example_branch_day_of_week_operator.py for tasks to queue
[2024-03-01T16:22:08.884+0530] {logging_mixin.py:188} INFO - [2024-03-01T16:22:08.883+0530] {dagbag.py:540} INFO - Filling up the DagBag from /home/akranth/airflow/airflow_env/lib/python3.11/site-packages/airflow/example_dags/example_branch_day_of_week_operator.py
[2024-03-01T16:22:08.893+0530] {processor.py:840} INFO - DAG(s) 'example_weekday_branch_operator' retrieved from /home/akranth/airflow/airflow_env/lib/python3.11/site-packages/airflow/example_dags/example_branch_day_of_week_operator.py
[2024-03-01T16:22:08.915+0530] {logging_mixin.py:188} INFO - [2024-03-01T16:22:08.915+0530] {dag.py:3047} INFO - Sync 1 DAGs
[2024-03-01T16:22:08.935+0530] {logging_mixin.py:188} INFO - [2024-03-01T16:22:08.935+0530] {dag.py:3834} INFO - Setting next_dagrun for example_weekday_branch_operator to 2024-02-29 00:00:00+00:00, run_after=2024-03-01 00:00:00+00:00
[2024-03-01T16:22:09.070+0530] {processor.py:183} INFO - Processing /home/akranth/airflow/airflow_env/lib/python3.11/site-packages/airflow/example_dags/example_branch_day_of_week_operator.py took 0.290 seconds
[2024-03-01T16:23:08.012+0530] {processor.py:161} INFO - Started process (PID=7525) to work on /home/akranth/airflow/airflow_env/lib/python3.11/site-packages/airflow/example_dags/example_branch_day_of_week_operator.py
[2024-03-01T16:23:08.095+0530] {processor.py:830} INFO - Processing file /home/akranth/airflow/airflow_env/lib/python3.11/site-packages/airflow/example_dags/example_branch_day_of_week_operator.py for tasks to queue
[2024-03-01T16:23:08.097+0530] {logging_mixin.py:188} INFO - [2024-03-01T16:23:08.097+0530] {dagbag.py:540} INFO - Filling up the DagBag from /home/akranth/airflow/airflow_env/lib/python3.11/site-packages/airflow/example_dags/example_branch_day_of_week_operator.py
[2024-03-01T16:23:08.105+0530] {processor.py:840} INFO - DAG(s) 'example_weekday_branch_operator' retrieved from /home/akranth/airflow/airflow_env/lib/python3.11/site-packages/airflow/example_dags/example_branch_day_of_week_operator.py
[2024-03-01T16:23:08.117+0530] {logging_mixin.py:188} INFO - [2024-03-01T16:23:08.117+0530] {dag.py:3047} INFO - Sync 1 DAGs
[2024-03-01T16:23:08.132+0530] {logging_mixin.py:188} INFO - [2024-03-01T16:23:08.132+0530] {dag.py:3834} INFO - Setting next_dagrun for example_weekday_branch_operator to 2024-02-29 00:00:00+00:00, run_after=2024-03-01 00:00:00+00:00
[2024-03-01T16:23:08.239+0530] {processor.py:183} INFO - Processing /home/akranth/airflow/airflow_env/lib/python3.11/site-packages/airflow/example_dags/example_branch_day_of_week_operator.py took 0.229 seconds
[2024-03-01T16:24:38.328+0530] {processor.py:161} INFO - Started process (PID=7617) to work on /home/akranth/airflow/airflow_env/lib/python3.11/site-packages/airflow/example_dags/example_branch_day_of_week_operator.py
[2024-03-01T16:24:38.329+0530] {processor.py:830} INFO - Processing file /home/akranth/airflow/airflow_env/lib/python3.11/site-packages/airflow/example_dags/example_branch_day_of_week_operator.py for tasks to queue
[2024-03-01T16:24:38.330+0530] {logging_mixin.py:188} INFO - [2024-03-01T16:24:38.330+0530] {dagbag.py:540} INFO - Filling up the DagBag from /home/akranth/airflow/airflow_env/lib/python3.11/site-packages/airflow/example_dags/example_branch_day_of_week_operator.py
[2024-03-01T16:24:38.338+0530] {processor.py:840} INFO - DAG(s) 'example_weekday_branch_operator' retrieved from /home/akranth/airflow/airflow_env/lib/python3.11/site-packages/airflow/example_dags/example_branch_day_of_week_operator.py
[2024-03-01T16:24:38.354+0530] {logging_mixin.py:188} INFO - [2024-03-01T16:24:38.354+0530] {dag.py:3047} INFO - Sync 1 DAGs
[2024-03-01T16:24:38.372+0530] {logging_mixin.py:188} INFO - [2024-03-01T16:24:38.372+0530] {dag.py:3834} INFO - Setting next_dagrun for example_weekday_branch_operator to 2024-02-29 00:00:00+00:00, run_after=2024-03-01 00:00:00+00:00
[2024-03-01T16:24:38.559+0530] {processor.py:183} INFO - Processing /home/akranth/airflow/airflow_env/lib/python3.11/site-packages/airflow/example_dags/example_branch_day_of_week_operator.py took 0.233 seconds
[2024-03-01T16:25:44.157+0530] {processor.py:161} INFO - Started process (PID=7688) to work on /home/akranth/airflow/airflow_env/lib/python3.11/site-packages/airflow/example_dags/example_branch_day_of_week_operator.py
[2024-03-01T16:25:44.159+0530] {processor.py:830} INFO - Processing file /home/akranth/airflow/airflow_env/lib/python3.11/site-packages/airflow/example_dags/example_branch_day_of_week_operator.py for tasks to queue
[2024-03-01T16:25:44.161+0530] {logging_mixin.py:188} INFO - [2024-03-01T16:25:44.160+0530] {dagbag.py:540} INFO - Filling up the DagBag from /home/akranth/airflow/airflow_env/lib/python3.11/site-packages/airflow/example_dags/example_branch_day_of_week_operator.py
[2024-03-01T16:25:44.178+0530] {processor.py:840} INFO - DAG(s) 'example_weekday_branch_operator' retrieved from /home/akranth/airflow/airflow_env/lib/python3.11/site-packages/airflow/example_dags/example_branch_day_of_week_operator.py
[2024-03-01T16:25:44.197+0530] {logging_mixin.py:188} INFO - [2024-03-01T16:25:44.196+0530] {dag.py:3047} INFO - Sync 1 DAGs
[2024-03-01T16:25:44.213+0530] {logging_mixin.py:188} INFO - [2024-03-01T16:25:44.213+0530] {dag.py:3834} INFO - Setting next_dagrun for example_weekday_branch_operator to 2024-02-29 00:00:00+00:00, run_after=2024-03-01 00:00:00+00:00
[2024-03-01T16:25:44.404+0530] {processor.py:183} INFO - Processing /home/akranth/airflow/airflow_env/lib/python3.11/site-packages/airflow/example_dags/example_branch_day_of_week_operator.py took 0.254 seconds
[2024-03-01T16:26:44.333+0530] {processor.py:161} INFO - Started process (PID=7754) to work on /home/akranth/airflow/airflow_env/lib/python3.11/site-packages/airflow/example_dags/example_branch_day_of_week_operator.py
[2024-03-01T16:26:44.333+0530] {processor.py:830} INFO - Processing file /home/akranth/airflow/airflow_env/lib/python3.11/site-packages/airflow/example_dags/example_branch_day_of_week_operator.py for tasks to queue
[2024-03-01T16:26:44.334+0530] {logging_mixin.py:188} INFO - [2024-03-01T16:26:44.334+0530] {dagbag.py:540} INFO - Filling up the DagBag from /home/akranth/airflow/airflow_env/lib/python3.11/site-packages/airflow/example_dags/example_branch_day_of_week_operator.py
[2024-03-01T16:26:44.342+0530] {processor.py:840} INFO - DAG(s) 'example_weekday_branch_operator' retrieved from /home/akranth/airflow/airflow_env/lib/python3.11/site-packages/airflow/example_dags/example_branch_day_of_week_operator.py
[2024-03-01T16:26:44.360+0530] {logging_mixin.py:188} INFO - [2024-03-01T16:26:44.360+0530] {dag.py:3047} INFO - Sync 1 DAGs
[2024-03-01T16:26:44.379+0530] {logging_mixin.py:188} INFO - [2024-03-01T16:26:44.378+0530] {dag.py:3834} INFO - Setting next_dagrun for example_weekday_branch_operator to 2024-02-29 00:00:00+00:00, run_after=2024-03-01 00:00:00+00:00
[2024-03-01T16:26:44.490+0530] {processor.py:183} INFO - Processing /home/akranth/airflow/airflow_env/lib/python3.11/site-packages/airflow/example_dags/example_branch_day_of_week_operator.py took 0.160 seconds
[2024-03-01T16:28:05.437+0530] {processor.py:161} INFO - Started process (PID=7849) to work on /home/akranth/airflow/airflow_env/lib/python3.11/site-packages/airflow/example_dags/example_branch_day_of_week_operator.py
[2024-03-01T16:28:05.437+0530] {processor.py:830} INFO - Processing file /home/akranth/airflow/airflow_env/lib/python3.11/site-packages/airflow/example_dags/example_branch_day_of_week_operator.py for tasks to queue
[2024-03-01T16:28:05.438+0530] {logging_mixin.py:188} INFO - [2024-03-01T16:28:05.438+0530] {dagbag.py:540} INFO - Filling up the DagBag from /home/akranth/airflow/airflow_env/lib/python3.11/site-packages/airflow/example_dags/example_branch_day_of_week_operator.py
[2024-03-01T16:28:05.444+0530] {processor.py:840} INFO - DAG(s) 'example_weekday_branch_operator' retrieved from /home/akranth/airflow/airflow_env/lib/python3.11/site-packages/airflow/example_dags/example_branch_day_of_week_operator.py
[2024-03-01T16:28:05.463+0530] {logging_mixin.py:188} INFO - [2024-03-01T16:28:05.462+0530] {dag.py:3047} INFO - Sync 1 DAGs
[2024-03-01T16:28:05.483+0530] {logging_mixin.py:188} INFO - [2024-03-01T16:28:05.483+0530] {dag.py:3834} INFO - Setting next_dagrun for example_weekday_branch_operator to 2024-02-29 00:00:00+00:00, run_after=2024-03-01 00:00:00+00:00
[2024-03-01T16:28:05.666+0530] {processor.py:183} INFO - Processing /home/akranth/airflow/airflow_env/lib/python3.11/site-packages/airflow/example_dags/example_branch_day_of_week_operator.py took 0.232 seconds
[2024-03-01T16:29:23.289+0530] {processor.py:161} INFO - Started process (PID=7940) to work on /home/akranth/airflow/airflow_env/lib/python3.11/site-packages/airflow/example_dags/example_branch_day_of_week_operator.py
[2024-03-01T16:29:23.290+0530] {processor.py:830} INFO - Processing file /home/akranth/airflow/airflow_env/lib/python3.11/site-packages/airflow/example_dags/example_branch_day_of_week_operator.py for tasks to queue
[2024-03-01T16:29:23.290+0530] {logging_mixin.py:188} INFO - [2024-03-01T16:29:23.290+0530] {dagbag.py:540} INFO - Filling up the DagBag from /home/akranth/airflow/airflow_env/lib/python3.11/site-packages/airflow/example_dags/example_branch_day_of_week_operator.py
[2024-03-01T16:29:23.298+0530] {processor.py:840} INFO - DAG(s) 'example_weekday_branch_operator' retrieved from /home/akranth/airflow/airflow_env/lib/python3.11/site-packages/airflow/example_dags/example_branch_day_of_week_operator.py
[2024-03-01T16:29:23.314+0530] {logging_mixin.py:188} INFO - [2024-03-01T16:29:23.314+0530] {dag.py:3047} INFO - Sync 1 DAGs
[2024-03-01T16:29:23.330+0530] {logging_mixin.py:188} INFO - [2024-03-01T16:29:23.330+0530] {dag.py:3834} INFO - Setting next_dagrun for example_weekday_branch_operator to 2024-02-29 00:00:00+00:00, run_after=2024-03-01 00:00:00+00:00
[2024-03-01T16:29:23.521+0530] {processor.py:183} INFO - Processing /home/akranth/airflow/airflow_env/lib/python3.11/site-packages/airflow/example_dags/example_branch_day_of_week_operator.py took 0.234 seconds
[2024-03-01T16:30:50.371+0530] {processor.py:161} INFO - Started process (PID=8260) to work on /home/akranth/airflow/airflow_env/lib/python3.11/site-packages/airflow/example_dags/example_branch_day_of_week_operator.py
[2024-03-01T16:30:50.400+0530] {processor.py:830} INFO - Processing file /home/akranth/airflow/airflow_env/lib/python3.11/site-packages/airflow/example_dags/example_branch_day_of_week_operator.py for tasks to queue
[2024-03-01T16:30:50.402+0530] {logging_mixin.py:188} INFO - [2024-03-01T16:30:50.401+0530] {dagbag.py:540} INFO - Filling up the DagBag from /home/akranth/airflow/airflow_env/lib/python3.11/site-packages/airflow/example_dags/example_branch_day_of_week_operator.py
[2024-03-01T16:30:50.409+0530] {processor.py:840} INFO - DAG(s) 'example_weekday_branch_operator' retrieved from /home/akranth/airflow/airflow_env/lib/python3.11/site-packages/airflow/example_dags/example_branch_day_of_week_operator.py
[2024-03-01T16:30:50.422+0530] {logging_mixin.py:188} INFO - [2024-03-01T16:30:50.421+0530] {dag.py:3047} INFO - Sync 1 DAGs
[2024-03-01T16:30:50.437+0530] {logging_mixin.py:188} INFO - [2024-03-01T16:30:50.437+0530] {dag.py:3834} INFO - Setting next_dagrun for example_weekday_branch_operator to 2024-02-29 00:00:00+00:00, run_after=2024-03-01 00:00:00+00:00
[2024-03-01T16:30:50.610+0530] {processor.py:183} INFO - Processing /home/akranth/airflow/airflow_env/lib/python3.11/site-packages/airflow/example_dags/example_branch_day_of_week_operator.py took 0.241 seconds
[2024-03-01T16:32:22.406+0530] {processor.py:161} INFO - Started process (PID=9248) to work on /home/akranth/airflow/airflow_env/lib/python3.11/site-packages/airflow/example_dags/example_branch_day_of_week_operator.py
[2024-03-01T16:32:22.423+0530] {processor.py:830} INFO - Processing file /home/akranth/airflow/airflow_env/lib/python3.11/site-packages/airflow/example_dags/example_branch_day_of_week_operator.py for tasks to queue
[2024-03-01T16:32:22.424+0530] {logging_mixin.py:188} INFO - [2024-03-01T16:32:22.424+0530] {dagbag.py:540} INFO - Filling up the DagBag from /home/akranth/airflow/airflow_env/lib/python3.11/site-packages/airflow/example_dags/example_branch_day_of_week_operator.py
[2024-03-01T16:32:22.440+0530] {processor.py:840} INFO - DAG(s) 'example_weekday_branch_operator' retrieved from /home/akranth/airflow/airflow_env/lib/python3.11/site-packages/airflow/example_dags/example_branch_day_of_week_operator.py
[2024-03-01T16:32:22.467+0530] {logging_mixin.py:188} INFO - [2024-03-01T16:32:22.467+0530] {dag.py:3047} INFO - Sync 1 DAGs
[2024-03-01T16:32:22.491+0530] {logging_mixin.py:188} INFO - [2024-03-01T16:32:22.491+0530] {dag.py:3834} INFO - Setting next_dagrun for example_weekday_branch_operator to 2024-02-29 00:00:00+00:00, run_after=2024-03-01 00:00:00+00:00
[2024-03-01T16:32:22.715+0530] {processor.py:183} INFO - Processing /home/akranth/airflow/airflow_env/lib/python3.11/site-packages/airflow/example_dags/example_branch_day_of_week_operator.py took 0.310 seconds
[2024-03-01T16:33:51.712+0530] {processor.py:161} INFO - Started process (PID=9401) to work on /home/akranth/airflow/airflow_env/lib/python3.11/site-packages/airflow/example_dags/example_branch_day_of_week_operator.py
[2024-03-01T16:33:51.714+0530] {processor.py:830} INFO - Processing file /home/akranth/airflow/airflow_env/lib/python3.11/site-packages/airflow/example_dags/example_branch_day_of_week_operator.py for tasks to queue
[2024-03-01T16:33:51.717+0530] {logging_mixin.py:188} INFO - [2024-03-01T16:33:51.716+0530] {dagbag.py:540} INFO - Filling up the DagBag from /home/akranth/airflow/airflow_env/lib/python3.11/site-packages/airflow/example_dags/example_branch_day_of_week_operator.py
[2024-03-01T16:33:51.730+0530] {processor.py:840} INFO - DAG(s) 'example_weekday_branch_operator' retrieved from /home/akranth/airflow/airflow_env/lib/python3.11/site-packages/airflow/example_dags/example_branch_day_of_week_operator.py
[2024-03-01T16:33:51.748+0530] {logging_mixin.py:188} INFO - [2024-03-01T16:33:51.748+0530] {dag.py:3047} INFO - Sync 1 DAGs
[2024-03-01T16:33:51.767+0530] {logging_mixin.py:188} INFO - [2024-03-01T16:33:51.766+0530] {dag.py:3834} INFO - Setting next_dagrun for example_weekday_branch_operator to 2024-02-29 00:00:00+00:00, run_after=2024-03-01 00:00:00+00:00
[2024-03-01T16:33:51.929+0530] {processor.py:183} INFO - Processing /home/akranth/airflow/airflow_env/lib/python3.11/site-packages/airflow/example_dags/example_branch_day_of_week_operator.py took 0.225 seconds
[2024-03-01T16:35:08.395+0530] {processor.py:161} INFO - Started process (PID=9602) to work on /home/akranth/airflow/airflow_env/lib/python3.11/site-packages/airflow/example_dags/example_branch_day_of_week_operator.py
[2024-03-01T16:35:08.396+0530] {processor.py:830} INFO - Processing file /home/akranth/airflow/airflow_env/lib/python3.11/site-packages/airflow/example_dags/example_branch_day_of_week_operator.py for tasks to queue
[2024-03-01T16:35:08.397+0530] {logging_mixin.py:188} INFO - [2024-03-01T16:35:08.397+0530] {dagbag.py:540} INFO - Filling up the DagBag from /home/akranth/airflow/airflow_env/lib/python3.11/site-packages/airflow/example_dags/example_branch_day_of_week_operator.py
[2024-03-01T16:35:08.405+0530] {processor.py:840} INFO - DAG(s) 'example_weekday_branch_operator' retrieved from /home/akranth/airflow/airflow_env/lib/python3.11/site-packages/airflow/example_dags/example_branch_day_of_week_operator.py
[2024-03-01T16:35:08.420+0530] {logging_mixin.py:188} INFO - [2024-03-01T16:35:08.419+0530] {dag.py:3047} INFO - Sync 1 DAGs
[2024-03-01T16:35:08.439+0530] {logging_mixin.py:188} INFO - [2024-03-01T16:35:08.438+0530] {dag.py:3834} INFO - Setting next_dagrun for example_weekday_branch_operator to 2024-02-29 00:00:00+00:00, run_after=2024-03-01 00:00:00+00:00
[2024-03-01T16:35:08.608+0530] {processor.py:183} INFO - Processing /home/akranth/airflow/airflow_env/lib/python3.11/site-packages/airflow/example_dags/example_branch_day_of_week_operator.py took 0.215 seconds
