[2024-03-01T16:18:29.581+0530] {processor.py:161} INFO - Started process (PID=7092) to work on /home/akranth/airflow/airflow_env/lib/python3.11/site-packages/airflow/example_dags/example_trigger_target_dag.py
[2024-03-01T16:18:29.582+0530] {processor.py:830} INFO - Processing file /home/akranth/airflow/airflow_env/lib/python3.11/site-packages/airflow/example_dags/example_trigger_target_dag.py for tasks to queue
[2024-03-01T16:18:29.582+0530] {logging_mixin.py:188} INFO - [2024-03-01T16:18:29.582+0530] {dagbag.py:540} INFO - Filling up the DagBag from /home/akranth/airflow/airflow_env/lib/python3.11/site-packages/airflow/example_dags/example_trigger_target_dag.py
[2024-03-01T16:18:29.587+0530] {processor.py:840} INFO - DAG(s) 'example_trigger_target_dag' retrieved from /home/akranth/airflow/airflow_env/lib/python3.11/site-packages/airflow/example_dags/example_trigger_target_dag.py
[2024-03-01T16:18:29.738+0530] {logging_mixin.py:188} INFO - [2024-03-01T16:18:29.737+0530] {dag.py:3047} INFO - Sync 1 DAGs
[2024-03-01T16:18:29.743+0530] {logging_mixin.py:188} INFO - [2024-03-01T16:18:29.743+0530] {dag.py:3834} INFO - Setting next_dagrun for example_trigger_target_dag to None, run_after=None
[2024-03-01T16:18:30.108+0530] {processor.py:183} INFO - Processing /home/akranth/airflow/airflow_env/lib/python3.11/site-packages/airflow/example_dags/example_trigger_target_dag.py took 0.529 seconds
[2024-03-01T16:19:46.310+0530] {processor.py:161} INFO - Started process (PID=7223) to work on /home/akranth/airflow/airflow_env/lib/python3.11/site-packages/airflow/example_dags/example_trigger_target_dag.py
[2024-03-01T16:19:46.321+0530] {processor.py:830} INFO - Processing file /home/akranth/airflow/airflow_env/lib/python3.11/site-packages/airflow/example_dags/example_trigger_target_dag.py for tasks to queue
[2024-03-01T16:19:46.323+0530] {logging_mixin.py:188} INFO - [2024-03-01T16:19:46.322+0530] {dagbag.py:540} INFO - Filling up the DagBag from /home/akranth/airflow/airflow_env/lib/python3.11/site-packages/airflow/example_dags/example_trigger_target_dag.py
[2024-03-01T16:19:46.337+0530] {processor.py:840} INFO - DAG(s) 'example_trigger_target_dag' retrieved from /home/akranth/airflow/airflow_env/lib/python3.11/site-packages/airflow/example_dags/example_trigger_target_dag.py
[2024-03-01T16:19:46.445+0530] {logging_mixin.py:188} INFO - [2024-03-01T16:19:46.445+0530] {dag.py:3047} INFO - Sync 1 DAGs
[2024-03-01T16:19:46.453+0530] {logging_mixin.py:188} INFO - [2024-03-01T16:19:46.453+0530] {dag.py:3834} INFO - Setting next_dagrun for example_trigger_target_dag to None, run_after=None
[2024-03-01T16:19:46.561+0530] {processor.py:183} INFO - Processing /home/akranth/airflow/airflow_env/lib/python3.11/site-packages/airflow/example_dags/example_trigger_target_dag.py took 0.253 seconds
[2024-03-01T16:20:46.892+0530] {processor.py:161} INFO - Started process (PID=7378) to work on /home/akranth/airflow/airflow_env/lib/python3.11/site-packages/airflow/example_dags/example_trigger_target_dag.py
[2024-03-01T16:20:46.917+0530] {processor.py:830} INFO - Processing file /home/akranth/airflow/airflow_env/lib/python3.11/site-packages/airflow/example_dags/example_trigger_target_dag.py for tasks to queue
[2024-03-01T16:20:46.919+0530] {logging_mixin.py:188} INFO - [2024-03-01T16:20:46.918+0530] {dagbag.py:540} INFO - Filling up the DagBag from /home/akranth/airflow/airflow_env/lib/python3.11/site-packages/airflow/example_dags/example_trigger_target_dag.py
[2024-03-01T16:20:46.933+0530] {processor.py:840} INFO - DAG(s) 'example_trigger_target_dag' retrieved from /home/akranth/airflow/airflow_env/lib/python3.11/site-packages/airflow/example_dags/example_trigger_target_dag.py
[2024-03-01T16:20:46.959+0530] {logging_mixin.py:188} INFO - [2024-03-01T16:20:46.958+0530] {dag.py:3047} INFO - Sync 1 DAGs
[2024-03-01T16:20:46.968+0530] {logging_mixin.py:188} INFO - [2024-03-01T16:20:46.968+0530] {dag.py:3834} INFO - Setting next_dagrun for example_trigger_target_dag to None, run_after=None
[2024-03-01T16:20:47.086+0530] {processor.py:183} INFO - Processing /home/akranth/airflow/airflow_env/lib/python3.11/site-packages/airflow/example_dags/example_trigger_target_dag.py took 0.200 seconds
[2024-03-01T16:21:47.684+0530] {processor.py:161} INFO - Started process (PID=7445) to work on /home/akranth/airflow/airflow_env/lib/python3.11/site-packages/airflow/example_dags/example_trigger_target_dag.py
[2024-03-01T16:21:47.686+0530] {processor.py:830} INFO - Processing file /home/akranth/airflow/airflow_env/lib/python3.11/site-packages/airflow/example_dags/example_trigger_target_dag.py for tasks to queue
[2024-03-01T16:21:47.689+0530] {logging_mixin.py:188} INFO - [2024-03-01T16:21:47.688+0530] {dagbag.py:540} INFO - Filling up the DagBag from /home/akranth/airflow/airflow_env/lib/python3.11/site-packages/airflow/example_dags/example_trigger_target_dag.py
[2024-03-01T16:21:47.702+0530] {processor.py:840} INFO - DAG(s) 'example_trigger_target_dag' retrieved from /home/akranth/airflow/airflow_env/lib/python3.11/site-packages/airflow/example_dags/example_trigger_target_dag.py
[2024-03-01T16:21:47.720+0530] {logging_mixin.py:188} INFO - [2024-03-01T16:21:47.720+0530] {dag.py:3047} INFO - Sync 1 DAGs
[2024-03-01T16:21:47.730+0530] {logging_mixin.py:188} INFO - [2024-03-01T16:21:47.730+0530] {dag.py:3834} INFO - Setting next_dagrun for example_trigger_target_dag to None, run_after=None
[2024-03-01T16:21:48.225+0530] {processor.py:183} INFO - Processing /home/akranth/airflow/airflow_env/lib/python3.11/site-packages/airflow/example_dags/example_trigger_target_dag.py took 0.548 seconds
[2024-03-01T16:22:47.546+0530] {processor.py:161} INFO - Started process (PID=7509) to work on /home/akranth/airflow/airflow_env/lib/python3.11/site-packages/airflow/example_dags/example_trigger_target_dag.py
[2024-03-01T16:22:47.560+0530] {processor.py:830} INFO - Processing file /home/akranth/airflow/airflow_env/lib/python3.11/site-packages/airflow/example_dags/example_trigger_target_dag.py for tasks to queue
[2024-03-01T16:22:47.562+0530] {logging_mixin.py:188} INFO - [2024-03-01T16:22:47.561+0530] {dagbag.py:540} INFO - Filling up the DagBag from /home/akranth/airflow/airflow_env/lib/python3.11/site-packages/airflow/example_dags/example_trigger_target_dag.py
[2024-03-01T16:22:47.570+0530] {processor.py:840} INFO - DAG(s) 'example_trigger_target_dag' retrieved from /home/akranth/airflow/airflow_env/lib/python3.11/site-packages/airflow/example_dags/example_trigger_target_dag.py
[2024-03-01T16:22:47.581+0530] {logging_mixin.py:188} INFO - [2024-03-01T16:22:47.581+0530] {dag.py:3047} INFO - Sync 1 DAGs
[2024-03-01T16:22:47.589+0530] {logging_mixin.py:188} INFO - [2024-03-01T16:22:47.589+0530] {dag.py:3834} INFO - Setting next_dagrun for example_trigger_target_dag to None, run_after=None
[2024-03-01T16:22:47.695+0530] {processor.py:183} INFO - Processing /home/akranth/airflow/airflow_env/lib/python3.11/site-packages/airflow/example_dags/example_trigger_target_dag.py took 0.151 seconds
[2024-03-01T16:23:47.287+0530] {processor.py:161} INFO - Started process (PID=7568) to work on /home/akranth/airflow/airflow_env/lib/python3.11/site-packages/airflow/example_dags/example_trigger_target_dag.py
[2024-03-01T16:23:47.315+0530] {processor.py:830} INFO - Processing file /home/akranth/airflow/airflow_env/lib/python3.11/site-packages/airflow/example_dags/example_trigger_target_dag.py for tasks to queue
[2024-03-01T16:23:47.317+0530] {logging_mixin.py:188} INFO - [2024-03-01T16:23:47.316+0530] {dagbag.py:540} INFO - Filling up the DagBag from /home/akranth/airflow/airflow_env/lib/python3.11/site-packages/airflow/example_dags/example_trigger_target_dag.py
[2024-03-01T16:23:47.331+0530] {processor.py:840} INFO - DAG(s) 'example_trigger_target_dag' retrieved from /home/akranth/airflow/airflow_env/lib/python3.11/site-packages/airflow/example_dags/example_trigger_target_dag.py
[2024-03-01T16:23:47.359+0530] {logging_mixin.py:188} INFO - [2024-03-01T16:23:47.358+0530] {dag.py:3047} INFO - Sync 1 DAGs
[2024-03-01T16:23:47.369+0530] {logging_mixin.py:188} INFO - [2024-03-01T16:23:47.369+0530] {dag.py:3834} INFO - Setting next_dagrun for example_trigger_target_dag to None, run_after=None
[2024-03-01T16:23:47.592+0530] {processor.py:183} INFO - Processing /home/akranth/airflow/airflow_env/lib/python3.11/site-packages/airflow/example_dags/example_trigger_target_dag.py took 0.307 seconds
[2024-03-01T16:24:52.697+0530] {processor.py:161} INFO - Started process (PID=7637) to work on /home/akranth/airflow/airflow_env/lib/python3.11/site-packages/airflow/example_dags/example_trigger_target_dag.py
[2024-03-01T16:24:52.698+0530] {processor.py:830} INFO - Processing file /home/akranth/airflow/airflow_env/lib/python3.11/site-packages/airflow/example_dags/example_trigger_target_dag.py for tasks to queue
[2024-03-01T16:24:52.698+0530] {logging_mixin.py:188} INFO - [2024-03-01T16:24:52.698+0530] {dagbag.py:540} INFO - Filling up the DagBag from /home/akranth/airflow/airflow_env/lib/python3.11/site-packages/airflow/example_dags/example_trigger_target_dag.py
[2024-03-01T16:24:52.702+0530] {processor.py:840} INFO - DAG(s) 'example_trigger_target_dag' retrieved from /home/akranth/airflow/airflow_env/lib/python3.11/site-packages/airflow/example_dags/example_trigger_target_dag.py
[2024-03-01T16:24:52.713+0530] {logging_mixin.py:188} INFO - [2024-03-01T16:24:52.713+0530] {dag.py:3047} INFO - Sync 1 DAGs
[2024-03-01T16:24:52.721+0530] {logging_mixin.py:188} INFO - [2024-03-01T16:24:52.721+0530] {dag.py:3834} INFO - Setting next_dagrun for example_trigger_target_dag to None, run_after=None
[2024-03-01T16:24:52.902+0530] {processor.py:183} INFO - Processing /home/akranth/airflow/airflow_env/lib/python3.11/site-packages/airflow/example_dags/example_trigger_target_dag.py took 0.207 seconds
[2024-03-01T16:25:56.394+0530] {processor.py:161} INFO - Started process (PID=7706) to work on /home/akranth/airflow/airflow_env/lib/python3.11/site-packages/airflow/example_dags/example_trigger_target_dag.py
[2024-03-01T16:25:56.396+0530] {processor.py:830} INFO - Processing file /home/akranth/airflow/airflow_env/lib/python3.11/site-packages/airflow/example_dags/example_trigger_target_dag.py for tasks to queue
[2024-03-01T16:25:56.398+0530] {logging_mixin.py:188} INFO - [2024-03-01T16:25:56.397+0530] {dagbag.py:540} INFO - Filling up the DagBag from /home/akranth/airflow/airflow_env/lib/python3.11/site-packages/airflow/example_dags/example_trigger_target_dag.py
[2024-03-01T16:25:56.411+0530] {processor.py:840} INFO - DAG(s) 'example_trigger_target_dag' retrieved from /home/akranth/airflow/airflow_env/lib/python3.11/site-packages/airflow/example_dags/example_trigger_target_dag.py
[2024-03-01T16:25:56.430+0530] {logging_mixin.py:188} INFO - [2024-03-01T16:25:56.430+0530] {dag.py:3047} INFO - Sync 1 DAGs
[2024-03-01T16:25:56.440+0530] {logging_mixin.py:188} INFO - [2024-03-01T16:25:56.440+0530] {dag.py:3834} INFO - Setting next_dagrun for example_trigger_target_dag to None, run_after=None
[2024-03-01T16:25:56.550+0530] {processor.py:183} INFO - Processing /home/akranth/airflow/airflow_env/lib/python3.11/site-packages/airflow/example_dags/example_trigger_target_dag.py took 0.164 seconds
[2024-03-01T16:26:54.810+0530] {processor.py:161} INFO - Started process (PID=7771) to work on /home/akranth/airflow/airflow_env/lib/python3.11/site-packages/airflow/example_dags/example_trigger_target_dag.py
[2024-03-01T16:26:54.837+0530] {processor.py:830} INFO - Processing file /home/akranth/airflow/airflow_env/lib/python3.11/site-packages/airflow/example_dags/example_trigger_target_dag.py for tasks to queue
[2024-03-01T16:26:54.839+0530] {logging_mixin.py:188} INFO - [2024-03-01T16:26:54.838+0530] {dagbag.py:540} INFO - Filling up the DagBag from /home/akranth/airflow/airflow_env/lib/python3.11/site-packages/airflow/example_dags/example_trigger_target_dag.py
[2024-03-01T16:26:54.852+0530] {processor.py:840} INFO - DAG(s) 'example_trigger_target_dag' retrieved from /home/akranth/airflow/airflow_env/lib/python3.11/site-packages/airflow/example_dags/example_trigger_target_dag.py
[2024-03-01T16:26:54.875+0530] {logging_mixin.py:188} INFO - [2024-03-01T16:26:54.875+0530] {dag.py:3047} INFO - Sync 1 DAGs
[2024-03-01T16:26:54.885+0530] {logging_mixin.py:188} INFO - [2024-03-01T16:26:54.884+0530] {dag.py:3834} INFO - Setting next_dagrun for example_trigger_target_dag to None, run_after=None
[2024-03-01T16:26:55.000+0530] {processor.py:183} INFO - Processing /home/akranth/airflow/airflow_env/lib/python3.11/site-packages/airflow/example_dags/example_trigger_target_dag.py took 0.197 seconds
[2024-03-01T16:27:48.003+0530] {processor.py:161} INFO - Started process (PID=7833) to work on /home/akranth/airflow/airflow_env/lib/python3.11/site-packages/airflow/example_dags/example_trigger_target_dag.py
[2024-03-01T16:27:48.004+0530] {processor.py:830} INFO - Processing file /home/akranth/airflow/airflow_env/lib/python3.11/site-packages/airflow/example_dags/example_trigger_target_dag.py for tasks to queue
[2024-03-01T16:27:48.005+0530] {logging_mixin.py:188} INFO - [2024-03-01T16:27:48.004+0530] {dagbag.py:540} INFO - Filling up the DagBag from /home/akranth/airflow/airflow_env/lib/python3.11/site-packages/airflow/example_dags/example_trigger_target_dag.py
[2024-03-01T16:27:48.009+0530] {processor.py:840} INFO - DAG(s) 'example_trigger_target_dag' retrieved from /home/akranth/airflow/airflow_env/lib/python3.11/site-packages/airflow/example_dags/example_trigger_target_dag.py
[2024-03-01T16:27:48.022+0530] {logging_mixin.py:188} INFO - [2024-03-01T16:27:48.022+0530] {dag.py:3047} INFO - Sync 1 DAGs
[2024-03-01T16:27:48.031+0530] {logging_mixin.py:188} INFO - [2024-03-01T16:27:48.031+0530] {dag.py:3834} INFO - Setting next_dagrun for example_trigger_target_dag to None, run_after=None
[2024-03-01T16:27:48.289+0530] {processor.py:183} INFO - Processing /home/akranth/airflow/airflow_env/lib/python3.11/site-packages/airflow/example_dags/example_trigger_target_dag.py took 0.288 seconds
[2024-03-01T16:29:05.213+0530] {processor.py:161} INFO - Started process (PID=7923) to work on /home/akranth/airflow/airflow_env/lib/python3.11/site-packages/airflow/example_dags/example_trigger_target_dag.py
[2024-03-01T16:29:05.214+0530] {processor.py:830} INFO - Processing file /home/akranth/airflow/airflow_env/lib/python3.11/site-packages/airflow/example_dags/example_trigger_target_dag.py for tasks to queue
[2024-03-01T16:29:05.216+0530] {logging_mixin.py:188} INFO - [2024-03-01T16:29:05.215+0530] {dagbag.py:540} INFO - Filling up the DagBag from /home/akranth/airflow/airflow_env/lib/python3.11/site-packages/airflow/example_dags/example_trigger_target_dag.py
[2024-03-01T16:29:05.224+0530] {processor.py:840} INFO - DAG(s) 'example_trigger_target_dag' retrieved from /home/akranth/airflow/airflow_env/lib/python3.11/site-packages/airflow/example_dags/example_trigger_target_dag.py
[2024-03-01T16:29:05.241+0530] {logging_mixin.py:188} INFO - [2024-03-01T16:29:05.241+0530] {dag.py:3047} INFO - Sync 1 DAGs
[2024-03-01T16:29:05.250+0530] {logging_mixin.py:188} INFO - [2024-03-01T16:29:05.249+0530] {dag.py:3834} INFO - Setting next_dagrun for example_trigger_target_dag to None, run_after=None
[2024-03-01T16:29:05.495+0530] {processor.py:183} INFO - Processing /home/akranth/airflow/airflow_env/lib/python3.11/site-packages/airflow/example_dags/example_trigger_target_dag.py took 0.287 seconds
[2024-03-01T16:30:31.528+0530] {processor.py:161} INFO - Started process (PID=8023) to work on /home/akranth/airflow/airflow_env/lib/python3.11/site-packages/airflow/example_dags/example_trigger_target_dag.py
[2024-03-01T16:30:31.543+0530] {processor.py:830} INFO - Processing file /home/akranth/airflow/airflow_env/lib/python3.11/site-packages/airflow/example_dags/example_trigger_target_dag.py for tasks to queue
[2024-03-01T16:30:31.546+0530] {logging_mixin.py:188} INFO - [2024-03-01T16:30:31.545+0530] {dagbag.py:540} INFO - Filling up the DagBag from /home/akranth/airflow/airflow_env/lib/python3.11/site-packages/airflow/example_dags/example_trigger_target_dag.py
[2024-03-01T16:30:31.562+0530] {processor.py:840} INFO - DAG(s) 'example_trigger_target_dag' retrieved from /home/akranth/airflow/airflow_env/lib/python3.11/site-packages/airflow/example_dags/example_trigger_target_dag.py
[2024-03-01T16:30:31.581+0530] {logging_mixin.py:188} INFO - [2024-03-01T16:30:31.581+0530] {dag.py:3047} INFO - Sync 1 DAGs
[2024-03-01T16:30:31.590+0530] {logging_mixin.py:188} INFO - [2024-03-01T16:30:31.590+0530] {dag.py:3834} INFO - Setting next_dagrun for example_trigger_target_dag to None, run_after=None
[2024-03-01T16:30:31.705+0530] {processor.py:183} INFO - Processing /home/akranth/airflow/airflow_env/lib/python3.11/site-packages/airflow/example_dags/example_trigger_target_dag.py took 0.184 seconds
[2024-03-01T16:31:50.359+0530] {processor.py:161} INFO - Started process (PID=9020) to work on /home/akranth/airflow/airflow_env/lib/python3.11/site-packages/airflow/example_dags/example_trigger_target_dag.py
[2024-03-01T16:31:50.418+0530] {processor.py:830} INFO - Processing file /home/akranth/airflow/airflow_env/lib/python3.11/site-packages/airflow/example_dags/example_trigger_target_dag.py for tasks to queue
[2024-03-01T16:31:50.418+0530] {logging_mixin.py:188} INFO - [2024-03-01T16:31:50.418+0530] {dagbag.py:540} INFO - Filling up the DagBag from /home/akranth/airflow/airflow_env/lib/python3.11/site-packages/airflow/example_dags/example_trigger_target_dag.py
[2024-03-01T16:31:50.451+0530] {processor.py:840} INFO - DAG(s) 'example_trigger_target_dag' retrieved from /home/akranth/airflow/airflow_env/lib/python3.11/site-packages/airflow/example_dags/example_trigger_target_dag.py
[2024-03-01T16:31:50.467+0530] {logging_mixin.py:188} INFO - [2024-03-01T16:31:50.467+0530] {dag.py:3047} INFO - Sync 1 DAGs
[2024-03-01T16:31:50.479+0530] {logging_mixin.py:188} INFO - [2024-03-01T16:31:50.479+0530] {dag.py:3834} INFO - Setting next_dagrun for example_trigger_target_dag to None, run_after=None
[2024-03-01T16:31:50.749+0530] {processor.py:183} INFO - Processing /home/akranth/airflow/airflow_env/lib/python3.11/site-packages/airflow/example_dags/example_trigger_target_dag.py took 0.393 seconds
[2024-03-01T16:33:03.381+0530] {processor.py:161} INFO - Started process (PID=9323) to work on /home/akranth/airflow/airflow_env/lib/python3.11/site-packages/airflow/example_dags/example_trigger_target_dag.py
[2024-03-01T16:33:03.398+0530] {processor.py:830} INFO - Processing file /home/akranth/airflow/airflow_env/lib/python3.11/site-packages/airflow/example_dags/example_trigger_target_dag.py for tasks to queue
[2024-03-01T16:33:03.399+0530] {logging_mixin.py:188} INFO - [2024-03-01T16:33:03.398+0530] {dagbag.py:540} INFO - Filling up the DagBag from /home/akranth/airflow/airflow_env/lib/python3.11/site-packages/airflow/example_dags/example_trigger_target_dag.py
[2024-03-01T16:33:03.404+0530] {processor.py:840} INFO - DAG(s) 'example_trigger_target_dag' retrieved from /home/akranth/airflow/airflow_env/lib/python3.11/site-packages/airflow/example_dags/example_trigger_target_dag.py
[2024-03-01T16:33:03.417+0530] {logging_mixin.py:188} INFO - [2024-03-01T16:33:03.416+0530] {dag.py:3047} INFO - Sync 1 DAGs
[2024-03-01T16:33:03.426+0530] {logging_mixin.py:188} INFO - [2024-03-01T16:33:03.426+0530] {dag.py:3834} INFO - Setting next_dagrun for example_trigger_target_dag to None, run_after=None
[2024-03-01T16:33:03.536+0530] {processor.py:183} INFO - Processing /home/akranth/airflow/airflow_env/lib/python3.11/site-packages/airflow/example_dags/example_trigger_target_dag.py took 0.158 seconds
[2024-03-01T16:34:28.123+0530] {processor.py:161} INFO - Started process (PID=9518) to work on /home/akranth/airflow/airflow_env/lib/python3.11/site-packages/airflow/example_dags/example_trigger_target_dag.py
[2024-03-01T16:34:28.137+0530] {processor.py:830} INFO - Processing file /home/akranth/airflow/airflow_env/lib/python3.11/site-packages/airflow/example_dags/example_trigger_target_dag.py for tasks to queue
[2024-03-01T16:34:28.140+0530] {logging_mixin.py:188} INFO - [2024-03-01T16:34:28.139+0530] {dagbag.py:540} INFO - Filling up the DagBag from /home/akranth/airflow/airflow_env/lib/python3.11/site-packages/airflow/example_dags/example_trigger_target_dag.py
[2024-03-01T16:34:28.155+0530] {processor.py:840} INFO - DAG(s) 'example_trigger_target_dag' retrieved from /home/akranth/airflow/airflow_env/lib/python3.11/site-packages/airflow/example_dags/example_trigger_target_dag.py
[2024-03-01T16:34:28.176+0530] {logging_mixin.py:188} INFO - [2024-03-01T16:34:28.175+0530] {dag.py:3047} INFO - Sync 1 DAGs
[2024-03-01T16:34:28.186+0530] {logging_mixin.py:188} INFO - [2024-03-01T16:34:28.186+0530] {dag.py:3834} INFO - Setting next_dagrun for example_trigger_target_dag to None, run_after=None
[2024-03-01T16:34:28.301+0530] {processor.py:183} INFO - Processing /home/akranth/airflow/airflow_env/lib/python3.11/site-packages/airflow/example_dags/example_trigger_target_dag.py took 0.184 seconds
[2024-03-01T16:35:30.091+0530] {processor.py:161} INFO - Started process (PID=9649) to work on /home/akranth/airflow/airflow_env/lib/python3.11/site-packages/airflow/example_dags/example_trigger_target_dag.py
[2024-03-01T16:35:30.092+0530] {processor.py:830} INFO - Processing file /home/akranth/airflow/airflow_env/lib/python3.11/site-packages/airflow/example_dags/example_trigger_target_dag.py for tasks to queue
[2024-03-01T16:35:30.093+0530] {logging_mixin.py:188} INFO - [2024-03-01T16:35:30.093+0530] {dagbag.py:540} INFO - Filling up the DagBag from /home/akranth/airflow/airflow_env/lib/python3.11/site-packages/airflow/example_dags/example_trigger_target_dag.py
[2024-03-01T16:35:30.100+0530] {processor.py:840} INFO - DAG(s) 'example_trigger_target_dag' retrieved from /home/akranth/airflow/airflow_env/lib/python3.11/site-packages/airflow/example_dags/example_trigger_target_dag.py
[2024-03-01T16:35:30.114+0530] {logging_mixin.py:188} INFO - [2024-03-01T16:35:30.114+0530] {dag.py:3047} INFO - Sync 1 DAGs
[2024-03-01T16:35:30.124+0530] {logging_mixin.py:188} INFO - [2024-03-01T16:35:30.124+0530] {dag.py:3834} INFO - Setting next_dagrun for example_trigger_target_dag to None, run_after=None
[2024-03-01T16:35:30.299+0530] {processor.py:183} INFO - Processing /home/akranth/airflow/airflow_env/lib/python3.11/site-packages/airflow/example_dags/example_trigger_target_dag.py took 0.211 seconds
