[2024-03-01T16:18:49.650+0530] {processor.py:161} INFO - Started process (PID=7154) to work on /home/akranth/airflow/airflow_env/lib/python3.11/site-packages/airflow/example_dags/example_branch_operator_decorator.py
[2024-03-01T16:18:49.651+0530] {processor.py:830} INFO - Processing file /home/akranth/airflow/airflow_env/lib/python3.11/site-packages/airflow/example_dags/example_branch_operator_decorator.py for tasks to queue
[2024-03-01T16:18:49.652+0530] {logging_mixin.py:188} INFO - [2024-03-01T16:18:49.652+0530] {dagbag.py:540} INFO - Filling up the DagBag from /home/akranth/airflow/airflow_env/lib/python3.11/site-packages/airflow/example_dags/example_branch_operator_decorator.py
[2024-03-01T16:18:49.683+0530] {processor.py:840} INFO - DAG(s) 'example_branch_python_operator_decorator' retrieved from /home/akranth/airflow/airflow_env/lib/python3.11/site-packages/airflow/example_dags/example_branch_operator_decorator.py
[2024-03-01T16:18:49.929+0530] {logging_mixin.py:188} INFO - [2024-03-01T16:18:49.929+0530] {dag.py:3047} INFO - Sync 1 DAGs
[2024-03-01T16:18:49.956+0530] {logging_mixin.py:188} INFO - [2024-03-01T16:18:49.955+0530] {dag.py:3834} INFO - Setting next_dagrun for example_branch_python_operator_decorator to 2024-02-29 00:00:00+00:00, run_after=2024-03-01 00:00:00+00:00
[2024-03-01T16:18:50.051+0530] {processor.py:183} INFO - Processing /home/akranth/airflow/airflow_env/lib/python3.11/site-packages/airflow/example_dags/example_branch_operator_decorator.py took 0.404 seconds
[2024-03-01T16:19:59.166+0530] {processor.py:161} INFO - Started process (PID=7254) to work on /home/akranth/airflow/airflow_env/lib/python3.11/site-packages/airflow/example_dags/example_branch_operator_decorator.py
[2024-03-01T16:19:59.250+0530] {processor.py:830} INFO - Processing file /home/akranth/airflow/airflow_env/lib/python3.11/site-packages/airflow/example_dags/example_branch_operator_decorator.py for tasks to queue
[2024-03-01T16:19:59.252+0530] {logging_mixin.py:188} INFO - [2024-03-01T16:19:59.251+0530] {dagbag.py:540} INFO - Filling up the DagBag from /home/akranth/airflow/airflow_env/lib/python3.11/site-packages/airflow/example_dags/example_branch_operator_decorator.py
[2024-03-01T16:19:59.355+0530] {processor.py:840} INFO - DAG(s) 'example_branch_python_operator_decorator' retrieved from /home/akranth/airflow/airflow_env/lib/python3.11/site-packages/airflow/example_dags/example_branch_operator_decorator.py
[2024-03-01T16:19:59.368+0530] {logging_mixin.py:188} INFO - [2024-03-01T16:19:59.368+0530] {dag.py:3047} INFO - Sync 1 DAGs
[2024-03-01T16:19:59.381+0530] {logging_mixin.py:188} INFO - [2024-03-01T16:19:59.381+0530] {dag.py:3834} INFO - Setting next_dagrun for example_branch_python_operator_decorator to 2024-02-29 00:00:00+00:00, run_after=2024-03-01 00:00:00+00:00
[2024-03-01T16:19:59.496+0530] {processor.py:183} INFO - Processing /home/akranth/airflow/airflow_env/lib/python3.11/site-packages/airflow/example_dags/example_branch_operator_decorator.py took 0.332 seconds
[2024-03-01T16:20:58.297+0530] {processor.py:161} INFO - Started process (PID=7389) to work on /home/akranth/airflow/airflow_env/lib/python3.11/site-packages/airflow/example_dags/example_branch_operator_decorator.py
[2024-03-01T16:20:58.391+0530] {processor.py:830} INFO - Processing file /home/akranth/airflow/airflow_env/lib/python3.11/site-packages/airflow/example_dags/example_branch_operator_decorator.py for tasks to queue
[2024-03-01T16:20:58.393+0530] {logging_mixin.py:188} INFO - [2024-03-01T16:20:58.392+0530] {dagbag.py:540} INFO - Filling up the DagBag from /home/akranth/airflow/airflow_env/lib/python3.11/site-packages/airflow/example_dags/example_branch_operator_decorator.py
[2024-03-01T16:20:58.410+0530] {processor.py:840} INFO - DAG(s) 'example_branch_python_operator_decorator' retrieved from /home/akranth/airflow/airflow_env/lib/python3.11/site-packages/airflow/example_dags/example_branch_operator_decorator.py
[2024-03-01T16:20:58.426+0530] {logging_mixin.py:188} INFO - [2024-03-01T16:20:58.425+0530] {dag.py:3047} INFO - Sync 1 DAGs
[2024-03-01T16:20:58.440+0530] {logging_mixin.py:188} INFO - [2024-03-01T16:20:58.440+0530] {dag.py:3834} INFO - Setting next_dagrun for example_branch_python_operator_decorator to 2024-02-29 00:00:00+00:00, run_after=2024-03-01 00:00:00+00:00
[2024-03-01T16:20:58.549+0530] {processor.py:183} INFO - Processing /home/akranth/airflow/airflow_env/lib/python3.11/site-packages/airflow/example_dags/example_branch_operator_decorator.py took 0.254 seconds
[2024-03-01T16:22:00.503+0530] {processor.py:161} INFO - Started process (PID=7456) to work on /home/akranth/airflow/airflow_env/lib/python3.11/site-packages/airflow/example_dags/example_branch_operator_decorator.py
[2024-03-01T16:22:00.503+0530] {processor.py:830} INFO - Processing file /home/akranth/airflow/airflow_env/lib/python3.11/site-packages/airflow/example_dags/example_branch_operator_decorator.py for tasks to queue
[2024-03-01T16:22:00.504+0530] {logging_mixin.py:188} INFO - [2024-03-01T16:22:00.504+0530] {dagbag.py:540} INFO - Filling up the DagBag from /home/akranth/airflow/airflow_env/lib/python3.11/site-packages/airflow/example_dags/example_branch_operator_decorator.py
[2024-03-01T16:22:00.522+0530] {processor.py:840} INFO - DAG(s) 'example_branch_python_operator_decorator' retrieved from /home/akranth/airflow/airflow_env/lib/python3.11/site-packages/airflow/example_dags/example_branch_operator_decorator.py
[2024-03-01T16:22:00.541+0530] {logging_mixin.py:188} INFO - [2024-03-01T16:22:00.540+0530] {dag.py:3047} INFO - Sync 1 DAGs
[2024-03-01T16:22:00.557+0530] {logging_mixin.py:188} INFO - [2024-03-01T16:22:00.556+0530] {dag.py:3834} INFO - Setting next_dagrun for example_branch_python_operator_decorator to 2024-02-29 00:00:00+00:00, run_after=2024-03-01 00:00:00+00:00
[2024-03-01T16:22:00.941+0530] {processor.py:183} INFO - Processing /home/akranth/airflow/airflow_env/lib/python3.11/site-packages/airflow/example_dags/example_branch_operator_decorator.py took 0.440 seconds
[2024-03-01T16:22:59.856+0530] {processor.py:161} INFO - Started process (PID=7519) to work on /home/akranth/airflow/airflow_env/lib/python3.11/site-packages/airflow/example_dags/example_branch_operator_decorator.py
[2024-03-01T16:22:59.857+0530] {processor.py:830} INFO - Processing file /home/akranth/airflow/airflow_env/lib/python3.11/site-packages/airflow/example_dags/example_branch_operator_decorator.py for tasks to queue
[2024-03-01T16:22:59.857+0530] {logging_mixin.py:188} INFO - [2024-03-01T16:22:59.857+0530] {dagbag.py:540} INFO - Filling up the DagBag from /home/akranth/airflow/airflow_env/lib/python3.11/site-packages/airflow/example_dags/example_branch_operator_decorator.py
[2024-03-01T16:22:59.875+0530] {processor.py:840} INFO - DAG(s) 'example_branch_python_operator_decorator' retrieved from /home/akranth/airflow/airflow_env/lib/python3.11/site-packages/airflow/example_dags/example_branch_operator_decorator.py
[2024-03-01T16:22:59.891+0530] {logging_mixin.py:188} INFO - [2024-03-01T16:22:59.891+0530] {dag.py:3047} INFO - Sync 1 DAGs
[2024-03-01T16:22:59.906+0530] {logging_mixin.py:188} INFO - [2024-03-01T16:22:59.905+0530] {dag.py:3834} INFO - Setting next_dagrun for example_branch_python_operator_decorator to 2024-02-29 00:00:00+00:00, run_after=2024-03-01 00:00:00+00:00
[2024-03-01T16:23:00.167+0530] {processor.py:183} INFO - Processing /home/akranth/airflow/airflow_env/lib/python3.11/site-packages/airflow/example_dags/example_branch_operator_decorator.py took 0.313 seconds
[2024-03-01T16:23:59.902+0530] {processor.py:161} INFO - Started process (PID=7578) to work on /home/akranth/airflow/airflow_env/lib/python3.11/site-packages/airflow/example_dags/example_branch_operator_decorator.py
[2024-03-01T16:23:59.979+0530] {processor.py:830} INFO - Processing file /home/akranth/airflow/airflow_env/lib/python3.11/site-packages/airflow/example_dags/example_branch_operator_decorator.py for tasks to queue
[2024-03-01T16:23:59.981+0530] {logging_mixin.py:188} INFO - [2024-03-01T16:23:59.980+0530] {dagbag.py:540} INFO - Filling up the DagBag from /home/akranth/airflow/airflow_env/lib/python3.11/site-packages/airflow/example_dags/example_branch_operator_decorator.py
[2024-03-01T16:24:00.026+0530] {processor.py:840} INFO - DAG(s) 'example_branch_python_operator_decorator' retrieved from /home/akranth/airflow/airflow_env/lib/python3.11/site-packages/airflow/example_dags/example_branch_operator_decorator.py
[2024-03-01T16:24:00.045+0530] {logging_mixin.py:188} INFO - [2024-03-01T16:24:00.045+0530] {dag.py:3047} INFO - Sync 1 DAGs
[2024-03-01T16:24:00.062+0530] {logging_mixin.py:188} INFO - [2024-03-01T16:24:00.062+0530] {dag.py:3834} INFO - Setting next_dagrun for example_branch_python_operator_decorator to 2024-02-29 00:00:00+00:00, run_after=2024-03-01 00:00:00+00:00
[2024-03-01T16:24:00.186+0530] {processor.py:183} INFO - Processing /home/akranth/airflow/airflow_env/lib/python3.11/site-packages/airflow/example_dags/example_branch_operator_decorator.py took 0.288 seconds
[2024-03-01T16:25:05.248+0530] {processor.py:161} INFO - Started process (PID=7647) to work on /home/akranth/airflow/airflow_env/lib/python3.11/site-packages/airflow/example_dags/example_branch_operator_decorator.py
[2024-03-01T16:25:05.249+0530] {processor.py:830} INFO - Processing file /home/akranth/airflow/airflow_env/lib/python3.11/site-packages/airflow/example_dags/example_branch_operator_decorator.py for tasks to queue
[2024-03-01T16:25:05.250+0530] {logging_mixin.py:188} INFO - [2024-03-01T16:25:05.249+0530] {dagbag.py:540} INFO - Filling up the DagBag from /home/akranth/airflow/airflow_env/lib/python3.11/site-packages/airflow/example_dags/example_branch_operator_decorator.py
[2024-03-01T16:25:05.267+0530] {processor.py:840} INFO - DAG(s) 'example_branch_python_operator_decorator' retrieved from /home/akranth/airflow/airflow_env/lib/python3.11/site-packages/airflow/example_dags/example_branch_operator_decorator.py
[2024-03-01T16:25:05.285+0530] {logging_mixin.py:188} INFO - [2024-03-01T16:25:05.285+0530] {dag.py:3047} INFO - Sync 1 DAGs
[2024-03-01T16:25:05.301+0530] {logging_mixin.py:188} INFO - [2024-03-01T16:25:05.301+0530] {dag.py:3834} INFO - Setting next_dagrun for example_branch_python_operator_decorator to 2024-02-29 00:00:00+00:00, run_after=2024-03-01 00:00:00+00:00
[2024-03-01T16:25:05.487+0530] {processor.py:183} INFO - Processing /home/akranth/airflow/airflow_env/lib/python3.11/site-packages/airflow/example_dags/example_branch_operator_decorator.py took 0.241 seconds
[2024-03-01T16:26:09.129+0530] {processor.py:161} INFO - Started process (PID=7716) to work on /home/akranth/airflow/airflow_env/lib/python3.11/site-packages/airflow/example_dags/example_branch_operator_decorator.py
[2024-03-01T16:26:09.129+0530] {processor.py:830} INFO - Processing file /home/akranth/airflow/airflow_env/lib/python3.11/site-packages/airflow/example_dags/example_branch_operator_decorator.py for tasks to queue
[2024-03-01T16:26:09.130+0530] {logging_mixin.py:188} INFO - [2024-03-01T16:26:09.130+0530] {dagbag.py:540} INFO - Filling up the DagBag from /home/akranth/airflow/airflow_env/lib/python3.11/site-packages/airflow/example_dags/example_branch_operator_decorator.py
[2024-03-01T16:26:09.150+0530] {processor.py:840} INFO - DAG(s) 'example_branch_python_operator_decorator' retrieved from /home/akranth/airflow/airflow_env/lib/python3.11/site-packages/airflow/example_dags/example_branch_operator_decorator.py
[2024-03-01T16:26:09.169+0530] {logging_mixin.py:188} INFO - [2024-03-01T16:26:09.169+0530] {dag.py:3047} INFO - Sync 1 DAGs
[2024-03-01T16:26:09.185+0530] {logging_mixin.py:188} INFO - [2024-03-01T16:26:09.185+0530] {dag.py:3834} INFO - Setting next_dagrun for example_branch_python_operator_decorator to 2024-02-29 00:00:00+00:00, run_after=2024-03-01 00:00:00+00:00
[2024-03-01T16:26:09.297+0530] {processor.py:183} INFO - Processing /home/akranth/airflow/airflow_env/lib/python3.11/site-packages/airflow/example_dags/example_branch_operator_decorator.py took 0.171 seconds
[2024-03-01T16:27:06.689+0530] {processor.py:161} INFO - Started process (PID=7782) to work on /home/akranth/airflow/airflow_env/lib/python3.11/site-packages/airflow/example_dags/example_branch_operator_decorator.py
[2024-03-01T16:27:06.689+0530] {processor.py:830} INFO - Processing file /home/akranth/airflow/airflow_env/lib/python3.11/site-packages/airflow/example_dags/example_branch_operator_decorator.py for tasks to queue
[2024-03-01T16:27:06.690+0530] {logging_mixin.py:188} INFO - [2024-03-01T16:27:06.690+0530] {dagbag.py:540} INFO - Filling up the DagBag from /home/akranth/airflow/airflow_env/lib/python3.11/site-packages/airflow/example_dags/example_branch_operator_decorator.py
[2024-03-01T16:27:06.706+0530] {processor.py:840} INFO - DAG(s) 'example_branch_python_operator_decorator' retrieved from /home/akranth/airflow/airflow_env/lib/python3.11/site-packages/airflow/example_dags/example_branch_operator_decorator.py
[2024-03-01T16:27:06.723+0530] {logging_mixin.py:188} INFO - [2024-03-01T16:27:06.723+0530] {dag.py:3047} INFO - Sync 1 DAGs
[2024-03-01T16:27:06.738+0530] {logging_mixin.py:188} INFO - [2024-03-01T16:27:06.738+0530] {dag.py:3834} INFO - Setting next_dagrun for example_branch_python_operator_decorator to 2024-02-29 00:00:00+00:00, run_after=2024-03-01 00:00:00+00:00
[2024-03-01T16:27:06.842+0530] {processor.py:183} INFO - Processing /home/akranth/airflow/airflow_env/lib/python3.11/site-packages/airflow/example_dags/example_branch_operator_decorator.py took 0.156 seconds
[2024-03-01T16:28:00.252+0530] {processor.py:161} INFO - Started process (PID=7844) to work on /home/akranth/airflow/airflow_env/lib/python3.11/site-packages/airflow/example_dags/example_branch_operator_decorator.py
[2024-03-01T16:28:00.254+0530] {processor.py:830} INFO - Processing file /home/akranth/airflow/airflow_env/lib/python3.11/site-packages/airflow/example_dags/example_branch_operator_decorator.py for tasks to queue
[2024-03-01T16:28:00.255+0530] {logging_mixin.py:188} INFO - [2024-03-01T16:28:00.255+0530] {dagbag.py:540} INFO - Filling up the DagBag from /home/akranth/airflow/airflow_env/lib/python3.11/site-packages/airflow/example_dags/example_branch_operator_decorator.py
[2024-03-01T16:28:00.285+0530] {processor.py:840} INFO - DAG(s) 'example_branch_python_operator_decorator' retrieved from /home/akranth/airflow/airflow_env/lib/python3.11/site-packages/airflow/example_dags/example_branch_operator_decorator.py
[2024-03-01T16:28:00.301+0530] {logging_mixin.py:188} INFO - [2024-03-01T16:28:00.301+0530] {dag.py:3047} INFO - Sync 1 DAGs
[2024-03-01T16:28:00.315+0530] {logging_mixin.py:188} INFO - [2024-03-01T16:28:00.315+0530] {dag.py:3834} INFO - Setting next_dagrun for example_branch_python_operator_decorator to 2024-02-29 00:00:00+00:00, run_after=2024-03-01 00:00:00+00:00
[2024-03-01T16:28:00.419+0530] {processor.py:183} INFO - Processing /home/akranth/airflow/airflow_env/lib/python3.11/site-packages/airflow/example_dags/example_branch_operator_decorator.py took 0.174 seconds
[2024-03-01T16:29:18.325+0530] {processor.py:161} INFO - Started process (PID=7936) to work on /home/akranth/airflow/airflow_env/lib/python3.11/site-packages/airflow/example_dags/example_branch_operator_decorator.py
[2024-03-01T16:29:18.418+0530] {processor.py:830} INFO - Processing file /home/akranth/airflow/airflow_env/lib/python3.11/site-packages/airflow/example_dags/example_branch_operator_decorator.py for tasks to queue
[2024-03-01T16:29:18.419+0530] {logging_mixin.py:188} INFO - [2024-03-01T16:29:18.419+0530] {dagbag.py:540} INFO - Filling up the DagBag from /home/akranth/airflow/airflow_env/lib/python3.11/site-packages/airflow/example_dags/example_branch_operator_decorator.py
[2024-03-01T16:29:18.439+0530] {processor.py:840} INFO - DAG(s) 'example_branch_python_operator_decorator' retrieved from /home/akranth/airflow/airflow_env/lib/python3.11/site-packages/airflow/example_dags/example_branch_operator_decorator.py
[2024-03-01T16:29:18.459+0530] {logging_mixin.py:188} INFO - [2024-03-01T16:29:18.459+0530] {dag.py:3047} INFO - Sync 1 DAGs
[2024-03-01T16:29:18.478+0530] {logging_mixin.py:188} INFO - [2024-03-01T16:29:18.478+0530] {dag.py:3834} INFO - Setting next_dagrun for example_branch_python_operator_decorator to 2024-02-29 00:00:00+00:00, run_after=2024-03-01 00:00:00+00:00
[2024-03-01T16:29:18.585+0530] {processor.py:183} INFO - Processing /home/akranth/airflow/airflow_env/lib/python3.11/site-packages/airflow/example_dags/example_branch_operator_decorator.py took 0.263 seconds
[2024-03-01T16:30:44.320+0530] {processor.py:161} INFO - Started process (PID=8253) to work on /home/akranth/airflow/airflow_env/lib/python3.11/site-packages/airflow/example_dags/example_branch_operator_decorator.py
[2024-03-01T16:30:44.354+0530] {processor.py:830} INFO - Processing file /home/akranth/airflow/airflow_env/lib/python3.11/site-packages/airflow/example_dags/example_branch_operator_decorator.py for tasks to queue
[2024-03-01T16:30:44.356+0530] {logging_mixin.py:188} INFO - [2024-03-01T16:30:44.355+0530] {dagbag.py:540} INFO - Filling up the DagBag from /home/akranth/airflow/airflow_env/lib/python3.11/site-packages/airflow/example_dags/example_branch_operator_decorator.py
[2024-03-01T16:30:44.391+0530] {processor.py:840} INFO - DAG(s) 'example_branch_python_operator_decorator' retrieved from /home/akranth/airflow/airflow_env/lib/python3.11/site-packages/airflow/example_dags/example_branch_operator_decorator.py
[2024-03-01T16:30:44.411+0530] {logging_mixin.py:188} INFO - [2024-03-01T16:30:44.411+0530] {dag.py:3047} INFO - Sync 1 DAGs
[2024-03-01T16:30:44.434+0530] {logging_mixin.py:188} INFO - [2024-03-01T16:30:44.434+0530] {dag.py:3834} INFO - Setting next_dagrun for example_branch_python_operator_decorator to 2024-02-29 00:00:00+00:00, run_after=2024-03-01 00:00:00+00:00
[2024-03-01T16:30:45.229+0530] {processor.py:183} INFO - Processing /home/akranth/airflow/airflow_env/lib/python3.11/site-packages/airflow/example_dags/example_branch_operator_decorator.py took 0.915 seconds
[2024-03-01T16:32:06.852+0530] {processor.py:161} INFO - Started process (PID=9223) to work on /home/akranth/airflow/airflow_env/lib/python3.11/site-packages/airflow/example_dags/example_branch_operator_decorator.py
[2024-03-01T16:32:06.894+0530] {processor.py:830} INFO - Processing file /home/akranth/airflow/airflow_env/lib/python3.11/site-packages/airflow/example_dags/example_branch_operator_decorator.py for tasks to queue
[2024-03-01T16:32:06.895+0530] {logging_mixin.py:188} INFO - [2024-03-01T16:32:06.895+0530] {dagbag.py:540} INFO - Filling up the DagBag from /home/akranth/airflow/airflow_env/lib/python3.11/site-packages/airflow/example_dags/example_branch_operator_decorator.py
[2024-03-01T16:32:06.965+0530] {processor.py:840} INFO - DAG(s) 'example_branch_python_operator_decorator' retrieved from /home/akranth/airflow/airflow_env/lib/python3.11/site-packages/airflow/example_dags/example_branch_operator_decorator.py
[2024-03-01T16:32:07.406+0530] {logging_mixin.py:188} INFO - [2024-03-01T16:32:07.406+0530] {dag.py:3047} INFO - Sync 1 DAGs
[2024-03-01T16:32:08.629+0530] {logging_mixin.py:188} INFO - [2024-03-01T16:32:08.629+0530] {dag.py:3834} INFO - Setting next_dagrun for example_branch_python_operator_decorator to 2024-02-29 00:00:00+00:00, run_after=2024-03-01 00:00:00+00:00
[2024-03-01T16:32:11.270+0530] {processor.py:183} INFO - Processing /home/akranth/airflow/airflow_env/lib/python3.11/site-packages/airflow/example_dags/example_branch_operator_decorator.py took 4.420 seconds
[2024-03-01T16:33:46.847+0530] {processor.py:161} INFO - Started process (PID=9394) to work on /home/akranth/airflow/airflow_env/lib/python3.11/site-packages/airflow/example_dags/example_branch_operator_decorator.py
[2024-03-01T16:33:46.858+0530] {processor.py:830} INFO - Processing file /home/akranth/airflow/airflow_env/lib/python3.11/site-packages/airflow/example_dags/example_branch_operator_decorator.py for tasks to queue
[2024-03-01T16:33:46.860+0530] {logging_mixin.py:188} INFO - [2024-03-01T16:33:46.859+0530] {dagbag.py:540} INFO - Filling up the DagBag from /home/akranth/airflow/airflow_env/lib/python3.11/site-packages/airflow/example_dags/example_branch_operator_decorator.py
[2024-03-01T16:33:46.885+0530] {processor.py:840} INFO - DAG(s) 'example_branch_python_operator_decorator' retrieved from /home/akranth/airflow/airflow_env/lib/python3.11/site-packages/airflow/example_dags/example_branch_operator_decorator.py
[2024-03-01T16:33:46.908+0530] {logging_mixin.py:188} INFO - [2024-03-01T16:33:46.908+0530] {dag.py:3047} INFO - Sync 1 DAGs
[2024-03-01T16:33:46.929+0530] {logging_mixin.py:188} INFO - [2024-03-01T16:33:46.929+0530] {dag.py:3834} INFO - Setting next_dagrun for example_branch_python_operator_decorator to 2024-02-29 00:00:00+00:00, run_after=2024-03-01 00:00:00+00:00
[2024-03-01T16:33:47.024+0530] {processor.py:183} INFO - Processing /home/akranth/airflow/airflow_env/lib/python3.11/site-packages/airflow/example_dags/example_branch_operator_decorator.py took 0.185 seconds
[2024-03-01T16:35:03.023+0530] {processor.py:161} INFO - Started process (PID=9594) to work on /home/akranth/airflow/airflow_env/lib/python3.11/site-packages/airflow/example_dags/example_branch_operator_decorator.py
[2024-03-01T16:35:03.026+0530] {processor.py:830} INFO - Processing file /home/akranth/airflow/airflow_env/lib/python3.11/site-packages/airflow/example_dags/example_branch_operator_decorator.py for tasks to queue
[2024-03-01T16:35:03.028+0530] {logging_mixin.py:188} INFO - [2024-03-01T16:35:03.027+0530] {dagbag.py:540} INFO - Filling up the DagBag from /home/akranth/airflow/airflow_env/lib/python3.11/site-packages/airflow/example_dags/example_branch_operator_decorator.py
[2024-03-01T16:35:03.063+0530] {processor.py:840} INFO - DAG(s) 'example_branch_python_operator_decorator' retrieved from /home/akranth/airflow/airflow_env/lib/python3.11/site-packages/airflow/example_dags/example_branch_operator_decorator.py
[2024-03-01T16:35:03.082+0530] {logging_mixin.py:188} INFO - [2024-03-01T16:35:03.082+0530] {dag.py:3047} INFO - Sync 1 DAGs
[2024-03-01T16:35:03.101+0530] {logging_mixin.py:188} INFO - [2024-03-01T16:35:03.101+0530] {dag.py:3834} INFO - Setting next_dagrun for example_branch_python_operator_decorator to 2024-02-29 00:00:00+00:00, run_after=2024-03-01 00:00:00+00:00
[2024-03-01T16:35:03.255+0530] {processor.py:183} INFO - Processing /home/akranth/airflow/airflow_env/lib/python3.11/site-packages/airflow/example_dags/example_branch_operator_decorator.py took 0.238 seconds
