[2024-03-01T16:18:24.049+0530] {processor.py:161} INFO - Started process (PID=7087) to work on /home/akranth/airflow/airflow_env/lib/python3.11/site-packages/airflow/example_dags/example_short_circuit_operator.py
[2024-03-01T16:18:24.049+0530] {processor.py:830} INFO - Processing file /home/akranth/airflow/airflow_env/lib/python3.11/site-packages/airflow/example_dags/example_short_circuit_operator.py for tasks to queue
[2024-03-01T16:18:24.050+0530] {logging_mixin.py:188} INFO - [2024-03-01T16:18:24.050+0530] {dagbag.py:540} INFO - Filling up the DagBag from /home/akranth/airflow/airflow_env/lib/python3.11/site-packages/airflow/example_dags/example_short_circuit_operator.py
[2024-03-01T16:18:24.057+0530] {processor.py:840} INFO - DAG(s) 'example_short_circuit_operator' retrieved from /home/akranth/airflow/airflow_env/lib/python3.11/site-packages/airflow/example_dags/example_short_circuit_operator.py
[2024-03-01T16:18:24.199+0530] {logging_mixin.py:188} INFO - [2024-03-01T16:18:24.199+0530] {dag.py:3047} INFO - Sync 1 DAGs
[2024-03-01T16:18:24.210+0530] {logging_mixin.py:188} INFO - [2024-03-01T16:18:24.210+0530] {dag.py:3834} INFO - Setting next_dagrun for example_short_circuit_operator to 2024-02-29 00:00:00+00:00, run_after=2024-03-01 00:00:00+00:00
[2024-03-01T16:18:24.316+0530] {processor.py:183} INFO - Processing /home/akranth/airflow/airflow_env/lib/python3.11/site-packages/airflow/example_dags/example_short_circuit_operator.py took 0.269 seconds
[2024-03-01T16:19:33.028+0530] {processor.py:161} INFO - Started process (PID=7201) to work on /home/akranth/airflow/airflow_env/lib/python3.11/site-packages/airflow/example_dags/example_short_circuit_operator.py
[2024-03-01T16:19:33.029+0530] {processor.py:830} INFO - Processing file /home/akranth/airflow/airflow_env/lib/python3.11/site-packages/airflow/example_dags/example_short_circuit_operator.py for tasks to queue
[2024-03-01T16:19:33.030+0530] {logging_mixin.py:188} INFO - [2024-03-01T16:19:33.029+0530] {dagbag.py:540} INFO - Filling up the DagBag from /home/akranth/airflow/airflow_env/lib/python3.11/site-packages/airflow/example_dags/example_short_circuit_operator.py
[2024-03-01T16:19:33.036+0530] {processor.py:840} INFO - DAG(s) 'example_short_circuit_operator' retrieved from /home/akranth/airflow/airflow_env/lib/python3.11/site-packages/airflow/example_dags/example_short_circuit_operator.py
[2024-03-01T16:19:33.050+0530] {logging_mixin.py:188} INFO - [2024-03-01T16:19:33.050+0530] {dag.py:3047} INFO - Sync 1 DAGs
[2024-03-01T16:19:33.137+0530] {logging_mixin.py:188} INFO - [2024-03-01T16:19:33.137+0530] {dag.py:3834} INFO - Setting next_dagrun for example_short_circuit_operator to 2024-02-29 00:00:00+00:00, run_after=2024-03-01 00:00:00+00:00
[2024-03-01T16:19:33.246+0530] {processor.py:183} INFO - Processing /home/akranth/airflow/airflow_env/lib/python3.11/site-packages/airflow/example_dags/example_short_circuit_operator.py took 0.220 seconds
[2024-03-01T16:20:34.077+0530] {processor.py:161} INFO - Started process (PID=7356) to work on /home/akranth/airflow/airflow_env/lib/python3.11/site-packages/airflow/example_dags/example_short_circuit_operator.py
[2024-03-01T16:20:34.167+0530] {processor.py:830} INFO - Processing file /home/akranth/airflow/airflow_env/lib/python3.11/site-packages/airflow/example_dags/example_short_circuit_operator.py for tasks to queue
[2024-03-01T16:20:34.168+0530] {logging_mixin.py:188} INFO - [2024-03-01T16:20:34.168+0530] {dagbag.py:540} INFO - Filling up the DagBag from /home/akranth/airflow/airflow_env/lib/python3.11/site-packages/airflow/example_dags/example_short_circuit_operator.py
[2024-03-01T16:20:34.177+0530] {processor.py:840} INFO - DAG(s) 'example_short_circuit_operator' retrieved from /home/akranth/airflow/airflow_env/lib/python3.11/site-packages/airflow/example_dags/example_short_circuit_operator.py
[2024-03-01T16:20:34.194+0530] {logging_mixin.py:188} INFO - [2024-03-01T16:20:34.194+0530] {dag.py:3047} INFO - Sync 1 DAGs
[2024-03-01T16:20:34.211+0530] {logging_mixin.py:188} INFO - [2024-03-01T16:20:34.211+0530] {dag.py:3834} INFO - Setting next_dagrun for example_short_circuit_operator to 2024-02-29 00:00:00+00:00, run_after=2024-03-01 00:00:00+00:00
[2024-03-01T16:20:34.434+0530] {processor.py:183} INFO - Processing /home/akranth/airflow/airflow_env/lib/python3.11/site-packages/airflow/example_dags/example_short_circuit_operator.py took 0.362 seconds
[2024-03-01T16:21:34.613+0530] {processor.py:161} INFO - Started process (PID=7424) to work on /home/akranth/airflow/airflow_env/lib/python3.11/site-packages/airflow/example_dags/example_short_circuit_operator.py
[2024-03-01T16:21:34.615+0530] {processor.py:830} INFO - Processing file /home/akranth/airflow/airflow_env/lib/python3.11/site-packages/airflow/example_dags/example_short_circuit_operator.py for tasks to queue
[2024-03-01T16:21:34.617+0530] {logging_mixin.py:188} INFO - [2024-03-01T16:21:34.616+0530] {dagbag.py:540} INFO - Filling up the DagBag from /home/akranth/airflow/airflow_env/lib/python3.11/site-packages/airflow/example_dags/example_short_circuit_operator.py
[2024-03-01T16:21:34.635+0530] {processor.py:840} INFO - DAG(s) 'example_short_circuit_operator' retrieved from /home/akranth/airflow/airflow_env/lib/python3.11/site-packages/airflow/example_dags/example_short_circuit_operator.py
[2024-03-01T16:21:34.654+0530] {logging_mixin.py:188} INFO - [2024-03-01T16:21:34.654+0530] {dag.py:3047} INFO - Sync 1 DAGs
[2024-03-01T16:21:34.670+0530] {logging_mixin.py:188} INFO - [2024-03-01T16:21:34.669+0530] {dag.py:3834} INFO - Setting next_dagrun for example_short_circuit_operator to 2024-02-29 00:00:00+00:00, run_after=2024-03-01 00:00:00+00:00
[2024-03-01T16:21:34.861+0530] {processor.py:183} INFO - Processing /home/akranth/airflow/airflow_env/lib/python3.11/site-packages/airflow/example_dags/example_short_circuit_operator.py took 0.256 seconds
[2024-03-01T16:22:37.011+0530] {processor.py:161} INFO - Started process (PID=7499) to work on /home/akranth/airflow/airflow_env/lib/python3.11/site-packages/airflow/example_dags/example_short_circuit_operator.py
[2024-03-01T16:22:37.011+0530] {processor.py:830} INFO - Processing file /home/akranth/airflow/airflow_env/lib/python3.11/site-packages/airflow/example_dags/example_short_circuit_operator.py for tasks to queue
[2024-03-01T16:22:37.012+0530] {logging_mixin.py:188} INFO - [2024-03-01T16:22:37.012+0530] {dagbag.py:540} INFO - Filling up the DagBag from /home/akranth/airflow/airflow_env/lib/python3.11/site-packages/airflow/example_dags/example_short_circuit_operator.py
[2024-03-01T16:22:37.018+0530] {processor.py:840} INFO - DAG(s) 'example_short_circuit_operator' retrieved from /home/akranth/airflow/airflow_env/lib/python3.11/site-packages/airflow/example_dags/example_short_circuit_operator.py
[2024-03-01T16:22:37.031+0530] {logging_mixin.py:188} INFO - [2024-03-01T16:22:37.031+0530] {dag.py:3047} INFO - Sync 1 DAGs
[2024-03-01T16:22:37.046+0530] {logging_mixin.py:188} INFO - [2024-03-01T16:22:37.046+0530] {dag.py:3834} INFO - Setting next_dagrun for example_short_circuit_operator to 2024-02-29 00:00:00+00:00, run_after=2024-03-01 00:00:00+00:00
[2024-03-01T16:22:37.152+0530] {processor.py:183} INFO - Processing /home/akranth/airflow/airflow_env/lib/python3.11/site-packages/airflow/example_dags/example_short_circuit_operator.py took 0.144 seconds
[2024-03-01T16:23:34.102+0530] {processor.py:161} INFO - Started process (PID=7558) to work on /home/akranth/airflow/airflow_env/lib/python3.11/site-packages/airflow/example_dags/example_short_circuit_operator.py
[2024-03-01T16:23:34.104+0530] {processor.py:830} INFO - Processing file /home/akranth/airflow/airflow_env/lib/python3.11/site-packages/airflow/example_dags/example_short_circuit_operator.py for tasks to queue
[2024-03-01T16:23:34.106+0530] {logging_mixin.py:188} INFO - [2024-03-01T16:23:34.105+0530] {dagbag.py:540} INFO - Filling up the DagBag from /home/akranth/airflow/airflow_env/lib/python3.11/site-packages/airflow/example_dags/example_short_circuit_operator.py
[2024-03-01T16:23:34.125+0530] {processor.py:840} INFO - DAG(s) 'example_short_circuit_operator' retrieved from /home/akranth/airflow/airflow_env/lib/python3.11/site-packages/airflow/example_dags/example_short_circuit_operator.py
[2024-03-01T16:23:34.145+0530] {logging_mixin.py:188} INFO - [2024-03-01T16:23:34.145+0530] {dag.py:3047} INFO - Sync 1 DAGs
[2024-03-01T16:23:34.160+0530] {logging_mixin.py:188} INFO - [2024-03-01T16:23:34.160+0530] {dag.py:3834} INFO - Setting next_dagrun for example_short_circuit_operator to 2024-02-29 00:00:00+00:00, run_after=2024-03-01 00:00:00+00:00
[2024-03-01T16:23:34.343+0530] {processor.py:183} INFO - Processing /home/akranth/airflow/airflow_env/lib/python3.11/site-packages/airflow/example_dags/example_short_circuit_operator.py took 0.248 seconds
[2024-03-01T16:24:34.959+0530] {processor.py:161} INFO - Started process (PID=7614) to work on /home/akranth/airflow/airflow_env/lib/python3.11/site-packages/airflow/example_dags/example_short_circuit_operator.py
[2024-03-01T16:24:34.970+0530] {processor.py:830} INFO - Processing file /home/akranth/airflow/airflow_env/lib/python3.11/site-packages/airflow/example_dags/example_short_circuit_operator.py for tasks to queue
[2024-03-01T16:24:34.973+0530] {logging_mixin.py:188} INFO - [2024-03-01T16:24:34.971+0530] {dagbag.py:540} INFO - Filling up the DagBag from /home/akranth/airflow/airflow_env/lib/python3.11/site-packages/airflow/example_dags/example_short_circuit_operator.py
[2024-03-01T16:24:34.991+0530] {processor.py:840} INFO - DAG(s) 'example_short_circuit_operator' retrieved from /home/akranth/airflow/airflow_env/lib/python3.11/site-packages/airflow/example_dags/example_short_circuit_operator.py
[2024-03-01T16:24:35.010+0530] {logging_mixin.py:188} INFO - [2024-03-01T16:24:35.010+0530] {dag.py:3047} INFO - Sync 1 DAGs
[2024-03-01T16:24:35.027+0530] {logging_mixin.py:188} INFO - [2024-03-01T16:24:35.026+0530] {dag.py:3834} INFO - Setting next_dagrun for example_short_circuit_operator to 2024-02-29 00:00:00+00:00, run_after=2024-03-01 00:00:00+00:00
[2024-03-01T16:24:35.149+0530] {processor.py:183} INFO - Processing /home/akranth/airflow/airflow_env/lib/python3.11/site-packages/airflow/example_dags/example_short_circuit_operator.py took 0.197 seconds
[2024-03-01T16:25:40.148+0530] {processor.py:161} INFO - Started process (PID=7685) to work on /home/akranth/airflow/airflow_env/lib/python3.11/site-packages/airflow/example_dags/example_short_circuit_operator.py
[2024-03-01T16:25:40.243+0530] {processor.py:830} INFO - Processing file /home/akranth/airflow/airflow_env/lib/python3.11/site-packages/airflow/example_dags/example_short_circuit_operator.py for tasks to queue
[2024-03-01T16:25:40.245+0530] {logging_mixin.py:188} INFO - [2024-03-01T16:25:40.244+0530] {dagbag.py:540} INFO - Filling up the DagBag from /home/akranth/airflow/airflow_env/lib/python3.11/site-packages/airflow/example_dags/example_short_circuit_operator.py
[2024-03-01T16:25:40.266+0530] {processor.py:840} INFO - DAG(s) 'example_short_circuit_operator' retrieved from /home/akranth/airflow/airflow_env/lib/python3.11/site-packages/airflow/example_dags/example_short_circuit_operator.py
[2024-03-01T16:25:40.293+0530] {logging_mixin.py:188} INFO - [2024-03-01T16:25:40.293+0530] {dag.py:3047} INFO - Sync 1 DAGs
[2024-03-01T16:25:40.309+0530] {logging_mixin.py:188} INFO - [2024-03-01T16:25:40.309+0530] {dag.py:3834} INFO - Setting next_dagrun for example_short_circuit_operator to 2024-02-29 00:00:00+00:00, run_after=2024-03-01 00:00:00+00:00
[2024-03-01T16:25:40.424+0530] {processor.py:183} INFO - Processing /home/akranth/airflow/airflow_env/lib/python3.11/site-packages/airflow/example_dags/example_short_circuit_operator.py took 0.283 seconds
[2024-03-01T16:26:40.213+0530] {processor.py:161} INFO - Started process (PID=7751) to work on /home/akranth/airflow/airflow_env/lib/python3.11/site-packages/airflow/example_dags/example_short_circuit_operator.py
[2024-03-01T16:26:40.242+0530] {processor.py:830} INFO - Processing file /home/akranth/airflow/airflow_env/lib/python3.11/site-packages/airflow/example_dags/example_short_circuit_operator.py for tasks to queue
[2024-03-01T16:26:40.244+0530] {logging_mixin.py:188} INFO - [2024-03-01T16:26:40.243+0530] {dagbag.py:540} INFO - Filling up the DagBag from /home/akranth/airflow/airflow_env/lib/python3.11/site-packages/airflow/example_dags/example_short_circuit_operator.py
[2024-03-01T16:26:40.264+0530] {processor.py:840} INFO - DAG(s) 'example_short_circuit_operator' retrieved from /home/akranth/airflow/airflow_env/lib/python3.11/site-packages/airflow/example_dags/example_short_circuit_operator.py
[2024-03-01T16:26:40.287+0530] {logging_mixin.py:188} INFO - [2024-03-01T16:26:40.287+0530] {dag.py:3047} INFO - Sync 1 DAGs
[2024-03-01T16:26:40.303+0530] {logging_mixin.py:188} INFO - [2024-03-01T16:26:40.303+0530] {dag.py:3834} INFO - Setting next_dagrun for example_short_circuit_operator to 2024-02-29 00:00:00+00:00, run_after=2024-03-01 00:00:00+00:00
[2024-03-01T16:26:40.445+0530] {processor.py:183} INFO - Processing /home/akranth/airflow/airflow_env/lib/python3.11/site-packages/airflow/example_dags/example_short_circuit_operator.py took 0.238 seconds
[2024-03-01T16:27:35.768+0530] {processor.py:161} INFO - Started process (PID=7811) to work on /home/akranth/airflow/airflow_env/lib/python3.11/site-packages/airflow/example_dags/example_short_circuit_operator.py
[2024-03-01T16:27:35.769+0530] {processor.py:830} INFO - Processing file /home/akranth/airflow/airflow_env/lib/python3.11/site-packages/airflow/example_dags/example_short_circuit_operator.py for tasks to queue
[2024-03-01T16:27:35.770+0530] {logging_mixin.py:188} INFO - [2024-03-01T16:27:35.769+0530] {dagbag.py:540} INFO - Filling up the DagBag from /home/akranth/airflow/airflow_env/lib/python3.11/site-packages/airflow/example_dags/example_short_circuit_operator.py
[2024-03-01T16:27:35.776+0530] {processor.py:840} INFO - DAG(s) 'example_short_circuit_operator' retrieved from /home/akranth/airflow/airflow_env/lib/python3.11/site-packages/airflow/example_dags/example_short_circuit_operator.py
[2024-03-01T16:27:35.792+0530] {logging_mixin.py:188} INFO - [2024-03-01T16:27:35.791+0530] {dag.py:3047} INFO - Sync 1 DAGs
[2024-03-01T16:27:35.808+0530] {logging_mixin.py:188} INFO - [2024-03-01T16:27:35.808+0530] {dag.py:3834} INFO - Setting next_dagrun for example_short_circuit_operator to 2024-02-29 00:00:00+00:00, run_after=2024-03-01 00:00:00+00:00
[2024-03-01T16:27:35.946+0530] {processor.py:183} INFO - Processing /home/akranth/airflow/airflow_env/lib/python3.11/site-packages/airflow/example_dags/example_short_circuit_operator.py took 0.181 seconds
[2024-03-01T16:28:40.641+0530] {processor.py:161} INFO - Started process (PID=7892) to work on /home/akranth/airflow/airflow_env/lib/python3.11/site-packages/airflow/example_dags/example_short_circuit_operator.py
[2024-03-01T16:28:40.729+0530] {processor.py:830} INFO - Processing file /home/akranth/airflow/airflow_env/lib/python3.11/site-packages/airflow/example_dags/example_short_circuit_operator.py for tasks to queue
[2024-03-01T16:28:40.731+0530] {logging_mixin.py:188} INFO - [2024-03-01T16:28:40.730+0530] {dagbag.py:540} INFO - Filling up the DagBag from /home/akranth/airflow/airflow_env/lib/python3.11/site-packages/airflow/example_dags/example_short_circuit_operator.py
[2024-03-01T16:28:40.739+0530] {processor.py:840} INFO - DAG(s) 'example_short_circuit_operator' retrieved from /home/akranth/airflow/airflow_env/lib/python3.11/site-packages/airflow/example_dags/example_short_circuit_operator.py
[2024-03-01T16:28:40.752+0530] {logging_mixin.py:188} INFO - [2024-03-01T16:28:40.752+0530] {dag.py:3047} INFO - Sync 1 DAGs
[2024-03-01T16:28:40.766+0530] {logging_mixin.py:188} INFO - [2024-03-01T16:28:40.766+0530] {dag.py:3834} INFO - Setting next_dagrun for example_short_circuit_operator to 2024-02-29 00:00:00+00:00, run_after=2024-03-01 00:00:00+00:00
[2024-03-01T16:28:40.879+0530] {processor.py:183} INFO - Processing /home/akranth/airflow/airflow_env/lib/python3.11/site-packages/airflow/example_dags/example_short_circuit_operator.py took 0.240 seconds
[2024-03-01T16:30:01.505+0530] {processor.py:161} INFO - Started process (PID=7984) to work on /home/akranth/airflow/airflow_env/lib/python3.11/site-packages/airflow/example_dags/example_short_circuit_operator.py
[2024-03-01T16:30:01.505+0530] {processor.py:830} INFO - Processing file /home/akranth/airflow/airflow_env/lib/python3.11/site-packages/airflow/example_dags/example_short_circuit_operator.py for tasks to queue
[2024-03-01T16:30:01.506+0530] {logging_mixin.py:188} INFO - [2024-03-01T16:30:01.506+0530] {dagbag.py:540} INFO - Filling up the DagBag from /home/akranth/airflow/airflow_env/lib/python3.11/site-packages/airflow/example_dags/example_short_circuit_operator.py
[2024-03-01T16:30:01.512+0530] {processor.py:840} INFO - DAG(s) 'example_short_circuit_operator' retrieved from /home/akranth/airflow/airflow_env/lib/python3.11/site-packages/airflow/example_dags/example_short_circuit_operator.py
[2024-03-01T16:30:01.527+0530] {logging_mixin.py:188} INFO - [2024-03-01T16:30:01.526+0530] {dag.py:3047} INFO - Sync 1 DAGs
[2024-03-01T16:30:01.542+0530] {logging_mixin.py:188} INFO - [2024-03-01T16:30:01.542+0530] {dag.py:3834} INFO - Setting next_dagrun for example_short_circuit_operator to 2024-02-29 00:00:00+00:00, run_after=2024-03-01 00:00:00+00:00
[2024-03-01T16:30:02.001+0530] {processor.py:183} INFO - Processing /home/akranth/airflow/airflow_env/lib/python3.11/site-packages/airflow/example_dags/example_short_circuit_operator.py took 0.498 seconds
[2024-03-01T16:31:21.074+0530] {processor.py:161} INFO - Started process (PID=8324) to work on /home/akranth/airflow/airflow_env/lib/python3.11/site-packages/airflow/example_dags/example_short_circuit_operator.py
[2024-03-01T16:31:21.083+0530] {processor.py:830} INFO - Processing file /home/akranth/airflow/airflow_env/lib/python3.11/site-packages/airflow/example_dags/example_short_circuit_operator.py for tasks to queue
[2024-03-01T16:31:21.084+0530] {logging_mixin.py:188} INFO - [2024-03-01T16:31:21.084+0530] {dagbag.py:540} INFO - Filling up the DagBag from /home/akranth/airflow/airflow_env/lib/python3.11/site-packages/airflow/example_dags/example_short_circuit_operator.py
[2024-03-01T16:31:21.092+0530] {processor.py:840} INFO - DAG(s) 'example_short_circuit_operator' retrieved from /home/akranth/airflow/airflow_env/lib/python3.11/site-packages/airflow/example_dags/example_short_circuit_operator.py
[2024-03-01T16:31:21.111+0530] {logging_mixin.py:188} INFO - [2024-03-01T16:31:21.110+0530] {dag.py:3047} INFO - Sync 1 DAGs
[2024-03-01T16:31:21.136+0530] {logging_mixin.py:188} INFO - [2024-03-01T16:31:21.135+0530] {dag.py:3834} INFO - Setting next_dagrun for example_short_circuit_operator to 2024-02-29 00:00:00+00:00, run_after=2024-03-01 00:00:00+00:00
[2024-03-01T16:31:21.242+0530] {processor.py:183} INFO - Processing /home/akranth/airflow/airflow_env/lib/python3.11/site-packages/airflow/example_dags/example_short_circuit_operator.py took 0.171 seconds
[2024-03-01T16:32:58.397+0530] {processor.py:161} INFO - Started process (PID=9313) to work on /home/akranth/airflow/airflow_env/lib/python3.11/site-packages/airflow/example_dags/example_short_circuit_operator.py
[2024-03-01T16:32:58.399+0530] {processor.py:830} INFO - Processing file /home/akranth/airflow/airflow_env/lib/python3.11/site-packages/airflow/example_dags/example_short_circuit_operator.py for tasks to queue
[2024-03-01T16:32:58.401+0530] {logging_mixin.py:188} INFO - [2024-03-01T16:32:58.400+0530] {dagbag.py:540} INFO - Filling up the DagBag from /home/akranth/airflow/airflow_env/lib/python3.11/site-packages/airflow/example_dags/example_short_circuit_operator.py
[2024-03-01T16:32:58.418+0530] {processor.py:840} INFO - DAG(s) 'example_short_circuit_operator' retrieved from /home/akranth/airflow/airflow_env/lib/python3.11/site-packages/airflow/example_dags/example_short_circuit_operator.py
[2024-03-01T16:32:58.436+0530] {logging_mixin.py:188} INFO - [2024-03-01T16:32:58.436+0530] {dag.py:3047} INFO - Sync 1 DAGs
[2024-03-01T16:32:58.453+0530] {logging_mixin.py:188} INFO - [2024-03-01T16:32:58.453+0530] {dag.py:3834} INFO - Setting next_dagrun for example_short_circuit_operator to 2024-02-29 00:00:00+00:00, run_after=2024-03-01 00:00:00+00:00
[2024-03-01T16:32:58.554+0530] {processor.py:183} INFO - Processing /home/akranth/airflow/airflow_env/lib/python3.11/site-packages/airflow/example_dags/example_short_circuit_operator.py took 0.164 seconds
[2024-03-01T16:34:23.914+0530] {processor.py:161} INFO - Started process (PID=9509) to work on /home/akranth/airflow/airflow_env/lib/python3.11/site-packages/airflow/example_dags/example_short_circuit_operator.py
[2024-03-01T16:34:23.941+0530] {processor.py:830} INFO - Processing file /home/akranth/airflow/airflow_env/lib/python3.11/site-packages/airflow/example_dags/example_short_circuit_operator.py for tasks to queue
[2024-03-01T16:34:23.943+0530] {logging_mixin.py:188} INFO - [2024-03-01T16:34:23.942+0530] {dagbag.py:540} INFO - Filling up the DagBag from /home/akranth/airflow/airflow_env/lib/python3.11/site-packages/airflow/example_dags/example_short_circuit_operator.py
[2024-03-01T16:34:23.965+0530] {processor.py:840} INFO - DAG(s) 'example_short_circuit_operator' retrieved from /home/akranth/airflow/airflow_env/lib/python3.11/site-packages/airflow/example_dags/example_short_circuit_operator.py
[2024-03-01T16:34:23.987+0530] {logging_mixin.py:188} INFO - [2024-03-01T16:34:23.987+0530] {dag.py:3047} INFO - Sync 1 DAGs
[2024-03-01T16:34:24.006+0530] {logging_mixin.py:188} INFO - [2024-03-01T16:34:24.006+0530] {dag.py:3834} INFO - Setting next_dagrun for example_short_circuit_operator to 2024-02-29 00:00:00+00:00, run_after=2024-03-01 00:00:00+00:00
[2024-03-01T16:34:24.108+0530] {processor.py:183} INFO - Processing /home/akranth/airflow/airflow_env/lib/python3.11/site-packages/airflow/example_dags/example_short_circuit_operator.py took 0.201 seconds
[2024-03-01T16:35:25.759+0530] {processor.py:161} INFO - Started process (PID=9643) to work on /home/akranth/airflow/airflow_env/lib/python3.11/site-packages/airflow/example_dags/example_short_circuit_operator.py
[2024-03-01T16:35:25.778+0530] {processor.py:830} INFO - Processing file /home/akranth/airflow/airflow_env/lib/python3.11/site-packages/airflow/example_dags/example_short_circuit_operator.py for tasks to queue
[2024-03-01T16:35:25.779+0530] {logging_mixin.py:188} INFO - [2024-03-01T16:35:25.779+0530] {dagbag.py:540} INFO - Filling up the DagBag from /home/akranth/airflow/airflow_env/lib/python3.11/site-packages/airflow/example_dags/example_short_circuit_operator.py
[2024-03-01T16:35:25.787+0530] {processor.py:840} INFO - DAG(s) 'example_short_circuit_operator' retrieved from /home/akranth/airflow/airflow_env/lib/python3.11/site-packages/airflow/example_dags/example_short_circuit_operator.py
[2024-03-01T16:35:25.806+0530] {logging_mixin.py:188} INFO - [2024-03-01T16:35:25.806+0530] {dag.py:3047} INFO - Sync 1 DAGs
[2024-03-01T16:35:25.826+0530] {logging_mixin.py:188} INFO - [2024-03-01T16:35:25.826+0530] {dag.py:3834} INFO - Setting next_dagrun for example_short_circuit_operator to 2024-02-29 00:00:00+00:00, run_after=2024-03-01 00:00:00+00:00
[2024-03-01T16:35:25.932+0530] {processor.py:183} INFO - Processing /home/akranth/airflow/airflow_env/lib/python3.11/site-packages/airflow/example_dags/example_short_circuit_operator.py took 0.176 seconds
