[2024-03-01T16:18:09.678+0530] {processor.py:161} INFO - Started process (PID=7076) to work on /home/akranth/airflow/airflow_env/lib/python3.11/site-packages/airflow/example_dags/example_sensors.py
[2024-03-01T16:18:09.679+0530] {processor.py:830} INFO - Processing file /home/akranth/airflow/airflow_env/lib/python3.11/site-packages/airflow/example_dags/example_sensors.py for tasks to queue
[2024-03-01T16:18:09.679+0530] {logging_mixin.py:188} INFO - [2024-03-01T16:18:09.679+0530] {dagbag.py:540} INFO - Filling up the DagBag from /home/akranth/airflow/airflow_env/lib/python3.11/site-packages/airflow/example_dags/example_sensors.py
[2024-03-01T16:18:09.689+0530] {processor.py:840} INFO - DAG(s) 'example_sensors' retrieved from /home/akranth/airflow/airflow_env/lib/python3.11/site-packages/airflow/example_dags/example_sensors.py
[2024-03-01T16:18:09.766+0530] {logging_mixin.py:188} INFO - [2024-03-01T16:18:09.766+0530] {dag.py:3047} INFO - Sync 1 DAGs
[2024-03-01T16:18:09.849+0530] {logging_mixin.py:188} INFO - [2024-03-01T16:18:09.849+0530] {dag.py:3834} INFO - Setting next_dagrun for example_sensors to None, run_after=None
[2024-03-01T16:18:10.038+0530] {processor.py:183} INFO - Processing /home/akranth/airflow/airflow_env/lib/python3.11/site-packages/airflow/example_dags/example_sensors.py took 0.362 seconds
[2024-03-01T16:19:18.705+0530] {processor.py:161} INFO - Started process (PID=7190) to work on /home/akranth/airflow/airflow_env/lib/python3.11/site-packages/airflow/example_dags/example_sensors.py
[2024-03-01T16:19:18.709+0530] {processor.py:830} INFO - Processing file /home/akranth/airflow/airflow_env/lib/python3.11/site-packages/airflow/example_dags/example_sensors.py for tasks to queue
[2024-03-01T16:19:18.710+0530] {logging_mixin.py:188} INFO - [2024-03-01T16:19:18.710+0530] {dagbag.py:540} INFO - Filling up the DagBag from /home/akranth/airflow/airflow_env/lib/python3.11/site-packages/airflow/example_dags/example_sensors.py
[2024-03-01T16:19:18.718+0530] {processor.py:840} INFO - DAG(s) 'example_sensors' retrieved from /home/akranth/airflow/airflow_env/lib/python3.11/site-packages/airflow/example_dags/example_sensors.py
[2024-03-01T16:19:18.735+0530] {logging_mixin.py:188} INFO - [2024-03-01T16:19:18.735+0530] {dag.py:3047} INFO - Sync 1 DAGs
[2024-03-01T16:19:18.878+0530] {logging_mixin.py:188} INFO - [2024-03-01T16:19:18.877+0530] {dag.py:3834} INFO - Setting next_dagrun for example_sensors to None, run_after=None
[2024-03-01T16:19:18.991+0530] {processor.py:183} INFO - Processing /home/akranth/airflow/airflow_env/lib/python3.11/site-packages/airflow/example_dags/example_sensors.py took 0.288 seconds
[2024-03-01T16:20:20.752+0530] {processor.py:161} INFO - Started process (PID=7340) to work on /home/akranth/airflow/airflow_env/lib/python3.11/site-packages/airflow/example_dags/example_sensors.py
[2024-03-01T16:20:20.832+0530] {processor.py:830} INFO - Processing file /home/akranth/airflow/airflow_env/lib/python3.11/site-packages/airflow/example_dags/example_sensors.py for tasks to queue
[2024-03-01T16:20:20.833+0530] {logging_mixin.py:188} INFO - [2024-03-01T16:20:20.832+0530] {dagbag.py:540} INFO - Filling up the DagBag from /home/akranth/airflow/airflow_env/lib/python3.11/site-packages/airflow/example_dags/example_sensors.py
[2024-03-01T16:20:20.841+0530] {processor.py:840} INFO - DAG(s) 'example_sensors' retrieved from /home/akranth/airflow/airflow_env/lib/python3.11/site-packages/airflow/example_dags/example_sensors.py
[2024-03-01T16:20:20.858+0530] {logging_mixin.py:188} INFO - [2024-03-01T16:20:20.858+0530] {dag.py:3047} INFO - Sync 1 DAGs
[2024-03-01T16:20:20.866+0530] {logging_mixin.py:188} INFO - [2024-03-01T16:20:20.866+0530] {dag.py:3834} INFO - Setting next_dagrun for example_sensors to None, run_after=None
[2024-03-01T16:20:20.960+0530] {processor.py:183} INFO - Processing /home/akranth/airflow/airflow_env/lib/python3.11/site-packages/airflow/example_dags/example_sensors.py took 0.210 seconds
[2024-03-01T16:21:20.346+0530] {processor.py:161} INFO - Started process (PID=7410) to work on /home/akranth/airflow/airflow_env/lib/python3.11/site-packages/airflow/example_dags/example_sensors.py
[2024-03-01T16:21:20.425+0530] {processor.py:830} INFO - Processing file /home/akranth/airflow/airflow_env/lib/python3.11/site-packages/airflow/example_dags/example_sensors.py for tasks to queue
[2024-03-01T16:21:20.427+0530] {logging_mixin.py:188} INFO - [2024-03-01T16:21:20.426+0530] {dagbag.py:540} INFO - Filling up the DagBag from /home/akranth/airflow/airflow_env/lib/python3.11/site-packages/airflow/example_dags/example_sensors.py
[2024-03-01T16:21:20.436+0530] {processor.py:840} INFO - DAG(s) 'example_sensors' retrieved from /home/akranth/airflow/airflow_env/lib/python3.11/site-packages/airflow/example_dags/example_sensors.py
[2024-03-01T16:21:20.451+0530] {logging_mixin.py:188} INFO - [2024-03-01T16:21:20.451+0530] {dag.py:3047} INFO - Sync 1 DAGs
[2024-03-01T16:21:20.459+0530] {logging_mixin.py:188} INFO - [2024-03-01T16:21:20.459+0530] {dag.py:3834} INFO - Setting next_dagrun for example_sensors to None, run_after=None
[2024-03-01T16:21:20.571+0530] {processor.py:183} INFO - Processing /home/akranth/airflow/airflow_env/lib/python3.11/site-packages/airflow/example_dags/example_sensors.py took 0.227 seconds
[2024-03-01T16:22:24.776+0530] {processor.py:161} INFO - Started process (PID=7487) to work on /home/akranth/airflow/airflow_env/lib/python3.11/site-packages/airflow/example_dags/example_sensors.py
[2024-03-01T16:22:24.785+0530] {processor.py:830} INFO - Processing file /home/akranth/airflow/airflow_env/lib/python3.11/site-packages/airflow/example_dags/example_sensors.py for tasks to queue
[2024-03-01T16:22:24.785+0530] {logging_mixin.py:188} INFO - [2024-03-01T16:22:24.785+0530] {dagbag.py:540} INFO - Filling up the DagBag from /home/akranth/airflow/airflow_env/lib/python3.11/site-packages/airflow/example_dags/example_sensors.py
[2024-03-01T16:22:24.793+0530] {processor.py:840} INFO - DAG(s) 'example_sensors' retrieved from /home/akranth/airflow/airflow_env/lib/python3.11/site-packages/airflow/example_dags/example_sensors.py
[2024-03-01T16:22:24.809+0530] {logging_mixin.py:188} INFO - [2024-03-01T16:22:24.809+0530] {dag.py:3047} INFO - Sync 1 DAGs
[2024-03-01T16:22:24.817+0530] {logging_mixin.py:188} INFO - [2024-03-01T16:22:24.817+0530] {dag.py:3834} INFO - Setting next_dagrun for example_sensors to None, run_after=None
[2024-03-01T16:22:24.913+0530] {processor.py:183} INFO - Processing /home/akranth/airflow/airflow_env/lib/python3.11/site-packages/airflow/example_dags/example_sensors.py took 0.139 seconds
[2024-03-01T16:23:20.875+0530] {processor.py:161} INFO - Started process (PID=7546) to work on /home/akranth/airflow/airflow_env/lib/python3.11/site-packages/airflow/example_dags/example_sensors.py
[2024-03-01T16:23:20.958+0530] {processor.py:830} INFO - Processing file /home/akranth/airflow/airflow_env/lib/python3.11/site-packages/airflow/example_dags/example_sensors.py for tasks to queue
[2024-03-01T16:23:20.960+0530] {logging_mixin.py:188} INFO - [2024-03-01T16:23:20.959+0530] {dagbag.py:540} INFO - Filling up the DagBag from /home/akranth/airflow/airflow_env/lib/python3.11/site-packages/airflow/example_dags/example_sensors.py
[2024-03-01T16:23:20.984+0530] {processor.py:840} INFO - DAG(s) 'example_sensors' retrieved from /home/akranth/airflow/airflow_env/lib/python3.11/site-packages/airflow/example_dags/example_sensors.py
[2024-03-01T16:23:21.007+0530] {logging_mixin.py:188} INFO - [2024-03-01T16:23:21.007+0530] {dag.py:3047} INFO - Sync 1 DAGs
[2024-03-01T16:23:21.015+0530] {logging_mixin.py:188} INFO - [2024-03-01T16:23:21.015+0530] {dag.py:3834} INFO - Setting next_dagrun for example_sensors to None, run_after=None
[2024-03-01T16:23:21.129+0530] {processor.py:183} INFO - Processing /home/akranth/airflow/airflow_env/lib/python3.11/site-packages/airflow/example_dags/example_sensors.py took 0.261 seconds
[2024-03-01T16:24:20.503+0530] {processor.py:161} INFO - Started process (PID=7601) to work on /home/akranth/airflow/airflow_env/lib/python3.11/site-packages/airflow/example_dags/example_sensors.py
[2024-03-01T16:24:20.527+0530] {processor.py:830} INFO - Processing file /home/akranth/airflow/airflow_env/lib/python3.11/site-packages/airflow/example_dags/example_sensors.py for tasks to queue
[2024-03-01T16:24:20.530+0530] {logging_mixin.py:188} INFO - [2024-03-01T16:24:20.529+0530] {dagbag.py:540} INFO - Filling up the DagBag from /home/akranth/airflow/airflow_env/lib/python3.11/site-packages/airflow/example_dags/example_sensors.py
[2024-03-01T16:24:20.553+0530] {processor.py:840} INFO - DAG(s) 'example_sensors' retrieved from /home/akranth/airflow/airflow_env/lib/python3.11/site-packages/airflow/example_dags/example_sensors.py
[2024-03-01T16:24:20.575+0530] {logging_mixin.py:188} INFO - [2024-03-01T16:24:20.574+0530] {dag.py:3047} INFO - Sync 1 DAGs
[2024-03-01T16:24:20.585+0530] {logging_mixin.py:188} INFO - [2024-03-01T16:24:20.585+0530] {dag.py:3834} INFO - Setting next_dagrun for example_sensors to None, run_after=None
[2024-03-01T16:24:20.796+0530] {processor.py:183} INFO - Processing /home/akranth/airflow/airflow_env/lib/python3.11/site-packages/airflow/example_dags/example_sensors.py took 0.300 seconds
[2024-03-01T16:25:26.872+0530] {processor.py:161} INFO - Started process (PID=7672) to work on /home/akranth/airflow/airflow_env/lib/python3.11/site-packages/airflow/example_dags/example_sensors.py
[2024-03-01T16:25:26.964+0530] {processor.py:830} INFO - Processing file /home/akranth/airflow/airflow_env/lib/python3.11/site-packages/airflow/example_dags/example_sensors.py for tasks to queue
[2024-03-01T16:25:26.966+0530] {logging_mixin.py:188} INFO - [2024-03-01T16:25:26.965+0530] {dagbag.py:540} INFO - Filling up the DagBag from /home/akranth/airflow/airflow_env/lib/python3.11/site-packages/airflow/example_dags/example_sensors.py
[2024-03-01T16:25:26.975+0530] {processor.py:840} INFO - DAG(s) 'example_sensors' retrieved from /home/akranth/airflow/airflow_env/lib/python3.11/site-packages/airflow/example_dags/example_sensors.py
[2024-03-01T16:25:26.989+0530] {logging_mixin.py:188} INFO - [2024-03-01T16:25:26.989+0530] {dag.py:3047} INFO - Sync 1 DAGs
[2024-03-01T16:25:26.997+0530] {logging_mixin.py:188} INFO - [2024-03-01T16:25:26.997+0530] {dag.py:3834} INFO - Setting next_dagrun for example_sensors to None, run_after=None
[2024-03-01T16:25:27.127+0530] {processor.py:183} INFO - Processing /home/akranth/airflow/airflow_env/lib/python3.11/site-packages/airflow/example_dags/example_sensors.py took 0.257 seconds
[2024-03-01T16:26:27.036+0530] {processor.py:161} INFO - Started process (PID=7736) to work on /home/akranth/airflow/airflow_env/lib/python3.11/site-packages/airflow/example_dags/example_sensors.py
[2024-03-01T16:26:27.059+0530] {processor.py:830} INFO - Processing file /home/akranth/airflow/airflow_env/lib/python3.11/site-packages/airflow/example_dags/example_sensors.py for tasks to queue
[2024-03-01T16:26:27.060+0530] {logging_mixin.py:188} INFO - [2024-03-01T16:26:27.059+0530] {dagbag.py:540} INFO - Filling up the DagBag from /home/akranth/airflow/airflow_env/lib/python3.11/site-packages/airflow/example_dags/example_sensors.py
[2024-03-01T16:26:27.068+0530] {processor.py:840} INFO - DAG(s) 'example_sensors' retrieved from /home/akranth/airflow/airflow_env/lib/python3.11/site-packages/airflow/example_dags/example_sensors.py
[2024-03-01T16:26:27.085+0530] {logging_mixin.py:188} INFO - [2024-03-01T16:26:27.085+0530] {dag.py:3047} INFO - Sync 1 DAGs
[2024-03-01T16:26:27.093+0530] {logging_mixin.py:188} INFO - [2024-03-01T16:26:27.093+0530] {dag.py:3834} INFO - Setting next_dagrun for example_sensors to None, run_after=None
[2024-03-01T16:26:27.217+0530] {processor.py:183} INFO - Processing /home/akranth/airflow/airflow_env/lib/python3.11/site-packages/airflow/example_dags/example_sensors.py took 0.187 seconds
[2024-03-01T16:27:22.617+0530] {processor.py:161} INFO - Started process (PID=7799) to work on /home/akranth/airflow/airflow_env/lib/python3.11/site-packages/airflow/example_dags/example_sensors.py
[2024-03-01T16:27:22.649+0530] {processor.py:830} INFO - Processing file /home/akranth/airflow/airflow_env/lib/python3.11/site-packages/airflow/example_dags/example_sensors.py for tasks to queue
[2024-03-01T16:27:22.651+0530] {logging_mixin.py:188} INFO - [2024-03-01T16:27:22.650+0530] {dagbag.py:540} INFO - Filling up the DagBag from /home/akranth/airflow/airflow_env/lib/python3.11/site-packages/airflow/example_dags/example_sensors.py
[2024-03-01T16:27:22.673+0530] {processor.py:840} INFO - DAG(s) 'example_sensors' retrieved from /home/akranth/airflow/airflow_env/lib/python3.11/site-packages/airflow/example_dags/example_sensors.py
[2024-03-01T16:27:22.697+0530] {logging_mixin.py:188} INFO - [2024-03-01T16:27:22.697+0530] {dag.py:3047} INFO - Sync 1 DAGs
[2024-03-01T16:27:22.707+0530] {logging_mixin.py:188} INFO - [2024-03-01T16:27:22.706+0530] {dag.py:3834} INFO - Setting next_dagrun for example_sensors to None, run_after=None
[2024-03-01T16:27:22.874+0530] {processor.py:183} INFO - Processing /home/akranth/airflow/airflow_env/lib/python3.11/site-packages/airflow/example_dags/example_sensors.py took 0.259 seconds
[2024-03-01T16:28:22.697+0530] {processor.py:161} INFO - Started process (PID=7874) to work on /home/akranth/airflow/airflow_env/lib/python3.11/site-packages/airflow/example_dags/example_sensors.py
[2024-03-01T16:28:22.787+0530] {processor.py:830} INFO - Processing file /home/akranth/airflow/airflow_env/lib/python3.11/site-packages/airflow/example_dags/example_sensors.py for tasks to queue
[2024-03-01T16:28:22.790+0530] {logging_mixin.py:188} INFO - [2024-03-01T16:28:22.789+0530] {dagbag.py:540} INFO - Filling up the DagBag from /home/akranth/airflow/airflow_env/lib/python3.11/site-packages/airflow/example_dags/example_sensors.py
[2024-03-01T16:28:22.798+0530] {processor.py:840} INFO - DAG(s) 'example_sensors' retrieved from /home/akranth/airflow/airflow_env/lib/python3.11/site-packages/airflow/example_dags/example_sensors.py
[2024-03-01T16:28:22.813+0530] {logging_mixin.py:188} INFO - [2024-03-01T16:28:22.813+0530] {dag.py:3047} INFO - Sync 1 DAGs
[2024-03-01T16:28:22.821+0530] {logging_mixin.py:188} INFO - [2024-03-01T16:28:22.821+0530] {dag.py:3834} INFO - Setting next_dagrun for example_sensors to None, run_after=None
[2024-03-01T16:28:23.101+0530] {processor.py:183} INFO - Processing /home/akranth/airflow/airflow_env/lib/python3.11/site-packages/airflow/example_dags/example_sensors.py took 0.406 seconds
[2024-03-01T16:29:41.751+0530] {processor.py:161} INFO - Started process (PID=7968) to work on /home/akranth/airflow/airflow_env/lib/python3.11/site-packages/airflow/example_dags/example_sensors.py
[2024-03-01T16:29:41.766+0530] {processor.py:830} INFO - Processing file /home/akranth/airflow/airflow_env/lib/python3.11/site-packages/airflow/example_dags/example_sensors.py for tasks to queue
[2024-03-01T16:29:41.767+0530] {logging_mixin.py:188} INFO - [2024-03-01T16:29:41.767+0530] {dagbag.py:540} INFO - Filling up the DagBag from /home/akranth/airflow/airflow_env/lib/python3.11/site-packages/airflow/example_dags/example_sensors.py
[2024-03-01T16:29:41.775+0530] {processor.py:840} INFO - DAG(s) 'example_sensors' retrieved from /home/akranth/airflow/airflow_env/lib/python3.11/site-packages/airflow/example_dags/example_sensors.py
[2024-03-01T16:29:41.793+0530] {logging_mixin.py:188} INFO - [2024-03-01T16:29:41.793+0530] {dag.py:3047} INFO - Sync 1 DAGs
[2024-03-01T16:29:41.805+0530] {logging_mixin.py:188} INFO - [2024-03-01T16:29:41.805+0530] {dag.py:3834} INFO - Setting next_dagrun for example_sensors to None, run_after=None
[2024-03-01T16:29:41.906+0530] {processor.py:183} INFO - Processing /home/akranth/airflow/airflow_env/lib/python3.11/site-packages/airflow/example_dags/example_sensors.py took 0.160 seconds
[2024-03-01T16:31:08.453+0530] {processor.py:161} INFO - Started process (PID=8291) to work on /home/akranth/airflow/airflow_env/lib/python3.11/site-packages/airflow/example_dags/example_sensors.py
[2024-03-01T16:31:08.480+0530] {processor.py:830} INFO - Processing file /home/akranth/airflow/airflow_env/lib/python3.11/site-packages/airflow/example_dags/example_sensors.py for tasks to queue
[2024-03-01T16:31:08.482+0530] {logging_mixin.py:188} INFO - [2024-03-01T16:31:08.481+0530] {dagbag.py:540} INFO - Filling up the DagBag from /home/akranth/airflow/airflow_env/lib/python3.11/site-packages/airflow/example_dags/example_sensors.py
[2024-03-01T16:31:08.505+0530] {processor.py:840} INFO - DAG(s) 'example_sensors' retrieved from /home/akranth/airflow/airflow_env/lib/python3.11/site-packages/airflow/example_dags/example_sensors.py
[2024-03-01T16:31:08.532+0530] {logging_mixin.py:188} INFO - [2024-03-01T16:31:08.531+0530] {dag.py:3047} INFO - Sync 1 DAGs
[2024-03-01T16:31:08.540+0530] {logging_mixin.py:188} INFO - [2024-03-01T16:31:08.540+0530] {dag.py:3834} INFO - Setting next_dagrun for example_sensors to None, run_after=None
[2024-03-01T16:31:08.727+0530] {processor.py:183} INFO - Processing /home/akranth/airflow/airflow_env/lib/python3.11/site-packages/airflow/example_dags/example_sensors.py took 0.276 seconds
[2024-03-01T16:32:43.590+0530] {processor.py:161} INFO - Started process (PID=9290) to work on /home/akranth/airflow/airflow_env/lib/python3.11/site-packages/airflow/example_dags/example_sensors.py
[2024-03-01T16:32:43.606+0530] {processor.py:830} INFO - Processing file /home/akranth/airflow/airflow_env/lib/python3.11/site-packages/airflow/example_dags/example_sensors.py for tasks to queue
[2024-03-01T16:32:43.607+0530] {logging_mixin.py:188} INFO - [2024-03-01T16:32:43.607+0530] {dagbag.py:540} INFO - Filling up the DagBag from /home/akranth/airflow/airflow_env/lib/python3.11/site-packages/airflow/example_dags/example_sensors.py
[2024-03-01T16:32:43.619+0530] {processor.py:840} INFO - DAG(s) 'example_sensors' retrieved from /home/akranth/airflow/airflow_env/lib/python3.11/site-packages/airflow/example_dags/example_sensors.py
[2024-03-01T16:32:43.638+0530] {logging_mixin.py:188} INFO - [2024-03-01T16:32:43.638+0530] {dag.py:3047} INFO - Sync 1 DAGs
[2024-03-01T16:32:43.650+0530] {logging_mixin.py:188} INFO - [2024-03-01T16:32:43.650+0530] {dag.py:3834} INFO - Setting next_dagrun for example_sensors to None, run_after=None
[2024-03-01T16:32:43.771+0530] {processor.py:183} INFO - Processing /home/akranth/airflow/airflow_env/lib/python3.11/site-packages/airflow/example_dags/example_sensors.py took 0.186 seconds
[2024-03-01T16:34:06.479+0530] {processor.py:161} INFO - Started process (PID=9434) to work on /home/akranth/airflow/airflow_env/lib/python3.11/site-packages/airflow/example_dags/example_sensors.py
[2024-03-01T16:34:06.495+0530] {processor.py:830} INFO - Processing file /home/akranth/airflow/airflow_env/lib/python3.11/site-packages/airflow/example_dags/example_sensors.py for tasks to queue
[2024-03-01T16:34:06.498+0530] {logging_mixin.py:188} INFO - [2024-03-01T16:34:06.497+0530] {dagbag.py:540} INFO - Filling up the DagBag from /home/akranth/airflow/airflow_env/lib/python3.11/site-packages/airflow/example_dags/example_sensors.py
[2024-03-01T16:34:06.522+0530] {processor.py:840} INFO - DAG(s) 'example_sensors' retrieved from /home/akranth/airflow/airflow_env/lib/python3.11/site-packages/airflow/example_dags/example_sensors.py
[2024-03-01T16:34:06.547+0530] {logging_mixin.py:188} INFO - [2024-03-01T16:34:06.547+0530] {dag.py:3047} INFO - Sync 1 DAGs
[2024-03-01T16:34:06.558+0530] {logging_mixin.py:188} INFO - [2024-03-01T16:34:06.558+0530] {dag.py:3834} INFO - Setting next_dagrun for example_sensors to None, run_after=None
[2024-03-01T16:34:06.655+0530] {processor.py:183} INFO - Processing /home/akranth/airflow/airflow_env/lib/python3.11/site-packages/airflow/example_dags/example_sensors.py took 0.179 seconds
[2024-03-01T16:34:55.550+0530] {processor.py:161} INFO - Started process (PID=9582) to work on /home/akranth/airflow/airflow_env/lib/python3.11/site-packages/airflow/example_dags/example_sensors.py
[2024-03-01T16:34:55.569+0530] {processor.py:830} INFO - Processing file /home/akranth/airflow/airflow_env/lib/python3.11/site-packages/airflow/example_dags/example_sensors.py for tasks to queue
[2024-03-01T16:34:55.571+0530] {logging_mixin.py:188} INFO - [2024-03-01T16:34:55.570+0530] {dagbag.py:540} INFO - Filling up the DagBag from /home/akranth/airflow/airflow_env/lib/python3.11/site-packages/airflow/example_dags/example_sensors.py
[2024-03-01T16:34:55.594+0530] {processor.py:840} INFO - DAG(s) 'example_sensors' retrieved from /home/akranth/airflow/airflow_env/lib/python3.11/site-packages/airflow/example_dags/example_sensors.py
[2024-03-01T16:34:55.616+0530] {logging_mixin.py:188} INFO - [2024-03-01T16:34:55.616+0530] {dag.py:3047} INFO - Sync 1 DAGs
[2024-03-01T16:34:55.627+0530] {logging_mixin.py:188} INFO - [2024-03-01T16:34:55.627+0530] {dag.py:3834} INFO - Setting next_dagrun for example_sensors to None, run_after=None
[2024-03-01T16:34:55.743+0530] {processor.py:183} INFO - Processing /home/akranth/airflow/airflow_env/lib/python3.11/site-packages/airflow/example_dags/example_sensors.py took 0.195 seconds
