[2024-03-01T16:18:03.283+0530] {processor.py:161} INFO - Started process (PID=7071) to work on /home/akranth/airflow/airflow_env/lib/python3.11/site-packages/airflow/example_dags/example_skip_dag.py
[2024-03-01T16:18:03.283+0530] {processor.py:830} INFO - Processing file /home/akranth/airflow/airflow_env/lib/python3.11/site-packages/airflow/example_dags/example_skip_dag.py for tasks to queue
[2024-03-01T16:18:03.284+0530] {logging_mixin.py:188} INFO - [2024-03-01T16:18:03.284+0530] {dagbag.py:540} INFO - Filling up the DagBag from /home/akranth/airflow/airflow_env/lib/python3.11/site-packages/airflow/example_dags/example_skip_dag.py
[2024-03-01T16:18:03.291+0530] {processor.py:840} INFO - DAG(s) 'example_skip_dag' retrieved from /home/akranth/airflow/airflow_env/lib/python3.11/site-packages/airflow/example_dags/example_skip_dag.py
[2024-03-01T16:18:03.360+0530] {logging_mixin.py:188} INFO - [2024-03-01T16:18:03.360+0530] {dag.py:3047} INFO - Sync 1 DAGs
[2024-03-01T16:18:03.443+0530] {logging_mixin.py:188} INFO - [2024-03-01T16:18:03.443+0530] {dag.py:3834} INFO - Setting next_dagrun for example_skip_dag to 2024-02-29 00:00:00+00:00, run_after=2024-03-01 00:00:00+00:00
[2024-03-01T16:18:03.639+0530] {processor.py:183} INFO - Processing /home/akranth/airflow/airflow_env/lib/python3.11/site-packages/airflow/example_dags/example_skip_dag.py took 0.358 seconds
[2024-03-01T16:19:12.336+0530] {processor.py:161} INFO - Started process (PID=7183) to work on /home/akranth/airflow/airflow_env/lib/python3.11/site-packages/airflow/example_dags/example_skip_dag.py
[2024-03-01T16:19:12.337+0530] {processor.py:830} INFO - Processing file /home/akranth/airflow/airflow_env/lib/python3.11/site-packages/airflow/example_dags/example_skip_dag.py for tasks to queue
[2024-03-01T16:19:12.337+0530] {logging_mixin.py:188} INFO - [2024-03-01T16:19:12.337+0530] {dagbag.py:540} INFO - Filling up the DagBag from /home/akranth/airflow/airflow_env/lib/python3.11/site-packages/airflow/example_dags/example_skip_dag.py
[2024-03-01T16:19:12.343+0530] {processor.py:840} INFO - DAG(s) 'example_skip_dag' retrieved from /home/akranth/airflow/airflow_env/lib/python3.11/site-packages/airflow/example_dags/example_skip_dag.py
[2024-03-01T16:19:12.355+0530] {logging_mixin.py:188} INFO - [2024-03-01T16:19:12.355+0530] {dag.py:3047} INFO - Sync 1 DAGs
[2024-03-01T16:19:12.445+0530] {logging_mixin.py:188} INFO - [2024-03-01T16:19:12.444+0530] {dag.py:3834} INFO - Setting next_dagrun for example_skip_dag to 2024-02-29 00:00:00+00:00, run_after=2024-03-01 00:00:00+00:00
[2024-03-01T16:19:12.552+0530] {processor.py:183} INFO - Processing /home/akranth/airflow/airflow_env/lib/python3.11/site-packages/airflow/example_dags/example_skip_dag.py took 0.217 seconds
[2024-03-01T16:20:14.378+0530] {processor.py:161} INFO - Started process (PID=7296) to work on /home/akranth/airflow/airflow_env/lib/python3.11/site-packages/airflow/example_dags/example_skip_dag.py
[2024-03-01T16:20:14.396+0530] {processor.py:830} INFO - Processing file /home/akranth/airflow/airflow_env/lib/python3.11/site-packages/airflow/example_dags/example_skip_dag.py for tasks to queue
[2024-03-01T16:20:14.396+0530] {logging_mixin.py:188} INFO - [2024-03-01T16:20:14.396+0530] {dagbag.py:540} INFO - Filling up the DagBag from /home/akranth/airflow/airflow_env/lib/python3.11/site-packages/airflow/example_dags/example_skip_dag.py
[2024-03-01T16:20:14.402+0530] {processor.py:840} INFO - DAG(s) 'example_skip_dag' retrieved from /home/akranth/airflow/airflow_env/lib/python3.11/site-packages/airflow/example_dags/example_skip_dag.py
[2024-03-01T16:20:14.414+0530] {logging_mixin.py:188} INFO - [2024-03-01T16:20:14.413+0530] {dag.py:3047} INFO - Sync 1 DAGs
[2024-03-01T16:20:14.427+0530] {logging_mixin.py:188} INFO - [2024-03-01T16:20:14.427+0530] {dag.py:3834} INFO - Setting next_dagrun for example_skip_dag to 2024-02-29 00:00:00+00:00, run_after=2024-03-01 00:00:00+00:00
[2024-03-01T16:20:14.635+0530] {processor.py:183} INFO - Processing /home/akranth/airflow/airflow_env/lib/python3.11/site-packages/airflow/example_dags/example_skip_dag.py took 0.259 seconds
[2024-03-01T16:21:14.358+0530] {processor.py:161} INFO - Started process (PID=7403) to work on /home/akranth/airflow/airflow_env/lib/python3.11/site-packages/airflow/example_dags/example_skip_dag.py
[2024-03-01T16:21:14.358+0530] {processor.py:830} INFO - Processing file /home/akranth/airflow/airflow_env/lib/python3.11/site-packages/airflow/example_dags/example_skip_dag.py for tasks to queue
[2024-03-01T16:21:14.359+0530] {logging_mixin.py:188} INFO - [2024-03-01T16:21:14.359+0530] {dagbag.py:540} INFO - Filling up the DagBag from /home/akranth/airflow/airflow_env/lib/python3.11/site-packages/airflow/example_dags/example_skip_dag.py
[2024-03-01T16:21:14.365+0530] {processor.py:840} INFO - DAG(s) 'example_skip_dag' retrieved from /home/akranth/airflow/airflow_env/lib/python3.11/site-packages/airflow/example_dags/example_skip_dag.py
[2024-03-01T16:21:14.377+0530] {logging_mixin.py:188} INFO - [2024-03-01T16:21:14.377+0530] {dag.py:3047} INFO - Sync 1 DAGs
[2024-03-01T16:21:14.391+0530] {logging_mixin.py:188} INFO - [2024-03-01T16:21:14.391+0530] {dag.py:3834} INFO - Setting next_dagrun for example_skip_dag to 2024-02-29 00:00:00+00:00, run_after=2024-03-01 00:00:00+00:00
[2024-03-01T16:21:14.569+0530] {processor.py:183} INFO - Processing /home/akranth/airflow/airflow_env/lib/python3.11/site-packages/airflow/example_dags/example_skip_dag.py took 0.213 seconds
[2024-03-01T16:22:18.192+0530] {processor.py:161} INFO - Started process (PID=7481) to work on /home/akranth/airflow/airflow_env/lib/python3.11/site-packages/airflow/example_dags/example_skip_dag.py
[2024-03-01T16:22:18.209+0530] {processor.py:830} INFO - Processing file /home/akranth/airflow/airflow_env/lib/python3.11/site-packages/airflow/example_dags/example_skip_dag.py for tasks to queue
[2024-03-01T16:22:18.211+0530] {logging_mixin.py:188} INFO - [2024-03-01T16:22:18.210+0530] {dagbag.py:540} INFO - Filling up the DagBag from /home/akranth/airflow/airflow_env/lib/python3.11/site-packages/airflow/example_dags/example_skip_dag.py
[2024-03-01T16:22:18.216+0530] {processor.py:840} INFO - DAG(s) 'example_skip_dag' retrieved from /home/akranth/airflow/airflow_env/lib/python3.11/site-packages/airflow/example_dags/example_skip_dag.py
[2024-03-01T16:22:18.228+0530] {logging_mixin.py:188} INFO - [2024-03-01T16:22:18.227+0530] {dag.py:3047} INFO - Sync 1 DAGs
[2024-03-01T16:22:18.242+0530] {logging_mixin.py:188} INFO - [2024-03-01T16:22:18.242+0530] {dag.py:3834} INFO - Setting next_dagrun for example_skip_dag to 2024-02-29 00:00:00+00:00, run_after=2024-03-01 00:00:00+00:00
[2024-03-01T16:22:18.399+0530] {processor.py:183} INFO - Processing /home/akranth/airflow/airflow_env/lib/python3.11/site-packages/airflow/example_dags/example_skip_dag.py took 0.209 seconds
[2024-03-01T16:23:14.707+0530] {processor.py:161} INFO - Started process (PID=7539) to work on /home/akranth/airflow/airflow_env/lib/python3.11/site-packages/airflow/example_dags/example_skip_dag.py
[2024-03-01T16:23:14.709+0530] {processor.py:830} INFO - Processing file /home/akranth/airflow/airflow_env/lib/python3.11/site-packages/airflow/example_dags/example_skip_dag.py for tasks to queue
[2024-03-01T16:23:14.711+0530] {logging_mixin.py:188} INFO - [2024-03-01T16:23:14.711+0530] {dagbag.py:540} INFO - Filling up the DagBag from /home/akranth/airflow/airflow_env/lib/python3.11/site-packages/airflow/example_dags/example_skip_dag.py
[2024-03-01T16:23:14.724+0530] {processor.py:840} INFO - DAG(s) 'example_skip_dag' retrieved from /home/akranth/airflow/airflow_env/lib/python3.11/site-packages/airflow/example_dags/example_skip_dag.py
[2024-03-01T16:23:14.745+0530] {logging_mixin.py:188} INFO - [2024-03-01T16:23:14.745+0530] {dag.py:3047} INFO - Sync 1 DAGs
[2024-03-01T16:23:14.762+0530] {logging_mixin.py:188} INFO - [2024-03-01T16:23:14.762+0530] {dag.py:3834} INFO - Setting next_dagrun for example_skip_dag to 2024-02-29 00:00:00+00:00, run_after=2024-03-01 00:00:00+00:00
[2024-03-01T16:23:15.003+0530] {processor.py:183} INFO - Processing /home/akranth/airflow/airflow_env/lib/python3.11/site-packages/airflow/example_dags/example_skip_dag.py took 0.300 seconds
[2024-03-01T16:24:13.143+0530] {processor.py:161} INFO - Started process (PID=7596) to work on /home/akranth/airflow/airflow_env/lib/python3.11/site-packages/airflow/example_dags/example_skip_dag.py
[2024-03-01T16:24:13.144+0530] {processor.py:830} INFO - Processing file /home/akranth/airflow/airflow_env/lib/python3.11/site-packages/airflow/example_dags/example_skip_dag.py for tasks to queue
[2024-03-01T16:24:13.145+0530] {logging_mixin.py:188} INFO - [2024-03-01T16:24:13.145+0530] {dagbag.py:540} INFO - Filling up the DagBag from /home/akranth/airflow/airflow_env/lib/python3.11/site-packages/airflow/example_dags/example_skip_dag.py
[2024-03-01T16:24:13.151+0530] {processor.py:840} INFO - DAG(s) 'example_skip_dag' retrieved from /home/akranth/airflow/airflow_env/lib/python3.11/site-packages/airflow/example_dags/example_skip_dag.py
[2024-03-01T16:24:13.164+0530] {logging_mixin.py:188} INFO - [2024-03-01T16:24:13.163+0530] {dag.py:3047} INFO - Sync 1 DAGs
[2024-03-01T16:24:13.179+0530] {logging_mixin.py:188} INFO - [2024-03-01T16:24:13.179+0530] {dag.py:3834} INFO - Setting next_dagrun for example_skip_dag to 2024-02-29 00:00:00+00:00, run_after=2024-03-01 00:00:00+00:00
[2024-03-01T16:24:13.361+0530] {processor.py:183} INFO - Processing /home/akranth/airflow/airflow_env/lib/python3.11/site-packages/airflow/example_dags/example_skip_dag.py took 0.220 seconds
[2024-03-01T16:25:20.346+0530] {processor.py:161} INFO - Started process (PID=7666) to work on /home/akranth/airflow/airflow_env/lib/python3.11/site-packages/airflow/example_dags/example_skip_dag.py
[2024-03-01T16:25:20.347+0530] {processor.py:830} INFO - Processing file /home/akranth/airflow/airflow_env/lib/python3.11/site-packages/airflow/example_dags/example_skip_dag.py for tasks to queue
[2024-03-01T16:25:20.348+0530] {logging_mixin.py:188} INFO - [2024-03-01T16:25:20.347+0530] {dagbag.py:540} INFO - Filling up the DagBag from /home/akranth/airflow/airflow_env/lib/python3.11/site-packages/airflow/example_dags/example_skip_dag.py
[2024-03-01T16:25:20.353+0530] {processor.py:840} INFO - DAG(s) 'example_skip_dag' retrieved from /home/akranth/airflow/airflow_env/lib/python3.11/site-packages/airflow/example_dags/example_skip_dag.py
[2024-03-01T16:25:20.365+0530] {logging_mixin.py:188} INFO - [2024-03-01T16:25:20.365+0530] {dag.py:3047} INFO - Sync 1 DAGs
[2024-03-01T16:25:20.378+0530] {logging_mixin.py:188} INFO - [2024-03-01T16:25:20.378+0530] {dag.py:3834} INFO - Setting next_dagrun for example_skip_dag to 2024-02-29 00:00:00+00:00, run_after=2024-03-01 00:00:00+00:00
[2024-03-01T16:25:20.505+0530] {processor.py:183} INFO - Processing /home/akranth/airflow/airflow_env/lib/python3.11/site-packages/airflow/example_dags/example_skip_dag.py took 0.161 seconds
[2024-03-01T16:26:21.255+0530] {processor.py:161} INFO - Started process (PID=7731) to work on /home/akranth/airflow/airflow_env/lib/python3.11/site-packages/airflow/example_dags/example_skip_dag.py
[2024-03-01T16:26:21.270+0530] {processor.py:830} INFO - Processing file /home/akranth/airflow/airflow_env/lib/python3.11/site-packages/airflow/example_dags/example_skip_dag.py for tasks to queue
[2024-03-01T16:26:21.272+0530] {logging_mixin.py:188} INFO - [2024-03-01T16:26:21.271+0530] {dagbag.py:540} INFO - Filling up the DagBag from /home/akranth/airflow/airflow_env/lib/python3.11/site-packages/airflow/example_dags/example_skip_dag.py
[2024-03-01T16:26:21.288+0530] {processor.py:840} INFO - DAG(s) 'example_skip_dag' retrieved from /home/akranth/airflow/airflow_env/lib/python3.11/site-packages/airflow/example_dags/example_skip_dag.py
[2024-03-01T16:26:21.308+0530] {logging_mixin.py:188} INFO - [2024-03-01T16:26:21.308+0530] {dag.py:3047} INFO - Sync 1 DAGs
[2024-03-01T16:26:21.327+0530] {logging_mixin.py:188} INFO - [2024-03-01T16:26:21.327+0530] {dag.py:3834} INFO - Setting next_dagrun for example_skip_dag to 2024-02-29 00:00:00+00:00, run_after=2024-03-01 00:00:00+00:00
[2024-03-01T16:26:21.470+0530] {processor.py:183} INFO - Processing /home/akranth/airflow/airflow_env/lib/python3.11/site-packages/airflow/example_dags/example_skip_dag.py took 0.222 seconds
[2024-03-01T16:27:16.894+0530] {processor.py:161} INFO - Started process (PID=7793) to work on /home/akranth/airflow/airflow_env/lib/python3.11/site-packages/airflow/example_dags/example_skip_dag.py
[2024-03-01T16:27:16.922+0530] {processor.py:830} INFO - Processing file /home/akranth/airflow/airflow_env/lib/python3.11/site-packages/airflow/example_dags/example_skip_dag.py for tasks to queue
[2024-03-01T16:27:16.924+0530] {logging_mixin.py:188} INFO - [2024-03-01T16:27:16.923+0530] {dagbag.py:540} INFO - Filling up the DagBag from /home/akranth/airflow/airflow_env/lib/python3.11/site-packages/airflow/example_dags/example_skip_dag.py
[2024-03-01T16:27:16.940+0530] {processor.py:840} INFO - DAG(s) 'example_skip_dag' retrieved from /home/akranth/airflow/airflow_env/lib/python3.11/site-packages/airflow/example_dags/example_skip_dag.py
[2024-03-01T16:27:16.963+0530] {logging_mixin.py:188} INFO - [2024-03-01T16:27:16.963+0530] {dag.py:3047} INFO - Sync 1 DAGs
[2024-03-01T16:27:16.977+0530] {logging_mixin.py:188} INFO - [2024-03-01T16:27:16.977+0530] {dag.py:3834} INFO - Setting next_dagrun for example_skip_dag to 2024-02-29 00:00:00+00:00, run_after=2024-03-01 00:00:00+00:00
[2024-03-01T16:27:17.126+0530] {processor.py:183} INFO - Processing /home/akranth/airflow/airflow_env/lib/python3.11/site-packages/airflow/example_dags/example_skip_dag.py took 0.234 seconds
[2024-03-01T16:28:16.938+0530] {processor.py:161} INFO - Started process (PID=7869) to work on /home/akranth/airflow/airflow_env/lib/python3.11/site-packages/airflow/example_dags/example_skip_dag.py
[2024-03-01T16:28:16.971+0530] {processor.py:830} INFO - Processing file /home/akranth/airflow/airflow_env/lib/python3.11/site-packages/airflow/example_dags/example_skip_dag.py for tasks to queue
[2024-03-01T16:28:16.972+0530] {logging_mixin.py:188} INFO - [2024-03-01T16:28:16.971+0530] {dagbag.py:540} INFO - Filling up the DagBag from /home/akranth/airflow/airflow_env/lib/python3.11/site-packages/airflow/example_dags/example_skip_dag.py
[2024-03-01T16:28:16.981+0530] {processor.py:840} INFO - DAG(s) 'example_skip_dag' retrieved from /home/akranth/airflow/airflow_env/lib/python3.11/site-packages/airflow/example_dags/example_skip_dag.py
[2024-03-01T16:28:17.001+0530] {logging_mixin.py:188} INFO - [2024-03-01T16:28:17.001+0530] {dag.py:3047} INFO - Sync 1 DAGs
[2024-03-01T16:28:17.025+0530] {logging_mixin.py:188} INFO - [2024-03-01T16:28:17.025+0530] {dag.py:3834} INFO - Setting next_dagrun for example_skip_dag to 2024-02-29 00:00:00+00:00, run_after=2024-03-01 00:00:00+00:00
[2024-03-01T16:28:17.140+0530] {processor.py:183} INFO - Processing /home/akranth/airflow/airflow_env/lib/python3.11/site-packages/airflow/example_dags/example_skip_dag.py took 0.205 seconds
[2024-03-01T16:29:34.768+0530] {processor.py:161} INFO - Started process (PID=7958) to work on /home/akranth/airflow/airflow_env/lib/python3.11/site-packages/airflow/example_dags/example_skip_dag.py
[2024-03-01T16:29:34.858+0530] {processor.py:830} INFO - Processing file /home/akranth/airflow/airflow_env/lib/python3.11/site-packages/airflow/example_dags/example_skip_dag.py for tasks to queue
[2024-03-01T16:29:34.860+0530] {logging_mixin.py:188} INFO - [2024-03-01T16:29:34.859+0530] {dagbag.py:540} INFO - Filling up the DagBag from /home/akranth/airflow/airflow_env/lib/python3.11/site-packages/airflow/example_dags/example_skip_dag.py
[2024-03-01T16:29:34.876+0530] {processor.py:840} INFO - DAG(s) 'example_skip_dag' retrieved from /home/akranth/airflow/airflow_env/lib/python3.11/site-packages/airflow/example_dags/example_skip_dag.py
[2024-03-01T16:29:34.904+0530] {logging_mixin.py:188} INFO - [2024-03-01T16:29:34.903+0530] {dag.py:3047} INFO - Sync 1 DAGs
[2024-03-01T16:29:34.920+0530] {logging_mixin.py:188} INFO - [2024-03-01T16:29:34.920+0530] {dag.py:3834} INFO - Setting next_dagrun for example_skip_dag to 2024-02-29 00:00:00+00:00, run_after=2024-03-01 00:00:00+00:00
[2024-03-01T16:29:35.047+0530] {processor.py:183} INFO - Processing /home/akranth/airflow/airflow_env/lib/python3.11/site-packages/airflow/example_dags/example_skip_dag.py took 0.285 seconds
[2024-03-01T16:30:22.697+0530] {processor.py:161} INFO - Started process (PID=8014) to work on /home/akranth/airflow/airflow_env/lib/python3.11/site-packages/airflow/example_dags/example_skip_dag.py
[2024-03-01T16:30:22.712+0530] {processor.py:830} INFO - Processing file /home/akranth/airflow/airflow_env/lib/python3.11/site-packages/airflow/example_dags/example_skip_dag.py for tasks to queue
[2024-03-01T16:30:22.714+0530] {logging_mixin.py:188} INFO - [2024-03-01T16:30:22.713+0530] {dagbag.py:540} INFO - Filling up the DagBag from /home/akranth/airflow/airflow_env/lib/python3.11/site-packages/airflow/example_dags/example_skip_dag.py
[2024-03-01T16:30:22.729+0530] {processor.py:840} INFO - DAG(s) 'example_skip_dag' retrieved from /home/akranth/airflow/airflow_env/lib/python3.11/site-packages/airflow/example_dags/example_skip_dag.py
[2024-03-01T16:30:26.301+0530] {logging_mixin.py:188} INFO - [2024-03-01T16:30:26.301+0530] {dag.py:3047} INFO - Sync 1 DAGs
[2024-03-01T16:30:26.322+0530] {logging_mixin.py:188} INFO - [2024-03-01T16:30:26.321+0530] {dag.py:3834} INFO - Setting next_dagrun for example_skip_dag to 2024-02-29 00:00:00+00:00, run_after=2024-03-01 00:00:00+00:00
[2024-03-01T16:30:26.433+0530] {processor.py:183} INFO - Processing /home/akranth/airflow/airflow_env/lib/python3.11/site-packages/airflow/example_dags/example_skip_dag.py took 3.741 seconds
[2024-03-01T16:31:43.233+0530] {processor.py:161} INFO - Started process (PID=8893) to work on /home/akranth/airflow/airflow_env/lib/python3.11/site-packages/airflow/example_dags/example_skip_dag.py
[2024-03-01T16:31:43.255+0530] {processor.py:830} INFO - Processing file /home/akranth/airflow/airflow_env/lib/python3.11/site-packages/airflow/example_dags/example_skip_dag.py for tasks to queue
[2024-03-01T16:31:43.257+0530] {logging_mixin.py:188} INFO - [2024-03-01T16:31:43.256+0530] {dagbag.py:540} INFO - Filling up the DagBag from /home/akranth/airflow/airflow_env/lib/python3.11/site-packages/airflow/example_dags/example_skip_dag.py
[2024-03-01T16:31:43.272+0530] {processor.py:840} INFO - DAG(s) 'example_skip_dag' retrieved from /home/akranth/airflow/airflow_env/lib/python3.11/site-packages/airflow/example_dags/example_skip_dag.py
[2024-03-01T16:31:43.293+0530] {logging_mixin.py:188} INFO - [2024-03-01T16:31:43.292+0530] {dag.py:3047} INFO - Sync 1 DAGs
[2024-03-01T16:31:43.310+0530] {logging_mixin.py:188} INFO - [2024-03-01T16:31:43.310+0530] {dag.py:3834} INFO - Setting next_dagrun for example_skip_dag to 2024-02-29 00:00:00+00:00, run_after=2024-03-01 00:00:00+00:00
[2024-03-01T16:31:43.769+0530] {processor.py:183} INFO - Processing /home/akranth/airflow/airflow_env/lib/python3.11/site-packages/airflow/example_dags/example_skip_dag.py took 0.541 seconds
[2024-03-01T16:32:37.588+0530] {processor.py:161} INFO - Started process (PID=9280) to work on /home/akranth/airflow/airflow_env/lib/python3.11/site-packages/airflow/example_dags/example_skip_dag.py
[2024-03-01T16:32:37.605+0530] {processor.py:830} INFO - Processing file /home/akranth/airflow/airflow_env/lib/python3.11/site-packages/airflow/example_dags/example_skip_dag.py for tasks to queue
[2024-03-01T16:32:37.607+0530] {logging_mixin.py:188} INFO - [2024-03-01T16:32:37.606+0530] {dagbag.py:540} INFO - Filling up the DagBag from /home/akranth/airflow/airflow_env/lib/python3.11/site-packages/airflow/example_dags/example_skip_dag.py
[2024-03-01T16:32:37.623+0530] {processor.py:840} INFO - DAG(s) 'example_skip_dag' retrieved from /home/akranth/airflow/airflow_env/lib/python3.11/site-packages/airflow/example_dags/example_skip_dag.py
[2024-03-01T16:32:37.645+0530] {logging_mixin.py:188} INFO - [2024-03-01T16:32:37.645+0530] {dag.py:3047} INFO - Sync 1 DAGs
[2024-03-01T16:32:37.660+0530] {logging_mixin.py:188} INFO - [2024-03-01T16:32:37.660+0530] {dag.py:3834} INFO - Setting next_dagrun for example_skip_dag to 2024-02-29 00:00:00+00:00, run_after=2024-03-01 00:00:00+00:00
[2024-03-01T16:32:37.771+0530] {processor.py:183} INFO - Processing /home/akranth/airflow/airflow_env/lib/python3.11/site-packages/airflow/example_dags/example_skip_dag.py took 0.189 seconds
[2024-03-01T16:33:28.916+0530] {processor.py:161} INFO - Started process (PID=9375) to work on /home/akranth/airflow/airflow_env/lib/python3.11/site-packages/airflow/example_dags/example_skip_dag.py
[2024-03-01T16:33:28.931+0530] {processor.py:830} INFO - Processing file /home/akranth/airflow/airflow_env/lib/python3.11/site-packages/airflow/example_dags/example_skip_dag.py for tasks to queue
[2024-03-01T16:33:28.933+0530] {logging_mixin.py:188} INFO - [2024-03-01T16:33:28.932+0530] {dagbag.py:540} INFO - Filling up the DagBag from /home/akranth/airflow/airflow_env/lib/python3.11/site-packages/airflow/example_dags/example_skip_dag.py
[2024-03-01T16:33:28.952+0530] {processor.py:840} INFO - DAG(s) 'example_skip_dag' retrieved from /home/akranth/airflow/airflow_env/lib/python3.11/site-packages/airflow/example_dags/example_skip_dag.py
[2024-03-01T16:33:28.996+0530] {logging_mixin.py:188} INFO - [2024-03-01T16:33:28.996+0530] {dag.py:3047} INFO - Sync 1 DAGs
[2024-03-01T16:33:29.867+0530] {logging_mixin.py:188} INFO - [2024-03-01T16:33:29.866+0530] {dag.py:3834} INFO - Setting next_dagrun for example_skip_dag to 2024-02-29 00:00:00+00:00, run_after=2024-03-01 00:00:00+00:00
[2024-03-01T16:33:30.159+0530] {processor.py:183} INFO - Processing /home/akranth/airflow/airflow_env/lib/python3.11/site-packages/airflow/example_dags/example_skip_dag.py took 1.251 seconds
[2024-03-01T16:34:51.572+0530] {processor.py:161} INFO - Started process (PID=9572) to work on /home/akranth/airflow/airflow_env/lib/python3.11/site-packages/airflow/example_dags/example_skip_dag.py
[2024-03-01T16:34:51.591+0530] {processor.py:830} INFO - Processing file /home/akranth/airflow/airflow_env/lib/python3.11/site-packages/airflow/example_dags/example_skip_dag.py for tasks to queue
[2024-03-01T16:34:51.593+0530] {logging_mixin.py:188} INFO - [2024-03-01T16:34:51.592+0530] {dagbag.py:540} INFO - Filling up the DagBag from /home/akranth/airflow/airflow_env/lib/python3.11/site-packages/airflow/example_dags/example_skip_dag.py
[2024-03-01T16:34:51.610+0530] {processor.py:840} INFO - DAG(s) 'example_skip_dag' retrieved from /home/akranth/airflow/airflow_env/lib/python3.11/site-packages/airflow/example_dags/example_skip_dag.py
[2024-03-01T16:34:51.634+0530] {logging_mixin.py:188} INFO - [2024-03-01T16:34:51.634+0530] {dag.py:3047} INFO - Sync 1 DAGs
[2024-03-01T16:34:51.654+0530] {logging_mixin.py:188} INFO - [2024-03-01T16:34:51.654+0530] {dag.py:3834} INFO - Setting next_dagrun for example_skip_dag to 2024-02-29 00:00:00+00:00, run_after=2024-03-01 00:00:00+00:00
[2024-03-01T16:34:51.757+0530] {processor.py:183} INFO - Processing /home/akranth/airflow/airflow_env/lib/python3.11/site-packages/airflow/example_dags/example_skip_dag.py took 0.192 seconds
