[2024-03-01T16:18:30.530+0530] {processor.py:161} INFO - Started process (PID=7094) to work on /home/akranth/airflow/airflow_env/lib/python3.11/site-packages/airflow/example_dags/example_trigger_controller_dag.py
[2024-03-01T16:18:30.530+0530] {processor.py:830} INFO - Processing file /home/akranth/airflow/airflow_env/lib/python3.11/site-packages/airflow/example_dags/example_trigger_controller_dag.py for tasks to queue
[2024-03-01T16:18:30.531+0530] {logging_mixin.py:188} INFO - [2024-03-01T16:18:30.531+0530] {dagbag.py:540} INFO - Filling up the DagBag from /home/akranth/airflow/airflow_env/lib/python3.11/site-packages/airflow/example_dags/example_trigger_controller_dag.py
[2024-03-01T16:18:30.534+0530] {processor.py:840} INFO - DAG(s) 'example_trigger_controller_dag' retrieved from /home/akranth/airflow/airflow_env/lib/python3.11/site-packages/airflow/example_dags/example_trigger_controller_dag.py
[2024-03-01T16:18:30.681+0530] {logging_mixin.py:188} INFO - [2024-03-01T16:18:30.680+0530] {dag.py:3047} INFO - Sync 1 DAGs
[2024-03-01T16:18:30.692+0530] {logging_mixin.py:188} INFO - [2024-03-01T16:18:30.692+0530] {dag.py:3834} INFO - Setting next_dagrun for example_trigger_controller_dag to 2021-01-01 00:00:00+00:00, run_after=2021-01-01 00:00:00+00:00
[2024-03-01T16:18:30.895+0530] {processor.py:183} INFO - Processing /home/akranth/airflow/airflow_env/lib/python3.11/site-packages/airflow/example_dags/example_trigger_controller_dag.py took 0.367 seconds
[2024-03-01T16:19:47.659+0530] {processor.py:161} INFO - Started process (PID=7227) to work on /home/akranth/airflow/airflow_env/lib/python3.11/site-packages/airflow/example_dags/example_trigger_controller_dag.py
[2024-03-01T16:19:47.773+0530] {processor.py:830} INFO - Processing file /home/akranth/airflow/airflow_env/lib/python3.11/site-packages/airflow/example_dags/example_trigger_controller_dag.py for tasks to queue
[2024-03-01T16:19:47.775+0530] {logging_mixin.py:188} INFO - [2024-03-01T16:19:47.774+0530] {dagbag.py:540} INFO - Filling up the DagBag from /home/akranth/airflow/airflow_env/lib/python3.11/site-packages/airflow/example_dags/example_trigger_controller_dag.py
[2024-03-01T16:19:47.786+0530] {processor.py:840} INFO - DAG(s) 'example_trigger_controller_dag' retrieved from /home/akranth/airflow/airflow_env/lib/python3.11/site-packages/airflow/example_dags/example_trigger_controller_dag.py
[2024-03-01T16:19:47.890+0530] {logging_mixin.py:188} INFO - [2024-03-01T16:19:47.890+0530] {dag.py:3047} INFO - Sync 1 DAGs
[2024-03-01T16:19:47.904+0530] {logging_mixin.py:188} INFO - [2024-03-01T16:19:47.904+0530] {dag.py:3834} INFO - Setting next_dagrun for example_trigger_controller_dag to 2021-01-01 00:00:00+00:00, run_after=2021-01-01 00:00:00+00:00
[2024-03-01T16:19:48.012+0530] {processor.py:183} INFO - Processing /home/akranth/airflow/airflow_env/lib/python3.11/site-packages/airflow/example_dags/example_trigger_controller_dag.py took 0.356 seconds
[2024-03-01T16:20:48.256+0530] {processor.py:161} INFO - Started process (PID=7379) to work on /home/akranth/airflow/airflow_env/lib/python3.11/site-packages/airflow/example_dags/example_trigger_controller_dag.py
[2024-03-01T16:20:48.275+0530] {processor.py:830} INFO - Processing file /home/akranth/airflow/airflow_env/lib/python3.11/site-packages/airflow/example_dags/example_trigger_controller_dag.py for tasks to queue
[2024-03-01T16:20:48.276+0530] {logging_mixin.py:188} INFO - [2024-03-01T16:20:48.275+0530] {dagbag.py:540} INFO - Filling up the DagBag from /home/akranth/airflow/airflow_env/lib/python3.11/site-packages/airflow/example_dags/example_trigger_controller_dag.py
[2024-03-01T16:20:48.280+0530] {processor.py:840} INFO - DAG(s) 'example_trigger_controller_dag' retrieved from /home/akranth/airflow/airflow_env/lib/python3.11/site-packages/airflow/example_dags/example_trigger_controller_dag.py
[2024-03-01T16:20:48.296+0530] {logging_mixin.py:188} INFO - [2024-03-01T16:20:48.296+0530] {dag.py:3047} INFO - Sync 1 DAGs
[2024-03-01T16:20:48.314+0530] {logging_mixin.py:188} INFO - [2024-03-01T16:20:48.314+0530] {dag.py:3834} INFO - Setting next_dagrun for example_trigger_controller_dag to 2021-01-01 00:00:00+00:00, run_after=2021-01-01 00:00:00+00:00
[2024-03-01T16:20:48.436+0530] {processor.py:183} INFO - Processing /home/akranth/airflow/airflow_env/lib/python3.11/site-packages/airflow/example_dags/example_trigger_controller_dag.py took 0.183 seconds
[2024-03-01T16:21:49.479+0530] {processor.py:161} INFO - Started process (PID=7447) to work on /home/akranth/airflow/airflow_env/lib/python3.11/site-packages/airflow/example_dags/example_trigger_controller_dag.py
[2024-03-01T16:21:49.558+0530] {processor.py:830} INFO - Processing file /home/akranth/airflow/airflow_env/lib/python3.11/site-packages/airflow/example_dags/example_trigger_controller_dag.py for tasks to queue
[2024-03-01T16:21:49.561+0530] {logging_mixin.py:188} INFO - [2024-03-01T16:21:49.560+0530] {dagbag.py:540} INFO - Filling up the DagBag from /home/akranth/airflow/airflow_env/lib/python3.11/site-packages/airflow/example_dags/example_trigger_controller_dag.py
[2024-03-01T16:21:49.566+0530] {processor.py:840} INFO - DAG(s) 'example_trigger_controller_dag' retrieved from /home/akranth/airflow/airflow_env/lib/python3.11/site-packages/airflow/example_dags/example_trigger_controller_dag.py
[2024-03-01T16:21:49.579+0530] {logging_mixin.py:188} INFO - [2024-03-01T16:21:49.579+0530] {dag.py:3047} INFO - Sync 1 DAGs
[2024-03-01T16:21:49.600+0530] {logging_mixin.py:188} INFO - [2024-03-01T16:21:49.600+0530] {dag.py:3834} INFO - Setting next_dagrun for example_trigger_controller_dag to 2021-01-01 00:00:00+00:00, run_after=2021-01-01 00:00:00+00:00
[2024-03-01T16:21:49.719+0530] {processor.py:183} INFO - Processing /home/akranth/airflow/airflow_env/lib/python3.11/site-packages/airflow/example_dags/example_trigger_controller_dag.py took 0.243 seconds
[2024-03-01T16:22:48.861+0530] {processor.py:161} INFO - Started process (PID=7510) to work on /home/akranth/airflow/airflow_env/lib/python3.11/site-packages/airflow/example_dags/example_trigger_controller_dag.py
[2024-03-01T16:22:48.862+0530] {processor.py:830} INFO - Processing file /home/akranth/airflow/airflow_env/lib/python3.11/site-packages/airflow/example_dags/example_trigger_controller_dag.py for tasks to queue
[2024-03-01T16:22:48.863+0530] {logging_mixin.py:188} INFO - [2024-03-01T16:22:48.862+0530] {dagbag.py:540} INFO - Filling up the DagBag from /home/akranth/airflow/airflow_env/lib/python3.11/site-packages/airflow/example_dags/example_trigger_controller_dag.py
[2024-03-01T16:22:48.866+0530] {processor.py:840} INFO - DAG(s) 'example_trigger_controller_dag' retrieved from /home/akranth/airflow/airflow_env/lib/python3.11/site-packages/airflow/example_dags/example_trigger_controller_dag.py
[2024-03-01T16:22:48.878+0530] {logging_mixin.py:188} INFO - [2024-03-01T16:22:48.878+0530] {dag.py:3047} INFO - Sync 1 DAGs
[2024-03-01T16:22:48.893+0530] {logging_mixin.py:188} INFO - [2024-03-01T16:22:48.893+0530] {dag.py:3834} INFO - Setting next_dagrun for example_trigger_controller_dag to 2021-01-01 00:00:00+00:00, run_after=2021-01-01 00:00:00+00:00
[2024-03-01T16:22:49.011+0530] {processor.py:183} INFO - Processing /home/akranth/airflow/airflow_env/lib/python3.11/site-packages/airflow/example_dags/example_trigger_controller_dag.py took 0.152 seconds
[2024-03-01T16:23:48.828+0530] {processor.py:161} INFO - Started process (PID=7569) to work on /home/akranth/airflow/airflow_env/lib/python3.11/site-packages/airflow/example_dags/example_trigger_controller_dag.py
[2024-03-01T16:23:48.829+0530] {processor.py:830} INFO - Processing file /home/akranth/airflow/airflow_env/lib/python3.11/site-packages/airflow/example_dags/example_trigger_controller_dag.py for tasks to queue
[2024-03-01T16:23:48.830+0530] {logging_mixin.py:188} INFO - [2024-03-01T16:23:48.830+0530] {dagbag.py:540} INFO - Filling up the DagBag from /home/akranth/airflow/airflow_env/lib/python3.11/site-packages/airflow/example_dags/example_trigger_controller_dag.py
[2024-03-01T16:23:48.835+0530] {processor.py:840} INFO - DAG(s) 'example_trigger_controller_dag' retrieved from /home/akranth/airflow/airflow_env/lib/python3.11/site-packages/airflow/example_dags/example_trigger_controller_dag.py
[2024-03-01T16:23:48.847+0530] {logging_mixin.py:188} INFO - [2024-03-01T16:23:48.847+0530] {dag.py:3047} INFO - Sync 1 DAGs
[2024-03-01T16:23:48.864+0530] {logging_mixin.py:188} INFO - [2024-03-01T16:23:48.864+0530] {dag.py:3834} INFO - Setting next_dagrun for example_trigger_controller_dag to 2021-01-01 00:00:00+00:00, run_after=2021-01-01 00:00:00+00:00
[2024-03-01T16:23:49.046+0530] {processor.py:183} INFO - Processing /home/akranth/airflow/airflow_env/lib/python3.11/site-packages/airflow/example_dags/example_trigger_controller_dag.py took 0.220 seconds
[2024-03-01T16:24:54.001+0530] {processor.py:161} INFO - Started process (PID=7638) to work on /home/akranth/airflow/airflow_env/lib/python3.11/site-packages/airflow/example_dags/example_trigger_controller_dag.py
[2024-03-01T16:24:54.046+0530] {processor.py:830} INFO - Processing file /home/akranth/airflow/airflow_env/lib/python3.11/site-packages/airflow/example_dags/example_trigger_controller_dag.py for tasks to queue
[2024-03-01T16:24:54.048+0530] {logging_mixin.py:188} INFO - [2024-03-01T16:24:54.047+0530] {dagbag.py:540} INFO - Filling up the DagBag from /home/akranth/airflow/airflow_env/lib/python3.11/site-packages/airflow/example_dags/example_trigger_controller_dag.py
[2024-03-01T16:24:54.058+0530] {processor.py:840} INFO - DAG(s) 'example_trigger_controller_dag' retrieved from /home/akranth/airflow/airflow_env/lib/python3.11/site-packages/airflow/example_dags/example_trigger_controller_dag.py
[2024-03-01T16:24:54.070+0530] {logging_mixin.py:188} INFO - [2024-03-01T16:24:54.070+0530] {dag.py:3047} INFO - Sync 1 DAGs
[2024-03-01T16:24:54.084+0530] {logging_mixin.py:188} INFO - [2024-03-01T16:24:54.084+0530] {dag.py:3834} INFO - Setting next_dagrun for example_trigger_controller_dag to 2021-01-01 00:00:00+00:00, run_after=2021-01-01 00:00:00+00:00
[2024-03-01T16:24:54.293+0530] {processor.py:183} INFO - Processing /home/akranth/airflow/airflow_env/lib/python3.11/site-packages/airflow/example_dags/example_trigger_controller_dag.py took 0.294 seconds
[2024-03-01T16:25:57.633+0530] {processor.py:161} INFO - Started process (PID=7707) to work on /home/akranth/airflow/airflow_env/lib/python3.11/site-packages/airflow/example_dags/example_trigger_controller_dag.py
[2024-03-01T16:25:57.646+0530] {processor.py:830} INFO - Processing file /home/akranth/airflow/airflow_env/lib/python3.11/site-packages/airflow/example_dags/example_trigger_controller_dag.py for tasks to queue
[2024-03-01T16:25:57.648+0530] {logging_mixin.py:188} INFO - [2024-03-01T16:25:57.647+0530] {dagbag.py:540} INFO - Filling up the DagBag from /home/akranth/airflow/airflow_env/lib/python3.11/site-packages/airflow/example_dags/example_trigger_controller_dag.py
[2024-03-01T16:25:57.657+0530] {processor.py:840} INFO - DAG(s) 'example_trigger_controller_dag' retrieved from /home/akranth/airflow/airflow_env/lib/python3.11/site-packages/airflow/example_dags/example_trigger_controller_dag.py
[2024-03-01T16:25:57.682+0530] {logging_mixin.py:188} INFO - [2024-03-01T16:25:57.682+0530] {dag.py:3047} INFO - Sync 1 DAGs
[2024-03-01T16:25:57.699+0530] {logging_mixin.py:188} INFO - [2024-03-01T16:25:57.699+0530] {dag.py:3834} INFO - Setting next_dagrun for example_trigger_controller_dag to 2021-01-01 00:00:00+00:00, run_after=2021-01-01 00:00:00+00:00
[2024-03-01T16:25:57.990+0530] {processor.py:183} INFO - Processing /home/akranth/airflow/airflow_env/lib/python3.11/site-packages/airflow/example_dags/example_trigger_controller_dag.py took 0.360 seconds
[2024-03-01T16:26:56.156+0530] {processor.py:161} INFO - Started process (PID=7772) to work on /home/akranth/airflow/airflow_env/lib/python3.11/site-packages/airflow/example_dags/example_trigger_controller_dag.py
[2024-03-01T16:26:56.172+0530] {processor.py:830} INFO - Processing file /home/akranth/airflow/airflow_env/lib/python3.11/site-packages/airflow/example_dags/example_trigger_controller_dag.py for tasks to queue
[2024-03-01T16:26:56.174+0530] {logging_mixin.py:188} INFO - [2024-03-01T16:26:56.173+0530] {dagbag.py:540} INFO - Filling up the DagBag from /home/akranth/airflow/airflow_env/lib/python3.11/site-packages/airflow/example_dags/example_trigger_controller_dag.py
[2024-03-01T16:26:56.185+0530] {processor.py:840} INFO - DAG(s) 'example_trigger_controller_dag' retrieved from /home/akranth/airflow/airflow_env/lib/python3.11/site-packages/airflow/example_dags/example_trigger_controller_dag.py
[2024-03-01T16:26:56.208+0530] {logging_mixin.py:188} INFO - [2024-03-01T16:26:56.208+0530] {dag.py:3047} INFO - Sync 1 DAGs
[2024-03-01T16:26:56.224+0530] {logging_mixin.py:188} INFO - [2024-03-01T16:26:56.224+0530] {dag.py:3834} INFO - Setting next_dagrun for example_trigger_controller_dag to 2021-01-01 00:00:00+00:00, run_after=2021-01-01 00:00:00+00:00
[2024-03-01T16:26:56.403+0530] {processor.py:183} INFO - Processing /home/akranth/airflow/airflow_env/lib/python3.11/site-packages/airflow/example_dags/example_trigger_controller_dag.py took 0.253 seconds
[2024-03-01T16:27:49.351+0530] {processor.py:161} INFO - Started process (PID=7834) to work on /home/akranth/airflow/airflow_env/lib/python3.11/site-packages/airflow/example_dags/example_trigger_controller_dag.py
[2024-03-01T16:27:49.352+0530] {processor.py:830} INFO - Processing file /home/akranth/airflow/airflow_env/lib/python3.11/site-packages/airflow/example_dags/example_trigger_controller_dag.py for tasks to queue
[2024-03-01T16:27:49.353+0530] {logging_mixin.py:188} INFO - [2024-03-01T16:27:49.353+0530] {dagbag.py:540} INFO - Filling up the DagBag from /home/akranth/airflow/airflow_env/lib/python3.11/site-packages/airflow/example_dags/example_trigger_controller_dag.py
[2024-03-01T16:27:49.359+0530] {processor.py:840} INFO - DAG(s) 'example_trigger_controller_dag' retrieved from /home/akranth/airflow/airflow_env/lib/python3.11/site-packages/airflow/example_dags/example_trigger_controller_dag.py
[2024-03-01T16:27:49.377+0530] {logging_mixin.py:188} INFO - [2024-03-01T16:27:49.376+0530] {dag.py:3047} INFO - Sync 1 DAGs
[2024-03-01T16:27:49.397+0530] {logging_mixin.py:188} INFO - [2024-03-01T16:27:49.397+0530] {dag.py:3834} INFO - Setting next_dagrun for example_trigger_controller_dag to 2021-01-01 00:00:00+00:00, run_after=2021-01-01 00:00:00+00:00
[2024-03-01T16:27:50.047+0530] {processor.py:183} INFO - Processing /home/akranth/airflow/airflow_env/lib/python3.11/site-packages/airflow/example_dags/example_trigger_controller_dag.py took 0.699 seconds
[2024-03-01T16:29:06.630+0530] {processor.py:161} INFO - Started process (PID=7925) to work on /home/akranth/airflow/airflow_env/lib/python3.11/site-packages/airflow/example_dags/example_trigger_controller_dag.py
[2024-03-01T16:29:06.719+0530] {processor.py:830} INFO - Processing file /home/akranth/airflow/airflow_env/lib/python3.11/site-packages/airflow/example_dags/example_trigger_controller_dag.py for tasks to queue
[2024-03-01T16:29:06.721+0530] {logging_mixin.py:188} INFO - [2024-03-01T16:29:06.720+0530] {dagbag.py:540} INFO - Filling up the DagBag from /home/akranth/airflow/airflow_env/lib/python3.11/site-packages/airflow/example_dags/example_trigger_controller_dag.py
[2024-03-01T16:29:06.727+0530] {processor.py:840} INFO - DAG(s) 'example_trigger_controller_dag' retrieved from /home/akranth/airflow/airflow_env/lib/python3.11/site-packages/airflow/example_dags/example_trigger_controller_dag.py
[2024-03-01T16:29:06.743+0530] {logging_mixin.py:188} INFO - [2024-03-01T16:29:06.743+0530] {dag.py:3047} INFO - Sync 1 DAGs
[2024-03-01T16:29:06.761+0530] {logging_mixin.py:188} INFO - [2024-03-01T16:29:06.761+0530] {dag.py:3834} INFO - Setting next_dagrun for example_trigger_controller_dag to 2021-01-01 00:00:00+00:00, run_after=2021-01-01 00:00:00+00:00
[2024-03-01T16:29:06.870+0530] {processor.py:183} INFO - Processing /home/akranth/airflow/airflow_env/lib/python3.11/site-packages/airflow/example_dags/example_trigger_controller_dag.py took 0.243 seconds
[2024-03-01T16:30:32.847+0530] {processor.py:161} INFO - Started process (PID=8027) to work on /home/akranth/airflow/airflow_env/lib/python3.11/site-packages/airflow/example_dags/example_trigger_controller_dag.py
[2024-03-01T16:30:32.848+0530] {processor.py:830} INFO - Processing file /home/akranth/airflow/airflow_env/lib/python3.11/site-packages/airflow/example_dags/example_trigger_controller_dag.py for tasks to queue
[2024-03-01T16:30:32.849+0530] {logging_mixin.py:188} INFO - [2024-03-01T16:30:32.848+0530] {dagbag.py:540} INFO - Filling up the DagBag from /home/akranth/airflow/airflow_env/lib/python3.11/site-packages/airflow/example_dags/example_trigger_controller_dag.py
[2024-03-01T16:30:32.856+0530] {processor.py:840} INFO - DAG(s) 'example_trigger_controller_dag' retrieved from /home/akranth/airflow/airflow_env/lib/python3.11/site-packages/airflow/example_dags/example_trigger_controller_dag.py
[2024-03-01T16:30:32.874+0530] {logging_mixin.py:188} INFO - [2024-03-01T16:30:32.874+0530] {dag.py:3047} INFO - Sync 1 DAGs
[2024-03-01T16:30:32.895+0530] {logging_mixin.py:188} INFO - [2024-03-01T16:30:32.895+0530] {dag.py:3834} INFO - Setting next_dagrun for example_trigger_controller_dag to 2021-01-01 00:00:00+00:00, run_after=2021-01-01 00:00:00+00:00
[2024-03-01T16:30:32.992+0530] {processor.py:183} INFO - Processing /home/akranth/airflow/airflow_env/lib/python3.11/site-packages/airflow/example_dags/example_trigger_controller_dag.py took 0.149 seconds
[2024-03-01T16:31:51.145+0530] {processor.py:161} INFO - Started process (PID=9057) to work on /home/akranth/airflow/airflow_env/lib/python3.11/site-packages/airflow/example_dags/example_trigger_controller_dag.py
[2024-03-01T16:31:51.151+0530] {processor.py:830} INFO - Processing file /home/akranth/airflow/airflow_env/lib/python3.11/site-packages/airflow/example_dags/example_trigger_controller_dag.py for tasks to queue
[2024-03-01T16:31:51.152+0530] {logging_mixin.py:188} INFO - [2024-03-01T16:31:51.152+0530] {dagbag.py:540} INFO - Filling up the DagBag from /home/akranth/airflow/airflow_env/lib/python3.11/site-packages/airflow/example_dags/example_trigger_controller_dag.py
[2024-03-01T16:31:51.159+0530] {processor.py:840} INFO - DAG(s) 'example_trigger_controller_dag' retrieved from /home/akranth/airflow/airflow_env/lib/python3.11/site-packages/airflow/example_dags/example_trigger_controller_dag.py
[2024-03-01T16:31:51.179+0530] {logging_mixin.py:188} INFO - [2024-03-01T16:31:51.178+0530] {dag.py:3047} INFO - Sync 1 DAGs
[2024-03-01T16:31:51.201+0530] {logging_mixin.py:188} INFO - [2024-03-01T16:31:51.201+0530] {dag.py:3834} INFO - Setting next_dagrun for example_trigger_controller_dag to 2021-01-01 00:00:00+00:00, run_after=2021-01-01 00:00:00+00:00
[2024-03-01T16:31:51.551+0530] {processor.py:183} INFO - Processing /home/akranth/airflow/airflow_env/lib/python3.11/site-packages/airflow/example_dags/example_trigger_controller_dag.py took 0.412 seconds
[2024-03-01T16:33:04.641+0530] {processor.py:161} INFO - Started process (PID=9325) to work on /home/akranth/airflow/airflow_env/lib/python3.11/site-packages/airflow/example_dags/example_trigger_controller_dag.py
[2024-03-01T16:33:04.654+0530] {processor.py:830} INFO - Processing file /home/akranth/airflow/airflow_env/lib/python3.11/site-packages/airflow/example_dags/example_trigger_controller_dag.py for tasks to queue
[2024-03-01T16:33:04.655+0530] {logging_mixin.py:188} INFO - [2024-03-01T16:33:04.655+0530] {dagbag.py:540} INFO - Filling up the DagBag from /home/akranth/airflow/airflow_env/lib/python3.11/site-packages/airflow/example_dags/example_trigger_controller_dag.py
[2024-03-01T16:33:04.661+0530] {processor.py:840} INFO - DAG(s) 'example_trigger_controller_dag' retrieved from /home/akranth/airflow/airflow_env/lib/python3.11/site-packages/airflow/example_dags/example_trigger_controller_dag.py
[2024-03-01T16:33:04.677+0530] {logging_mixin.py:188} INFO - [2024-03-01T16:33:04.677+0530] {dag.py:3047} INFO - Sync 1 DAGs
[2024-03-01T16:33:04.696+0530] {logging_mixin.py:188} INFO - [2024-03-01T16:33:04.696+0530] {dag.py:3834} INFO - Setting next_dagrun for example_trigger_controller_dag to 2021-01-01 00:00:00+00:00, run_after=2021-01-01 00:00:00+00:00
[2024-03-01T16:33:04.812+0530] {processor.py:183} INFO - Processing /home/akranth/airflow/airflow_env/lib/python3.11/site-packages/airflow/example_dags/example_trigger_controller_dag.py took 0.176 seconds
[2024-03-01T16:34:29.376+0530] {processor.py:161} INFO - Started process (PID=9521) to work on /home/akranth/airflow/airflow_env/lib/python3.11/site-packages/airflow/example_dags/example_trigger_controller_dag.py
[2024-03-01T16:34:29.403+0530] {processor.py:830} INFO - Processing file /home/akranth/airflow/airflow_env/lib/python3.11/site-packages/airflow/example_dags/example_trigger_controller_dag.py for tasks to queue
[2024-03-01T16:34:29.406+0530] {logging_mixin.py:188} INFO - [2024-03-01T16:34:29.405+0530] {dagbag.py:540} INFO - Filling up the DagBag from /home/akranth/airflow/airflow_env/lib/python3.11/site-packages/airflow/example_dags/example_trigger_controller_dag.py
[2024-03-01T16:34:29.418+0530] {processor.py:840} INFO - DAG(s) 'example_trigger_controller_dag' retrieved from /home/akranth/airflow/airflow_env/lib/python3.11/site-packages/airflow/example_dags/example_trigger_controller_dag.py
[2024-03-01T16:34:29.443+0530] {logging_mixin.py:188} INFO - [2024-03-01T16:34:29.442+0530] {dag.py:3047} INFO - Sync 1 DAGs
[2024-03-01T16:34:29.460+0530] {logging_mixin.py:188} INFO - [2024-03-01T16:34:29.459+0530] {dag.py:3834} INFO - Setting next_dagrun for example_trigger_controller_dag to 2021-01-01 00:00:00+00:00, run_after=2021-01-01 00:00:00+00:00
[2024-03-01T16:34:29.569+0530] {processor.py:183} INFO - Processing /home/akranth/airflow/airflow_env/lib/python3.11/site-packages/airflow/example_dags/example_trigger_controller_dag.py took 0.200 seconds
[2024-03-01T16:35:31.096+0530] {processor.py:161} INFO - Started process (PID=9650) to work on /home/akranth/airflow/airflow_env/lib/python3.11/site-packages/airflow/example_dags/example_trigger_controller_dag.py
[2024-03-01T16:35:31.152+0530] {processor.py:830} INFO - Processing file /home/akranth/airflow/airflow_env/lib/python3.11/site-packages/airflow/example_dags/example_trigger_controller_dag.py for tasks to queue
[2024-03-01T16:35:31.154+0530] {logging_mixin.py:188} INFO - [2024-03-01T16:35:31.153+0530] {dagbag.py:540} INFO - Filling up the DagBag from /home/akranth/airflow/airflow_env/lib/python3.11/site-packages/airflow/example_dags/example_trigger_controller_dag.py
[2024-03-01T16:35:31.159+0530] {processor.py:840} INFO - DAG(s) 'example_trigger_controller_dag' retrieved from /home/akranth/airflow/airflow_env/lib/python3.11/site-packages/airflow/example_dags/example_trigger_controller_dag.py
[2024-03-01T16:35:31.170+0530] {logging_mixin.py:188} INFO - [2024-03-01T16:35:31.170+0530] {dag.py:3047} INFO - Sync 1 DAGs
[2024-03-01T16:35:31.184+0530] {logging_mixin.py:188} INFO - [2024-03-01T16:35:31.183+0530] {dag.py:3834} INFO - Setting next_dagrun for example_trigger_controller_dag to 2021-01-01 00:00:00+00:00, run_after=2021-01-01 00:00:00+00:00
[2024-03-01T16:35:31.293+0530] {processor.py:183} INFO - Processing /home/akranth/airflow/airflow_env/lib/python3.11/site-packages/airflow/example_dags/example_trigger_controller_dag.py took 0.199 seconds
