[2024-03-01T16:18:40.957+0530] {processor.py:161} INFO - Started process (PID=7115) to work on /home/akranth/airflow/airflow_env/lib/python3.11/site-packages/airflow/example_dags/example_branch_python_dop_operator_3.py
[2024-03-01T16:18:40.958+0530] {processor.py:830} INFO - Processing file /home/akranth/airflow/airflow_env/lib/python3.11/site-packages/airflow/example_dags/example_branch_python_dop_operator_3.py for tasks to queue
[2024-03-01T16:18:40.959+0530] {logging_mixin.py:188} INFO - [2024-03-01T16:18:40.959+0530] {dagbag.py:540} INFO - Filling up the DagBag from /home/akranth/airflow/airflow_env/lib/python3.11/site-packages/airflow/example_dags/example_branch_python_dop_operator_3.py
[2024-03-01T16:18:40.968+0530] {processor.py:840} INFO - DAG(s) 'example_branch_dop_operator_v3' retrieved from /home/akranth/airflow/airflow_env/lib/python3.11/site-packages/airflow/example_dags/example_branch_python_dop_operator_3.py
[2024-03-01T16:18:41.542+0530] {logging_mixin.py:188} INFO - [2024-03-01T16:18:41.541+0530] {dag.py:3047} INFO - Sync 1 DAGs
[2024-03-01T16:18:41.567+0530] {logging_mixin.py:188} INFO - [2024-03-01T16:18:41.566+0530] {dag.py:3834} INFO - Setting next_dagrun for example_branch_dop_operator_v3 to 2024-03-01 10:47:00+00:00, run_after=2024-03-01 10:48:00+00:00
[2024-03-01T16:18:41.757+0530] {processor.py:183} INFO - Processing /home/akranth/airflow/airflow_env/lib/python3.11/site-packages/airflow/example_dags/example_branch_python_dop_operator_3.py took 0.803 seconds
[2024-03-01T16:19:56.286+0530] {processor.py:161} INFO - Started process (PID=7252) to work on /home/akranth/airflow/airflow_env/lib/python3.11/site-packages/airflow/example_dags/example_branch_python_dop_operator_3.py
[2024-03-01T16:19:56.287+0530] {processor.py:830} INFO - Processing file /home/akranth/airflow/airflow_env/lib/python3.11/site-packages/airflow/example_dags/example_branch_python_dop_operator_3.py for tasks to queue
[2024-03-01T16:19:56.288+0530] {logging_mixin.py:188} INFO - [2024-03-01T16:19:56.288+0530] {dagbag.py:540} INFO - Filling up the DagBag from /home/akranth/airflow/airflow_env/lib/python3.11/site-packages/airflow/example_dags/example_branch_python_dop_operator_3.py
[2024-03-01T16:19:56.296+0530] {processor.py:840} INFO - DAG(s) 'example_branch_dop_operator_v3' retrieved from /home/akranth/airflow/airflow_env/lib/python3.11/site-packages/airflow/example_dags/example_branch_python_dop_operator_3.py
[2024-03-01T16:19:56.392+0530] {logging_mixin.py:188} INFO - [2024-03-01T16:19:56.392+0530] {dag.py:3047} INFO - Sync 1 DAGs
[2024-03-01T16:19:56.409+0530] {logging_mixin.py:188} INFO - [2024-03-01T16:19:56.409+0530] {dag.py:3834} INFO - Setting next_dagrun for example_branch_dop_operator_v3 to 2024-03-01 10:48:00+00:00, run_after=2024-03-01 10:49:00+00:00
[2024-03-01T16:19:56.607+0530] {processor.py:183} INFO - Processing /home/akranth/airflow/airflow_env/lib/python3.11/site-packages/airflow/example_dags/example_branch_python_dop_operator_3.py took 0.322 seconds
[2024-03-01T16:20:55.821+0530] {processor.py:161} INFO - Started process (PID=7387) to work on /home/akranth/airflow/airflow_env/lib/python3.11/site-packages/airflow/example_dags/example_branch_python_dop_operator_3.py
[2024-03-01T16:20:55.822+0530] {processor.py:830} INFO - Processing file /home/akranth/airflow/airflow_env/lib/python3.11/site-packages/airflow/example_dags/example_branch_python_dop_operator_3.py for tasks to queue
[2024-03-01T16:20:55.823+0530] {logging_mixin.py:188} INFO - [2024-03-01T16:20:55.823+0530] {dagbag.py:540} INFO - Filling up the DagBag from /home/akranth/airflow/airflow_env/lib/python3.11/site-packages/airflow/example_dags/example_branch_python_dop_operator_3.py
[2024-03-01T16:20:55.830+0530] {processor.py:840} INFO - DAG(s) 'example_branch_dop_operator_v3' retrieved from /home/akranth/airflow/airflow_env/lib/python3.11/site-packages/airflow/example_dags/example_branch_python_dop_operator_3.py
[2024-03-01T16:20:55.842+0530] {logging_mixin.py:188} INFO - [2024-03-01T16:20:55.842+0530] {dag.py:3047} INFO - Sync 1 DAGs
[2024-03-01T16:20:55.859+0530] {logging_mixin.py:188} INFO - [2024-03-01T16:20:55.859+0530] {dag.py:3834} INFO - Setting next_dagrun for example_branch_dop_operator_v3 to 2024-03-01 10:49:00+00:00, run_after=2024-03-01 10:50:00+00:00
[2024-03-01T16:20:55.974+0530] {processor.py:183} INFO - Processing /home/akranth/airflow/airflow_env/lib/python3.11/site-packages/airflow/example_dags/example_branch_python_dop_operator_3.py took 0.155 seconds
[2024-03-01T16:21:58.487+0530] {processor.py:161} INFO - Started process (PID=7454) to work on /home/akranth/airflow/airflow_env/lib/python3.11/site-packages/airflow/example_dags/example_branch_python_dop_operator_3.py
[2024-03-01T16:21:58.488+0530] {processor.py:830} INFO - Processing file /home/akranth/airflow/airflow_env/lib/python3.11/site-packages/airflow/example_dags/example_branch_python_dop_operator_3.py for tasks to queue
[2024-03-01T16:21:58.488+0530] {logging_mixin.py:188} INFO - [2024-03-01T16:21:58.488+0530] {dagbag.py:540} INFO - Filling up the DagBag from /home/akranth/airflow/airflow_env/lib/python3.11/site-packages/airflow/example_dags/example_branch_python_dop_operator_3.py
[2024-03-01T16:21:58.497+0530] {processor.py:840} INFO - DAG(s) 'example_branch_dop_operator_v3' retrieved from /home/akranth/airflow/airflow_env/lib/python3.11/site-packages/airflow/example_dags/example_branch_python_dop_operator_3.py
[2024-03-01T16:21:58.511+0530] {logging_mixin.py:188} INFO - [2024-03-01T16:21:58.511+0530] {dag.py:3047} INFO - Sync 1 DAGs
[2024-03-01T16:21:58.530+0530] {logging_mixin.py:188} INFO - [2024-03-01T16:21:58.530+0530] {dag.py:3834} INFO - Setting next_dagrun for example_branch_dop_operator_v3 to 2024-03-01 10:50:00+00:00, run_after=2024-03-01 10:51:00+00:00
[2024-03-01T16:21:58.722+0530] {processor.py:183} INFO - Processing /home/akranth/airflow/airflow_env/lib/python3.11/site-packages/airflow/example_dags/example_branch_python_dop_operator_3.py took 0.237 seconds
[2024-03-01T16:22:57.084+0530] {processor.py:161} INFO - Started process (PID=7517) to work on /home/akranth/airflow/airflow_env/lib/python3.11/site-packages/airflow/example_dags/example_branch_python_dop_operator_3.py
[2024-03-01T16:22:57.084+0530] {processor.py:830} INFO - Processing file /home/akranth/airflow/airflow_env/lib/python3.11/site-packages/airflow/example_dags/example_branch_python_dop_operator_3.py for tasks to queue
[2024-03-01T16:22:57.085+0530] {logging_mixin.py:188} INFO - [2024-03-01T16:22:57.085+0530] {dagbag.py:540} INFO - Filling up the DagBag from /home/akranth/airflow/airflow_env/lib/python3.11/site-packages/airflow/example_dags/example_branch_python_dop_operator_3.py
[2024-03-01T16:22:57.092+0530] {processor.py:840} INFO - DAG(s) 'example_branch_dop_operator_v3' retrieved from /home/akranth/airflow/airflow_env/lib/python3.11/site-packages/airflow/example_dags/example_branch_python_dop_operator_3.py
[2024-03-01T16:22:57.103+0530] {logging_mixin.py:188} INFO - [2024-03-01T16:22:57.103+0530] {dag.py:3047} INFO - Sync 1 DAGs
[2024-03-01T16:22:57.120+0530] {logging_mixin.py:188} INFO - [2024-03-01T16:22:57.120+0530] {dag.py:3834} INFO - Setting next_dagrun for example_branch_dop_operator_v3 to 2024-03-01 10:51:00+00:00, run_after=2024-03-01 10:52:00+00:00
[2024-03-01T16:22:57.299+0530] {processor.py:183} INFO - Processing /home/akranth/airflow/airflow_env/lib/python3.11/site-packages/airflow/example_dags/example_branch_python_dop_operator_3.py took 0.217 seconds
[2024-03-01T16:23:57.160+0530] {processor.py:161} INFO - Started process (PID=7576) to work on /home/akranth/airflow/airflow_env/lib/python3.11/site-packages/airflow/example_dags/example_branch_python_dop_operator_3.py
[2024-03-01T16:23:57.161+0530] {processor.py:830} INFO - Processing file /home/akranth/airflow/airflow_env/lib/python3.11/site-packages/airflow/example_dags/example_branch_python_dop_operator_3.py for tasks to queue
[2024-03-01T16:23:57.162+0530] {logging_mixin.py:188} INFO - [2024-03-01T16:23:57.162+0530] {dagbag.py:540} INFO - Filling up the DagBag from /home/akranth/airflow/airflow_env/lib/python3.11/site-packages/airflow/example_dags/example_branch_python_dop_operator_3.py
[2024-03-01T16:23:57.168+0530] {processor.py:840} INFO - DAG(s) 'example_branch_dop_operator_v3' retrieved from /home/akranth/airflow/airflow_env/lib/python3.11/site-packages/airflow/example_dags/example_branch_python_dop_operator_3.py
[2024-03-01T16:23:57.182+0530] {logging_mixin.py:188} INFO - [2024-03-01T16:23:57.182+0530] {dag.py:3047} INFO - Sync 1 DAGs
[2024-03-01T16:23:57.201+0530] {logging_mixin.py:188} INFO - [2024-03-01T16:23:57.201+0530] {dag.py:3834} INFO - Setting next_dagrun for example_branch_dop_operator_v3 to 2024-03-01 10:52:00+00:00, run_after=2024-03-01 10:53:00+00:00
[2024-03-01T16:23:57.388+0530] {processor.py:183} INFO - Processing /home/akranth/airflow/airflow_env/lib/python3.11/site-packages/airflow/example_dags/example_branch_python_dop_operator_3.py took 0.230 seconds
[2024-03-01T16:25:03.917+0530] {processor.py:161} INFO - Started process (PID=7645) to work on /home/akranth/airflow/airflow_env/lib/python3.11/site-packages/airflow/example_dags/example_branch_python_dop_operator_3.py
[2024-03-01T16:25:03.917+0530] {processor.py:830} INFO - Processing file /home/akranth/airflow/airflow_env/lib/python3.11/site-packages/airflow/example_dags/example_branch_python_dop_operator_3.py for tasks to queue
[2024-03-01T16:25:03.918+0530] {logging_mixin.py:188} INFO - [2024-03-01T16:25:03.918+0530] {dagbag.py:540} INFO - Filling up the DagBag from /home/akranth/airflow/airflow_env/lib/python3.11/site-packages/airflow/example_dags/example_branch_python_dop_operator_3.py
[2024-03-01T16:25:03.925+0530] {processor.py:840} INFO - DAG(s) 'example_branch_dop_operator_v3' retrieved from /home/akranth/airflow/airflow_env/lib/python3.11/site-packages/airflow/example_dags/example_branch_python_dop_operator_3.py
[2024-03-01T16:25:03.936+0530] {logging_mixin.py:188} INFO - [2024-03-01T16:25:03.936+0530] {dag.py:3047} INFO - Sync 1 DAGs
[2024-03-01T16:25:03.954+0530] {logging_mixin.py:188} INFO - [2024-03-01T16:25:03.953+0530] {dag.py:3834} INFO - Setting next_dagrun for example_branch_dop_operator_v3 to 2024-03-01 10:54:00+00:00, run_after=2024-03-01 10:55:00+00:00
[2024-03-01T16:25:04.122+0530] {processor.py:183} INFO - Processing /home/akranth/airflow/airflow_env/lib/python3.11/site-packages/airflow/example_dags/example_branch_python_dop_operator_3.py took 0.207 seconds
[2024-03-01T16:26:06.496+0530] {processor.py:161} INFO - Started process (PID=7714) to work on /home/akranth/airflow/airflow_env/lib/python3.11/site-packages/airflow/example_dags/example_branch_python_dop_operator_3.py
[2024-03-01T16:26:06.517+0530] {processor.py:830} INFO - Processing file /home/akranth/airflow/airflow_env/lib/python3.11/site-packages/airflow/example_dags/example_branch_python_dop_operator_3.py for tasks to queue
[2024-03-01T16:26:06.520+0530] {logging_mixin.py:188} INFO - [2024-03-01T16:26:06.519+0530] {dagbag.py:540} INFO - Filling up the DagBag from /home/akranth/airflow/airflow_env/lib/python3.11/site-packages/airflow/example_dags/example_branch_python_dop_operator_3.py
[2024-03-01T16:26:06.542+0530] {processor.py:840} INFO - DAG(s) 'example_branch_dop_operator_v3' retrieved from /home/akranth/airflow/airflow_env/lib/python3.11/site-packages/airflow/example_dags/example_branch_python_dop_operator_3.py
[2024-03-01T16:26:06.561+0530] {logging_mixin.py:188} INFO - [2024-03-01T16:26:06.561+0530] {dag.py:3047} INFO - Sync 1 DAGs
[2024-03-01T16:26:06.580+0530] {logging_mixin.py:188} INFO - [2024-03-01T16:26:06.580+0530] {dag.py:3834} INFO - Setting next_dagrun for example_branch_dop_operator_v3 to 2024-03-01 10:55:00+00:00, run_after=2024-03-01 10:56:00+00:00
[2024-03-01T16:26:06.690+0530] {processor.py:183} INFO - Processing /home/akranth/airflow/airflow_env/lib/python3.11/site-packages/airflow/example_dags/example_branch_python_dop_operator_3.py took 0.200 seconds
[2024-03-01T16:27:04.024+0530] {processor.py:161} INFO - Started process (PID=7780) to work on /home/akranth/airflow/airflow_env/lib/python3.11/site-packages/airflow/example_dags/example_branch_python_dop_operator_3.py
[2024-03-01T16:27:04.033+0530] {processor.py:830} INFO - Processing file /home/akranth/airflow/airflow_env/lib/python3.11/site-packages/airflow/example_dags/example_branch_python_dop_operator_3.py for tasks to queue
[2024-03-01T16:27:04.033+0530] {logging_mixin.py:188} INFO - [2024-03-01T16:27:04.033+0530] {dagbag.py:540} INFO - Filling up the DagBag from /home/akranth/airflow/airflow_env/lib/python3.11/site-packages/airflow/example_dags/example_branch_python_dop_operator_3.py
[2024-03-01T16:27:04.042+0530] {processor.py:840} INFO - DAG(s) 'example_branch_dop_operator_v3' retrieved from /home/akranth/airflow/airflow_env/lib/python3.11/site-packages/airflow/example_dags/example_branch_python_dop_operator_3.py
[2024-03-01T16:27:04.056+0530] {logging_mixin.py:188} INFO - [2024-03-01T16:27:04.055+0530] {dag.py:3047} INFO - Sync 1 DAGs
[2024-03-01T16:27:04.076+0530] {logging_mixin.py:188} INFO - [2024-03-01T16:27:04.076+0530] {dag.py:3834} INFO - Setting next_dagrun for example_branch_dop_operator_v3 to 2024-03-01 10:56:00+00:00, run_after=2024-03-01 10:57:00+00:00
[2024-03-01T16:27:04.181+0530] {processor.py:183} INFO - Processing /home/akranth/airflow/airflow_env/lib/python3.11/site-packages/airflow/example_dags/example_branch_python_dop_operator_3.py took 0.160 seconds
[2024-03-01T16:27:58.453+0530] {processor.py:161} INFO - Started process (PID=7842) to work on /home/akranth/airflow/airflow_env/lib/python3.11/site-packages/airflow/example_dags/example_branch_python_dop_operator_3.py
[2024-03-01T16:27:58.455+0530] {processor.py:830} INFO - Processing file /home/akranth/airflow/airflow_env/lib/python3.11/site-packages/airflow/example_dags/example_branch_python_dop_operator_3.py for tasks to queue
[2024-03-01T16:27:58.457+0530] {logging_mixin.py:188} INFO - [2024-03-01T16:27:58.456+0530] {dagbag.py:540} INFO - Filling up the DagBag from /home/akranth/airflow/airflow_env/lib/python3.11/site-packages/airflow/example_dags/example_branch_python_dop_operator_3.py
[2024-03-01T16:27:58.475+0530] {processor.py:840} INFO - DAG(s) 'example_branch_dop_operator_v3' retrieved from /home/akranth/airflow/airflow_env/lib/python3.11/site-packages/airflow/example_dags/example_branch_python_dop_operator_3.py
[2024-03-01T16:27:58.491+0530] {logging_mixin.py:188} INFO - [2024-03-01T16:27:58.491+0530] {dag.py:3047} INFO - Sync 1 DAGs
[2024-03-01T16:27:58.508+0530] {logging_mixin.py:188} INFO - [2024-03-01T16:27:58.508+0530] {dag.py:3834} INFO - Setting next_dagrun for example_branch_dop_operator_v3 to 2024-03-01 10:56:00+00:00, run_after=2024-03-01 10:57:00+00:00
[2024-03-01T16:27:58.630+0530] {processor.py:183} INFO - Processing /home/akranth/airflow/airflow_env/lib/python3.11/site-packages/airflow/example_dags/example_branch_python_dop_operator_3.py took 0.183 seconds
[2024-03-01T16:29:15.644+0530] {processor.py:161} INFO - Started process (PID=7933) to work on /home/akranth/airflow/airflow_env/lib/python3.11/site-packages/airflow/example_dags/example_branch_python_dop_operator_3.py
[2024-03-01T16:29:15.645+0530] {processor.py:830} INFO - Processing file /home/akranth/airflow/airflow_env/lib/python3.11/site-packages/airflow/example_dags/example_branch_python_dop_operator_3.py for tasks to queue
[2024-03-01T16:29:15.646+0530] {logging_mixin.py:188} INFO - [2024-03-01T16:29:15.646+0530] {dagbag.py:540} INFO - Filling up the DagBag from /home/akranth/airflow/airflow_env/lib/python3.11/site-packages/airflow/example_dags/example_branch_python_dop_operator_3.py
[2024-03-01T16:29:15.660+0530] {processor.py:840} INFO - DAG(s) 'example_branch_dop_operator_v3' retrieved from /home/akranth/airflow/airflow_env/lib/python3.11/site-packages/airflow/example_dags/example_branch_python_dop_operator_3.py
[2024-03-01T16:29:15.675+0530] {logging_mixin.py:188} INFO - [2024-03-01T16:29:15.675+0530] {dag.py:3047} INFO - Sync 1 DAGs
[2024-03-01T16:29:15.695+0530] {logging_mixin.py:188} INFO - [2024-03-01T16:29:15.695+0530] {dag.py:3834} INFO - Setting next_dagrun for example_branch_dop_operator_v3 to 2024-03-01 10:58:00+00:00, run_after=2024-03-01 10:59:00+00:00
[2024-03-01T16:29:16.073+0530] {processor.py:183} INFO - Processing /home/akranth/airflow/airflow_env/lib/python3.11/site-packages/airflow/example_dags/example_branch_python_dop_operator_3.py took 0.431 seconds
[2024-03-01T16:30:40.920+0530] {processor.py:161} INFO - Started process (PID=8251) to work on /home/akranth/airflow/airflow_env/lib/python3.11/site-packages/airflow/example_dags/example_branch_python_dop_operator_3.py
[2024-03-01T16:30:40.963+0530] {processor.py:830} INFO - Processing file /home/akranth/airflow/airflow_env/lib/python3.11/site-packages/airflow/example_dags/example_branch_python_dop_operator_3.py for tasks to queue
[2024-03-01T16:30:40.965+0530] {logging_mixin.py:188} INFO - [2024-03-01T16:30:40.964+0530] {dagbag.py:540} INFO - Filling up the DagBag from /home/akranth/airflow/airflow_env/lib/python3.11/site-packages/airflow/example_dags/example_branch_python_dop_operator_3.py
[2024-03-01T16:30:40.987+0530] {processor.py:840} INFO - DAG(s) 'example_branch_dop_operator_v3' retrieved from /home/akranth/airflow/airflow_env/lib/python3.11/site-packages/airflow/example_dags/example_branch_python_dop_operator_3.py
[2024-03-01T16:30:41.007+0530] {logging_mixin.py:188} INFO - [2024-03-01T16:30:41.007+0530] {dag.py:3047} INFO - Sync 1 DAGs
[2024-03-01T16:30:41.024+0530] {logging_mixin.py:188} INFO - [2024-03-01T16:30:41.024+0530] {dag.py:3834} INFO - Setting next_dagrun for example_branch_dop_operator_v3 to 2024-03-01 10:59:00+00:00, run_after=2024-03-01 11:00:00+00:00
[2024-03-01T16:30:41.414+0530] {processor.py:183} INFO - Processing /home/akranth/airflow/airflow_env/lib/python3.11/site-packages/airflow/example_dags/example_branch_python_dop_operator_3.py took 0.500 seconds
[2024-03-01T16:32:02.912+0530] {processor.py:161} INFO - Started process (PID=9183) to work on /home/akranth/airflow/airflow_env/lib/python3.11/site-packages/airflow/example_dags/example_branch_python_dop_operator_3.py
[2024-03-01T16:32:02.982+0530] {processor.py:830} INFO - Processing file /home/akranth/airflow/airflow_env/lib/python3.11/site-packages/airflow/example_dags/example_branch_python_dop_operator_3.py for tasks to queue
[2024-03-01T16:32:02.983+0530] {logging_mixin.py:188} INFO - [2024-03-01T16:32:02.983+0530] {dagbag.py:540} INFO - Filling up the DagBag from /home/akranth/airflow/airflow_env/lib/python3.11/site-packages/airflow/example_dags/example_branch_python_dop_operator_3.py
[2024-03-01T16:32:03.138+0530] {processor.py:840} INFO - DAG(s) 'example_branch_dop_operator_v3' retrieved from /home/akranth/airflow/airflow_env/lib/python3.11/site-packages/airflow/example_dags/example_branch_python_dop_operator_3.py
[2024-03-01T16:32:03.199+0530] {logging_mixin.py:188} INFO - [2024-03-01T16:32:03.198+0530] {dag.py:3047} INFO - Sync 1 DAGs
[2024-03-01T16:32:03.232+0530] {logging_mixin.py:188} INFO - [2024-03-01T16:32:03.232+0530] {dag.py:3834} INFO - Setting next_dagrun for example_branch_dop_operator_v3 to 2024-03-01 11:01:00+00:00, run_after=2024-03-01 11:02:00+00:00
[2024-03-01T16:32:03.822+0530] {processor.py:183} INFO - Processing /home/akranth/airflow/airflow_env/lib/python3.11/site-packages/airflow/example_dags/example_branch_python_dop_operator_3.py took 0.913 seconds
[2024-03-01T16:33:44.124+0530] {processor.py:161} INFO - Started process (PID=9390) to work on /home/akranth/airflow/airflow_env/lib/python3.11/site-packages/airflow/example_dags/example_branch_python_dop_operator_3.py
[2024-03-01T16:33:44.145+0530] {processor.py:830} INFO - Processing file /home/akranth/airflow/airflow_env/lib/python3.11/site-packages/airflow/example_dags/example_branch_python_dop_operator_3.py for tasks to queue
[2024-03-01T16:33:44.147+0530] {logging_mixin.py:188} INFO - [2024-03-01T16:33:44.146+0530] {dagbag.py:540} INFO - Filling up the DagBag from /home/akranth/airflow/airflow_env/lib/python3.11/site-packages/airflow/example_dags/example_branch_python_dop_operator_3.py
[2024-03-01T16:33:44.169+0530] {processor.py:840} INFO - DAG(s) 'example_branch_dop_operator_v3' retrieved from /home/akranth/airflow/airflow_env/lib/python3.11/site-packages/airflow/example_dags/example_branch_python_dop_operator_3.py
[2024-03-01T16:33:44.188+0530] {logging_mixin.py:188} INFO - [2024-03-01T16:33:44.187+0530] {dag.py:3047} INFO - Sync 1 DAGs
[2024-03-01T16:33:44.211+0530] {logging_mixin.py:188} INFO - [2024-03-01T16:33:44.211+0530] {dag.py:3834} INFO - Setting next_dagrun for example_branch_dop_operator_v3 to 2024-03-01 11:02:00+00:00, run_after=2024-03-01 11:03:00+00:00
[2024-03-01T16:33:44.330+0530] {processor.py:183} INFO - Processing /home/akranth/airflow/airflow_env/lib/python3.11/site-packages/airflow/example_dags/example_branch_python_dop_operator_3.py took 0.213 seconds
[2024-03-01T16:35:00.278+0530] {processor.py:161} INFO - Started process (PID=9590) to work on /home/akranth/airflow/airflow_env/lib/python3.11/site-packages/airflow/example_dags/example_branch_python_dop_operator_3.py
[2024-03-01T16:35:00.301+0530] {processor.py:830} INFO - Processing file /home/akranth/airflow/airflow_env/lib/python3.11/site-packages/airflow/example_dags/example_branch_python_dop_operator_3.py for tasks to queue
[2024-03-01T16:35:00.303+0530] {logging_mixin.py:188} INFO - [2024-03-01T16:35:00.302+0530] {dagbag.py:540} INFO - Filling up the DagBag from /home/akranth/airflow/airflow_env/lib/python3.11/site-packages/airflow/example_dags/example_branch_python_dop_operator_3.py
[2024-03-01T16:35:00.322+0530] {processor.py:840} INFO - DAG(s) 'example_branch_dop_operator_v3' retrieved from /home/akranth/airflow/airflow_env/lib/python3.11/site-packages/airflow/example_dags/example_branch_python_dop_operator_3.py
[2024-03-01T16:35:00.340+0530] {logging_mixin.py:188} INFO - [2024-03-01T16:35:00.339+0530] {dag.py:3047} INFO - Sync 1 DAGs
[2024-03-01T16:35:00.360+0530] {logging_mixin.py:188} INFO - [2024-03-01T16:35:00.359+0530] {dag.py:3834} INFO - Setting next_dagrun for example_branch_dop_operator_v3 to 2024-03-01 11:04:00+00:00, run_after=2024-03-01 11:05:00+00:00
[2024-03-01T16:35:00.479+0530] {processor.py:183} INFO - Processing /home/akranth/airflow/airflow_env/lib/python3.11/site-packages/airflow/example_dags/example_branch_python_dop_operator_3.py took 0.209 seconds
