[2024-03-01T16:18:53.345+0530] {processor.py:161} INFO - Started process (PID=7159) to work on /home/akranth/airflow/airflow_env/lib/python3.11/site-packages/airflow/example_dags/example_branch_datetime_operator.py
[2024-03-01T16:18:53.346+0530] {processor.py:830} INFO - Processing file /home/akranth/airflow/airflow_env/lib/python3.11/site-packages/airflow/example_dags/example_branch_datetime_operator.py for tasks to queue
[2024-03-01T16:18:53.347+0530] {logging_mixin.py:188} INFO - [2024-03-01T16:18:53.347+0530] {dagbag.py:540} INFO - Filling up the DagBag from /home/akranth/airflow/airflow_env/lib/python3.11/site-packages/airflow/example_dags/example_branch_datetime_operator.py
[2024-03-01T16:18:53.364+0530] {processor.py:840} INFO - DAG(s) 'example_branch_datetime_operator_3', 'example_branch_datetime_operator', 'example_branch_datetime_operator_2' retrieved from /home/akranth/airflow/airflow_env/lib/python3.11/site-packages/airflow/example_dags/example_branch_datetime_operator.py
[2024-03-01T16:18:53.572+0530] {logging_mixin.py:188} INFO - [2024-03-01T16:18:53.572+0530] {dag.py:3047} INFO - Sync 3 DAGs
[2024-03-01T16:18:53.585+0530] {logging_mixin.py:188} INFO - [2024-03-01T16:18:53.585+0530] {dag.py:3834} INFO - Setting next_dagrun for example_branch_datetime_operator to 2024-02-29 00:00:00+00:00, run_after=2024-03-01 00:00:00+00:00
[2024-03-01T16:18:53.588+0530] {logging_mixin.py:188} INFO - [2024-03-01T16:18:53.588+0530] {dag.py:3834} INFO - Setting next_dagrun for example_branch_datetime_operator_2 to 2024-02-29 00:00:00+00:00, run_after=2024-03-01 00:00:00+00:00
[2024-03-01T16:18:53.590+0530] {logging_mixin.py:188} INFO - [2024-03-01T16:18:53.590+0530] {dag.py:3834} INFO - Setting next_dagrun for example_branch_datetime_operator_3 to 2024-02-29 00:00:00+00:00, run_after=2024-03-01 00:00:00+00:00
[2024-03-01T16:18:53.702+0530] {processor.py:183} INFO - Processing /home/akranth/airflow/airflow_env/lib/python3.11/site-packages/airflow/example_dags/example_branch_datetime_operator.py took 0.361 seconds
[2024-03-01T16:20:03.255+0530] {processor.py:161} INFO - Started process (PID=7258) to work on /home/akranth/airflow/airflow_env/lib/python3.11/site-packages/airflow/example_dags/example_branch_datetime_operator.py
[2024-03-01T16:20:03.256+0530] {processor.py:830} INFO - Processing file /home/akranth/airflow/airflow_env/lib/python3.11/site-packages/airflow/example_dags/example_branch_datetime_operator.py for tasks to queue
[2024-03-01T16:20:03.256+0530] {logging_mixin.py:188} INFO - [2024-03-01T16:20:03.256+0530] {dagbag.py:540} INFO - Filling up the DagBag from /home/akranth/airflow/airflow_env/lib/python3.11/site-packages/airflow/example_dags/example_branch_datetime_operator.py
[2024-03-01T16:20:03.263+0530] {processor.py:840} INFO - DAG(s) 'example_branch_datetime_operator_3', 'example_branch_datetime_operator_2', 'example_branch_datetime_operator' retrieved from /home/akranth/airflow/airflow_env/lib/python3.11/site-packages/airflow/example_dags/example_branch_datetime_operator.py
[2024-03-01T16:20:03.353+0530] {logging_mixin.py:188} INFO - [2024-03-01T16:20:03.352+0530] {dag.py:3047} INFO - Sync 3 DAGs
[2024-03-01T16:20:03.366+0530] {logging_mixin.py:188} INFO - [2024-03-01T16:20:03.366+0530] {dag.py:3834} INFO - Setting next_dagrun for example_branch_datetime_operator to 2024-02-29 00:00:00+00:00, run_after=2024-03-01 00:00:00+00:00
[2024-03-01T16:20:03.369+0530] {logging_mixin.py:188} INFO - [2024-03-01T16:20:03.369+0530] {dag.py:3834} INFO - Setting next_dagrun for example_branch_datetime_operator_2 to 2024-02-29 00:00:00+00:00, run_after=2024-03-01 00:00:00+00:00
[2024-03-01T16:20:03.371+0530] {logging_mixin.py:188} INFO - [2024-03-01T16:20:03.371+0530] {dag.py:3834} INFO - Setting next_dagrun for example_branch_datetime_operator_3 to 2024-02-29 00:00:00+00:00, run_after=2024-03-01 00:00:00+00:00
[2024-03-01T16:20:03.565+0530] {processor.py:183} INFO - Processing /home/akranth/airflow/airflow_env/lib/python3.11/site-packages/airflow/example_dags/example_branch_datetime_operator.py took 0.313 seconds
[2024-03-01T16:21:02.640+0530] {processor.py:161} INFO - Started process (PID=7392) to work on /home/akranth/airflow/airflow_env/lib/python3.11/site-packages/airflow/example_dags/example_branch_datetime_operator.py
[2024-03-01T16:21:02.729+0530] {processor.py:830} INFO - Processing file /home/akranth/airflow/airflow_env/lib/python3.11/site-packages/airflow/example_dags/example_branch_datetime_operator.py for tasks to queue
[2024-03-01T16:21:02.731+0530] {logging_mixin.py:188} INFO - [2024-03-01T16:21:02.730+0530] {dagbag.py:540} INFO - Filling up the DagBag from /home/akranth/airflow/airflow_env/lib/python3.11/site-packages/airflow/example_dags/example_branch_datetime_operator.py
[2024-03-01T16:21:02.757+0530] {processor.py:840} INFO - DAG(s) 'example_branch_datetime_operator', 'example_branch_datetime_operator_2', 'example_branch_datetime_operator_3' retrieved from /home/akranth/airflow/airflow_env/lib/python3.11/site-packages/airflow/example_dags/example_branch_datetime_operator.py
[2024-03-01T16:21:02.782+0530] {logging_mixin.py:188} INFO - [2024-03-01T16:21:02.781+0530] {dag.py:3047} INFO - Sync 3 DAGs
[2024-03-01T16:21:02.797+0530] {logging_mixin.py:188} INFO - [2024-03-01T16:21:02.797+0530] {dag.py:3834} INFO - Setting next_dagrun for example_branch_datetime_operator to 2024-02-29 00:00:00+00:00, run_after=2024-03-01 00:00:00+00:00
[2024-03-01T16:21:02.801+0530] {logging_mixin.py:188} INFO - [2024-03-01T16:21:02.800+0530] {dag.py:3834} INFO - Setting next_dagrun for example_branch_datetime_operator_2 to 2024-02-29 00:00:00+00:00, run_after=2024-03-01 00:00:00+00:00
[2024-03-01T16:21:02.802+0530] {logging_mixin.py:188} INFO - [2024-03-01T16:21:02.802+0530] {dag.py:3834} INFO - Setting next_dagrun for example_branch_datetime_operator_3 to 2024-02-29 00:00:00+00:00, run_after=2024-03-01 00:00:00+00:00
[2024-03-01T16:21:02.909+0530] {processor.py:183} INFO - Processing /home/akranth/airflow/airflow_env/lib/python3.11/site-packages/airflow/example_dags/example_branch_datetime_operator.py took 0.271 seconds
[2024-03-01T16:22:04.487+0530] {processor.py:161} INFO - Started process (PID=7461) to work on /home/akranth/airflow/airflow_env/lib/python3.11/site-packages/airflow/example_dags/example_branch_datetime_operator.py
[2024-03-01T16:22:04.488+0530] {processor.py:830} INFO - Processing file /home/akranth/airflow/airflow_env/lib/python3.11/site-packages/airflow/example_dags/example_branch_datetime_operator.py for tasks to queue
[2024-03-01T16:22:04.488+0530] {logging_mixin.py:188} INFO - [2024-03-01T16:22:04.488+0530] {dagbag.py:540} INFO - Filling up the DagBag from /home/akranth/airflow/airflow_env/lib/python3.11/site-packages/airflow/example_dags/example_branch_datetime_operator.py
[2024-03-01T16:22:04.498+0530] {processor.py:840} INFO - DAG(s) 'example_branch_datetime_operator', 'example_branch_datetime_operator_3', 'example_branch_datetime_operator_2' retrieved from /home/akranth/airflow/airflow_env/lib/python3.11/site-packages/airflow/example_dags/example_branch_datetime_operator.py
[2024-03-01T16:22:04.518+0530] {logging_mixin.py:188} INFO - [2024-03-01T16:22:04.518+0530] {dag.py:3047} INFO - Sync 3 DAGs
[2024-03-01T16:22:04.536+0530] {logging_mixin.py:188} INFO - [2024-03-01T16:22:04.536+0530] {dag.py:3834} INFO - Setting next_dagrun for example_branch_datetime_operator to 2024-02-29 00:00:00+00:00, run_after=2024-03-01 00:00:00+00:00
[2024-03-01T16:22:04.540+0530] {logging_mixin.py:188} INFO - [2024-03-01T16:22:04.540+0530] {dag.py:3834} INFO - Setting next_dagrun for example_branch_datetime_operator_2 to 2024-02-29 00:00:00+00:00, run_after=2024-03-01 00:00:00+00:00
[2024-03-01T16:22:04.542+0530] {logging_mixin.py:188} INFO - [2024-03-01T16:22:04.542+0530] {dag.py:3834} INFO - Setting next_dagrun for example_branch_datetime_operator_3 to 2024-02-29 00:00:00+00:00, run_after=2024-03-01 00:00:00+00:00
[2024-03-01T16:22:04.958+0530] {processor.py:183} INFO - Processing /home/akranth/airflow/airflow_env/lib/python3.11/site-packages/airflow/example_dags/example_branch_datetime_operator.py took 0.473 seconds
[2024-03-01T16:23:03.859+0530] {processor.py:161} INFO - Started process (PID=7522) to work on /home/akranth/airflow/airflow_env/lib/python3.11/site-packages/airflow/example_dags/example_branch_datetime_operator.py
[2024-03-01T16:23:03.860+0530] {processor.py:830} INFO - Processing file /home/akranth/airflow/airflow_env/lib/python3.11/site-packages/airflow/example_dags/example_branch_datetime_operator.py for tasks to queue
[2024-03-01T16:23:03.861+0530] {logging_mixin.py:188} INFO - [2024-03-01T16:23:03.860+0530] {dagbag.py:540} INFO - Filling up the DagBag from /home/akranth/airflow/airflow_env/lib/python3.11/site-packages/airflow/example_dags/example_branch_datetime_operator.py
[2024-03-01T16:23:03.868+0530] {processor.py:840} INFO - DAG(s) 'example_branch_datetime_operator', 'example_branch_datetime_operator_2', 'example_branch_datetime_operator_3' retrieved from /home/akranth/airflow/airflow_env/lib/python3.11/site-packages/airflow/example_dags/example_branch_datetime_operator.py
[2024-03-01T16:23:03.884+0530] {logging_mixin.py:188} INFO - [2024-03-01T16:23:03.884+0530] {dag.py:3047} INFO - Sync 3 DAGs
[2024-03-01T16:23:03.900+0530] {logging_mixin.py:188} INFO - [2024-03-01T16:23:03.900+0530] {dag.py:3834} INFO - Setting next_dagrun for example_branch_datetime_operator to 2024-02-29 00:00:00+00:00, run_after=2024-03-01 00:00:00+00:00
[2024-03-01T16:23:03.904+0530] {logging_mixin.py:188} INFO - [2024-03-01T16:23:03.904+0530] {dag.py:3834} INFO - Setting next_dagrun for example_branch_datetime_operator_2 to 2024-02-29 00:00:00+00:00, run_after=2024-03-01 00:00:00+00:00
[2024-03-01T16:23:03.905+0530] {logging_mixin.py:188} INFO - [2024-03-01T16:23:03.905+0530] {dag.py:3834} INFO - Setting next_dagrun for example_branch_datetime_operator_3 to 2024-02-29 00:00:00+00:00, run_after=2024-03-01 00:00:00+00:00
[2024-03-01T16:23:04.271+0530] {processor.py:183} INFO - Processing /home/akranth/airflow/airflow_env/lib/python3.11/site-packages/airflow/example_dags/example_branch_datetime_operator.py took 0.414 seconds
[2024-03-01T16:24:03.912+0530] {processor.py:161} INFO - Started process (PID=7581) to work on /home/akranth/airflow/airflow_env/lib/python3.11/site-packages/airflow/example_dags/example_branch_datetime_operator.py
[2024-03-01T16:24:03.913+0530] {processor.py:830} INFO - Processing file /home/akranth/airflow/airflow_env/lib/python3.11/site-packages/airflow/example_dags/example_branch_datetime_operator.py for tasks to queue
[2024-03-01T16:24:03.913+0530] {logging_mixin.py:188} INFO - [2024-03-01T16:24:03.913+0530] {dagbag.py:540} INFO - Filling up the DagBag from /home/akranth/airflow/airflow_env/lib/python3.11/site-packages/airflow/example_dags/example_branch_datetime_operator.py
[2024-03-01T16:24:03.922+0530] {processor.py:840} INFO - DAG(s) 'example_branch_datetime_operator', 'example_branch_datetime_operator_2', 'example_branch_datetime_operator_3' retrieved from /home/akranth/airflow/airflow_env/lib/python3.11/site-packages/airflow/example_dags/example_branch_datetime_operator.py
[2024-03-01T16:24:03.941+0530] {logging_mixin.py:188} INFO - [2024-03-01T16:24:03.940+0530] {dag.py:3047} INFO - Sync 3 DAGs
[2024-03-01T16:24:03.959+0530] {logging_mixin.py:188} INFO - [2024-03-01T16:24:03.959+0530] {dag.py:3834} INFO - Setting next_dagrun for example_branch_datetime_operator to 2024-02-29 00:00:00+00:00, run_after=2024-03-01 00:00:00+00:00
[2024-03-01T16:24:03.963+0530] {logging_mixin.py:188} INFO - [2024-03-01T16:24:03.963+0530] {dag.py:3834} INFO - Setting next_dagrun for example_branch_datetime_operator_2 to 2024-02-29 00:00:00+00:00, run_after=2024-03-01 00:00:00+00:00
[2024-03-01T16:24:03.965+0530] {logging_mixin.py:188} INFO - [2024-03-01T16:24:03.965+0530] {dag.py:3834} INFO - Setting next_dagrun for example_branch_datetime_operator_3 to 2024-02-29 00:00:00+00:00, run_after=2024-03-01 00:00:00+00:00
[2024-03-01T16:24:04.089+0530] {processor.py:183} INFO - Processing /home/akranth/airflow/airflow_env/lib/python3.11/site-packages/airflow/example_dags/example_branch_datetime_operator.py took 0.179 seconds
[2024-03-01T16:25:09.809+0530] {processor.py:161} INFO - Started process (PID=7650) to work on /home/akranth/airflow/airflow_env/lib/python3.11/site-packages/airflow/example_dags/example_branch_datetime_operator.py
[2024-03-01T16:25:09.897+0530] {processor.py:830} INFO - Processing file /home/akranth/airflow/airflow_env/lib/python3.11/site-packages/airflow/example_dags/example_branch_datetime_operator.py for tasks to queue
[2024-03-01T16:25:09.899+0530] {logging_mixin.py:188} INFO - [2024-03-01T16:25:09.898+0530] {dagbag.py:540} INFO - Filling up the DagBag from /home/akranth/airflow/airflow_env/lib/python3.11/site-packages/airflow/example_dags/example_branch_datetime_operator.py
[2024-03-01T16:25:09.925+0530] {processor.py:840} INFO - DAG(s) 'example_branch_datetime_operator_3', 'example_branch_datetime_operator_2', 'example_branch_datetime_operator' retrieved from /home/akranth/airflow/airflow_env/lib/python3.11/site-packages/airflow/example_dags/example_branch_datetime_operator.py
[2024-03-01T16:25:09.951+0530] {logging_mixin.py:188} INFO - [2024-03-01T16:25:09.951+0530] {dag.py:3047} INFO - Sync 3 DAGs
[2024-03-01T16:25:09.967+0530] {logging_mixin.py:188} INFO - [2024-03-01T16:25:09.966+0530] {dag.py:3834} INFO - Setting next_dagrun for example_branch_datetime_operator to 2024-02-29 00:00:00+00:00, run_after=2024-03-01 00:00:00+00:00
[2024-03-01T16:25:09.970+0530] {logging_mixin.py:188} INFO - [2024-03-01T16:25:09.970+0530] {dag.py:3834} INFO - Setting next_dagrun for example_branch_datetime_operator_2 to 2024-02-29 00:00:00+00:00, run_after=2024-03-01 00:00:00+00:00
[2024-03-01T16:25:09.972+0530] {logging_mixin.py:188} INFO - [2024-03-01T16:25:09.972+0530] {dag.py:3834} INFO - Setting next_dagrun for example_branch_datetime_operator_3 to 2024-02-29 00:00:00+00:00, run_after=2024-03-01 00:00:00+00:00
[2024-03-01T16:25:10.091+0530] {processor.py:183} INFO - Processing /home/akranth/airflow/airflow_env/lib/python3.11/site-packages/airflow/example_dags/example_branch_datetime_operator.py took 0.284 seconds
[2024-03-01T16:26:13.197+0530] {processor.py:161} INFO - Started process (PID=7719) to work on /home/akranth/airflow/airflow_env/lib/python3.11/site-packages/airflow/example_dags/example_branch_datetime_operator.py
[2024-03-01T16:26:13.199+0530] {processor.py:830} INFO - Processing file /home/akranth/airflow/airflow_env/lib/python3.11/site-packages/airflow/example_dags/example_branch_datetime_operator.py for tasks to queue
[2024-03-01T16:26:13.201+0530] {logging_mixin.py:188} INFO - [2024-03-01T16:26:13.200+0530] {dagbag.py:540} INFO - Filling up the DagBag from /home/akranth/airflow/airflow_env/lib/python3.11/site-packages/airflow/example_dags/example_branch_datetime_operator.py
[2024-03-01T16:26:13.223+0530] {processor.py:840} INFO - DAG(s) 'example_branch_datetime_operator_3', 'example_branch_datetime_operator', 'example_branch_datetime_operator_2' retrieved from /home/akranth/airflow/airflow_env/lib/python3.11/site-packages/airflow/example_dags/example_branch_datetime_operator.py
[2024-03-01T16:26:13.243+0530] {logging_mixin.py:188} INFO - [2024-03-01T16:26:13.243+0530] {dag.py:3047} INFO - Sync 3 DAGs
[2024-03-01T16:26:13.260+0530] {logging_mixin.py:188} INFO - [2024-03-01T16:26:13.260+0530] {dag.py:3834} INFO - Setting next_dagrun for example_branch_datetime_operator to 2024-02-29 00:00:00+00:00, run_after=2024-03-01 00:00:00+00:00
[2024-03-01T16:26:13.263+0530] {logging_mixin.py:188} INFO - [2024-03-01T16:26:13.263+0530] {dag.py:3834} INFO - Setting next_dagrun for example_branch_datetime_operator_2 to 2024-02-29 00:00:00+00:00, run_after=2024-03-01 00:00:00+00:00
[2024-03-01T16:26:13.265+0530] {logging_mixin.py:188} INFO - [2024-03-01T16:26:13.265+0530] {dag.py:3834} INFO - Setting next_dagrun for example_branch_datetime_operator_3 to 2024-02-29 00:00:00+00:00, run_after=2024-03-01 00:00:00+00:00
[2024-03-01T16:26:13.388+0530] {processor.py:183} INFO - Processing /home/akranth/airflow/airflow_env/lib/python3.11/site-packages/airflow/example_dags/example_branch_datetime_operator.py took 0.198 seconds
[2024-03-01T16:27:09.349+0530] {processor.py:161} INFO - Started process (PID=7785) to work on /home/akranth/airflow/airflow_env/lib/python3.11/site-packages/airflow/example_dags/example_branch_datetime_operator.py
[2024-03-01T16:27:09.350+0530] {processor.py:830} INFO - Processing file /home/akranth/airflow/airflow_env/lib/python3.11/site-packages/airflow/example_dags/example_branch_datetime_operator.py for tasks to queue
[2024-03-01T16:27:09.350+0530] {logging_mixin.py:188} INFO - [2024-03-01T16:27:09.350+0530] {dagbag.py:540} INFO - Filling up the DagBag from /home/akranth/airflow/airflow_env/lib/python3.11/site-packages/airflow/example_dags/example_branch_datetime_operator.py
[2024-03-01T16:27:09.359+0530] {processor.py:840} INFO - DAG(s) 'example_branch_datetime_operator_2', 'example_branch_datetime_operator', 'example_branch_datetime_operator_3' retrieved from /home/akranth/airflow/airflow_env/lib/python3.11/site-packages/airflow/example_dags/example_branch_datetime_operator.py
[2024-03-01T16:27:09.375+0530] {logging_mixin.py:188} INFO - [2024-03-01T16:27:09.375+0530] {dag.py:3047} INFO - Sync 3 DAGs
[2024-03-01T16:27:09.390+0530] {logging_mixin.py:188} INFO - [2024-03-01T16:27:09.389+0530] {dag.py:3834} INFO - Setting next_dagrun for example_branch_datetime_operator to 2024-02-29 00:00:00+00:00, run_after=2024-03-01 00:00:00+00:00
[2024-03-01T16:27:09.394+0530] {logging_mixin.py:188} INFO - [2024-03-01T16:27:09.393+0530] {dag.py:3834} INFO - Setting next_dagrun for example_branch_datetime_operator_2 to 2024-02-29 00:00:00+00:00, run_after=2024-03-01 00:00:00+00:00
[2024-03-01T16:27:09.395+0530] {logging_mixin.py:188} INFO - [2024-03-01T16:27:09.395+0530] {dag.py:3834} INFO - Setting next_dagrun for example_branch_datetime_operator_3 to 2024-02-29 00:00:00+00:00, run_after=2024-03-01 00:00:00+00:00
[2024-03-01T16:27:09.485+0530] {processor.py:183} INFO - Processing /home/akranth/airflow/airflow_env/lib/python3.11/site-packages/airflow/example_dags/example_branch_datetime_operator.py took 0.138 seconds
[2024-03-01T16:28:03.997+0530] {processor.py:161} INFO - Started process (PID=7847) to work on /home/akranth/airflow/airflow_env/lib/python3.11/site-packages/airflow/example_dags/example_branch_datetime_operator.py
[2024-03-01T16:28:04.016+0530] {processor.py:830} INFO - Processing file /home/akranth/airflow/airflow_env/lib/python3.11/site-packages/airflow/example_dags/example_branch_datetime_operator.py for tasks to queue
[2024-03-01T16:28:04.017+0530] {logging_mixin.py:188} INFO - [2024-03-01T16:28:04.016+0530] {dagbag.py:540} INFO - Filling up the DagBag from /home/akranth/airflow/airflow_env/lib/python3.11/site-packages/airflow/example_dags/example_branch_datetime_operator.py
[2024-03-01T16:28:04.025+0530] {processor.py:840} INFO - DAG(s) 'example_branch_datetime_operator_2', 'example_branch_datetime_operator', 'example_branch_datetime_operator_3' retrieved from /home/akranth/airflow/airflow_env/lib/python3.11/site-packages/airflow/example_dags/example_branch_datetime_operator.py
[2024-03-01T16:28:04.043+0530] {logging_mixin.py:188} INFO - [2024-03-01T16:28:04.043+0530] {dag.py:3047} INFO - Sync 3 DAGs
[2024-03-01T16:28:04.062+0530] {logging_mixin.py:188} INFO - [2024-03-01T16:28:04.062+0530] {dag.py:3834} INFO - Setting next_dagrun for example_branch_datetime_operator to 2024-02-29 00:00:00+00:00, run_after=2024-03-01 00:00:00+00:00
[2024-03-01T16:28:04.069+0530] {logging_mixin.py:188} INFO - [2024-03-01T16:28:04.068+0530] {dag.py:3834} INFO - Setting next_dagrun for example_branch_datetime_operator_2 to 2024-02-29 00:00:00+00:00, run_after=2024-03-01 00:00:00+00:00
[2024-03-01T16:28:04.072+0530] {logging_mixin.py:188} INFO - [2024-03-01T16:28:04.072+0530] {dag.py:3834} INFO - Setting next_dagrun for example_branch_datetime_operator_3 to 2024-02-29 00:00:00+00:00, run_after=2024-03-01 00:00:00+00:00
[2024-03-01T16:28:04.379+0530] {processor.py:183} INFO - Processing /home/akranth/airflow/airflow_env/lib/python3.11/site-packages/airflow/example_dags/example_branch_datetime_operator.py took 0.385 seconds
[2024-03-01T16:29:22.772+0530] {processor.py:161} INFO - Started process (PID=7939) to work on /home/akranth/airflow/airflow_env/lib/python3.11/site-packages/airflow/example_dags/example_branch_datetime_operator.py
[2024-03-01T16:29:22.856+0530] {processor.py:830} INFO - Processing file /home/akranth/airflow/airflow_env/lib/python3.11/site-packages/airflow/example_dags/example_branch_datetime_operator.py for tasks to queue
[2024-03-01T16:29:22.858+0530] {logging_mixin.py:188} INFO - [2024-03-01T16:29:22.857+0530] {dagbag.py:540} INFO - Filling up the DagBag from /home/akranth/airflow/airflow_env/lib/python3.11/site-packages/airflow/example_dags/example_branch_datetime_operator.py
[2024-03-01T16:29:22.867+0530] {processor.py:840} INFO - DAG(s) 'example_branch_datetime_operator_3', 'example_branch_datetime_operator_2', 'example_branch_datetime_operator' retrieved from /home/akranth/airflow/airflow_env/lib/python3.11/site-packages/airflow/example_dags/example_branch_datetime_operator.py
[2024-03-01T16:29:22.883+0530] {logging_mixin.py:188} INFO - [2024-03-01T16:29:22.883+0530] {dag.py:3047} INFO - Sync 3 DAGs
[2024-03-01T16:29:22.899+0530] {logging_mixin.py:188} INFO - [2024-03-01T16:29:22.899+0530] {dag.py:3834} INFO - Setting next_dagrun for example_branch_datetime_operator to 2024-02-29 00:00:00+00:00, run_after=2024-03-01 00:00:00+00:00
[2024-03-01T16:29:22.902+0530] {logging_mixin.py:188} INFO - [2024-03-01T16:29:22.902+0530] {dag.py:3834} INFO - Setting next_dagrun for example_branch_datetime_operator_2 to 2024-02-29 00:00:00+00:00, run_after=2024-03-01 00:00:00+00:00
[2024-03-01T16:29:22.904+0530] {logging_mixin.py:188} INFO - [2024-03-01T16:29:22.904+0530] {dag.py:3834} INFO - Setting next_dagrun for example_branch_datetime_operator_3 to 2024-02-29 00:00:00+00:00, run_after=2024-03-01 00:00:00+00:00
[2024-03-01T16:29:23.009+0530] {processor.py:183} INFO - Processing /home/akranth/airflow/airflow_env/lib/python3.11/site-packages/airflow/example_dags/example_branch_datetime_operator.py took 0.239 seconds
[2024-03-01T16:30:49.777+0530] {processor.py:161} INFO - Started process (PID=8259) to work on /home/akranth/airflow/airflow_env/lib/python3.11/site-packages/airflow/example_dags/example_branch_datetime_operator.py
[2024-03-01T16:30:49.796+0530] {processor.py:830} INFO - Processing file /home/akranth/airflow/airflow_env/lib/python3.11/site-packages/airflow/example_dags/example_branch_datetime_operator.py for tasks to queue
[2024-03-01T16:30:49.798+0530] {logging_mixin.py:188} INFO - [2024-03-01T16:30:49.797+0530] {dagbag.py:540} INFO - Filling up the DagBag from /home/akranth/airflow/airflow_env/lib/python3.11/site-packages/airflow/example_dags/example_branch_datetime_operator.py
[2024-03-01T16:30:49.822+0530] {processor.py:840} INFO - DAG(s) 'example_branch_datetime_operator', 'example_branch_datetime_operator_2', 'example_branch_datetime_operator_3' retrieved from /home/akranth/airflow/airflow_env/lib/python3.11/site-packages/airflow/example_dags/example_branch_datetime_operator.py
[2024-03-01T16:30:49.847+0530] {logging_mixin.py:188} INFO - [2024-03-01T16:30:49.847+0530] {dag.py:3047} INFO - Sync 3 DAGs
[2024-03-01T16:30:49.863+0530] {logging_mixin.py:188} INFO - [2024-03-01T16:30:49.863+0530] {dag.py:3834} INFO - Setting next_dagrun for example_branch_datetime_operator to 2024-02-29 00:00:00+00:00, run_after=2024-03-01 00:00:00+00:00
[2024-03-01T16:30:49.867+0530] {logging_mixin.py:188} INFO - [2024-03-01T16:30:49.866+0530] {dag.py:3834} INFO - Setting next_dagrun for example_branch_datetime_operator_2 to 2024-02-29 00:00:00+00:00, run_after=2024-03-01 00:00:00+00:00
[2024-03-01T16:30:49.868+0530] {logging_mixin.py:188} INFO - [2024-03-01T16:30:49.868+0530] {dag.py:3834} INFO - Setting next_dagrun for example_branch_datetime_operator_3 to 2024-02-29 00:00:00+00:00, run_after=2024-03-01 00:00:00+00:00
[2024-03-01T16:30:50.131+0530] {processor.py:183} INFO - Processing /home/akranth/airflow/airflow_env/lib/python3.11/site-packages/airflow/example_dags/example_branch_datetime_operator.py took 0.357 seconds
[2024-03-01T16:32:20.924+0530] {processor.py:161} INFO - Started process (PID=9247) to work on /home/akranth/airflow/airflow_env/lib/python3.11/site-packages/airflow/example_dags/example_branch_datetime_operator.py
[2024-03-01T16:32:20.948+0530] {processor.py:830} INFO - Processing file /home/akranth/airflow/airflow_env/lib/python3.11/site-packages/airflow/example_dags/example_branch_datetime_operator.py for tasks to queue
[2024-03-01T16:32:20.950+0530] {logging_mixin.py:188} INFO - [2024-03-01T16:32:20.949+0530] {dagbag.py:540} INFO - Filling up the DagBag from /home/akranth/airflow/airflow_env/lib/python3.11/site-packages/airflow/example_dags/example_branch_datetime_operator.py
[2024-03-01T16:32:20.982+0530] {processor.py:840} INFO - DAG(s) 'example_branch_datetime_operator', 'example_branch_datetime_operator_2', 'example_branch_datetime_operator_3' retrieved from /home/akranth/airflow/airflow_env/lib/python3.11/site-packages/airflow/example_dags/example_branch_datetime_operator.py
[2024-03-01T16:32:21.017+0530] {logging_mixin.py:188} INFO - [2024-03-01T16:32:21.017+0530] {dag.py:3047} INFO - Sync 3 DAGs
[2024-03-01T16:32:21.041+0530] {logging_mixin.py:188} INFO - [2024-03-01T16:32:21.041+0530] {dag.py:3834} INFO - Setting next_dagrun for example_branch_datetime_operator to 2024-02-29 00:00:00+00:00, run_after=2024-03-01 00:00:00+00:00
[2024-03-01T16:32:21.046+0530] {logging_mixin.py:188} INFO - [2024-03-01T16:32:21.046+0530] {dag.py:3834} INFO - Setting next_dagrun for example_branch_datetime_operator_2 to 2024-02-29 00:00:00+00:00, run_after=2024-03-01 00:00:00+00:00
[2024-03-01T16:32:21.049+0530] {logging_mixin.py:188} INFO - [2024-03-01T16:32:21.049+0530] {dag.py:3834} INFO - Setting next_dagrun for example_branch_datetime_operator_3 to 2024-02-29 00:00:00+00:00, run_after=2024-03-01 00:00:00+00:00
[2024-03-01T16:32:21.215+0530] {processor.py:183} INFO - Processing /home/akranth/airflow/airflow_env/lib/python3.11/site-packages/airflow/example_dags/example_branch_datetime_operator.py took 0.293 seconds
[2024-03-01T16:33:50.411+0530] {processor.py:161} INFO - Started process (PID=9399) to work on /home/akranth/airflow/airflow_env/lib/python3.11/site-packages/airflow/example_dags/example_branch_datetime_operator.py
[2024-03-01T16:33:50.429+0530] {processor.py:830} INFO - Processing file /home/akranth/airflow/airflow_env/lib/python3.11/site-packages/airflow/example_dags/example_branch_datetime_operator.py for tasks to queue
[2024-03-01T16:33:50.431+0530] {logging_mixin.py:188} INFO - [2024-03-01T16:33:50.430+0530] {dagbag.py:540} INFO - Filling up the DagBag from /home/akranth/airflow/airflow_env/lib/python3.11/site-packages/airflow/example_dags/example_branch_datetime_operator.py
[2024-03-01T16:33:50.453+0530] {processor.py:840} INFO - DAG(s) 'example_branch_datetime_operator_3', 'example_branch_datetime_operator', 'example_branch_datetime_operator_2' retrieved from /home/akranth/airflow/airflow_env/lib/python3.11/site-packages/airflow/example_dags/example_branch_datetime_operator.py
[2024-03-01T16:33:50.479+0530] {logging_mixin.py:188} INFO - [2024-03-01T16:33:50.479+0530] {dag.py:3047} INFO - Sync 3 DAGs
[2024-03-01T16:33:50.502+0530] {logging_mixin.py:188} INFO - [2024-03-01T16:33:50.502+0530] {dag.py:3834} INFO - Setting next_dagrun for example_branch_datetime_operator to 2024-02-29 00:00:00+00:00, run_after=2024-03-01 00:00:00+00:00
[2024-03-01T16:33:50.509+0530] {logging_mixin.py:188} INFO - [2024-03-01T16:33:50.509+0530] {dag.py:3834} INFO - Setting next_dagrun for example_branch_datetime_operator_2 to 2024-02-29 00:00:00+00:00, run_after=2024-03-01 00:00:00+00:00
[2024-03-01T16:33:50.513+0530] {logging_mixin.py:188} INFO - [2024-03-01T16:33:50.512+0530] {dag.py:3834} INFO - Setting next_dagrun for example_branch_datetime_operator_3 to 2024-02-29 00:00:00+00:00, run_after=2024-03-01 00:00:00+00:00
[2024-03-01T16:33:50.634+0530] {processor.py:183} INFO - Processing /home/akranth/airflow/airflow_env/lib/python3.11/site-packages/airflow/example_dags/example_branch_datetime_operator.py took 0.230 seconds
[2024-03-01T16:35:07.053+0530] {processor.py:161} INFO - Started process (PID=9600) to work on /home/akranth/airflow/airflow_env/lib/python3.11/site-packages/airflow/example_dags/example_branch_datetime_operator.py
[2024-03-01T16:35:07.073+0530] {processor.py:830} INFO - Processing file /home/akranth/airflow/airflow_env/lib/python3.11/site-packages/airflow/example_dags/example_branch_datetime_operator.py for tasks to queue
[2024-03-01T16:35:07.074+0530] {logging_mixin.py:188} INFO - [2024-03-01T16:35:07.074+0530] {dagbag.py:540} INFO - Filling up the DagBag from /home/akranth/airflow/airflow_env/lib/python3.11/site-packages/airflow/example_dags/example_branch_datetime_operator.py
[2024-03-01T16:35:07.087+0530] {processor.py:840} INFO - DAG(s) 'example_branch_datetime_operator_3', 'example_branch_datetime_operator_2', 'example_branch_datetime_operator' retrieved from /home/akranth/airflow/airflow_env/lib/python3.11/site-packages/airflow/example_dags/example_branch_datetime_operator.py
[2024-03-01T16:35:07.109+0530] {logging_mixin.py:188} INFO - [2024-03-01T16:35:07.109+0530] {dag.py:3047} INFO - Sync 3 DAGs
[2024-03-01T16:35:07.128+0530] {logging_mixin.py:188} INFO - [2024-03-01T16:35:07.128+0530] {dag.py:3834} INFO - Setting next_dagrun for example_branch_datetime_operator to 2024-02-29 00:00:00+00:00, run_after=2024-03-01 00:00:00+00:00
[2024-03-01T16:35:07.133+0530] {logging_mixin.py:188} INFO - [2024-03-01T16:35:07.133+0530] {dag.py:3834} INFO - Setting next_dagrun for example_branch_datetime_operator_2 to 2024-02-29 00:00:00+00:00, run_after=2024-03-01 00:00:00+00:00
[2024-03-01T16:35:07.135+0530] {logging_mixin.py:188} INFO - [2024-03-01T16:35:07.135+0530] {dag.py:3834} INFO - Setting next_dagrun for example_branch_datetime_operator_3 to 2024-02-29 00:00:00+00:00, run_after=2024-03-01 00:00:00+00:00
[2024-03-01T16:35:07.257+0530] {processor.py:183} INFO - Processing /home/akranth/airflow/airflow_env/lib/python3.11/site-packages/airflow/example_dags/example_branch_datetime_operator.py took 0.213 seconds
