[2024-03-01T16:18:21.529+0530] {processor.py:161} INFO - Started process (PID=7085) to work on /home/akranth/airflow/airflow_env/lib/python3.11/site-packages/airflow/example_dags/example_task_group.py
[2024-03-01T16:18:21.530+0530] {processor.py:830} INFO - Processing file /home/akranth/airflow/airflow_env/lib/python3.11/site-packages/airflow/example_dags/example_task_group.py for tasks to queue
[2024-03-01T16:18:21.531+0530] {logging_mixin.py:188} INFO - [2024-03-01T16:18:21.530+0530] {dagbag.py:540} INFO - Filling up the DagBag from /home/akranth/airflow/airflow_env/lib/python3.11/site-packages/airflow/example_dags/example_task_group.py
[2024-03-01T16:18:21.538+0530] {processor.py:840} INFO - DAG(s) 'example_task_group' retrieved from /home/akranth/airflow/airflow_env/lib/python3.11/site-packages/airflow/example_dags/example_task_group.py
[2024-03-01T16:18:21.686+0530] {logging_mixin.py:188} INFO - [2024-03-01T16:18:21.686+0530] {dag.py:3047} INFO - Sync 1 DAGs
[2024-03-01T16:18:21.698+0530] {logging_mixin.py:188} INFO - [2024-03-01T16:18:21.697+0530] {dag.py:3834} INFO - Setting next_dagrun for example_task_group to 2024-02-29 00:00:00+00:00, run_after=2024-03-01 00:00:00+00:00
[2024-03-01T16:18:21.877+0530] {processor.py:183} INFO - Processing /home/akranth/airflow/airflow_env/lib/python3.11/site-packages/airflow/example_dags/example_task_group.py took 0.350 seconds
[2024-03-01T16:19:30.668+0530] {processor.py:161} INFO - Started process (PID=7199) to work on /home/akranth/airflow/airflow_env/lib/python3.11/site-packages/airflow/example_dags/example_task_group.py
[2024-03-01T16:19:30.669+0530] {processor.py:830} INFO - Processing file /home/akranth/airflow/airflow_env/lib/python3.11/site-packages/airflow/example_dags/example_task_group.py for tasks to queue
[2024-03-01T16:19:30.670+0530] {logging_mixin.py:188} INFO - [2024-03-01T16:19:30.669+0530] {dagbag.py:540} INFO - Filling up the DagBag from /home/akranth/airflow/airflow_env/lib/python3.11/site-packages/airflow/example_dags/example_task_group.py
[2024-03-01T16:19:30.676+0530] {processor.py:840} INFO - DAG(s) 'example_task_group' retrieved from /home/akranth/airflow/airflow_env/lib/python3.11/site-packages/airflow/example_dags/example_task_group.py
[2024-03-01T16:19:30.688+0530] {logging_mixin.py:188} INFO - [2024-03-01T16:19:30.688+0530] {dag.py:3047} INFO - Sync 1 DAGs
[2024-03-01T16:19:30.792+0530] {logging_mixin.py:188} INFO - [2024-03-01T16:19:30.792+0530] {dag.py:3834} INFO - Setting next_dagrun for example_task_group to 2024-02-29 00:00:00+00:00, run_after=2024-03-01 00:00:00+00:00
[2024-03-01T16:19:30.975+0530] {processor.py:183} INFO - Processing /home/akranth/airflow/airflow_env/lib/python3.11/site-packages/airflow/example_dags/example_task_group.py took 0.308 seconds
[2024-03-01T16:20:31.410+0530] {processor.py:161} INFO - Started process (PID=7351) to work on /home/akranth/airflow/airflow_env/lib/python3.11/site-packages/airflow/example_dags/example_task_group.py
[2024-03-01T16:20:31.411+0530] {processor.py:830} INFO - Processing file /home/akranth/airflow/airflow_env/lib/python3.11/site-packages/airflow/example_dags/example_task_group.py for tasks to queue
[2024-03-01T16:20:31.411+0530] {logging_mixin.py:188} INFO - [2024-03-01T16:20:31.411+0530] {dagbag.py:540} INFO - Filling up the DagBag from /home/akranth/airflow/airflow_env/lib/python3.11/site-packages/airflow/example_dags/example_task_group.py
[2024-03-01T16:20:31.418+0530] {processor.py:840} INFO - DAG(s) 'example_task_group' retrieved from /home/akranth/airflow/airflow_env/lib/python3.11/site-packages/airflow/example_dags/example_task_group.py
[2024-03-01T16:20:31.432+0530] {logging_mixin.py:188} INFO - [2024-03-01T16:20:31.431+0530] {dag.py:3047} INFO - Sync 1 DAGs
[2024-03-01T16:20:31.447+0530] {logging_mixin.py:188} INFO - [2024-03-01T16:20:31.446+0530] {dag.py:3834} INFO - Setting next_dagrun for example_task_group to 2024-02-29 00:00:00+00:00, run_after=2024-03-01 00:00:00+00:00
[2024-03-01T16:20:31.616+0530] {processor.py:183} INFO - Processing /home/akranth/airflow/airflow_env/lib/python3.11/site-packages/airflow/example_dags/example_task_group.py took 0.208 seconds
[2024-03-01T16:21:31.792+0530] {processor.py:161} INFO - Started process (PID=7422) to work on /home/akranth/airflow/airflow_env/lib/python3.11/site-packages/airflow/example_dags/example_task_group.py
[2024-03-01T16:21:31.793+0530] {processor.py:830} INFO - Processing file /home/akranth/airflow/airflow_env/lib/python3.11/site-packages/airflow/example_dags/example_task_group.py for tasks to queue
[2024-03-01T16:21:31.794+0530] {logging_mixin.py:188} INFO - [2024-03-01T16:21:31.794+0530] {dagbag.py:540} INFO - Filling up the DagBag from /home/akranth/airflow/airflow_env/lib/python3.11/site-packages/airflow/example_dags/example_task_group.py
[2024-03-01T16:21:31.800+0530] {processor.py:840} INFO - DAG(s) 'example_task_group' retrieved from /home/akranth/airflow/airflow_env/lib/python3.11/site-packages/airflow/example_dags/example_task_group.py
[2024-03-01T16:21:31.814+0530] {logging_mixin.py:188} INFO - [2024-03-01T16:21:31.814+0530] {dag.py:3047} INFO - Sync 1 DAGs
[2024-03-01T16:21:31.830+0530] {logging_mixin.py:188} INFO - [2024-03-01T16:21:31.830+0530] {dag.py:3834} INFO - Setting next_dagrun for example_task_group to 2024-02-29 00:00:00+00:00, run_after=2024-03-01 00:00:00+00:00
[2024-03-01T16:21:32.060+0530] {processor.py:183} INFO - Processing /home/akranth/airflow/airflow_env/lib/python3.11/site-packages/airflow/example_dags/example_task_group.py took 0.271 seconds
[2024-03-01T16:22:34.434+0530] {processor.py:161} INFO - Started process (PID=7497) to work on /home/akranth/airflow/airflow_env/lib/python3.11/site-packages/airflow/example_dags/example_task_group.py
[2024-03-01T16:22:34.438+0530] {processor.py:830} INFO - Processing file /home/akranth/airflow/airflow_env/lib/python3.11/site-packages/airflow/example_dags/example_task_group.py for tasks to queue
[2024-03-01T16:22:34.438+0530] {logging_mixin.py:188} INFO - [2024-03-01T16:22:34.438+0530] {dagbag.py:540} INFO - Filling up the DagBag from /home/akranth/airflow/airflow_env/lib/python3.11/site-packages/airflow/example_dags/example_task_group.py
[2024-03-01T16:22:34.447+0530] {processor.py:840} INFO - DAG(s) 'example_task_group' retrieved from /home/akranth/airflow/airflow_env/lib/python3.11/site-packages/airflow/example_dags/example_task_group.py
[2024-03-01T16:22:34.466+0530] {logging_mixin.py:188} INFO - [2024-03-01T16:22:34.466+0530] {dag.py:3047} INFO - Sync 1 DAGs
[2024-03-01T16:22:34.484+0530] {logging_mixin.py:188} INFO - [2024-03-01T16:22:34.483+0530] {dag.py:3834} INFO - Setting next_dagrun for example_task_group to 2024-02-29 00:00:00+00:00, run_after=2024-03-01 00:00:00+00:00
[2024-03-01T16:22:34.625+0530] {processor.py:183} INFO - Processing /home/akranth/airflow/airflow_env/lib/python3.11/site-packages/airflow/example_dags/example_task_group.py took 0.194 seconds
[2024-03-01T16:23:31.158+0530] {processor.py:161} INFO - Started process (PID=7556) to work on /home/akranth/airflow/airflow_env/lib/python3.11/site-packages/airflow/example_dags/example_task_group.py
[2024-03-01T16:23:31.160+0530] {processor.py:830} INFO - Processing file /home/akranth/airflow/airflow_env/lib/python3.11/site-packages/airflow/example_dags/example_task_group.py for tasks to queue
[2024-03-01T16:23:31.162+0530] {logging_mixin.py:188} INFO - [2024-03-01T16:23:31.161+0530] {dagbag.py:540} INFO - Filling up the DagBag from /home/akranth/airflow/airflow_env/lib/python3.11/site-packages/airflow/example_dags/example_task_group.py
[2024-03-01T16:23:31.180+0530] {processor.py:840} INFO - DAG(s) 'example_task_group' retrieved from /home/akranth/airflow/airflow_env/lib/python3.11/site-packages/airflow/example_dags/example_task_group.py
[2024-03-01T16:23:31.198+0530] {logging_mixin.py:188} INFO - [2024-03-01T16:23:31.197+0530] {dag.py:3047} INFO - Sync 1 DAGs
[2024-03-01T16:23:31.213+0530] {logging_mixin.py:188} INFO - [2024-03-01T16:23:31.212+0530] {dag.py:3834} INFO - Setting next_dagrun for example_task_group to 2024-02-29 00:00:00+00:00, run_after=2024-03-01 00:00:00+00:00
[2024-03-01T16:23:31.505+0530] {processor.py:183} INFO - Processing /home/akranth/airflow/airflow_env/lib/python3.11/site-packages/airflow/example_dags/example_task_group.py took 0.353 seconds
[2024-03-01T16:24:32.979+0530] {processor.py:161} INFO - Started process (PID=7612) to work on /home/akranth/airflow/airflow_env/lib/python3.11/site-packages/airflow/example_dags/example_task_group.py
[2024-03-01T16:24:32.980+0530] {processor.py:830} INFO - Processing file /home/akranth/airflow/airflow_env/lib/python3.11/site-packages/airflow/example_dags/example_task_group.py for tasks to queue
[2024-03-01T16:24:32.981+0530] {logging_mixin.py:188} INFO - [2024-03-01T16:24:32.980+0530] {dagbag.py:540} INFO - Filling up the DagBag from /home/akranth/airflow/airflow_env/lib/python3.11/site-packages/airflow/example_dags/example_task_group.py
[2024-03-01T16:24:32.987+0530] {processor.py:840} INFO - DAG(s) 'example_task_group' retrieved from /home/akranth/airflow/airflow_env/lib/python3.11/site-packages/airflow/example_dags/example_task_group.py
[2024-03-01T16:24:33.001+0530] {logging_mixin.py:188} INFO - [2024-03-01T16:24:33.001+0530] {dag.py:3047} INFO - Sync 1 DAGs
[2024-03-01T16:24:33.019+0530] {logging_mixin.py:188} INFO - [2024-03-01T16:24:33.019+0530] {dag.py:3834} INFO - Setting next_dagrun for example_task_group to 2024-02-29 00:00:00+00:00, run_after=2024-03-01 00:00:00+00:00
[2024-03-01T16:24:33.331+0530] {processor.py:183} INFO - Processing /home/akranth/airflow/airflow_env/lib/python3.11/site-packages/airflow/example_dags/example_task_group.py took 0.354 seconds
[2024-03-01T16:25:37.233+0530] {processor.py:161} INFO - Started process (PID=7681) to work on /home/akranth/airflow/airflow_env/lib/python3.11/site-packages/airflow/example_dags/example_task_group.py
[2024-03-01T16:25:37.235+0530] {processor.py:830} INFO - Processing file /home/akranth/airflow/airflow_env/lib/python3.11/site-packages/airflow/example_dags/example_task_group.py for tasks to queue
[2024-03-01T16:25:37.236+0530] {logging_mixin.py:188} INFO - [2024-03-01T16:25:37.236+0530] {dagbag.py:540} INFO - Filling up the DagBag from /home/akranth/airflow/airflow_env/lib/python3.11/site-packages/airflow/example_dags/example_task_group.py
[2024-03-01T16:25:37.254+0530] {processor.py:840} INFO - DAG(s) 'example_task_group' retrieved from /home/akranth/airflow/airflow_env/lib/python3.11/site-packages/airflow/example_dags/example_task_group.py
[2024-03-01T16:25:37.273+0530] {logging_mixin.py:188} INFO - [2024-03-01T16:25:37.272+0530] {dag.py:3047} INFO - Sync 1 DAGs
[2024-03-01T16:25:37.288+0530] {logging_mixin.py:188} INFO - [2024-03-01T16:25:37.288+0530] {dag.py:3834} INFO - Setting next_dagrun for example_task_group to 2024-02-29 00:00:00+00:00, run_after=2024-03-01 00:00:00+00:00
[2024-03-01T16:25:37.488+0530] {processor.py:183} INFO - Processing /home/akranth/airflow/airflow_env/lib/python3.11/site-packages/airflow/example_dags/example_task_group.py took 0.262 seconds
[2024-03-01T16:26:37.184+0530] {processor.py:161} INFO - Started process (PID=7748) to work on /home/akranth/airflow/airflow_env/lib/python3.11/site-packages/airflow/example_dags/example_task_group.py
[2024-03-01T16:26:37.259+0530] {processor.py:830} INFO - Processing file /home/akranth/airflow/airflow_env/lib/python3.11/site-packages/airflow/example_dags/example_task_group.py for tasks to queue
[2024-03-01T16:26:37.261+0530] {logging_mixin.py:188} INFO - [2024-03-01T16:26:37.260+0530] {dagbag.py:540} INFO - Filling up the DagBag from /home/akranth/airflow/airflow_env/lib/python3.11/site-packages/airflow/example_dags/example_task_group.py
[2024-03-01T16:26:37.280+0530] {processor.py:840} INFO - DAG(s) 'example_task_group' retrieved from /home/akranth/airflow/airflow_env/lib/python3.11/site-packages/airflow/example_dags/example_task_group.py
[2024-03-01T16:26:37.306+0530] {logging_mixin.py:188} INFO - [2024-03-01T16:26:37.305+0530] {dag.py:3047} INFO - Sync 1 DAGs
[2024-03-01T16:26:37.323+0530] {logging_mixin.py:188} INFO - [2024-03-01T16:26:37.323+0530] {dag.py:3834} INFO - Setting next_dagrun for example_task_group to 2024-02-29 00:00:00+00:00, run_after=2024-03-01 00:00:00+00:00
[2024-03-01T16:26:37.679+0530] {processor.py:183} INFO - Processing /home/akranth/airflow/airflow_env/lib/python3.11/site-packages/airflow/example_dags/example_task_group.py took 0.497 seconds
[2024-03-01T16:27:33.535+0530] {processor.py:161} INFO - Started process (PID=7809) to work on /home/akranth/airflow/airflow_env/lib/python3.11/site-packages/airflow/example_dags/example_task_group.py
[2024-03-01T16:27:33.551+0530] {processor.py:830} INFO - Processing file /home/akranth/airflow/airflow_env/lib/python3.11/site-packages/airflow/example_dags/example_task_group.py for tasks to queue
[2024-03-01T16:27:33.553+0530] {logging_mixin.py:188} INFO - [2024-03-01T16:27:33.552+0530] {dagbag.py:540} INFO - Filling up the DagBag from /home/akranth/airflow/airflow_env/lib/python3.11/site-packages/airflow/example_dags/example_task_group.py
[2024-03-01T16:27:33.572+0530] {processor.py:840} INFO - DAG(s) 'example_task_group' retrieved from /home/akranth/airflow/airflow_env/lib/python3.11/site-packages/airflow/example_dags/example_task_group.py
[2024-03-01T16:27:33.591+0530] {logging_mixin.py:188} INFO - [2024-03-01T16:27:33.591+0530] {dag.py:3047} INFO - Sync 1 DAGs
[2024-03-01T16:27:33.608+0530] {logging_mixin.py:188} INFO - [2024-03-01T16:27:33.608+0530] {dag.py:3834} INFO - Setting next_dagrun for example_task_group to 2024-02-29 00:00:00+00:00, run_after=2024-03-01 00:00:00+00:00
[2024-03-01T16:27:33.899+0530] {processor.py:183} INFO - Processing /home/akranth/airflow/airflow_env/lib/python3.11/site-packages/airflow/example_dags/example_task_group.py took 0.370 seconds
[2024-03-01T16:28:37.819+0530] {processor.py:161} INFO - Started process (PID=7888) to work on /home/akranth/airflow/airflow_env/lib/python3.11/site-packages/airflow/example_dags/example_task_group.py
[2024-03-01T16:28:37.898+0530] {processor.py:830} INFO - Processing file /home/akranth/airflow/airflow_env/lib/python3.11/site-packages/airflow/example_dags/example_task_group.py for tasks to queue
[2024-03-01T16:28:37.901+0530] {logging_mixin.py:188} INFO - [2024-03-01T16:28:37.900+0530] {dagbag.py:540} INFO - Filling up the DagBag from /home/akranth/airflow/airflow_env/lib/python3.11/site-packages/airflow/example_dags/example_task_group.py
[2024-03-01T16:28:37.919+0530] {processor.py:840} INFO - DAG(s) 'example_task_group' retrieved from /home/akranth/airflow/airflow_env/lib/python3.11/site-packages/airflow/example_dags/example_task_group.py
[2024-03-01T16:28:37.947+0530] {logging_mixin.py:188} INFO - [2024-03-01T16:28:37.946+0530] {dag.py:3047} INFO - Sync 1 DAGs
[2024-03-01T16:28:37.963+0530] {logging_mixin.py:188} INFO - [2024-03-01T16:28:37.963+0530] {dag.py:3834} INFO - Setting next_dagrun for example_task_group to 2024-02-29 00:00:00+00:00, run_after=2024-03-01 00:00:00+00:00
[2024-03-01T16:28:38.171+0530] {processor.py:183} INFO - Processing /home/akranth/airflow/airflow_env/lib/python3.11/site-packages/airflow/example_dags/example_task_group.py took 0.353 seconds
[2024-03-01T16:29:59.006+0530] {processor.py:161} INFO - Started process (PID=7982) to work on /home/akranth/airflow/airflow_env/lib/python3.11/site-packages/airflow/example_dags/example_task_group.py
[2024-03-01T16:29:59.034+0530] {processor.py:830} INFO - Processing file /home/akranth/airflow/airflow_env/lib/python3.11/site-packages/airflow/example_dags/example_task_group.py for tasks to queue
[2024-03-01T16:29:59.035+0530] {logging_mixin.py:188} INFO - [2024-03-01T16:29:59.034+0530] {dagbag.py:540} INFO - Filling up the DagBag from /home/akranth/airflow/airflow_env/lib/python3.11/site-packages/airflow/example_dags/example_task_group.py
[2024-03-01T16:29:59.045+0530] {processor.py:840} INFO - DAG(s) 'example_task_group' retrieved from /home/akranth/airflow/airflow_env/lib/python3.11/site-packages/airflow/example_dags/example_task_group.py
[2024-03-01T16:29:59.065+0530] {logging_mixin.py:188} INFO - [2024-03-01T16:29:59.065+0530] {dag.py:3047} INFO - Sync 1 DAGs
[2024-03-01T16:29:59.087+0530] {logging_mixin.py:188} INFO - [2024-03-01T16:29:59.087+0530] {dag.py:3834} INFO - Setting next_dagrun for example_task_group to 2024-02-29 00:00:00+00:00, run_after=2024-03-01 00:00:00+00:00
[2024-03-01T16:29:59.193+0530] {processor.py:183} INFO - Processing /home/akranth/airflow/airflow_env/lib/python3.11/site-packages/airflow/example_dags/example_task_group.py took 0.190 seconds
[2024-03-01T16:31:19.375+0530] {processor.py:161} INFO - Started process (PID=8310) to work on /home/akranth/airflow/airflow_env/lib/python3.11/site-packages/airflow/example_dags/example_task_group.py
[2024-03-01T16:31:19.385+0530] {processor.py:830} INFO - Processing file /home/akranth/airflow/airflow_env/lib/python3.11/site-packages/airflow/example_dags/example_task_group.py for tasks to queue
[2024-03-01T16:31:19.387+0530] {logging_mixin.py:188} INFO - [2024-03-01T16:31:19.386+0530] {dagbag.py:540} INFO - Filling up the DagBag from /home/akranth/airflow/airflow_env/lib/python3.11/site-packages/airflow/example_dags/example_task_group.py
[2024-03-01T16:31:19.405+0530] {processor.py:840} INFO - DAG(s) 'example_task_group' retrieved from /home/akranth/airflow/airflow_env/lib/python3.11/site-packages/airflow/example_dags/example_task_group.py
[2024-03-01T16:31:19.424+0530] {logging_mixin.py:188} INFO - [2024-03-01T16:31:19.423+0530] {dag.py:3047} INFO - Sync 1 DAGs
[2024-03-01T16:31:19.442+0530] {logging_mixin.py:188} INFO - [2024-03-01T16:31:19.442+0530] {dag.py:3834} INFO - Setting next_dagrun for example_task_group to 2024-02-29 00:00:00+00:00, run_after=2024-03-01 00:00:00+00:00
[2024-03-01T16:31:19.611+0530] {processor.py:183} INFO - Processing /home/akranth/airflow/airflow_env/lib/python3.11/site-packages/airflow/example_dags/example_task_group.py took 0.240 seconds
[2024-03-01T16:32:56.763+0530] {processor.py:161} INFO - Started process (PID=9309) to work on /home/akranth/airflow/airflow_env/lib/python3.11/site-packages/airflow/example_dags/example_task_group.py
[2024-03-01T16:32:56.764+0530] {processor.py:830} INFO - Processing file /home/akranth/airflow/airflow_env/lib/python3.11/site-packages/airflow/example_dags/example_task_group.py for tasks to queue
[2024-03-01T16:32:56.764+0530] {logging_mixin.py:188} INFO - [2024-03-01T16:32:56.764+0530] {dagbag.py:540} INFO - Filling up the DagBag from /home/akranth/airflow/airflow_env/lib/python3.11/site-packages/airflow/example_dags/example_task_group.py
[2024-03-01T16:32:56.771+0530] {processor.py:840} INFO - DAG(s) 'example_task_group' retrieved from /home/akranth/airflow/airflow_env/lib/python3.11/site-packages/airflow/example_dags/example_task_group.py
[2024-03-01T16:32:56.785+0530] {logging_mixin.py:188} INFO - [2024-03-01T16:32:56.784+0530] {dag.py:3047} INFO - Sync 1 DAGs
[2024-03-01T16:32:56.799+0530] {logging_mixin.py:188} INFO - [2024-03-01T16:32:56.799+0530] {dag.py:3834} INFO - Setting next_dagrun for example_task_group to 2024-02-29 00:00:00+00:00, run_after=2024-03-01 00:00:00+00:00
[2024-03-01T16:32:56.911+0530] {processor.py:183} INFO - Processing /home/akranth/airflow/airflow_env/lib/python3.11/site-packages/airflow/example_dags/example_task_group.py took 0.150 seconds
[2024-03-01T16:34:20.980+0530] {processor.py:161} INFO - Started process (PID=9496) to work on /home/akranth/airflow/airflow_env/lib/python3.11/site-packages/airflow/example_dags/example_task_group.py
[2024-03-01T16:34:21.024+0530] {processor.py:830} INFO - Processing file /home/akranth/airflow/airflow_env/lib/python3.11/site-packages/airflow/example_dags/example_task_group.py for tasks to queue
[2024-03-01T16:34:21.026+0530] {logging_mixin.py:188} INFO - [2024-03-01T16:34:21.025+0530] {dagbag.py:540} INFO - Filling up the DagBag from /home/akranth/airflow/airflow_env/lib/python3.11/site-packages/airflow/example_dags/example_task_group.py
[2024-03-01T16:34:21.048+0530] {processor.py:840} INFO - DAG(s) 'example_task_group' retrieved from /home/akranth/airflow/airflow_env/lib/python3.11/site-packages/airflow/example_dags/example_task_group.py
[2024-03-01T16:34:21.069+0530] {logging_mixin.py:188} INFO - [2024-03-01T16:34:21.069+0530] {dag.py:3047} INFO - Sync 1 DAGs
[2024-03-01T16:34:21.091+0530] {logging_mixin.py:188} INFO - [2024-03-01T16:34:21.090+0530] {dag.py:3834} INFO - Setting next_dagrun for example_task_group to 2024-02-29 00:00:00+00:00, run_after=2024-03-01 00:00:00+00:00
[2024-03-01T16:34:21.313+0530] {processor.py:183} INFO - Processing /home/akranth/airflow/airflow_env/lib/python3.11/site-packages/airflow/example_dags/example_task_group.py took 0.336 seconds
[2024-03-01T16:35:23.791+0530] {processor.py:161} INFO - Started process (PID=9636) to work on /home/akranth/airflow/airflow_env/lib/python3.11/site-packages/airflow/example_dags/example_task_group.py
[2024-03-01T16:35:23.793+0530] {processor.py:830} INFO - Processing file /home/akranth/airflow/airflow_env/lib/python3.11/site-packages/airflow/example_dags/example_task_group.py for tasks to queue
[2024-03-01T16:35:23.795+0530] {logging_mixin.py:188} INFO - [2024-03-01T16:35:23.794+0530] {dagbag.py:540} INFO - Filling up the DagBag from /home/akranth/airflow/airflow_env/lib/python3.11/site-packages/airflow/example_dags/example_task_group.py
[2024-03-01T16:35:23.810+0530] {processor.py:840} INFO - DAG(s) 'example_task_group' retrieved from /home/akranth/airflow/airflow_env/lib/python3.11/site-packages/airflow/example_dags/example_task_group.py
[2024-03-01T16:35:23.827+0530] {logging_mixin.py:188} INFO - [2024-03-01T16:35:23.827+0530] {dag.py:3047} INFO - Sync 1 DAGs
[2024-03-01T16:35:23.845+0530] {logging_mixin.py:188} INFO - [2024-03-01T16:35:23.845+0530] {dag.py:3834} INFO - Setting next_dagrun for example_task_group to 2024-02-29 00:00:00+00:00, run_after=2024-03-01 00:00:00+00:00
[2024-03-01T16:35:23.963+0530] {processor.py:183} INFO - Processing /home/akranth/airflow/airflow_env/lib/python3.11/site-packages/airflow/example_dags/example_task_group.py took 0.178 seconds
