[2024-03-01T16:18:12.679+0530] {processor.py:161} INFO - Started process (PID=7078) to work on /home/akranth/airflow/airflow_env/lib/python3.11/site-packages/airflow/example_dags/example_kubernetes_executor.py
[2024-03-01T16:18:12.679+0530] {processor.py:830} INFO - Processing file /home/akranth/airflow/airflow_env/lib/python3.11/site-packages/airflow/example_dags/example_kubernetes_executor.py for tasks to queue
[2024-03-01T16:18:12.680+0530] {logging_mixin.py:188} INFO - [2024-03-01T16:18:12.680+0530] {dagbag.py:540} INFO - Filling up the DagBag from /home/akranth/airflow/airflow_env/lib/python3.11/site-packages/airflow/example_dags/example_kubernetes_executor.py
[2024-03-01T16:18:12.682+0530] {logging_mixin.py:188} INFO - [2024-03-01T16:18:12.682+0530] {example_kubernetes_executor.py:38} WARNING - The example_kubernetes_executor example DAG requires the kubernetes provider. Please install it with: pip install apache-airflow[cncf.kubernetes]
[2024-03-01T16:18:12.682+0530] {processor.py:842} WARNING - No viable dags retrieved from /home/akranth/airflow/airflow_env/lib/python3.11/site-packages/airflow/example_dags/example_kubernetes_executor.py
[2024-03-01T16:18:12.689+0530] {processor.py:183} INFO - Processing /home/akranth/airflow/airflow_env/lib/python3.11/site-packages/airflow/example_dags/example_kubernetes_executor.py took 0.013 seconds
[2024-03-01T16:19:21.260+0530] {processor.py:161} INFO - Started process (PID=7192) to work on /home/akranth/airflow/airflow_env/lib/python3.11/site-packages/airflow/example_dags/example_kubernetes_executor.py
[2024-03-01T16:19:21.262+0530] {processor.py:830} INFO - Processing file /home/akranth/airflow/airflow_env/lib/python3.11/site-packages/airflow/example_dags/example_kubernetes_executor.py for tasks to queue
[2024-03-01T16:19:21.263+0530] {logging_mixin.py:188} INFO - [2024-03-01T16:19:21.262+0530] {dagbag.py:540} INFO - Filling up the DagBag from /home/akranth/airflow/airflow_env/lib/python3.11/site-packages/airflow/example_dags/example_kubernetes_executor.py
[2024-03-01T16:19:21.268+0530] {logging_mixin.py:188} INFO - [2024-03-01T16:19:21.268+0530] {example_kubernetes_executor.py:38} WARNING - The example_kubernetes_executor example DAG requires the kubernetes provider. Please install it with: pip install apache-airflow[cncf.kubernetes]
[2024-03-01T16:19:21.269+0530] {processor.py:842} WARNING - No viable dags retrieved from /home/akranth/airflow/airflow_env/lib/python3.11/site-packages/airflow/example_dags/example_kubernetes_executor.py
[2024-03-01T16:19:21.284+0530] {processor.py:183} INFO - Processing /home/akranth/airflow/airflow_env/lib/python3.11/site-packages/airflow/example_dags/example_kubernetes_executor.py took 0.030 seconds
[2024-03-01T16:20:22.864+0530] {processor.py:161} INFO - Started process (PID=7342) to work on /home/akranth/airflow/airflow_env/lib/python3.11/site-packages/airflow/example_dags/example_kubernetes_executor.py
[2024-03-01T16:20:22.865+0530] {processor.py:830} INFO - Processing file /home/akranth/airflow/airflow_env/lib/python3.11/site-packages/airflow/example_dags/example_kubernetes_executor.py for tasks to queue
[2024-03-01T16:20:22.866+0530] {logging_mixin.py:188} INFO - [2024-03-01T16:20:22.865+0530] {dagbag.py:540} INFO - Filling up the DagBag from /home/akranth/airflow/airflow_env/lib/python3.11/site-packages/airflow/example_dags/example_kubernetes_executor.py
[2024-03-01T16:20:22.868+0530] {logging_mixin.py:188} INFO - [2024-03-01T16:20:22.868+0530] {example_kubernetes_executor.py:38} WARNING - The example_kubernetes_executor example DAG requires the kubernetes provider. Please install it with: pip install apache-airflow[cncf.kubernetes]
[2024-03-01T16:20:22.869+0530] {processor.py:842} WARNING - No viable dags retrieved from /home/akranth/airflow/airflow_env/lib/python3.11/site-packages/airflow/example_dags/example_kubernetes_executor.py
[2024-03-01T16:20:22.879+0530] {processor.py:183} INFO - Processing /home/akranth/airflow/airflow_env/lib/python3.11/site-packages/airflow/example_dags/example_kubernetes_executor.py took 0.018 seconds
[2024-03-01T16:21:22.637+0530] {processor.py:161} INFO - Started process (PID=7413) to work on /home/akranth/airflow/airflow_env/lib/python3.11/site-packages/airflow/example_dags/example_kubernetes_executor.py
[2024-03-01T16:21:22.637+0530] {processor.py:830} INFO - Processing file /home/akranth/airflow/airflow_env/lib/python3.11/site-packages/airflow/example_dags/example_kubernetes_executor.py for tasks to queue
[2024-03-01T16:21:22.638+0530] {logging_mixin.py:188} INFO - [2024-03-01T16:21:22.638+0530] {dagbag.py:540} INFO - Filling up the DagBag from /home/akranth/airflow/airflow_env/lib/python3.11/site-packages/airflow/example_dags/example_kubernetes_executor.py
[2024-03-01T16:21:22.640+0530] {logging_mixin.py:188} INFO - [2024-03-01T16:21:22.640+0530] {example_kubernetes_executor.py:38} WARNING - The example_kubernetes_executor example DAG requires the kubernetes provider. Please install it with: pip install apache-airflow[cncf.kubernetes]
[2024-03-01T16:21:22.641+0530] {processor.py:842} WARNING - No viable dags retrieved from /home/akranth/airflow/airflow_env/lib/python3.11/site-packages/airflow/example_dags/example_kubernetes_executor.py
[2024-03-01T16:21:22.648+0530] {processor.py:183} INFO - Processing /home/akranth/airflow/airflow_env/lib/python3.11/site-packages/airflow/example_dags/example_kubernetes_executor.py took 0.014 seconds
[2024-03-01T16:22:26.084+0530] {processor.py:161} INFO - Started process (PID=7489) to work on /home/akranth/airflow/airflow_env/lib/python3.11/site-packages/airflow/example_dags/example_kubernetes_executor.py
[2024-03-01T16:22:26.094+0530] {processor.py:830} INFO - Processing file /home/akranth/airflow/airflow_env/lib/python3.11/site-packages/airflow/example_dags/example_kubernetes_executor.py for tasks to queue
[2024-03-01T16:22:26.096+0530] {logging_mixin.py:188} INFO - [2024-03-01T16:22:26.095+0530] {dagbag.py:540} INFO - Filling up the DagBag from /home/akranth/airflow/airflow_env/lib/python3.11/site-packages/airflow/example_dags/example_kubernetes_executor.py
[2024-03-01T16:22:26.103+0530] {logging_mixin.py:188} INFO - [2024-03-01T16:22:26.102+0530] {example_kubernetes_executor.py:38} WARNING - The example_kubernetes_executor example DAG requires the kubernetes provider. Please install it with: pip install apache-airflow[cncf.kubernetes]
[2024-03-01T16:22:26.103+0530] {processor.py:842} WARNING - No viable dags retrieved from /home/akranth/airflow/airflow_env/lib/python3.11/site-packages/airflow/example_dags/example_kubernetes_executor.py
[2024-03-01T16:22:26.125+0530] {processor.py:183} INFO - Processing /home/akranth/airflow/airflow_env/lib/python3.11/site-packages/airflow/example_dags/example_kubernetes_executor.py took 0.044 seconds
[2024-03-01T16:23:23.794+0530] {processor.py:161} INFO - Started process (PID=7548) to work on /home/akranth/airflow/airflow_env/lib/python3.11/site-packages/airflow/example_dags/example_kubernetes_executor.py
[2024-03-01T16:23:23.872+0530] {processor.py:830} INFO - Processing file /home/akranth/airflow/airflow_env/lib/python3.11/site-packages/airflow/example_dags/example_kubernetes_executor.py for tasks to queue
[2024-03-01T16:23:23.874+0530] {logging_mixin.py:188} INFO - [2024-03-01T16:23:23.873+0530] {dagbag.py:540} INFO - Filling up the DagBag from /home/akranth/airflow/airflow_env/lib/python3.11/site-packages/airflow/example_dags/example_kubernetes_executor.py
[2024-03-01T16:23:23.882+0530] {logging_mixin.py:188} INFO - [2024-03-01T16:23:23.881+0530] {example_kubernetes_executor.py:38} WARNING - The example_kubernetes_executor example DAG requires the kubernetes provider. Please install it with: pip install apache-airflow[cncf.kubernetes]
[2024-03-01T16:23:23.882+0530] {processor.py:842} WARNING - No viable dags retrieved from /home/akranth/airflow/airflow_env/lib/python3.11/site-packages/airflow/example_dags/example_kubernetes_executor.py
[2024-03-01T16:23:23.906+0530] {processor.py:183} INFO - Processing /home/akranth/airflow/airflow_env/lib/python3.11/site-packages/airflow/example_dags/example_kubernetes_executor.py took 0.119 seconds
[2024-03-01T16:24:23.402+0530] {processor.py:161} INFO - Started process (PID=7603) to work on /home/akranth/airflow/airflow_env/lib/python3.11/site-packages/airflow/example_dags/example_kubernetes_executor.py
[2024-03-01T16:24:23.409+0530] {processor.py:830} INFO - Processing file /home/akranth/airflow/airflow_env/lib/python3.11/site-packages/airflow/example_dags/example_kubernetes_executor.py for tasks to queue
[2024-03-01T16:24:23.411+0530] {logging_mixin.py:188} INFO - [2024-03-01T16:24:23.410+0530] {dagbag.py:540} INFO - Filling up the DagBag from /home/akranth/airflow/airflow_env/lib/python3.11/site-packages/airflow/example_dags/example_kubernetes_executor.py
[2024-03-01T16:24:23.418+0530] {logging_mixin.py:188} INFO - [2024-03-01T16:24:23.418+0530] {example_kubernetes_executor.py:38} WARNING - The example_kubernetes_executor example DAG requires the kubernetes provider. Please install it with: pip install apache-airflow[cncf.kubernetes]
[2024-03-01T16:24:23.419+0530] {processor.py:842} WARNING - No viable dags retrieved from /home/akranth/airflow/airflow_env/lib/python3.11/site-packages/airflow/example_dags/example_kubernetes_executor.py
[2024-03-01T16:24:23.440+0530] {processor.py:183} INFO - Processing /home/akranth/airflow/airflow_env/lib/python3.11/site-packages/airflow/example_dags/example_kubernetes_executor.py took 0.039 seconds
[2024-03-01T16:25:29.000+0530] {processor.py:161} INFO - Started process (PID=7674) to work on /home/akranth/airflow/airflow_env/lib/python3.11/site-packages/airflow/example_dags/example_kubernetes_executor.py
[2024-03-01T16:25:29.001+0530] {processor.py:830} INFO - Processing file /home/akranth/airflow/airflow_env/lib/python3.11/site-packages/airflow/example_dags/example_kubernetes_executor.py for tasks to queue
[2024-03-01T16:25:29.002+0530] {logging_mixin.py:188} INFO - [2024-03-01T16:25:29.001+0530] {dagbag.py:540} INFO - Filling up the DagBag from /home/akranth/airflow/airflow_env/lib/python3.11/site-packages/airflow/example_dags/example_kubernetes_executor.py
[2024-03-01T16:25:29.004+0530] {logging_mixin.py:188} INFO - [2024-03-01T16:25:29.004+0530] {example_kubernetes_executor.py:38} WARNING - The example_kubernetes_executor example DAG requires the kubernetes provider. Please install it with: pip install apache-airflow[cncf.kubernetes]
[2024-03-01T16:25:29.004+0530] {processor.py:842} WARNING - No viable dags retrieved from /home/akranth/airflow/airflow_env/lib/python3.11/site-packages/airflow/example_dags/example_kubernetes_executor.py
[2024-03-01T16:25:29.012+0530] {processor.py:183} INFO - Processing /home/akranth/airflow/airflow_env/lib/python3.11/site-packages/airflow/example_dags/example_kubernetes_executor.py took 0.013 seconds
[2024-03-01T16:26:29.512+0530] {processor.py:161} INFO - Started process (PID=7739) to work on /home/akranth/airflow/airflow_env/lib/python3.11/site-packages/airflow/example_dags/example_kubernetes_executor.py
[2024-03-01T16:26:29.513+0530] {processor.py:830} INFO - Processing file /home/akranth/airflow/airflow_env/lib/python3.11/site-packages/airflow/example_dags/example_kubernetes_executor.py for tasks to queue
[2024-03-01T16:26:29.514+0530] {logging_mixin.py:188} INFO - [2024-03-01T16:26:29.514+0530] {dagbag.py:540} INFO - Filling up the DagBag from /home/akranth/airflow/airflow_env/lib/python3.11/site-packages/airflow/example_dags/example_kubernetes_executor.py
[2024-03-01T16:26:29.517+0530] {logging_mixin.py:188} INFO - [2024-03-01T16:26:29.517+0530] {example_kubernetes_executor.py:38} WARNING - The example_kubernetes_executor example DAG requires the kubernetes provider. Please install it with: pip install apache-airflow[cncf.kubernetes]
[2024-03-01T16:26:29.518+0530] {processor.py:842} WARNING - No viable dags retrieved from /home/akranth/airflow/airflow_env/lib/python3.11/site-packages/airflow/example_dags/example_kubernetes_executor.py
[2024-03-01T16:26:29.526+0530] {processor.py:183} INFO - Processing /home/akranth/airflow/airflow_env/lib/python3.11/site-packages/airflow/example_dags/example_kubernetes_executor.py took 0.016 seconds
[2024-03-01T16:27:25.243+0530] {processor.py:161} INFO - Started process (PID=7801) to work on /home/akranth/airflow/airflow_env/lib/python3.11/site-packages/airflow/example_dags/example_kubernetes_executor.py
[2024-03-01T16:27:25.244+0530] {processor.py:830} INFO - Processing file /home/akranth/airflow/airflow_env/lib/python3.11/site-packages/airflow/example_dags/example_kubernetes_executor.py for tasks to queue
[2024-03-01T16:27:25.245+0530] {logging_mixin.py:188} INFO - [2024-03-01T16:27:25.244+0530] {dagbag.py:540} INFO - Filling up the DagBag from /home/akranth/airflow/airflow_env/lib/python3.11/site-packages/airflow/example_dags/example_kubernetes_executor.py
[2024-03-01T16:27:25.248+0530] {logging_mixin.py:188} INFO - [2024-03-01T16:27:25.247+0530] {example_kubernetes_executor.py:38} WARNING - The example_kubernetes_executor example DAG requires the kubernetes provider. Please install it with: pip install apache-airflow[cncf.kubernetes]
[2024-03-01T16:27:25.248+0530] {processor.py:842} WARNING - No viable dags retrieved from /home/akranth/airflow/airflow_env/lib/python3.11/site-packages/airflow/example_dags/example_kubernetes_executor.py
[2024-03-01T16:27:25.260+0530] {processor.py:183} INFO - Processing /home/akranth/airflow/airflow_env/lib/python3.11/site-packages/airflow/example_dags/example_kubernetes_executor.py took 0.020 seconds
[2024-03-01T16:28:25.107+0530] {processor.py:161} INFO - Started process (PID=7876) to work on /home/akranth/airflow/airflow_env/lib/python3.11/site-packages/airflow/example_dags/example_kubernetes_executor.py
[2024-03-01T16:28:25.197+0530] {processor.py:830} INFO - Processing file /home/akranth/airflow/airflow_env/lib/python3.11/site-packages/airflow/example_dags/example_kubernetes_executor.py for tasks to queue
[2024-03-01T16:28:25.200+0530] {logging_mixin.py:188} INFO - [2024-03-01T16:28:25.199+0530] {dagbag.py:540} INFO - Filling up the DagBag from /home/akranth/airflow/airflow_env/lib/python3.11/site-packages/airflow/example_dags/example_kubernetes_executor.py
[2024-03-01T16:28:25.207+0530] {logging_mixin.py:188} INFO - [2024-03-01T16:28:25.207+0530] {example_kubernetes_executor.py:38} WARNING - The example_kubernetes_executor example DAG requires the kubernetes provider. Please install it with: pip install apache-airflow[cncf.kubernetes]
[2024-03-01T16:28:25.208+0530] {processor.py:842} WARNING - No viable dags retrieved from /home/akranth/airflow/airflow_env/lib/python3.11/site-packages/airflow/example_dags/example_kubernetes_executor.py
[2024-03-01T16:28:25.228+0530] {processor.py:183} INFO - Processing /home/akranth/airflow/airflow_env/lib/python3.11/site-packages/airflow/example_dags/example_kubernetes_executor.py took 0.123 seconds
[2024-03-01T16:29:47.663+0530] {processor.py:161} INFO - Started process (PID=7970) to work on /home/akranth/airflow/airflow_env/lib/python3.11/site-packages/airflow/example_dags/example_kubernetes_executor.py
[2024-03-01T16:29:47.678+0530] {processor.py:830} INFO - Processing file /home/akranth/airflow/airflow_env/lib/python3.11/site-packages/airflow/example_dags/example_kubernetes_executor.py for tasks to queue
[2024-03-01T16:29:47.678+0530] {logging_mixin.py:188} INFO - [2024-03-01T16:29:47.678+0530] {dagbag.py:540} INFO - Filling up the DagBag from /home/akranth/airflow/airflow_env/lib/python3.11/site-packages/airflow/example_dags/example_kubernetes_executor.py
[2024-03-01T16:29:47.682+0530] {logging_mixin.py:188} INFO - [2024-03-01T16:29:47.681+0530] {example_kubernetes_executor.py:38} WARNING - The example_kubernetes_executor example DAG requires the kubernetes provider. Please install it with: pip install apache-airflow[cncf.kubernetes]
[2024-03-01T16:29:47.682+0530] {processor.py:842} WARNING - No viable dags retrieved from /home/akranth/airflow/airflow_env/lib/python3.11/site-packages/airflow/example_dags/example_kubernetes_executor.py
[2024-03-01T16:29:47.692+0530] {processor.py:183} INFO - Processing /home/akranth/airflow/airflow_env/lib/python3.11/site-packages/airflow/example_dags/example_kubernetes_executor.py took 0.032 seconds
[2024-03-01T16:31:10.729+0530] {processor.py:161} INFO - Started process (PID=8295) to work on /home/akranth/airflow/airflow_env/lib/python3.11/site-packages/airflow/example_dags/example_kubernetes_executor.py
[2024-03-01T16:31:10.773+0530] {processor.py:830} INFO - Processing file /home/akranth/airflow/airflow_env/lib/python3.11/site-packages/airflow/example_dags/example_kubernetes_executor.py for tasks to queue
[2024-03-01T16:31:10.774+0530] {logging_mixin.py:188} INFO - [2024-03-01T16:31:10.774+0530] {dagbag.py:540} INFO - Filling up the DagBag from /home/akranth/airflow/airflow_env/lib/python3.11/site-packages/airflow/example_dags/example_kubernetes_executor.py
[2024-03-01T16:31:10.777+0530] {logging_mixin.py:188} INFO - [2024-03-01T16:31:10.777+0530] {example_kubernetes_executor.py:38} WARNING - The example_kubernetes_executor example DAG requires the kubernetes provider. Please install it with: pip install apache-airflow[cncf.kubernetes]
[2024-03-01T16:31:10.778+0530] {processor.py:842} WARNING - No viable dags retrieved from /home/akranth/airflow/airflow_env/lib/python3.11/site-packages/airflow/example_dags/example_kubernetes_executor.py
[2024-03-01T16:31:10.788+0530] {processor.py:183} INFO - Processing /home/akranth/airflow/airflow_env/lib/python3.11/site-packages/airflow/example_dags/example_kubernetes_executor.py took 0.064 seconds
[2024-03-01T16:32:48.974+0530] {processor.py:161} INFO - Started process (PID=9295) to work on /home/akranth/airflow/airflow_env/lib/python3.11/site-packages/airflow/example_dags/example_kubernetes_executor.py
[2024-03-01T16:32:48.985+0530] {processor.py:830} INFO - Processing file /home/akranth/airflow/airflow_env/lib/python3.11/site-packages/airflow/example_dags/example_kubernetes_executor.py for tasks to queue
[2024-03-01T16:32:48.986+0530] {logging_mixin.py:188} INFO - [2024-03-01T16:32:48.986+0530] {dagbag.py:540} INFO - Filling up the DagBag from /home/akranth/airflow/airflow_env/lib/python3.11/site-packages/airflow/example_dags/example_kubernetes_executor.py
[2024-03-01T16:32:48.988+0530] {logging_mixin.py:188} INFO - [2024-03-01T16:32:48.988+0530] {example_kubernetes_executor.py:38} WARNING - The example_kubernetes_executor example DAG requires the kubernetes provider. Please install it with: pip install apache-airflow[cncf.kubernetes]
[2024-03-01T16:32:48.988+0530] {processor.py:842} WARNING - No viable dags retrieved from /home/akranth/airflow/airflow_env/lib/python3.11/site-packages/airflow/example_dags/example_kubernetes_executor.py
[2024-03-01T16:32:48.999+0530] {processor.py:183} INFO - Processing /home/akranth/airflow/airflow_env/lib/python3.11/site-packages/airflow/example_dags/example_kubernetes_executor.py took 0.028 seconds
[2024-03-01T16:34:09.126+0530] {processor.py:161} INFO - Started process (PID=9439) to work on /home/akranth/airflow/airflow_env/lib/python3.11/site-packages/airflow/example_dags/example_kubernetes_executor.py
[2024-03-01T16:34:09.154+0530] {processor.py:830} INFO - Processing file /home/akranth/airflow/airflow_env/lib/python3.11/site-packages/airflow/example_dags/example_kubernetes_executor.py for tasks to queue
[2024-03-01T16:34:09.156+0530] {logging_mixin.py:188} INFO - [2024-03-01T16:34:09.155+0530] {dagbag.py:540} INFO - Filling up the DagBag from /home/akranth/airflow/airflow_env/lib/python3.11/site-packages/airflow/example_dags/example_kubernetes_executor.py
[2024-03-01T16:34:09.163+0530] {logging_mixin.py:188} INFO - [2024-03-01T16:34:09.162+0530] {example_kubernetes_executor.py:38} WARNING - The example_kubernetes_executor example DAG requires the kubernetes provider. Please install it with: pip install apache-airflow[cncf.kubernetes]
[2024-03-01T16:34:09.164+0530] {processor.py:842} WARNING - No viable dags retrieved from /home/akranth/airflow/airflow_env/lib/python3.11/site-packages/airflow/example_dags/example_kubernetes_executor.py
[2024-03-01T16:34:09.520+0530] {processor.py:183} INFO - Processing /home/akranth/airflow/airflow_env/lib/python3.11/site-packages/airflow/example_dags/example_kubernetes_executor.py took 0.400 seconds
[2024-03-01T16:35:16.053+0530] {processor.py:161} INFO - Started process (PID=9620) to work on /home/akranth/airflow/airflow_env/lib/python3.11/site-packages/airflow/example_dags/example_kubernetes_executor.py
[2024-03-01T16:35:16.055+0530] {processor.py:830} INFO - Processing file /home/akranth/airflow/airflow_env/lib/python3.11/site-packages/airflow/example_dags/example_kubernetes_executor.py for tasks to queue
[2024-03-01T16:35:16.056+0530] {logging_mixin.py:188} INFO - [2024-03-01T16:35:16.056+0530] {dagbag.py:540} INFO - Filling up the DagBag from /home/akranth/airflow/airflow_env/lib/python3.11/site-packages/airflow/example_dags/example_kubernetes_executor.py
[2024-03-01T16:35:16.062+0530] {logging_mixin.py:188} INFO - [2024-03-01T16:35:16.061+0530] {example_kubernetes_executor.py:38} WARNING - The example_kubernetes_executor example DAG requires the kubernetes provider. Please install it with: pip install apache-airflow[cncf.kubernetes]
[2024-03-01T16:35:16.062+0530] {processor.py:842} WARNING - No viable dags retrieved from /home/akranth/airflow/airflow_env/lib/python3.11/site-packages/airflow/example_dags/example_kubernetes_executor.py
[2024-03-01T16:35:16.077+0530] {processor.py:183} INFO - Processing /home/akranth/airflow/airflow_env/lib/python3.11/site-packages/airflow/example_dags/example_kubernetes_executor.py took 0.030 seconds
