[2024-03-01T16:17:59.228+0530] {processor.py:161} INFO - Started process (PID=7055) to work on /home/akranth/airflow/airflow_env/lib/python3.11/site-packages/airflow/example_dags/example_task_group_decorator.py
[2024-03-01T16:17:59.229+0530] {processor.py:830} INFO - Processing file /home/akranth/airflow/airflow_env/lib/python3.11/site-packages/airflow/example_dags/example_task_group_decorator.py for tasks to queue
[2024-03-01T16:17:59.229+0530] {logging_mixin.py:188} INFO - [2024-03-01T16:17:59.229+0530] {dagbag.py:540} INFO - Filling up the DagBag from /home/akranth/airflow/airflow_env/lib/python3.11/site-packages/airflow/example_dags/example_task_group_decorator.py
[2024-03-01T16:17:59.242+0530] {processor.py:840} INFO - DAG(s) 'example_task_group_decorator' retrieved from /home/akranth/airflow/airflow_env/lib/python3.11/site-packages/airflow/example_dags/example_task_group_decorator.py
[2024-03-01T16:17:59.317+0530] {logging_mixin.py:188} INFO - [2024-03-01T16:17:59.317+0530] {dag.py:3047} INFO - Sync 1 DAGs
[2024-03-01T16:17:59.405+0530] {logging_mixin.py:188} INFO - [2024-03-01T16:17:59.404+0530] {dag.py:3834} INFO - Setting next_dagrun for example_task_group_decorator to 2024-02-29 00:00:00+00:00, run_after=2024-03-01 00:00:00+00:00
[2024-03-01T16:17:59.582+0530] {processor.py:183} INFO - Processing /home/akranth/airflow/airflow_env/lib/python3.11/site-packages/airflow/example_dags/example_task_group_decorator.py took 0.355 seconds
[2024-03-01T16:19:08.913+0530] {processor.py:161} INFO - Started process (PID=7180) to work on /home/akranth/airflow/airflow_env/lib/python3.11/site-packages/airflow/example_dags/example_task_group_decorator.py
[2024-03-01T16:19:08.998+0530] {processor.py:830} INFO - Processing file /home/akranth/airflow/airflow_env/lib/python3.11/site-packages/airflow/example_dags/example_task_group_decorator.py for tasks to queue
[2024-03-01T16:19:08.999+0530] {logging_mixin.py:188} INFO - [2024-03-01T16:19:08.998+0530] {dagbag.py:540} INFO - Filling up the DagBag from /home/akranth/airflow/airflow_env/lib/python3.11/site-packages/airflow/example_dags/example_task_group_decorator.py
[2024-03-01T16:19:09.012+0530] {processor.py:840} INFO - DAG(s) 'example_task_group_decorator' retrieved from /home/akranth/airflow/airflow_env/lib/python3.11/site-packages/airflow/example_dags/example_task_group_decorator.py
[2024-03-01T16:19:09.029+0530] {logging_mixin.py:188} INFO - [2024-03-01T16:19:09.028+0530] {dag.py:3047} INFO - Sync 1 DAGs
[2024-03-01T16:19:09.165+0530] {logging_mixin.py:188} INFO - [2024-03-01T16:19:09.165+0530] {dag.py:3834} INFO - Setting next_dagrun for example_task_group_decorator to 2024-02-29 00:00:00+00:00, run_after=2024-03-01 00:00:00+00:00
[2024-03-01T16:19:09.288+0530] {processor.py:183} INFO - Processing /home/akranth/airflow/airflow_env/lib/python3.11/site-packages/airflow/example_dags/example_task_group_decorator.py took 0.377 seconds
[2024-03-01T16:20:10.939+0530] {processor.py:161} INFO - Started process (PID=7266) to work on /home/akranth/airflow/airflow_env/lib/python3.11/site-packages/airflow/example_dags/example_task_group_decorator.py
[2024-03-01T16:20:10.944+0530] {processor.py:830} INFO - Processing file /home/akranth/airflow/airflow_env/lib/python3.11/site-packages/airflow/example_dags/example_task_group_decorator.py for tasks to queue
[2024-03-01T16:20:10.946+0530] {logging_mixin.py:188} INFO - [2024-03-01T16:20:10.945+0530] {dagbag.py:540} INFO - Filling up the DagBag from /home/akranth/airflow/airflow_env/lib/python3.11/site-packages/airflow/example_dags/example_task_group_decorator.py
[2024-03-01T16:20:10.974+0530] {processor.py:840} INFO - DAG(s) 'example_task_group_decorator' retrieved from /home/akranth/airflow/airflow_env/lib/python3.11/site-packages/airflow/example_dags/example_task_group_decorator.py
[2024-03-01T16:20:10.990+0530] {logging_mixin.py:188} INFO - [2024-03-01T16:20:10.990+0530] {dag.py:3047} INFO - Sync 1 DAGs
[2024-03-01T16:20:11.006+0530] {logging_mixin.py:188} INFO - [2024-03-01T16:20:11.006+0530] {dag.py:3834} INFO - Setting next_dagrun for example_task_group_decorator to 2024-02-29 00:00:00+00:00, run_after=2024-03-01 00:00:00+00:00
[2024-03-01T16:20:11.230+0530] {processor.py:183} INFO - Processing /home/akranth/airflow/airflow_env/lib/python3.11/site-packages/airflow/example_dags/example_task_group_decorator.py took 0.298 seconds
[2024-03-01T16:21:10.085+0530] {processor.py:161} INFO - Started process (PID=7398) to work on /home/akranth/airflow/airflow_env/lib/python3.11/site-packages/airflow/example_dags/example_task_group_decorator.py
[2024-03-01T16:21:10.168+0530] {processor.py:830} INFO - Processing file /home/akranth/airflow/airflow_env/lib/python3.11/site-packages/airflow/example_dags/example_task_group_decorator.py for tasks to queue
[2024-03-01T16:21:10.171+0530] {logging_mixin.py:188} INFO - [2024-03-01T16:21:10.170+0530] {dagbag.py:540} INFO - Filling up the DagBag from /home/akranth/airflow/airflow_env/lib/python3.11/site-packages/airflow/example_dags/example_task_group_decorator.py
[2024-03-01T16:21:10.184+0530] {processor.py:840} INFO - DAG(s) 'example_task_group_decorator' retrieved from /home/akranth/airflow/airflow_env/lib/python3.11/site-packages/airflow/example_dags/example_task_group_decorator.py
[2024-03-01T16:21:10.198+0530] {logging_mixin.py:188} INFO - [2024-03-01T16:21:10.198+0530] {dag.py:3047} INFO - Sync 1 DAGs
[2024-03-01T16:21:10.212+0530] {logging_mixin.py:188} INFO - [2024-03-01T16:21:10.212+0530] {dag.py:3834} INFO - Setting next_dagrun for example_task_group_decorator to 2024-02-29 00:00:00+00:00, run_after=2024-03-01 00:00:00+00:00
[2024-03-01T16:21:10.325+0530] {processor.py:183} INFO - Processing /home/akranth/airflow/airflow_env/lib/python3.11/site-packages/airflow/example_dags/example_task_group_decorator.py took 0.243 seconds
[2024-03-01T16:22:13.921+0530] {processor.py:161} INFO - Started process (PID=7478) to work on /home/akranth/airflow/airflow_env/lib/python3.11/site-packages/airflow/example_dags/example_task_group_decorator.py
[2024-03-01T16:22:14.006+0530] {processor.py:830} INFO - Processing file /home/akranth/airflow/airflow_env/lib/python3.11/site-packages/airflow/example_dags/example_task_group_decorator.py for tasks to queue
[2024-03-01T16:22:14.008+0530] {logging_mixin.py:188} INFO - [2024-03-01T16:22:14.007+0530] {dagbag.py:540} INFO - Filling up the DagBag from /home/akranth/airflow/airflow_env/lib/python3.11/site-packages/airflow/example_dags/example_task_group_decorator.py
[2024-03-01T16:22:14.022+0530] {processor.py:840} INFO - DAG(s) 'example_task_group_decorator' retrieved from /home/akranth/airflow/airflow_env/lib/python3.11/site-packages/airflow/example_dags/example_task_group_decorator.py
[2024-03-01T16:22:14.036+0530] {logging_mixin.py:188} INFO - [2024-03-01T16:22:14.035+0530] {dag.py:3047} INFO - Sync 1 DAGs
[2024-03-01T16:22:14.049+0530] {logging_mixin.py:188} INFO - [2024-03-01T16:22:14.049+0530] {dag.py:3834} INFO - Setting next_dagrun for example_task_group_decorator to 2024-02-29 00:00:00+00:00, run_after=2024-03-01 00:00:00+00:00
[2024-03-01T16:22:14.154+0530] {processor.py:183} INFO - Processing /home/akranth/airflow/airflow_env/lib/python3.11/site-packages/airflow/example_dags/example_task_group_decorator.py took 0.234 seconds
[2024-03-01T16:23:11.088+0530] {processor.py:161} INFO - Started process (PID=7536) to work on /home/akranth/airflow/airflow_env/lib/python3.11/site-packages/airflow/example_dags/example_task_group_decorator.py
[2024-03-01T16:23:11.175+0530] {processor.py:830} INFO - Processing file /home/akranth/airflow/airflow_env/lib/python3.11/site-packages/airflow/example_dags/example_task_group_decorator.py for tasks to queue
[2024-03-01T16:23:11.177+0530] {logging_mixin.py:188} INFO - [2024-03-01T16:23:11.176+0530] {dagbag.py:540} INFO - Filling up the DagBag from /home/akranth/airflow/airflow_env/lib/python3.11/site-packages/airflow/example_dags/example_task_group_decorator.py
[2024-03-01T16:23:11.213+0530] {processor.py:840} INFO - DAG(s) 'example_task_group_decorator' retrieved from /home/akranth/airflow/airflow_env/lib/python3.11/site-packages/airflow/example_dags/example_task_group_decorator.py
[2024-03-01T16:23:11.231+0530] {logging_mixin.py:188} INFO - [2024-03-01T16:23:11.231+0530] {dag.py:3047} INFO - Sync 1 DAGs
[2024-03-01T16:23:11.245+0530] {logging_mixin.py:188} INFO - [2024-03-01T16:23:11.245+0530] {dag.py:3834} INFO - Setting next_dagrun for example_task_group_decorator to 2024-02-29 00:00:00+00:00, run_after=2024-03-01 00:00:00+00:00
[2024-03-01T16:23:11.353+0530] {processor.py:183} INFO - Processing /home/akranth/airflow/airflow_env/lib/python3.11/site-packages/airflow/example_dags/example_task_group_decorator.py took 0.267 seconds
[2024-03-01T16:24:09.460+0530] {processor.py:161} INFO - Started process (PID=7593) to work on /home/akranth/airflow/airflow_env/lib/python3.11/site-packages/airflow/example_dags/example_task_group_decorator.py
[2024-03-01T16:24:09.482+0530] {processor.py:830} INFO - Processing file /home/akranth/airflow/airflow_env/lib/python3.11/site-packages/airflow/example_dags/example_task_group_decorator.py for tasks to queue
[2024-03-01T16:24:09.483+0530] {logging_mixin.py:188} INFO - [2024-03-01T16:24:09.482+0530] {dagbag.py:540} INFO - Filling up the DagBag from /home/akranth/airflow/airflow_env/lib/python3.11/site-packages/airflow/example_dags/example_task_group_decorator.py
[2024-03-01T16:24:09.498+0530] {processor.py:840} INFO - DAG(s) 'example_task_group_decorator' retrieved from /home/akranth/airflow/airflow_env/lib/python3.11/site-packages/airflow/example_dags/example_task_group_decorator.py
[2024-03-01T16:24:09.518+0530] {logging_mixin.py:188} INFO - [2024-03-01T16:24:09.518+0530] {dag.py:3047} INFO - Sync 1 DAGs
[2024-03-01T16:24:09.534+0530] {logging_mixin.py:188} INFO - [2024-03-01T16:24:09.534+0530] {dag.py:3834} INFO - Setting next_dagrun for example_task_group_decorator to 2024-02-29 00:00:00+00:00, run_after=2024-03-01 00:00:00+00:00
[2024-03-01T16:24:09.653+0530] {processor.py:183} INFO - Processing /home/akranth/airflow/airflow_env/lib/python3.11/site-packages/airflow/example_dags/example_task_group_decorator.py took 0.199 seconds
[2024-03-01T16:24:50.001+0530] {processor.py:161} INFO - Started process (PID=7635) to work on /home/akranth/airflow/airflow_env/lib/python3.11/site-packages/airflow/example_dags/example_task_group_decorator.py
[2024-03-01T16:24:50.075+0530] {processor.py:830} INFO - Processing file /home/akranth/airflow/airflow_env/lib/python3.11/site-packages/airflow/example_dags/example_task_group_decorator.py for tasks to queue
[2024-03-01T16:24:50.077+0530] {logging_mixin.py:188} INFO - [2024-03-01T16:24:50.076+0530] {dagbag.py:540} INFO - Filling up the DagBag from /home/akranth/airflow/airflow_env/lib/python3.11/site-packages/airflow/example_dags/example_task_group_decorator.py
[2024-03-01T16:24:50.091+0530] {processor.py:840} INFO - DAG(s) 'example_task_group_decorator' retrieved from /home/akranth/airflow/airflow_env/lib/python3.11/site-packages/airflow/example_dags/example_task_group_decorator.py
[2024-03-01T16:24:50.105+0530] {logging_mixin.py:188} INFO - [2024-03-01T16:24:50.105+0530] {dag.py:3047} INFO - Sync 1 DAGs
[2024-03-01T16:24:50.119+0530] {logging_mixin.py:188} INFO - [2024-03-01T16:24:50.119+0530] {dag.py:3834} INFO - Setting next_dagrun for example_task_group_decorator to 2024-02-29 00:00:00+00:00, run_after=2024-03-01 00:00:00+00:00
[2024-03-01T16:24:50.228+0530] {processor.py:183} INFO - Processing /home/akranth/airflow/airflow_env/lib/python3.11/site-packages/airflow/example_dags/example_task_group_decorator.py took 0.229 seconds
[2024-03-01T16:25:54.062+0530] {processor.py:161} INFO - Started process (PID=7704) to work on /home/akranth/airflow/airflow_env/lib/python3.11/site-packages/airflow/example_dags/example_task_group_decorator.py
[2024-03-01T16:25:54.156+0530] {processor.py:830} INFO - Processing file /home/akranth/airflow/airflow_env/lib/python3.11/site-packages/airflow/example_dags/example_task_group_decorator.py for tasks to queue
[2024-03-01T16:25:54.158+0530] {logging_mixin.py:188} INFO - [2024-03-01T16:25:54.157+0530] {dagbag.py:540} INFO - Filling up the DagBag from /home/akranth/airflow/airflow_env/lib/python3.11/site-packages/airflow/example_dags/example_task_group_decorator.py
[2024-03-01T16:25:54.172+0530] {processor.py:840} INFO - DAG(s) 'example_task_group_decorator' retrieved from /home/akranth/airflow/airflow_env/lib/python3.11/site-packages/airflow/example_dags/example_task_group_decorator.py
[2024-03-01T16:25:54.192+0530] {logging_mixin.py:188} INFO - [2024-03-01T16:25:54.192+0530] {dag.py:3047} INFO - Sync 1 DAGs
[2024-03-01T16:25:54.208+0530] {logging_mixin.py:188} INFO - [2024-03-01T16:25:54.208+0530] {dag.py:3834} INFO - Setting next_dagrun for example_task_group_decorator to 2024-02-29 00:00:00+00:00, run_after=2024-03-01 00:00:00+00:00
[2024-03-01T16:25:54.521+0530] {processor.py:183} INFO - Processing /home/akranth/airflow/airflow_env/lib/python3.11/site-packages/airflow/example_dags/example_task_group_decorator.py took 0.462 seconds
[2024-03-01T16:26:51.879+0530] {processor.py:161} INFO - Started process (PID=7769) to work on /home/akranth/airflow/airflow_env/lib/python3.11/site-packages/airflow/example_dags/example_task_group_decorator.py
[2024-03-01T16:26:51.894+0530] {processor.py:830} INFO - Processing file /home/akranth/airflow/airflow_env/lib/python3.11/site-packages/airflow/example_dags/example_task_group_decorator.py for tasks to queue
[2024-03-01T16:26:51.895+0530] {logging_mixin.py:188} INFO - [2024-03-01T16:26:51.895+0530] {dagbag.py:540} INFO - Filling up the DagBag from /home/akranth/airflow/airflow_env/lib/python3.11/site-packages/airflow/example_dags/example_task_group_decorator.py
[2024-03-01T16:26:51.908+0530] {processor.py:840} INFO - DAG(s) 'example_task_group_decorator' retrieved from /home/akranth/airflow/airflow_env/lib/python3.11/site-packages/airflow/example_dags/example_task_group_decorator.py
[2024-03-01T16:26:51.923+0530] {logging_mixin.py:188} INFO - [2024-03-01T16:26:51.923+0530] {dag.py:3047} INFO - Sync 1 DAGs
[2024-03-01T16:26:51.938+0530] {logging_mixin.py:188} INFO - [2024-03-01T16:26:51.938+0530] {dag.py:3834} INFO - Setting next_dagrun for example_task_group_decorator to 2024-02-29 00:00:00+00:00, run_after=2024-03-01 00:00:00+00:00
[2024-03-01T16:26:52.055+0530] {processor.py:183} INFO - Processing /home/akranth/airflow/airflow_env/lib/python3.11/site-packages/airflow/example_dags/example_task_group_decorator.py took 0.178 seconds
[2024-03-01T16:27:46.261+0530] {processor.py:161} INFO - Started process (PID=7830) to work on /home/akranth/airflow/airflow_env/lib/python3.11/site-packages/airflow/example_dags/example_task_group_decorator.py
[2024-03-01T16:27:46.270+0530] {processor.py:830} INFO - Processing file /home/akranth/airflow/airflow_env/lib/python3.11/site-packages/airflow/example_dags/example_task_group_decorator.py for tasks to queue
[2024-03-01T16:27:46.272+0530] {logging_mixin.py:188} INFO - [2024-03-01T16:27:46.271+0530] {dagbag.py:540} INFO - Filling up the DagBag from /home/akranth/airflow/airflow_env/lib/python3.11/site-packages/airflow/example_dags/example_task_group_decorator.py
[2024-03-01T16:27:46.304+0530] {processor.py:840} INFO - DAG(s) 'example_task_group_decorator' retrieved from /home/akranth/airflow/airflow_env/lib/python3.11/site-packages/airflow/example_dags/example_task_group_decorator.py
[2024-03-01T16:27:46.321+0530] {logging_mixin.py:188} INFO - [2024-03-01T16:27:46.320+0530] {dag.py:3047} INFO - Sync 1 DAGs
[2024-03-01T16:27:46.338+0530] {logging_mixin.py:188} INFO - [2024-03-01T16:27:46.338+0530] {dag.py:3834} INFO - Setting next_dagrun for example_task_group_decorator to 2024-02-29 00:00:00+00:00, run_after=2024-03-01 00:00:00+00:00
[2024-03-01T16:27:46.449+0530] {processor.py:183} INFO - Processing /home/akranth/airflow/airflow_env/lib/python3.11/site-packages/airflow/example_dags/example_task_group_decorator.py took 0.190 seconds
[2024-03-01T16:29:01.198+0530] {processor.py:161} INFO - Started process (PID=7916) to work on /home/akranth/airflow/airflow_env/lib/python3.11/site-packages/airflow/example_dags/example_task_group_decorator.py
[2024-03-01T16:29:01.224+0530] {processor.py:830} INFO - Processing file /home/akranth/airflow/airflow_env/lib/python3.11/site-packages/airflow/example_dags/example_task_group_decorator.py for tasks to queue
[2024-03-01T16:29:01.225+0530] {logging_mixin.py:188} INFO - [2024-03-01T16:29:01.224+0530] {dagbag.py:540} INFO - Filling up the DagBag from /home/akranth/airflow/airflow_env/lib/python3.11/site-packages/airflow/example_dags/example_task_group_decorator.py
[2024-03-01T16:29:01.248+0530] {processor.py:840} INFO - DAG(s) 'example_task_group_decorator' retrieved from /home/akranth/airflow/airflow_env/lib/python3.11/site-packages/airflow/example_dags/example_task_group_decorator.py
[2024-03-01T16:29:01.269+0530] {logging_mixin.py:188} INFO - [2024-03-01T16:29:01.269+0530] {dag.py:3047} INFO - Sync 1 DAGs
[2024-03-01T16:29:01.287+0530] {logging_mixin.py:188} INFO - [2024-03-01T16:29:01.286+0530] {dag.py:3834} INFO - Setting next_dagrun for example_task_group_decorator to 2024-02-29 00:00:00+00:00, run_after=2024-03-01 00:00:00+00:00
[2024-03-01T16:29:01.862+0530] {processor.py:183} INFO - Processing /home/akranth/airflow/airflow_env/lib/python3.11/site-packages/airflow/example_dags/example_task_group_decorator.py took 0.666 seconds
[2024-03-01T16:30:18.461+0530] {processor.py:161} INFO - Started process (PID=8011) to work on /home/akranth/airflow/airflow_env/lib/python3.11/site-packages/airflow/example_dags/example_task_group_decorator.py
[2024-03-01T16:30:18.552+0530] {processor.py:830} INFO - Processing file /home/akranth/airflow/airflow_env/lib/python3.11/site-packages/airflow/example_dags/example_task_group_decorator.py for tasks to queue
[2024-03-01T16:30:18.553+0530] {logging_mixin.py:188} INFO - [2024-03-01T16:30:18.552+0530] {dagbag.py:540} INFO - Filling up the DagBag from /home/akranth/airflow/airflow_env/lib/python3.11/site-packages/airflow/example_dags/example_task_group_decorator.py
[2024-03-01T16:30:18.571+0530] {processor.py:840} INFO - DAG(s) 'example_task_group_decorator' retrieved from /home/akranth/airflow/airflow_env/lib/python3.11/site-packages/airflow/example_dags/example_task_group_decorator.py
[2024-03-01T16:30:18.590+0530] {logging_mixin.py:188} INFO - [2024-03-01T16:30:18.590+0530] {dag.py:3047} INFO - Sync 1 DAGs
[2024-03-01T16:30:18.607+0530] {logging_mixin.py:188} INFO - [2024-03-01T16:30:18.607+0530] {dag.py:3834} INFO - Setting next_dagrun for example_task_group_decorator to 2024-02-29 00:00:00+00:00, run_after=2024-03-01 00:00:00+00:00
[2024-03-01T16:30:18.721+0530] {processor.py:183} INFO - Processing /home/akranth/airflow/airflow_env/lib/python3.11/site-packages/airflow/example_dags/example_task_group_decorator.py took 0.262 seconds
[2024-03-01T16:31:01.720+0530] {processor.py:161} INFO - Started process (PID=8278) to work on /home/akranth/airflow/airflow_env/lib/python3.11/site-packages/airflow/example_dags/example_task_group_decorator.py
[2024-03-01T16:31:01.730+0530] {processor.py:830} INFO - Processing file /home/akranth/airflow/airflow_env/lib/python3.11/site-packages/airflow/example_dags/example_task_group_decorator.py for tasks to queue
[2024-03-01T16:31:01.731+0530] {logging_mixin.py:188} INFO - [2024-03-01T16:31:01.730+0530] {dagbag.py:540} INFO - Filling up the DagBag from /home/akranth/airflow/airflow_env/lib/python3.11/site-packages/airflow/example_dags/example_task_group_decorator.py
[2024-03-01T16:31:01.744+0530] {processor.py:840} INFO - DAG(s) 'example_task_group_decorator' retrieved from /home/akranth/airflow/airflow_env/lib/python3.11/site-packages/airflow/example_dags/example_task_group_decorator.py
[2024-03-01T16:31:01.759+0530] {logging_mixin.py:188} INFO - [2024-03-01T16:31:01.759+0530] {dag.py:3047} INFO - Sync 1 DAGs
[2024-03-01T16:31:01.773+0530] {logging_mixin.py:188} INFO - [2024-03-01T16:31:01.772+0530] {dag.py:3834} INFO - Setting next_dagrun for example_task_group_decorator to 2024-02-29 00:00:00+00:00, run_after=2024-03-01 00:00:00+00:00
[2024-03-01T16:31:01.931+0530] {processor.py:183} INFO - Processing /home/akranth/airflow/airflow_env/lib/python3.11/site-packages/airflow/example_dags/example_task_group_decorator.py took 0.213 seconds
[2024-03-01T16:32:34.343+0530] {processor.py:161} INFO - Started process (PID=9275) to work on /home/akranth/airflow/airflow_env/lib/python3.11/site-packages/airflow/example_dags/example_task_group_decorator.py
[2024-03-01T16:32:34.359+0530] {processor.py:830} INFO - Processing file /home/akranth/airflow/airflow_env/lib/python3.11/site-packages/airflow/example_dags/example_task_group_decorator.py for tasks to queue
[2024-03-01T16:32:34.360+0530] {logging_mixin.py:188} INFO - [2024-03-01T16:32:34.359+0530] {dagbag.py:540} INFO - Filling up the DagBag from /home/akranth/airflow/airflow_env/lib/python3.11/site-packages/airflow/example_dags/example_task_group_decorator.py
[2024-03-01T16:32:34.373+0530] {processor.py:840} INFO - DAG(s) 'example_task_group_decorator' retrieved from /home/akranth/airflow/airflow_env/lib/python3.11/site-packages/airflow/example_dags/example_task_group_decorator.py
[2024-03-01T16:32:34.389+0530] {logging_mixin.py:188} INFO - [2024-03-01T16:32:34.389+0530] {dag.py:3047} INFO - Sync 1 DAGs
[2024-03-01T16:32:34.406+0530] {logging_mixin.py:188} INFO - [2024-03-01T16:32:34.406+0530] {dag.py:3834} INFO - Setting next_dagrun for example_task_group_decorator to 2024-02-29 00:00:00+00:00, run_after=2024-03-01 00:00:00+00:00
[2024-03-01T16:32:34.523+0530] {processor.py:183} INFO - Processing /home/akranth/airflow/airflow_env/lib/python3.11/site-packages/airflow/example_dags/example_task_group_decorator.py took 0.182 seconds
[2024-03-01T16:33:24.932+0530] {processor.py:161} INFO - Started process (PID=9368) to work on /home/akranth/airflow/airflow_env/lib/python3.11/site-packages/airflow/example_dags/example_task_group_decorator.py
[2024-03-01T16:33:24.933+0530] {processor.py:830} INFO - Processing file /home/akranth/airflow/airflow_env/lib/python3.11/site-packages/airflow/example_dags/example_task_group_decorator.py for tasks to queue
[2024-03-01T16:33:24.933+0530] {logging_mixin.py:188} INFO - [2024-03-01T16:33:24.933+0530] {dagbag.py:540} INFO - Filling up the DagBag from /home/akranth/airflow/airflow_env/lib/python3.11/site-packages/airflow/example_dags/example_task_group_decorator.py
[2024-03-01T16:33:24.951+0530] {processor.py:840} INFO - DAG(s) 'example_task_group_decorator' retrieved from /home/akranth/airflow/airflow_env/lib/python3.11/site-packages/airflow/example_dags/example_task_group_decorator.py
[2024-03-01T16:33:24.975+0530] {logging_mixin.py:188} INFO - [2024-03-01T16:33:24.975+0530] {dag.py:3047} INFO - Sync 1 DAGs
[2024-03-01T16:33:24.994+0530] {logging_mixin.py:188} INFO - [2024-03-01T16:33:24.994+0530] {dag.py:3834} INFO - Setting next_dagrun for example_task_group_decorator to 2024-02-29 00:00:00+00:00, run_after=2024-03-01 00:00:00+00:00
[2024-03-01T16:33:25.100+0530] {processor.py:183} INFO - Processing /home/akranth/airflow/airflow_env/lib/python3.11/site-packages/airflow/example_dags/example_task_group_decorator.py took 0.173 seconds
[2024-03-01T16:34:48.035+0530] {processor.py:161} INFO - Started process (PID=9563) to work on /home/akranth/airflow/airflow_env/lib/python3.11/site-packages/airflow/example_dags/example_task_group_decorator.py
[2024-03-01T16:34:48.058+0530] {processor.py:830} INFO - Processing file /home/akranth/airflow/airflow_env/lib/python3.11/site-packages/airflow/example_dags/example_task_group_decorator.py for tasks to queue
[2024-03-01T16:34:48.060+0530] {logging_mixin.py:188} INFO - [2024-03-01T16:34:48.059+0530] {dagbag.py:540} INFO - Filling up the DagBag from /home/akranth/airflow/airflow_env/lib/python3.11/site-packages/airflow/example_dags/example_task_group_decorator.py
[2024-03-01T16:34:48.094+0530] {processor.py:840} INFO - DAG(s) 'example_task_group_decorator' retrieved from /home/akranth/airflow/airflow_env/lib/python3.11/site-packages/airflow/example_dags/example_task_group_decorator.py
[2024-03-01T16:34:48.113+0530] {logging_mixin.py:188} INFO - [2024-03-01T16:34:48.113+0530] {dag.py:3047} INFO - Sync 1 DAGs
[2024-03-01T16:34:48.130+0530] {logging_mixin.py:188} INFO - [2024-03-01T16:34:48.130+0530] {dag.py:3834} INFO - Setting next_dagrun for example_task_group_decorator to 2024-02-29 00:00:00+00:00, run_after=2024-03-01 00:00:00+00:00
[2024-03-01T16:34:48.247+0530] {processor.py:183} INFO - Processing /home/akranth/airflow/airflow_env/lib/python3.11/site-packages/airflow/example_dags/example_task_group_decorator.py took 0.218 seconds
