[2024-03-01T16:17:54.679+0530] {processor.py:161} INFO - Started process (PID=7052) to work on /home/akranth/airflow/airflow_env/lib/python3.11/site-packages/airflow/example_dags/example_params_ui_tutorial.py
[2024-03-01T16:17:54.680+0530] {processor.py:830} INFO - Processing file /home/akranth/airflow/airflow_env/lib/python3.11/site-packages/airflow/example_dags/example_params_ui_tutorial.py for tasks to queue
[2024-03-01T16:17:54.681+0530] {logging_mixin.py:188} INFO - [2024-03-01T16:17:54.680+0530] {dagbag.py:540} INFO - Filling up the DagBag from /home/akranth/airflow/airflow_env/lib/python3.11/site-packages/airflow/example_dags/example_params_ui_tutorial.py
[2024-03-01T16:17:54.690+0530] {processor.py:840} INFO - DAG(s) 'example_params_ui_tutorial' retrieved from /home/akranth/airflow/airflow_env/lib/python3.11/site-packages/airflow/example_dags/example_params_ui_tutorial.py
[2024-03-01T16:17:54.781+0530] {logging_mixin.py:188} INFO - [2024-03-01T16:17:54.781+0530] {dag.py:3047} INFO - Sync 1 DAGs
[2024-03-01T16:17:54.789+0530] {logging_mixin.py:188} INFO - [2024-03-01T16:17:54.788+0530] {dag.py:3834} INFO - Setting next_dagrun for example_params_ui_tutorial to None, run_after=None
[2024-03-01T16:17:55.168+0530] {processor.py:183} INFO - Processing /home/akranth/airflow/airflow_env/lib/python3.11/site-packages/airflow/example_dags/example_params_ui_tutorial.py took 0.491 seconds
[2024-03-01T16:19:04.593+0530] {processor.py:161} INFO - Started process (PID=7176) to work on /home/akranth/airflow/airflow_env/lib/python3.11/site-packages/airflow/example_dags/example_params_ui_tutorial.py
[2024-03-01T16:19:04.603+0530] {processor.py:830} INFO - Processing file /home/akranth/airflow/airflow_env/lib/python3.11/site-packages/airflow/example_dags/example_params_ui_tutorial.py for tasks to queue
[2024-03-01T16:19:04.604+0530] {logging_mixin.py:188} INFO - [2024-03-01T16:19:04.603+0530] {dagbag.py:540} INFO - Filling up the DagBag from /home/akranth/airflow/airflow_env/lib/python3.11/site-packages/airflow/example_dags/example_params_ui_tutorial.py
[2024-03-01T16:19:04.613+0530] {processor.py:840} INFO - DAG(s) 'example_params_ui_tutorial' retrieved from /home/akranth/airflow/airflow_env/lib/python3.11/site-packages/airflow/example_dags/example_params_ui_tutorial.py
[2024-03-01T16:19:04.652+0530] {logging_mixin.py:188} INFO - [2024-03-01T16:19:04.652+0530] {dag.py:3047} INFO - Sync 1 DAGs
[2024-03-01T16:19:04.663+0530] {logging_mixin.py:188} INFO - [2024-03-01T16:19:04.663+0530] {dag.py:3834} INFO - Setting next_dagrun for example_params_ui_tutorial to None, run_after=None
[2024-03-01T16:19:04.852+0530] {processor.py:183} INFO - Processing /home/akranth/airflow/airflow_env/lib/python3.11/site-packages/airflow/example_dags/example_params_ui_tutorial.py took 0.263 seconds
[2024-03-01T16:19:43.191+0530] {processor.py:161} INFO - Started process (PID=7217) to work on /home/akranth/airflow/airflow_env/lib/python3.11/site-packages/airflow/example_dags/example_params_ui_tutorial.py
[2024-03-01T16:19:43.280+0530] {processor.py:830} INFO - Processing file /home/akranth/airflow/airflow_env/lib/python3.11/site-packages/airflow/example_dags/example_params_ui_tutorial.py for tasks to queue
[2024-03-01T16:19:43.282+0530] {logging_mixin.py:188} INFO - [2024-03-01T16:19:43.281+0530] {dagbag.py:540} INFO - Filling up the DagBag from /home/akranth/airflow/airflow_env/lib/python3.11/site-packages/airflow/example_dags/example_params_ui_tutorial.py
[2024-03-01T16:19:43.311+0530] {processor.py:840} INFO - DAG(s) 'example_params_ui_tutorial' retrieved from /home/akranth/airflow/airflow_env/lib/python3.11/site-packages/airflow/example_dags/example_params_ui_tutorial.py
[2024-03-01T16:19:43.448+0530] {logging_mixin.py:188} INFO - [2024-03-01T16:19:43.448+0530] {dag.py:3047} INFO - Sync 1 DAGs
[2024-03-01T16:19:43.457+0530] {logging_mixin.py:188} INFO - [2024-03-01T16:19:43.457+0530] {dag.py:3834} INFO - Setting next_dagrun for example_params_ui_tutorial to None, run_after=None
[2024-03-01T16:19:43.628+0530] {processor.py:183} INFO - Processing /home/akranth/airflow/airflow_env/lib/python3.11/site-packages/airflow/example_dags/example_params_ui_tutorial.py took 0.445 seconds
[2024-03-01T16:20:44.867+0530] {processor.py:161} INFO - Started process (PID=7376) to work on /home/akranth/airflow/airflow_env/lib/python3.11/site-packages/airflow/example_dags/example_params_ui_tutorial.py
[2024-03-01T16:20:44.892+0530] {processor.py:830} INFO - Processing file /home/akranth/airflow/airflow_env/lib/python3.11/site-packages/airflow/example_dags/example_params_ui_tutorial.py for tasks to queue
[2024-03-01T16:20:44.894+0530] {logging_mixin.py:188} INFO - [2024-03-01T16:20:44.893+0530] {dagbag.py:540} INFO - Filling up the DagBag from /home/akranth/airflow/airflow_env/lib/python3.11/site-packages/airflow/example_dags/example_params_ui_tutorial.py
[2024-03-01T16:20:44.920+0530] {processor.py:840} INFO - DAG(s) 'example_params_ui_tutorial' retrieved from /home/akranth/airflow/airflow_env/lib/python3.11/site-packages/airflow/example_dags/example_params_ui_tutorial.py
[2024-03-01T16:20:44.962+0530] {logging_mixin.py:188} INFO - [2024-03-01T16:20:44.962+0530] {dag.py:3047} INFO - Sync 1 DAGs
[2024-03-01T16:20:44.970+0530] {logging_mixin.py:188} INFO - [2024-03-01T16:20:44.970+0530] {dag.py:3834} INFO - Setting next_dagrun for example_params_ui_tutorial to None, run_after=None
[2024-03-01T16:20:45.074+0530] {processor.py:183} INFO - Processing /home/akranth/airflow/airflow_env/lib/python3.11/site-packages/airflow/example_dags/example_params_ui_tutorial.py took 0.209 seconds
[2024-03-01T16:21:44.052+0530] {processor.py:161} INFO - Started process (PID=7442) to work on /home/akranth/airflow/airflow_env/lib/python3.11/site-packages/airflow/example_dags/example_params_ui_tutorial.py
[2024-03-01T16:21:44.145+0530] {processor.py:830} INFO - Processing file /home/akranth/airflow/airflow_env/lib/python3.11/site-packages/airflow/example_dags/example_params_ui_tutorial.py for tasks to queue
[2024-03-01T16:21:44.146+0530] {logging_mixin.py:188} INFO - [2024-03-01T16:21:44.146+0530] {dagbag.py:540} INFO - Filling up the DagBag from /home/akranth/airflow/airflow_env/lib/python3.11/site-packages/airflow/example_dags/example_params_ui_tutorial.py
[2024-03-01T16:21:44.159+0530] {processor.py:840} INFO - DAG(s) 'example_params_ui_tutorial' retrieved from /home/akranth/airflow/airflow_env/lib/python3.11/site-packages/airflow/example_dags/example_params_ui_tutorial.py
[2024-03-01T16:21:44.201+0530] {logging_mixin.py:188} INFO - [2024-03-01T16:21:44.201+0530] {dag.py:3047} INFO - Sync 1 DAGs
[2024-03-01T16:21:44.210+0530] {logging_mixin.py:188} INFO - [2024-03-01T16:21:44.210+0530] {dag.py:3834} INFO - Setting next_dagrun for example_params_ui_tutorial to None, run_after=None
[2024-03-01T16:21:44.416+0530] {processor.py:183} INFO - Processing /home/akranth/airflow/airflow_env/lib/python3.11/site-packages/airflow/example_dags/example_params_ui_tutorial.py took 0.371 seconds
[2024-03-01T16:22:44.686+0530] {processor.py:161} INFO - Started process (PID=7506) to work on /home/akranth/airflow/airflow_env/lib/python3.11/site-packages/airflow/example_dags/example_params_ui_tutorial.py
[2024-03-01T16:22:44.706+0530] {processor.py:830} INFO - Processing file /home/akranth/airflow/airflow_env/lib/python3.11/site-packages/airflow/example_dags/example_params_ui_tutorial.py for tasks to queue
[2024-03-01T16:22:44.707+0530] {logging_mixin.py:188} INFO - [2024-03-01T16:22:44.707+0530] {dagbag.py:540} INFO - Filling up the DagBag from /home/akranth/airflow/airflow_env/lib/python3.11/site-packages/airflow/example_dags/example_params_ui_tutorial.py
[2024-03-01T16:22:44.715+0530] {processor.py:840} INFO - DAG(s) 'example_params_ui_tutorial' retrieved from /home/akranth/airflow/airflow_env/lib/python3.11/site-packages/airflow/example_dags/example_params_ui_tutorial.py
[2024-03-01T16:22:44.747+0530] {logging_mixin.py:188} INFO - [2024-03-01T16:22:44.747+0530] {dag.py:3047} INFO - Sync 1 DAGs
[2024-03-01T16:22:44.755+0530] {logging_mixin.py:188} INFO - [2024-03-01T16:22:44.755+0530] {dag.py:3834} INFO - Setting next_dagrun for example_params_ui_tutorial to None, run_after=None
[2024-03-01T16:22:44.861+0530] {processor.py:183} INFO - Processing /home/akranth/airflow/airflow_env/lib/python3.11/site-packages/airflow/example_dags/example_params_ui_tutorial.py took 0.178 seconds
[2024-03-01T16:23:41.710+0530] {processor.py:161} INFO - Started process (PID=7564) to work on /home/akranth/airflow/airflow_env/lib/python3.11/site-packages/airflow/example_dags/example_params_ui_tutorial.py
[2024-03-01T16:23:41.711+0530] {processor.py:830} INFO - Processing file /home/akranth/airflow/airflow_env/lib/python3.11/site-packages/airflow/example_dags/example_params_ui_tutorial.py for tasks to queue
[2024-03-01T16:23:41.712+0530] {logging_mixin.py:188} INFO - [2024-03-01T16:23:41.711+0530] {dagbag.py:540} INFO - Filling up the DagBag from /home/akranth/airflow/airflow_env/lib/python3.11/site-packages/airflow/example_dags/example_params_ui_tutorial.py
[2024-03-01T16:23:41.721+0530] {processor.py:840} INFO - DAG(s) 'example_params_ui_tutorial' retrieved from /home/akranth/airflow/airflow_env/lib/python3.11/site-packages/airflow/example_dags/example_params_ui_tutorial.py
[2024-03-01T16:23:41.757+0530] {logging_mixin.py:188} INFO - [2024-03-01T16:23:41.756+0530] {dag.py:3047} INFO - Sync 1 DAGs
[2024-03-01T16:23:41.764+0530] {logging_mixin.py:188} INFO - [2024-03-01T16:23:41.764+0530] {dag.py:3834} INFO - Setting next_dagrun for example_params_ui_tutorial to None, run_after=None
[2024-03-01T16:23:42.056+0530] {processor.py:183} INFO - Processing /home/akranth/airflow/airflow_env/lib/python3.11/site-packages/airflow/example_dags/example_params_ui_tutorial.py took 0.348 seconds
[2024-03-01T16:24:45.200+0530] {processor.py:161} INFO - Started process (PID=7632) to work on /home/akranth/airflow/airflow_env/lib/python3.11/site-packages/airflow/example_dags/example_params_ui_tutorial.py
[2024-03-01T16:24:45.299+0530] {processor.py:830} INFO - Processing file /home/akranth/airflow/airflow_env/lib/python3.11/site-packages/airflow/example_dags/example_params_ui_tutorial.py for tasks to queue
[2024-03-01T16:24:45.302+0530] {logging_mixin.py:188} INFO - [2024-03-01T16:24:45.301+0530] {dagbag.py:540} INFO - Filling up the DagBag from /home/akranth/airflow/airflow_env/lib/python3.11/site-packages/airflow/example_dags/example_params_ui_tutorial.py
[2024-03-01T16:24:45.328+0530] {processor.py:840} INFO - DAG(s) 'example_params_ui_tutorial' retrieved from /home/akranth/airflow/airflow_env/lib/python3.11/site-packages/airflow/example_dags/example_params_ui_tutorial.py
[2024-03-01T16:24:45.364+0530] {logging_mixin.py:188} INFO - [2024-03-01T16:24:45.363+0530] {dag.py:3047} INFO - Sync 1 DAGs
[2024-03-01T16:24:45.372+0530] {logging_mixin.py:188} INFO - [2024-03-01T16:24:45.371+0530] {dag.py:3834} INFO - Setting next_dagrun for example_params_ui_tutorial to None, run_after=None
[2024-03-01T16:24:45.495+0530] {processor.py:183} INFO - Processing /home/akranth/airflow/airflow_env/lib/python3.11/site-packages/airflow/example_dags/example_params_ui_tutorial.py took 0.302 seconds
[2024-03-01T16:25:50.051+0530] {processor.py:161} INFO - Started process (PID=7701) to work on /home/akranth/airflow/airflow_env/lib/python3.11/site-packages/airflow/example_dags/example_params_ui_tutorial.py
[2024-03-01T16:25:50.154+0530] {processor.py:830} INFO - Processing file /home/akranth/airflow/airflow_env/lib/python3.11/site-packages/airflow/example_dags/example_params_ui_tutorial.py for tasks to queue
[2024-03-01T16:25:50.157+0530] {logging_mixin.py:188} INFO - [2024-03-01T16:25:50.156+0530] {dagbag.py:540} INFO - Filling up the DagBag from /home/akranth/airflow/airflow_env/lib/python3.11/site-packages/airflow/example_dags/example_params_ui_tutorial.py
[2024-03-01T16:25:50.184+0530] {processor.py:840} INFO - DAG(s) 'example_params_ui_tutorial' retrieved from /home/akranth/airflow/airflow_env/lib/python3.11/site-packages/airflow/example_dags/example_params_ui_tutorial.py
[2024-03-01T16:25:50.229+0530] {logging_mixin.py:188} INFO - [2024-03-01T16:25:50.228+0530] {dag.py:3047} INFO - Sync 1 DAGs
[2024-03-01T16:25:50.236+0530] {logging_mixin.py:188} INFO - [2024-03-01T16:25:50.236+0530] {dag.py:3834} INFO - Setting next_dagrun for example_params_ui_tutorial to None, run_after=None
[2024-03-01T16:25:50.370+0530] {processor.py:183} INFO - Processing /home/akranth/airflow/airflow_env/lib/python3.11/site-packages/airflow/example_dags/example_params_ui_tutorial.py took 0.322 seconds
[2024-03-01T16:26:47.947+0530] {processor.py:161} INFO - Started process (PID=7766) to work on /home/akranth/airflow/airflow_env/lib/python3.11/site-packages/airflow/example_dags/example_params_ui_tutorial.py
[2024-03-01T16:26:47.949+0530] {processor.py:830} INFO - Processing file /home/akranth/airflow/airflow_env/lib/python3.11/site-packages/airflow/example_dags/example_params_ui_tutorial.py for tasks to queue
[2024-03-01T16:26:47.951+0530] {logging_mixin.py:188} INFO - [2024-03-01T16:26:47.950+0530] {dagbag.py:540} INFO - Filling up the DagBag from /home/akranth/airflow/airflow_env/lib/python3.11/site-packages/airflow/example_dags/example_params_ui_tutorial.py
[2024-03-01T16:26:47.972+0530] {processor.py:840} INFO - DAG(s) 'example_params_ui_tutorial' retrieved from /home/akranth/airflow/airflow_env/lib/python3.11/site-packages/airflow/example_dags/example_params_ui_tutorial.py
[2024-03-01T16:26:48.013+0530] {logging_mixin.py:188} INFO - [2024-03-01T16:26:48.013+0530] {dag.py:3047} INFO - Sync 1 DAGs
[2024-03-01T16:26:48.021+0530] {logging_mixin.py:188} INFO - [2024-03-01T16:26:48.021+0530] {dag.py:3834} INFO - Setting next_dagrun for example_params_ui_tutorial to None, run_after=None
[2024-03-01T16:26:48.149+0530] {processor.py:183} INFO - Processing /home/akranth/airflow/airflow_env/lib/python3.11/site-packages/airflow/example_dags/example_params_ui_tutorial.py took 0.207 seconds
[2024-03-01T16:27:42.751+0530] {processor.py:161} INFO - Started process (PID=7827) to work on /home/akranth/airflow/airflow_env/lib/python3.11/site-packages/airflow/example_dags/example_params_ui_tutorial.py
[2024-03-01T16:27:42.753+0530] {processor.py:830} INFO - Processing file /home/akranth/airflow/airflow_env/lib/python3.11/site-packages/airflow/example_dags/example_params_ui_tutorial.py for tasks to queue
[2024-03-01T16:27:42.756+0530] {logging_mixin.py:188} INFO - [2024-03-01T16:27:42.755+0530] {dagbag.py:540} INFO - Filling up the DagBag from /home/akranth/airflow/airflow_env/lib/python3.11/site-packages/airflow/example_dags/example_params_ui_tutorial.py
[2024-03-01T16:27:42.777+0530] {processor.py:840} INFO - DAG(s) 'example_params_ui_tutorial' retrieved from /home/akranth/airflow/airflow_env/lib/python3.11/site-packages/airflow/example_dags/example_params_ui_tutorial.py
[2024-03-01T16:27:42.815+0530] {logging_mixin.py:188} INFO - [2024-03-01T16:27:42.815+0530] {dag.py:3047} INFO - Sync 1 DAGs
[2024-03-01T16:27:42.825+0530] {logging_mixin.py:188} INFO - [2024-03-01T16:27:42.825+0530] {dag.py:3834} INFO - Setting next_dagrun for example_params_ui_tutorial to None, run_after=None
[2024-03-01T16:27:42.982+0530] {processor.py:183} INFO - Processing /home/akranth/airflow/airflow_env/lib/python3.11/site-packages/airflow/example_dags/example_params_ui_tutorial.py took 0.237 seconds
[2024-03-01T16:28:52.164+0530] {processor.py:161} INFO - Started process (PID=7910) to work on /home/akranth/airflow/airflow_env/lib/python3.11/site-packages/airflow/example_dags/example_params_ui_tutorial.py
[2024-03-01T16:28:52.165+0530] {processor.py:830} INFO - Processing file /home/akranth/airflow/airflow_env/lib/python3.11/site-packages/airflow/example_dags/example_params_ui_tutorial.py for tasks to queue
[2024-03-01T16:28:52.166+0530] {logging_mixin.py:188} INFO - [2024-03-01T16:28:52.166+0530] {dagbag.py:540} INFO - Filling up the DagBag from /home/akranth/airflow/airflow_env/lib/python3.11/site-packages/airflow/example_dags/example_params_ui_tutorial.py
[2024-03-01T16:28:52.177+0530] {processor.py:840} INFO - DAG(s) 'example_params_ui_tutorial' retrieved from /home/akranth/airflow/airflow_env/lib/python3.11/site-packages/airflow/example_dags/example_params_ui_tutorial.py
[2024-03-01T16:28:52.222+0530] {logging_mixin.py:188} INFO - [2024-03-01T16:28:52.222+0530] {dag.py:3047} INFO - Sync 1 DAGs
[2024-03-01T16:28:52.233+0530] {logging_mixin.py:188} INFO - [2024-03-01T16:28:52.233+0530] {dag.py:3834} INFO - Setting next_dagrun for example_params_ui_tutorial to None, run_after=None
[2024-03-01T16:28:52.426+0530] {processor.py:183} INFO - Processing /home/akranth/airflow/airflow_env/lib/python3.11/site-packages/airflow/example_dags/example_params_ui_tutorial.py took 0.265 seconds
[2024-03-01T16:29:31.926+0530] {processor.py:161} INFO - Started process (PID=7956) to work on /home/akranth/airflow/airflow_env/lib/python3.11/site-packages/airflow/example_dags/example_params_ui_tutorial.py
[2024-03-01T16:29:31.927+0530] {processor.py:830} INFO - Processing file /home/akranth/airflow/airflow_env/lib/python3.11/site-packages/airflow/example_dags/example_params_ui_tutorial.py for tasks to queue
[2024-03-01T16:29:31.928+0530] {logging_mixin.py:188} INFO - [2024-03-01T16:29:31.927+0530] {dagbag.py:540} INFO - Filling up the DagBag from /home/akranth/airflow/airflow_env/lib/python3.11/site-packages/airflow/example_dags/example_params_ui_tutorial.py
[2024-03-01T16:29:31.940+0530] {processor.py:840} INFO - DAG(s) 'example_params_ui_tutorial' retrieved from /home/akranth/airflow/airflow_env/lib/python3.11/site-packages/airflow/example_dags/example_params_ui_tutorial.py
[2024-03-01T16:29:31.982+0530] {logging_mixin.py:188} INFO - [2024-03-01T16:29:31.981+0530] {dag.py:3047} INFO - Sync 1 DAGs
[2024-03-01T16:29:31.992+0530] {logging_mixin.py:188} INFO - [2024-03-01T16:29:31.991+0530] {dag.py:3834} INFO - Setting next_dagrun for example_params_ui_tutorial to None, run_after=None
[2024-03-01T16:29:32.203+0530] {processor.py:183} INFO - Processing /home/akranth/airflow/airflow_env/lib/python3.11/site-packages/airflow/example_dags/example_params_ui_tutorial.py took 0.281 seconds
[2024-03-01T16:30:14.846+0530] {processor.py:161} INFO - Started process (PID=8008) to work on /home/akranth/airflow/airflow_env/lib/python3.11/site-packages/airflow/example_dags/example_params_ui_tutorial.py
[2024-03-01T16:30:14.858+0530] {processor.py:830} INFO - Processing file /home/akranth/airflow/airflow_env/lib/python3.11/site-packages/airflow/example_dags/example_params_ui_tutorial.py for tasks to queue
[2024-03-01T16:30:14.860+0530] {logging_mixin.py:188} INFO - [2024-03-01T16:30:14.859+0530] {dagbag.py:540} INFO - Filling up the DagBag from /home/akranth/airflow/airflow_env/lib/python3.11/site-packages/airflow/example_dags/example_params_ui_tutorial.py
[2024-03-01T16:30:14.885+0530] {processor.py:840} INFO - DAG(s) 'example_params_ui_tutorial' retrieved from /home/akranth/airflow/airflow_env/lib/python3.11/site-packages/airflow/example_dags/example_params_ui_tutorial.py
[2024-03-01T16:30:14.927+0530] {logging_mixin.py:188} INFO - [2024-03-01T16:30:14.927+0530] {dag.py:3047} INFO - Sync 1 DAGs
[2024-03-01T16:30:14.938+0530] {logging_mixin.py:188} INFO - [2024-03-01T16:30:14.938+0530] {dag.py:3834} INFO - Setting next_dagrun for example_params_ui_tutorial to None, run_after=None
[2024-03-01T16:30:15.046+0530] {processor.py:183} INFO - Processing /home/akranth/airflow/airflow_env/lib/python3.11/site-packages/airflow/example_dags/example_params_ui_tutorial.py took 0.207 seconds
[2024-03-01T16:30:57.763+0530] {processor.py:161} INFO - Started process (PID=8275) to work on /home/akranth/airflow/airflow_env/lib/python3.11/site-packages/airflow/example_dags/example_params_ui_tutorial.py
[2024-03-01T16:30:57.777+0530] {processor.py:830} INFO - Processing file /home/akranth/airflow/airflow_env/lib/python3.11/site-packages/airflow/example_dags/example_params_ui_tutorial.py for tasks to queue
[2024-03-01T16:30:57.779+0530] {logging_mixin.py:188} INFO - [2024-03-01T16:30:57.778+0530] {dagbag.py:540} INFO - Filling up the DagBag from /home/akranth/airflow/airflow_env/lib/python3.11/site-packages/airflow/example_dags/example_params_ui_tutorial.py
[2024-03-01T16:30:57.803+0530] {processor.py:840} INFO - DAG(s) 'example_params_ui_tutorial' retrieved from /home/akranth/airflow/airflow_env/lib/python3.11/site-packages/airflow/example_dags/example_params_ui_tutorial.py
[2024-03-01T16:30:57.844+0530] {logging_mixin.py:188} INFO - [2024-03-01T16:30:57.843+0530] {dag.py:3047} INFO - Sync 1 DAGs
[2024-03-01T16:30:57.854+0530] {logging_mixin.py:188} INFO - [2024-03-01T16:30:57.854+0530] {dag.py:3834} INFO - Setting next_dagrun for example_params_ui_tutorial to None, run_after=None
[2024-03-01T16:30:58.026+0530] {processor.py:183} INFO - Processing /home/akranth/airflow/airflow_env/lib/python3.11/site-packages/airflow/example_dags/example_params_ui_tutorial.py took 0.266 seconds
[2024-03-01T16:31:41.543+0530] {processor.py:161} INFO - Started process (PID=8875) to work on /home/akranth/airflow/airflow_env/lib/python3.11/site-packages/airflow/example_dags/example_params_ui_tutorial.py
[2024-03-01T16:31:41.562+0530] {processor.py:830} INFO - Processing file /home/akranth/airflow/airflow_env/lib/python3.11/site-packages/airflow/example_dags/example_params_ui_tutorial.py for tasks to queue
[2024-03-01T16:31:41.563+0530] {logging_mixin.py:188} INFO - [2024-03-01T16:31:41.562+0530] {dagbag.py:540} INFO - Filling up the DagBag from /home/akranth/airflow/airflow_env/lib/python3.11/site-packages/airflow/example_dags/example_params_ui_tutorial.py
[2024-03-01T16:31:41.626+0530] {processor.py:840} INFO - DAG(s) 'example_params_ui_tutorial' retrieved from /home/akranth/airflow/airflow_env/lib/python3.11/site-packages/airflow/example_dags/example_params_ui_tutorial.py
[2024-03-01T16:31:41.712+0530] {logging_mixin.py:188} INFO - [2024-03-01T16:31:41.711+0530] {dag.py:3047} INFO - Sync 1 DAGs
[2024-03-01T16:31:41.724+0530] {logging_mixin.py:188} INFO - [2024-03-01T16:31:41.724+0530] {dag.py:3834} INFO - Setting next_dagrun for example_params_ui_tutorial to None, run_after=None
[2024-03-01T16:31:42.190+0530] {processor.py:183} INFO - Processing /home/akranth/airflow/airflow_env/lib/python3.11/site-packages/airflow/example_dags/example_params_ui_tutorial.py took 0.650 seconds
[2024-03-01T16:32:30.944+0530] {processor.py:161} INFO - Started process (PID=9270) to work on /home/akranth/airflow/airflow_env/lib/python3.11/site-packages/airflow/example_dags/example_params_ui_tutorial.py
[2024-03-01T16:32:30.952+0530] {processor.py:830} INFO - Processing file /home/akranth/airflow/airflow_env/lib/python3.11/site-packages/airflow/example_dags/example_params_ui_tutorial.py for tasks to queue
[2024-03-01T16:32:30.954+0530] {logging_mixin.py:188} INFO - [2024-03-01T16:32:30.953+0530] {dagbag.py:540} INFO - Filling up the DagBag from /home/akranth/airflow/airflow_env/lib/python3.11/site-packages/airflow/example_dags/example_params_ui_tutorial.py
[2024-03-01T16:32:30.984+0530] {processor.py:840} INFO - DAG(s) 'example_params_ui_tutorial' retrieved from /home/akranth/airflow/airflow_env/lib/python3.11/site-packages/airflow/example_dags/example_params_ui_tutorial.py
[2024-03-01T16:32:31.056+0530] {logging_mixin.py:188} INFO - [2024-03-01T16:32:31.056+0530] {dag.py:3047} INFO - Sync 1 DAGs
[2024-03-01T16:32:31.065+0530] {logging_mixin.py:188} INFO - [2024-03-01T16:32:31.065+0530] {dag.py:3834} INFO - Setting next_dagrun for example_params_ui_tutorial to None, run_after=None
[2024-03-01T16:32:31.269+0530] {processor.py:183} INFO - Processing /home/akranth/airflow/airflow_env/lib/python3.11/site-packages/airflow/example_dags/example_params_ui_tutorial.py took 0.332 seconds
[2024-03-01T16:33:20.940+0530] {processor.py:161} INFO - Started process (PID=9361) to work on /home/akranth/airflow/airflow_env/lib/python3.11/site-packages/airflow/example_dags/example_params_ui_tutorial.py
[2024-03-01T16:33:20.949+0530] {processor.py:830} INFO - Processing file /home/akranth/airflow/airflow_env/lib/python3.11/site-packages/airflow/example_dags/example_params_ui_tutorial.py for tasks to queue
[2024-03-01T16:33:20.950+0530] {logging_mixin.py:188} INFO - [2024-03-01T16:33:20.949+0530] {dagbag.py:540} INFO - Filling up the DagBag from /home/akranth/airflow/airflow_env/lib/python3.11/site-packages/airflow/example_dags/example_params_ui_tutorial.py
[2024-03-01T16:33:20.958+0530] {processor.py:840} INFO - DAG(s) 'example_params_ui_tutorial' retrieved from /home/akranth/airflow/airflow_env/lib/python3.11/site-packages/airflow/example_dags/example_params_ui_tutorial.py
[2024-03-01T16:33:20.995+0530] {logging_mixin.py:188} INFO - [2024-03-01T16:33:20.995+0530] {dag.py:3047} INFO - Sync 1 DAGs
[2024-03-01T16:33:21.003+0530] {logging_mixin.py:188} INFO - [2024-03-01T16:33:21.003+0530] {dag.py:3834} INFO - Setting next_dagrun for example_params_ui_tutorial to None, run_after=None
[2024-03-01T16:33:21.110+0530] {processor.py:183} INFO - Processing /home/akranth/airflow/airflow_env/lib/python3.11/site-packages/airflow/example_dags/example_params_ui_tutorial.py took 0.172 seconds
[2024-03-01T16:34:03.340+0530] {processor.py:161} INFO - Started process (PID=9429) to work on /home/akranth/airflow/airflow_env/lib/python3.11/site-packages/airflow/example_dags/example_params_ui_tutorial.py
[2024-03-01T16:34:03.349+0530] {processor.py:830} INFO - Processing file /home/akranth/airflow/airflow_env/lib/python3.11/site-packages/airflow/example_dags/example_params_ui_tutorial.py for tasks to queue
[2024-03-01T16:34:03.351+0530] {logging_mixin.py:188} INFO - [2024-03-01T16:34:03.350+0530] {dagbag.py:540} INFO - Filling up the DagBag from /home/akranth/airflow/airflow_env/lib/python3.11/site-packages/airflow/example_dags/example_params_ui_tutorial.py
[2024-03-01T16:34:03.379+0530] {processor.py:840} INFO - DAG(s) 'example_params_ui_tutorial' retrieved from /home/akranth/airflow/airflow_env/lib/python3.11/site-packages/airflow/example_dags/example_params_ui_tutorial.py
[2024-03-01T16:34:03.424+0530] {logging_mixin.py:188} INFO - [2024-03-01T16:34:03.423+0530] {dag.py:3047} INFO - Sync 1 DAGs
[2024-03-01T16:34:03.433+0530] {logging_mixin.py:188} INFO - [2024-03-01T16:34:03.433+0530] {dag.py:3834} INFO - Setting next_dagrun for example_params_ui_tutorial to None, run_after=None
[2024-03-01T16:34:03.546+0530] {processor.py:183} INFO - Processing /home/akranth/airflow/airflow_env/lib/python3.11/site-packages/airflow/example_dags/example_params_ui_tutorial.py took 0.210 seconds
[2024-03-01T16:34:44.152+0530] {processor.py:161} INFO - Started process (PID=9557) to work on /home/akranth/airflow/airflow_env/lib/python3.11/site-packages/airflow/example_dags/example_params_ui_tutorial.py
[2024-03-01T16:34:44.154+0530] {processor.py:830} INFO - Processing file /home/akranth/airflow/airflow_env/lib/python3.11/site-packages/airflow/example_dags/example_params_ui_tutorial.py for tasks to queue
[2024-03-01T16:34:44.157+0530] {logging_mixin.py:188} INFO - [2024-03-01T16:34:44.155+0530] {dagbag.py:540} INFO - Filling up the DagBag from /home/akranth/airflow/airflow_env/lib/python3.11/site-packages/airflow/example_dags/example_params_ui_tutorial.py
[2024-03-01T16:34:44.178+0530] {processor.py:840} INFO - DAG(s) 'example_params_ui_tutorial' retrieved from /home/akranth/airflow/airflow_env/lib/python3.11/site-packages/airflow/example_dags/example_params_ui_tutorial.py
[2024-03-01T16:34:44.216+0530] {logging_mixin.py:188} INFO - [2024-03-01T16:34:44.216+0530] {dag.py:3047} INFO - Sync 1 DAGs
[2024-03-01T16:34:44.225+0530] {logging_mixin.py:188} INFO - [2024-03-01T16:34:44.225+0530] {dag.py:3834} INFO - Setting next_dagrun for example_params_ui_tutorial to None, run_after=None
[2024-03-01T16:34:44.419+0530] {processor.py:183} INFO - Processing /home/akranth/airflow/airflow_env/lib/python3.11/site-packages/airflow/example_dags/example_params_ui_tutorial.py took 0.274 seconds
