[2024-03-01T16:18:05.839+0530] {processor.py:161} INFO - Started process (PID=7073) to work on /home/akranth/airflow/airflow_env/lib/python3.11/site-packages/airflow/example_dags/example_xcomargs.py
[2024-03-01T16:18:05.840+0530] {processor.py:830} INFO - Processing file /home/akranth/airflow/airflow_env/lib/python3.11/site-packages/airflow/example_dags/example_xcomargs.py for tasks to queue
[2024-03-01T16:18:05.840+0530] {logging_mixin.py:188} INFO - [2024-03-01T16:18:05.840+0530] {dagbag.py:540} INFO - Filling up the DagBag from /home/akranth/airflow/airflow_env/lib/python3.11/site-packages/airflow/example_dags/example_xcomargs.py
[2024-03-01T16:18:05.848+0530] {processor.py:840} INFO - DAG(s) 'example_xcom_args_with_operators', 'example_xcom_args' retrieved from /home/akranth/airflow/airflow_env/lib/python3.11/site-packages/airflow/example_dags/example_xcomargs.py
[2024-03-01T16:18:05.924+0530] {logging_mixin.py:188} INFO - [2024-03-01T16:18:05.924+0530] {dag.py:3047} INFO - Sync 2 DAGs
[2024-03-01T16:18:05.931+0530] {logging_mixin.py:188} INFO - [2024-03-01T16:18:05.931+0530] {dag.py:3834} INFO - Setting next_dagrun for example_xcom_args to None, run_after=None
[2024-03-01T16:18:05.932+0530] {logging_mixin.py:188} INFO - [2024-03-01T16:18:05.932+0530] {dag.py:3834} INFO - Setting next_dagrun for example_xcom_args_with_operators to None, run_after=None
[2024-03-01T16:18:06.191+0530] {processor.py:183} INFO - Processing /home/akranth/airflow/airflow_env/lib/python3.11/site-packages/airflow/example_dags/example_xcomargs.py took 0.353 seconds
[2024-03-01T16:19:15.025+0530] {processor.py:161} INFO - Started process (PID=7185) to work on /home/akranth/airflow/airflow_env/lib/python3.11/site-packages/airflow/example_dags/example_xcomargs.py
[2024-03-01T16:19:15.026+0530] {processor.py:830} INFO - Processing file /home/akranth/airflow/airflow_env/lib/python3.11/site-packages/airflow/example_dags/example_xcomargs.py for tasks to queue
[2024-03-01T16:19:15.027+0530] {logging_mixin.py:188} INFO - [2024-03-01T16:19:15.026+0530] {dagbag.py:540} INFO - Filling up the DagBag from /home/akranth/airflow/airflow_env/lib/python3.11/site-packages/airflow/example_dags/example_xcomargs.py
[2024-03-01T16:19:15.033+0530] {processor.py:840} INFO - DAG(s) 'example_xcom_args_with_operators', 'example_xcom_args' retrieved from /home/akranth/airflow/airflow_env/lib/python3.11/site-packages/airflow/example_dags/example_xcomargs.py
[2024-03-01T16:19:15.046+0530] {logging_mixin.py:188} INFO - [2024-03-01T16:19:15.046+0530] {dag.py:3047} INFO - Sync 2 DAGs
[2024-03-01T16:19:15.056+0530] {logging_mixin.py:188} INFO - [2024-03-01T16:19:15.055+0530] {dag.py:3834} INFO - Setting next_dagrun for example_xcom_args to None, run_after=None
[2024-03-01T16:19:15.058+0530] {logging_mixin.py:188} INFO - [2024-03-01T16:19:15.058+0530] {dag.py:3834} INFO - Setting next_dagrun for example_xcom_args_with_operators to None, run_after=None
[2024-03-01T16:19:15.463+0530] {processor.py:183} INFO - Processing /home/akranth/airflow/airflow_env/lib/python3.11/site-packages/airflow/example_dags/example_xcomargs.py took 0.439 seconds
[2024-03-01T16:20:16.458+0530] {processor.py:161} INFO - Started process (PID=7337) to work on /home/akranth/airflow/airflow_env/lib/python3.11/site-packages/airflow/example_dags/example_xcomargs.py
[2024-03-01T16:20:16.459+0530] {processor.py:830} INFO - Processing file /home/akranth/airflow/airflow_env/lib/python3.11/site-packages/airflow/example_dags/example_xcomargs.py for tasks to queue
[2024-03-01T16:20:16.460+0530] {logging_mixin.py:188} INFO - [2024-03-01T16:20:16.459+0530] {dagbag.py:540} INFO - Filling up the DagBag from /home/akranth/airflow/airflow_env/lib/python3.11/site-packages/airflow/example_dags/example_xcomargs.py
[2024-03-01T16:20:16.468+0530] {processor.py:840} INFO - DAG(s) 'example_xcom_args_with_operators', 'example_xcom_args' retrieved from /home/akranth/airflow/airflow_env/lib/python3.11/site-packages/airflow/example_dags/example_xcomargs.py
[2024-03-01T16:20:16.487+0530] {logging_mixin.py:188} INFO - [2024-03-01T16:20:16.486+0530] {dag.py:3047} INFO - Sync 2 DAGs
[2024-03-01T16:20:16.497+0530] {logging_mixin.py:188} INFO - [2024-03-01T16:20:16.497+0530] {dag.py:3834} INFO - Setting next_dagrun for example_xcom_args to None, run_after=None
[2024-03-01T16:20:16.500+0530] {logging_mixin.py:188} INFO - [2024-03-01T16:20:16.500+0530] {dag.py:3834} INFO - Setting next_dagrun for example_xcom_args_with_operators to None, run_after=None
[2024-03-01T16:20:16.860+0530] {processor.py:183} INFO - Processing /home/akranth/airflow/airflow_env/lib/python3.11/site-packages/airflow/example_dags/example_xcomargs.py took 0.405 seconds
[2024-03-01T16:21:16.423+0530] {processor.py:161} INFO - Started process (PID=7405) to work on /home/akranth/airflow/airflow_env/lib/python3.11/site-packages/airflow/example_dags/example_xcomargs.py
[2024-03-01T16:21:16.424+0530] {processor.py:830} INFO - Processing file /home/akranth/airflow/airflow_env/lib/python3.11/site-packages/airflow/example_dags/example_xcomargs.py for tasks to queue
[2024-03-01T16:21:16.425+0530] {logging_mixin.py:188} INFO - [2024-03-01T16:21:16.424+0530] {dagbag.py:540} INFO - Filling up the DagBag from /home/akranth/airflow/airflow_env/lib/python3.11/site-packages/airflow/example_dags/example_xcomargs.py
[2024-03-01T16:21:16.432+0530] {processor.py:840} INFO - DAG(s) 'example_xcom_args_with_operators', 'example_xcom_args' retrieved from /home/akranth/airflow/airflow_env/lib/python3.11/site-packages/airflow/example_dags/example_xcomargs.py
[2024-03-01T16:21:16.448+0530] {logging_mixin.py:188} INFO - [2024-03-01T16:21:16.448+0530] {dag.py:3047} INFO - Sync 2 DAGs
[2024-03-01T16:21:16.457+0530] {logging_mixin.py:188} INFO - [2024-03-01T16:21:16.457+0530] {dag.py:3834} INFO - Setting next_dagrun for example_xcom_args to None, run_after=None
[2024-03-01T16:21:16.459+0530] {logging_mixin.py:188} INFO - [2024-03-01T16:21:16.459+0530] {dag.py:3834} INFO - Setting next_dagrun for example_xcom_args_with_operators to None, run_after=None
[2024-03-01T16:21:16.644+0530] {processor.py:183} INFO - Processing /home/akranth/airflow/airflow_env/lib/python3.11/site-packages/airflow/example_dags/example_xcomargs.py took 0.223 seconds
[2024-03-01T16:22:20.392+0530] {processor.py:161} INFO - Started process (PID=7484) to work on /home/akranth/airflow/airflow_env/lib/python3.11/site-packages/airflow/example_dags/example_xcomargs.py
[2024-03-01T16:22:20.392+0530] {processor.py:830} INFO - Processing file /home/akranth/airflow/airflow_env/lib/python3.11/site-packages/airflow/example_dags/example_xcomargs.py for tasks to queue
[2024-03-01T16:22:20.393+0530] {logging_mixin.py:188} INFO - [2024-03-01T16:22:20.393+0530] {dagbag.py:540} INFO - Filling up the DagBag from /home/akranth/airflow/airflow_env/lib/python3.11/site-packages/airflow/example_dags/example_xcomargs.py
[2024-03-01T16:22:20.400+0530] {processor.py:840} INFO - DAG(s) 'example_xcom_args', 'example_xcom_args_with_operators' retrieved from /home/akranth/airflow/airflow_env/lib/python3.11/site-packages/airflow/example_dags/example_xcomargs.py
[2024-03-01T16:22:20.413+0530] {logging_mixin.py:188} INFO - [2024-03-01T16:22:20.413+0530] {dag.py:3047} INFO - Sync 2 DAGs
[2024-03-01T16:22:20.422+0530] {logging_mixin.py:188} INFO - [2024-03-01T16:22:20.422+0530] {dag.py:3834} INFO - Setting next_dagrun for example_xcom_args to None, run_after=None
[2024-03-01T16:22:20.425+0530] {logging_mixin.py:188} INFO - [2024-03-01T16:22:20.425+0530] {dag.py:3834} INFO - Setting next_dagrun for example_xcom_args_with_operators to None, run_after=None
[2024-03-01T16:22:20.743+0530] {processor.py:183} INFO - Processing /home/akranth/airflow/airflow_env/lib/python3.11/site-packages/airflow/example_dags/example_xcomargs.py took 0.353 seconds
[2024-03-01T16:23:17.622+0530] {processor.py:161} INFO - Started process (PID=7541) to work on /home/akranth/airflow/airflow_env/lib/python3.11/site-packages/airflow/example_dags/example_xcomargs.py
[2024-03-01T16:23:17.624+0530] {processor.py:830} INFO - Processing file /home/akranth/airflow/airflow_env/lib/python3.11/site-packages/airflow/example_dags/example_xcomargs.py for tasks to queue
[2024-03-01T16:23:17.627+0530] {logging_mixin.py:188} INFO - [2024-03-01T16:23:17.626+0530] {dagbag.py:540} INFO - Filling up the DagBag from /home/akranth/airflow/airflow_env/lib/python3.11/site-packages/airflow/example_dags/example_xcomargs.py
[2024-03-01T16:23:17.644+0530] {processor.py:840} INFO - DAG(s) 'example_xcom_args_with_operators', 'example_xcom_args' retrieved from /home/akranth/airflow/airflow_env/lib/python3.11/site-packages/airflow/example_dags/example_xcomargs.py
[2024-03-01T16:23:17.662+0530] {logging_mixin.py:188} INFO - [2024-03-01T16:23:17.661+0530] {dag.py:3047} INFO - Sync 2 DAGs
[2024-03-01T16:23:17.670+0530] {logging_mixin.py:188} INFO - [2024-03-01T16:23:17.670+0530] {dag.py:3834} INFO - Setting next_dagrun for example_xcom_args to None, run_after=None
[2024-03-01T16:23:17.673+0530] {logging_mixin.py:188} INFO - [2024-03-01T16:23:17.673+0530] {dag.py:3834} INFO - Setting next_dagrun for example_xcom_args_with_operators to None, run_after=None
[2024-03-01T16:23:17.868+0530] {processor.py:183} INFO - Processing /home/akranth/airflow/airflow_env/lib/python3.11/site-packages/airflow/example_dags/example_xcomargs.py took 0.252 seconds
[2024-03-01T16:24:16.502+0530] {processor.py:161} INFO - Started process (PID=7598) to work on /home/akranth/airflow/airflow_env/lib/python3.11/site-packages/airflow/example_dags/example_xcomargs.py
[2024-03-01T16:24:16.504+0530] {processor.py:830} INFO - Processing file /home/akranth/airflow/airflow_env/lib/python3.11/site-packages/airflow/example_dags/example_xcomargs.py for tasks to queue
[2024-03-01T16:24:16.506+0530] {logging_mixin.py:188} INFO - [2024-03-01T16:24:16.506+0530] {dagbag.py:540} INFO - Filling up the DagBag from /home/akranth/airflow/airflow_env/lib/python3.11/site-packages/airflow/example_dags/example_xcomargs.py
[2024-03-01T16:24:16.527+0530] {processor.py:840} INFO - DAG(s) 'example_xcom_args', 'example_xcom_args_with_operators' retrieved from /home/akranth/airflow/airflow_env/lib/python3.11/site-packages/airflow/example_dags/example_xcomargs.py
[2024-03-01T16:24:16.546+0530] {logging_mixin.py:188} INFO - [2024-03-01T16:24:16.546+0530] {dag.py:3047} INFO - Sync 2 DAGs
[2024-03-01T16:24:16.556+0530] {logging_mixin.py:188} INFO - [2024-03-01T16:24:16.555+0530] {dag.py:3834} INFO - Setting next_dagrun for example_xcom_args to None, run_after=None
[2024-03-01T16:24:16.558+0530] {logging_mixin.py:188} INFO - [2024-03-01T16:24:16.558+0530] {dag.py:3834} INFO - Setting next_dagrun for example_xcom_args_with_operators to None, run_after=None
[2024-03-01T16:24:16.746+0530] {processor.py:183} INFO - Processing /home/akranth/airflow/airflow_env/lib/python3.11/site-packages/airflow/example_dags/example_xcomargs.py took 0.250 seconds
[2024-03-01T16:25:23.211+0530] {processor.py:161} INFO - Started process (PID=7669) to work on /home/akranth/airflow/airflow_env/lib/python3.11/site-packages/airflow/example_dags/example_xcomargs.py
[2024-03-01T16:25:23.212+0530] {processor.py:830} INFO - Processing file /home/akranth/airflow/airflow_env/lib/python3.11/site-packages/airflow/example_dags/example_xcomargs.py for tasks to queue
[2024-03-01T16:25:23.212+0530] {logging_mixin.py:188} INFO - [2024-03-01T16:25:23.212+0530] {dagbag.py:540} INFO - Filling up the DagBag from /home/akranth/airflow/airflow_env/lib/python3.11/site-packages/airflow/example_dags/example_xcomargs.py
[2024-03-01T16:25:23.219+0530] {processor.py:840} INFO - DAG(s) 'example_xcom_args_with_operators', 'example_xcom_args' retrieved from /home/akranth/airflow/airflow_env/lib/python3.11/site-packages/airflow/example_dags/example_xcomargs.py
[2024-03-01T16:25:23.232+0530] {logging_mixin.py:188} INFO - [2024-03-01T16:25:23.232+0530] {dag.py:3047} INFO - Sync 2 DAGs
[2024-03-01T16:25:23.240+0530] {logging_mixin.py:188} INFO - [2024-03-01T16:25:23.240+0530] {dag.py:3834} INFO - Setting next_dagrun for example_xcom_args to None, run_after=None
[2024-03-01T16:25:23.243+0530] {logging_mixin.py:188} INFO - [2024-03-01T16:25:23.243+0530] {dag.py:3834} INFO - Setting next_dagrun for example_xcom_args_with_operators to None, run_after=None
[2024-03-01T16:25:23.415+0530] {processor.py:183} INFO - Processing /home/akranth/airflow/airflow_env/lib/python3.11/site-packages/airflow/example_dags/example_xcomargs.py took 0.206 seconds
[2024-03-01T16:26:24.064+0530] {processor.py:161} INFO - Started process (PID=7733) to work on /home/akranth/airflow/airflow_env/lib/python3.11/site-packages/airflow/example_dags/example_xcomargs.py
[2024-03-01T16:26:24.065+0530] {processor.py:830} INFO - Processing file /home/akranth/airflow/airflow_env/lib/python3.11/site-packages/airflow/example_dags/example_xcomargs.py for tasks to queue
[2024-03-01T16:26:24.066+0530] {logging_mixin.py:188} INFO - [2024-03-01T16:26:24.066+0530] {dagbag.py:540} INFO - Filling up the DagBag from /home/akranth/airflow/airflow_env/lib/python3.11/site-packages/airflow/example_dags/example_xcomargs.py
[2024-03-01T16:26:24.075+0530] {processor.py:840} INFO - DAG(s) 'example_xcom_args_with_operators', 'example_xcom_args' retrieved from /home/akranth/airflow/airflow_env/lib/python3.11/site-packages/airflow/example_dags/example_xcomargs.py
[2024-03-01T16:26:24.092+0530] {logging_mixin.py:188} INFO - [2024-03-01T16:26:24.092+0530] {dag.py:3047} INFO - Sync 2 DAGs
[2024-03-01T16:26:24.103+0530] {logging_mixin.py:188} INFO - [2024-03-01T16:26:24.102+0530] {dag.py:3834} INFO - Setting next_dagrun for example_xcom_args to None, run_after=None
[2024-03-01T16:26:24.105+0530] {logging_mixin.py:188} INFO - [2024-03-01T16:26:24.105+0530] {dag.py:3834} INFO - Setting next_dagrun for example_xcom_args_with_operators to None, run_after=None
[2024-03-01T16:26:24.203+0530] {processor.py:183} INFO - Processing /home/akranth/airflow/airflow_env/lib/python3.11/site-packages/airflow/example_dags/example_xcomargs.py took 0.142 seconds
[2024-03-01T16:27:19.009+0530] {processor.py:161} INFO - Started process (PID=7795) to work on /home/akranth/airflow/airflow_env/lib/python3.11/site-packages/airflow/example_dags/example_xcomargs.py
[2024-03-01T16:27:19.010+0530] {processor.py:830} INFO - Processing file /home/akranth/airflow/airflow_env/lib/python3.11/site-packages/airflow/example_dags/example_xcomargs.py for tasks to queue
[2024-03-01T16:27:19.011+0530] {logging_mixin.py:188} INFO - [2024-03-01T16:27:19.011+0530] {dagbag.py:540} INFO - Filling up the DagBag from /home/akranth/airflow/airflow_env/lib/python3.11/site-packages/airflow/example_dags/example_xcomargs.py
[2024-03-01T16:27:19.020+0530] {processor.py:840} INFO - DAG(s) 'example_xcom_args', 'example_xcom_args_with_operators' retrieved from /home/akranth/airflow/airflow_env/lib/python3.11/site-packages/airflow/example_dags/example_xcomargs.py
[2024-03-01T16:27:19.038+0530] {logging_mixin.py:188} INFO - [2024-03-01T16:27:19.037+0530] {dag.py:3047} INFO - Sync 2 DAGs
[2024-03-01T16:27:19.049+0530] {logging_mixin.py:188} INFO - [2024-03-01T16:27:19.049+0530] {dag.py:3834} INFO - Setting next_dagrun for example_xcom_args to None, run_after=None
[2024-03-01T16:27:19.052+0530] {logging_mixin.py:188} INFO - [2024-03-01T16:27:19.052+0530] {dag.py:3834} INFO - Setting next_dagrun for example_xcom_args_with_operators to None, run_after=None
[2024-03-01T16:27:19.202+0530] {processor.py:183} INFO - Processing /home/akranth/airflow/airflow_env/lib/python3.11/site-packages/airflow/example_dags/example_xcomargs.py took 0.196 seconds
[2024-03-01T16:28:19.742+0530] {processor.py:161} INFO - Started process (PID=7871) to work on /home/akranth/airflow/airflow_env/lib/python3.11/site-packages/airflow/example_dags/example_xcomargs.py
[2024-03-01T16:28:19.743+0530] {processor.py:830} INFO - Processing file /home/akranth/airflow/airflow_env/lib/python3.11/site-packages/airflow/example_dags/example_xcomargs.py for tasks to queue
[2024-03-01T16:28:19.744+0530] {logging_mixin.py:188} INFO - [2024-03-01T16:28:19.743+0530] {dagbag.py:540} INFO - Filling up the DagBag from /home/akranth/airflow/airflow_env/lib/python3.11/site-packages/airflow/example_dags/example_xcomargs.py
[2024-03-01T16:28:19.752+0530] {processor.py:840} INFO - DAG(s) 'example_xcom_args_with_operators', 'example_xcom_args' retrieved from /home/akranth/airflow/airflow_env/lib/python3.11/site-packages/airflow/example_dags/example_xcomargs.py
[2024-03-01T16:28:19.770+0530] {logging_mixin.py:188} INFO - [2024-03-01T16:28:19.770+0530] {dag.py:3047} INFO - Sync 2 DAGs
[2024-03-01T16:28:19.780+0530] {logging_mixin.py:188} INFO - [2024-03-01T16:28:19.779+0530] {dag.py:3834} INFO - Setting next_dagrun for example_xcom_args to None, run_after=None
[2024-03-01T16:28:19.782+0530] {logging_mixin.py:188} INFO - [2024-03-01T16:28:19.782+0530] {dag.py:3834} INFO - Setting next_dagrun for example_xcom_args_with_operators to None, run_after=None
[2024-03-01T16:28:19.903+0530] {processor.py:183} INFO - Processing /home/akranth/airflow/airflow_env/lib/python3.11/site-packages/airflow/example_dags/example_xcomargs.py took 0.163 seconds
[2024-03-01T16:29:37.367+0530] {processor.py:161} INFO - Started process (PID=7960) to work on /home/akranth/airflow/airflow_env/lib/python3.11/site-packages/airflow/example_dags/example_xcomargs.py
[2024-03-01T16:29:37.444+0530] {processor.py:830} INFO - Processing file /home/akranth/airflow/airflow_env/lib/python3.11/site-packages/airflow/example_dags/example_xcomargs.py for tasks to queue
[2024-03-01T16:29:37.447+0530] {logging_mixin.py:188} INFO - [2024-03-01T16:29:37.446+0530] {dagbag.py:540} INFO - Filling up the DagBag from /home/akranth/airflow/airflow_env/lib/python3.11/site-packages/airflow/example_dags/example_xcomargs.py
[2024-03-01T16:29:37.470+0530] {processor.py:840} INFO - DAG(s) 'example_xcom_args', 'example_xcom_args_with_operators' retrieved from /home/akranth/airflow/airflow_env/lib/python3.11/site-packages/airflow/example_dags/example_xcomargs.py
[2024-03-01T16:29:37.496+0530] {logging_mixin.py:188} INFO - [2024-03-01T16:29:37.496+0530] {dag.py:3047} INFO - Sync 2 DAGs
[2024-03-01T16:29:37.508+0530] {logging_mixin.py:188} INFO - [2024-03-01T16:29:37.507+0530] {dag.py:3834} INFO - Setting next_dagrun for example_xcom_args to None, run_after=None
[2024-03-01T16:29:37.510+0530] {logging_mixin.py:188} INFO - [2024-03-01T16:29:37.510+0530] {dag.py:3834} INFO - Setting next_dagrun for example_xcom_args_with_operators to None, run_after=None
[2024-03-01T16:29:37.617+0530] {processor.py:183} INFO - Processing /home/akranth/airflow/airflow_env/lib/python3.11/site-packages/airflow/example_dags/example_xcomargs.py took 0.252 seconds
[2024-03-01T16:30:28.902+0530] {processor.py:161} INFO - Started process (PID=8021) to work on /home/akranth/airflow/airflow_env/lib/python3.11/site-packages/airflow/example_dags/example_xcomargs.py
[2024-03-01T16:30:28.910+0530] {processor.py:830} INFO - Processing file /home/akranth/airflow/airflow_env/lib/python3.11/site-packages/airflow/example_dags/example_xcomargs.py for tasks to queue
[2024-03-01T16:30:28.912+0530] {logging_mixin.py:188} INFO - [2024-03-01T16:30:28.911+0530] {dagbag.py:540} INFO - Filling up the DagBag from /home/akranth/airflow/airflow_env/lib/python3.11/site-packages/airflow/example_dags/example_xcomargs.py
[2024-03-01T16:30:28.920+0530] {processor.py:840} INFO - DAG(s) 'example_xcom_args', 'example_xcom_args_with_operators' retrieved from /home/akranth/airflow/airflow_env/lib/python3.11/site-packages/airflow/example_dags/example_xcomargs.py
[2024-03-01T16:30:28.933+0530] {logging_mixin.py:188} INFO - [2024-03-01T16:30:28.932+0530] {dag.py:3047} INFO - Sync 2 DAGs
[2024-03-01T16:30:28.940+0530] {logging_mixin.py:188} INFO - [2024-03-01T16:30:28.940+0530] {dag.py:3834} INFO - Setting next_dagrun for example_xcom_args to None, run_after=None
[2024-03-01T16:30:28.942+0530] {logging_mixin.py:188} INFO - [2024-03-01T16:30:28.942+0530] {dag.py:3834} INFO - Setting next_dagrun for example_xcom_args_with_operators to None, run_after=None
[2024-03-01T16:30:29.048+0530] {processor.py:183} INFO - Processing /home/akranth/airflow/airflow_env/lib/python3.11/site-packages/airflow/example_dags/example_xcomargs.py took 0.148 seconds
[2024-03-01T16:31:46.808+0530] {processor.py:161} INFO - Started process (PID=8975) to work on /home/akranth/airflow/airflow_env/lib/python3.11/site-packages/airflow/example_dags/example_xcomargs.py
[2024-03-01T16:31:46.849+0530] {processor.py:830} INFO - Processing file /home/akranth/airflow/airflow_env/lib/python3.11/site-packages/airflow/example_dags/example_xcomargs.py for tasks to queue
[2024-03-01T16:31:46.851+0530] {logging_mixin.py:188} INFO - [2024-03-01T16:31:46.850+0530] {dagbag.py:540} INFO - Filling up the DagBag from /home/akranth/airflow/airflow_env/lib/python3.11/site-packages/airflow/example_dags/example_xcomargs.py
[2024-03-01T16:31:46.997+0530] {processor.py:840} INFO - DAG(s) 'example_xcom_args_with_operators', 'example_xcom_args' retrieved from /home/akranth/airflow/airflow_env/lib/python3.11/site-packages/airflow/example_dags/example_xcomargs.py
[2024-03-01T16:31:47.091+0530] {logging_mixin.py:188} INFO - [2024-03-01T16:31:47.091+0530] {dag.py:3047} INFO - Sync 2 DAGs
[2024-03-01T16:31:47.116+0530] {logging_mixin.py:188} INFO - [2024-03-01T16:31:47.115+0530] {dag.py:3834} INFO - Setting next_dagrun for example_xcom_args to None, run_after=None
[2024-03-01T16:31:47.122+0530] {logging_mixin.py:188} INFO - [2024-03-01T16:31:47.121+0530] {dag.py:3834} INFO - Setting next_dagrun for example_xcom_args_with_operators to None, run_after=None
[2024-03-01T16:31:47.536+0530] {processor.py:183} INFO - Processing /home/akranth/airflow/airflow_env/lib/python3.11/site-packages/airflow/example_dags/example_xcomargs.py took 0.730 seconds
[2024-03-01T16:32:39.587+0530] {processor.py:161} INFO - Started process (PID=9283) to work on /home/akranth/airflow/airflow_env/lib/python3.11/site-packages/airflow/example_dags/example_xcomargs.py
[2024-03-01T16:32:39.597+0530] {processor.py:830} INFO - Processing file /home/akranth/airflow/airflow_env/lib/python3.11/site-packages/airflow/example_dags/example_xcomargs.py for tasks to queue
[2024-03-01T16:32:39.599+0530] {logging_mixin.py:188} INFO - [2024-03-01T16:32:39.598+0530] {dagbag.py:540} INFO - Filling up the DagBag from /home/akranth/airflow/airflow_env/lib/python3.11/site-packages/airflow/example_dags/example_xcomargs.py
[2024-03-01T16:32:39.619+0530] {processor.py:840} INFO - DAG(s) 'example_xcom_args_with_operators', 'example_xcom_args' retrieved from /home/akranth/airflow/airflow_env/lib/python3.11/site-packages/airflow/example_dags/example_xcomargs.py
[2024-03-01T16:32:39.639+0530] {logging_mixin.py:188} INFO - [2024-03-01T16:32:39.639+0530] {dag.py:3047} INFO - Sync 2 DAGs
[2024-03-01T16:32:39.648+0530] {logging_mixin.py:188} INFO - [2024-03-01T16:32:39.647+0530] {dag.py:3834} INFO - Setting next_dagrun for example_xcom_args to None, run_after=None
[2024-03-01T16:32:39.650+0530] {logging_mixin.py:188} INFO - [2024-03-01T16:32:39.650+0530] {dag.py:3834} INFO - Setting next_dagrun for example_xcom_args_with_operators to None, run_after=None
[2024-03-01T16:32:39.811+0530] {processor.py:183} INFO - Processing /home/akranth/airflow/airflow_env/lib/python3.11/site-packages/airflow/example_dags/example_xcomargs.py took 0.230 seconds
[2024-03-01T16:33:34.944+0530] {processor.py:161} INFO - Started process (PID=9379) to work on /home/akranth/airflow/airflow_env/lib/python3.11/site-packages/airflow/example_dags/example_xcomargs.py
[2024-03-01T16:33:34.963+0530] {processor.py:830} INFO - Processing file /home/akranth/airflow/airflow_env/lib/python3.11/site-packages/airflow/example_dags/example_xcomargs.py for tasks to queue
[2024-03-01T16:33:34.965+0530] {logging_mixin.py:188} INFO - [2024-03-01T16:33:34.964+0530] {dagbag.py:540} INFO - Filling up the DagBag from /home/akranth/airflow/airflow_env/lib/python3.11/site-packages/airflow/example_dags/example_xcomargs.py
[2024-03-01T16:33:34.986+0530] {processor.py:840} INFO - DAG(s) 'example_xcom_args', 'example_xcom_args_with_operators' retrieved from /home/akranth/airflow/airflow_env/lib/python3.11/site-packages/airflow/example_dags/example_xcomargs.py
[2024-03-01T16:33:35.006+0530] {logging_mixin.py:188} INFO - [2024-03-01T16:33:35.006+0530] {dag.py:3047} INFO - Sync 2 DAGs
[2024-03-01T16:33:35.015+0530] {logging_mixin.py:188} INFO - [2024-03-01T16:33:35.015+0530] {dag.py:3834} INFO - Setting next_dagrun for example_xcom_args to None, run_after=None
[2024-03-01T16:33:35.017+0530] {logging_mixin.py:188} INFO - [2024-03-01T16:33:35.017+0530] {dag.py:3834} INFO - Setting next_dagrun for example_xcom_args_with_operators to None, run_after=None
[2024-03-01T16:33:35.113+0530] {processor.py:183} INFO - Processing /home/akranth/airflow/airflow_env/lib/python3.11/site-packages/airflow/example_dags/example_xcomargs.py took 0.176 seconds
[2024-03-01T16:34:53.481+0530] {processor.py:161} INFO - Started process (PID=9578) to work on /home/akranth/airflow/airflow_env/lib/python3.11/site-packages/airflow/example_dags/example_xcomargs.py
[2024-03-01T16:34:53.492+0530] {processor.py:830} INFO - Processing file /home/akranth/airflow/airflow_env/lib/python3.11/site-packages/airflow/example_dags/example_xcomargs.py for tasks to queue
[2024-03-01T16:34:53.492+0530] {logging_mixin.py:188} INFO - [2024-03-01T16:34:53.492+0530] {dagbag.py:540} INFO - Filling up the DagBag from /home/akranth/airflow/airflow_env/lib/python3.11/site-packages/airflow/example_dags/example_xcomargs.py
[2024-03-01T16:34:53.501+0530] {processor.py:840} INFO - DAG(s) 'example_xcom_args_with_operators', 'example_xcom_args' retrieved from /home/akranth/airflow/airflow_env/lib/python3.11/site-packages/airflow/example_dags/example_xcomargs.py
[2024-03-01T16:34:53.520+0530] {logging_mixin.py:188} INFO - [2024-03-01T16:34:53.520+0530] {dag.py:3047} INFO - Sync 2 DAGs
[2024-03-01T16:34:53.532+0530] {logging_mixin.py:188} INFO - [2024-03-01T16:34:53.532+0530] {dag.py:3834} INFO - Setting next_dagrun for example_xcom_args to None, run_after=None
[2024-03-01T16:34:53.535+0530] {logging_mixin.py:188} INFO - [2024-03-01T16:34:53.535+0530] {dag.py:3834} INFO - Setting next_dagrun for example_xcom_args_with_operators to None, run_after=None
[2024-03-01T16:34:53.654+0530] {processor.py:183} INFO - Processing /home/akranth/airflow/airflow_env/lib/python3.11/site-packages/airflow/example_dags/example_xcomargs.py took 0.175 seconds
