[2024-03-01T16:18:38.042+0530] {processor.py:161} INFO - Started process (PID=7113) to work on /home/akranth/airflow/airflow_env/lib/python3.11/site-packages/airflow/example_dags/example_branch_labels.py
[2024-03-01T16:18:38.043+0530] {processor.py:830} INFO - Processing file /home/akranth/airflow/airflow_env/lib/python3.11/site-packages/airflow/example_dags/example_branch_labels.py for tasks to queue
[2024-03-01T16:18:38.045+0530] {logging_mixin.py:188} INFO - [2024-03-01T16:18:38.045+0530] {dagbag.py:540} INFO - Filling up the DagBag from /home/akranth/airflow/airflow_env/lib/python3.11/site-packages/airflow/example_dags/example_branch_labels.py
[2024-03-01T16:18:38.063+0530] {processor.py:840} INFO - DAG(s) 'example_branch_labels' retrieved from /home/akranth/airflow/airflow_env/lib/python3.11/site-packages/airflow/example_dags/example_branch_labels.py
[2024-03-01T16:18:38.208+0530] {logging_mixin.py:188} INFO - [2024-03-01T16:18:38.208+0530] {dag.py:3047} INFO - Sync 1 DAGs
[2024-03-01T16:18:38.221+0530] {logging_mixin.py:188} INFO - [2024-03-01T16:18:38.221+0530] {dag.py:3834} INFO - Setting next_dagrun for example_branch_labels to 2024-02-29 00:00:00+00:00, run_after=2024-03-01 00:00:00+00:00
[2024-03-01T16:18:38.425+0530] {processor.py:183} INFO - Processing /home/akranth/airflow/airflow_env/lib/python3.11/site-packages/airflow/example_dags/example_branch_labels.py took 0.390 seconds
[2024-03-01T16:19:53.601+0530] {processor.py:161} INFO - Started process (PID=7248) to work on /home/akranth/airflow/airflow_env/lib/python3.11/site-packages/airflow/example_dags/example_branch_labels.py
[2024-03-01T16:19:53.616+0530] {processor.py:830} INFO - Processing file /home/akranth/airflow/airflow_env/lib/python3.11/site-packages/airflow/example_dags/example_branch_labels.py for tasks to queue
[2024-03-01T16:19:53.619+0530] {logging_mixin.py:188} INFO - [2024-03-01T16:19:53.618+0530] {dagbag.py:540} INFO - Filling up the DagBag from /home/akranth/airflow/airflow_env/lib/python3.11/site-packages/airflow/example_dags/example_branch_labels.py
[2024-03-01T16:19:53.637+0530] {processor.py:840} INFO - DAG(s) 'example_branch_labels' retrieved from /home/akranth/airflow/airflow_env/lib/python3.11/site-packages/airflow/example_dags/example_branch_labels.py
[2024-03-01T16:19:53.750+0530] {logging_mixin.py:188} INFO - [2024-03-01T16:19:53.750+0530] {dag.py:3047} INFO - Sync 1 DAGs
[2024-03-01T16:19:53.765+0530] {logging_mixin.py:188} INFO - [2024-03-01T16:19:53.765+0530] {dag.py:3834} INFO - Setting next_dagrun for example_branch_labels to 2024-02-29 00:00:00+00:00, run_after=2024-03-01 00:00:00+00:00
[2024-03-01T16:19:53.878+0530] {processor.py:183} INFO - Processing /home/akranth/airflow/airflow_env/lib/python3.11/site-packages/airflow/example_dags/example_branch_labels.py took 0.283 seconds
[2024-03-01T16:20:53.499+0530] {processor.py:161} INFO - Started process (PID=7384) to work on /home/akranth/airflow/airflow_env/lib/python3.11/site-packages/airflow/example_dags/example_branch_labels.py
[2024-03-01T16:20:53.514+0530] {processor.py:830} INFO - Processing file /home/akranth/airflow/airflow_env/lib/python3.11/site-packages/airflow/example_dags/example_branch_labels.py for tasks to queue
[2024-03-01T16:20:53.515+0530] {logging_mixin.py:188} INFO - [2024-03-01T16:20:53.515+0530] {dagbag.py:540} INFO - Filling up the DagBag from /home/akranth/airflow/airflow_env/lib/python3.11/site-packages/airflow/example_dags/example_branch_labels.py
[2024-03-01T16:20:53.522+0530] {processor.py:840} INFO - DAG(s) 'example_branch_labels' retrieved from /home/akranth/airflow/airflow_env/lib/python3.11/site-packages/airflow/example_dags/example_branch_labels.py
[2024-03-01T16:20:53.539+0530] {logging_mixin.py:188} INFO - [2024-03-01T16:20:53.539+0530] {dag.py:3047} INFO - Sync 1 DAGs
[2024-03-01T16:20:53.556+0530] {logging_mixin.py:188} INFO - [2024-03-01T16:20:53.556+0530] {dag.py:3834} INFO - Setting next_dagrun for example_branch_labels to 2024-02-29 00:00:00+00:00, run_after=2024-03-01 00:00:00+00:00
[2024-03-01T16:20:53.675+0530] {processor.py:183} INFO - Processing /home/akranth/airflow/airflow_env/lib/python3.11/site-packages/airflow/example_dags/example_branch_labels.py took 0.179 seconds
[2024-03-01T16:21:55.824+0530] {processor.py:161} INFO - Started process (PID=7452) to work on /home/akranth/airflow/airflow_env/lib/python3.11/site-packages/airflow/example_dags/example_branch_labels.py
[2024-03-01T16:21:55.826+0530] {processor.py:830} INFO - Processing file /home/akranth/airflow/airflow_env/lib/python3.11/site-packages/airflow/example_dags/example_branch_labels.py for tasks to queue
[2024-03-01T16:21:55.829+0530] {logging_mixin.py:188} INFO - [2024-03-01T16:21:55.828+0530] {dagbag.py:540} INFO - Filling up the DagBag from /home/akranth/airflow/airflow_env/lib/python3.11/site-packages/airflow/example_dags/example_branch_labels.py
[2024-03-01T16:21:55.846+0530] {processor.py:840} INFO - DAG(s) 'example_branch_labels' retrieved from /home/akranth/airflow/airflow_env/lib/python3.11/site-packages/airflow/example_dags/example_branch_labels.py
[2024-03-01T16:21:55.865+0530] {logging_mixin.py:188} INFO - [2024-03-01T16:21:55.864+0530] {dag.py:3047} INFO - Sync 1 DAGs
[2024-03-01T16:21:55.882+0530] {logging_mixin.py:188} INFO - [2024-03-01T16:21:55.882+0530] {dag.py:3834} INFO - Setting next_dagrun for example_branch_labels to 2024-02-29 00:00:00+00:00, run_after=2024-03-01 00:00:00+00:00
[2024-03-01T16:21:56.111+0530] {processor.py:183} INFO - Processing /home/akranth/airflow/airflow_env/lib/python3.11/site-packages/airflow/example_dags/example_branch_labels.py took 0.293 seconds
[2024-03-01T16:22:54.416+0530] {processor.py:161} INFO - Started process (PID=7515) to work on /home/akranth/airflow/airflow_env/lib/python3.11/site-packages/airflow/example_dags/example_branch_labels.py
[2024-03-01T16:22:54.417+0530] {processor.py:830} INFO - Processing file /home/akranth/airflow/airflow_env/lib/python3.11/site-packages/airflow/example_dags/example_branch_labels.py for tasks to queue
[2024-03-01T16:22:54.418+0530] {logging_mixin.py:188} INFO - [2024-03-01T16:22:54.418+0530] {dagbag.py:540} INFO - Filling up the DagBag from /home/akranth/airflow/airflow_env/lib/python3.11/site-packages/airflow/example_dags/example_branch_labels.py
[2024-03-01T16:22:54.423+0530] {processor.py:840} INFO - DAG(s) 'example_branch_labels' retrieved from /home/akranth/airflow/airflow_env/lib/python3.11/site-packages/airflow/example_dags/example_branch_labels.py
[2024-03-01T16:22:54.436+0530] {logging_mixin.py:188} INFO - [2024-03-01T16:22:54.435+0530] {dag.py:3047} INFO - Sync 1 DAGs
[2024-03-01T16:22:54.451+0530] {logging_mixin.py:188} INFO - [2024-03-01T16:22:54.450+0530] {dag.py:3834} INFO - Setting next_dagrun for example_branch_labels to 2024-02-29 00:00:00+00:00, run_after=2024-03-01 00:00:00+00:00
[2024-03-01T16:22:54.632+0530] {processor.py:183} INFO - Processing /home/akranth/airflow/airflow_env/lib/python3.11/site-packages/airflow/example_dags/example_branch_labels.py took 0.218 seconds
[2024-03-01T16:23:54.255+0530] {processor.py:161} INFO - Started process (PID=7574) to work on /home/akranth/airflow/airflow_env/lib/python3.11/site-packages/airflow/example_dags/example_branch_labels.py
[2024-03-01T16:23:54.347+0530] {processor.py:830} INFO - Processing file /home/akranth/airflow/airflow_env/lib/python3.11/site-packages/airflow/example_dags/example_branch_labels.py for tasks to queue
[2024-03-01T16:23:54.349+0530] {logging_mixin.py:188} INFO - [2024-03-01T16:23:54.348+0530] {dagbag.py:540} INFO - Filling up the DagBag from /home/akranth/airflow/airflow_env/lib/python3.11/site-packages/airflow/example_dags/example_branch_labels.py
[2024-03-01T16:23:54.369+0530] {processor.py:840} INFO - DAG(s) 'example_branch_labels' retrieved from /home/akranth/airflow/airflow_env/lib/python3.11/site-packages/airflow/example_dags/example_branch_labels.py
[2024-03-01T16:23:54.392+0530] {logging_mixin.py:188} INFO - [2024-03-01T16:23:54.392+0530] {dag.py:3047} INFO - Sync 1 DAGs
[2024-03-01T16:23:54.410+0530] {logging_mixin.py:188} INFO - [2024-03-01T16:23:54.409+0530] {dag.py:3834} INFO - Setting next_dagrun for example_branch_labels to 2024-02-29 00:00:00+00:00, run_after=2024-03-01 00:00:00+00:00
[2024-03-01T16:23:54.730+0530] {processor.py:183} INFO - Processing /home/akranth/airflow/airflow_env/lib/python3.11/site-packages/airflow/example_dags/example_branch_labels.py took 0.476 seconds
[2024-03-01T16:25:01.247+0530] {processor.py:161} INFO - Started process (PID=7643) to work on /home/akranth/airflow/airflow_env/lib/python3.11/site-packages/airflow/example_dags/example_branch_labels.py
[2024-03-01T16:25:01.248+0530] {processor.py:830} INFO - Processing file /home/akranth/airflow/airflow_env/lib/python3.11/site-packages/airflow/example_dags/example_branch_labels.py for tasks to queue
[2024-03-01T16:25:01.249+0530] {logging_mixin.py:188} INFO - [2024-03-01T16:25:01.248+0530] {dagbag.py:540} INFO - Filling up the DagBag from /home/akranth/airflow/airflow_env/lib/python3.11/site-packages/airflow/example_dags/example_branch_labels.py
[2024-03-01T16:25:01.255+0530] {processor.py:840} INFO - DAG(s) 'example_branch_labels' retrieved from /home/akranth/airflow/airflow_env/lib/python3.11/site-packages/airflow/example_dags/example_branch_labels.py
[2024-03-01T16:25:01.269+0530] {logging_mixin.py:188} INFO - [2024-03-01T16:25:01.269+0530] {dag.py:3047} INFO - Sync 1 DAGs
[2024-03-01T16:25:01.285+0530] {logging_mixin.py:188} INFO - [2024-03-01T16:25:01.285+0530] {dag.py:3834} INFO - Setting next_dagrun for example_branch_labels to 2024-02-29 00:00:00+00:00, run_after=2024-03-01 00:00:00+00:00
[2024-03-01T16:25:01.455+0530] {processor.py:183} INFO - Processing /home/akranth/airflow/airflow_env/lib/python3.11/site-packages/airflow/example_dags/example_branch_labels.py took 0.209 seconds
[2024-03-01T16:26:03.558+0530] {processor.py:161} INFO - Started process (PID=7712) to work on /home/akranth/airflow/airflow_env/lib/python3.11/site-packages/airflow/example_dags/example_branch_labels.py
[2024-03-01T16:26:03.559+0530] {processor.py:830} INFO - Processing file /home/akranth/airflow/airflow_env/lib/python3.11/site-packages/airflow/example_dags/example_branch_labels.py for tasks to queue
[2024-03-01T16:26:03.559+0530] {logging_mixin.py:188} INFO - [2024-03-01T16:26:03.559+0530] {dagbag.py:540} INFO - Filling up the DagBag from /home/akranth/airflow/airflow_env/lib/python3.11/site-packages/airflow/example_dags/example_branch_labels.py
[2024-03-01T16:26:03.565+0530] {processor.py:840} INFO - DAG(s) 'example_branch_labels' retrieved from /home/akranth/airflow/airflow_env/lib/python3.11/site-packages/airflow/example_dags/example_branch_labels.py
[2024-03-01T16:26:03.579+0530] {logging_mixin.py:188} INFO - [2024-03-01T16:26:03.579+0530] {dag.py:3047} INFO - Sync 1 DAGs
[2024-03-01T16:26:03.596+0530] {logging_mixin.py:188} INFO - [2024-03-01T16:26:03.596+0530] {dag.py:3834} INFO - Setting next_dagrun for example_branch_labels to 2024-02-29 00:00:00+00:00, run_after=2024-03-01 00:00:00+00:00
[2024-03-01T16:26:03.897+0530] {processor.py:183} INFO - Processing /home/akranth/airflow/airflow_env/lib/python3.11/site-packages/airflow/example_dags/example_branch_labels.py took 0.341 seconds
[2024-03-01T16:27:01.520+0530] {processor.py:161} INFO - Started process (PID=7777) to work on /home/akranth/airflow/airflow_env/lib/python3.11/site-packages/airflow/example_dags/example_branch_labels.py
[2024-03-01T16:27:01.521+0530] {processor.py:830} INFO - Processing file /home/akranth/airflow/airflow_env/lib/python3.11/site-packages/airflow/example_dags/example_branch_labels.py for tasks to queue
[2024-03-01T16:27:01.521+0530] {logging_mixin.py:188} INFO - [2024-03-01T16:27:01.521+0530] {dagbag.py:540} INFO - Filling up the DagBag from /home/akranth/airflow/airflow_env/lib/python3.11/site-packages/airflow/example_dags/example_branch_labels.py
[2024-03-01T16:27:01.527+0530] {processor.py:840} INFO - DAG(s) 'example_branch_labels' retrieved from /home/akranth/airflow/airflow_env/lib/python3.11/site-packages/airflow/example_dags/example_branch_labels.py
[2024-03-01T16:27:01.541+0530] {logging_mixin.py:188} INFO - [2024-03-01T16:27:01.541+0530] {dag.py:3047} INFO - Sync 1 DAGs
[2024-03-01T16:27:01.557+0530] {logging_mixin.py:188} INFO - [2024-03-01T16:27:01.557+0530] {dag.py:3834} INFO - Setting next_dagrun for example_branch_labels to 2024-02-29 00:00:00+00:00, run_after=2024-03-01 00:00:00+00:00
[2024-03-01T16:27:01.673+0530] {processor.py:183} INFO - Processing /home/akranth/airflow/airflow_env/lib/python3.11/site-packages/airflow/example_dags/example_branch_labels.py took 0.155 seconds
[2024-03-01T16:27:56.191+0530] {processor.py:161} INFO - Started process (PID=7840) to work on /home/akranth/airflow/airflow_env/lib/python3.11/site-packages/airflow/example_dags/example_branch_labels.py
[2024-03-01T16:27:56.192+0530] {processor.py:830} INFO - Processing file /home/akranth/airflow/airflow_env/lib/python3.11/site-packages/airflow/example_dags/example_branch_labels.py for tasks to queue
[2024-03-01T16:27:56.193+0530] {logging_mixin.py:188} INFO - [2024-03-01T16:27:56.193+0530] {dagbag.py:540} INFO - Filling up the DagBag from /home/akranth/airflow/airflow_env/lib/python3.11/site-packages/airflow/example_dags/example_branch_labels.py
[2024-03-01T16:27:56.198+0530] {processor.py:840} INFO - DAG(s) 'example_branch_labels' retrieved from /home/akranth/airflow/airflow_env/lib/python3.11/site-packages/airflow/example_dags/example_branch_labels.py
[2024-03-01T16:27:56.211+0530] {logging_mixin.py:188} INFO - [2024-03-01T16:27:56.211+0530] {dag.py:3047} INFO - Sync 1 DAGs
[2024-03-01T16:27:56.225+0530] {logging_mixin.py:188} INFO - [2024-03-01T16:27:56.224+0530] {dag.py:3834} INFO - Setting next_dagrun for example_branch_labels to 2024-02-29 00:00:00+00:00, run_after=2024-03-01 00:00:00+00:00
[2024-03-01T16:27:56.457+0530] {processor.py:183} INFO - Processing /home/akranth/airflow/airflow_env/lib/python3.11/site-packages/airflow/example_dags/example_branch_labels.py took 0.267 seconds
[2024-03-01T16:29:12.948+0530] {processor.py:161} INFO - Started process (PID=7931) to work on /home/akranth/airflow/airflow_env/lib/python3.11/site-packages/airflow/example_dags/example_branch_labels.py
[2024-03-01T16:29:13.028+0530] {processor.py:830} INFO - Processing file /home/akranth/airflow/airflow_env/lib/python3.11/site-packages/airflow/example_dags/example_branch_labels.py for tasks to queue
[2024-03-01T16:29:13.030+0530] {logging_mixin.py:188} INFO - [2024-03-01T16:29:13.029+0530] {dagbag.py:540} INFO - Filling up the DagBag from /home/akranth/airflow/airflow_env/lib/python3.11/site-packages/airflow/example_dags/example_branch_labels.py
[2024-03-01T16:29:13.043+0530] {processor.py:840} INFO - DAG(s) 'example_branch_labels' retrieved from /home/akranth/airflow/airflow_env/lib/python3.11/site-packages/airflow/example_dags/example_branch_labels.py
[2024-03-01T16:29:13.066+0530] {logging_mixin.py:188} INFO - [2024-03-01T16:29:13.065+0530] {dag.py:3047} INFO - Sync 1 DAGs
[2024-03-01T16:29:13.086+0530] {logging_mixin.py:188} INFO - [2024-03-01T16:29:13.086+0530] {dag.py:3834} INFO - Setting next_dagrun for example_branch_labels to 2024-02-29 00:00:00+00:00, run_after=2024-03-01 00:00:00+00:00
[2024-03-01T16:29:13.195+0530] {processor.py:183} INFO - Processing /home/akranth/airflow/airflow_env/lib/python3.11/site-packages/airflow/example_dags/example_branch_labels.py took 0.250 seconds
[2024-03-01T16:30:38.481+0530] {processor.py:161} INFO - Started process (PID=8124) to work on /home/akranth/airflow/airflow_env/lib/python3.11/site-packages/airflow/example_dags/example_branch_labels.py
[2024-03-01T16:30:38.526+0530] {processor.py:830} INFO - Processing file /home/akranth/airflow/airflow_env/lib/python3.11/site-packages/airflow/example_dags/example_branch_labels.py for tasks to queue
[2024-03-01T16:30:38.527+0530] {logging_mixin.py:188} INFO - [2024-03-01T16:30:38.526+0530] {dagbag.py:540} INFO - Filling up the DagBag from /home/akranth/airflow/airflow_env/lib/python3.11/site-packages/airflow/example_dags/example_branch_labels.py
[2024-03-01T16:30:38.536+0530] {processor.py:840} INFO - DAG(s) 'example_branch_labels' retrieved from /home/akranth/airflow/airflow_env/lib/python3.11/site-packages/airflow/example_dags/example_branch_labels.py
[2024-03-01T16:30:38.551+0530] {logging_mixin.py:188} INFO - [2024-03-01T16:30:38.551+0530] {dag.py:3047} INFO - Sync 1 DAGs
[2024-03-01T16:30:38.570+0530] {logging_mixin.py:188} INFO - [2024-03-01T16:30:38.569+0530] {dag.py:3834} INFO - Setting next_dagrun for example_branch_labels to 2024-02-29 00:00:00+00:00, run_after=2024-03-01 00:00:00+00:00
[2024-03-01T16:30:38.996+0530] {processor.py:183} INFO - Processing /home/akranth/airflow/airflow_env/lib/python3.11/site-packages/airflow/example_dags/example_branch_labels.py took 0.517 seconds
[2024-03-01T16:31:57.321+0530] {processor.py:161} INFO - Started process (PID=9127) to work on /home/akranth/airflow/airflow_env/lib/python3.11/site-packages/airflow/example_dags/example_branch_labels.py
[2024-03-01T16:31:57.387+0530] {processor.py:830} INFO - Processing file /home/akranth/airflow/airflow_env/lib/python3.11/site-packages/airflow/example_dags/example_branch_labels.py for tasks to queue
[2024-03-01T16:31:57.388+0530] {logging_mixin.py:188} INFO - [2024-03-01T16:31:57.388+0530] {dagbag.py:540} INFO - Filling up the DagBag from /home/akranth/airflow/airflow_env/lib/python3.11/site-packages/airflow/example_dags/example_branch_labels.py
[2024-03-01T16:31:57.423+0530] {processor.py:840} INFO - DAG(s) 'example_branch_labels' retrieved from /home/akranth/airflow/airflow_env/lib/python3.11/site-packages/airflow/example_dags/example_branch_labels.py
[2024-03-01T16:31:57.472+0530] {logging_mixin.py:188} INFO - [2024-03-01T16:31:57.471+0530] {dag.py:3047} INFO - Sync 1 DAGs
[2024-03-01T16:31:57.860+0530] {logging_mixin.py:188} INFO - [2024-03-01T16:31:57.860+0530] {dag.py:3834} INFO - Setting next_dagrun for example_branch_labels to 2024-02-29 00:00:00+00:00, run_after=2024-03-01 00:00:00+00:00
[2024-03-01T16:31:59.194+0530] {processor.py:183} INFO - Processing /home/akranth/airflow/airflow_env/lib/python3.11/site-packages/airflow/example_dags/example_branch_labels.py took 1.877 seconds
[2024-03-01T16:33:40.483+0530] {processor.py:161} INFO - Started process (PID=9388) to work on /home/akranth/airflow/airflow_env/lib/python3.11/site-packages/airflow/example_dags/example_branch_labels.py
[2024-03-01T16:33:40.504+0530] {processor.py:830} INFO - Processing file /home/akranth/airflow/airflow_env/lib/python3.11/site-packages/airflow/example_dags/example_branch_labels.py for tasks to queue
[2024-03-01T16:33:40.506+0530] {logging_mixin.py:188} INFO - [2024-03-01T16:33:40.506+0530] {dagbag.py:540} INFO - Filling up the DagBag from /home/akranth/airflow/airflow_env/lib/python3.11/site-packages/airflow/example_dags/example_branch_labels.py
[2024-03-01T16:33:40.525+0530] {processor.py:840} INFO - DAG(s) 'example_branch_labels' retrieved from /home/akranth/airflow/airflow_env/lib/python3.11/site-packages/airflow/example_dags/example_branch_labels.py
[2024-03-01T16:33:41.555+0530] {logging_mixin.py:188} INFO - [2024-03-01T16:33:41.555+0530] {dag.py:3047} INFO - Sync 1 DAGs
[2024-03-01T16:33:41.580+0530] {logging_mixin.py:188} INFO - [2024-03-01T16:33:41.580+0530] {dag.py:3834} INFO - Setting next_dagrun for example_branch_labels to 2024-02-29 00:00:00+00:00, run_after=2024-03-01 00:00:00+00:00
[2024-03-01T16:33:41.919+0530] {processor.py:183} INFO - Processing /home/akranth/airflow/airflow_env/lib/python3.11/site-packages/airflow/example_dags/example_branch_labels.py took 1.442 seconds
[2024-03-01T16:34:58.189+0530] {processor.py:161} INFO - Started process (PID=9585) to work on /home/akranth/airflow/airflow_env/lib/python3.11/site-packages/airflow/example_dags/example_branch_labels.py
[2024-03-01T16:34:58.220+0530] {processor.py:830} INFO - Processing file /home/akranth/airflow/airflow_env/lib/python3.11/site-packages/airflow/example_dags/example_branch_labels.py for tasks to queue
[2024-03-01T16:34:58.222+0530] {logging_mixin.py:188} INFO - [2024-03-01T16:34:58.221+0530] {dagbag.py:540} INFO - Filling up the DagBag from /home/akranth/airflow/airflow_env/lib/python3.11/site-packages/airflow/example_dags/example_branch_labels.py
[2024-03-01T16:34:58.242+0530] {processor.py:840} INFO - DAG(s) 'example_branch_labels' retrieved from /home/akranth/airflow/airflow_env/lib/python3.11/site-packages/airflow/example_dags/example_branch_labels.py
[2024-03-01T16:34:58.268+0530] {logging_mixin.py:188} INFO - [2024-03-01T16:34:58.268+0530] {dag.py:3047} INFO - Sync 1 DAGs
[2024-03-01T16:34:58.287+0530] {logging_mixin.py:188} INFO - [2024-03-01T16:34:58.287+0530] {dag.py:3834} INFO - Setting next_dagrun for example_branch_labels to 2024-02-29 00:00:00+00:00, run_after=2024-03-01 00:00:00+00:00
[2024-03-01T16:34:58.416+0530] {processor.py:183} INFO - Processing /home/akranth/airflow/airflow_env/lib/python3.11/site-packages/airflow/example_dags/example_branch_labels.py took 0.231 seconds
