[2024-03-01T16:18:53.896+0530] {processor.py:161} INFO - Started process (PID=7160) to work on /home/akranth/airflow/airflow_env/lib/python3.11/site-packages/airflow/example_dags/example_bash_operator.py
[2024-03-01T16:18:53.897+0530] {processor.py:830} INFO - Processing file /home/akranth/airflow/airflow_env/lib/python3.11/site-packages/airflow/example_dags/example_bash_operator.py for tasks to queue
[2024-03-01T16:18:53.898+0530] {logging_mixin.py:188} INFO - [2024-03-01T16:18:53.897+0530] {dagbag.py:540} INFO - Filling up the DagBag from /home/akranth/airflow/airflow_env/lib/python3.11/site-packages/airflow/example_dags/example_bash_operator.py
[2024-03-01T16:18:53.910+0530] {processor.py:840} INFO - DAG(s) 'example_bash_operator' retrieved from /home/akranth/airflow/airflow_env/lib/python3.11/site-packages/airflow/example_dags/example_bash_operator.py
[2024-03-01T16:18:54.097+0530] {logging_mixin.py:188} INFO - [2024-03-01T16:18:54.096+0530] {dag.py:3047} INFO - Sync 1 DAGs
[2024-03-01T16:18:54.110+0530] {logging_mixin.py:188} INFO - [2024-03-01T16:18:54.109+0530] {dag.py:3834} INFO - Setting next_dagrun for example_bash_operator to 2024-02-29 00:00:00+00:00, run_after=2024-03-01 00:00:00+00:00
[2024-03-01T16:18:54.245+0530] {processor.py:183} INFO - Processing /home/akranth/airflow/airflow_env/lib/python3.11/site-packages/airflow/example_dags/example_bash_operator.py took 0.351 seconds
[2024-03-01T16:20:03.942+0530] {processor.py:161} INFO - Started process (PID=7259) to work on /home/akranth/airflow/airflow_env/lib/python3.11/site-packages/airflow/example_dags/example_bash_operator.py
[2024-03-01T16:20:03.943+0530] {processor.py:830} INFO - Processing file /home/akranth/airflow/airflow_env/lib/python3.11/site-packages/airflow/example_dags/example_bash_operator.py for tasks to queue
[2024-03-01T16:20:03.944+0530] {logging_mixin.py:188} INFO - [2024-03-01T16:20:03.943+0530] {dagbag.py:540} INFO - Filling up the DagBag from /home/akranth/airflow/airflow_env/lib/python3.11/site-packages/airflow/example_dags/example_bash_operator.py
[2024-03-01T16:20:04.029+0530] {processor.py:840} INFO - DAG(s) 'example_bash_operator' retrieved from /home/akranth/airflow/airflow_env/lib/python3.11/site-packages/airflow/example_dags/example_bash_operator.py
[2024-03-01T16:20:04.043+0530] {logging_mixin.py:188} INFO - [2024-03-01T16:20:04.043+0530] {dag.py:3047} INFO - Sync 1 DAGs
[2024-03-01T16:20:04.057+0530] {logging_mixin.py:188} INFO - [2024-03-01T16:20:04.056+0530] {dag.py:3834} INFO - Setting next_dagrun for example_bash_operator to 2024-02-29 00:00:00+00:00, run_after=2024-03-01 00:00:00+00:00
[2024-03-01T16:20:04.250+0530] {processor.py:183} INFO - Processing /home/akranth/airflow/airflow_env/lib/python3.11/site-packages/airflow/example_dags/example_bash_operator.py took 0.310 seconds
[2024-03-01T16:21:03.979+0530] {processor.py:161} INFO - Started process (PID=7393) to work on /home/akranth/airflow/airflow_env/lib/python3.11/site-packages/airflow/example_dags/example_bash_operator.py
[2024-03-01T16:21:03.980+0530] {processor.py:830} INFO - Processing file /home/akranth/airflow/airflow_env/lib/python3.11/site-packages/airflow/example_dags/example_bash_operator.py for tasks to queue
[2024-03-01T16:21:03.981+0530] {logging_mixin.py:188} INFO - [2024-03-01T16:21:03.980+0530] {dagbag.py:540} INFO - Filling up the DagBag from /home/akranth/airflow/airflow_env/lib/python3.11/site-packages/airflow/example_dags/example_bash_operator.py
[2024-03-01T16:21:03.989+0530] {processor.py:840} INFO - DAG(s) 'example_bash_operator' retrieved from /home/akranth/airflow/airflow_env/lib/python3.11/site-packages/airflow/example_dags/example_bash_operator.py
[2024-03-01T16:21:04.006+0530] {logging_mixin.py:188} INFO - [2024-03-01T16:21:04.006+0530] {dag.py:3047} INFO - Sync 1 DAGs
[2024-03-01T16:21:04.021+0530] {logging_mixin.py:188} INFO - [2024-03-01T16:21:04.020+0530] {dag.py:3834} INFO - Setting next_dagrun for example_bash_operator to 2024-02-29 00:00:00+00:00, run_after=2024-03-01 00:00:00+00:00
[2024-03-01T16:21:04.200+0530] {processor.py:183} INFO - Processing /home/akranth/airflow/airflow_env/lib/python3.11/site-packages/airflow/example_dags/example_bash_operator.py took 0.223 seconds
[2024-03-01T16:22:06.113+0530] {processor.py:161} INFO - Started process (PID=7462) to work on /home/akranth/airflow/airflow_env/lib/python3.11/site-packages/airflow/example_dags/example_bash_operator.py
[2024-03-01T16:22:06.114+0530] {processor.py:830} INFO - Processing file /home/akranth/airflow/airflow_env/lib/python3.11/site-packages/airflow/example_dags/example_bash_operator.py for tasks to queue
[2024-03-01T16:22:06.115+0530] {logging_mixin.py:188} INFO - [2024-03-01T16:22:06.114+0530] {dagbag.py:540} INFO - Filling up the DagBag from /home/akranth/airflow/airflow_env/lib/python3.11/site-packages/airflow/example_dags/example_bash_operator.py
[2024-03-01T16:22:06.127+0530] {processor.py:840} INFO - DAG(s) 'example_bash_operator' retrieved from /home/akranth/airflow/airflow_env/lib/python3.11/site-packages/airflow/example_dags/example_bash_operator.py
[2024-03-01T16:22:06.150+0530] {logging_mixin.py:188} INFO - [2024-03-01T16:22:06.150+0530] {dag.py:3047} INFO - Sync 1 DAGs
[2024-03-01T16:22:06.168+0530] {logging_mixin.py:188} INFO - [2024-03-01T16:22:06.168+0530] {dag.py:3834} INFO - Setting next_dagrun for example_bash_operator to 2024-02-29 00:00:00+00:00, run_after=2024-03-01 00:00:00+00:00
[2024-03-01T16:22:06.387+0530] {processor.py:183} INFO - Processing /home/akranth/airflow/airflow_env/lib/python3.11/site-packages/airflow/example_dags/example_bash_operator.py took 0.277 seconds
[2024-03-01T16:23:05.518+0530] {processor.py:161} INFO - Started process (PID=7523) to work on /home/akranth/airflow/airflow_env/lib/python3.11/site-packages/airflow/example_dags/example_bash_operator.py
[2024-03-01T16:23:05.519+0530] {processor.py:830} INFO - Processing file /home/akranth/airflow/airflow_env/lib/python3.11/site-packages/airflow/example_dags/example_bash_operator.py for tasks to queue
[2024-03-01T16:23:05.519+0530] {logging_mixin.py:188} INFO - [2024-03-01T16:23:05.519+0530] {dagbag.py:540} INFO - Filling up the DagBag from /home/akranth/airflow/airflow_env/lib/python3.11/site-packages/airflow/example_dags/example_bash_operator.py
[2024-03-01T16:23:05.529+0530] {processor.py:840} INFO - DAG(s) 'example_bash_operator' retrieved from /home/akranth/airflow/airflow_env/lib/python3.11/site-packages/airflow/example_dags/example_bash_operator.py
[2024-03-01T16:23:05.547+0530] {logging_mixin.py:188} INFO - [2024-03-01T16:23:05.547+0530] {dag.py:3047} INFO - Sync 1 DAGs
[2024-03-01T16:23:05.562+0530] {logging_mixin.py:188} INFO - [2024-03-01T16:23:05.562+0530] {dag.py:3834} INFO - Setting next_dagrun for example_bash_operator to 2024-02-29 00:00:00+00:00, run_after=2024-03-01 00:00:00+00:00
[2024-03-01T16:23:05.673+0530] {processor.py:183} INFO - Processing /home/akranth/airflow/airflow_env/lib/python3.11/site-packages/airflow/example_dags/example_bash_operator.py took 0.157 seconds
[2024-03-01T16:24:05.459+0530] {processor.py:161} INFO - Started process (PID=7582) to work on /home/akranth/airflow/airflow_env/lib/python3.11/site-packages/airflow/example_dags/example_bash_operator.py
[2024-03-01T16:24:05.461+0530] {processor.py:830} INFO - Processing file /home/akranth/airflow/airflow_env/lib/python3.11/site-packages/airflow/example_dags/example_bash_operator.py for tasks to queue
[2024-03-01T16:24:05.463+0530] {logging_mixin.py:188} INFO - [2024-03-01T16:24:05.462+0530] {dagbag.py:540} INFO - Filling up the DagBag from /home/akranth/airflow/airflow_env/lib/python3.11/site-packages/airflow/example_dags/example_bash_operator.py
[2024-03-01T16:24:05.483+0530] {processor.py:840} INFO - DAG(s) 'example_bash_operator' retrieved from /home/akranth/airflow/airflow_env/lib/python3.11/site-packages/airflow/example_dags/example_bash_operator.py
[2024-03-01T16:24:05.506+0530] {logging_mixin.py:188} INFO - [2024-03-01T16:24:05.506+0530] {dag.py:3047} INFO - Sync 1 DAGs
[2024-03-01T16:24:05.523+0530] {logging_mixin.py:188} INFO - [2024-03-01T16:24:05.523+0530] {dag.py:3834} INFO - Setting next_dagrun for example_bash_operator to 2024-02-29 00:00:00+00:00, run_after=2024-03-01 00:00:00+00:00
[2024-03-01T16:24:05.703+0530] {processor.py:183} INFO - Processing /home/akranth/airflow/airflow_env/lib/python3.11/site-packages/airflow/example_dags/example_bash_operator.py took 0.250 seconds
[2024-03-01T16:25:10.842+0530] {processor.py:161} INFO - Started process (PID=7651) to work on /home/akranth/airflow/airflow_env/lib/python3.11/site-packages/airflow/example_dags/example_bash_operator.py
[2024-03-01T16:25:10.930+0530] {processor.py:830} INFO - Processing file /home/akranth/airflow/airflow_env/lib/python3.11/site-packages/airflow/example_dags/example_bash_operator.py for tasks to queue
[2024-03-01T16:25:10.932+0530] {logging_mixin.py:188} INFO - [2024-03-01T16:25:10.931+0530] {dagbag.py:540} INFO - Filling up the DagBag from /home/akranth/airflow/airflow_env/lib/python3.11/site-packages/airflow/example_dags/example_bash_operator.py
[2024-03-01T16:25:10.957+0530] {processor.py:840} INFO - DAG(s) 'example_bash_operator' retrieved from /home/akranth/airflow/airflow_env/lib/python3.11/site-packages/airflow/example_dags/example_bash_operator.py
[2024-03-01T16:25:10.973+0530] {logging_mixin.py:188} INFO - [2024-03-01T16:25:10.973+0530] {dag.py:3047} INFO - Sync 1 DAGs
[2024-03-01T16:25:10.988+0530] {logging_mixin.py:188} INFO - [2024-03-01T16:25:10.988+0530] {dag.py:3834} INFO - Setting next_dagrun for example_bash_operator to 2024-02-29 00:00:00+00:00, run_after=2024-03-01 00:00:00+00:00
[2024-03-01T16:25:11.084+0530] {processor.py:183} INFO - Processing /home/akranth/airflow/airflow_env/lib/python3.11/site-packages/airflow/example_dags/example_bash_operator.py took 0.244 seconds
[2024-03-01T16:26:14.558+0530] {processor.py:161} INFO - Started process (PID=7723) to work on /home/akranth/airflow/airflow_env/lib/python3.11/site-packages/airflow/example_dags/example_bash_operator.py
[2024-03-01T16:26:14.560+0530] {processor.py:830} INFO - Processing file /home/akranth/airflow/airflow_env/lib/python3.11/site-packages/airflow/example_dags/example_bash_operator.py for tasks to queue
[2024-03-01T16:26:14.563+0530] {logging_mixin.py:188} INFO - [2024-03-01T16:26:14.562+0530] {dagbag.py:540} INFO - Filling up the DagBag from /home/akranth/airflow/airflow_env/lib/python3.11/site-packages/airflow/example_dags/example_bash_operator.py
[2024-03-01T16:26:14.583+0530] {processor.py:840} INFO - DAG(s) 'example_bash_operator' retrieved from /home/akranth/airflow/airflow_env/lib/python3.11/site-packages/airflow/example_dags/example_bash_operator.py
[2024-03-01T16:26:14.605+0530] {logging_mixin.py:188} INFO - [2024-03-01T16:26:14.605+0530] {dag.py:3047} INFO - Sync 1 DAGs
[2024-03-01T16:26:14.621+0530] {logging_mixin.py:188} INFO - [2024-03-01T16:26:14.621+0530] {dag.py:3834} INFO - Setting next_dagrun for example_bash_operator to 2024-02-29 00:00:00+00:00, run_after=2024-03-01 00:00:00+00:00
[2024-03-01T16:26:14.739+0530] {processor.py:183} INFO - Processing /home/akranth/airflow/airflow_env/lib/python3.11/site-packages/airflow/example_dags/example_bash_operator.py took 0.188 seconds
[2024-03-01T16:27:10.669+0530] {processor.py:161} INFO - Started process (PID=7786) to work on /home/akranth/airflow/airflow_env/lib/python3.11/site-packages/airflow/example_dags/example_bash_operator.py
[2024-03-01T16:27:10.670+0530] {processor.py:830} INFO - Processing file /home/akranth/airflow/airflow_env/lib/python3.11/site-packages/airflow/example_dags/example_bash_operator.py for tasks to queue
[2024-03-01T16:27:10.671+0530] {logging_mixin.py:188} INFO - [2024-03-01T16:27:10.670+0530] {dagbag.py:540} INFO - Filling up the DagBag from /home/akranth/airflow/airflow_env/lib/python3.11/site-packages/airflow/example_dags/example_bash_operator.py
[2024-03-01T16:27:10.680+0530] {processor.py:840} INFO - DAG(s) 'example_bash_operator' retrieved from /home/akranth/airflow/airflow_env/lib/python3.11/site-packages/airflow/example_dags/example_bash_operator.py
[2024-03-01T16:27:10.699+0530] {logging_mixin.py:188} INFO - [2024-03-01T16:27:10.699+0530] {dag.py:3047} INFO - Sync 1 DAGs
[2024-03-01T16:27:10.714+0530] {logging_mixin.py:188} INFO - [2024-03-01T16:27:10.714+0530] {dag.py:3834} INFO - Setting next_dagrun for example_bash_operator to 2024-02-29 00:00:00+00:00, run_after=2024-03-01 00:00:00+00:00
[2024-03-01T16:27:10.828+0530] {processor.py:183} INFO - Processing /home/akranth/airflow/airflow_env/lib/python3.11/site-packages/airflow/example_dags/example_bash_operator.py took 0.161 seconds
[2024-03-01T16:28:44.527+0530] {processor.py:161} INFO - Started process (PID=7895) to work on /home/akranth/airflow/airflow_env/lib/python3.11/site-packages/airflow/example_dags/example_bash_operator.py
[2024-03-01T16:28:44.617+0530] {processor.py:830} INFO - Processing file /home/akranth/airflow/airflow_env/lib/python3.11/site-packages/airflow/example_dags/example_bash_operator.py for tasks to queue
[2024-03-01T16:28:44.620+0530] {logging_mixin.py:188} INFO - [2024-03-01T16:28:44.618+0530] {dagbag.py:540} INFO - Filling up the DagBag from /home/akranth/airflow/airflow_env/lib/python3.11/site-packages/airflow/example_dags/example_bash_operator.py
[2024-03-01T16:28:44.648+0530] {processor.py:840} INFO - DAG(s) 'example_bash_operator' retrieved from /home/akranth/airflow/airflow_env/lib/python3.11/site-packages/airflow/example_dags/example_bash_operator.py
[2024-03-01T16:28:44.672+0530] {logging_mixin.py:188} INFO - [2024-03-01T16:28:44.672+0530] {dag.py:3047} INFO - Sync 1 DAGs
[2024-03-01T16:28:44.687+0530] {logging_mixin.py:188} INFO - [2024-03-01T16:28:44.687+0530] {dag.py:3834} INFO - Setting next_dagrun for example_bash_operator to 2024-02-29 00:00:00+00:00, run_after=2024-03-01 00:00:00+00:00
[2024-03-01T16:28:44.801+0530] {processor.py:183} INFO - Processing /home/akranth/airflow/airflow_env/lib/python3.11/site-packages/airflow/example_dags/example_bash_operator.py took 0.277 seconds
[2024-03-01T16:30:05.642+0530] {processor.py:161} INFO - Started process (PID=7989) to work on /home/akranth/airflow/airflow_env/lib/python3.11/site-packages/airflow/example_dags/example_bash_operator.py
[2024-03-01T16:30:05.729+0530] {processor.py:830} INFO - Processing file /home/akranth/airflow/airflow_env/lib/python3.11/site-packages/airflow/example_dags/example_bash_operator.py for tasks to queue
[2024-03-01T16:30:05.732+0530] {logging_mixin.py:188} INFO - [2024-03-01T16:30:05.731+0530] {dagbag.py:540} INFO - Filling up the DagBag from /home/akranth/airflow/airflow_env/lib/python3.11/site-packages/airflow/example_dags/example_bash_operator.py
[2024-03-01T16:30:05.748+0530] {processor.py:840} INFO - DAG(s) 'example_bash_operator' retrieved from /home/akranth/airflow/airflow_env/lib/python3.11/site-packages/airflow/example_dags/example_bash_operator.py
[2024-03-01T16:30:05.768+0530] {logging_mixin.py:188} INFO - [2024-03-01T16:30:05.768+0530] {dag.py:3047} INFO - Sync 1 DAGs
[2024-03-01T16:30:05.787+0530] {logging_mixin.py:188} INFO - [2024-03-01T16:30:05.787+0530] {dag.py:3834} INFO - Setting next_dagrun for example_bash_operator to 2024-02-29 00:00:00+00:00, run_after=2024-03-01 00:00:00+00:00
[2024-03-01T16:30:05.893+0530] {processor.py:183} INFO - Processing /home/akranth/airflow/airflow_env/lib/python3.11/site-packages/airflow/example_dags/example_bash_operator.py took 0.253 seconds
[2024-03-01T16:31:25.406+0530] {processor.py:161} INFO - Started process (PID=8458) to work on /home/akranth/airflow/airflow_env/lib/python3.11/site-packages/airflow/example_dags/example_bash_operator.py
[2024-03-01T16:31:25.423+0530] {processor.py:830} INFO - Processing file /home/akranth/airflow/airflow_env/lib/python3.11/site-packages/airflow/example_dags/example_bash_operator.py for tasks to queue
[2024-03-01T16:31:25.424+0530] {logging_mixin.py:188} INFO - [2024-03-01T16:31:25.424+0530] {dagbag.py:540} INFO - Filling up the DagBag from /home/akranth/airflow/airflow_env/lib/python3.11/site-packages/airflow/example_dags/example_bash_operator.py
[2024-03-01T16:31:25.439+0530] {processor.py:840} INFO - DAG(s) 'example_bash_operator' retrieved from /home/akranth/airflow/airflow_env/lib/python3.11/site-packages/airflow/example_dags/example_bash_operator.py
[2024-03-01T16:31:25.465+0530] {logging_mixin.py:188} INFO - [2024-03-01T16:31:25.465+0530] {dag.py:3047} INFO - Sync 1 DAGs
[2024-03-01T16:31:25.490+0530] {logging_mixin.py:188} INFO - [2024-03-01T16:31:25.490+0530] {dag.py:3834} INFO - Setting next_dagrun for example_bash_operator to 2024-02-29 00:00:00+00:00, run_after=2024-03-01 00:00:00+00:00
[2024-03-01T16:31:25.823+0530] {processor.py:183} INFO - Processing /home/akranth/airflow/airflow_env/lib/python3.11/site-packages/airflow/example_dags/example_bash_operator.py took 0.420 seconds
[2024-03-01T16:33:09.749+0530] {processor.py:161} INFO - Started process (PID=9334) to work on /home/akranth/airflow/airflow_env/lib/python3.11/site-packages/airflow/example_dags/example_bash_operator.py
[2024-03-01T16:33:09.757+0530] {processor.py:830} INFO - Processing file /home/akranth/airflow/airflow_env/lib/python3.11/site-packages/airflow/example_dags/example_bash_operator.py for tasks to queue
[2024-03-01T16:33:09.759+0530] {logging_mixin.py:188} INFO - [2024-03-01T16:33:09.758+0530] {dagbag.py:540} INFO - Filling up the DagBag from /home/akranth/airflow/airflow_env/lib/python3.11/site-packages/airflow/example_dags/example_bash_operator.py
[2024-03-01T16:33:09.770+0530] {processor.py:840} INFO - DAG(s) 'example_bash_operator' retrieved from /home/akranth/airflow/airflow_env/lib/python3.11/site-packages/airflow/example_dags/example_bash_operator.py
[2024-03-01T16:33:09.789+0530] {logging_mixin.py:188} INFO - [2024-03-01T16:33:09.789+0530] {dag.py:3047} INFO - Sync 1 DAGs
[2024-03-01T16:33:09.805+0530] {logging_mixin.py:188} INFO - [2024-03-01T16:33:09.805+0530] {dag.py:3834} INFO - Setting next_dagrun for example_bash_operator to 2024-02-29 00:00:00+00:00, run_after=2024-03-01 00:00:00+00:00
[2024-03-01T16:33:09.903+0530] {processor.py:183} INFO - Processing /home/akranth/airflow/airflow_env/lib/python3.11/site-packages/airflow/example_dags/example_bash_operator.py took 0.156 seconds
[2024-03-01T16:34:34.825+0530] {processor.py:161} INFO - Started process (PID=9534) to work on /home/akranth/airflow/airflow_env/lib/python3.11/site-packages/airflow/example_dags/example_bash_operator.py
[2024-03-01T16:34:34.843+0530] {processor.py:830} INFO - Processing file /home/akranth/airflow/airflow_env/lib/python3.11/site-packages/airflow/example_dags/example_bash_operator.py for tasks to queue
[2024-03-01T16:34:34.846+0530] {logging_mixin.py:188} INFO - [2024-03-01T16:34:34.845+0530] {dagbag.py:540} INFO - Filling up the DagBag from /home/akranth/airflow/airflow_env/lib/python3.11/site-packages/airflow/example_dags/example_bash_operator.py
[2024-03-01T16:34:34.871+0530] {processor.py:840} INFO - DAG(s) 'example_bash_operator' retrieved from /home/akranth/airflow/airflow_env/lib/python3.11/site-packages/airflow/example_dags/example_bash_operator.py
[2024-03-01T16:34:34.894+0530] {logging_mixin.py:188} INFO - [2024-03-01T16:34:34.894+0530] {dag.py:3047} INFO - Sync 1 DAGs
[2024-03-01T16:34:34.912+0530] {logging_mixin.py:188} INFO - [2024-03-01T16:34:34.912+0530] {dag.py:3834} INFO - Setting next_dagrun for example_bash_operator to 2024-02-29 00:00:00+00:00, run_after=2024-03-01 00:00:00+00:00
[2024-03-01T16:34:35.040+0530] {processor.py:183} INFO - Processing /home/akranth/airflow/airflow_env/lib/python3.11/site-packages/airflow/example_dags/example_bash_operator.py took 0.222 seconds
