[2024-03-01T16:18:08.801+0530] {processor.py:161} INFO - Started process (PID=7075) to work on /home/akranth/airflow/airflow_env/lib/python3.11/site-packages/airflow/example_dags/example_python_decorator.py
[2024-03-01T16:18:08.801+0530] {processor.py:830} INFO - Processing file /home/akranth/airflow/airflow_env/lib/python3.11/site-packages/airflow/example_dags/example_python_decorator.py for tasks to queue
[2024-03-01T16:18:08.802+0530] {logging_mixin.py:188} INFO - [2024-03-01T16:18:08.802+0530] {dagbag.py:540} INFO - Filling up the DagBag from /home/akranth/airflow/airflow_env/lib/python3.11/site-packages/airflow/example_dags/example_python_decorator.py
[2024-03-01T16:18:08.813+0530] {processor.py:840} INFO - DAG(s) 'example_python_decorator' retrieved from /home/akranth/airflow/airflow_env/lib/python3.11/site-packages/airflow/example_dags/example_python_decorator.py
[2024-03-01T16:18:08.885+0530] {logging_mixin.py:188} INFO - [2024-03-01T16:18:08.885+0530] {dag.py:3047} INFO - Sync 1 DAGs
[2024-03-01T16:18:08.963+0530] {logging_mixin.py:188} INFO - [2024-03-01T16:18:08.963+0530] {dag.py:3834} INFO - Setting next_dagrun for example_python_decorator to None, run_after=None
[2024-03-01T16:18:09.272+0530] {processor.py:183} INFO - Processing /home/akranth/airflow/airflow_env/lib/python3.11/site-packages/airflow/example_dags/example_python_decorator.py took 0.474 seconds
[2024-03-01T16:19:17.246+0530] {processor.py:161} INFO - Started process (PID=7187) to work on /home/akranth/airflow/airflow_env/lib/python3.11/site-packages/airflow/example_dags/example_python_decorator.py
[2024-03-01T16:19:17.249+0530] {processor.py:830} INFO - Processing file /home/akranth/airflow/airflow_env/lib/python3.11/site-packages/airflow/example_dags/example_python_decorator.py for tasks to queue
[2024-03-01T16:19:17.250+0530] {logging_mixin.py:188} INFO - [2024-03-01T16:19:17.250+0530] {dagbag.py:540} INFO - Filling up the DagBag from /home/akranth/airflow/airflow_env/lib/python3.11/site-packages/airflow/example_dags/example_python_decorator.py
[2024-03-01T16:19:17.264+0530] {processor.py:840} INFO - DAG(s) 'example_python_decorator' retrieved from /home/akranth/airflow/airflow_env/lib/python3.11/site-packages/airflow/example_dags/example_python_decorator.py
[2024-03-01T16:19:17.286+0530] {logging_mixin.py:188} INFO - [2024-03-01T16:19:17.286+0530] {dag.py:3047} INFO - Sync 1 DAGs
[2024-03-01T16:19:17.408+0530] {logging_mixin.py:188} INFO - [2024-03-01T16:19:17.408+0530] {dag.py:3834} INFO - Setting next_dagrun for example_python_decorator to None, run_after=None
[2024-03-01T16:19:17.597+0530] {processor.py:183} INFO - Processing /home/akranth/airflow/airflow_env/lib/python3.11/site-packages/airflow/example_dags/example_python_decorator.py took 0.353 seconds
[2024-03-01T16:20:19.316+0530] {processor.py:161} INFO - Started process (PID=7339) to work on /home/akranth/airflow/airflow_env/lib/python3.11/site-packages/airflow/example_dags/example_python_decorator.py
[2024-03-01T16:20:19.317+0530] {processor.py:830} INFO - Processing file /home/akranth/airflow/airflow_env/lib/python3.11/site-packages/airflow/example_dags/example_python_decorator.py for tasks to queue
[2024-03-01T16:20:19.318+0530] {logging_mixin.py:188} INFO - [2024-03-01T16:20:19.317+0530] {dagbag.py:540} INFO - Filling up the DagBag from /home/akranth/airflow/airflow_env/lib/python3.11/site-packages/airflow/example_dags/example_python_decorator.py
[2024-03-01T16:20:19.351+0530] {processor.py:840} INFO - DAG(s) 'example_python_decorator' retrieved from /home/akranth/airflow/airflow_env/lib/python3.11/site-packages/airflow/example_dags/example_python_decorator.py
[2024-03-01T16:20:19.369+0530] {logging_mixin.py:188} INFO - [2024-03-01T16:20:19.369+0530] {dag.py:3047} INFO - Sync 1 DAGs
[2024-03-01T16:20:19.380+0530] {logging_mixin.py:188} INFO - [2024-03-01T16:20:19.379+0530] {dag.py:3834} INFO - Setting next_dagrun for example_python_decorator to None, run_after=None
[2024-03-01T16:20:19.657+0530] {processor.py:183} INFO - Processing /home/akranth/airflow/airflow_env/lib/python3.11/site-packages/airflow/example_dags/example_python_decorator.py took 0.344 seconds
[2024-03-01T16:21:19.010+0530] {processor.py:161} INFO - Started process (PID=7409) to work on /home/akranth/airflow/airflow_env/lib/python3.11/site-packages/airflow/example_dags/example_python_decorator.py
[2024-03-01T16:21:19.011+0530] {processor.py:830} INFO - Processing file /home/akranth/airflow/airflow_env/lib/python3.11/site-packages/airflow/example_dags/example_python_decorator.py for tasks to queue
[2024-03-01T16:21:19.012+0530] {logging_mixin.py:188} INFO - [2024-03-01T16:21:19.011+0530] {dagbag.py:540} INFO - Filling up the DagBag from /home/akranth/airflow/airflow_env/lib/python3.11/site-packages/airflow/example_dags/example_python_decorator.py
[2024-03-01T16:21:19.022+0530] {processor.py:840} INFO - DAG(s) 'example_python_decorator' retrieved from /home/akranth/airflow/airflow_env/lib/python3.11/site-packages/airflow/example_dags/example_python_decorator.py
[2024-03-01T16:21:19.034+0530] {logging_mixin.py:188} INFO - [2024-03-01T16:21:19.034+0530] {dag.py:3047} INFO - Sync 1 DAGs
[2024-03-01T16:21:19.042+0530] {logging_mixin.py:188} INFO - [2024-03-01T16:21:19.042+0530] {dag.py:3834} INFO - Setting next_dagrun for example_python_decorator to None, run_after=None
[2024-03-01T16:21:19.230+0530] {processor.py:183} INFO - Processing /home/akranth/airflow/airflow_env/lib/python3.11/site-packages/airflow/example_dags/example_python_decorator.py took 0.222 seconds
[2024-03-01T16:22:23.522+0530] {processor.py:161} INFO - Started process (PID=7486) to work on /home/akranth/airflow/airflow_env/lib/python3.11/site-packages/airflow/example_dags/example_python_decorator.py
[2024-03-01T16:22:23.522+0530] {processor.py:830} INFO - Processing file /home/akranth/airflow/airflow_env/lib/python3.11/site-packages/airflow/example_dags/example_python_decorator.py for tasks to queue
[2024-03-01T16:22:23.523+0530] {logging_mixin.py:188} INFO - [2024-03-01T16:22:23.523+0530] {dagbag.py:540} INFO - Filling up the DagBag from /home/akranth/airflow/airflow_env/lib/python3.11/site-packages/airflow/example_dags/example_python_decorator.py
[2024-03-01T16:22:23.533+0530] {processor.py:840} INFO - DAG(s) 'example_python_decorator' retrieved from /home/akranth/airflow/airflow_env/lib/python3.11/site-packages/airflow/example_dags/example_python_decorator.py
[2024-03-01T16:22:23.545+0530] {logging_mixin.py:188} INFO - [2024-03-01T16:22:23.545+0530] {dag.py:3047} INFO - Sync 1 DAGs
[2024-03-01T16:22:23.553+0530] {logging_mixin.py:188} INFO - [2024-03-01T16:22:23.553+0530] {dag.py:3834} INFO - Setting next_dagrun for example_python_decorator to None, run_after=None
[2024-03-01T16:22:23.645+0530] {processor.py:183} INFO - Processing /home/akranth/airflow/airflow_env/lib/python3.11/site-packages/airflow/example_dags/example_python_decorator.py took 0.126 seconds
[2024-03-01T16:23:20.349+0530] {processor.py:161} INFO - Started process (PID=7544) to work on /home/akranth/airflow/airflow_env/lib/python3.11/site-packages/airflow/example_dags/example_python_decorator.py
[2024-03-01T16:23:20.367+0530] {processor.py:830} INFO - Processing file /home/akranth/airflow/airflow_env/lib/python3.11/site-packages/airflow/example_dags/example_python_decorator.py for tasks to queue
[2024-03-01T16:23:20.370+0530] {logging_mixin.py:188} INFO - [2024-03-01T16:23:20.369+0530] {dagbag.py:540} INFO - Filling up the DagBag from /home/akranth/airflow/airflow_env/lib/python3.11/site-packages/airflow/example_dags/example_python_decorator.py
[2024-03-01T16:23:20.398+0530] {processor.py:840} INFO - DAG(s) 'example_python_decorator' retrieved from /home/akranth/airflow/airflow_env/lib/python3.11/site-packages/airflow/example_dags/example_python_decorator.py
[2024-03-01T16:23:20.414+0530] {logging_mixin.py:188} INFO - [2024-03-01T16:23:20.414+0530] {dag.py:3047} INFO - Sync 1 DAGs
[2024-03-01T16:23:20.424+0530] {logging_mixin.py:188} INFO - [2024-03-01T16:23:20.424+0530] {dag.py:3834} INFO - Setting next_dagrun for example_python_decorator to None, run_after=None
[2024-03-01T16:23:20.532+0530] {processor.py:183} INFO - Processing /home/akranth/airflow/airflow_env/lib/python3.11/site-packages/airflow/example_dags/example_python_decorator.py took 0.191 seconds
[2024-03-01T16:24:19.346+0530] {processor.py:161} INFO - Started process (PID=7600) to work on /home/akranth/airflow/airflow_env/lib/python3.11/site-packages/airflow/example_dags/example_python_decorator.py
[2024-03-01T16:24:19.359+0530] {processor.py:830} INFO - Processing file /home/akranth/airflow/airflow_env/lib/python3.11/site-packages/airflow/example_dags/example_python_decorator.py for tasks to queue
[2024-03-01T16:24:19.361+0530] {logging_mixin.py:188} INFO - [2024-03-01T16:24:19.360+0530] {dagbag.py:540} INFO - Filling up the DagBag from /home/akranth/airflow/airflow_env/lib/python3.11/site-packages/airflow/example_dags/example_python_decorator.py
[2024-03-01T16:24:19.389+0530] {processor.py:840} INFO - DAG(s) 'example_python_decorator' retrieved from /home/akranth/airflow/airflow_env/lib/python3.11/site-packages/airflow/example_dags/example_python_decorator.py
[2024-03-01T16:24:19.406+0530] {logging_mixin.py:188} INFO - [2024-03-01T16:24:19.406+0530] {dag.py:3047} INFO - Sync 1 DAGs
[2024-03-01T16:24:19.416+0530] {logging_mixin.py:188} INFO - [2024-03-01T16:24:19.416+0530] {dag.py:3834} INFO - Setting next_dagrun for example_python_decorator to None, run_after=None
[2024-03-01T16:24:19.527+0530] {processor.py:183} INFO - Processing /home/akranth/airflow/airflow_env/lib/python3.11/site-packages/airflow/example_dags/example_python_decorator.py took 0.188 seconds
[2024-03-01T16:25:25.309+0530] {processor.py:161} INFO - Started process (PID=7671) to work on /home/akranth/airflow/airflow_env/lib/python3.11/site-packages/airflow/example_dags/example_python_decorator.py
[2024-03-01T16:25:25.310+0530] {processor.py:830} INFO - Processing file /home/akranth/airflow/airflow_env/lib/python3.11/site-packages/airflow/example_dags/example_python_decorator.py for tasks to queue
[2024-03-01T16:25:25.310+0530] {logging_mixin.py:188} INFO - [2024-03-01T16:25:25.310+0530] {dagbag.py:540} INFO - Filling up the DagBag from /home/akranth/airflow/airflow_env/lib/python3.11/site-packages/airflow/example_dags/example_python_decorator.py
[2024-03-01T16:25:25.320+0530] {processor.py:840} INFO - DAG(s) 'example_python_decorator' retrieved from /home/akranth/airflow/airflow_env/lib/python3.11/site-packages/airflow/example_dags/example_python_decorator.py
[2024-03-01T16:25:25.332+0530] {logging_mixin.py:188} INFO - [2024-03-01T16:25:25.332+0530] {dag.py:3047} INFO - Sync 1 DAGs
[2024-03-01T16:25:25.340+0530] {logging_mixin.py:188} INFO - [2024-03-01T16:25:25.340+0530] {dag.py:3834} INFO - Setting next_dagrun for example_python_decorator to None, run_after=None
[2024-03-01T16:25:25.711+0530] {processor.py:183} INFO - Processing /home/akranth/airflow/airflow_env/lib/python3.11/site-packages/airflow/example_dags/example_python_decorator.py took 0.404 seconds
[2024-03-01T16:26:26.575+0530] {processor.py:161} INFO - Started process (PID=7735) to work on /home/akranth/airflow/airflow_env/lib/python3.11/site-packages/airflow/example_dags/example_python_decorator.py
[2024-03-01T16:26:26.605+0530] {processor.py:830} INFO - Processing file /home/akranth/airflow/airflow_env/lib/python3.11/site-packages/airflow/example_dags/example_python_decorator.py for tasks to queue
[2024-03-01T16:26:26.607+0530] {logging_mixin.py:188} INFO - [2024-03-01T16:26:26.606+0530] {dagbag.py:540} INFO - Filling up the DagBag from /home/akranth/airflow/airflow_env/lib/python3.11/site-packages/airflow/example_dags/example_python_decorator.py
[2024-03-01T16:26:26.635+0530] {processor.py:840} INFO - DAG(s) 'example_python_decorator' retrieved from /home/akranth/airflow/airflow_env/lib/python3.11/site-packages/airflow/example_dags/example_python_decorator.py
[2024-03-01T16:26:26.652+0530] {logging_mixin.py:188} INFO - [2024-03-01T16:26:26.652+0530] {dag.py:3047} INFO - Sync 1 DAGs
[2024-03-01T16:26:26.663+0530] {logging_mixin.py:188} INFO - [2024-03-01T16:26:26.662+0530] {dag.py:3834} INFO - Setting next_dagrun for example_python_decorator to None, run_after=None
[2024-03-01T16:26:26.844+0530] {processor.py:183} INFO - Processing /home/akranth/airflow/airflow_env/lib/python3.11/site-packages/airflow/example_dags/example_python_decorator.py took 0.273 seconds
[2024-03-01T16:27:21.379+0530] {processor.py:161} INFO - Started process (PID=7797) to work on /home/akranth/airflow/airflow_env/lib/python3.11/site-packages/airflow/example_dags/example_python_decorator.py
[2024-03-01T16:27:21.385+0530] {processor.py:830} INFO - Processing file /home/akranth/airflow/airflow_env/lib/python3.11/site-packages/airflow/example_dags/example_python_decorator.py for tasks to queue
[2024-03-01T16:27:21.387+0530] {logging_mixin.py:188} INFO - [2024-03-01T16:27:21.386+0530] {dagbag.py:540} INFO - Filling up the DagBag from /home/akranth/airflow/airflow_env/lib/python3.11/site-packages/airflow/example_dags/example_python_decorator.py
[2024-03-01T16:27:21.418+0530] {processor.py:840} INFO - DAG(s) 'example_python_decorator' retrieved from /home/akranth/airflow/airflow_env/lib/python3.11/site-packages/airflow/example_dags/example_python_decorator.py
[2024-03-01T16:27:21.436+0530] {logging_mixin.py:188} INFO - [2024-03-01T16:27:21.436+0530] {dag.py:3047} INFO - Sync 1 DAGs
[2024-03-01T16:27:21.444+0530] {logging_mixin.py:188} INFO - [2024-03-01T16:27:21.444+0530] {dag.py:3834} INFO - Setting next_dagrun for example_python_decorator to None, run_after=None
[2024-03-01T16:27:21.560+0530] {processor.py:183} INFO - Processing /home/akranth/airflow/airflow_env/lib/python3.11/site-packages/airflow/example_dags/example_python_decorator.py took 0.183 seconds
[2024-03-01T16:28:21.457+0530] {processor.py:161} INFO - Started process (PID=7873) to work on /home/akranth/airflow/airflow_env/lib/python3.11/site-packages/airflow/example_dags/example_python_decorator.py
[2024-03-01T16:28:21.470+0530] {processor.py:830} INFO - Processing file /home/akranth/airflow/airflow_env/lib/python3.11/site-packages/airflow/example_dags/example_python_decorator.py for tasks to queue
[2024-03-01T16:28:21.470+0530] {logging_mixin.py:188} INFO - [2024-03-01T16:28:21.470+0530] {dagbag.py:540} INFO - Filling up the DagBag from /home/akranth/airflow/airflow_env/lib/python3.11/site-packages/airflow/example_dags/example_python_decorator.py
[2024-03-01T16:28:21.486+0530] {processor.py:840} INFO - DAG(s) 'example_python_decorator' retrieved from /home/akranth/airflow/airflow_env/lib/python3.11/site-packages/airflow/example_dags/example_python_decorator.py
[2024-03-01T16:28:21.505+0530] {logging_mixin.py:188} INFO - [2024-03-01T16:28:21.504+0530] {dag.py:3047} INFO - Sync 1 DAGs
[2024-03-01T16:28:21.518+0530] {logging_mixin.py:188} INFO - [2024-03-01T16:28:21.518+0530] {dag.py:3834} INFO - Setting next_dagrun for example_python_decorator to None, run_after=None
[2024-03-01T16:28:21.619+0530] {processor.py:183} INFO - Processing /home/akranth/airflow/airflow_env/lib/python3.11/site-packages/airflow/example_dags/example_python_decorator.py took 0.164 seconds
[2024-03-01T16:29:40.272+0530] {processor.py:161} INFO - Started process (PID=7967) to work on /home/akranth/airflow/airflow_env/lib/python3.11/site-packages/airflow/example_dags/example_python_decorator.py
[2024-03-01T16:29:40.300+0530] {processor.py:830} INFO - Processing file /home/akranth/airflow/airflow_env/lib/python3.11/site-packages/airflow/example_dags/example_python_decorator.py for tasks to queue
[2024-03-01T16:29:40.301+0530] {logging_mixin.py:188} INFO - [2024-03-01T16:29:40.300+0530] {dagbag.py:540} INFO - Filling up the DagBag from /home/akranth/airflow/airflow_env/lib/python3.11/site-packages/airflow/example_dags/example_python_decorator.py
[2024-03-01T16:29:40.315+0530] {processor.py:840} INFO - DAG(s) 'example_python_decorator' retrieved from /home/akranth/airflow/airflow_env/lib/python3.11/site-packages/airflow/example_dags/example_python_decorator.py
[2024-03-01T16:29:40.334+0530] {logging_mixin.py:188} INFO - [2024-03-01T16:29:40.334+0530] {dag.py:3047} INFO - Sync 1 DAGs
[2024-03-01T16:29:40.346+0530] {logging_mixin.py:188} INFO - [2024-03-01T16:29:40.345+0530] {dag.py:3834} INFO - Setting next_dagrun for example_python_decorator to None, run_after=None
[2024-03-01T16:29:40.467+0530] {processor.py:183} INFO - Processing /home/akranth/airflow/airflow_env/lib/python3.11/site-packages/airflow/example_dags/example_python_decorator.py took 0.200 seconds
[2024-03-01T16:31:07.086+0530] {processor.py:161} INFO - Started process (PID=8290) to work on /home/akranth/airflow/airflow_env/lib/python3.11/site-packages/airflow/example_dags/example_python_decorator.py
[2024-03-01T16:31:07.086+0530] {processor.py:830} INFO - Processing file /home/akranth/airflow/airflow_env/lib/python3.11/site-packages/airflow/example_dags/example_python_decorator.py for tasks to queue
[2024-03-01T16:31:07.087+0530] {logging_mixin.py:188} INFO - [2024-03-01T16:31:07.087+0530] {dagbag.py:540} INFO - Filling up the DagBag from /home/akranth/airflow/airflow_env/lib/python3.11/site-packages/airflow/example_dags/example_python_decorator.py
[2024-03-01T16:31:07.097+0530] {processor.py:840} INFO - DAG(s) 'example_python_decorator' retrieved from /home/akranth/airflow/airflow_env/lib/python3.11/site-packages/airflow/example_dags/example_python_decorator.py
[2024-03-01T16:31:07.110+0530] {logging_mixin.py:188} INFO - [2024-03-01T16:31:07.110+0530] {dag.py:3047} INFO - Sync 1 DAGs
[2024-03-01T16:31:07.118+0530] {logging_mixin.py:188} INFO - [2024-03-01T16:31:07.118+0530] {dag.py:3834} INFO - Setting next_dagrun for example_python_decorator to None, run_after=None
[2024-03-01T16:31:07.282+0530] {processor.py:183} INFO - Processing /home/akranth/airflow/airflow_env/lib/python3.11/site-packages/airflow/example_dags/example_python_decorator.py took 0.198 seconds
[2024-03-01T16:32:42.219+0530] {processor.py:161} INFO - Started process (PID=9287) to work on /home/akranth/airflow/airflow_env/lib/python3.11/site-packages/airflow/example_dags/example_python_decorator.py
[2024-03-01T16:32:42.220+0530] {processor.py:830} INFO - Processing file /home/akranth/airflow/airflow_env/lib/python3.11/site-packages/airflow/example_dags/example_python_decorator.py for tasks to queue
[2024-03-01T16:32:42.221+0530] {logging_mixin.py:188} INFO - [2024-03-01T16:32:42.221+0530] {dagbag.py:540} INFO - Filling up the DagBag from /home/akranth/airflow/airflow_env/lib/python3.11/site-packages/airflow/example_dags/example_python_decorator.py
[2024-03-01T16:32:42.236+0530] {processor.py:840} INFO - DAG(s) 'example_python_decorator' retrieved from /home/akranth/airflow/airflow_env/lib/python3.11/site-packages/airflow/example_dags/example_python_decorator.py
[2024-03-01T16:32:42.255+0530] {logging_mixin.py:188} INFO - [2024-03-01T16:32:42.255+0530] {dag.py:3047} INFO - Sync 1 DAGs
[2024-03-01T16:32:42.270+0530] {logging_mixin.py:188} INFO - [2024-03-01T16:32:42.270+0530] {dag.py:3834} INFO - Setting next_dagrun for example_python_decorator to None, run_after=None
[2024-03-01T16:32:42.492+0530] {processor.py:183} INFO - Processing /home/akranth/airflow/airflow_env/lib/python3.11/site-packages/airflow/example_dags/example_python_decorator.py took 0.276 seconds
[2024-03-01T16:34:05.136+0530] {processor.py:161} INFO - Started process (PID=9432) to work on /home/akranth/airflow/airflow_env/lib/python3.11/site-packages/airflow/example_dags/example_python_decorator.py
[2024-03-01T16:34:05.149+0530] {processor.py:830} INFO - Processing file /home/akranth/airflow/airflow_env/lib/python3.11/site-packages/airflow/example_dags/example_python_decorator.py for tasks to queue
[2024-03-01T16:34:05.150+0530] {logging_mixin.py:188} INFO - [2024-03-01T16:34:05.150+0530] {dagbag.py:540} INFO - Filling up the DagBag from /home/akranth/airflow/airflow_env/lib/python3.11/site-packages/airflow/example_dags/example_python_decorator.py
[2024-03-01T16:34:05.163+0530] {processor.py:840} INFO - DAG(s) 'example_python_decorator' retrieved from /home/akranth/airflow/airflow_env/lib/python3.11/site-packages/airflow/example_dags/example_python_decorator.py
[2024-03-01T16:34:05.179+0530] {logging_mixin.py:188} INFO - [2024-03-01T16:34:05.179+0530] {dag.py:3047} INFO - Sync 1 DAGs
[2024-03-01T16:34:05.188+0530] {logging_mixin.py:188} INFO - [2024-03-01T16:34:05.187+0530] {dag.py:3834} INFO - Setting next_dagrun for example_python_decorator to None, run_after=None
[2024-03-01T16:34:05.305+0530] {processor.py:183} INFO - Processing /home/akranth/airflow/airflow_env/lib/python3.11/site-packages/airflow/example_dags/example_python_decorator.py took 0.171 seconds
[2024-03-01T16:34:55.190+0530] {processor.py:161} INFO - Started process (PID=9580) to work on /home/akranth/airflow/airflow_env/lib/python3.11/site-packages/airflow/example_dags/example_python_decorator.py
[2024-03-01T16:34:55.205+0530] {processor.py:830} INFO - Processing file /home/akranth/airflow/airflow_env/lib/python3.11/site-packages/airflow/example_dags/example_python_decorator.py for tasks to queue
[2024-03-01T16:34:55.208+0530] {logging_mixin.py:188} INFO - [2024-03-01T16:34:55.207+0530] {dagbag.py:540} INFO - Filling up the DagBag from /home/akranth/airflow/airflow_env/lib/python3.11/site-packages/airflow/example_dags/example_python_decorator.py
[2024-03-01T16:34:55.235+0530] {processor.py:840} INFO - DAG(s) 'example_python_decorator' retrieved from /home/akranth/airflow/airflow_env/lib/python3.11/site-packages/airflow/example_dags/example_python_decorator.py
[2024-03-01T16:34:55.251+0530] {logging_mixin.py:188} INFO - [2024-03-01T16:34:55.251+0530] {dag.py:3047} INFO - Sync 1 DAGs
[2024-03-01T16:34:55.264+0530] {logging_mixin.py:188} INFO - [2024-03-01T16:34:55.264+0530] {dag.py:3834} INFO - Setting next_dagrun for example_python_decorator to None, run_after=None
[2024-03-01T16:34:55.360+0530] {processor.py:183} INFO - Processing /home/akranth/airflow/airflow_env/lib/python3.11/site-packages/airflow/example_dags/example_python_decorator.py took 0.177 seconds
