[2024-03-01T16:18:43.529+0530] {processor.py:161} INFO - Started process (PID=7128) to work on /home/akranth/airflow/airflow_env/lib/python3.11/site-packages/airflow/example_dags/example_branch_operator.py
[2024-03-01T16:18:43.530+0530] {processor.py:830} INFO - Processing file /home/akranth/airflow/airflow_env/lib/python3.11/site-packages/airflow/example_dags/example_branch_operator.py for tasks to queue
[2024-03-01T16:18:43.531+0530] {logging_mixin.py:188} INFO - [2024-03-01T16:18:43.531+0530] {dagbag.py:540} INFO - Filling up the DagBag from /home/akranth/airflow/airflow_env/lib/python3.11/site-packages/airflow/example_dags/example_branch_operator.py
[2024-03-01T16:18:43.550+0530] {processor.py:840} INFO - DAG(s) 'example_branch_operator' retrieved from /home/akranth/airflow/airflow_env/lib/python3.11/site-packages/airflow/example_dags/example_branch_operator.py
[2024-03-01T16:18:48.033+0530] {logging_mixin.py:188} INFO - [2024-03-01T16:18:48.032+0530] {dag.py:3047} INFO - Sync 1 DAGs
[2024-03-01T16:18:48.489+0530] {logging_mixin.py:188} INFO - [2024-03-01T16:18:48.488+0530] {dag.py:3834} INFO - Setting next_dagrun for example_branch_operator to 2024-02-29 00:00:00+00:00, run_after=2024-03-01 00:00:00+00:00
[2024-03-01T16:18:48.595+0530] {processor.py:183} INFO - Processing /home/akranth/airflow/airflow_env/lib/python3.11/site-packages/airflow/example_dags/example_branch_operator.py took 5.069 seconds
[2024-03-01T16:19:57.725+0530] {processor.py:161} INFO - Started process (PID=7253) to work on /home/akranth/airflow/airflow_env/lib/python3.11/site-packages/airflow/example_dags/example_branch_operator.py
[2024-03-01T16:19:57.726+0530] {processor.py:830} INFO - Processing file /home/akranth/airflow/airflow_env/lib/python3.11/site-packages/airflow/example_dags/example_branch_operator.py for tasks to queue
[2024-03-01T16:19:57.727+0530] {logging_mixin.py:188} INFO - [2024-03-01T16:19:57.727+0530] {dagbag.py:540} INFO - Filling up the DagBag from /home/akranth/airflow/airflow_env/lib/python3.11/site-packages/airflow/example_dags/example_branch_operator.py
[2024-03-01T16:19:57.821+0530] {processor.py:840} INFO - DAG(s) 'example_branch_operator' retrieved from /home/akranth/airflow/airflow_env/lib/python3.11/site-packages/airflow/example_dags/example_branch_operator.py
[2024-03-01T16:19:57.835+0530] {logging_mixin.py:188} INFO - [2024-03-01T16:19:57.835+0530] {dag.py:3047} INFO - Sync 1 DAGs
[2024-03-01T16:19:57.848+0530] {logging_mixin.py:188} INFO - [2024-03-01T16:19:57.848+0530] {dag.py:3834} INFO - Setting next_dagrun for example_branch_operator to 2024-02-29 00:00:00+00:00, run_after=2024-03-01 00:00:00+00:00
[2024-03-01T16:19:58.036+0530] {processor.py:183} INFO - Processing /home/akranth/airflow/airflow_env/lib/python3.11/site-packages/airflow/example_dags/example_branch_operator.py took 0.312 seconds
[2024-03-01T16:20:57.061+0530] {processor.py:161} INFO - Started process (PID=7388) to work on /home/akranth/airflow/airflow_env/lib/python3.11/site-packages/airflow/example_dags/example_branch_operator.py
[2024-03-01T16:20:57.064+0530] {processor.py:830} INFO - Processing file /home/akranth/airflow/airflow_env/lib/python3.11/site-packages/airflow/example_dags/example_branch_operator.py for tasks to queue
[2024-03-01T16:20:57.065+0530] {logging_mixin.py:188} INFO - [2024-03-01T16:20:57.064+0530] {dagbag.py:540} INFO - Filling up the DagBag from /home/akranth/airflow/airflow_env/lib/python3.11/site-packages/airflow/example_dags/example_branch_operator.py
[2024-03-01T16:20:57.078+0530] {processor.py:840} INFO - DAG(s) 'example_branch_operator' retrieved from /home/akranth/airflow/airflow_env/lib/python3.11/site-packages/airflow/example_dags/example_branch_operator.py
[2024-03-01T16:20:57.094+0530] {logging_mixin.py:188} INFO - [2024-03-01T16:20:57.094+0530] {dag.py:3047} INFO - Sync 1 DAGs
[2024-03-01T16:20:57.109+0530] {logging_mixin.py:188} INFO - [2024-03-01T16:20:57.109+0530] {dag.py:3834} INFO - Setting next_dagrun for example_branch_operator to 2024-02-29 00:00:00+00:00, run_after=2024-03-01 00:00:00+00:00
[2024-03-01T16:20:57.224+0530] {processor.py:183} INFO - Processing /home/akranth/airflow/airflow_env/lib/python3.11/site-packages/airflow/example_dags/example_branch_operator.py took 0.165 seconds
[2024-03-01T16:21:58.952+0530] {processor.py:161} INFO - Started process (PID=7455) to work on /home/akranth/airflow/airflow_env/lib/python3.11/site-packages/airflow/example_dags/example_branch_operator.py
[2024-03-01T16:21:58.954+0530] {processor.py:830} INFO - Processing file /home/akranth/airflow/airflow_env/lib/python3.11/site-packages/airflow/example_dags/example_branch_operator.py for tasks to queue
[2024-03-01T16:21:58.956+0530] {logging_mixin.py:188} INFO - [2024-03-01T16:21:58.955+0530] {dagbag.py:540} INFO - Filling up the DagBag from /home/akranth/airflow/airflow_env/lib/python3.11/site-packages/airflow/example_dags/example_branch_operator.py
[2024-03-01T16:21:58.981+0530] {processor.py:840} INFO - DAG(s) 'example_branch_operator' retrieved from /home/akranth/airflow/airflow_env/lib/python3.11/site-packages/airflow/example_dags/example_branch_operator.py
[2024-03-01T16:21:58.999+0530] {logging_mixin.py:188} INFO - [2024-03-01T16:21:58.999+0530] {dag.py:3047} INFO - Sync 1 DAGs
[2024-03-01T16:21:59.018+0530] {logging_mixin.py:188} INFO - [2024-03-01T16:21:59.018+0530] {dag.py:3834} INFO - Setting next_dagrun for example_branch_operator to 2024-02-29 00:00:00+00:00, run_after=2024-03-01 00:00:00+00:00
[2024-03-01T16:21:59.273+0530] {processor.py:183} INFO - Processing /home/akranth/airflow/airflow_env/lib/python3.11/site-packages/airflow/example_dags/example_branch_operator.py took 0.328 seconds
[2024-03-01T16:22:58.419+0530] {processor.py:161} INFO - Started process (PID=7518) to work on /home/akranth/airflow/airflow_env/lib/python3.11/site-packages/airflow/example_dags/example_branch_operator.py
[2024-03-01T16:22:58.521+0530] {processor.py:830} INFO - Processing file /home/akranth/airflow/airflow_env/lib/python3.11/site-packages/airflow/example_dags/example_branch_operator.py for tasks to queue
[2024-03-01T16:22:58.523+0530] {logging_mixin.py:188} INFO - [2024-03-01T16:22:58.522+0530] {dagbag.py:540} INFO - Filling up the DagBag from /home/akranth/airflow/airflow_env/lib/python3.11/site-packages/airflow/example_dags/example_branch_operator.py
[2024-03-01T16:22:58.537+0530] {processor.py:840} INFO - DAG(s) 'example_branch_operator' retrieved from /home/akranth/airflow/airflow_env/lib/python3.11/site-packages/airflow/example_dags/example_branch_operator.py
[2024-03-01T16:22:58.553+0530] {logging_mixin.py:188} INFO - [2024-03-01T16:22:58.553+0530] {dag.py:3047} INFO - Sync 1 DAGs
[2024-03-01T16:22:58.568+0530] {logging_mixin.py:188} INFO - [2024-03-01T16:22:58.568+0530] {dag.py:3834} INFO - Setting next_dagrun for example_branch_operator to 2024-02-29 00:00:00+00:00, run_after=2024-03-01 00:00:00+00:00
[2024-03-01T16:22:58.655+0530] {processor.py:183} INFO - Processing /home/akranth/airflow/airflow_env/lib/python3.11/site-packages/airflow/example_dags/example_branch_operator.py took 0.238 seconds
[2024-03-01T16:23:58.253+0530] {processor.py:161} INFO - Started process (PID=7577) to work on /home/akranth/airflow/airflow_env/lib/python3.11/site-packages/airflow/example_dags/example_branch_operator.py
[2024-03-01T16:23:58.254+0530] {processor.py:830} INFO - Processing file /home/akranth/airflow/airflow_env/lib/python3.11/site-packages/airflow/example_dags/example_branch_operator.py for tasks to queue
[2024-03-01T16:23:58.255+0530] {logging_mixin.py:188} INFO - [2024-03-01T16:23:58.255+0530] {dagbag.py:540} INFO - Filling up the DagBag from /home/akranth/airflow/airflow_env/lib/python3.11/site-packages/airflow/example_dags/example_branch_operator.py
[2024-03-01T16:23:58.267+0530] {processor.py:840} INFO - DAG(s) 'example_branch_operator' retrieved from /home/akranth/airflow/airflow_env/lib/python3.11/site-packages/airflow/example_dags/example_branch_operator.py
[2024-03-01T16:23:58.283+0530] {logging_mixin.py:188} INFO - [2024-03-01T16:23:58.283+0530] {dag.py:3047} INFO - Sync 1 DAGs
[2024-03-01T16:23:58.299+0530] {logging_mixin.py:188} INFO - [2024-03-01T16:23:58.298+0530] {dag.py:3834} INFO - Setting next_dagrun for example_branch_operator to 2024-02-29 00:00:00+00:00, run_after=2024-03-01 00:00:00+00:00
[2024-03-01T16:23:58.522+0530] {processor.py:183} INFO - Processing /home/akranth/airflow/airflow_env/lib/python3.11/site-packages/airflow/example_dags/example_branch_operator.py took 0.271 seconds
[2024-03-01T16:25:04.618+0530] {processor.py:161} INFO - Started process (PID=7646) to work on /home/akranth/airflow/airflow_env/lib/python3.11/site-packages/airflow/example_dags/example_branch_operator.py
[2024-03-01T16:25:04.630+0530] {processor.py:830} INFO - Processing file /home/akranth/airflow/airflow_env/lib/python3.11/site-packages/airflow/example_dags/example_branch_operator.py for tasks to queue
[2024-03-01T16:25:04.632+0530] {logging_mixin.py:188} INFO - [2024-03-01T16:25:04.631+0530] {dagbag.py:540} INFO - Filling up the DagBag from /home/akranth/airflow/airflow_env/lib/python3.11/site-packages/airflow/example_dags/example_branch_operator.py
[2024-03-01T16:25:04.667+0530] {processor.py:840} INFO - DAG(s) 'example_branch_operator' retrieved from /home/akranth/airflow/airflow_env/lib/python3.11/site-packages/airflow/example_dags/example_branch_operator.py
[2024-03-01T16:25:04.685+0530] {logging_mixin.py:188} INFO - [2024-03-01T16:25:04.685+0530] {dag.py:3047} INFO - Sync 1 DAGs
[2024-03-01T16:25:04.700+0530] {logging_mixin.py:188} INFO - [2024-03-01T16:25:04.700+0530] {dag.py:3834} INFO - Setting next_dagrun for example_branch_operator to 2024-02-29 00:00:00+00:00, run_after=2024-03-01 00:00:00+00:00
[2024-03-01T16:25:04.810+0530] {processor.py:183} INFO - Processing /home/akranth/airflow/airflow_env/lib/python3.11/site-packages/airflow/example_dags/example_branch_operator.py took 0.194 seconds
[2024-03-01T16:26:07.872+0530] {processor.py:161} INFO - Started process (PID=7715) to work on /home/akranth/airflow/airflow_env/lib/python3.11/site-packages/airflow/example_dags/example_branch_operator.py
[2024-03-01T16:26:07.877+0530] {processor.py:830} INFO - Processing file /home/akranth/airflow/airflow_env/lib/python3.11/site-packages/airflow/example_dags/example_branch_operator.py for tasks to queue
[2024-03-01T16:26:07.878+0530] {logging_mixin.py:188} INFO - [2024-03-01T16:26:07.878+0530] {dagbag.py:540} INFO - Filling up the DagBag from /home/akranth/airflow/airflow_env/lib/python3.11/site-packages/airflow/example_dags/example_branch_operator.py
[2024-03-01T16:26:07.894+0530] {processor.py:840} INFO - DAG(s) 'example_branch_operator' retrieved from /home/akranth/airflow/airflow_env/lib/python3.11/site-packages/airflow/example_dags/example_branch_operator.py
[2024-03-01T16:26:07.913+0530] {logging_mixin.py:188} INFO - [2024-03-01T16:26:07.913+0530] {dag.py:3047} INFO - Sync 1 DAGs
[2024-03-01T16:26:07.930+0530] {logging_mixin.py:188} INFO - [2024-03-01T16:26:07.929+0530] {dag.py:3834} INFO - Setting next_dagrun for example_branch_operator to 2024-02-29 00:00:00+00:00, run_after=2024-03-01 00:00:00+00:00
[2024-03-01T16:26:08.038+0530] {processor.py:183} INFO - Processing /home/akranth/airflow/airflow_env/lib/python3.11/site-packages/airflow/example_dags/example_branch_operator.py took 0.168 seconds
[2024-03-01T16:27:05.346+0530] {processor.py:161} INFO - Started process (PID=7781) to work on /home/akranth/airflow/airflow_env/lib/python3.11/site-packages/airflow/example_dags/example_branch_operator.py
[2024-03-01T16:27:05.347+0530] {processor.py:830} INFO - Processing file /home/akranth/airflow/airflow_env/lib/python3.11/site-packages/airflow/example_dags/example_branch_operator.py for tasks to queue
[2024-03-01T16:27:05.347+0530] {logging_mixin.py:188} INFO - [2024-03-01T16:27:05.347+0530] {dagbag.py:540} INFO - Filling up the DagBag from /home/akranth/airflow/airflow_env/lib/python3.11/site-packages/airflow/example_dags/example_branch_operator.py
[2024-03-01T16:27:05.360+0530] {processor.py:840} INFO - DAG(s) 'example_branch_operator' retrieved from /home/akranth/airflow/airflow_env/lib/python3.11/site-packages/airflow/example_dags/example_branch_operator.py
[2024-03-01T16:27:05.377+0530] {logging_mixin.py:188} INFO - [2024-03-01T16:27:05.376+0530] {dag.py:3047} INFO - Sync 1 DAGs
[2024-03-01T16:27:05.391+0530] {logging_mixin.py:188} INFO - [2024-03-01T16:27:05.391+0530] {dag.py:3834} INFO - Setting next_dagrun for example_branch_operator to 2024-02-29 00:00:00+00:00, run_after=2024-03-01 00:00:00+00:00
[2024-03-01T16:27:05.613+0530] {processor.py:183} INFO - Processing /home/akranth/airflow/airflow_env/lib/python3.11/site-packages/airflow/example_dags/example_branch_operator.py took 0.269 seconds
[2024-03-01T16:27:59.680+0530] {processor.py:161} INFO - Started process (PID=7843) to work on /home/akranth/airflow/airflow_env/lib/python3.11/site-packages/airflow/example_dags/example_branch_operator.py
[2024-03-01T16:27:59.697+0530] {processor.py:830} INFO - Processing file /home/akranth/airflow/airflow_env/lib/python3.11/site-packages/airflow/example_dags/example_branch_operator.py for tasks to queue
[2024-03-01T16:27:59.700+0530] {logging_mixin.py:188} INFO - [2024-03-01T16:27:59.699+0530] {dagbag.py:540} INFO - Filling up the DagBag from /home/akranth/airflow/airflow_env/lib/python3.11/site-packages/airflow/example_dags/example_branch_operator.py
[2024-03-01T16:27:59.734+0530] {processor.py:840} INFO - DAG(s) 'example_branch_operator' retrieved from /home/akranth/airflow/airflow_env/lib/python3.11/site-packages/airflow/example_dags/example_branch_operator.py
[2024-03-01T16:27:59.758+0530] {logging_mixin.py:188} INFO - [2024-03-01T16:27:59.757+0530] {dag.py:3047} INFO - Sync 1 DAGs
[2024-03-01T16:27:59.778+0530] {logging_mixin.py:188} INFO - [2024-03-01T16:27:59.778+0530] {dag.py:3834} INFO - Setting next_dagrun for example_branch_operator to 2024-02-29 00:00:00+00:00, run_after=2024-03-01 00:00:00+00:00
[2024-03-01T16:28:00.060+0530] {processor.py:183} INFO - Processing /home/akranth/airflow/airflow_env/lib/python3.11/site-packages/airflow/example_dags/example_branch_operator.py took 0.382 seconds
[2024-03-01T16:29:17.282+0530] {processor.py:161} INFO - Started process (PID=7935) to work on /home/akranth/airflow/airflow_env/lib/python3.11/site-packages/airflow/example_dags/example_branch_operator.py
[2024-03-01T16:29:17.303+0530] {processor.py:830} INFO - Processing file /home/akranth/airflow/airflow_env/lib/python3.11/site-packages/airflow/example_dags/example_branch_operator.py for tasks to queue
[2024-03-01T16:29:17.305+0530] {logging_mixin.py:188} INFO - [2024-03-01T16:29:17.305+0530] {dagbag.py:540} INFO - Filling up the DagBag from /home/akranth/airflow/airflow_env/lib/python3.11/site-packages/airflow/example_dags/example_branch_operator.py
[2024-03-01T16:29:17.341+0530] {processor.py:840} INFO - DAG(s) 'example_branch_operator' retrieved from /home/akranth/airflow/airflow_env/lib/python3.11/site-packages/airflow/example_dags/example_branch_operator.py
[2024-03-01T16:29:17.360+0530] {logging_mixin.py:188} INFO - [2024-03-01T16:29:17.360+0530] {dag.py:3047} INFO - Sync 1 DAGs
[2024-03-01T16:29:17.374+0530] {logging_mixin.py:188} INFO - [2024-03-01T16:29:17.374+0530] {dag.py:3834} INFO - Setting next_dagrun for example_branch_operator to 2024-02-29 00:00:00+00:00, run_after=2024-03-01 00:00:00+00:00
[2024-03-01T16:29:17.671+0530] {processor.py:183} INFO - Processing /home/akranth/airflow/airflow_env/lib/python3.11/site-packages/airflow/example_dags/example_branch_operator.py took 0.392 seconds
[2024-03-01T16:30:42.482+0530] {processor.py:161} INFO - Started process (PID=8252) to work on /home/akranth/airflow/airflow_env/lib/python3.11/site-packages/airflow/example_dags/example_branch_operator.py
[2024-03-01T16:30:42.515+0530] {processor.py:830} INFO - Processing file /home/akranth/airflow/airflow_env/lib/python3.11/site-packages/airflow/example_dags/example_branch_operator.py for tasks to queue
[2024-03-01T16:30:42.516+0530] {logging_mixin.py:188} INFO - [2024-03-01T16:30:42.516+0530] {dagbag.py:540} INFO - Filling up the DagBag from /home/akranth/airflow/airflow_env/lib/python3.11/site-packages/airflow/example_dags/example_branch_operator.py
[2024-03-01T16:30:42.536+0530] {processor.py:840} INFO - DAG(s) 'example_branch_operator' retrieved from /home/akranth/airflow/airflow_env/lib/python3.11/site-packages/airflow/example_dags/example_branch_operator.py
[2024-03-01T16:30:42.560+0530] {logging_mixin.py:188} INFO - [2024-03-01T16:30:42.560+0530] {dag.py:3047} INFO - Sync 1 DAGs
[2024-03-01T16:30:42.585+0530] {logging_mixin.py:188} INFO - [2024-03-01T16:30:42.585+0530] {dag.py:3834} INFO - Setting next_dagrun for example_branch_operator to 2024-02-29 00:00:00+00:00, run_after=2024-03-01 00:00:00+00:00
[2024-03-01T16:30:42.967+0530] {processor.py:183} INFO - Processing /home/akranth/airflow/airflow_env/lib/python3.11/site-packages/airflow/example_dags/example_branch_operator.py took 0.488 seconds
[2024-03-01T16:32:05.017+0530] {processor.py:161} INFO - Started process (PID=9219) to work on /home/akranth/airflow/airflow_env/lib/python3.11/site-packages/airflow/example_dags/example_branch_operator.py
[2024-03-01T16:32:05.093+0530] {processor.py:830} INFO - Processing file /home/akranth/airflow/airflow_env/lib/python3.11/site-packages/airflow/example_dags/example_branch_operator.py for tasks to queue
[2024-03-01T16:32:05.093+0530] {logging_mixin.py:188} INFO - [2024-03-01T16:32:05.093+0530] {dagbag.py:540} INFO - Filling up the DagBag from /home/akranth/airflow/airflow_env/lib/python3.11/site-packages/airflow/example_dags/example_branch_operator.py
[2024-03-01T16:32:05.143+0530] {processor.py:840} INFO - DAG(s) 'example_branch_operator' retrieved from /home/akranth/airflow/airflow_env/lib/python3.11/site-packages/airflow/example_dags/example_branch_operator.py
[2024-03-01T16:32:05.308+0530] {logging_mixin.py:188} INFO - [2024-03-01T16:32:05.308+0530] {dag.py:3047} INFO - Sync 1 DAGs
[2024-03-01T16:32:05.328+0530] {logging_mixin.py:188} INFO - [2024-03-01T16:32:05.328+0530] {dag.py:3834} INFO - Setting next_dagrun for example_branch_operator to 2024-02-29 00:00:00+00:00, run_after=2024-03-01 00:00:00+00:00
[2024-03-01T16:32:05.709+0530] {processor.py:183} INFO - Processing /home/akranth/airflow/airflow_env/lib/python3.11/site-packages/airflow/example_dags/example_branch_operator.py took 0.695 seconds
[2024-03-01T16:33:45.479+0530] {processor.py:161} INFO - Started process (PID=9392) to work on /home/akranth/airflow/airflow_env/lib/python3.11/site-packages/airflow/example_dags/example_branch_operator.py
[2024-03-01T16:33:45.490+0530] {processor.py:830} INFO - Processing file /home/akranth/airflow/airflow_env/lib/python3.11/site-packages/airflow/example_dags/example_branch_operator.py for tasks to queue
[2024-03-01T16:33:45.492+0530] {logging_mixin.py:188} INFO - [2024-03-01T16:33:45.491+0530] {dagbag.py:540} INFO - Filling up the DagBag from /home/akranth/airflow/airflow_env/lib/python3.11/site-packages/airflow/example_dags/example_branch_operator.py
[2024-03-01T16:33:45.527+0530] {processor.py:840} INFO - DAG(s) 'example_branch_operator' retrieved from /home/akranth/airflow/airflow_env/lib/python3.11/site-packages/airflow/example_dags/example_branch_operator.py
[2024-03-01T16:33:45.548+0530] {logging_mixin.py:188} INFO - [2024-03-01T16:33:45.547+0530] {dag.py:3047} INFO - Sync 1 DAGs
[2024-03-01T16:33:45.566+0530] {logging_mixin.py:188} INFO - [2024-03-01T16:33:45.566+0530] {dag.py:3834} INFO - Setting next_dagrun for example_branch_operator to 2024-02-29 00:00:00+00:00, run_after=2024-03-01 00:00:00+00:00
[2024-03-01T16:33:45.724+0530] {processor.py:183} INFO - Processing /home/akranth/airflow/airflow_env/lib/python3.11/site-packages/airflow/example_dags/example_branch_operator.py took 0.248 seconds
[2024-03-01T16:35:01.650+0530] {processor.py:161} INFO - Started process (PID=9592) to work on /home/akranth/airflow/airflow_env/lib/python3.11/site-packages/airflow/example_dags/example_branch_operator.py
[2024-03-01T16:35:01.668+0530] {processor.py:830} INFO - Processing file /home/akranth/airflow/airflow_env/lib/python3.11/site-packages/airflow/example_dags/example_branch_operator.py for tasks to queue
[2024-03-01T16:35:01.670+0530] {logging_mixin.py:188} INFO - [2024-03-01T16:35:01.669+0530] {dagbag.py:540} INFO - Filling up the DagBag from /home/akranth/airflow/airflow_env/lib/python3.11/site-packages/airflow/example_dags/example_branch_operator.py
[2024-03-01T16:35:01.702+0530] {processor.py:840} INFO - DAG(s) 'example_branch_operator' retrieved from /home/akranth/airflow/airflow_env/lib/python3.11/site-packages/airflow/example_dags/example_branch_operator.py
[2024-03-01T16:35:01.721+0530] {logging_mixin.py:188} INFO - [2024-03-01T16:35:01.721+0530] {dag.py:3047} INFO - Sync 1 DAGs
[2024-03-01T16:35:01.746+0530] {logging_mixin.py:188} INFO - [2024-03-01T16:35:01.746+0530] {dag.py:3834} INFO - Setting next_dagrun for example_branch_operator to 2024-02-29 00:00:00+00:00, run_after=2024-03-01 00:00:00+00:00
[2024-03-01T16:35:01.863+0530] {processor.py:183} INFO - Processing /home/akranth/airflow/airflow_env/lib/python3.11/site-packages/airflow/example_dags/example_branch_operator.py took 0.218 seconds
