[2024-03-01T16:18:16.677+0530] {processor.py:161} INFO - Started process (PID=7081) to work on /home/akranth/airflow/airflow_env/lib/python3.11/site-packages/airflow/example_dags/example_sensor_decorator.py
[2024-03-01T16:18:16.678+0530] {processor.py:830} INFO - Processing file /home/akranth/airflow/airflow_env/lib/python3.11/site-packages/airflow/example_dags/example_sensor_decorator.py for tasks to queue
[2024-03-01T16:18:16.679+0530] {logging_mixin.py:188} INFO - [2024-03-01T16:18:16.678+0530] {dagbag.py:540} INFO - Filling up the DagBag from /home/akranth/airflow/airflow_env/lib/python3.11/site-packages/airflow/example_dags/example_sensor_decorator.py
[2024-03-01T16:18:16.684+0530] {processor.py:840} INFO - DAG(s) 'example_sensor_decorator' retrieved from /home/akranth/airflow/airflow_env/lib/python3.11/site-packages/airflow/example_dags/example_sensor_decorator.py
[2024-03-01T16:18:16.835+0530] {logging_mixin.py:188} INFO - [2024-03-01T16:18:16.835+0530] {dag.py:3047} INFO - Sync 1 DAGs
[2024-03-01T16:18:16.841+0530] {logging_mixin.py:188} INFO - [2024-03-01T16:18:16.841+0530] {dag.py:3834} INFO - Setting next_dagrun for example_sensor_decorator to None, run_after=None
[2024-03-01T16:18:17.028+0530] {processor.py:183} INFO - Processing /home/akranth/airflow/airflow_env/lib/python3.11/site-packages/airflow/example_dags/example_sensor_decorator.py took 0.352 seconds
[2024-03-01T16:19:25.274+0530] {processor.py:161} INFO - Started process (PID=7195) to work on /home/akranth/airflow/airflow_env/lib/python3.11/site-packages/airflow/example_dags/example_sensor_decorator.py
[2024-03-01T16:19:25.276+0530] {processor.py:830} INFO - Processing file /home/akranth/airflow/airflow_env/lib/python3.11/site-packages/airflow/example_dags/example_sensor_decorator.py for tasks to queue
[2024-03-01T16:19:25.277+0530] {logging_mixin.py:188} INFO - [2024-03-01T16:19:25.276+0530] {dagbag.py:540} INFO - Filling up the DagBag from /home/akranth/airflow/airflow_env/lib/python3.11/site-packages/airflow/example_dags/example_sensor_decorator.py
[2024-03-01T16:19:25.282+0530] {processor.py:840} INFO - DAG(s) 'example_sensor_decorator' retrieved from /home/akranth/airflow/airflow_env/lib/python3.11/site-packages/airflow/example_dags/example_sensor_decorator.py
[2024-03-01T16:19:25.301+0530] {logging_mixin.py:188} INFO - [2024-03-01T16:19:25.301+0530] {dag.py:3047} INFO - Sync 1 DAGs
[2024-03-01T16:19:25.420+0530] {logging_mixin.py:188} INFO - [2024-03-01T16:19:25.420+0530] {dag.py:3834} INFO - Setting next_dagrun for example_sensor_decorator to None, run_after=None
[2024-03-01T16:19:25.513+0530] {processor.py:183} INFO - Processing /home/akranth/airflow/airflow_env/lib/python3.11/site-packages/airflow/example_dags/example_sensor_decorator.py took 0.242 seconds
[2024-03-01T16:20:26.083+0530] {processor.py:161} INFO - Started process (PID=7345) to work on /home/akranth/airflow/airflow_env/lib/python3.11/site-packages/airflow/example_dags/example_sensor_decorator.py
[2024-03-01T16:20:26.084+0530] {processor.py:830} INFO - Processing file /home/akranth/airflow/airflow_env/lib/python3.11/site-packages/airflow/example_dags/example_sensor_decorator.py for tasks to queue
[2024-03-01T16:20:26.085+0530] {logging_mixin.py:188} INFO - [2024-03-01T16:20:26.084+0530] {dagbag.py:540} INFO - Filling up the DagBag from /home/akranth/airflow/airflow_env/lib/python3.11/site-packages/airflow/example_dags/example_sensor_decorator.py
[2024-03-01T16:20:26.090+0530] {processor.py:840} INFO - DAG(s) 'example_sensor_decorator' retrieved from /home/akranth/airflow/airflow_env/lib/python3.11/site-packages/airflow/example_dags/example_sensor_decorator.py
[2024-03-01T16:20:26.103+0530] {logging_mixin.py:188} INFO - [2024-03-01T16:20:26.103+0530] {dag.py:3047} INFO - Sync 1 DAGs
[2024-03-01T16:20:26.112+0530] {logging_mixin.py:188} INFO - [2024-03-01T16:20:26.112+0530] {dag.py:3834} INFO - Setting next_dagrun for example_sensor_decorator to None, run_after=None
[2024-03-01T16:20:26.293+0530] {processor.py:183} INFO - Processing /home/akranth/airflow/airflow_env/lib/python3.11/site-packages/airflow/example_dags/example_sensor_decorator.py took 0.212 seconds
[2024-03-01T16:21:26.519+0530] {processor.py:161} INFO - Started process (PID=7416) to work on /home/akranth/airflow/airflow_env/lib/python3.11/site-packages/airflow/example_dags/example_sensor_decorator.py
[2024-03-01T16:21:26.519+0530] {processor.py:830} INFO - Processing file /home/akranth/airflow/airflow_env/lib/python3.11/site-packages/airflow/example_dags/example_sensor_decorator.py for tasks to queue
[2024-03-01T16:21:26.520+0530] {logging_mixin.py:188} INFO - [2024-03-01T16:21:26.520+0530] {dagbag.py:540} INFO - Filling up the DagBag from /home/akranth/airflow/airflow_env/lib/python3.11/site-packages/airflow/example_dags/example_sensor_decorator.py
[2024-03-01T16:21:26.525+0530] {processor.py:840} INFO - DAG(s) 'example_sensor_decorator' retrieved from /home/akranth/airflow/airflow_env/lib/python3.11/site-packages/airflow/example_dags/example_sensor_decorator.py
[2024-03-01T16:21:26.538+0530] {logging_mixin.py:188} INFO - [2024-03-01T16:21:26.538+0530] {dag.py:3047} INFO - Sync 1 DAGs
[2024-03-01T16:21:26.548+0530] {logging_mixin.py:188} INFO - [2024-03-01T16:21:26.548+0530] {dag.py:3834} INFO - Setting next_dagrun for example_sensor_decorator to None, run_after=None
[2024-03-01T16:21:26.741+0530] {processor.py:183} INFO - Processing /home/akranth/airflow/airflow_env/lib/python3.11/site-packages/airflow/example_dags/example_sensor_decorator.py took 0.224 seconds
[2024-03-01T16:22:29.404+0530] {processor.py:161} INFO - Started process (PID=7493) to work on /home/akranth/airflow/airflow_env/lib/python3.11/site-packages/airflow/example_dags/example_sensor_decorator.py
[2024-03-01T16:22:29.420+0530] {processor.py:830} INFO - Processing file /home/akranth/airflow/airflow_env/lib/python3.11/site-packages/airflow/example_dags/example_sensor_decorator.py for tasks to queue
[2024-03-01T16:22:29.421+0530] {logging_mixin.py:188} INFO - [2024-03-01T16:22:29.421+0530] {dagbag.py:540} INFO - Filling up the DagBag from /home/akranth/airflow/airflow_env/lib/python3.11/site-packages/airflow/example_dags/example_sensor_decorator.py
[2024-03-01T16:22:29.425+0530] {processor.py:840} INFO - DAG(s) 'example_sensor_decorator' retrieved from /home/akranth/airflow/airflow_env/lib/python3.11/site-packages/airflow/example_dags/example_sensor_decorator.py
[2024-03-01T16:22:29.436+0530] {logging_mixin.py:188} INFO - [2024-03-01T16:22:29.436+0530] {dag.py:3047} INFO - Sync 1 DAGs
[2024-03-01T16:22:29.444+0530] {logging_mixin.py:188} INFO - [2024-03-01T16:22:29.444+0530] {dag.py:3834} INFO - Setting next_dagrun for example_sensor_decorator to None, run_after=None
[2024-03-01T16:22:29.615+0530] {processor.py:183} INFO - Processing /home/akranth/airflow/airflow_env/lib/python3.11/site-packages/airflow/example_dags/example_sensor_decorator.py took 0.213 seconds
[2024-03-01T16:23:26.431+0530] {processor.py:161} INFO - Started process (PID=7551) to work on /home/akranth/airflow/airflow_env/lib/python3.11/site-packages/airflow/example_dags/example_sensor_decorator.py
[2024-03-01T16:23:26.431+0530] {processor.py:830} INFO - Processing file /home/akranth/airflow/airflow_env/lib/python3.11/site-packages/airflow/example_dags/example_sensor_decorator.py for tasks to queue
[2024-03-01T16:23:26.432+0530] {logging_mixin.py:188} INFO - [2024-03-01T16:23:26.432+0530] {dagbag.py:540} INFO - Filling up the DagBag from /home/akranth/airflow/airflow_env/lib/python3.11/site-packages/airflow/example_dags/example_sensor_decorator.py
[2024-03-01T16:23:26.438+0530] {processor.py:840} INFO - DAG(s) 'example_sensor_decorator' retrieved from /home/akranth/airflow/airflow_env/lib/python3.11/site-packages/airflow/example_dags/example_sensor_decorator.py
[2024-03-01T16:23:26.453+0530] {logging_mixin.py:188} INFO - [2024-03-01T16:23:26.452+0530] {dag.py:3047} INFO - Sync 1 DAGs
[2024-03-01T16:23:26.462+0530] {logging_mixin.py:188} INFO - [2024-03-01T16:23:26.462+0530] {dag.py:3834} INFO - Setting next_dagrun for example_sensor_decorator to None, run_after=None
[2024-03-01T16:23:26.642+0530] {processor.py:183} INFO - Processing /home/akranth/airflow/airflow_env/lib/python3.11/site-packages/airflow/example_dags/example_sensor_decorator.py took 0.214 seconds
[2024-03-01T16:24:27.531+0530] {processor.py:161} INFO - Started process (PID=7606) to work on /home/akranth/airflow/airflow_env/lib/python3.11/site-packages/airflow/example_dags/example_sensor_decorator.py
[2024-03-01T16:24:27.533+0530] {processor.py:830} INFO - Processing file /home/akranth/airflow/airflow_env/lib/python3.11/site-packages/airflow/example_dags/example_sensor_decorator.py for tasks to queue
[2024-03-01T16:24:27.535+0530] {logging_mixin.py:188} INFO - [2024-03-01T16:24:27.534+0530] {dagbag.py:540} INFO - Filling up the DagBag from /home/akranth/airflow/airflow_env/lib/python3.11/site-packages/airflow/example_dags/example_sensor_decorator.py
[2024-03-01T16:24:27.548+0530] {processor.py:840} INFO - DAG(s) 'example_sensor_decorator' retrieved from /home/akranth/airflow/airflow_env/lib/python3.11/site-packages/airflow/example_dags/example_sensor_decorator.py
[2024-03-01T16:24:27.566+0530] {logging_mixin.py:188} INFO - [2024-03-01T16:24:27.566+0530] {dag.py:3047} INFO - Sync 1 DAGs
[2024-03-01T16:24:27.577+0530] {logging_mixin.py:188} INFO - [2024-03-01T16:24:27.577+0530] {dag.py:3834} INFO - Setting next_dagrun for example_sensor_decorator to None, run_after=None
[2024-03-01T16:24:28.145+0530] {processor.py:183} INFO - Processing /home/akranth/airflow/airflow_env/lib/python3.11/site-packages/airflow/example_dags/example_sensor_decorator.py took 0.622 seconds
[2024-03-01T16:25:32.297+0530] {processor.py:161} INFO - Started process (PID=7677) to work on /home/akranth/airflow/airflow_env/lib/python3.11/site-packages/airflow/example_dags/example_sensor_decorator.py
[2024-03-01T16:25:32.311+0530] {processor.py:830} INFO - Processing file /home/akranth/airflow/airflow_env/lib/python3.11/site-packages/airflow/example_dags/example_sensor_decorator.py for tasks to queue
[2024-03-01T16:25:32.312+0530] {logging_mixin.py:188} INFO - [2024-03-01T16:25:32.311+0530] {dagbag.py:540} INFO - Filling up the DagBag from /home/akranth/airflow/airflow_env/lib/python3.11/site-packages/airflow/example_dags/example_sensor_decorator.py
[2024-03-01T16:25:32.318+0530] {processor.py:840} INFO - DAG(s) 'example_sensor_decorator' retrieved from /home/akranth/airflow/airflow_env/lib/python3.11/site-packages/airflow/example_dags/example_sensor_decorator.py
[2024-03-01T16:25:32.329+0530] {logging_mixin.py:188} INFO - [2024-03-01T16:25:32.328+0530] {dag.py:3047} INFO - Sync 1 DAGs
[2024-03-01T16:25:32.336+0530] {logging_mixin.py:188} INFO - [2024-03-01T16:25:32.336+0530] {dag.py:3834} INFO - Setting next_dagrun for example_sensor_decorator to None, run_after=None
[2024-03-01T16:25:32.486+0530] {processor.py:183} INFO - Processing /home/akranth/airflow/airflow_env/lib/python3.11/site-packages/airflow/example_dags/example_sensor_decorator.py took 0.191 seconds
[2024-03-01T16:26:31.994+0530] {processor.py:161} INFO - Started process (PID=7743) to work on /home/akranth/airflow/airflow_env/lib/python3.11/site-packages/airflow/example_dags/example_sensor_decorator.py
[2024-03-01T16:26:31.995+0530] {processor.py:830} INFO - Processing file /home/akranth/airflow/airflow_env/lib/python3.11/site-packages/airflow/example_dags/example_sensor_decorator.py for tasks to queue
[2024-03-01T16:26:31.995+0530] {logging_mixin.py:188} INFO - [2024-03-01T16:26:31.995+0530] {dagbag.py:540} INFO - Filling up the DagBag from /home/akranth/airflow/airflow_env/lib/python3.11/site-packages/airflow/example_dags/example_sensor_decorator.py
[2024-03-01T16:26:32.000+0530] {processor.py:840} INFO - DAG(s) 'example_sensor_decorator' retrieved from /home/akranth/airflow/airflow_env/lib/python3.11/site-packages/airflow/example_dags/example_sensor_decorator.py
[2024-03-01T16:26:32.014+0530] {logging_mixin.py:188} INFO - [2024-03-01T16:26:32.013+0530] {dag.py:3047} INFO - Sync 1 DAGs
[2024-03-01T16:26:32.023+0530] {logging_mixin.py:188} INFO - [2024-03-01T16:26:32.023+0530] {dag.py:3834} INFO - Setting next_dagrun for example_sensor_decorator to None, run_after=None
[2024-03-01T16:26:32.210+0530] {processor.py:183} INFO - Processing /home/akranth/airflow/airflow_env/lib/python3.11/site-packages/airflow/example_dags/example_sensor_decorator.py took 0.218 seconds
[2024-03-01T16:27:29.298+0530] {processor.py:161} INFO - Started process (PID=7805) to work on /home/akranth/airflow/airflow_env/lib/python3.11/site-packages/airflow/example_dags/example_sensor_decorator.py
[2024-03-01T16:27:29.312+0530] {processor.py:830} INFO - Processing file /home/akranth/airflow/airflow_env/lib/python3.11/site-packages/airflow/example_dags/example_sensor_decorator.py for tasks to queue
[2024-03-01T16:27:29.313+0530] {logging_mixin.py:188} INFO - [2024-03-01T16:27:29.312+0530] {dagbag.py:540} INFO - Filling up the DagBag from /home/akranth/airflow/airflow_env/lib/python3.11/site-packages/airflow/example_dags/example_sensor_decorator.py
[2024-03-01T16:27:29.319+0530] {processor.py:840} INFO - DAG(s) 'example_sensor_decorator' retrieved from /home/akranth/airflow/airflow_env/lib/python3.11/site-packages/airflow/example_dags/example_sensor_decorator.py
[2024-03-01T16:27:29.338+0530] {logging_mixin.py:188} INFO - [2024-03-01T16:27:29.337+0530] {dag.py:3047} INFO - Sync 1 DAGs
[2024-03-01T16:27:29.349+0530] {logging_mixin.py:188} INFO - [2024-03-01T16:27:29.349+0530] {dag.py:3834} INFO - Setting next_dagrun for example_sensor_decorator to None, run_after=None
[2024-03-01T16:27:29.661+0530] {processor.py:183} INFO - Processing /home/akranth/airflow/airflow_env/lib/python3.11/site-packages/airflow/example_dags/example_sensor_decorator.py took 0.364 seconds
[2024-03-01T16:28:32.371+0530] {processor.py:161} INFO - Started process (PID=7879) to work on /home/akranth/airflow/airflow_env/lib/python3.11/site-packages/airflow/example_dags/example_sensor_decorator.py
[2024-03-01T16:28:32.379+0530] {processor.py:830} INFO - Processing file /home/akranth/airflow/airflow_env/lib/python3.11/site-packages/airflow/example_dags/example_sensor_decorator.py for tasks to queue
[2024-03-01T16:28:32.380+0530] {logging_mixin.py:188} INFO - [2024-03-01T16:28:32.380+0530] {dagbag.py:540} INFO - Filling up the DagBag from /home/akranth/airflow/airflow_env/lib/python3.11/site-packages/airflow/example_dags/example_sensor_decorator.py
[2024-03-01T16:28:32.388+0530] {processor.py:840} INFO - DAG(s) 'example_sensor_decorator' retrieved from /home/akranth/airflow/airflow_env/lib/python3.11/site-packages/airflow/example_dags/example_sensor_decorator.py
[2024-03-01T16:28:32.406+0530] {logging_mixin.py:188} INFO - [2024-03-01T16:28:32.405+0530] {dag.py:3047} INFO - Sync 1 DAGs
[2024-03-01T16:28:32.417+0530] {logging_mixin.py:188} INFO - [2024-03-01T16:28:32.416+0530] {dag.py:3834} INFO - Setting next_dagrun for example_sensor_decorator to None, run_after=None
[2024-03-01T16:28:32.658+0530] {processor.py:183} INFO - Processing /home/akranth/airflow/airflow_env/lib/python3.11/site-packages/airflow/example_dags/example_sensor_decorator.py took 0.293 seconds
[2024-03-01T16:29:50.786+0530] {processor.py:161} INFO - Started process (PID=7977) to work on /home/akranth/airflow/airflow_env/lib/python3.11/site-packages/airflow/example_dags/example_sensor_decorator.py
[2024-03-01T16:29:50.869+0530] {processor.py:830} INFO - Processing file /home/akranth/airflow/airflow_env/lib/python3.11/site-packages/airflow/example_dags/example_sensor_decorator.py for tasks to queue
[2024-03-01T16:29:50.872+0530] {logging_mixin.py:188} INFO - [2024-03-01T16:29:50.871+0530] {dagbag.py:540} INFO - Filling up the DagBag from /home/akranth/airflow/airflow_env/lib/python3.11/site-packages/airflow/example_dags/example_sensor_decorator.py
[2024-03-01T16:29:50.885+0530] {processor.py:840} INFO - DAG(s) 'example_sensor_decorator' retrieved from /home/akranth/airflow/airflow_env/lib/python3.11/site-packages/airflow/example_dags/example_sensor_decorator.py
[2024-03-01T16:29:50.912+0530] {logging_mixin.py:188} INFO - [2024-03-01T16:29:50.912+0530] {dag.py:3047} INFO - Sync 1 DAGs
[2024-03-01T16:29:50.922+0530] {logging_mixin.py:188} INFO - [2024-03-01T16:29:50.922+0530] {dag.py:3834} INFO - Setting next_dagrun for example_sensor_decorator to None, run_after=None
[2024-03-01T16:29:51.042+0530] {processor.py:183} INFO - Processing /home/akranth/airflow/airflow_env/lib/python3.11/site-packages/airflow/example_dags/example_sensor_decorator.py took 0.259 seconds
[2024-03-01T16:31:14.575+0530] {processor.py:161} INFO - Started process (PID=8306) to work on /home/akranth/airflow/airflow_env/lib/python3.11/site-packages/airflow/example_dags/example_sensor_decorator.py
[2024-03-01T16:31:14.606+0530] {processor.py:830} INFO - Processing file /home/akranth/airflow/airflow_env/lib/python3.11/site-packages/airflow/example_dags/example_sensor_decorator.py for tasks to queue
[2024-03-01T16:31:14.608+0530] {logging_mixin.py:188} INFO - [2024-03-01T16:31:14.607+0530] {dagbag.py:540} INFO - Filling up the DagBag from /home/akranth/airflow/airflow_env/lib/python3.11/site-packages/airflow/example_dags/example_sensor_decorator.py
[2024-03-01T16:31:14.621+0530] {processor.py:840} INFO - DAG(s) 'example_sensor_decorator' retrieved from /home/akranth/airflow/airflow_env/lib/python3.11/site-packages/airflow/example_dags/example_sensor_decorator.py
[2024-03-01T16:31:14.638+0530] {logging_mixin.py:188} INFO - [2024-03-01T16:31:14.638+0530] {dag.py:3047} INFO - Sync 1 DAGs
[2024-03-01T16:31:14.652+0530] {logging_mixin.py:188} INFO - [2024-03-01T16:31:14.651+0530] {dag.py:3834} INFO - Setting next_dagrun for example_sensor_decorator to None, run_after=None
[2024-03-01T16:31:14.829+0530] {processor.py:183} INFO - Processing /home/akranth/airflow/airflow_env/lib/python3.11/site-packages/airflow/example_dags/example_sensor_decorator.py took 0.260 seconds
[2024-03-01T16:32:52.782+0530] {processor.py:161} INFO - Started process (PID=9302) to work on /home/akranth/airflow/airflow_env/lib/python3.11/site-packages/airflow/example_dags/example_sensor_decorator.py
[2024-03-01T16:32:52.783+0530] {processor.py:830} INFO - Processing file /home/akranth/airflow/airflow_env/lib/python3.11/site-packages/airflow/example_dags/example_sensor_decorator.py for tasks to queue
[2024-03-01T16:32:52.784+0530] {logging_mixin.py:188} INFO - [2024-03-01T16:32:52.784+0530] {dagbag.py:540} INFO - Filling up the DagBag from /home/akranth/airflow/airflow_env/lib/python3.11/site-packages/airflow/example_dags/example_sensor_decorator.py
[2024-03-01T16:32:52.791+0530] {processor.py:840} INFO - DAG(s) 'example_sensor_decorator' retrieved from /home/akranth/airflow/airflow_env/lib/python3.11/site-packages/airflow/example_dags/example_sensor_decorator.py
[2024-03-01T16:32:52.807+0530] {logging_mixin.py:188} INFO - [2024-03-01T16:32:52.807+0530] {dag.py:3047} INFO - Sync 1 DAGs
[2024-03-01T16:32:52.816+0530] {logging_mixin.py:188} INFO - [2024-03-01T16:32:52.816+0530] {dag.py:3834} INFO - Setting next_dagrun for example_sensor_decorator to None, run_after=None
[2024-03-01T16:32:52.915+0530] {processor.py:183} INFO - Processing /home/akranth/airflow/airflow_env/lib/python3.11/site-packages/airflow/example_dags/example_sensor_decorator.py took 0.136 seconds
[2024-03-01T16:34:15.666+0530] {processor.py:161} INFO - Started process (PID=9443) to work on /home/akranth/airflow/airflow_env/lib/python3.11/site-packages/airflow/example_dags/example_sensor_decorator.py
[2024-03-01T16:34:15.668+0530] {processor.py:830} INFO - Processing file /home/akranth/airflow/airflow_env/lib/python3.11/site-packages/airflow/example_dags/example_sensor_decorator.py for tasks to queue
[2024-03-01T16:34:15.670+0530] {logging_mixin.py:188} INFO - [2024-03-01T16:34:15.669+0530] {dagbag.py:540} INFO - Filling up the DagBag from /home/akranth/airflow/airflow_env/lib/python3.11/site-packages/airflow/example_dags/example_sensor_decorator.py
[2024-03-01T16:34:15.682+0530] {processor.py:840} INFO - DAG(s) 'example_sensor_decorator' retrieved from /home/akranth/airflow/airflow_env/lib/python3.11/site-packages/airflow/example_dags/example_sensor_decorator.py
[2024-03-01T16:34:15.700+0530] {logging_mixin.py:188} INFO - [2024-03-01T16:34:15.700+0530] {dag.py:3047} INFO - Sync 1 DAGs
[2024-03-01T16:34:15.711+0530] {logging_mixin.py:188} INFO - [2024-03-01T16:34:15.711+0530] {dag.py:3834} INFO - Setting next_dagrun for example_sensor_decorator to None, run_after=None
[2024-03-01T16:34:15.815+0530] {processor.py:183} INFO - Processing /home/akranth/airflow/airflow_env/lib/python3.11/site-packages/airflow/example_dags/example_sensor_decorator.py took 0.156 seconds
[2024-03-01T16:35:19.871+0530] {processor.py:161} INFO - Started process (PID=9626) to work on /home/akranth/airflow/airflow_env/lib/python3.11/site-packages/airflow/example_dags/example_sensor_decorator.py
[2024-03-01T16:35:19.873+0530] {processor.py:830} INFO - Processing file /home/akranth/airflow/airflow_env/lib/python3.11/site-packages/airflow/example_dags/example_sensor_decorator.py for tasks to queue
[2024-03-01T16:35:19.875+0530] {logging_mixin.py:188} INFO - [2024-03-01T16:35:19.874+0530] {dagbag.py:540} INFO - Filling up the DagBag from /home/akranth/airflow/airflow_env/lib/python3.11/site-packages/airflow/example_dags/example_sensor_decorator.py
[2024-03-01T16:35:19.888+0530] {processor.py:840} INFO - DAG(s) 'example_sensor_decorator' retrieved from /home/akranth/airflow/airflow_env/lib/python3.11/site-packages/airflow/example_dags/example_sensor_decorator.py
[2024-03-01T16:35:19.907+0530] {logging_mixin.py:188} INFO - [2024-03-01T16:35:19.907+0530] {dag.py:3047} INFO - Sync 1 DAGs
[2024-03-01T16:35:19.917+0530] {logging_mixin.py:188} INFO - [2024-03-01T16:35:19.917+0530] {dag.py:3834} INFO - Setting next_dagrun for example_sensor_decorator to None, run_after=None
[2024-03-01T16:35:20.040+0530] {processor.py:183} INFO - Processing /home/akranth/airflow/airflow_env/lib/python3.11/site-packages/airflow/example_dags/example_sensor_decorator.py took 0.177 seconds
