[2024-03-01T16:18:50.587+0530] {processor.py:161} INFO - Started process (PID=7157) to work on /home/akranth/airflow/airflow_env/lib/python3.11/site-packages/airflow/example_dags/example_datasets.py
[2024-03-01T16:18:50.588+0530] {processor.py:830} INFO - Processing file /home/akranth/airflow/airflow_env/lib/python3.11/site-packages/airflow/example_dags/example_datasets.py for tasks to queue
[2024-03-01T16:18:50.588+0530] {logging_mixin.py:188} INFO - [2024-03-01T16:18:50.588+0530] {dagbag.py:540} INFO - Filling up the DagBag from /home/akranth/airflow/airflow_env/lib/python3.11/site-packages/airflow/example_dags/example_datasets.py
[2024-03-01T16:18:50.597+0530] {processor.py:840} INFO - DAG(s) 'dataset_consumes_1_never_scheduled', 'dataset_consumes_1_and_2', 'dataset_produces_2', 'dataset_consumes_1', 'dataset_produces_1', 'dataset_consumes_unknown_never_scheduled' retrieved from /home/akranth/airflow/airflow_env/lib/python3.11/site-packages/airflow/example_dags/example_datasets.py
[2024-03-01T16:18:50.783+0530] {logging_mixin.py:188} INFO - [2024-03-01T16:18:50.783+0530] {dag.py:3047} INFO - Sync 6 DAGs
[2024-03-01T16:18:50.795+0530] {logging_mixin.py:188} INFO - [2024-03-01T16:18:50.795+0530] {dag.py:3834} INFO - Setting next_dagrun for dataset_consumes_1 to None, run_after=None
[2024-03-01T16:18:50.797+0530] {logging_mixin.py:188} INFO - [2024-03-01T16:18:50.797+0530] {dag.py:3834} INFO - Setting next_dagrun for dataset_consumes_1_and_2 to None, run_after=None
[2024-03-01T16:18:50.797+0530] {logging_mixin.py:188} INFO - [2024-03-01T16:18:50.797+0530] {dag.py:3834} INFO - Setting next_dagrun for dataset_consumes_1_never_scheduled to None, run_after=None
[2024-03-01T16:18:50.798+0530] {logging_mixin.py:188} INFO - [2024-03-01T16:18:50.798+0530] {dag.py:3834} INFO - Setting next_dagrun for dataset_consumes_unknown_never_scheduled to None, run_after=None
[2024-03-01T16:18:50.800+0530] {logging_mixin.py:188} INFO - [2024-03-01T16:18:50.799+0530] {dag.py:3834} INFO - Setting next_dagrun for dataset_produces_1 to 2024-02-29 00:00:00+00:00, run_after=2024-03-01 00:00:00+00:00
[2024-03-01T16:18:50.800+0530] {logging_mixin.py:188} INFO - [2024-03-01T16:18:50.800+0530] {dag.py:3834} INFO - Setting next_dagrun for dataset_produces_2 to None, run_after=None
[2024-03-01T16:18:50.930+0530] {processor.py:183} INFO - Processing /home/akranth/airflow/airflow_env/lib/python3.11/site-packages/airflow/example_dags/example_datasets.py took 0.345 seconds
[2024-03-01T16:20:00.300+0530] {processor.py:161} INFO - Started process (PID=7255) to work on /home/akranth/airflow/airflow_env/lib/python3.11/site-packages/airflow/example_dags/example_datasets.py
[2024-03-01T16:20:00.300+0530] {processor.py:830} INFO - Processing file /home/akranth/airflow/airflow_env/lib/python3.11/site-packages/airflow/example_dags/example_datasets.py for tasks to queue
[2024-03-01T16:20:00.301+0530] {logging_mixin.py:188} INFO - [2024-03-01T16:20:00.301+0530] {dagbag.py:540} INFO - Filling up the DagBag from /home/akranth/airflow/airflow_env/lib/python3.11/site-packages/airflow/example_dags/example_datasets.py
[2024-03-01T16:20:00.387+0530] {processor.py:840} INFO - DAG(s) 'dataset_produces_2', 'dataset_consumes_1', 'dataset_consumes_1_and_2', 'dataset_consumes_unknown_never_scheduled', 'dataset_produces_1', 'dataset_consumes_1_never_scheduled' retrieved from /home/akranth/airflow/airflow_env/lib/python3.11/site-packages/airflow/example_dags/example_datasets.py
[2024-03-01T16:20:00.404+0530] {logging_mixin.py:188} INFO - [2024-03-01T16:20:00.404+0530] {dag.py:3047} INFO - Sync 6 DAGs
[2024-03-01T16:20:00.416+0530] {logging_mixin.py:188} INFO - [2024-03-01T16:20:00.416+0530] {dag.py:3834} INFO - Setting next_dagrun for dataset_consumes_1 to None, run_after=None
[2024-03-01T16:20:00.419+0530] {logging_mixin.py:188} INFO - [2024-03-01T16:20:00.418+0530] {dag.py:3834} INFO - Setting next_dagrun for dataset_consumes_1_and_2 to None, run_after=None
[2024-03-01T16:20:00.419+0530] {logging_mixin.py:188} INFO - [2024-03-01T16:20:00.419+0530] {dag.py:3834} INFO - Setting next_dagrun for dataset_consumes_1_never_scheduled to None, run_after=None
[2024-03-01T16:20:00.420+0530] {logging_mixin.py:188} INFO - [2024-03-01T16:20:00.420+0530] {dag.py:3834} INFO - Setting next_dagrun for dataset_consumes_unknown_never_scheduled to None, run_after=None
[2024-03-01T16:20:00.422+0530] {logging_mixin.py:188} INFO - [2024-03-01T16:20:00.422+0530] {dag.py:3834} INFO - Setting next_dagrun for dataset_produces_1 to 2024-02-29 00:00:00+00:00, run_after=2024-03-01 00:00:00+00:00
[2024-03-01T16:20:00.422+0530] {logging_mixin.py:188} INFO - [2024-03-01T16:20:00.422+0530] {dag.py:3834} INFO - Setting next_dagrun for dataset_produces_2 to None, run_after=None
[2024-03-01T16:20:00.614+0530] {processor.py:183} INFO - Processing /home/akranth/airflow/airflow_env/lib/python3.11/site-packages/airflow/example_dags/example_datasets.py took 0.316 seconds
[2024-03-01T16:20:59.668+0530] {processor.py:161} INFO - Started process (PID=7390) to work on /home/akranth/airflow/airflow_env/lib/python3.11/site-packages/airflow/example_dags/example_datasets.py
[2024-03-01T16:20:59.741+0530] {processor.py:830} INFO - Processing file /home/akranth/airflow/airflow_env/lib/python3.11/site-packages/airflow/example_dags/example_datasets.py for tasks to queue
[2024-03-01T16:20:59.744+0530] {logging_mixin.py:188} INFO - [2024-03-01T16:20:59.743+0530] {dagbag.py:540} INFO - Filling up the DagBag from /home/akranth/airflow/airflow_env/lib/python3.11/site-packages/airflow/example_dags/example_datasets.py
[2024-03-01T16:20:59.768+0530] {processor.py:840} INFO - DAG(s) 'dataset_consumes_1_never_scheduled', 'dataset_consumes_1', 'dataset_consumes_unknown_never_scheduled', 'dataset_consumes_1_and_2', 'dataset_produces_2', 'dataset_produces_1' retrieved from /home/akranth/airflow/airflow_env/lib/python3.11/site-packages/airflow/example_dags/example_datasets.py
[2024-03-01T16:20:59.799+0530] {logging_mixin.py:188} INFO - [2024-03-01T16:20:59.799+0530] {dag.py:3047} INFO - Sync 6 DAGs
[2024-03-01T16:20:59.814+0530] {logging_mixin.py:188} INFO - [2024-03-01T16:20:59.814+0530] {dag.py:3834} INFO - Setting next_dagrun for dataset_consumes_1 to None, run_after=None
[2024-03-01T16:20:59.816+0530] {logging_mixin.py:188} INFO - [2024-03-01T16:20:59.816+0530] {dag.py:3834} INFO - Setting next_dagrun for dataset_consumes_1_and_2 to None, run_after=None
[2024-03-01T16:20:59.816+0530] {logging_mixin.py:188} INFO - [2024-03-01T16:20:59.816+0530] {dag.py:3834} INFO - Setting next_dagrun for dataset_consumes_1_never_scheduled to None, run_after=None
[2024-03-01T16:20:59.817+0530] {logging_mixin.py:188} INFO - [2024-03-01T16:20:59.817+0530] {dag.py:3834} INFO - Setting next_dagrun for dataset_consumes_unknown_never_scheduled to None, run_after=None
[2024-03-01T16:20:59.819+0530] {logging_mixin.py:188} INFO - [2024-03-01T16:20:59.819+0530] {dag.py:3834} INFO - Setting next_dagrun for dataset_produces_1 to 2024-02-29 00:00:00+00:00, run_after=2024-03-01 00:00:00+00:00
[2024-03-01T16:20:59.820+0530] {logging_mixin.py:188} INFO - [2024-03-01T16:20:59.819+0530] {dag.py:3834} INFO - Setting next_dagrun for dataset_produces_2 to None, run_after=None
[2024-03-01T16:21:00.051+0530] {processor.py:183} INFO - Processing /home/akranth/airflow/airflow_env/lib/python3.11/site-packages/airflow/example_dags/example_datasets.py took 0.385 seconds
[2024-03-01T16:22:02.060+0530] {processor.py:161} INFO - Started process (PID=7459) to work on /home/akranth/airflow/airflow_env/lib/python3.11/site-packages/airflow/example_dags/example_datasets.py
[2024-03-01T16:22:02.062+0530] {processor.py:830} INFO - Processing file /home/akranth/airflow/airflow_env/lib/python3.11/site-packages/airflow/example_dags/example_datasets.py for tasks to queue
[2024-03-01T16:22:02.065+0530] {logging_mixin.py:188} INFO - [2024-03-01T16:22:02.064+0530] {dagbag.py:540} INFO - Filling up the DagBag from /home/akranth/airflow/airflow_env/lib/python3.11/site-packages/airflow/example_dags/example_datasets.py
[2024-03-01T16:22:02.085+0530] {processor.py:840} INFO - DAG(s) 'dataset_consumes_1_never_scheduled', 'dataset_consumes_1_and_2', 'dataset_produces_1', 'dataset_consumes_unknown_never_scheduled', 'dataset_produces_2', 'dataset_consumes_1' retrieved from /home/akranth/airflow/airflow_env/lib/python3.11/site-packages/airflow/example_dags/example_datasets.py
[2024-03-01T16:22:02.109+0530] {logging_mixin.py:188} INFO - [2024-03-01T16:22:02.109+0530] {dag.py:3047} INFO - Sync 6 DAGs
[2024-03-01T16:22:02.126+0530] {logging_mixin.py:188} INFO - [2024-03-01T16:22:02.125+0530] {dag.py:3834} INFO - Setting next_dagrun for dataset_consumes_1 to None, run_after=None
[2024-03-01T16:22:02.129+0530] {logging_mixin.py:188} INFO - [2024-03-01T16:22:02.128+0530] {dag.py:3834} INFO - Setting next_dagrun for dataset_consumes_1_and_2 to None, run_after=None
[2024-03-01T16:22:02.129+0530] {logging_mixin.py:188} INFO - [2024-03-01T16:22:02.129+0530] {dag.py:3834} INFO - Setting next_dagrun for dataset_consumes_1_never_scheduled to None, run_after=None
[2024-03-01T16:22:02.130+0530] {logging_mixin.py:188} INFO - [2024-03-01T16:22:02.130+0530] {dag.py:3834} INFO - Setting next_dagrun for dataset_consumes_unknown_never_scheduled to None, run_after=None
[2024-03-01T16:22:02.132+0530] {logging_mixin.py:188} INFO - [2024-03-01T16:22:02.132+0530] {dag.py:3834} INFO - Setting next_dagrun for dataset_produces_1 to 2024-02-29 00:00:00+00:00, run_after=2024-03-01 00:00:00+00:00
[2024-03-01T16:22:02.133+0530] {logging_mixin.py:188} INFO - [2024-03-01T16:22:02.133+0530] {dag.py:3834} INFO - Setting next_dagrun for dataset_produces_2 to None, run_after=None
[2024-03-01T16:22:02.338+0530] {processor.py:183} INFO - Processing /home/akranth/airflow/airflow_env/lib/python3.11/site-packages/airflow/example_dags/example_datasets.py took 0.285 seconds
[2024-03-01T16:23:01.289+0530] {processor.py:161} INFO - Started process (PID=7520) to work on /home/akranth/airflow/airflow_env/lib/python3.11/site-packages/airflow/example_dags/example_datasets.py
[2024-03-01T16:23:01.382+0530] {processor.py:830} INFO - Processing file /home/akranth/airflow/airflow_env/lib/python3.11/site-packages/airflow/example_dags/example_datasets.py for tasks to queue
[2024-03-01T16:23:01.384+0530] {logging_mixin.py:188} INFO - [2024-03-01T16:23:01.383+0530] {dagbag.py:540} INFO - Filling up the DagBag from /home/akranth/airflow/airflow_env/lib/python3.11/site-packages/airflow/example_dags/example_datasets.py
[2024-03-01T16:23:01.408+0530] {processor.py:840} INFO - DAG(s) 'dataset_consumes_1_never_scheduled', 'dataset_consumes_1', 'dataset_produces_1', 'dataset_consumes_1_and_2', 'dataset_produces_2', 'dataset_consumes_unknown_never_scheduled' retrieved from /home/akranth/airflow/airflow_env/lib/python3.11/site-packages/airflow/example_dags/example_datasets.py
[2024-03-01T16:23:01.436+0530] {logging_mixin.py:188} INFO - [2024-03-01T16:23:01.436+0530] {dag.py:3047} INFO - Sync 6 DAGs
[2024-03-01T16:23:01.450+0530] {logging_mixin.py:188} INFO - [2024-03-01T16:23:01.450+0530] {dag.py:3834} INFO - Setting next_dagrun for dataset_consumes_1 to None, run_after=None
[2024-03-01T16:23:01.453+0530] {logging_mixin.py:188} INFO - [2024-03-01T16:23:01.453+0530] {dag.py:3834} INFO - Setting next_dagrun for dataset_consumes_1_and_2 to None, run_after=None
[2024-03-01T16:23:01.453+0530] {logging_mixin.py:188} INFO - [2024-03-01T16:23:01.453+0530] {dag.py:3834} INFO - Setting next_dagrun for dataset_consumes_1_never_scheduled to None, run_after=None
[2024-03-01T16:23:01.454+0530] {logging_mixin.py:188} INFO - [2024-03-01T16:23:01.454+0530] {dag.py:3834} INFO - Setting next_dagrun for dataset_consumes_unknown_never_scheduled to None, run_after=None
[2024-03-01T16:23:01.456+0530] {logging_mixin.py:188} INFO - [2024-03-01T16:23:01.456+0530] {dag.py:3834} INFO - Setting next_dagrun for dataset_produces_1 to 2024-02-29 00:00:00+00:00, run_after=2024-03-01 00:00:00+00:00
[2024-03-01T16:23:01.456+0530] {logging_mixin.py:188} INFO - [2024-03-01T16:23:01.456+0530] {dag.py:3834} INFO - Setting next_dagrun for dataset_produces_2 to None, run_after=None
[2024-03-01T16:23:01.574+0530] {processor.py:183} INFO - Processing /home/akranth/airflow/airflow_env/lib/python3.11/site-packages/airflow/example_dags/example_datasets.py took 0.286 seconds
[2024-03-01T16:24:01.234+0530] {processor.py:161} INFO - Started process (PID=7579) to work on /home/akranth/airflow/airflow_env/lib/python3.11/site-packages/airflow/example_dags/example_datasets.py
[2024-03-01T16:24:01.328+0530] {processor.py:830} INFO - Processing file /home/akranth/airflow/airflow_env/lib/python3.11/site-packages/airflow/example_dags/example_datasets.py for tasks to queue
[2024-03-01T16:24:01.331+0530] {logging_mixin.py:188} INFO - [2024-03-01T16:24:01.330+0530] {dagbag.py:540} INFO - Filling up the DagBag from /home/akranth/airflow/airflow_env/lib/python3.11/site-packages/airflow/example_dags/example_datasets.py
[2024-03-01T16:24:01.340+0530] {processor.py:840} INFO - DAG(s) 'dataset_consumes_1_and_2', 'dataset_consumes_1', 'dataset_produces_1', 'dataset_consumes_unknown_never_scheduled', 'dataset_produces_2', 'dataset_consumes_1_never_scheduled' retrieved from /home/akranth/airflow/airflow_env/lib/python3.11/site-packages/airflow/example_dags/example_datasets.py
[2024-03-01T16:24:01.362+0530] {logging_mixin.py:188} INFO - [2024-03-01T16:24:01.362+0530] {dag.py:3047} INFO - Sync 6 DAGs
[2024-03-01T16:24:01.379+0530] {logging_mixin.py:188} INFO - [2024-03-01T16:24:01.379+0530] {dag.py:3834} INFO - Setting next_dagrun for dataset_consumes_1 to None, run_after=None
[2024-03-01T16:24:01.381+0530] {logging_mixin.py:188} INFO - [2024-03-01T16:24:01.381+0530] {dag.py:3834} INFO - Setting next_dagrun for dataset_consumes_1_and_2 to None, run_after=None
[2024-03-01T16:24:01.382+0530] {logging_mixin.py:188} INFO - [2024-03-01T16:24:01.381+0530] {dag.py:3834} INFO - Setting next_dagrun for dataset_consumes_1_never_scheduled to None, run_after=None
[2024-03-01T16:24:01.382+0530] {logging_mixin.py:188} INFO - [2024-03-01T16:24:01.382+0530] {dag.py:3834} INFO - Setting next_dagrun for dataset_consumes_unknown_never_scheduled to None, run_after=None
[2024-03-01T16:24:01.384+0530] {logging_mixin.py:188} INFO - [2024-03-01T16:24:01.384+0530] {dag.py:3834} INFO - Setting next_dagrun for dataset_produces_1 to 2024-02-29 00:00:00+00:00, run_after=2024-03-01 00:00:00+00:00
[2024-03-01T16:24:01.385+0530] {logging_mixin.py:188} INFO - [2024-03-01T16:24:01.385+0530] {dag.py:3834} INFO - Setting next_dagrun for dataset_produces_2 to None, run_after=None
[2024-03-01T16:24:01.506+0530] {processor.py:183} INFO - Processing /home/akranth/airflow/airflow_env/lib/python3.11/site-packages/airflow/example_dags/example_datasets.py took 0.274 seconds
[2024-03-01T16:25:06.842+0530] {processor.py:161} INFO - Started process (PID=7648) to work on /home/akranth/airflow/airflow_env/lib/python3.11/site-packages/airflow/example_dags/example_datasets.py
[2024-03-01T16:25:06.921+0530] {processor.py:830} INFO - Processing file /home/akranth/airflow/airflow_env/lib/python3.11/site-packages/airflow/example_dags/example_datasets.py for tasks to queue
[2024-03-01T16:25:06.922+0530] {logging_mixin.py:188} INFO - [2024-03-01T16:25:06.922+0530] {dagbag.py:540} INFO - Filling up the DagBag from /home/akranth/airflow/airflow_env/lib/python3.11/site-packages/airflow/example_dags/example_datasets.py
[2024-03-01T16:25:06.932+0530] {processor.py:840} INFO - DAG(s) 'dataset_consumes_1_never_scheduled', 'dataset_produces_2', 'dataset_consumes_unknown_never_scheduled', 'dataset_consumes_1_and_2', 'dataset_produces_1', 'dataset_consumes_1' retrieved from /home/akranth/airflow/airflow_env/lib/python3.11/site-packages/airflow/example_dags/example_datasets.py
[2024-03-01T16:25:06.951+0530] {logging_mixin.py:188} INFO - [2024-03-01T16:25:06.951+0530] {dag.py:3047} INFO - Sync 6 DAGs
[2024-03-01T16:25:06.966+0530] {logging_mixin.py:188} INFO - [2024-03-01T16:25:06.966+0530] {dag.py:3834} INFO - Setting next_dagrun for dataset_consumes_1 to None, run_after=None
[2024-03-01T16:25:06.968+0530] {logging_mixin.py:188} INFO - [2024-03-01T16:25:06.968+0530] {dag.py:3834} INFO - Setting next_dagrun for dataset_consumes_1_and_2 to None, run_after=None
[2024-03-01T16:25:06.969+0530] {logging_mixin.py:188} INFO - [2024-03-01T16:25:06.968+0530] {dag.py:3834} INFO - Setting next_dagrun for dataset_consumes_1_never_scheduled to None, run_after=None
[2024-03-01T16:25:06.969+0530] {logging_mixin.py:188} INFO - [2024-03-01T16:25:06.969+0530] {dag.py:3834} INFO - Setting next_dagrun for dataset_consumes_unknown_never_scheduled to None, run_after=None
[2024-03-01T16:25:06.972+0530] {logging_mixin.py:188} INFO - [2024-03-01T16:25:06.971+0530] {dag.py:3834} INFO - Setting next_dagrun for dataset_produces_1 to 2024-02-29 00:00:00+00:00, run_after=2024-03-01 00:00:00+00:00
[2024-03-01T16:25:06.972+0530] {logging_mixin.py:188} INFO - [2024-03-01T16:25:06.972+0530] {dag.py:3834} INFO - Setting next_dagrun for dataset_produces_2 to None, run_after=None
[2024-03-01T16:25:07.265+0530] {processor.py:183} INFO - Processing /home/akranth/airflow/airflow_env/lib/python3.11/site-packages/airflow/example_dags/example_datasets.py took 0.425 seconds
[2024-03-01T16:26:10.401+0530] {processor.py:161} INFO - Started process (PID=7717) to work on /home/akranth/airflow/airflow_env/lib/python3.11/site-packages/airflow/example_dags/example_datasets.py
[2024-03-01T16:26:10.431+0530] {processor.py:830} INFO - Processing file /home/akranth/airflow/airflow_env/lib/python3.11/site-packages/airflow/example_dags/example_datasets.py for tasks to queue
[2024-03-01T16:26:10.433+0530] {logging_mixin.py:188} INFO - [2024-03-01T16:26:10.432+0530] {dagbag.py:540} INFO - Filling up the DagBag from /home/akranth/airflow/airflow_env/lib/python3.11/site-packages/airflow/example_dags/example_datasets.py
[2024-03-01T16:26:10.460+0530] {processor.py:840} INFO - DAG(s) 'dataset_produces_2', 'dataset_consumes_unknown_never_scheduled', 'dataset_consumes_1_and_2', 'dataset_produces_1', 'dataset_consumes_1_never_scheduled', 'dataset_consumes_1' retrieved from /home/akranth/airflow/airflow_env/lib/python3.11/site-packages/airflow/example_dags/example_datasets.py
[2024-03-01T16:26:10.488+0530] {logging_mixin.py:188} INFO - [2024-03-01T16:26:10.488+0530] {dag.py:3047} INFO - Sync 6 DAGs
[2024-03-01T16:26:10.505+0530] {logging_mixin.py:188} INFO - [2024-03-01T16:26:10.504+0530] {dag.py:3834} INFO - Setting next_dagrun for dataset_consumes_1 to None, run_after=None
[2024-03-01T16:26:10.507+0530] {logging_mixin.py:188} INFO - [2024-03-01T16:26:10.507+0530] {dag.py:3834} INFO - Setting next_dagrun for dataset_consumes_1_and_2 to None, run_after=None
[2024-03-01T16:26:10.508+0530] {logging_mixin.py:188} INFO - [2024-03-01T16:26:10.508+0530] {dag.py:3834} INFO - Setting next_dagrun for dataset_consumes_1_never_scheduled to None, run_after=None
[2024-03-01T16:26:10.509+0530] {logging_mixin.py:188} INFO - [2024-03-01T16:26:10.509+0530] {dag.py:3834} INFO - Setting next_dagrun for dataset_consumes_unknown_never_scheduled to None, run_after=None
[2024-03-01T16:26:10.511+0530] {logging_mixin.py:188} INFO - [2024-03-01T16:26:10.510+0530] {dag.py:3834} INFO - Setting next_dagrun for dataset_produces_1 to 2024-02-29 00:00:00+00:00, run_after=2024-03-01 00:00:00+00:00
[2024-03-01T16:26:10.511+0530] {logging_mixin.py:188} INFO - [2024-03-01T16:26:10.511+0530] {dag.py:3834} INFO - Setting next_dagrun for dataset_produces_2 to None, run_after=None
[2024-03-01T16:26:10.650+0530] {processor.py:183} INFO - Processing /home/akranth/airflow/airflow_env/lib/python3.11/site-packages/airflow/example_dags/example_datasets.py took 0.255 seconds
[2024-03-01T16:27:07.945+0530] {processor.py:161} INFO - Started process (PID=7783) to work on /home/akranth/airflow/airflow_env/lib/python3.11/site-packages/airflow/example_dags/example_datasets.py
[2024-03-01T16:27:07.970+0530] {processor.py:830} INFO - Processing file /home/akranth/airflow/airflow_env/lib/python3.11/site-packages/airflow/example_dags/example_datasets.py for tasks to queue
[2024-03-01T16:27:07.972+0530] {logging_mixin.py:188} INFO - [2024-03-01T16:27:07.972+0530] {dagbag.py:540} INFO - Filling up the DagBag from /home/akranth/airflow/airflow_env/lib/python3.11/site-packages/airflow/example_dags/example_datasets.py
[2024-03-01T16:27:07.997+0530] {processor.py:840} INFO - DAG(s) 'dataset_consumes_1_never_scheduled', 'dataset_consumes_1_and_2', 'dataset_consumes_unknown_never_scheduled', 'dataset_consumes_1', 'dataset_produces_1', 'dataset_produces_2' retrieved from /home/akranth/airflow/airflow_env/lib/python3.11/site-packages/airflow/example_dags/example_datasets.py
[2024-03-01T16:27:08.027+0530] {logging_mixin.py:188} INFO - [2024-03-01T16:27:08.026+0530] {dag.py:3047} INFO - Sync 6 DAGs
[2024-03-01T16:27:08.041+0530] {logging_mixin.py:188} INFO - [2024-03-01T16:27:08.041+0530] {dag.py:3834} INFO - Setting next_dagrun for dataset_consumes_1 to None, run_after=None
[2024-03-01T16:27:08.044+0530] {logging_mixin.py:188} INFO - [2024-03-01T16:27:08.044+0530] {dag.py:3834} INFO - Setting next_dagrun for dataset_consumes_1_and_2 to None, run_after=None
[2024-03-01T16:27:08.045+0530] {logging_mixin.py:188} INFO - [2024-03-01T16:27:08.045+0530] {dag.py:3834} INFO - Setting next_dagrun for dataset_consumes_1_never_scheduled to None, run_after=None
[2024-03-01T16:27:08.045+0530] {logging_mixin.py:188} INFO - [2024-03-01T16:27:08.045+0530] {dag.py:3834} INFO - Setting next_dagrun for dataset_consumes_unknown_never_scheduled to None, run_after=None
[2024-03-01T16:27:08.047+0530] {logging_mixin.py:188} INFO - [2024-03-01T16:27:08.047+0530] {dag.py:3834} INFO - Setting next_dagrun for dataset_produces_1 to 2024-02-29 00:00:00+00:00, run_after=2024-03-01 00:00:00+00:00
[2024-03-01T16:27:08.048+0530] {logging_mixin.py:188} INFO - [2024-03-01T16:27:08.047+0530] {dag.py:3834} INFO - Setting next_dagrun for dataset_produces_2 to None, run_after=None
[2024-03-01T16:27:08.162+0530] {processor.py:183} INFO - Processing /home/akranth/airflow/airflow_env/lib/python3.11/site-packages/airflow/example_dags/example_datasets.py took 0.219 seconds
[2024-03-01T16:28:01.480+0530] {processor.py:161} INFO - Started process (PID=7845) to work on /home/akranth/airflow/airflow_env/lib/python3.11/site-packages/airflow/example_dags/example_datasets.py
[2024-03-01T16:28:01.481+0530] {processor.py:830} INFO - Processing file /home/akranth/airflow/airflow_env/lib/python3.11/site-packages/airflow/example_dags/example_datasets.py for tasks to queue
[2024-03-01T16:28:01.481+0530] {logging_mixin.py:188} INFO - [2024-03-01T16:28:01.481+0530] {dagbag.py:540} INFO - Filling up the DagBag from /home/akranth/airflow/airflow_env/lib/python3.11/site-packages/airflow/example_dags/example_datasets.py
[2024-03-01T16:28:01.490+0530] {processor.py:840} INFO - DAG(s) 'dataset_produces_2', 'dataset_consumes_1', 'dataset_consumes_unknown_never_scheduled', 'dataset_consumes_1_and_2', 'dataset_produces_1', 'dataset_consumes_1_never_scheduled' retrieved from /home/akranth/airflow/airflow_env/lib/python3.11/site-packages/airflow/example_dags/example_datasets.py
[2024-03-01T16:28:01.512+0530] {logging_mixin.py:188} INFO - [2024-03-01T16:28:01.512+0530] {dag.py:3047} INFO - Sync 6 DAGs
[2024-03-01T16:28:01.527+0530] {logging_mixin.py:188} INFO - [2024-03-01T16:28:01.527+0530] {dag.py:3834} INFO - Setting next_dagrun for dataset_consumes_1 to None, run_after=None
[2024-03-01T16:28:01.529+0530] {logging_mixin.py:188} INFO - [2024-03-01T16:28:01.529+0530] {dag.py:3834} INFO - Setting next_dagrun for dataset_consumes_1_and_2 to None, run_after=None
[2024-03-01T16:28:01.530+0530] {logging_mixin.py:188} INFO - [2024-03-01T16:28:01.530+0530] {dag.py:3834} INFO - Setting next_dagrun for dataset_consumes_1_never_scheduled to None, run_after=None
[2024-03-01T16:28:01.530+0530] {logging_mixin.py:188} INFO - [2024-03-01T16:28:01.530+0530] {dag.py:3834} INFO - Setting next_dagrun for dataset_consumes_unknown_never_scheduled to None, run_after=None
[2024-03-01T16:28:01.532+0530] {logging_mixin.py:188} INFO - [2024-03-01T16:28:01.532+0530] {dag.py:3834} INFO - Setting next_dagrun for dataset_produces_1 to 2024-02-29 00:00:00+00:00, run_after=2024-03-01 00:00:00+00:00
[2024-03-01T16:28:01.533+0530] {logging_mixin.py:188} INFO - [2024-03-01T16:28:01.532+0530] {dag.py:3834} INFO - Setting next_dagrun for dataset_produces_2 to None, run_after=None
[2024-03-01T16:28:01.825+0530] {processor.py:183} INFO - Processing /home/akranth/airflow/airflow_env/lib/python3.11/site-packages/airflow/example_dags/example_datasets.py took 0.347 seconds
[2024-03-01T16:29:19.676+0530] {processor.py:161} INFO - Started process (PID=7937) to work on /home/akranth/airflow/airflow_env/lib/python3.11/site-packages/airflow/example_dags/example_datasets.py
[2024-03-01T16:29:19.753+0530] {processor.py:830} INFO - Processing file /home/akranth/airflow/airflow_env/lib/python3.11/site-packages/airflow/example_dags/example_datasets.py for tasks to queue
[2024-03-01T16:29:19.754+0530] {logging_mixin.py:188} INFO - [2024-03-01T16:29:19.753+0530] {dagbag.py:540} INFO - Filling up the DagBag from /home/akranth/airflow/airflow_env/lib/python3.11/site-packages/airflow/example_dags/example_datasets.py
[2024-03-01T16:29:19.764+0530] {processor.py:840} INFO - DAG(s) 'dataset_consumes_1_and_2', 'dataset_consumes_1_never_scheduled', 'dataset_consumes_unknown_never_scheduled', 'dataset_consumes_1', 'dataset_produces_2', 'dataset_produces_1' retrieved from /home/akranth/airflow/airflow_env/lib/python3.11/site-packages/airflow/example_dags/example_datasets.py
[2024-03-01T16:29:19.793+0530] {logging_mixin.py:188} INFO - [2024-03-01T16:29:19.793+0530] {dag.py:3047} INFO - Sync 6 DAGs
[2024-03-01T16:29:19.815+0530] {logging_mixin.py:188} INFO - [2024-03-01T16:29:19.815+0530] {dag.py:3834} INFO - Setting next_dagrun for dataset_consumes_1 to None, run_after=None
[2024-03-01T16:29:19.819+0530] {logging_mixin.py:188} INFO - [2024-03-01T16:29:19.819+0530] {dag.py:3834} INFO - Setting next_dagrun for dataset_consumes_1_and_2 to None, run_after=None
[2024-03-01T16:29:19.820+0530] {logging_mixin.py:188} INFO - [2024-03-01T16:29:19.820+0530] {dag.py:3834} INFO - Setting next_dagrun for dataset_consumes_1_never_scheduled to None, run_after=None
[2024-03-01T16:29:19.821+0530] {logging_mixin.py:188} INFO - [2024-03-01T16:29:19.821+0530] {dag.py:3834} INFO - Setting next_dagrun for dataset_consumes_unknown_never_scheduled to None, run_after=None
[2024-03-01T16:29:19.824+0530] {logging_mixin.py:188} INFO - [2024-03-01T16:29:19.824+0530] {dag.py:3834} INFO - Setting next_dagrun for dataset_produces_1 to 2024-02-29 00:00:00+00:00, run_after=2024-03-01 00:00:00+00:00
[2024-03-01T16:29:19.825+0530] {logging_mixin.py:188} INFO - [2024-03-01T16:29:19.825+0530] {dag.py:3834} INFO - Setting next_dagrun for dataset_produces_2 to None, run_after=None
[2024-03-01T16:29:19.949+0530] {processor.py:183} INFO - Processing /home/akranth/airflow/airflow_env/lib/python3.11/site-packages/airflow/example_dags/example_datasets.py took 0.278 seconds
[2024-03-01T16:30:46.375+0530] {processor.py:161} INFO - Started process (PID=8254) to work on /home/akranth/airflow/airflow_env/lib/python3.11/site-packages/airflow/example_dags/example_datasets.py
[2024-03-01T16:30:46.412+0530] {processor.py:830} INFO - Processing file /home/akranth/airflow/airflow_env/lib/python3.11/site-packages/airflow/example_dags/example_datasets.py for tasks to queue
[2024-03-01T16:30:46.414+0530] {logging_mixin.py:188} INFO - [2024-03-01T16:30:46.413+0530] {dagbag.py:540} INFO - Filling up the DagBag from /home/akranth/airflow/airflow_env/lib/python3.11/site-packages/airflow/example_dags/example_datasets.py
[2024-03-01T16:30:46.432+0530] {processor.py:840} INFO - DAG(s) 'dataset_consumes_1_never_scheduled', 'dataset_consumes_1_and_2', 'dataset_consumes_unknown_never_scheduled', 'dataset_produces_2', 'dataset_produces_1', 'dataset_consumes_1' retrieved from /home/akranth/airflow/airflow_env/lib/python3.11/site-packages/airflow/example_dags/example_datasets.py
[2024-03-01T16:30:46.459+0530] {logging_mixin.py:188} INFO - [2024-03-01T16:30:46.459+0530] {dag.py:3047} INFO - Sync 6 DAGs
[2024-03-01T16:30:46.478+0530] {logging_mixin.py:188} INFO - [2024-03-01T16:30:46.478+0530] {dag.py:3834} INFO - Setting next_dagrun for dataset_consumes_1 to None, run_after=None
[2024-03-01T16:30:46.482+0530] {logging_mixin.py:188} INFO - [2024-03-01T16:30:46.482+0530] {dag.py:3834} INFO - Setting next_dagrun for dataset_consumes_1_and_2 to None, run_after=None
[2024-03-01T16:30:46.483+0530] {logging_mixin.py:188} INFO - [2024-03-01T16:30:46.483+0530] {dag.py:3834} INFO - Setting next_dagrun for dataset_consumes_1_never_scheduled to None, run_after=None
[2024-03-01T16:30:46.484+0530] {logging_mixin.py:188} INFO - [2024-03-01T16:30:46.484+0530] {dag.py:3834} INFO - Setting next_dagrun for dataset_consumes_unknown_never_scheduled to None, run_after=None
[2024-03-01T16:30:46.486+0530] {logging_mixin.py:188} INFO - [2024-03-01T16:30:46.486+0530] {dag.py:3834} INFO - Setting next_dagrun for dataset_produces_1 to 2024-02-29 00:00:00+00:00, run_after=2024-03-01 00:00:00+00:00
[2024-03-01T16:30:46.487+0530] {logging_mixin.py:188} INFO - [2024-03-01T16:30:46.487+0530] {dag.py:3834} INFO - Setting next_dagrun for dataset_produces_2 to None, run_after=None
[2024-03-01T16:30:46.806+0530] {processor.py:183} INFO - Processing /home/akranth/airflow/airflow_env/lib/python3.11/site-packages/airflow/example_dags/example_datasets.py took 0.433 seconds
[2024-03-01T16:32:16.993+0530] {processor.py:161} INFO - Started process (PID=9240) to work on /home/akranth/airflow/airflow_env/lib/python3.11/site-packages/airflow/example_dags/example_datasets.py
[2024-03-01T16:32:17.074+0530] {processor.py:830} INFO - Processing file /home/akranth/airflow/airflow_env/lib/python3.11/site-packages/airflow/example_dags/example_datasets.py for tasks to queue
[2024-03-01T16:32:17.075+0530] {logging_mixin.py:188} INFO - [2024-03-01T16:32:17.074+0530] {dagbag.py:540} INFO - Filling up the DagBag from /home/akranth/airflow/airflow_env/lib/python3.11/site-packages/airflow/example_dags/example_datasets.py
[2024-03-01T16:32:17.143+0530] {processor.py:840} INFO - DAG(s) 'dataset_consumes_unknown_never_scheduled', 'dataset_consumes_1_and_2', 'dataset_consumes_1', 'dataset_consumes_1_never_scheduled', 'dataset_produces_1', 'dataset_produces_2' retrieved from /home/akranth/airflow/airflow_env/lib/python3.11/site-packages/airflow/example_dags/example_datasets.py
[2024-03-01T16:32:17.808+0530] {logging_mixin.py:188} INFO - [2024-03-01T16:32:17.807+0530] {dag.py:3047} INFO - Sync 6 DAGs
[2024-03-01T16:32:17.833+0530] {logging_mixin.py:188} INFO - [2024-03-01T16:32:17.832+0530] {dag.py:3834} INFO - Setting next_dagrun for dataset_consumes_1 to None, run_after=None
[2024-03-01T16:32:17.836+0530] {logging_mixin.py:188} INFO - [2024-03-01T16:32:17.836+0530] {dag.py:3834} INFO - Setting next_dagrun for dataset_consumes_1_and_2 to None, run_after=None
[2024-03-01T16:32:17.837+0530] {logging_mixin.py:188} INFO - [2024-03-01T16:32:17.837+0530] {dag.py:3834} INFO - Setting next_dagrun for dataset_consumes_1_never_scheduled to None, run_after=None
[2024-03-01T16:32:17.838+0530] {logging_mixin.py:188} INFO - [2024-03-01T16:32:17.837+0530] {dag.py:3834} INFO - Setting next_dagrun for dataset_consumes_unknown_never_scheduled to None, run_after=None
[2024-03-01T16:32:17.841+0530] {logging_mixin.py:188} INFO - [2024-03-01T16:32:17.841+0530] {dag.py:3834} INFO - Setting next_dagrun for dataset_produces_1 to 2024-02-29 00:00:00+00:00, run_after=2024-03-01 00:00:00+00:00
[2024-03-01T16:32:17.843+0530] {logging_mixin.py:188} INFO - [2024-03-01T16:32:17.843+0530] {dag.py:3834} INFO - Setting next_dagrun for dataset_produces_2 to None, run_after=None
[2024-03-01T16:32:18.129+0530] {processor.py:183} INFO - Processing /home/akranth/airflow/airflow_env/lib/python3.11/site-packages/airflow/example_dags/example_datasets.py took 1.140 seconds
[2024-03-01T16:33:48.098+0530] {processor.py:161} INFO - Started process (PID=9396) to work on /home/akranth/airflow/airflow_env/lib/python3.11/site-packages/airflow/example_dags/example_datasets.py
[2024-03-01T16:33:48.099+0530] {processor.py:830} INFO - Processing file /home/akranth/airflow/airflow_env/lib/python3.11/site-packages/airflow/example_dags/example_datasets.py for tasks to queue
[2024-03-01T16:33:48.100+0530] {logging_mixin.py:188} INFO - [2024-03-01T16:33:48.099+0530] {dagbag.py:540} INFO - Filling up the DagBag from /home/akranth/airflow/airflow_env/lib/python3.11/site-packages/airflow/example_dags/example_datasets.py
[2024-03-01T16:33:48.113+0530] {processor.py:840} INFO - DAG(s) 'dataset_produces_1', 'dataset_produces_2', 'dataset_consumes_1', 'dataset_consumes_1_never_scheduled', 'dataset_consumes_1_and_2', 'dataset_consumes_unknown_never_scheduled' retrieved from /home/akranth/airflow/airflow_env/lib/python3.11/site-packages/airflow/example_dags/example_datasets.py
[2024-03-01T16:33:48.225+0530] {logging_mixin.py:188} INFO - [2024-03-01T16:33:48.225+0530] {dag.py:3047} INFO - Sync 6 DAGs
[2024-03-01T16:33:48.236+0530] {logging_mixin.py:188} INFO - [2024-03-01T16:33:48.236+0530] {dag.py:3069} INFO - Creating ORM DAG for dataset_consumes_1
[2024-03-01T16:33:48.246+0530] {logging_mixin.py:188} INFO - [2024-03-01T16:33:48.246+0530] {dag.py:3834} INFO - Setting next_dagrun for dataset_consumes_1 to None, run_after=None
[2024-03-01T16:33:48.247+0530] {logging_mixin.py:188} INFO - [2024-03-01T16:33:48.246+0530] {dag.py:3834} INFO - Setting next_dagrun for dataset_consumes_1_and_2 to None, run_after=None
[2024-03-01T16:33:48.249+0530] {logging_mixin.py:188} INFO - [2024-03-01T16:33:48.249+0530] {dag.py:3834} INFO - Setting next_dagrun for dataset_consumes_1_never_scheduled to None, run_after=None
[2024-03-01T16:33:48.250+0530] {logging_mixin.py:188} INFO - [2024-03-01T16:33:48.249+0530] {dag.py:3834} INFO - Setting next_dagrun for dataset_consumes_unknown_never_scheduled to None, run_after=None
[2024-03-01T16:33:48.252+0530] {logging_mixin.py:188} INFO - [2024-03-01T16:33:48.252+0530] {dag.py:3834} INFO - Setting next_dagrun for dataset_produces_1 to 2024-02-29 00:00:00+00:00, run_after=2024-03-01 00:00:00+00:00
[2024-03-01T16:33:48.253+0530] {logging_mixin.py:188} INFO - [2024-03-01T16:33:48.253+0530] {dag.py:3834} INFO - Setting next_dagrun for dataset_produces_2 to None, run_after=None
[2024-03-01T16:33:48.433+0530] {processor.py:183} INFO - Processing /home/akranth/airflow/airflow_env/lib/python3.11/site-packages/airflow/example_dags/example_datasets.py took 0.341 seconds
[2024-03-01T16:35:04.257+0530] {processor.py:161} INFO - Started process (PID=9596) to work on /home/akranth/airflow/airflow_env/lib/python3.11/site-packages/airflow/example_dags/example_datasets.py
[2024-03-01T16:35:04.258+0530] {processor.py:830} INFO - Processing file /home/akranth/airflow/airflow_env/lib/python3.11/site-packages/airflow/example_dags/example_datasets.py for tasks to queue
[2024-03-01T16:35:04.259+0530] {logging_mixin.py:188} INFO - [2024-03-01T16:35:04.259+0530] {dagbag.py:540} INFO - Filling up the DagBag from /home/akranth/airflow/airflow_env/lib/python3.11/site-packages/airflow/example_dags/example_datasets.py
[2024-03-01T16:35:04.270+0530] {processor.py:840} INFO - DAG(s) 'dataset_consumes_unknown_never_scheduled', 'dataset_consumes_1_never_scheduled', 'dataset_consumes_1_and_2', 'dataset_produces_2', 'dataset_produces_1', 'dataset_consumes_1' retrieved from /home/akranth/airflow/airflow_env/lib/python3.11/site-packages/airflow/example_dags/example_datasets.py
[2024-03-01T16:35:04.294+0530] {logging_mixin.py:188} INFO - [2024-03-01T16:35:04.294+0530] {dag.py:3047} INFO - Sync 6 DAGs
[2024-03-01T16:35:04.313+0530] {logging_mixin.py:188} INFO - [2024-03-01T16:35:04.313+0530] {dag.py:3834} INFO - Setting next_dagrun for dataset_consumes_1 to None, run_after=None
[2024-03-01T16:35:04.316+0530] {logging_mixin.py:188} INFO - [2024-03-01T16:35:04.316+0530] {dag.py:3834} INFO - Setting next_dagrun for dataset_consumes_1_and_2 to None, run_after=None
[2024-03-01T16:35:04.317+0530] {logging_mixin.py:188} INFO - [2024-03-01T16:35:04.317+0530] {dag.py:3834} INFO - Setting next_dagrun for dataset_consumes_1_never_scheduled to None, run_after=None
[2024-03-01T16:35:04.318+0530] {logging_mixin.py:188} INFO - [2024-03-01T16:35:04.318+0530] {dag.py:3834} INFO - Setting next_dagrun for dataset_consumes_unknown_never_scheduled to None, run_after=None
[2024-03-01T16:35:04.321+0530] {logging_mixin.py:188} INFO - [2024-03-01T16:35:04.320+0530] {dag.py:3834} INFO - Setting next_dagrun for dataset_produces_1 to 2024-02-29 00:00:00+00:00, run_after=2024-03-01 00:00:00+00:00
[2024-03-01T16:35:04.322+0530] {logging_mixin.py:188} INFO - [2024-03-01T16:35:04.322+0530] {dag.py:3834} INFO - Setting next_dagrun for dataset_produces_2 to None, run_after=None
[2024-03-01T16:35:04.454+0530] {processor.py:183} INFO - Processing /home/akranth/airflow/airflow_env/lib/python3.11/site-packages/airflow/example_dags/example_datasets.py took 0.199 seconds
