[2024-03-01T16:18:11.118+0530] {processor.py:161} INFO - Started process (PID=7077) to work on /home/akranth/airflow/airflow_env/lib/python3.11/site-packages/airflow/example_dags/example_nested_branch_dag.py
[2024-03-01T16:18:11.118+0530] {processor.py:830} INFO - Processing file /home/akranth/airflow/airflow_env/lib/python3.11/site-packages/airflow/example_dags/example_nested_branch_dag.py for tasks to queue
[2024-03-01T16:18:11.119+0530] {logging_mixin.py:188} INFO - [2024-03-01T16:18:11.119+0530] {dagbag.py:540} INFO - Filling up the DagBag from /home/akranth/airflow/airflow_env/lib/python3.11/site-packages/airflow/example_dags/example_nested_branch_dag.py
[2024-03-01T16:18:11.128+0530] {processor.py:840} INFO - DAG(s) 'example_nested_branch_dag' retrieved from /home/akranth/airflow/airflow_env/lib/python3.11/site-packages/airflow/example_dags/example_nested_branch_dag.py
[2024-03-01T16:18:11.197+0530] {logging_mixin.py:188} INFO - [2024-03-01T16:18:11.197+0530] {dag.py:3047} INFO - Sync 1 DAGs
[2024-03-01T16:18:11.284+0530] {logging_mixin.py:188} INFO - [2024-03-01T16:18:11.284+0530] {dag.py:3834} INFO - Setting next_dagrun for example_nested_branch_dag to 2024-02-29 00:00:00+00:00, run_after=2024-03-01 00:00:00+00:00
[2024-03-01T16:18:11.504+0530] {processor.py:183} INFO - Processing /home/akranth/airflow/airflow_env/lib/python3.11/site-packages/airflow/example_dags/example_nested_branch_dag.py took 0.389 seconds
[2024-03-01T16:19:20.045+0530] {processor.py:161} INFO - Started process (PID=7191) to work on /home/akranth/airflow/airflow_env/lib/python3.11/site-packages/airflow/example_dags/example_nested_branch_dag.py
[2024-03-01T16:19:20.046+0530] {processor.py:830} INFO - Processing file /home/akranth/airflow/airflow_env/lib/python3.11/site-packages/airflow/example_dags/example_nested_branch_dag.py for tasks to queue
[2024-03-01T16:19:20.046+0530] {logging_mixin.py:188} INFO - [2024-03-01T16:19:20.046+0530] {dagbag.py:540} INFO - Filling up the DagBag from /home/akranth/airflow/airflow_env/lib/python3.11/site-packages/airflow/example_dags/example_nested_branch_dag.py
[2024-03-01T16:19:20.054+0530] {processor.py:840} INFO - DAG(s) 'example_nested_branch_dag' retrieved from /home/akranth/airflow/airflow_env/lib/python3.11/site-packages/airflow/example_dags/example_nested_branch_dag.py
[2024-03-01T16:19:20.066+0530] {logging_mixin.py:188} INFO - [2024-03-01T16:19:20.066+0530] {dag.py:3047} INFO - Sync 1 DAGs
[2024-03-01T16:19:20.160+0530] {logging_mixin.py:188} INFO - [2024-03-01T16:19:20.160+0530] {dag.py:3834} INFO - Setting next_dagrun for example_nested_branch_dag to 2024-02-29 00:00:00+00:00, run_after=2024-03-01 00:00:00+00:00
[2024-03-01T16:19:20.463+0530] {processor.py:183} INFO - Processing /home/akranth/airflow/airflow_env/lib/python3.11/site-packages/airflow/example_dags/example_nested_branch_dag.py took 0.420 seconds
[2024-03-01T16:20:22.084+0530] {processor.py:161} INFO - Started process (PID=7341) to work on /home/akranth/airflow/airflow_env/lib/python3.11/site-packages/airflow/example_dags/example_nested_branch_dag.py
[2024-03-01T16:20:22.085+0530] {processor.py:830} INFO - Processing file /home/akranth/airflow/airflow_env/lib/python3.11/site-packages/airflow/example_dags/example_nested_branch_dag.py for tasks to queue
[2024-03-01T16:20:22.086+0530] {logging_mixin.py:188} INFO - [2024-03-01T16:20:22.086+0530] {dagbag.py:540} INFO - Filling up the DagBag from /home/akranth/airflow/airflow_env/lib/python3.11/site-packages/airflow/example_dags/example_nested_branch_dag.py
[2024-03-01T16:20:22.096+0530] {processor.py:840} INFO - DAG(s) 'example_nested_branch_dag' retrieved from /home/akranth/airflow/airflow_env/lib/python3.11/site-packages/airflow/example_dags/example_nested_branch_dag.py
[2024-03-01T16:20:22.111+0530] {logging_mixin.py:188} INFO - [2024-03-01T16:20:22.110+0530] {dag.py:3047} INFO - Sync 1 DAGs
[2024-03-01T16:20:22.128+0530] {logging_mixin.py:188} INFO - [2024-03-01T16:20:22.128+0530] {dag.py:3834} INFO - Setting next_dagrun for example_nested_branch_dag to 2024-02-29 00:00:00+00:00, run_after=2024-03-01 00:00:00+00:00
[2024-03-01T16:20:22.326+0530] {processor.py:183} INFO - Processing /home/akranth/airflow/airflow_env/lib/python3.11/site-packages/airflow/example_dags/example_nested_branch_dag.py took 0.245 seconds
[2024-03-01T16:21:21.213+0530] {processor.py:161} INFO - Started process (PID=7411) to work on /home/akranth/airflow/airflow_env/lib/python3.11/site-packages/airflow/example_dags/example_nested_branch_dag.py
[2024-03-01T16:21:21.213+0530] {processor.py:830} INFO - Processing file /home/akranth/airflow/airflow_env/lib/python3.11/site-packages/airflow/example_dags/example_nested_branch_dag.py for tasks to queue
[2024-03-01T16:21:21.214+0530] {logging_mixin.py:188} INFO - [2024-03-01T16:21:21.214+0530] {dagbag.py:540} INFO - Filling up the DagBag from /home/akranth/airflow/airflow_env/lib/python3.11/site-packages/airflow/example_dags/example_nested_branch_dag.py
[2024-03-01T16:21:21.221+0530] {processor.py:840} INFO - DAG(s) 'example_nested_branch_dag' retrieved from /home/akranth/airflow/airflow_env/lib/python3.11/site-packages/airflow/example_dags/example_nested_branch_dag.py
[2024-03-01T16:21:21.234+0530] {logging_mixin.py:188} INFO - [2024-03-01T16:21:21.234+0530] {dag.py:3047} INFO - Sync 1 DAGs
[2024-03-01T16:21:21.249+0530] {logging_mixin.py:188} INFO - [2024-03-01T16:21:21.249+0530] {dag.py:3834} INFO - Setting next_dagrun for example_nested_branch_dag to 2024-02-29 00:00:00+00:00, run_after=2024-03-01 00:00:00+00:00
[2024-03-01T16:21:21.440+0530] {processor.py:183} INFO - Processing /home/akranth/airflow/airflow_env/lib/python3.11/site-packages/airflow/example_dags/example_nested_branch_dag.py took 0.230 seconds
[2024-03-01T16:22:25.314+0530] {processor.py:161} INFO - Started process (PID=7488) to work on /home/akranth/airflow/airflow_env/lib/python3.11/site-packages/airflow/example_dags/example_nested_branch_dag.py
[2024-03-01T16:22:25.327+0530] {processor.py:830} INFO - Processing file /home/akranth/airflow/airflow_env/lib/python3.11/site-packages/airflow/example_dags/example_nested_branch_dag.py for tasks to queue
[2024-03-01T16:22:25.329+0530] {logging_mixin.py:188} INFO - [2024-03-01T16:22:25.328+0530] {dagbag.py:540} INFO - Filling up the DagBag from /home/akranth/airflow/airflow_env/lib/python3.11/site-packages/airflow/example_dags/example_nested_branch_dag.py
[2024-03-01T16:22:25.338+0530] {processor.py:840} INFO - DAG(s) 'example_nested_branch_dag' retrieved from /home/akranth/airflow/airflow_env/lib/python3.11/site-packages/airflow/example_dags/example_nested_branch_dag.py
[2024-03-01T16:22:25.351+0530] {logging_mixin.py:188} INFO - [2024-03-01T16:22:25.351+0530] {dag.py:3047} INFO - Sync 1 DAGs
[2024-03-01T16:22:25.366+0530] {logging_mixin.py:188} INFO - [2024-03-01T16:22:25.366+0530] {dag.py:3834} INFO - Setting next_dagrun for example_nested_branch_dag to 2024-02-29 00:00:00+00:00, run_after=2024-03-01 00:00:00+00:00
[2024-03-01T16:22:25.460+0530] {processor.py:183} INFO - Processing /home/akranth/airflow/airflow_env/lib/python3.11/site-packages/airflow/example_dags/example_nested_branch_dag.py took 0.148 seconds
[2024-03-01T16:23:22.210+0530] {processor.py:161} INFO - Started process (PID=7547) to work on /home/akranth/airflow/airflow_env/lib/python3.11/site-packages/airflow/example_dags/example_nested_branch_dag.py
[2024-03-01T16:23:22.210+0530] {processor.py:830} INFO - Processing file /home/akranth/airflow/airflow_env/lib/python3.11/site-packages/airflow/example_dags/example_nested_branch_dag.py for tasks to queue
[2024-03-01T16:23:22.211+0530] {logging_mixin.py:188} INFO - [2024-03-01T16:23:22.211+0530] {dagbag.py:540} INFO - Filling up the DagBag from /home/akranth/airflow/airflow_env/lib/python3.11/site-packages/airflow/example_dags/example_nested_branch_dag.py
[2024-03-01T16:23:22.222+0530] {processor.py:840} INFO - DAG(s) 'example_nested_branch_dag' retrieved from /home/akranth/airflow/airflow_env/lib/python3.11/site-packages/airflow/example_dags/example_nested_branch_dag.py
[2024-03-01T16:23:22.238+0530] {logging_mixin.py:188} INFO - [2024-03-01T16:23:22.238+0530] {dag.py:3047} INFO - Sync 1 DAGs
[2024-03-01T16:23:22.255+0530] {logging_mixin.py:188} INFO - [2024-03-01T16:23:22.255+0530] {dag.py:3834} INFO - Setting next_dagrun for example_nested_branch_dag to 2024-02-29 00:00:00+00:00, run_after=2024-03-01 00:00:00+00:00
[2024-03-01T16:23:22.631+0530] {processor.py:183} INFO - Processing /home/akranth/airflow/airflow_env/lib/python3.11/site-packages/airflow/example_dags/example_nested_branch_dag.py took 0.424 seconds
[2024-03-01T16:24:22.039+0530] {processor.py:161} INFO - Started process (PID=7602) to work on /home/akranth/airflow/airflow_env/lib/python3.11/site-packages/airflow/example_dags/example_nested_branch_dag.py
[2024-03-01T16:24:22.040+0530] {processor.py:830} INFO - Processing file /home/akranth/airflow/airflow_env/lib/python3.11/site-packages/airflow/example_dags/example_nested_branch_dag.py for tasks to queue
[2024-03-01T16:24:22.041+0530] {logging_mixin.py:188} INFO - [2024-03-01T16:24:22.040+0530] {dagbag.py:540} INFO - Filling up the DagBag from /home/akranth/airflow/airflow_env/lib/python3.11/site-packages/airflow/example_dags/example_nested_branch_dag.py
[2024-03-01T16:24:22.051+0530] {processor.py:840} INFO - DAG(s) 'example_nested_branch_dag' retrieved from /home/akranth/airflow/airflow_env/lib/python3.11/site-packages/airflow/example_dags/example_nested_branch_dag.py
[2024-03-01T16:24:22.067+0530] {logging_mixin.py:188} INFO - [2024-03-01T16:24:22.067+0530] {dag.py:3047} INFO - Sync 1 DAGs
[2024-03-01T16:24:22.084+0530] {logging_mixin.py:188} INFO - [2024-03-01T16:24:22.084+0530] {dag.py:3834} INFO - Setting next_dagrun for example_nested_branch_dag to 2024-02-29 00:00:00+00:00, run_after=2024-03-01 00:00:00+00:00
[2024-03-01T16:24:22.277+0530] {processor.py:183} INFO - Processing /home/akranth/airflow/airflow_env/lib/python3.11/site-packages/airflow/example_dags/example_nested_branch_dag.py took 0.240 seconds
[2024-03-01T16:25:28.311+0530] {processor.py:161} INFO - Started process (PID=7673) to work on /home/akranth/airflow/airflow_env/lib/python3.11/site-packages/airflow/example_dags/example_nested_branch_dag.py
[2024-03-01T16:25:28.414+0530] {processor.py:830} INFO - Processing file /home/akranth/airflow/airflow_env/lib/python3.11/site-packages/airflow/example_dags/example_nested_branch_dag.py for tasks to queue
[2024-03-01T16:25:28.416+0530] {logging_mixin.py:188} INFO - [2024-03-01T16:25:28.415+0530] {dagbag.py:540} INFO - Filling up the DagBag from /home/akranth/airflow/airflow_env/lib/python3.11/site-packages/airflow/example_dags/example_nested_branch_dag.py
[2024-03-01T16:25:28.441+0530] {processor.py:840} INFO - DAG(s) 'example_nested_branch_dag' retrieved from /home/akranth/airflow/airflow_env/lib/python3.11/site-packages/airflow/example_dags/example_nested_branch_dag.py
[2024-03-01T16:25:28.465+0530] {logging_mixin.py:188} INFO - [2024-03-01T16:25:28.464+0530] {dag.py:3047} INFO - Sync 1 DAGs
[2024-03-01T16:25:28.479+0530] {logging_mixin.py:188} INFO - [2024-03-01T16:25:28.479+0530] {dag.py:3834} INFO - Setting next_dagrun for example_nested_branch_dag to 2024-02-29 00:00:00+00:00, run_after=2024-03-01 00:00:00+00:00
[2024-03-01T16:25:28.609+0530] {processor.py:183} INFO - Processing /home/akranth/airflow/airflow_env/lib/python3.11/site-packages/airflow/example_dags/example_nested_branch_dag.py took 0.301 seconds
[2024-03-01T16:26:28.276+0530] {processor.py:161} INFO - Started process (PID=7738) to work on /home/akranth/airflow/airflow_env/lib/python3.11/site-packages/airflow/example_dags/example_nested_branch_dag.py
[2024-03-01T16:26:28.277+0530] {processor.py:830} INFO - Processing file /home/akranth/airflow/airflow_env/lib/python3.11/site-packages/airflow/example_dags/example_nested_branch_dag.py for tasks to queue
[2024-03-01T16:26:28.278+0530] {logging_mixin.py:188} INFO - [2024-03-01T16:26:28.277+0530] {dagbag.py:540} INFO - Filling up the DagBag from /home/akranth/airflow/airflow_env/lib/python3.11/site-packages/airflow/example_dags/example_nested_branch_dag.py
[2024-03-01T16:26:28.287+0530] {processor.py:840} INFO - DAG(s) 'example_nested_branch_dag' retrieved from /home/akranth/airflow/airflow_env/lib/python3.11/site-packages/airflow/example_dags/example_nested_branch_dag.py
[2024-03-01T16:26:28.301+0530] {logging_mixin.py:188} INFO - [2024-03-01T16:26:28.301+0530] {dag.py:3047} INFO - Sync 1 DAGs
[2024-03-01T16:26:28.318+0530] {logging_mixin.py:188} INFO - [2024-03-01T16:26:28.318+0530] {dag.py:3834} INFO - Setting next_dagrun for example_nested_branch_dag to 2024-02-29 00:00:00+00:00, run_after=2024-03-01 00:00:00+00:00
[2024-03-01T16:26:28.414+0530] {processor.py:183} INFO - Processing /home/akranth/airflow/airflow_env/lib/python3.11/site-packages/airflow/example_dags/example_nested_branch_dag.py took 0.140 seconds
[2024-03-01T16:27:23.989+0530] {processor.py:161} INFO - Started process (PID=7800) to work on /home/akranth/airflow/airflow_env/lib/python3.11/site-packages/airflow/example_dags/example_nested_branch_dag.py
[2024-03-01T16:27:23.992+0530] {processor.py:830} INFO - Processing file /home/akranth/airflow/airflow_env/lib/python3.11/site-packages/airflow/example_dags/example_nested_branch_dag.py for tasks to queue
[2024-03-01T16:27:23.994+0530] {logging_mixin.py:188} INFO - [2024-03-01T16:27:23.993+0530] {dagbag.py:540} INFO - Filling up the DagBag from /home/akranth/airflow/airflow_env/lib/python3.11/site-packages/airflow/example_dags/example_nested_branch_dag.py
[2024-03-01T16:27:24.014+0530] {processor.py:840} INFO - DAG(s) 'example_nested_branch_dag' retrieved from /home/akranth/airflow/airflow_env/lib/python3.11/site-packages/airflow/example_dags/example_nested_branch_dag.py
[2024-03-01T16:27:24.031+0530] {logging_mixin.py:188} INFO - [2024-03-01T16:27:24.031+0530] {dag.py:3047} INFO - Sync 1 DAGs
[2024-03-01T16:27:24.048+0530] {logging_mixin.py:188} INFO - [2024-03-01T16:27:24.048+0530] {dag.py:3834} INFO - Setting next_dagrun for example_nested_branch_dag to 2024-02-29 00:00:00+00:00, run_after=2024-03-01 00:00:00+00:00
[2024-03-01T16:27:24.174+0530] {processor.py:183} INFO - Processing /home/akranth/airflow/airflow_env/lib/python3.11/site-packages/airflow/example_dags/example_nested_branch_dag.py took 0.191 seconds
[2024-03-01T16:28:24.235+0530] {processor.py:161} INFO - Started process (PID=7875) to work on /home/akranth/airflow/airflow_env/lib/python3.11/site-packages/airflow/example_dags/example_nested_branch_dag.py
[2024-03-01T16:28:24.237+0530] {processor.py:830} INFO - Processing file /home/akranth/airflow/airflow_env/lib/python3.11/site-packages/airflow/example_dags/example_nested_branch_dag.py for tasks to queue
[2024-03-01T16:28:24.238+0530] {logging_mixin.py:188} INFO - [2024-03-01T16:28:24.238+0530] {dagbag.py:540} INFO - Filling up the DagBag from /home/akranth/airflow/airflow_env/lib/python3.11/site-packages/airflow/example_dags/example_nested_branch_dag.py
[2024-03-01T16:28:24.251+0530] {processor.py:840} INFO - DAG(s) 'example_nested_branch_dag' retrieved from /home/akranth/airflow/airflow_env/lib/python3.11/site-packages/airflow/example_dags/example_nested_branch_dag.py
[2024-03-01T16:28:24.269+0530] {logging_mixin.py:188} INFO - [2024-03-01T16:28:24.268+0530] {dag.py:3047} INFO - Sync 1 DAGs
[2024-03-01T16:28:24.290+0530] {logging_mixin.py:188} INFO - [2024-03-01T16:28:24.290+0530] {dag.py:3834} INFO - Setting next_dagrun for example_nested_branch_dag to 2024-02-29 00:00:00+00:00, run_after=2024-03-01 00:00:00+00:00
[2024-03-01T16:28:24.687+0530] {processor.py:183} INFO - Processing /home/akranth/airflow/airflow_env/lib/python3.11/site-packages/airflow/example_dags/example_nested_branch_dag.py took 0.456 seconds
[2024-03-01T16:29:42.847+0530] {processor.py:161} INFO - Started process (PID=7969) to work on /home/akranth/airflow/airflow_env/lib/python3.11/site-packages/airflow/example_dags/example_nested_branch_dag.py
[2024-03-01T16:29:42.861+0530] {processor.py:830} INFO - Processing file /home/akranth/airflow/airflow_env/lib/python3.11/site-packages/airflow/example_dags/example_nested_branch_dag.py for tasks to queue
[2024-03-01T16:29:42.863+0530] {logging_mixin.py:188} INFO - [2024-03-01T16:29:42.862+0530] {dagbag.py:540} INFO - Filling up the DagBag from /home/akranth/airflow/airflow_env/lib/python3.11/site-packages/airflow/example_dags/example_nested_branch_dag.py
[2024-03-01T16:29:42.877+0530] {processor.py:840} INFO - DAG(s) 'example_nested_branch_dag' retrieved from /home/akranth/airflow/airflow_env/lib/python3.11/site-packages/airflow/example_dags/example_nested_branch_dag.py
[2024-03-01T16:29:43.075+0530] {logging_mixin.py:188} INFO - [2024-03-01T16:29:43.074+0530] {dag.py:3047} INFO - Sync 1 DAGs
[2024-03-01T16:29:45.034+0530] {logging_mixin.py:188} INFO - [2024-03-01T16:29:45.034+0530] {dag.py:3834} INFO - Setting next_dagrun for example_nested_branch_dag to 2024-02-29 00:00:00+00:00, run_after=2024-03-01 00:00:00+00:00
[2024-03-01T16:29:46.131+0530] {processor.py:183} INFO - Processing /home/akranth/airflow/airflow_env/lib/python3.11/site-packages/airflow/example_dags/example_nested_branch_dag.py took 3.291 seconds
[2024-03-01T16:31:09.811+0530] {processor.py:161} INFO - Started process (PID=8293) to work on /home/akranth/airflow/airflow_env/lib/python3.11/site-packages/airflow/example_dags/example_nested_branch_dag.py
[2024-03-01T16:31:09.822+0530] {processor.py:830} INFO - Processing file /home/akranth/airflow/airflow_env/lib/python3.11/site-packages/airflow/example_dags/example_nested_branch_dag.py for tasks to queue
[2024-03-01T16:31:09.823+0530] {logging_mixin.py:188} INFO - [2024-03-01T16:31:09.823+0530] {dagbag.py:540} INFO - Filling up the DagBag from /home/akranth/airflow/airflow_env/lib/python3.11/site-packages/airflow/example_dags/example_nested_branch_dag.py
[2024-03-01T16:31:09.838+0530] {processor.py:840} INFO - DAG(s) 'example_nested_branch_dag' retrieved from /home/akranth/airflow/airflow_env/lib/python3.11/site-packages/airflow/example_dags/example_nested_branch_dag.py
[2024-03-01T16:31:09.858+0530] {logging_mixin.py:188} INFO - [2024-03-01T16:31:09.857+0530] {dag.py:3047} INFO - Sync 1 DAGs
[2024-03-01T16:31:09.876+0530] {logging_mixin.py:188} INFO - [2024-03-01T16:31:09.876+0530] {dag.py:3834} INFO - Setting next_dagrun for example_nested_branch_dag to 2024-02-29 00:00:00+00:00, run_after=2024-03-01 00:00:00+00:00
[2024-03-01T16:31:10.019+0530] {processor.py:183} INFO - Processing /home/akranth/airflow/airflow_env/lib/python3.11/site-packages/airflow/example_dags/example_nested_branch_dag.py took 0.212 seconds
[2024-03-01T16:32:44.929+0530] {processor.py:161} INFO - Started process (PID=9293) to work on /home/akranth/airflow/airflow_env/lib/python3.11/site-packages/airflow/example_dags/example_nested_branch_dag.py
[2024-03-01T16:32:44.949+0530] {processor.py:830} INFO - Processing file /home/akranth/airflow/airflow_env/lib/python3.11/site-packages/airflow/example_dags/example_nested_branch_dag.py for tasks to queue
[2024-03-01T16:32:44.952+0530] {logging_mixin.py:188} INFO - [2024-03-01T16:32:44.951+0530] {dagbag.py:540} INFO - Filling up the DagBag from /home/akranth/airflow/airflow_env/lib/python3.11/site-packages/airflow/example_dags/example_nested_branch_dag.py
[2024-03-01T16:32:44.988+0530] {processor.py:840} INFO - DAG(s) 'example_nested_branch_dag' retrieved from /home/akranth/airflow/airflow_env/lib/python3.11/site-packages/airflow/example_dags/example_nested_branch_dag.py
[2024-03-01T16:32:45.123+0530] {logging_mixin.py:188} INFO - [2024-03-01T16:32:45.122+0530] {dag.py:3047} INFO - Sync 1 DAGs
[2024-03-01T16:32:46.585+0530] {logging_mixin.py:188} INFO - [2024-03-01T16:32:46.585+0530] {dag.py:3834} INFO - Setting next_dagrun for example_nested_branch_dag to 2024-02-29 00:00:00+00:00, run_after=2024-03-01 00:00:00+00:00
[2024-03-01T16:32:48.127+0530] {processor.py:183} INFO - Processing /home/akranth/airflow/airflow_env/lib/python3.11/site-packages/airflow/example_dags/example_nested_branch_dag.py took 3.205 seconds
[2024-03-01T16:34:07.729+0530] {processor.py:161} INFO - Started process (PID=9436) to work on /home/akranth/airflow/airflow_env/lib/python3.11/site-packages/airflow/example_dags/example_nested_branch_dag.py
[2024-03-01T16:34:07.741+0530] {processor.py:830} INFO - Processing file /home/akranth/airflow/airflow_env/lib/python3.11/site-packages/airflow/example_dags/example_nested_branch_dag.py for tasks to queue
[2024-03-01T16:34:07.744+0530] {logging_mixin.py:188} INFO - [2024-03-01T16:34:07.743+0530] {dagbag.py:540} INFO - Filling up the DagBag from /home/akranth/airflow/airflow_env/lib/python3.11/site-packages/airflow/example_dags/example_nested_branch_dag.py
[2024-03-01T16:34:07.767+0530] {processor.py:840} INFO - DAG(s) 'example_nested_branch_dag' retrieved from /home/akranth/airflow/airflow_env/lib/python3.11/site-packages/airflow/example_dags/example_nested_branch_dag.py
[2024-03-01T16:34:07.786+0530] {logging_mixin.py:188} INFO - [2024-03-01T16:34:07.786+0530] {dag.py:3047} INFO - Sync 1 DAGs
[2024-03-01T16:34:07.803+0530] {logging_mixin.py:188} INFO - [2024-03-01T16:34:07.803+0530] {dag.py:3834} INFO - Setting next_dagrun for example_nested_branch_dag to 2024-02-29 00:00:00+00:00, run_after=2024-03-01 00:00:00+00:00
[2024-03-01T16:34:07.966+0530] {processor.py:183} INFO - Processing /home/akranth/airflow/airflow_env/lib/python3.11/site-packages/airflow/example_dags/example_nested_branch_dag.py took 0.241 seconds
[2024-03-01T16:35:15.071+0530] {processor.py:161} INFO - Started process (PID=9618) to work on /home/akranth/airflow/airflow_env/lib/python3.11/site-packages/airflow/example_dags/example_nested_branch_dag.py
[2024-03-01T16:35:15.073+0530] {processor.py:830} INFO - Processing file /home/akranth/airflow/airflow_env/lib/python3.11/site-packages/airflow/example_dags/example_nested_branch_dag.py for tasks to queue
[2024-03-01T16:35:15.075+0530] {logging_mixin.py:188} INFO - [2024-03-01T16:35:15.074+0530] {dagbag.py:540} INFO - Filling up the DagBag from /home/akranth/airflow/airflow_env/lib/python3.11/site-packages/airflow/example_dags/example_nested_branch_dag.py
[2024-03-01T16:35:15.095+0530] {processor.py:840} INFO - DAG(s) 'example_nested_branch_dag' retrieved from /home/akranth/airflow/airflow_env/lib/python3.11/site-packages/airflow/example_dags/example_nested_branch_dag.py
[2024-03-01T16:35:15.112+0530] {logging_mixin.py:188} INFO - [2024-03-01T16:35:15.112+0530] {dag.py:3047} INFO - Sync 1 DAGs
[2024-03-01T16:35:15.134+0530] {logging_mixin.py:188} INFO - [2024-03-01T16:35:15.134+0530] {dag.py:3834} INFO - Setting next_dagrun for example_nested_branch_dag to 2024-02-29 00:00:00+00:00, run_after=2024-03-01 00:00:00+00:00
[2024-03-01T16:35:15.264+0530] {processor.py:183} INFO - Processing /home/akranth/airflow/airflow_env/lib/python3.11/site-packages/airflow/example_dags/example_nested_branch_dag.py took 0.200 seconds
