[2024-03-01T16:17:56.328+0530] {processor.py:161} INFO - Started process (PID=7053) to work on /home/akranth/airflow/airflow_env/lib/python3.11/site-packages/airflow/example_dags/example_time_delta_sensor_async.py
[2024-03-01T16:17:56.329+0530] {processor.py:830} INFO - Processing file /home/akranth/airflow/airflow_env/lib/python3.11/site-packages/airflow/example_dags/example_time_delta_sensor_async.py for tasks to queue
[2024-03-01T16:17:56.330+0530] {logging_mixin.py:188} INFO - [2024-03-01T16:17:56.330+0530] {dagbag.py:540} INFO - Filling up the DagBag from /home/akranth/airflow/airflow_env/lib/python3.11/site-packages/airflow/example_dags/example_time_delta_sensor_async.py
[2024-03-01T16:17:56.339+0530] {processor.py:840} INFO - DAG(s) 'example_time_delta_sensor_async' retrieved from /home/akranth/airflow/airflow_env/lib/python3.11/site-packages/airflow/example_dags/example_time_delta_sensor_async.py
[2024-03-01T16:17:56.430+0530] {logging_mixin.py:188} INFO - [2024-03-01T16:17:56.430+0530] {dag.py:3047} INFO - Sync 1 DAGs
[2024-03-01T16:17:56.438+0530] {logging_mixin.py:188} INFO - [2024-03-01T16:17:56.437+0530] {dag.py:3834} INFO - Setting next_dagrun for example_time_delta_sensor_async to None, run_after=None
[2024-03-01T16:17:56.625+0530] {processor.py:183} INFO - Processing /home/akranth/airflow/airflow_env/lib/python3.11/site-packages/airflow/example_dags/example_time_delta_sensor_async.py took 0.300 seconds
[2024-03-01T16:19:06.039+0530] {processor.py:161} INFO - Started process (PID=7178) to work on /home/akranth/airflow/airflow_env/lib/python3.11/site-packages/airflow/example_dags/example_time_delta_sensor_async.py
[2024-03-01T16:19:06.056+0530] {processor.py:830} INFO - Processing file /home/akranth/airflow/airflow_env/lib/python3.11/site-packages/airflow/example_dags/example_time_delta_sensor_async.py for tasks to queue
[2024-03-01T16:19:06.058+0530] {logging_mixin.py:188} INFO - [2024-03-01T16:19:06.057+0530] {dagbag.py:540} INFO - Filling up the DagBag from /home/akranth/airflow/airflow_env/lib/python3.11/site-packages/airflow/example_dags/example_time_delta_sensor_async.py
[2024-03-01T16:19:06.067+0530] {processor.py:840} INFO - DAG(s) 'example_time_delta_sensor_async' retrieved from /home/akranth/airflow/airflow_env/lib/python3.11/site-packages/airflow/example_dags/example_time_delta_sensor_async.py
[2024-03-01T16:19:06.093+0530] {logging_mixin.py:188} INFO - [2024-03-01T16:19:06.093+0530] {dag.py:3047} INFO - Sync 1 DAGs
[2024-03-01T16:19:06.102+0530] {logging_mixin.py:188} INFO - [2024-03-01T16:19:06.101+0530] {dag.py:3834} INFO - Setting next_dagrun for example_time_delta_sensor_async to None, run_after=None
[2024-03-01T16:19:06.205+0530] {processor.py:183} INFO - Processing /home/akranth/airflow/airflow_env/lib/python3.11/site-packages/airflow/example_dags/example_time_delta_sensor_async.py took 0.168 seconds
[2024-03-01T16:19:44.842+0530] {processor.py:161} INFO - Started process (PID=7221) to work on /home/akranth/airflow/airflow_env/lib/python3.11/site-packages/airflow/example_dags/example_time_delta_sensor_async.py
[2024-03-01T16:19:44.843+0530] {processor.py:830} INFO - Processing file /home/akranth/airflow/airflow_env/lib/python3.11/site-packages/airflow/example_dags/example_time_delta_sensor_async.py for tasks to queue
[2024-03-01T16:19:44.844+0530] {logging_mixin.py:188} INFO - [2024-03-01T16:19:44.843+0530] {dagbag.py:540} INFO - Filling up the DagBag from /home/akranth/airflow/airflow_env/lib/python3.11/site-packages/airflow/example_dags/example_time_delta_sensor_async.py
[2024-03-01T16:19:44.847+0530] {processor.py:840} INFO - DAG(s) 'example_time_delta_sensor_async' retrieved from /home/akranth/airflow/airflow_env/lib/python3.11/site-packages/airflow/example_dags/example_time_delta_sensor_async.py
[2024-03-01T16:19:44.951+0530] {logging_mixin.py:188} INFO - [2024-03-01T16:19:44.951+0530] {dag.py:3047} INFO - Sync 1 DAGs
[2024-03-01T16:19:44.959+0530] {logging_mixin.py:188} INFO - [2024-03-01T16:19:44.959+0530] {dag.py:3834} INFO - Setting next_dagrun for example_time_delta_sensor_async to None, run_after=None
[2024-03-01T16:19:45.153+0530] {processor.py:183} INFO - Processing /home/akranth/airflow/airflow_env/lib/python3.11/site-packages/airflow/example_dags/example_time_delta_sensor_async.py took 0.314 seconds
[2024-03-01T16:20:45.642+0530] {processor.py:161} INFO - Started process (PID=7377) to work on /home/akranth/airflow/airflow_env/lib/python3.11/site-packages/airflow/example_dags/example_time_delta_sensor_async.py
[2024-03-01T16:20:45.644+0530] {processor.py:830} INFO - Processing file /home/akranth/airflow/airflow_env/lib/python3.11/site-packages/airflow/example_dags/example_time_delta_sensor_async.py for tasks to queue
[2024-03-01T16:20:45.646+0530] {logging_mixin.py:188} INFO - [2024-03-01T16:20:45.645+0530] {dagbag.py:540} INFO - Filling up the DagBag from /home/akranth/airflow/airflow_env/lib/python3.11/site-packages/airflow/example_dags/example_time_delta_sensor_async.py
[2024-03-01T16:20:45.657+0530] {processor.py:840} INFO - DAG(s) 'example_time_delta_sensor_async' retrieved from /home/akranth/airflow/airflow_env/lib/python3.11/site-packages/airflow/example_dags/example_time_delta_sensor_async.py
[2024-03-01T16:20:45.677+0530] {logging_mixin.py:188} INFO - [2024-03-01T16:20:45.677+0530] {dag.py:3047} INFO - Sync 1 DAGs
[2024-03-01T16:20:45.686+0530] {logging_mixin.py:188} INFO - [2024-03-01T16:20:45.686+0530] {dag.py:3834} INFO - Setting next_dagrun for example_time_delta_sensor_async to None, run_after=None
[2024-03-01T16:20:45.802+0530] {processor.py:183} INFO - Processing /home/akranth/airflow/airflow_env/lib/python3.11/site-packages/airflow/example_dags/example_time_delta_sensor_async.py took 0.166 seconds
[2024-03-01T16:21:45.493+0530] {processor.py:161} INFO - Started process (PID=7443) to work on /home/akranth/airflow/airflow_env/lib/python3.11/site-packages/airflow/example_dags/example_time_delta_sensor_async.py
[2024-03-01T16:21:45.494+0530] {processor.py:830} INFO - Processing file /home/akranth/airflow/airflow_env/lib/python3.11/site-packages/airflow/example_dags/example_time_delta_sensor_async.py for tasks to queue
[2024-03-01T16:21:45.495+0530] {logging_mixin.py:188} INFO - [2024-03-01T16:21:45.495+0530] {dagbag.py:540} INFO - Filling up the DagBag from /home/akranth/airflow/airflow_env/lib/python3.11/site-packages/airflow/example_dags/example_time_delta_sensor_async.py
[2024-03-01T16:21:45.500+0530] {processor.py:840} INFO - DAG(s) 'example_time_delta_sensor_async' retrieved from /home/akranth/airflow/airflow_env/lib/python3.11/site-packages/airflow/example_dags/example_time_delta_sensor_async.py
[2024-03-01T16:21:45.517+0530] {logging_mixin.py:188} INFO - [2024-03-01T16:21:45.517+0530] {dag.py:3047} INFO - Sync 1 DAGs
[2024-03-01T16:21:45.528+0530] {logging_mixin.py:188} INFO - [2024-03-01T16:21:45.527+0530] {dag.py:3834} INFO - Setting next_dagrun for example_time_delta_sensor_async to None, run_after=None
[2024-03-01T16:21:45.717+0530] {processor.py:183} INFO - Processing /home/akranth/airflow/airflow_env/lib/python3.11/site-packages/airflow/example_dags/example_time_delta_sensor_async.py took 0.227 seconds
[2024-03-01T16:22:45.943+0530] {processor.py:161} INFO - Started process (PID=7507) to work on /home/akranth/airflow/airflow_env/lib/python3.11/site-packages/airflow/example_dags/example_time_delta_sensor_async.py
[2024-03-01T16:22:45.944+0530] {processor.py:830} INFO - Processing file /home/akranth/airflow/airflow_env/lib/python3.11/site-packages/airflow/example_dags/example_time_delta_sensor_async.py for tasks to queue
[2024-03-01T16:22:45.945+0530] {logging_mixin.py:188} INFO - [2024-03-01T16:22:45.944+0530] {dagbag.py:540} INFO - Filling up the DagBag from /home/akranth/airflow/airflow_env/lib/python3.11/site-packages/airflow/example_dags/example_time_delta_sensor_async.py
[2024-03-01T16:22:45.948+0530] {processor.py:840} INFO - DAG(s) 'example_time_delta_sensor_async' retrieved from /home/akranth/airflow/airflow_env/lib/python3.11/site-packages/airflow/example_dags/example_time_delta_sensor_async.py
[2024-03-01T16:22:45.960+0530] {logging_mixin.py:188} INFO - [2024-03-01T16:22:45.960+0530] {dag.py:3047} INFO - Sync 1 DAGs
[2024-03-01T16:22:45.970+0530] {logging_mixin.py:188} INFO - [2024-03-01T16:22:45.970+0530] {dag.py:3834} INFO - Setting next_dagrun for example_time_delta_sensor_async to None, run_after=None
[2024-03-01T16:22:46.087+0530] {processor.py:183} INFO - Processing /home/akranth/airflow/airflow_env/lib/python3.11/site-packages/airflow/example_dags/example_time_delta_sensor_async.py took 0.146 seconds
[2024-03-01T16:23:43.275+0530] {processor.py:161} INFO - Started process (PID=7565) to work on /home/akranth/airflow/airflow_env/lib/python3.11/site-packages/airflow/example_dags/example_time_delta_sensor_async.py
[2024-03-01T16:23:43.276+0530] {processor.py:830} INFO - Processing file /home/akranth/airflow/airflow_env/lib/python3.11/site-packages/airflow/example_dags/example_time_delta_sensor_async.py for tasks to queue
[2024-03-01T16:23:43.277+0530] {logging_mixin.py:188} INFO - [2024-03-01T16:23:43.277+0530] {dagbag.py:540} INFO - Filling up the DagBag from /home/akranth/airflow/airflow_env/lib/python3.11/site-packages/airflow/example_dags/example_time_delta_sensor_async.py
[2024-03-01T16:23:43.280+0530] {processor.py:840} INFO - DAG(s) 'example_time_delta_sensor_async' retrieved from /home/akranth/airflow/airflow_env/lib/python3.11/site-packages/airflow/example_dags/example_time_delta_sensor_async.py
[2024-03-01T16:23:43.294+0530] {logging_mixin.py:188} INFO - [2024-03-01T16:23:43.294+0530] {dag.py:3047} INFO - Sync 1 DAGs
[2024-03-01T16:23:43.305+0530] {logging_mixin.py:188} INFO - [2024-03-01T16:23:43.305+0530] {dag.py:3834} INFO - Setting next_dagrun for example_time_delta_sensor_async to None, run_after=None
[2024-03-01T16:23:43.488+0530] {processor.py:183} INFO - Processing /home/akranth/airflow/airflow_env/lib/python3.11/site-packages/airflow/example_dags/example_time_delta_sensor_async.py took 0.215 seconds
[2024-03-01T16:24:46.641+0530] {processor.py:161} INFO - Started process (PID=7633) to work on /home/akranth/airflow/airflow_env/lib/python3.11/site-packages/airflow/example_dags/example_time_delta_sensor_async.py
[2024-03-01T16:24:46.732+0530] {processor.py:830} INFO - Processing file /home/akranth/airflow/airflow_env/lib/python3.11/site-packages/airflow/example_dags/example_time_delta_sensor_async.py for tasks to queue
[2024-03-01T16:24:46.734+0530] {logging_mixin.py:188} INFO - [2024-03-01T16:24:46.733+0530] {dagbag.py:540} INFO - Filling up the DagBag from /home/akranth/airflow/airflow_env/lib/python3.11/site-packages/airflow/example_dags/example_time_delta_sensor_async.py
[2024-03-01T16:24:46.744+0530] {processor.py:840} INFO - DAG(s) 'example_time_delta_sensor_async' retrieved from /home/akranth/airflow/airflow_env/lib/python3.11/site-packages/airflow/example_dags/example_time_delta_sensor_async.py
[2024-03-01T16:24:46.756+0530] {logging_mixin.py:188} INFO - [2024-03-01T16:24:46.756+0530] {dag.py:3047} INFO - Sync 1 DAGs
[2024-03-01T16:24:46.765+0530] {logging_mixin.py:188} INFO - [2024-03-01T16:24:46.765+0530] {dag.py:3834} INFO - Setting next_dagrun for example_time_delta_sensor_async to None, run_after=None
[2024-03-01T16:24:46.895+0530] {processor.py:183} INFO - Processing /home/akranth/airflow/airflow_env/lib/python3.11/site-packages/airflow/example_dags/example_time_delta_sensor_async.py took 0.256 seconds
[2024-03-01T16:25:51.533+0530] {processor.py:161} INFO - Started process (PID=7702) to work on /home/akranth/airflow/airflow_env/lib/python3.11/site-packages/airflow/example_dags/example_time_delta_sensor_async.py
[2024-03-01T16:25:51.618+0530] {processor.py:830} INFO - Processing file /home/akranth/airflow/airflow_env/lib/python3.11/site-packages/airflow/example_dags/example_time_delta_sensor_async.py for tasks to queue
[2024-03-01T16:25:51.620+0530] {logging_mixin.py:188} INFO - [2024-03-01T16:25:51.619+0530] {dagbag.py:540} INFO - Filling up the DagBag from /home/akranth/airflow/airflow_env/lib/python3.11/site-packages/airflow/example_dags/example_time_delta_sensor_async.py
[2024-03-01T16:25:51.631+0530] {processor.py:840} INFO - DAG(s) 'example_time_delta_sensor_async' retrieved from /home/akranth/airflow/airflow_env/lib/python3.11/site-packages/airflow/example_dags/example_time_delta_sensor_async.py
[2024-03-01T16:25:51.661+0530] {logging_mixin.py:188} INFO - [2024-03-01T16:25:51.661+0530] {dag.py:3047} INFO - Sync 1 DAGs
[2024-03-01T16:25:51.671+0530] {logging_mixin.py:188} INFO - [2024-03-01T16:25:51.671+0530] {dag.py:3834} INFO - Setting next_dagrun for example_time_delta_sensor_async to None, run_after=None
[2024-03-01T16:25:51.803+0530] {processor.py:183} INFO - Processing /home/akranth/airflow/airflow_env/lib/python3.11/site-packages/airflow/example_dags/example_time_delta_sensor_async.py took 0.277 seconds
[2024-03-01T16:26:49.406+0530] {processor.py:161} INFO - Started process (PID=7767) to work on /home/akranth/airflow/airflow_env/lib/python3.11/site-packages/airflow/example_dags/example_time_delta_sensor_async.py
[2024-03-01T16:26:49.407+0530] {processor.py:830} INFO - Processing file /home/akranth/airflow/airflow_env/lib/python3.11/site-packages/airflow/example_dags/example_time_delta_sensor_async.py for tasks to queue
[2024-03-01T16:26:49.408+0530] {logging_mixin.py:188} INFO - [2024-03-01T16:26:49.407+0530] {dagbag.py:540} INFO - Filling up the DagBag from /home/akranth/airflow/airflow_env/lib/python3.11/site-packages/airflow/example_dags/example_time_delta_sensor_async.py
[2024-03-01T16:26:49.412+0530] {processor.py:840} INFO - DAG(s) 'example_time_delta_sensor_async' retrieved from /home/akranth/airflow/airflow_env/lib/python3.11/site-packages/airflow/example_dags/example_time_delta_sensor_async.py
[2024-03-01T16:26:49.424+0530] {logging_mixin.py:188} INFO - [2024-03-01T16:26:49.424+0530] {dag.py:3047} INFO - Sync 1 DAGs
[2024-03-01T16:26:49.434+0530] {logging_mixin.py:188} INFO - [2024-03-01T16:26:49.433+0530] {dag.py:3834} INFO - Setting next_dagrun for example_time_delta_sensor_async to None, run_after=None
[2024-03-01T16:26:49.547+0530] {processor.py:183} INFO - Processing /home/akranth/airflow/airflow_env/lib/python3.11/site-packages/airflow/example_dags/example_time_delta_sensor_async.py took 0.143 seconds
[2024-03-01T16:27:44.099+0530] {processor.py:161} INFO - Started process (PID=7828) to work on /home/akranth/airflow/airflow_env/lib/python3.11/site-packages/airflow/example_dags/example_time_delta_sensor_async.py
[2024-03-01T16:27:44.100+0530] {processor.py:830} INFO - Processing file /home/akranth/airflow/airflow_env/lib/python3.11/site-packages/airflow/example_dags/example_time_delta_sensor_async.py for tasks to queue
[2024-03-01T16:27:44.101+0530] {logging_mixin.py:188} INFO - [2024-03-01T16:27:44.100+0530] {dagbag.py:540} INFO - Filling up the DagBag from /home/akranth/airflow/airflow_env/lib/python3.11/site-packages/airflow/example_dags/example_time_delta_sensor_async.py
[2024-03-01T16:27:44.107+0530] {processor.py:840} INFO - DAG(s) 'example_time_delta_sensor_async' retrieved from /home/akranth/airflow/airflow_env/lib/python3.11/site-packages/airflow/example_dags/example_time_delta_sensor_async.py
[2024-03-01T16:27:44.126+0530] {logging_mixin.py:188} INFO - [2024-03-01T16:27:44.126+0530] {dag.py:3047} INFO - Sync 1 DAGs
[2024-03-01T16:27:44.141+0530] {logging_mixin.py:188} INFO - [2024-03-01T16:27:44.141+0530] {dag.py:3834} INFO - Setting next_dagrun for example_time_delta_sensor_async to None, run_after=None
[2024-03-01T16:27:44.324+0530] {processor.py:183} INFO - Processing /home/akranth/airflow/airflow_env/lib/python3.11/site-packages/airflow/example_dags/example_time_delta_sensor_async.py took 0.228 seconds
[2024-03-01T16:28:53.588+0530] {processor.py:161} INFO - Started process (PID=7911) to work on /home/akranth/airflow/airflow_env/lib/python3.11/site-packages/airflow/example_dags/example_time_delta_sensor_async.py
[2024-03-01T16:28:53.589+0530] {processor.py:830} INFO - Processing file /home/akranth/airflow/airflow_env/lib/python3.11/site-packages/airflow/example_dags/example_time_delta_sensor_async.py for tasks to queue
[2024-03-01T16:28:53.590+0530] {logging_mixin.py:188} INFO - [2024-03-01T16:28:53.589+0530] {dagbag.py:540} INFO - Filling up the DagBag from /home/akranth/airflow/airflow_env/lib/python3.11/site-packages/airflow/example_dags/example_time_delta_sensor_async.py
[2024-03-01T16:28:53.594+0530] {processor.py:840} INFO - DAG(s) 'example_time_delta_sensor_async' retrieved from /home/akranth/airflow/airflow_env/lib/python3.11/site-packages/airflow/example_dags/example_time_delta_sensor_async.py
[2024-03-01T16:28:53.607+0530] {logging_mixin.py:188} INFO - [2024-03-01T16:28:53.607+0530] {dag.py:3047} INFO - Sync 1 DAGs
[2024-03-01T16:28:53.616+0530] {logging_mixin.py:188} INFO - [2024-03-01T16:28:53.616+0530] {dag.py:3834} INFO - Setting next_dagrun for example_time_delta_sensor_async to None, run_after=None
[2024-03-01T16:28:53.809+0530] {processor.py:183} INFO - Processing /home/akranth/airflow/airflow_env/lib/python3.11/site-packages/airflow/example_dags/example_time_delta_sensor_async.py took 0.223 seconds
[2024-03-01T16:29:33.387+0530] {processor.py:161} INFO - Started process (PID=7957) to work on /home/akranth/airflow/airflow_env/lib/python3.11/site-packages/airflow/example_dags/example_time_delta_sensor_async.py
[2024-03-01T16:29:33.389+0530] {processor.py:830} INFO - Processing file /home/akranth/airflow/airflow_env/lib/python3.11/site-packages/airflow/example_dags/example_time_delta_sensor_async.py for tasks to queue
[2024-03-01T16:29:33.391+0530] {logging_mixin.py:188} INFO - [2024-03-01T16:29:33.390+0530] {dagbag.py:540} INFO - Filling up the DagBag from /home/akranth/airflow/airflow_env/lib/python3.11/site-packages/airflow/example_dags/example_time_delta_sensor_async.py
[2024-03-01T16:29:33.400+0530] {processor.py:840} INFO - DAG(s) 'example_time_delta_sensor_async' retrieved from /home/akranth/airflow/airflow_env/lib/python3.11/site-packages/airflow/example_dags/example_time_delta_sensor_async.py
[2024-03-01T16:29:33.418+0530] {logging_mixin.py:188} INFO - [2024-03-01T16:29:33.418+0530] {dag.py:3047} INFO - Sync 1 DAGs
[2024-03-01T16:29:33.429+0530] {logging_mixin.py:188} INFO - [2024-03-01T16:29:33.428+0530] {dag.py:3834} INFO - Setting next_dagrun for example_time_delta_sensor_async to None, run_after=None
[2024-03-01T16:29:33.612+0530] {processor.py:183} INFO - Processing /home/akranth/airflow/airflow_env/lib/python3.11/site-packages/airflow/example_dags/example_time_delta_sensor_async.py took 0.232 seconds
[2024-03-01T16:30:16.217+0530] {processor.py:161} INFO - Started process (PID=8009) to work on /home/akranth/airflow/airflow_env/lib/python3.11/site-packages/airflow/example_dags/example_time_delta_sensor_async.py
[2024-03-01T16:30:16.218+0530] {processor.py:830} INFO - Processing file /home/akranth/airflow/airflow_env/lib/python3.11/site-packages/airflow/example_dags/example_time_delta_sensor_async.py for tasks to queue
[2024-03-01T16:30:16.219+0530] {logging_mixin.py:188} INFO - [2024-03-01T16:30:16.219+0530] {dagbag.py:540} INFO - Filling up the DagBag from /home/akranth/airflow/airflow_env/lib/python3.11/site-packages/airflow/example_dags/example_time_delta_sensor_async.py
[2024-03-01T16:30:16.225+0530] {processor.py:840} INFO - DAG(s) 'example_time_delta_sensor_async' retrieved from /home/akranth/airflow/airflow_env/lib/python3.11/site-packages/airflow/example_dags/example_time_delta_sensor_async.py
[2024-03-01T16:30:16.243+0530] {logging_mixin.py:188} INFO - [2024-03-01T16:30:16.242+0530] {dag.py:3047} INFO - Sync 1 DAGs
[2024-03-01T16:30:16.257+0530] {logging_mixin.py:188} INFO - [2024-03-01T16:30:16.256+0530] {dag.py:3834} INFO - Setting next_dagrun for example_time_delta_sensor_async to None, run_after=None
[2024-03-01T16:30:16.429+0530] {processor.py:183} INFO - Processing /home/akranth/airflow/airflow_env/lib/python3.11/site-packages/airflow/example_dags/example_time_delta_sensor_async.py took 0.217 seconds
[2024-03-01T16:30:59.101+0530] {processor.py:161} INFO - Started process (PID=8276) to work on /home/akranth/airflow/airflow_env/lib/python3.11/site-packages/airflow/example_dags/example_time_delta_sensor_async.py
[2024-03-01T16:30:59.112+0530] {processor.py:830} INFO - Processing file /home/akranth/airflow/airflow_env/lib/python3.11/site-packages/airflow/example_dags/example_time_delta_sensor_async.py for tasks to queue
[2024-03-01T16:30:59.114+0530] {logging_mixin.py:188} INFO - [2024-03-01T16:30:59.114+0530] {dagbag.py:540} INFO - Filling up the DagBag from /home/akranth/airflow/airflow_env/lib/python3.11/site-packages/airflow/example_dags/example_time_delta_sensor_async.py
[2024-03-01T16:30:59.124+0530] {processor.py:840} INFO - DAG(s) 'example_time_delta_sensor_async' retrieved from /home/akranth/airflow/airflow_env/lib/python3.11/site-packages/airflow/example_dags/example_time_delta_sensor_async.py
[2024-03-01T16:30:59.152+0530] {logging_mixin.py:188} INFO - [2024-03-01T16:30:59.152+0530] {dag.py:3047} INFO - Sync 1 DAGs
[2024-03-01T16:30:59.163+0530] {logging_mixin.py:188} INFO - [2024-03-01T16:30:59.163+0530] {dag.py:3834} INFO - Setting next_dagrun for example_time_delta_sensor_async to None, run_after=None
[2024-03-01T16:30:59.342+0530] {processor.py:183} INFO - Processing /home/akranth/airflow/airflow_env/lib/python3.11/site-packages/airflow/example_dags/example_time_delta_sensor_async.py took 0.243 seconds
[2024-03-01T16:32:32.415+0530] {processor.py:161} INFO - Started process (PID=9272) to work on /home/akranth/airflow/airflow_env/lib/python3.11/site-packages/airflow/example_dags/example_time_delta_sensor_async.py
[2024-03-01T16:32:32.431+0530] {processor.py:830} INFO - Processing file /home/akranth/airflow/airflow_env/lib/python3.11/site-packages/airflow/example_dags/example_time_delta_sensor_async.py for tasks to queue
[2024-03-01T16:32:32.433+0530] {logging_mixin.py:188} INFO - [2024-03-01T16:32:32.432+0530] {dagbag.py:540} INFO - Filling up the DagBag from /home/akranth/airflow/airflow_env/lib/python3.11/site-packages/airflow/example_dags/example_time_delta_sensor_async.py
[2024-03-01T16:32:32.445+0530] {processor.py:840} INFO - DAG(s) 'example_time_delta_sensor_async' retrieved from /home/akranth/airflow/airflow_env/lib/python3.11/site-packages/airflow/example_dags/example_time_delta_sensor_async.py
[2024-03-01T16:32:32.472+0530] {logging_mixin.py:188} INFO - [2024-03-01T16:32:32.472+0530] {dag.py:3047} INFO - Sync 1 DAGs
[2024-03-01T16:32:32.486+0530] {logging_mixin.py:188} INFO - [2024-03-01T16:32:32.486+0530] {dag.py:3834} INFO - Setting next_dagrun for example_time_delta_sensor_async to None, run_after=None
[2024-03-01T16:32:32.655+0530] {processor.py:183} INFO - Processing /home/akranth/airflow/airflow_env/lib/python3.11/site-packages/airflow/example_dags/example_time_delta_sensor_async.py took 0.247 seconds
[2024-03-01T16:33:22.279+0530] {processor.py:161} INFO - Started process (PID=9364) to work on /home/akranth/airflow/airflow_env/lib/python3.11/site-packages/airflow/example_dags/example_time_delta_sensor_async.py
[2024-03-01T16:33:22.281+0530] {processor.py:830} INFO - Processing file /home/akranth/airflow/airflow_env/lib/python3.11/site-packages/airflow/example_dags/example_time_delta_sensor_async.py for tasks to queue
[2024-03-01T16:33:22.282+0530] {logging_mixin.py:188} INFO - [2024-03-01T16:33:22.281+0530] {dagbag.py:540} INFO - Filling up the DagBag from /home/akranth/airflow/airflow_env/lib/python3.11/site-packages/airflow/example_dags/example_time_delta_sensor_async.py
[2024-03-01T16:33:22.288+0530] {processor.py:840} INFO - DAG(s) 'example_time_delta_sensor_async' retrieved from /home/akranth/airflow/airflow_env/lib/python3.11/site-packages/airflow/example_dags/example_time_delta_sensor_async.py
[2024-03-01T16:33:22.307+0530] {logging_mixin.py:188} INFO - [2024-03-01T16:33:22.307+0530] {dag.py:3047} INFO - Sync 1 DAGs
[2024-03-01T16:33:22.317+0530] {logging_mixin.py:188} INFO - [2024-03-01T16:33:22.316+0530] {dag.py:3834} INFO - Setting next_dagrun for example_time_delta_sensor_async to None, run_after=None
[2024-03-01T16:33:22.434+0530] {processor.py:183} INFO - Processing /home/akranth/airflow/airflow_env/lib/python3.11/site-packages/airflow/example_dags/example_time_delta_sensor_async.py took 0.159 seconds
[2024-03-01T16:34:03.932+0530] {processor.py:161} INFO - Started process (PID=9430) to work on /home/akranth/airflow/airflow_env/lib/python3.11/site-packages/airflow/example_dags/example_time_delta_sensor_async.py
[2024-03-01T16:34:03.945+0530] {processor.py:830} INFO - Processing file /home/akranth/airflow/airflow_env/lib/python3.11/site-packages/airflow/example_dags/example_time_delta_sensor_async.py for tasks to queue
[2024-03-01T16:34:03.947+0530] {logging_mixin.py:188} INFO - [2024-03-01T16:34:03.946+0530] {dagbag.py:540} INFO - Filling up the DagBag from /home/akranth/airflow/airflow_env/lib/python3.11/site-packages/airflow/example_dags/example_time_delta_sensor_async.py
[2024-03-01T16:34:03.954+0530] {processor.py:840} INFO - DAG(s) 'example_time_delta_sensor_async' retrieved from /home/akranth/airflow/airflow_env/lib/python3.11/site-packages/airflow/example_dags/example_time_delta_sensor_async.py
[2024-03-01T16:34:03.976+0530] {logging_mixin.py:188} INFO - [2024-03-01T16:34:03.976+0530] {dag.py:3047} INFO - Sync 1 DAGs
[2024-03-01T16:34:03.987+0530] {logging_mixin.py:188} INFO - [2024-03-01T16:34:03.987+0530] {dag.py:3834} INFO - Setting next_dagrun for example_time_delta_sensor_async to None, run_after=None
[2024-03-01T16:34:04.104+0530] {processor.py:183} INFO - Processing /home/akranth/airflow/airflow_env/lib/python3.11/site-packages/airflow/example_dags/example_time_delta_sensor_async.py took 0.179 seconds
[2024-03-01T16:34:45.199+0530] {processor.py:161} INFO - Started process (PID=9559) to work on /home/akranth/airflow/airflow_env/lib/python3.11/site-packages/airflow/example_dags/example_time_delta_sensor_async.py
[2024-03-01T16:34:45.201+0530] {processor.py:830} INFO - Processing file /home/akranth/airflow/airflow_env/lib/python3.11/site-packages/airflow/example_dags/example_time_delta_sensor_async.py for tasks to queue
[2024-03-01T16:34:45.203+0530] {logging_mixin.py:188} INFO - [2024-03-01T16:34:45.202+0530] {dagbag.py:540} INFO - Filling up the DagBag from /home/akranth/airflow/airflow_env/lib/python3.11/site-packages/airflow/example_dags/example_time_delta_sensor_async.py
[2024-03-01T16:34:45.214+0530] {processor.py:840} INFO - DAG(s) 'example_time_delta_sensor_async' retrieved from /home/akranth/airflow/airflow_env/lib/python3.11/site-packages/airflow/example_dags/example_time_delta_sensor_async.py
[2024-03-01T16:34:45.236+0530] {logging_mixin.py:188} INFO - [2024-03-01T16:34:45.235+0530] {dag.py:3047} INFO - Sync 1 DAGs
[2024-03-01T16:34:45.247+0530] {logging_mixin.py:188} INFO - [2024-03-01T16:34:45.246+0530] {dag.py:3834} INFO - Setting next_dagrun for example_time_delta_sensor_async to None, run_after=None
[2024-03-01T16:34:45.462+0530] {processor.py:183} INFO - Processing /home/akranth/airflow/airflow_env/lib/python3.11/site-packages/airflow/example_dags/example_time_delta_sensor_async.py took 0.270 seconds
