[2024-03-01T16:18:26.821+0530] {processor.py:161} INFO - Started process (PID=7089) to work on /home/akranth/airflow/airflow_env/lib/python3.11/site-packages/airflow/example_dags/example_latest_only_with_trigger.py
[2024-03-01T16:18:26.822+0530] {processor.py:830} INFO - Processing file /home/akranth/airflow/airflow_env/lib/python3.11/site-packages/airflow/example_dags/example_latest_only_with_trigger.py for tasks to queue
[2024-03-01T16:18:26.823+0530] {logging_mixin.py:188} INFO - [2024-03-01T16:18:26.823+0530] {dagbag.py:540} INFO - Filling up the DagBag from /home/akranth/airflow/airflow_env/lib/python3.11/site-packages/airflow/example_dags/example_latest_only_with_trigger.py
[2024-03-01T16:18:26.829+0530] {processor.py:840} INFO - DAG(s) 'latest_only_with_trigger' retrieved from /home/akranth/airflow/airflow_env/lib/python3.11/site-packages/airflow/example_dags/example_latest_only_with_trigger.py
[2024-03-01T16:18:26.978+0530] {logging_mixin.py:188} INFO - [2024-03-01T16:18:26.977+0530] {dag.py:3047} INFO - Sync 1 DAGs
[2024-03-01T16:18:26.989+0530] {logging_mixin.py:188} INFO - [2024-03-01T16:18:26.989+0530] {dag.py:3834} INFO - Setting next_dagrun for latest_only_with_trigger to 2024-03-01 04:00:00+00:00, run_after=2024-03-01 08:00:00+00:00
[2024-03-01T16:18:27.173+0530] {processor.py:183} INFO - Processing /home/akranth/airflow/airflow_env/lib/python3.11/site-packages/airflow/example_dags/example_latest_only_with_trigger.py took 0.354 seconds
[2024-03-01T16:19:35.822+0530] {processor.py:161} INFO - Started process (PID=7203) to work on /home/akranth/airflow/airflow_env/lib/python3.11/site-packages/airflow/example_dags/example_latest_only_with_trigger.py
[2024-03-01T16:19:35.823+0530] {processor.py:830} INFO - Processing file /home/akranth/airflow/airflow_env/lib/python3.11/site-packages/airflow/example_dags/example_latest_only_with_trigger.py for tasks to queue
[2024-03-01T16:19:35.824+0530] {logging_mixin.py:188} INFO - [2024-03-01T16:19:35.824+0530] {dagbag.py:540} INFO - Filling up the DagBag from /home/akranth/airflow/airflow_env/lib/python3.11/site-packages/airflow/example_dags/example_latest_only_with_trigger.py
[2024-03-01T16:19:35.829+0530] {processor.py:840} INFO - DAG(s) 'latest_only_with_trigger' retrieved from /home/akranth/airflow/airflow_env/lib/python3.11/site-packages/airflow/example_dags/example_latest_only_with_trigger.py
[2024-03-01T16:19:35.842+0530] {logging_mixin.py:188} INFO - [2024-03-01T16:19:35.842+0530] {dag.py:3047} INFO - Sync 1 DAGs
[2024-03-01T16:19:35.950+0530] {logging_mixin.py:188} INFO - [2024-03-01T16:19:35.950+0530] {dag.py:3834} INFO - Setting next_dagrun for latest_only_with_trigger to 2024-03-01 04:00:00+00:00, run_after=2024-03-01 08:00:00+00:00
[2024-03-01T16:19:36.131+0530] {processor.py:183} INFO - Processing /home/akranth/airflow/airflow_env/lib/python3.11/site-packages/airflow/example_dags/example_latest_only_with_trigger.py took 0.311 seconds
[2024-03-01T16:20:36.625+0530] {processor.py:161} INFO - Started process (PID=7359) to work on /home/akranth/airflow/airflow_env/lib/python3.11/site-packages/airflow/example_dags/example_latest_only_with_trigger.py
[2024-03-01T16:20:36.626+0530] {processor.py:830} INFO - Processing file /home/akranth/airflow/airflow_env/lib/python3.11/site-packages/airflow/example_dags/example_latest_only_with_trigger.py for tasks to queue
[2024-03-01T16:20:36.626+0530] {logging_mixin.py:188} INFO - [2024-03-01T16:20:36.626+0530] {dagbag.py:540} INFO - Filling up the DagBag from /home/akranth/airflow/airflow_env/lib/python3.11/site-packages/airflow/example_dags/example_latest_only_with_trigger.py
[2024-03-01T16:20:36.631+0530] {processor.py:840} INFO - DAG(s) 'latest_only_with_trigger' retrieved from /home/akranth/airflow/airflow_env/lib/python3.11/site-packages/airflow/example_dags/example_latest_only_with_trigger.py
[2024-03-01T16:20:36.646+0530] {logging_mixin.py:188} INFO - [2024-03-01T16:20:36.646+0530] {dag.py:3047} INFO - Sync 1 DAGs
[2024-03-01T16:20:36.662+0530] {logging_mixin.py:188} INFO - [2024-03-01T16:20:36.662+0530] {dag.py:3834} INFO - Setting next_dagrun for latest_only_with_trigger to 2024-03-01 04:00:00+00:00, run_after=2024-03-01 08:00:00+00:00
[2024-03-01T16:20:36.841+0530] {processor.py:183} INFO - Processing /home/akranth/airflow/airflow_env/lib/python3.11/site-packages/airflow/example_dags/example_latest_only_with_trigger.py took 0.219 seconds
[2024-03-01T16:21:37.020+0530] {processor.py:161} INFO - Started process (PID=7426) to work on /home/akranth/airflow/airflow_env/lib/python3.11/site-packages/airflow/example_dags/example_latest_only_with_trigger.py
[2024-03-01T16:21:37.022+0530] {processor.py:830} INFO - Processing file /home/akranth/airflow/airflow_env/lib/python3.11/site-packages/airflow/example_dags/example_latest_only_with_trigger.py for tasks to queue
[2024-03-01T16:21:37.025+0530] {logging_mixin.py:188} INFO - [2024-03-01T16:21:37.024+0530] {dagbag.py:540} INFO - Filling up the DagBag from /home/akranth/airflow/airflow_env/lib/python3.11/site-packages/airflow/example_dags/example_latest_only_with_trigger.py
[2024-03-01T16:21:37.040+0530] {processor.py:840} INFO - DAG(s) 'latest_only_with_trigger' retrieved from /home/akranth/airflow/airflow_env/lib/python3.11/site-packages/airflow/example_dags/example_latest_only_with_trigger.py
[2024-03-01T16:21:37.059+0530] {logging_mixin.py:188} INFO - [2024-03-01T16:21:37.059+0530] {dag.py:3047} INFO - Sync 1 DAGs
[2024-03-01T16:21:37.075+0530] {logging_mixin.py:188} INFO - [2024-03-01T16:21:37.075+0530] {dag.py:3834} INFO - Setting next_dagrun for latest_only_with_trigger to 2024-03-01 04:00:00+00:00, run_after=2024-03-01 08:00:00+00:00
[2024-03-01T16:21:37.422+0530] {processor.py:183} INFO - Processing /home/akranth/airflow/airflow_env/lib/python3.11/site-packages/airflow/example_dags/example_latest_only_with_trigger.py took 0.409 seconds
[2024-03-01T16:22:39.568+0530] {processor.py:161} INFO - Started process (PID=7501) to work on /home/akranth/airflow/airflow_env/lib/python3.11/site-packages/airflow/example_dags/example_latest_only_with_trigger.py
[2024-03-01T16:22:39.578+0530] {processor.py:830} INFO - Processing file /home/akranth/airflow/airflow_env/lib/python3.11/site-packages/airflow/example_dags/example_latest_only_with_trigger.py for tasks to queue
[2024-03-01T16:22:39.580+0530] {logging_mixin.py:188} INFO - [2024-03-01T16:22:39.580+0530] {dagbag.py:540} INFO - Filling up the DagBag from /home/akranth/airflow/airflow_env/lib/python3.11/site-packages/airflow/example_dags/example_latest_only_with_trigger.py
[2024-03-01T16:22:39.585+0530] {processor.py:840} INFO - DAG(s) 'latest_only_with_trigger' retrieved from /home/akranth/airflow/airflow_env/lib/python3.11/site-packages/airflow/example_dags/example_latest_only_with_trigger.py
[2024-03-01T16:22:39.597+0530] {logging_mixin.py:188} INFO - [2024-03-01T16:22:39.596+0530] {dag.py:3047} INFO - Sync 1 DAGs
[2024-03-01T16:22:39.611+0530] {logging_mixin.py:188} INFO - [2024-03-01T16:22:39.611+0530] {dag.py:3834} INFO - Setting next_dagrun for latest_only_with_trigger to 2024-03-01 04:00:00+00:00, run_after=2024-03-01 08:00:00+00:00
[2024-03-01T16:22:39.760+0530] {processor.py:183} INFO - Processing /home/akranth/airflow/airflow_env/lib/python3.11/site-packages/airflow/example_dags/example_latest_only_with_trigger.py took 0.193 seconds
[2024-03-01T16:23:36.717+0530] {processor.py:161} INFO - Started process (PID=7560) to work on /home/akranth/airflow/airflow_env/lib/python3.11/site-packages/airflow/example_dags/example_latest_only_with_trigger.py
[2024-03-01T16:23:36.717+0530] {processor.py:830} INFO - Processing file /home/akranth/airflow/airflow_env/lib/python3.11/site-packages/airflow/example_dags/example_latest_only_with_trigger.py for tasks to queue
[2024-03-01T16:23:36.718+0530] {logging_mixin.py:188} INFO - [2024-03-01T16:23:36.718+0530] {dagbag.py:540} INFO - Filling up the DagBag from /home/akranth/airflow/airflow_env/lib/python3.11/site-packages/airflow/example_dags/example_latest_only_with_trigger.py
[2024-03-01T16:23:36.724+0530] {processor.py:840} INFO - DAG(s) 'latest_only_with_trigger' retrieved from /home/akranth/airflow/airflow_env/lib/python3.11/site-packages/airflow/example_dags/example_latest_only_with_trigger.py
[2024-03-01T16:23:36.740+0530] {logging_mixin.py:188} INFO - [2024-03-01T16:23:36.740+0530] {dag.py:3047} INFO - Sync 1 DAGs
[2024-03-01T16:23:36.757+0530] {logging_mixin.py:188} INFO - [2024-03-01T16:23:36.757+0530] {dag.py:3834} INFO - Setting next_dagrun for latest_only_with_trigger to 2024-03-01 04:00:00+00:00, run_after=2024-03-01 08:00:00+00:00
[2024-03-01T16:23:36.978+0530] {processor.py:183} INFO - Processing /home/akranth/airflow/airflow_env/lib/python3.11/site-packages/airflow/example_dags/example_latest_only_with_trigger.py took 0.264 seconds
[2024-03-01T16:24:36.984+0530] {processor.py:161} INFO - Started process (PID=7616) to work on /home/akranth/airflow/airflow_env/lib/python3.11/site-packages/airflow/example_dags/example_latest_only_with_trigger.py
[2024-03-01T16:24:36.994+0530] {processor.py:830} INFO - Processing file /home/akranth/airflow/airflow_env/lib/python3.11/site-packages/airflow/example_dags/example_latest_only_with_trigger.py for tasks to queue
[2024-03-01T16:24:36.994+0530] {logging_mixin.py:188} INFO - [2024-03-01T16:24:36.994+0530] {dagbag.py:540} INFO - Filling up the DagBag from /home/akranth/airflow/airflow_env/lib/python3.11/site-packages/airflow/example_dags/example_latest_only_with_trigger.py
[2024-03-01T16:24:36.999+0530] {processor.py:840} INFO - DAG(s) 'latest_only_with_trigger' retrieved from /home/akranth/airflow/airflow_env/lib/python3.11/site-packages/airflow/example_dags/example_latest_only_with_trigger.py
[2024-03-01T16:24:37.013+0530] {logging_mixin.py:188} INFO - [2024-03-01T16:24:37.013+0530] {dag.py:3047} INFO - Sync 1 DAGs
[2024-03-01T16:24:37.029+0530] {logging_mixin.py:188} INFO - [2024-03-01T16:24:37.029+0530] {dag.py:3834} INFO - Setting next_dagrun for latest_only_with_trigger to 2024-03-01 04:00:00+00:00, run_after=2024-03-01 08:00:00+00:00
[2024-03-01T16:24:37.125+0530] {processor.py:183} INFO - Processing /home/akranth/airflow/airflow_env/lib/python3.11/site-packages/airflow/example_dags/example_latest_only_with_trigger.py took 0.147 seconds
[2024-03-01T16:25:42.835+0530] {processor.py:161} INFO - Started process (PID=7687) to work on /home/akranth/airflow/airflow_env/lib/python3.11/site-packages/airflow/example_dags/example_latest_only_with_trigger.py
[2024-03-01T16:25:42.836+0530] {processor.py:830} INFO - Processing file /home/akranth/airflow/airflow_env/lib/python3.11/site-packages/airflow/example_dags/example_latest_only_with_trigger.py for tasks to queue
[2024-03-01T16:25:42.836+0530] {logging_mixin.py:188} INFO - [2024-03-01T16:25:42.836+0530] {dagbag.py:540} INFO - Filling up the DagBag from /home/akranth/airflow/airflow_env/lib/python3.11/site-packages/airflow/example_dags/example_latest_only_with_trigger.py
[2024-03-01T16:25:42.841+0530] {processor.py:840} INFO - DAG(s) 'latest_only_with_trigger' retrieved from /home/akranth/airflow/airflow_env/lib/python3.11/site-packages/airflow/example_dags/example_latest_only_with_trigger.py
[2024-03-01T16:25:42.854+0530] {logging_mixin.py:188} INFO - [2024-03-01T16:25:42.854+0530] {dag.py:3047} INFO - Sync 1 DAGs
[2024-03-01T16:25:42.869+0530] {logging_mixin.py:188} INFO - [2024-03-01T16:25:42.869+0530] {dag.py:3834} INFO - Setting next_dagrun for latest_only_with_trigger to 2024-03-01 04:00:00+00:00, run_after=2024-03-01 08:00:00+00:00
[2024-03-01T16:25:43.066+0530] {processor.py:183} INFO - Processing /home/akranth/airflow/airflow_env/lib/python3.11/site-packages/airflow/example_dags/example_latest_only_with_trigger.py took 0.234 seconds
[2024-03-01T16:26:42.930+0530] {processor.py:161} INFO - Started process (PID=7753) to work on /home/akranth/airflow/airflow_env/lib/python3.11/site-packages/airflow/example_dags/example_latest_only_with_trigger.py
[2024-03-01T16:26:42.931+0530] {processor.py:830} INFO - Processing file /home/akranth/airflow/airflow_env/lib/python3.11/site-packages/airflow/example_dags/example_latest_only_with_trigger.py for tasks to queue
[2024-03-01T16:26:42.932+0530] {logging_mixin.py:188} INFO - [2024-03-01T16:26:42.932+0530] {dagbag.py:540} INFO - Filling up the DagBag from /home/akranth/airflow/airflow_env/lib/python3.11/site-packages/airflow/example_dags/example_latest_only_with_trigger.py
[2024-03-01T16:26:42.940+0530] {processor.py:840} INFO - DAG(s) 'latest_only_with_trigger' retrieved from /home/akranth/airflow/airflow_env/lib/python3.11/site-packages/airflow/example_dags/example_latest_only_with_trigger.py
[2024-03-01T16:26:42.961+0530] {logging_mixin.py:188} INFO - [2024-03-01T16:26:42.961+0530] {dag.py:3047} INFO - Sync 1 DAGs
[2024-03-01T16:26:42.978+0530] {logging_mixin.py:188} INFO - [2024-03-01T16:26:42.978+0530] {dag.py:3834} INFO - Setting next_dagrun for latest_only_with_trigger to 2024-03-01 04:00:00+00:00, run_after=2024-03-01 08:00:00+00:00
[2024-03-01T16:26:43.086+0530] {processor.py:183} INFO - Processing /home/akranth/airflow/airflow_env/lib/python3.11/site-packages/airflow/example_dags/example_latest_only_with_trigger.py took 0.159 seconds
[2024-03-01T16:27:38.360+0530] {processor.py:161} INFO - Started process (PID=7813) to work on /home/akranth/airflow/airflow_env/lib/python3.11/site-packages/airflow/example_dags/example_latest_only_with_trigger.py
[2024-03-01T16:27:38.362+0530] {processor.py:830} INFO - Processing file /home/akranth/airflow/airflow_env/lib/python3.11/site-packages/airflow/example_dags/example_latest_only_with_trigger.py for tasks to queue
[2024-03-01T16:27:38.364+0530] {logging_mixin.py:188} INFO - [2024-03-01T16:27:38.363+0530] {dagbag.py:540} INFO - Filling up the DagBag from /home/akranth/airflow/airflow_env/lib/python3.11/site-packages/airflow/example_dags/example_latest_only_with_trigger.py
[2024-03-01T16:27:38.378+0530] {processor.py:840} INFO - DAG(s) 'latest_only_with_trigger' retrieved from /home/akranth/airflow/airflow_env/lib/python3.11/site-packages/airflow/example_dags/example_latest_only_with_trigger.py
[2024-03-01T16:27:38.396+0530] {logging_mixin.py:188} INFO - [2024-03-01T16:27:38.396+0530] {dag.py:3047} INFO - Sync 1 DAGs
[2024-03-01T16:27:38.412+0530] {logging_mixin.py:188} INFO - [2024-03-01T16:27:38.412+0530] {dag.py:3834} INFO - Setting next_dagrun for latest_only_with_trigger to 2024-03-01 04:00:00+00:00, run_after=2024-03-01 08:00:00+00:00
[2024-03-01T16:27:38.523+0530] {processor.py:183} INFO - Processing /home/akranth/airflow/airflow_env/lib/python3.11/site-packages/airflow/example_dags/example_latest_only_with_trigger.py took 0.170 seconds
[2024-03-01T16:28:43.171+0530] {processor.py:161} INFO - Started process (PID=7894) to work on /home/akranth/airflow/airflow_env/lib/python3.11/site-packages/airflow/example_dags/example_latest_only_with_trigger.py
[2024-03-01T16:28:43.172+0530] {processor.py:830} INFO - Processing file /home/akranth/airflow/airflow_env/lib/python3.11/site-packages/airflow/example_dags/example_latest_only_with_trigger.py for tasks to queue
[2024-03-01T16:28:43.172+0530] {logging_mixin.py:188} INFO - [2024-03-01T16:28:43.172+0530] {dagbag.py:540} INFO - Filling up the DagBag from /home/akranth/airflow/airflow_env/lib/python3.11/site-packages/airflow/example_dags/example_latest_only_with_trigger.py
[2024-03-01T16:28:43.178+0530] {processor.py:840} INFO - DAG(s) 'latest_only_with_trigger' retrieved from /home/akranth/airflow/airflow_env/lib/python3.11/site-packages/airflow/example_dags/example_latest_only_with_trigger.py
[2024-03-01T16:28:43.191+0530] {logging_mixin.py:188} INFO - [2024-03-01T16:28:43.191+0530] {dag.py:3047} INFO - Sync 1 DAGs
[2024-03-01T16:28:43.207+0530] {logging_mixin.py:188} INFO - [2024-03-01T16:28:43.207+0530] {dag.py:3834} INFO - Setting next_dagrun for latest_only_with_trigger to 2024-03-01 04:00:00+00:00, run_after=2024-03-01 08:00:00+00:00
[2024-03-01T16:28:43.393+0530] {processor.py:183} INFO - Processing /home/akranth/airflow/airflow_env/lib/python3.11/site-packages/airflow/example_dags/example_latest_only_with_trigger.py took 0.224 seconds
[2024-03-01T16:30:04.098+0530] {processor.py:161} INFO - Started process (PID=7988) to work on /home/akranth/airflow/airflow_env/lib/python3.11/site-packages/airflow/example_dags/example_latest_only_with_trigger.py
[2024-03-01T16:30:04.127+0530] {processor.py:830} INFO - Processing file /home/akranth/airflow/airflow_env/lib/python3.11/site-packages/airflow/example_dags/example_latest_only_with_trigger.py for tasks to queue
[2024-03-01T16:30:04.128+0530] {logging_mixin.py:188} INFO - [2024-03-01T16:30:04.128+0530] {dagbag.py:540} INFO - Filling up the DagBag from /home/akranth/airflow/airflow_env/lib/python3.11/site-packages/airflow/example_dags/example_latest_only_with_trigger.py
[2024-03-01T16:30:04.136+0530] {processor.py:840} INFO - DAG(s) 'latest_only_with_trigger' retrieved from /home/akranth/airflow/airflow_env/lib/python3.11/site-packages/airflow/example_dags/example_latest_only_with_trigger.py
[2024-03-01T16:30:04.153+0530] {logging_mixin.py:188} INFO - [2024-03-01T16:30:04.153+0530] {dag.py:3047} INFO - Sync 1 DAGs
[2024-03-01T16:30:04.170+0530] {logging_mixin.py:188} INFO - [2024-03-01T16:30:04.170+0530] {dag.py:3834} INFO - Setting next_dagrun for latest_only_with_trigger to 2024-03-01 04:00:00+00:00, run_after=2024-03-01 08:00:00+00:00
[2024-03-01T16:30:04.511+0530] {processor.py:183} INFO - Processing /home/akranth/airflow/airflow_env/lib/python3.11/site-packages/airflow/example_dags/example_latest_only_with_trigger.py took 0.416 seconds
[2024-03-01T16:31:23.880+0530] {processor.py:161} INFO - Started process (PID=8395) to work on /home/akranth/airflow/airflow_env/lib/python3.11/site-packages/airflow/example_dags/example_latest_only_with_trigger.py
[2024-03-01T16:31:23.915+0530] {processor.py:830} INFO - Processing file /home/akranth/airflow/airflow_env/lib/python3.11/site-packages/airflow/example_dags/example_latest_only_with_trigger.py for tasks to queue
[2024-03-01T16:31:23.917+0530] {logging_mixin.py:188} INFO - [2024-03-01T16:31:23.916+0530] {dagbag.py:540} INFO - Filling up the DagBag from /home/akranth/airflow/airflow_env/lib/python3.11/site-packages/airflow/example_dags/example_latest_only_with_trigger.py
[2024-03-01T16:31:23.932+0530] {processor.py:840} INFO - DAG(s) 'latest_only_with_trigger' retrieved from /home/akranth/airflow/airflow_env/lib/python3.11/site-packages/airflow/example_dags/example_latest_only_with_trigger.py
[2024-03-01T16:31:23.958+0530] {logging_mixin.py:188} INFO - [2024-03-01T16:31:23.958+0530] {dag.py:3047} INFO - Sync 1 DAGs
[2024-03-01T16:31:23.979+0530] {logging_mixin.py:188} INFO - [2024-03-01T16:31:23.979+0530] {dag.py:3834} INFO - Setting next_dagrun for latest_only_with_trigger to 2024-03-01 04:00:00+00:00, run_after=2024-03-01 08:00:00+00:00
[2024-03-01T16:31:24.346+0530] {processor.py:183} INFO - Processing /home/akranth/airflow/airflow_env/lib/python3.11/site-packages/airflow/example_dags/example_latest_only_with_trigger.py took 0.472 seconds
[2024-03-01T16:33:00.962+0530] {processor.py:161} INFO - Started process (PID=9319) to work on /home/akranth/airflow/airflow_env/lib/python3.11/site-packages/airflow/example_dags/example_latest_only_with_trigger.py
[2024-03-01T16:33:00.986+0530] {processor.py:830} INFO - Processing file /home/akranth/airflow/airflow_env/lib/python3.11/site-packages/airflow/example_dags/example_latest_only_with_trigger.py for tasks to queue
[2024-03-01T16:33:00.987+0530] {logging_mixin.py:188} INFO - [2024-03-01T16:33:00.987+0530] {dagbag.py:540} INFO - Filling up the DagBag from /home/akranth/airflow/airflow_env/lib/python3.11/site-packages/airflow/example_dags/example_latest_only_with_trigger.py
[2024-03-01T16:33:00.996+0530] {processor.py:840} INFO - DAG(s) 'latest_only_with_trigger' retrieved from /home/akranth/airflow/airflow_env/lib/python3.11/site-packages/airflow/example_dags/example_latest_only_with_trigger.py
[2024-03-01T16:33:01.016+0530] {logging_mixin.py:188} INFO - [2024-03-01T16:33:01.016+0530] {dag.py:3047} INFO - Sync 1 DAGs
[2024-03-01T16:33:01.033+0530] {logging_mixin.py:188} INFO - [2024-03-01T16:33:01.033+0530] {dag.py:3834} INFO - Setting next_dagrun for latest_only_with_trigger to 2024-03-01 04:00:00+00:00, run_after=2024-03-01 08:00:00+00:00
[2024-03-01T16:33:01.136+0530] {processor.py:183} INFO - Processing /home/akranth/airflow/airflow_env/lib/python3.11/site-packages/airflow/example_dags/example_latest_only_with_trigger.py took 0.179 seconds
[2024-03-01T16:34:25.941+0530] {processor.py:161} INFO - Started process (PID=9514) to work on /home/akranth/airflow/airflow_env/lib/python3.11/site-packages/airflow/example_dags/example_latest_only_with_trigger.py
[2024-03-01T16:34:25.944+0530] {processor.py:830} INFO - Processing file /home/akranth/airflow/airflow_env/lib/python3.11/site-packages/airflow/example_dags/example_latest_only_with_trigger.py for tasks to queue
[2024-03-01T16:34:25.946+0530] {logging_mixin.py:188} INFO - [2024-03-01T16:34:25.945+0530] {dagbag.py:540} INFO - Filling up the DagBag from /home/akranth/airflow/airflow_env/lib/python3.11/site-packages/airflow/example_dags/example_latest_only_with_trigger.py
[2024-03-01T16:34:25.960+0530] {processor.py:840} INFO - DAG(s) 'latest_only_with_trigger' retrieved from /home/akranth/airflow/airflow_env/lib/python3.11/site-packages/airflow/example_dags/example_latest_only_with_trigger.py
[2024-03-01T16:34:25.977+0530] {logging_mixin.py:188} INFO - [2024-03-01T16:34:25.977+0530] {dag.py:3047} INFO - Sync 1 DAGs
[2024-03-01T16:34:25.994+0530] {logging_mixin.py:188} INFO - [2024-03-01T16:34:25.994+0530] {dag.py:3834} INFO - Setting next_dagrun for latest_only_with_trigger to 2024-03-01 04:00:00+00:00, run_after=2024-03-01 08:00:00+00:00
[2024-03-01T16:34:26.109+0530] {processor.py:183} INFO - Processing /home/akranth/airflow/airflow_env/lib/python3.11/site-packages/airflow/example_dags/example_latest_only_with_trigger.py took 0.175 seconds
[2024-03-01T16:35:27.507+0530] {processor.py:161} INFO - Started process (PID=9645) to work on /home/akranth/airflow/airflow_env/lib/python3.11/site-packages/airflow/example_dags/example_latest_only_with_trigger.py
[2024-03-01T16:35:27.509+0530] {processor.py:830} INFO - Processing file /home/akranth/airflow/airflow_env/lib/python3.11/site-packages/airflow/example_dags/example_latest_only_with_trigger.py for tasks to queue
[2024-03-01T16:35:27.511+0530] {logging_mixin.py:188} INFO - [2024-03-01T16:35:27.510+0530] {dagbag.py:540} INFO - Filling up the DagBag from /home/akranth/airflow/airflow_env/lib/python3.11/site-packages/airflow/example_dags/example_latest_only_with_trigger.py
[2024-03-01T16:35:27.526+0530] {processor.py:840} INFO - DAG(s) 'latest_only_with_trigger' retrieved from /home/akranth/airflow/airflow_env/lib/python3.11/site-packages/airflow/example_dags/example_latest_only_with_trigger.py
[2024-03-01T16:35:27.545+0530] {logging_mixin.py:188} INFO - [2024-03-01T16:35:27.545+0530] {dag.py:3047} INFO - Sync 1 DAGs
[2024-03-01T16:35:27.560+0530] {logging_mixin.py:188} INFO - [2024-03-01T16:35:27.560+0530] {dag.py:3834} INFO - Setting next_dagrun for latest_only_with_trigger to 2024-03-01 04:00:00+00:00, run_after=2024-03-01 08:00:00+00:00
[2024-03-01T16:35:27.679+0530] {processor.py:183} INFO - Processing /home/akranth/airflow/airflow_env/lib/python3.11/site-packages/airflow/example_dags/example_latest_only_with_trigger.py took 0.179 seconds
