[2024-03-01T16:18:33.391+0530] {processor.py:161} INFO - Started process (PID=7098) to work on /home/akranth/airflow/airflow_env/lib/python3.11/site-packages/airflow/example_dags/example_external_task_marker_dag.py
[2024-03-01T16:18:33.392+0530] {processor.py:830} INFO - Processing file /home/akranth/airflow/airflow_env/lib/python3.11/site-packages/airflow/example_dags/example_external_task_marker_dag.py for tasks to queue
[2024-03-01T16:18:33.392+0530] {logging_mixin.py:188} INFO - [2024-03-01T16:18:33.392+0530] {dagbag.py:540} INFO - Filling up the DagBag from /home/akranth/airflow/airflow_env/lib/python3.11/site-packages/airflow/example_dags/example_external_task_marker_dag.py
[2024-03-01T16:18:33.397+0530] {processor.py:840} INFO - DAG(s) 'example_external_task_marker_parent', 'example_external_task_marker_child' retrieved from /home/akranth/airflow/airflow_env/lib/python3.11/site-packages/airflow/example_dags/example_external_task_marker_dag.py
[2024-03-01T16:18:33.562+0530] {logging_mixin.py:188} INFO - [2024-03-01T16:18:33.562+0530] {dag.py:3047} INFO - Sync 2 DAGs
[2024-03-01T16:18:33.569+0530] {logging_mixin.py:188} INFO - [2024-03-01T16:18:33.568+0530] {dag.py:3834} INFO - Setting next_dagrun for example_external_task_marker_child to None, run_after=None
[2024-03-01T16:18:33.570+0530] {logging_mixin.py:188} INFO - [2024-03-01T16:18:33.570+0530] {dag.py:3834} INFO - Setting next_dagrun for example_external_task_marker_parent to None, run_after=None
[2024-03-01T16:18:33.970+0530] {processor.py:183} INFO - Processing /home/akranth/airflow/airflow_env/lib/python3.11/site-packages/airflow/example_dags/example_external_task_marker_dag.py took 0.581 seconds
[2024-03-01T16:19:50.213+0530] {processor.py:161} INFO - Started process (PID=7231) to work on /home/akranth/airflow/airflow_env/lib/python3.11/site-packages/airflow/example_dags/example_external_task_marker_dag.py
[2024-03-01T16:19:50.214+0530] {processor.py:830} INFO - Processing file /home/akranth/airflow/airflow_env/lib/python3.11/site-packages/airflow/example_dags/example_external_task_marker_dag.py for tasks to queue
[2024-03-01T16:19:50.214+0530] {logging_mixin.py:188} INFO - [2024-03-01T16:19:50.214+0530] {dagbag.py:540} INFO - Filling up the DagBag from /home/akranth/airflow/airflow_env/lib/python3.11/site-packages/airflow/example_dags/example_external_task_marker_dag.py
[2024-03-01T16:19:50.219+0530] {processor.py:840} INFO - DAG(s) 'example_external_task_marker_child', 'example_external_task_marker_parent' retrieved from /home/akranth/airflow/airflow_env/lib/python3.11/site-packages/airflow/example_dags/example_external_task_marker_dag.py
[2024-03-01T16:19:50.306+0530] {logging_mixin.py:188} INFO - [2024-03-01T16:19:50.306+0530] {dag.py:3047} INFO - Sync 2 DAGs
[2024-03-01T16:19:50.313+0530] {logging_mixin.py:188} INFO - [2024-03-01T16:19:50.313+0530] {dag.py:3834} INFO - Setting next_dagrun for example_external_task_marker_child to None, run_after=None
[2024-03-01T16:19:50.316+0530] {logging_mixin.py:188} INFO - [2024-03-01T16:19:50.316+0530] {dag.py:3834} INFO - Setting next_dagrun for example_external_task_marker_parent to None, run_after=None
[2024-03-01T16:19:50.420+0530] {processor.py:183} INFO - Processing /home/akranth/airflow/airflow_env/lib/python3.11/site-packages/airflow/example_dags/example_external_task_marker_dag.py took 0.209 seconds
[2024-03-01T16:20:50.315+0530] {processor.py:161} INFO - Started process (PID=7381) to work on /home/akranth/airflow/airflow_env/lib/python3.11/site-packages/airflow/example_dags/example_external_task_marker_dag.py
[2024-03-01T16:20:50.330+0530] {processor.py:830} INFO - Processing file /home/akranth/airflow/airflow_env/lib/python3.11/site-packages/airflow/example_dags/example_external_task_marker_dag.py for tasks to queue
[2024-03-01T16:20:50.331+0530] {logging_mixin.py:188} INFO - [2024-03-01T16:20:50.330+0530] {dagbag.py:540} INFO - Filling up the DagBag from /home/akranth/airflow/airflow_env/lib/python3.11/site-packages/airflow/example_dags/example_external_task_marker_dag.py
[2024-03-01T16:20:50.336+0530] {processor.py:840} INFO - DAG(s) 'example_external_task_marker_parent', 'example_external_task_marker_child' retrieved from /home/akranth/airflow/airflow_env/lib/python3.11/site-packages/airflow/example_dags/example_external_task_marker_dag.py
[2024-03-01T16:20:50.351+0530] {logging_mixin.py:188} INFO - [2024-03-01T16:20:50.351+0530] {dag.py:3047} INFO - Sync 2 DAGs
[2024-03-01T16:20:50.361+0530] {logging_mixin.py:188} INFO - [2024-03-01T16:20:50.361+0530] {dag.py:3834} INFO - Setting next_dagrun for example_external_task_marker_child to None, run_after=None
[2024-03-01T16:20:50.363+0530] {logging_mixin.py:188} INFO - [2024-03-01T16:20:50.363+0530] {dag.py:3834} INFO - Setting next_dagrun for example_external_task_marker_parent to None, run_after=None
[2024-03-01T16:20:50.515+0530] {processor.py:183} INFO - Processing /home/akranth/airflow/airflow_env/lib/python3.11/site-packages/airflow/example_dags/example_external_task_marker_dag.py took 0.202 seconds
[2024-03-01T16:21:52.064+0530] {processor.py:161} INFO - Started process (PID=7449) to work on /home/akranth/airflow/airflow_env/lib/python3.11/site-packages/airflow/example_dags/example_external_task_marker_dag.py
[2024-03-01T16:21:52.066+0530] {processor.py:830} INFO - Processing file /home/akranth/airflow/airflow_env/lib/python3.11/site-packages/airflow/example_dags/example_external_task_marker_dag.py for tasks to queue
[2024-03-01T16:21:52.068+0530] {logging_mixin.py:188} INFO - [2024-03-01T16:21:52.067+0530] {dagbag.py:540} INFO - Filling up the DagBag from /home/akranth/airflow/airflow_env/lib/python3.11/site-packages/airflow/example_dags/example_external_task_marker_dag.py
[2024-03-01T16:21:52.082+0530] {processor.py:840} INFO - DAG(s) 'example_external_task_marker_child', 'example_external_task_marker_parent' retrieved from /home/akranth/airflow/airflow_env/lib/python3.11/site-packages/airflow/example_dags/example_external_task_marker_dag.py
[2024-03-01T16:21:52.101+0530] {logging_mixin.py:188} INFO - [2024-03-01T16:21:52.100+0530] {dag.py:3047} INFO - Sync 2 DAGs
[2024-03-01T16:21:52.110+0530] {logging_mixin.py:188} INFO - [2024-03-01T16:21:52.110+0530] {dag.py:3834} INFO - Setting next_dagrun for example_external_task_marker_child to None, run_after=None
[2024-03-01T16:21:52.114+0530] {logging_mixin.py:188} INFO - [2024-03-01T16:21:52.113+0530] {dag.py:3834} INFO - Setting next_dagrun for example_external_task_marker_parent to None, run_after=None
[2024-03-01T16:21:52.342+0530] {processor.py:183} INFO - Processing /home/akranth/airflow/airflow_env/lib/python3.11/site-packages/airflow/example_dags/example_external_task_marker_dag.py took 0.286 seconds
[2024-03-01T16:22:50.904+0530] {processor.py:161} INFO - Started process (PID=7512) to work on /home/akranth/airflow/airflow_env/lib/python3.11/site-packages/airflow/example_dags/example_external_task_marker_dag.py
[2024-03-01T16:22:50.913+0530] {processor.py:830} INFO - Processing file /home/akranth/airflow/airflow_env/lib/python3.11/site-packages/airflow/example_dags/example_external_task_marker_dag.py for tasks to queue
[2024-03-01T16:22:50.914+0530] {logging_mixin.py:188} INFO - [2024-03-01T16:22:50.913+0530] {dagbag.py:540} INFO - Filling up the DagBag from /home/akranth/airflow/airflow_env/lib/python3.11/site-packages/airflow/example_dags/example_external_task_marker_dag.py
[2024-03-01T16:22:50.918+0530] {processor.py:840} INFO - DAG(s) 'example_external_task_marker_parent', 'example_external_task_marker_child' retrieved from /home/akranth/airflow/airflow_env/lib/python3.11/site-packages/airflow/example_dags/example_external_task_marker_dag.py
[2024-03-01T16:22:50.932+0530] {logging_mixin.py:188} INFO - [2024-03-01T16:22:50.931+0530] {dag.py:3047} INFO - Sync 2 DAGs
[2024-03-01T16:22:50.940+0530] {logging_mixin.py:188} INFO - [2024-03-01T16:22:50.940+0530] {dag.py:3834} INFO - Setting next_dagrun for example_external_task_marker_child to None, run_after=None
[2024-03-01T16:22:50.942+0530] {logging_mixin.py:188} INFO - [2024-03-01T16:22:50.942+0530] {dag.py:3834} INFO - Setting next_dagrun for example_external_task_marker_parent to None, run_after=None
[2024-03-01T16:22:51.031+0530] {processor.py:183} INFO - Processing /home/akranth/airflow/airflow_env/lib/python3.11/site-packages/airflow/example_dags/example_external_task_marker_dag.py took 0.129 seconds
[2024-03-01T16:23:51.154+0530] {processor.py:161} INFO - Started process (PID=7571) to work on /home/akranth/airflow/airflow_env/lib/python3.11/site-packages/airflow/example_dags/example_external_task_marker_dag.py
[2024-03-01T16:23:51.251+0530] {processor.py:830} INFO - Processing file /home/akranth/airflow/airflow_env/lib/python3.11/site-packages/airflow/example_dags/example_external_task_marker_dag.py for tasks to queue
[2024-03-01T16:23:51.253+0530] {logging_mixin.py:188} INFO - [2024-03-01T16:23:51.252+0530] {dagbag.py:540} INFO - Filling up the DagBag from /home/akranth/airflow/airflow_env/lib/python3.11/site-packages/airflow/example_dags/example_external_task_marker_dag.py
[2024-03-01T16:23:51.270+0530] {processor.py:840} INFO - DAG(s) 'example_external_task_marker_child', 'example_external_task_marker_parent' retrieved from /home/akranth/airflow/airflow_env/lib/python3.11/site-packages/airflow/example_dags/example_external_task_marker_dag.py
[2024-03-01T16:23:51.298+0530] {logging_mixin.py:188} INFO - [2024-03-01T16:23:51.298+0530] {dag.py:3047} INFO - Sync 2 DAGs
[2024-03-01T16:23:51.307+0530] {logging_mixin.py:188} INFO - [2024-03-01T16:23:51.307+0530] {dag.py:3834} INFO - Setting next_dagrun for example_external_task_marker_child to None, run_after=None
[2024-03-01T16:23:51.310+0530] {logging_mixin.py:188} INFO - [2024-03-01T16:23:51.310+0530] {dag.py:3834} INFO - Setting next_dagrun for example_external_task_marker_parent to None, run_after=None
[2024-03-01T16:23:51.443+0530] {processor.py:183} INFO - Processing /home/akranth/airflow/airflow_env/lib/python3.11/site-packages/airflow/example_dags/example_external_task_marker_dag.py took 0.291 seconds
[2024-03-01T16:24:56.950+0530] {processor.py:161} INFO - Started process (PID=7640) to work on /home/akranth/airflow/airflow_env/lib/python3.11/site-packages/airflow/example_dags/example_external_task_marker_dag.py
[2024-03-01T16:24:57.054+0530] {processor.py:830} INFO - Processing file /home/akranth/airflow/airflow_env/lib/python3.11/site-packages/airflow/example_dags/example_external_task_marker_dag.py for tasks to queue
[2024-03-01T16:24:57.055+0530] {logging_mixin.py:188} INFO - [2024-03-01T16:24:57.054+0530] {dagbag.py:540} INFO - Filling up the DagBag from /home/akranth/airflow/airflow_env/lib/python3.11/site-packages/airflow/example_dags/example_external_task_marker_dag.py
[2024-03-01T16:24:57.059+0530] {processor.py:840} INFO - DAG(s) 'example_external_task_marker_parent', 'example_external_task_marker_child' retrieved from /home/akranth/airflow/airflow_env/lib/python3.11/site-packages/airflow/example_dags/example_external_task_marker_dag.py
[2024-03-01T16:24:57.074+0530] {logging_mixin.py:188} INFO - [2024-03-01T16:24:57.074+0530] {dag.py:3047} INFO - Sync 2 DAGs
[2024-03-01T16:24:57.084+0530] {logging_mixin.py:188} INFO - [2024-03-01T16:24:57.083+0530] {dag.py:3834} INFO - Setting next_dagrun for example_external_task_marker_child to None, run_after=None
[2024-03-01T16:24:57.086+0530] {logging_mixin.py:188} INFO - [2024-03-01T16:24:57.086+0530] {dag.py:3834} INFO - Setting next_dagrun for example_external_task_marker_parent to None, run_after=None
[2024-03-01T16:24:57.264+0530] {processor.py:183} INFO - Processing /home/akranth/airflow/airflow_env/lib/python3.11/site-packages/airflow/example_dags/example_external_task_marker_dag.py took 0.317 seconds
[2024-03-01T16:25:59.707+0530] {processor.py:161} INFO - Started process (PID=7709) to work on /home/akranth/airflow/airflow_env/lib/python3.11/site-packages/airflow/example_dags/example_external_task_marker_dag.py
[2024-03-01T16:25:59.710+0530] {processor.py:830} INFO - Processing file /home/akranth/airflow/airflow_env/lib/python3.11/site-packages/airflow/example_dags/example_external_task_marker_dag.py for tasks to queue
[2024-03-01T16:25:59.712+0530] {logging_mixin.py:188} INFO - [2024-03-01T16:25:59.711+0530] {dagbag.py:540} INFO - Filling up the DagBag from /home/akranth/airflow/airflow_env/lib/python3.11/site-packages/airflow/example_dags/example_external_task_marker_dag.py
[2024-03-01T16:25:59.726+0530] {processor.py:840} INFO - DAG(s) 'example_external_task_marker_child', 'example_external_task_marker_parent' retrieved from /home/akranth/airflow/airflow_env/lib/python3.11/site-packages/airflow/example_dags/example_external_task_marker_dag.py
[2024-03-01T16:25:59.747+0530] {logging_mixin.py:188} INFO - [2024-03-01T16:25:59.747+0530] {dag.py:3047} INFO - Sync 2 DAGs
[2024-03-01T16:25:59.757+0530] {logging_mixin.py:188} INFO - [2024-03-01T16:25:59.757+0530] {dag.py:3834} INFO - Setting next_dagrun for example_external_task_marker_child to None, run_after=None
[2024-03-01T16:25:59.760+0530] {logging_mixin.py:188} INFO - [2024-03-01T16:25:59.760+0530] {dag.py:3834} INFO - Setting next_dagrun for example_external_task_marker_parent to None, run_after=None
[2024-03-01T16:25:59.876+0530] {processor.py:183} INFO - Processing /home/akranth/airflow/airflow_env/lib/python3.11/site-packages/airflow/example_dags/example_external_task_marker_dag.py took 0.175 seconds
[2024-03-01T16:26:58.386+0530] {processor.py:161} INFO - Started process (PID=7774) to work on /home/akranth/airflow/airflow_env/lib/python3.11/site-packages/airflow/example_dags/example_external_task_marker_dag.py
[2024-03-01T16:26:58.396+0530] {processor.py:830} INFO - Processing file /home/akranth/airflow/airflow_env/lib/python3.11/site-packages/airflow/example_dags/example_external_task_marker_dag.py for tasks to queue
[2024-03-01T16:26:58.397+0530] {logging_mixin.py:188} INFO - [2024-03-01T16:26:58.397+0530] {dagbag.py:540} INFO - Filling up the DagBag from /home/akranth/airflow/airflow_env/lib/python3.11/site-packages/airflow/example_dags/example_external_task_marker_dag.py
[2024-03-01T16:26:58.404+0530] {processor.py:840} INFO - DAG(s) 'example_external_task_marker_child', 'example_external_task_marker_parent' retrieved from /home/akranth/airflow/airflow_env/lib/python3.11/site-packages/airflow/example_dags/example_external_task_marker_dag.py
[2024-03-01T16:26:58.425+0530] {logging_mixin.py:188} INFO - [2024-03-01T16:26:58.425+0530] {dag.py:3047} INFO - Sync 2 DAGs
[2024-03-01T16:26:58.435+0530] {logging_mixin.py:188} INFO - [2024-03-01T16:26:58.435+0530] {dag.py:3834} INFO - Setting next_dagrun for example_external_task_marker_child to None, run_after=None
[2024-03-01T16:26:58.438+0530] {logging_mixin.py:188} INFO - [2024-03-01T16:26:58.437+0530] {dag.py:3834} INFO - Setting next_dagrun for example_external_task_marker_parent to None, run_after=None
[2024-03-01T16:26:58.530+0530] {processor.py:183} INFO - Processing /home/akranth/airflow/airflow_env/lib/python3.11/site-packages/airflow/example_dags/example_external_task_marker_dag.py took 0.146 seconds
[2024-03-01T16:27:52.135+0530] {processor.py:161} INFO - Started process (PID=7837) to work on /home/akranth/airflow/airflow_env/lib/python3.11/site-packages/airflow/example_dags/example_external_task_marker_dag.py
[2024-03-01T16:27:52.145+0530] {processor.py:830} INFO - Processing file /home/akranth/airflow/airflow_env/lib/python3.11/site-packages/airflow/example_dags/example_external_task_marker_dag.py for tasks to queue
[2024-03-01T16:27:52.145+0530] {logging_mixin.py:188} INFO - [2024-03-01T16:27:52.145+0530] {dagbag.py:540} INFO - Filling up the DagBag from /home/akranth/airflow/airflow_env/lib/python3.11/site-packages/airflow/example_dags/example_external_task_marker_dag.py
[2024-03-01T16:27:52.150+0530] {processor.py:840} INFO - DAG(s) 'example_external_task_marker_parent', 'example_external_task_marker_child' retrieved from /home/akranth/airflow/airflow_env/lib/python3.11/site-packages/airflow/example_dags/example_external_task_marker_dag.py
[2024-03-01T16:27:52.174+0530] {logging_mixin.py:188} INFO - [2024-03-01T16:27:52.174+0530] {dag.py:3047} INFO - Sync 2 DAGs
[2024-03-01T16:27:52.184+0530] {logging_mixin.py:188} INFO - [2024-03-01T16:27:52.184+0530] {dag.py:3834} INFO - Setting next_dagrun for example_external_task_marker_child to None, run_after=None
[2024-03-01T16:27:52.189+0530] {logging_mixin.py:188} INFO - [2024-03-01T16:27:52.189+0530] {dag.py:3834} INFO - Setting next_dagrun for example_external_task_marker_parent to None, run_after=None
[2024-03-01T16:27:52.295+0530] {processor.py:183} INFO - Processing /home/akranth/airflow/airflow_env/lib/python3.11/site-packages/airflow/example_dags/example_external_task_marker_dag.py took 0.163 seconds
[2024-03-01T16:29:09.318+0530] {processor.py:161} INFO - Started process (PID=7928) to work on /home/akranth/airflow/airflow_env/lib/python3.11/site-packages/airflow/example_dags/example_external_task_marker_dag.py
[2024-03-01T16:29:09.394+0530] {processor.py:830} INFO - Processing file /home/akranth/airflow/airflow_env/lib/python3.11/site-packages/airflow/example_dags/example_external_task_marker_dag.py for tasks to queue
[2024-03-01T16:29:09.396+0530] {logging_mixin.py:188} INFO - [2024-03-01T16:29:09.395+0530] {dagbag.py:540} INFO - Filling up the DagBag from /home/akranth/airflow/airflow_env/lib/python3.11/site-packages/airflow/example_dags/example_external_task_marker_dag.py
[2024-03-01T16:29:09.411+0530] {processor.py:840} INFO - DAG(s) 'example_external_task_marker_child', 'example_external_task_marker_parent' retrieved from /home/akranth/airflow/airflow_env/lib/python3.11/site-packages/airflow/example_dags/example_external_task_marker_dag.py
[2024-03-01T16:29:09.440+0530] {logging_mixin.py:188} INFO - [2024-03-01T16:29:09.440+0530] {dag.py:3047} INFO - Sync 2 DAGs
[2024-03-01T16:29:09.449+0530] {logging_mixin.py:188} INFO - [2024-03-01T16:29:09.449+0530] {dag.py:3834} INFO - Setting next_dagrun for example_external_task_marker_child to None, run_after=None
[2024-03-01T16:29:09.452+0530] {logging_mixin.py:188} INFO - [2024-03-01T16:29:09.452+0530] {dag.py:3834} INFO - Setting next_dagrun for example_external_task_marker_parent to None, run_after=None
[2024-03-01T16:29:09.563+0530] {processor.py:183} INFO - Processing /home/akranth/airflow/airflow_env/lib/python3.11/site-packages/airflow/example_dags/example_external_task_marker_dag.py took 0.247 seconds
[2024-03-01T16:30:35.024+0530] {processor.py:161} INFO - Started process (PID=8029) to work on /home/akranth/airflow/airflow_env/lib/python3.11/site-packages/airflow/example_dags/example_external_task_marker_dag.py
[2024-03-01T16:30:35.043+0530] {processor.py:830} INFO - Processing file /home/akranth/airflow/airflow_env/lib/python3.11/site-packages/airflow/example_dags/example_external_task_marker_dag.py for tasks to queue
[2024-03-01T16:30:35.044+0530] {logging_mixin.py:188} INFO - [2024-03-01T16:30:35.043+0530] {dagbag.py:540} INFO - Filling up the DagBag from /home/akranth/airflow/airflow_env/lib/python3.11/site-packages/airflow/example_dags/example_external_task_marker_dag.py
[2024-03-01T16:30:35.052+0530] {processor.py:840} INFO - DAG(s) 'example_external_task_marker_child', 'example_external_task_marker_parent' retrieved from /home/akranth/airflow/airflow_env/lib/python3.11/site-packages/airflow/example_dags/example_external_task_marker_dag.py
[2024-03-01T16:30:35.072+0530] {logging_mixin.py:188} INFO - [2024-03-01T16:30:35.072+0530] {dag.py:3047} INFO - Sync 2 DAGs
[2024-03-01T16:30:35.085+0530] {logging_mixin.py:188} INFO - [2024-03-01T16:30:35.085+0530] {dag.py:3834} INFO - Setting next_dagrun for example_external_task_marker_child to None, run_after=None
[2024-03-01T16:30:35.089+0530] {logging_mixin.py:188} INFO - [2024-03-01T16:30:35.088+0530] {dag.py:3834} INFO - Setting next_dagrun for example_external_task_marker_parent to None, run_after=None
[2024-03-01T16:30:35.229+0530] {processor.py:183} INFO - Processing /home/akranth/airflow/airflow_env/lib/python3.11/site-packages/airflow/example_dags/example_external_task_marker_dag.py took 0.208 seconds
[2024-03-01T16:31:53.362+0530] {processor.py:161} INFO - Started process (PID=9098) to work on /home/akranth/airflow/airflow_env/lib/python3.11/site-packages/airflow/example_dags/example_external_task_marker_dag.py
[2024-03-01T16:31:53.394+0530] {processor.py:830} INFO - Processing file /home/akranth/airflow/airflow_env/lib/python3.11/site-packages/airflow/example_dags/example_external_task_marker_dag.py for tasks to queue
[2024-03-01T16:31:53.395+0530] {logging_mixin.py:188} INFO - [2024-03-01T16:31:53.395+0530] {dagbag.py:540} INFO - Filling up the DagBag from /home/akranth/airflow/airflow_env/lib/python3.11/site-packages/airflow/example_dags/example_external_task_marker_dag.py
[2024-03-01T16:31:53.424+0530] {processor.py:840} INFO - DAG(s) 'example_external_task_marker_child', 'example_external_task_marker_parent' retrieved from /home/akranth/airflow/airflow_env/lib/python3.11/site-packages/airflow/example_dags/example_external_task_marker_dag.py
[2024-03-01T16:31:53.451+0530] {logging_mixin.py:188} INFO - [2024-03-01T16:31:53.451+0530] {dag.py:3047} INFO - Sync 2 DAGs
[2024-03-01T16:31:53.466+0530] {logging_mixin.py:188} INFO - [2024-03-01T16:31:53.465+0530] {dag.py:3834} INFO - Setting next_dagrun for example_external_task_marker_child to None, run_after=None
[2024-03-01T16:31:53.469+0530] {logging_mixin.py:188} INFO - [2024-03-01T16:31:53.469+0530] {dag.py:3834} INFO - Setting next_dagrun for example_external_task_marker_parent to None, run_after=None
[2024-03-01T16:31:53.644+0530] {processor.py:183} INFO - Processing /home/akranth/airflow/airflow_env/lib/python3.11/site-packages/airflow/example_dags/example_external_task_marker_dag.py took 0.285 seconds
[2024-03-01T16:33:07.250+0530] {processor.py:161} INFO - Started process (PID=9329) to work on /home/akranth/airflow/airflow_env/lib/python3.11/site-packages/airflow/example_dags/example_external_task_marker_dag.py
[2024-03-01T16:33:07.263+0530] {processor.py:830} INFO - Processing file /home/akranth/airflow/airflow_env/lib/python3.11/site-packages/airflow/example_dags/example_external_task_marker_dag.py for tasks to queue
[2024-03-01T16:33:07.264+0530] {logging_mixin.py:188} INFO - [2024-03-01T16:33:07.263+0530] {dagbag.py:540} INFO - Filling up the DagBag from /home/akranth/airflow/airflow_env/lib/python3.11/site-packages/airflow/example_dags/example_external_task_marker_dag.py
[2024-03-01T16:33:07.270+0530] {processor.py:840} INFO - DAG(s) 'example_external_task_marker_parent', 'example_external_task_marker_child' retrieved from /home/akranth/airflow/airflow_env/lib/python3.11/site-packages/airflow/example_dags/example_external_task_marker_dag.py
[2024-03-01T16:33:07.286+0530] {logging_mixin.py:188} INFO - [2024-03-01T16:33:07.286+0530] {dag.py:3047} INFO - Sync 2 DAGs
[2024-03-01T16:33:07.299+0530] {logging_mixin.py:188} INFO - [2024-03-01T16:33:07.299+0530] {dag.py:3834} INFO - Setting next_dagrun for example_external_task_marker_child to None, run_after=None
[2024-03-01T16:33:07.302+0530] {logging_mixin.py:188} INFO - [2024-03-01T16:33:07.302+0530] {dag.py:3834} INFO - Setting next_dagrun for example_external_task_marker_parent to None, run_after=None
[2024-03-01T16:33:07.398+0530] {processor.py:183} INFO - Processing /home/akranth/airflow/airflow_env/lib/python3.11/site-packages/airflow/example_dags/example_external_task_marker_dag.py took 0.152 seconds
[2024-03-01T16:34:32.110+0530] {processor.py:161} INFO - Started process (PID=9527) to work on /home/akranth/airflow/airflow_env/lib/python3.11/site-packages/airflow/example_dags/example_external_task_marker_dag.py
[2024-03-01T16:34:32.125+0530] {processor.py:830} INFO - Processing file /home/akranth/airflow/airflow_env/lib/python3.11/site-packages/airflow/example_dags/example_external_task_marker_dag.py for tasks to queue
[2024-03-01T16:34:32.128+0530] {logging_mixin.py:188} INFO - [2024-03-01T16:34:32.127+0530] {dagbag.py:540} INFO - Filling up the DagBag from /home/akranth/airflow/airflow_env/lib/python3.11/site-packages/airflow/example_dags/example_external_task_marker_dag.py
[2024-03-01T16:34:32.144+0530] {processor.py:840} INFO - DAG(s) 'example_external_task_marker_parent', 'example_external_task_marker_child' retrieved from /home/akranth/airflow/airflow_env/lib/python3.11/site-packages/airflow/example_dags/example_external_task_marker_dag.py
[2024-03-01T16:34:32.167+0530] {logging_mixin.py:188} INFO - [2024-03-01T16:34:32.167+0530] {dag.py:3047} INFO - Sync 2 DAGs
[2024-03-01T16:34:32.178+0530] {logging_mixin.py:188} INFO - [2024-03-01T16:34:32.178+0530] {dag.py:3834} INFO - Setting next_dagrun for example_external_task_marker_child to None, run_after=None
[2024-03-01T16:34:32.180+0530] {logging_mixin.py:188} INFO - [2024-03-01T16:34:32.180+0530] {dag.py:3834} INFO - Setting next_dagrun for example_external_task_marker_parent to None, run_after=None
[2024-03-01T16:34:32.294+0530] {processor.py:183} INFO - Processing /home/akranth/airflow/airflow_env/lib/python3.11/site-packages/airflow/example_dags/example_external_task_marker_dag.py took 0.192 seconds
