[2024-03-01T16:18:31.961+0530] {processor.py:161} INFO - Started process (PID=7096) to work on /home/akranth/airflow/airflow_env/lib/python3.11/site-packages/airflow/example_dags/example_setup_teardown.py
[2024-03-01T16:18:31.962+0530] {processor.py:830} INFO - Processing file /home/akranth/airflow/airflow_env/lib/python3.11/site-packages/airflow/example_dags/example_setup_teardown.py for tasks to queue
[2024-03-01T16:18:31.962+0530] {logging_mixin.py:188} INFO - [2024-03-01T16:18:31.962+0530] {dagbag.py:540} INFO - Filling up the DagBag from /home/akranth/airflow/airflow_env/lib/python3.11/site-packages/airflow/example_dags/example_setup_teardown.py
[2024-03-01T16:18:31.968+0530] {processor.py:840} INFO - DAG(s) 'example_setup_teardown' retrieved from /home/akranth/airflow/airflow_env/lib/python3.11/site-packages/airflow/example_dags/example_setup_teardown.py
[2024-03-01T16:18:32.123+0530] {logging_mixin.py:188} INFO - [2024-03-01T16:18:32.122+0530] {dag.py:3047} INFO - Sync 1 DAGs
[2024-03-01T16:18:32.135+0530] {logging_mixin.py:188} INFO - [2024-03-01T16:18:32.135+0530] {dag.py:3834} INFO - Setting next_dagrun for example_setup_teardown to 2024-02-29 00:00:00+00:00, run_after=2024-03-01 00:00:00+00:00
[2024-03-01T16:18:32.344+0530] {processor.py:183} INFO - Processing /home/akranth/airflow/airflow_env/lib/python3.11/site-packages/airflow/example_dags/example_setup_teardown.py took 0.385 seconds
[2024-03-01T16:19:48.850+0530] {processor.py:161} INFO - Started process (PID=7230) to work on /home/akranth/airflow/airflow_env/lib/python3.11/site-packages/airflow/example_dags/example_setup_teardown.py
[2024-03-01T16:19:48.853+0530] {processor.py:830} INFO - Processing file /home/akranth/airflow/airflow_env/lib/python3.11/site-packages/airflow/example_dags/example_setup_teardown.py for tasks to queue
[2024-03-01T16:19:48.855+0530] {logging_mixin.py:188} INFO - [2024-03-01T16:19:48.854+0530] {dagbag.py:540} INFO - Filling up the DagBag from /home/akranth/airflow/airflow_env/lib/python3.11/site-packages/airflow/example_dags/example_setup_teardown.py
[2024-03-01T16:19:48.872+0530] {processor.py:840} INFO - DAG(s) 'example_setup_teardown' retrieved from /home/akranth/airflow/airflow_env/lib/python3.11/site-packages/airflow/example_dags/example_setup_teardown.py
[2024-03-01T16:19:48.979+0530] {logging_mixin.py:188} INFO - [2024-03-01T16:19:48.978+0530] {dag.py:3047} INFO - Sync 1 DAGs
[2024-03-01T16:19:48.993+0530] {logging_mixin.py:188} INFO - [2024-03-01T16:19:48.993+0530] {dag.py:3834} INFO - Setting next_dagrun for example_setup_teardown to 2024-02-29 00:00:00+00:00, run_after=2024-03-01 00:00:00+00:00
[2024-03-01T16:19:49.251+0530] {processor.py:183} INFO - Processing /home/akranth/airflow/airflow_env/lib/python3.11/site-packages/airflow/example_dags/example_setup_teardown.py took 0.407 seconds
[2024-03-01T16:20:48.878+0530] {processor.py:161} INFO - Started process (PID=7380) to work on /home/akranth/airflow/airflow_env/lib/python3.11/site-packages/airflow/example_dags/example_setup_teardown.py
[2024-03-01T16:20:48.882+0530] {processor.py:830} INFO - Processing file /home/akranth/airflow/airflow_env/lib/python3.11/site-packages/airflow/example_dags/example_setup_teardown.py for tasks to queue
[2024-03-01T16:20:48.883+0530] {logging_mixin.py:188} INFO - [2024-03-01T16:20:48.882+0530] {dagbag.py:540} INFO - Filling up the DagBag from /home/akranth/airflow/airflow_env/lib/python3.11/site-packages/airflow/example_dags/example_setup_teardown.py
[2024-03-01T16:20:48.889+0530] {processor.py:840} INFO - DAG(s) 'example_setup_teardown' retrieved from /home/akranth/airflow/airflow_env/lib/python3.11/site-packages/airflow/example_dags/example_setup_teardown.py
[2024-03-01T16:20:48.906+0530] {logging_mixin.py:188} INFO - [2024-03-01T16:20:48.905+0530] {dag.py:3047} INFO - Sync 1 DAGs
[2024-03-01T16:20:48.923+0530] {logging_mixin.py:188} INFO - [2024-03-01T16:20:48.923+0530] {dag.py:3834} INFO - Setting next_dagrun for example_setup_teardown to 2024-02-29 00:00:00+00:00, run_after=2024-03-01 00:00:00+00:00
[2024-03-01T16:20:49.167+0530] {processor.py:183} INFO - Processing /home/akranth/airflow/airflow_env/lib/python3.11/site-packages/airflow/example_dags/example_setup_teardown.py took 0.291 seconds
[2024-03-01T16:21:50.679+0530] {processor.py:161} INFO - Started process (PID=7448) to work on /home/akranth/airflow/airflow_env/lib/python3.11/site-packages/airflow/example_dags/example_setup_teardown.py
[2024-03-01T16:21:50.758+0530] {processor.py:830} INFO - Processing file /home/akranth/airflow/airflow_env/lib/python3.11/site-packages/airflow/example_dags/example_setup_teardown.py for tasks to queue
[2024-03-01T16:21:50.760+0530] {logging_mixin.py:188} INFO - [2024-03-01T16:21:50.759+0530] {dagbag.py:540} INFO - Filling up the DagBag from /home/akranth/airflow/airflow_env/lib/python3.11/site-packages/airflow/example_dags/example_setup_teardown.py
[2024-03-01T16:21:50.780+0530] {processor.py:840} INFO - DAG(s) 'example_setup_teardown' retrieved from /home/akranth/airflow/airflow_env/lib/python3.11/site-packages/airflow/example_dags/example_setup_teardown.py
[2024-03-01T16:21:50.804+0530] {logging_mixin.py:188} INFO - [2024-03-01T16:21:50.804+0530] {dag.py:3047} INFO - Sync 1 DAGs
[2024-03-01T16:21:50.821+0530] {logging_mixin.py:188} INFO - [2024-03-01T16:21:50.820+0530] {dag.py:3834} INFO - Setting next_dagrun for example_setup_teardown to 2024-02-29 00:00:00+00:00, run_after=2024-03-01 00:00:00+00:00
[2024-03-01T16:21:50.972+0530] {processor.py:183} INFO - Processing /home/akranth/airflow/airflow_env/lib/python3.11/site-packages/airflow/example_dags/example_setup_teardown.py took 0.296 seconds
[2024-03-01T16:22:49.641+0530] {processor.py:161} INFO - Started process (PID=7511) to work on /home/akranth/airflow/airflow_env/lib/python3.11/site-packages/airflow/example_dags/example_setup_teardown.py
[2024-03-01T16:22:49.651+0530] {processor.py:830} INFO - Processing file /home/akranth/airflow/airflow_env/lib/python3.11/site-packages/airflow/example_dags/example_setup_teardown.py for tasks to queue
[2024-03-01T16:22:49.652+0530] {logging_mixin.py:188} INFO - [2024-03-01T16:22:49.651+0530] {dagbag.py:540} INFO - Filling up the DagBag from /home/akranth/airflow/airflow_env/lib/python3.11/site-packages/airflow/example_dags/example_setup_teardown.py
[2024-03-01T16:22:49.657+0530] {processor.py:840} INFO - DAG(s) 'example_setup_teardown' retrieved from /home/akranth/airflow/airflow_env/lib/python3.11/site-packages/airflow/example_dags/example_setup_teardown.py
[2024-03-01T16:22:49.668+0530] {logging_mixin.py:188} INFO - [2024-03-01T16:22:49.668+0530] {dag.py:3047} INFO - Sync 1 DAGs
[2024-03-01T16:22:49.683+0530] {logging_mixin.py:188} INFO - [2024-03-01T16:22:49.683+0530] {dag.py:3834} INFO - Setting next_dagrun for example_setup_teardown to 2024-02-29 00:00:00+00:00, run_after=2024-03-01 00:00:00+00:00
[2024-03-01T16:22:49.832+0530] {processor.py:183} INFO - Processing /home/akranth/airflow/airflow_env/lib/python3.11/site-packages/airflow/example_dags/example_setup_teardown.py took 0.193 seconds
[2024-03-01T16:23:49.854+0530] {processor.py:161} INFO - Started process (PID=7570) to work on /home/akranth/airflow/airflow_env/lib/python3.11/site-packages/airflow/example_dags/example_setup_teardown.py
[2024-03-01T16:23:49.930+0530] {processor.py:830} INFO - Processing file /home/akranth/airflow/airflow_env/lib/python3.11/site-packages/airflow/example_dags/example_setup_teardown.py for tasks to queue
[2024-03-01T16:23:49.932+0530] {logging_mixin.py:188} INFO - [2024-03-01T16:23:49.931+0530] {dagbag.py:540} INFO - Filling up the DagBag from /home/akranth/airflow/airflow_env/lib/python3.11/site-packages/airflow/example_dags/example_setup_teardown.py
[2024-03-01T16:23:49.940+0530] {processor.py:840} INFO - DAG(s) 'example_setup_teardown' retrieved from /home/akranth/airflow/airflow_env/lib/python3.11/site-packages/airflow/example_dags/example_setup_teardown.py
[2024-03-01T16:23:49.953+0530] {logging_mixin.py:188} INFO - [2024-03-01T16:23:49.953+0530] {dag.py:3047} INFO - Sync 1 DAGs
[2024-03-01T16:23:49.969+0530] {logging_mixin.py:188} INFO - [2024-03-01T16:23:49.969+0530] {dag.py:3834} INFO - Setting next_dagrun for example_setup_teardown to 2024-02-29 00:00:00+00:00, run_after=2024-03-01 00:00:00+00:00
[2024-03-01T16:23:50.295+0530] {processor.py:183} INFO - Processing /home/akranth/airflow/airflow_env/lib/python3.11/site-packages/airflow/example_dags/example_setup_teardown.py took 0.443 seconds
[2024-03-01T16:24:55.617+0530] {processor.py:161} INFO - Started process (PID=7639) to work on /home/akranth/airflow/airflow_env/lib/python3.11/site-packages/airflow/example_dags/example_setup_teardown.py
[2024-03-01T16:24:55.618+0530] {processor.py:830} INFO - Processing file /home/akranth/airflow/airflow_env/lib/python3.11/site-packages/airflow/example_dags/example_setup_teardown.py for tasks to queue
[2024-03-01T16:24:55.618+0530] {logging_mixin.py:188} INFO - [2024-03-01T16:24:55.618+0530] {dagbag.py:540} INFO - Filling up the DagBag from /home/akranth/airflow/airflow_env/lib/python3.11/site-packages/airflow/example_dags/example_setup_teardown.py
[2024-03-01T16:24:55.625+0530] {processor.py:840} INFO - DAG(s) 'example_setup_teardown' retrieved from /home/akranth/airflow/airflow_env/lib/python3.11/site-packages/airflow/example_dags/example_setup_teardown.py
[2024-03-01T16:24:55.637+0530] {logging_mixin.py:188} INFO - [2024-03-01T16:24:55.637+0530] {dag.py:3047} INFO - Sync 1 DAGs
[2024-03-01T16:24:55.651+0530] {logging_mixin.py:188} INFO - [2024-03-01T16:24:55.651+0530] {dag.py:3834} INFO - Setting next_dagrun for example_setup_teardown to 2024-02-29 00:00:00+00:00, run_after=2024-03-01 00:00:00+00:00
[2024-03-01T16:24:55.814+0530] {processor.py:183} INFO - Processing /home/akranth/airflow/airflow_env/lib/python3.11/site-packages/airflow/example_dags/example_setup_teardown.py took 0.199 seconds
[2024-03-01T16:25:59.096+0530] {processor.py:161} INFO - Started process (PID=7708) to work on /home/akranth/airflow/airflow_env/lib/python3.11/site-packages/airflow/example_dags/example_setup_teardown.py
[2024-03-01T16:25:59.098+0530] {processor.py:830} INFO - Processing file /home/akranth/airflow/airflow_env/lib/python3.11/site-packages/airflow/example_dags/example_setup_teardown.py for tasks to queue
[2024-03-01T16:25:59.101+0530] {logging_mixin.py:188} INFO - [2024-03-01T16:25:59.100+0530] {dagbag.py:540} INFO - Filling up the DagBag from /home/akranth/airflow/airflow_env/lib/python3.11/site-packages/airflow/example_dags/example_setup_teardown.py
[2024-03-01T16:25:59.116+0530] {processor.py:840} INFO - DAG(s) 'example_setup_teardown' retrieved from /home/akranth/airflow/airflow_env/lib/python3.11/site-packages/airflow/example_dags/example_setup_teardown.py
[2024-03-01T16:25:59.133+0530] {logging_mixin.py:188} INFO - [2024-03-01T16:25:59.133+0530] {dag.py:3047} INFO - Sync 1 DAGs
[2024-03-01T16:25:59.149+0530] {logging_mixin.py:188} INFO - [2024-03-01T16:25:59.149+0530] {dag.py:3834} INFO - Setting next_dagrun for example_setup_teardown to 2024-02-29 00:00:00+00:00, run_after=2024-03-01 00:00:00+00:00
[2024-03-01T16:25:59.479+0530] {processor.py:183} INFO - Processing /home/akranth/airflow/airflow_env/lib/python3.11/site-packages/airflow/example_dags/example_setup_teardown.py took 0.391 seconds
[2024-03-01T16:26:57.503+0530] {processor.py:161} INFO - Started process (PID=7773) to work on /home/akranth/airflow/airflow_env/lib/python3.11/site-packages/airflow/example_dags/example_setup_teardown.py
[2024-03-01T16:26:57.518+0530] {processor.py:830} INFO - Processing file /home/akranth/airflow/airflow_env/lib/python3.11/site-packages/airflow/example_dags/example_setup_teardown.py for tasks to queue
[2024-03-01T16:26:57.520+0530] {logging_mixin.py:188} INFO - [2024-03-01T16:26:57.519+0530] {dagbag.py:540} INFO - Filling up the DagBag from /home/akranth/airflow/airflow_env/lib/python3.11/site-packages/airflow/example_dags/example_setup_teardown.py
[2024-03-01T16:26:57.539+0530] {processor.py:840} INFO - DAG(s) 'example_setup_teardown' retrieved from /home/akranth/airflow/airflow_env/lib/python3.11/site-packages/airflow/example_dags/example_setup_teardown.py
[2024-03-01T16:26:57.564+0530] {logging_mixin.py:188} INFO - [2024-03-01T16:26:57.564+0530] {dag.py:3047} INFO - Sync 1 DAGs
[2024-03-01T16:26:57.581+0530] {logging_mixin.py:188} INFO - [2024-03-01T16:26:57.581+0530] {dag.py:3834} INFO - Setting next_dagrun for example_setup_teardown to 2024-02-29 00:00:00+00:00, run_after=2024-03-01 00:00:00+00:00
[2024-03-01T16:26:57.698+0530] {processor.py:183} INFO - Processing /home/akranth/airflow/airflow_env/lib/python3.11/site-packages/airflow/example_dags/example_setup_teardown.py took 0.196 seconds
[2024-03-01T16:27:50.534+0530] {processor.py:161} INFO - Started process (PID=7835) to work on /home/akranth/airflow/airflow_env/lib/python3.11/site-packages/airflow/example_dags/example_setup_teardown.py
[2024-03-01T16:27:50.537+0530] {processor.py:830} INFO - Processing file /home/akranth/airflow/airflow_env/lib/python3.11/site-packages/airflow/example_dags/example_setup_teardown.py for tasks to queue
[2024-03-01T16:27:50.539+0530] {logging_mixin.py:188} INFO - [2024-03-01T16:27:50.538+0530] {dagbag.py:540} INFO - Filling up the DagBag from /home/akranth/airflow/airflow_env/lib/python3.11/site-packages/airflow/example_dags/example_setup_teardown.py
[2024-03-01T16:27:50.555+0530] {processor.py:840} INFO - DAG(s) 'example_setup_teardown' retrieved from /home/akranth/airflow/airflow_env/lib/python3.11/site-packages/airflow/example_dags/example_setup_teardown.py
[2024-03-01T16:27:50.573+0530] {logging_mixin.py:188} INFO - [2024-03-01T16:27:50.573+0530] {dag.py:3047} INFO - Sync 1 DAGs
[2024-03-01T16:27:50.590+0530] {logging_mixin.py:188} INFO - [2024-03-01T16:27:50.589+0530] {dag.py:3834} INFO - Setting next_dagrun for example_setup_teardown to 2024-02-29 00:00:00+00:00, run_after=2024-03-01 00:00:00+00:00
[2024-03-01T16:27:50.707+0530] {processor.py:183} INFO - Processing /home/akranth/airflow/airflow_env/lib/python3.11/site-packages/airflow/example_dags/example_setup_teardown.py took 0.179 seconds
[2024-03-01T16:29:07.968+0530] {processor.py:161} INFO - Started process (PID=7926) to work on /home/akranth/airflow/airflow_env/lib/python3.11/site-packages/airflow/example_dags/example_setup_teardown.py
[2024-03-01T16:29:07.969+0530] {processor.py:830} INFO - Processing file /home/akranth/airflow/airflow_env/lib/python3.11/site-packages/airflow/example_dags/example_setup_teardown.py for tasks to queue
[2024-03-01T16:29:07.970+0530] {logging_mixin.py:188} INFO - [2024-03-01T16:29:07.970+0530] {dagbag.py:540} INFO - Filling up the DagBag from /home/akranth/airflow/airflow_env/lib/python3.11/site-packages/airflow/example_dags/example_setup_teardown.py
[2024-03-01T16:29:07.978+0530] {processor.py:840} INFO - DAG(s) 'example_setup_teardown' retrieved from /home/akranth/airflow/airflow_env/lib/python3.11/site-packages/airflow/example_dags/example_setup_teardown.py
[2024-03-01T16:29:07.996+0530] {logging_mixin.py:188} INFO - [2024-03-01T16:29:07.996+0530] {dag.py:3047} INFO - Sync 1 DAGs
[2024-03-01T16:29:08.015+0530] {logging_mixin.py:188} INFO - [2024-03-01T16:29:08.015+0530] {dag.py:3834} INFO - Setting next_dagrun for example_setup_teardown to 2024-02-29 00:00:00+00:00, run_after=2024-03-01 00:00:00+00:00
[2024-03-01T16:29:08.192+0530] {processor.py:183} INFO - Processing /home/akranth/airflow/airflow_env/lib/python3.11/site-packages/airflow/example_dags/example_setup_teardown.py took 0.228 seconds
[2024-03-01T16:30:34.088+0530] {processor.py:161} INFO - Started process (PID=8028) to work on /home/akranth/airflow/airflow_env/lib/python3.11/site-packages/airflow/example_dags/example_setup_teardown.py
[2024-03-01T16:30:34.089+0530] {processor.py:830} INFO - Processing file /home/akranth/airflow/airflow_env/lib/python3.11/site-packages/airflow/example_dags/example_setup_teardown.py for tasks to queue
[2024-03-01T16:30:34.090+0530] {logging_mixin.py:188} INFO - [2024-03-01T16:30:34.090+0530] {dagbag.py:540} INFO - Filling up the DagBag from /home/akranth/airflow/airflow_env/lib/python3.11/site-packages/airflow/example_dags/example_setup_teardown.py
[2024-03-01T16:30:34.098+0530] {processor.py:840} INFO - DAG(s) 'example_setup_teardown' retrieved from /home/akranth/airflow/airflow_env/lib/python3.11/site-packages/airflow/example_dags/example_setup_teardown.py
[2024-03-01T16:30:34.116+0530] {logging_mixin.py:188} INFO - [2024-03-01T16:30:34.116+0530] {dag.py:3047} INFO - Sync 1 DAGs
[2024-03-01T16:30:34.139+0530] {logging_mixin.py:188} INFO - [2024-03-01T16:30:34.139+0530] {dag.py:3834} INFO - Setting next_dagrun for example_setup_teardown to 2024-02-29 00:00:00+00:00, run_after=2024-03-01 00:00:00+00:00
[2024-03-01T16:30:34.324+0530] {processor.py:183} INFO - Processing /home/akranth/airflow/airflow_env/lib/python3.11/site-packages/airflow/example_dags/example_setup_teardown.py took 0.239 seconds
[2024-03-01T16:31:52.707+0530] {processor.py:161} INFO - Started process (PID=9096) to work on /home/akranth/airflow/airflow_env/lib/python3.11/site-packages/airflow/example_dags/example_setup_teardown.py
[2024-03-01T16:31:52.710+0530] {processor.py:830} INFO - Processing file /home/akranth/airflow/airflow_env/lib/python3.11/site-packages/airflow/example_dags/example_setup_teardown.py for tasks to queue
[2024-03-01T16:31:52.711+0530] {logging_mixin.py:188} INFO - [2024-03-01T16:31:52.711+0530] {dagbag.py:540} INFO - Filling up the DagBag from /home/akranth/airflow/airflow_env/lib/python3.11/site-packages/airflow/example_dags/example_setup_teardown.py
[2024-03-01T16:31:52.724+0530] {processor.py:840} INFO - DAG(s) 'example_setup_teardown' retrieved from /home/akranth/airflow/airflow_env/lib/python3.11/site-packages/airflow/example_dags/example_setup_teardown.py
[2024-03-01T16:31:52.744+0530] {logging_mixin.py:188} INFO - [2024-03-01T16:31:52.744+0530] {dag.py:3047} INFO - Sync 1 DAGs
[2024-03-01T16:31:52.823+0530] {logging_mixin.py:188} INFO - [2024-03-01T16:31:52.823+0530] {dag.py:3834} INFO - Setting next_dagrun for example_setup_teardown to 2024-02-29 00:00:00+00:00, run_after=2024-03-01 00:00:00+00:00
[2024-03-01T16:31:53.200+0530] {processor.py:183} INFO - Processing /home/akranth/airflow/airflow_env/lib/python3.11/site-packages/airflow/example_dags/example_setup_teardown.py took 0.496 seconds
[2024-03-01T16:33:05.979+0530] {processor.py:161} INFO - Started process (PID=9327) to work on /home/akranth/airflow/airflow_env/lib/python3.11/site-packages/airflow/example_dags/example_setup_teardown.py
[2024-03-01T16:33:05.980+0530] {processor.py:830} INFO - Processing file /home/akranth/airflow/airflow_env/lib/python3.11/site-packages/airflow/example_dags/example_setup_teardown.py for tasks to queue
[2024-03-01T16:33:05.981+0530] {logging_mixin.py:188} INFO - [2024-03-01T16:33:05.981+0530] {dagbag.py:540} INFO - Filling up the DagBag from /home/akranth/airflow/airflow_env/lib/python3.11/site-packages/airflow/example_dags/example_setup_teardown.py
[2024-03-01T16:33:05.987+0530] {processor.py:840} INFO - DAG(s) 'example_setup_teardown' retrieved from /home/akranth/airflow/airflow_env/lib/python3.11/site-packages/airflow/example_dags/example_setup_teardown.py
[2024-03-01T16:33:06.000+0530] {logging_mixin.py:188} INFO - [2024-03-01T16:33:06.000+0530] {dag.py:3047} INFO - Sync 1 DAGs
[2024-03-01T16:33:06.016+0530] {logging_mixin.py:188} INFO - [2024-03-01T16:33:06.016+0530] {dag.py:3834} INFO - Setting next_dagrun for example_setup_teardown to 2024-02-29 00:00:00+00:00, run_after=2024-03-01 00:00:00+00:00
[2024-03-01T16:33:06.127+0530] {processor.py:183} INFO - Processing /home/akranth/airflow/airflow_env/lib/python3.11/site-packages/airflow/example_dags/example_setup_teardown.py took 0.150 seconds
[2024-03-01T16:34:30.736+0530] {processor.py:161} INFO - Started process (PID=9524) to work on /home/akranth/airflow/airflow_env/lib/python3.11/site-packages/airflow/example_dags/example_setup_teardown.py
[2024-03-01T16:34:30.743+0530] {processor.py:830} INFO - Processing file /home/akranth/airflow/airflow_env/lib/python3.11/site-packages/airflow/example_dags/example_setup_teardown.py for tasks to queue
[2024-03-01T16:34:30.745+0530] {logging_mixin.py:188} INFO - [2024-03-01T16:34:30.744+0530] {dagbag.py:540} INFO - Filling up the DagBag from /home/akranth/airflow/airflow_env/lib/python3.11/site-packages/airflow/example_dags/example_setup_teardown.py
[2024-03-01T16:34:30.760+0530] {processor.py:840} INFO - DAG(s) 'example_setup_teardown' retrieved from /home/akranth/airflow/airflow_env/lib/python3.11/site-packages/airflow/example_dags/example_setup_teardown.py
[2024-03-01T16:34:30.779+0530] {logging_mixin.py:188} INFO - [2024-03-01T16:34:30.778+0530] {dag.py:3047} INFO - Sync 1 DAGs
[2024-03-01T16:34:30.798+0530] {logging_mixin.py:188} INFO - [2024-03-01T16:34:30.798+0530] {dag.py:3834} INFO - Setting next_dagrun for example_setup_teardown to 2024-02-29 00:00:00+00:00, run_after=2024-03-01 00:00:00+00:00
[2024-03-01T16:34:30.959+0530] {processor.py:183} INFO - Processing /home/akranth/airflow/airflow_env/lib/python3.11/site-packages/airflow/example_dags/example_setup_teardown.py took 0.226 seconds
[2024-03-01T16:35:32.551+0530] {processor.py:161} INFO - Started process (PID=9653) to work on /home/akranth/airflow/airflow_env/lib/python3.11/site-packages/airflow/example_dags/example_setup_teardown.py
[2024-03-01T16:35:32.580+0530] {processor.py:830} INFO - Processing file /home/akranth/airflow/airflow_env/lib/python3.11/site-packages/airflow/example_dags/example_setup_teardown.py for tasks to queue
[2024-03-01T16:35:32.582+0530] {logging_mixin.py:188} INFO - [2024-03-01T16:35:32.581+0530] {dagbag.py:540} INFO - Filling up the DagBag from /home/akranth/airflow/airflow_env/lib/python3.11/site-packages/airflow/example_dags/example_setup_teardown.py
[2024-03-01T16:35:32.599+0530] {processor.py:840} INFO - DAG(s) 'example_setup_teardown' retrieved from /home/akranth/airflow/airflow_env/lib/python3.11/site-packages/airflow/example_dags/example_setup_teardown.py
[2024-03-01T16:35:32.621+0530] {logging_mixin.py:188} INFO - [2024-03-01T16:35:32.621+0530] {dag.py:3047} INFO - Sync 1 DAGs
[2024-03-01T16:35:32.636+0530] {logging_mixin.py:188} INFO - [2024-03-01T16:35:32.636+0530] {dag.py:3834} INFO - Setting next_dagrun for example_setup_teardown to 2024-02-29 00:00:00+00:00, run_after=2024-03-01 00:00:00+00:00
[2024-03-01T16:35:32.753+0530] {processor.py:183} INFO - Processing /home/akranth/airflow/airflow_env/lib/python3.11/site-packages/airflow/example_dags/example_setup_teardown.py took 0.204 seconds
