[2024-03-01T16:18:13.816+0530] {processor.py:161} INFO - Started process (PID=7079) to work on /home/akranth/airflow/airflow_env/lib/python3.11/site-packages/airflow/example_dags/example_short_circuit_decorator.py
[2024-03-01T16:18:13.817+0530] {processor.py:830} INFO - Processing file /home/akranth/airflow/airflow_env/lib/python3.11/site-packages/airflow/example_dags/example_short_circuit_decorator.py for tasks to queue
[2024-03-01T16:18:13.817+0530] {logging_mixin.py:188} INFO - [2024-03-01T16:18:13.817+0530] {dagbag.py:540} INFO - Filling up the DagBag from /home/akranth/airflow/airflow_env/lib/python3.11/site-packages/airflow/example_dags/example_short_circuit_decorator.py
[2024-03-01T16:18:13.826+0530] {processor.py:840} INFO - DAG(s) 'example_short_circuit_decorator' retrieved from /home/akranth/airflow/airflow_env/lib/python3.11/site-packages/airflow/example_dags/example_short_circuit_decorator.py
[2024-03-01T16:18:13.900+0530] {logging_mixin.py:188} INFO - [2024-03-01T16:18:13.900+0530] {dag.py:3047} INFO - Sync 1 DAGs
[2024-03-01T16:18:13.988+0530] {logging_mixin.py:188} INFO - [2024-03-01T16:18:13.987+0530] {dag.py:3834} INFO - Setting next_dagrun for example_short_circuit_decorator to 2024-02-29 00:00:00+00:00, run_after=2024-03-01 00:00:00+00:00
[2024-03-01T16:18:14.222+0530] {processor.py:183} INFO - Processing /home/akranth/airflow/airflow_env/lib/python3.11/site-packages/airflow/example_dags/example_short_circuit_decorator.py took 0.407 seconds
[2024-03-01T16:19:22.694+0530] {processor.py:161} INFO - Started process (PID=7193) to work on /home/akranth/airflow/airflow_env/lib/python3.11/site-packages/airflow/example_dags/example_short_circuit_decorator.py
[2024-03-01T16:19:22.704+0530] {processor.py:830} INFO - Processing file /home/akranth/airflow/airflow_env/lib/python3.11/site-packages/airflow/example_dags/example_short_circuit_decorator.py for tasks to queue
[2024-03-01T16:19:22.707+0530] {logging_mixin.py:188} INFO - [2024-03-01T16:19:22.705+0530] {dagbag.py:540} INFO - Filling up the DagBag from /home/akranth/airflow/airflow_env/lib/python3.11/site-packages/airflow/example_dags/example_short_circuit_decorator.py
[2024-03-01T16:19:22.727+0530] {processor.py:840} INFO - DAG(s) 'example_short_circuit_decorator' retrieved from /home/akranth/airflow/airflow_env/lib/python3.11/site-packages/airflow/example_dags/example_short_circuit_decorator.py
[2024-03-01T16:19:22.746+0530] {logging_mixin.py:188} INFO - [2024-03-01T16:19:22.746+0530] {dag.py:3047} INFO - Sync 1 DAGs
[2024-03-01T16:19:22.834+0530] {logging_mixin.py:188} INFO - [2024-03-01T16:19:22.834+0530] {dag.py:3834} INFO - Setting next_dagrun for example_short_circuit_decorator to 2024-02-29 00:00:00+00:00, run_after=2024-03-01 00:00:00+00:00
[2024-03-01T16:19:22.954+0530] {processor.py:183} INFO - Processing /home/akranth/airflow/airflow_env/lib/python3.11/site-packages/airflow/example_dags/example_short_circuit_decorator.py took 0.267 seconds
[2024-03-01T16:20:24.000+0530] {processor.py:161} INFO - Started process (PID=7343) to work on /home/akranth/airflow/airflow_env/lib/python3.11/site-packages/airflow/example_dags/example_short_circuit_decorator.py
[2024-03-01T16:20:24.001+0530] {processor.py:830} INFO - Processing file /home/akranth/airflow/airflow_env/lib/python3.11/site-packages/airflow/example_dags/example_short_circuit_decorator.py for tasks to queue
[2024-03-01T16:20:24.002+0530] {logging_mixin.py:188} INFO - [2024-03-01T16:20:24.002+0530] {dagbag.py:540} INFO - Filling up the DagBag from /home/akranth/airflow/airflow_env/lib/python3.11/site-packages/airflow/example_dags/example_short_circuit_decorator.py
[2024-03-01T16:20:24.012+0530] {processor.py:840} INFO - DAG(s) 'example_short_circuit_decorator' retrieved from /home/akranth/airflow/airflow_env/lib/python3.11/site-packages/airflow/example_dags/example_short_circuit_decorator.py
[2024-03-01T16:20:24.028+0530] {logging_mixin.py:188} INFO - [2024-03-01T16:20:24.028+0530] {dag.py:3047} INFO - Sync 1 DAGs
[2024-03-01T16:20:24.046+0530] {logging_mixin.py:188} INFO - [2024-03-01T16:20:24.046+0530] {dag.py:3834} INFO - Setting next_dagrun for example_short_circuit_decorator to 2024-02-29 00:00:00+00:00, run_after=2024-03-01 00:00:00+00:00
[2024-03-01T16:20:24.227+0530] {processor.py:183} INFO - Processing /home/akranth/airflow/airflow_env/lib/python3.11/site-packages/airflow/example_dags/example_short_circuit_decorator.py took 0.228 seconds
[2024-03-01T16:21:23.774+0530] {processor.py:161} INFO - Started process (PID=7414) to work on /home/akranth/airflow/airflow_env/lib/python3.11/site-packages/airflow/example_dags/example_short_circuit_decorator.py
[2024-03-01T16:21:23.775+0530] {processor.py:830} INFO - Processing file /home/akranth/airflow/airflow_env/lib/python3.11/site-packages/airflow/example_dags/example_short_circuit_decorator.py for tasks to queue
[2024-03-01T16:21:23.776+0530] {logging_mixin.py:188} INFO - [2024-03-01T16:21:23.775+0530] {dagbag.py:540} INFO - Filling up the DagBag from /home/akranth/airflow/airflow_env/lib/python3.11/site-packages/airflow/example_dags/example_short_circuit_decorator.py
[2024-03-01T16:21:23.783+0530] {processor.py:840} INFO - DAG(s) 'example_short_circuit_decorator' retrieved from /home/akranth/airflow/airflow_env/lib/python3.11/site-packages/airflow/example_dags/example_short_circuit_decorator.py
[2024-03-01T16:21:23.797+0530] {logging_mixin.py:188} INFO - [2024-03-01T16:21:23.796+0530] {dag.py:3047} INFO - Sync 1 DAGs
[2024-03-01T16:21:23.810+0530] {logging_mixin.py:188} INFO - [2024-03-01T16:21:23.810+0530] {dag.py:3834} INFO - Setting next_dagrun for example_short_circuit_decorator to 2024-02-29 00:00:00+00:00, run_after=2024-03-01 00:00:00+00:00
[2024-03-01T16:21:24.006+0530] {processor.py:183} INFO - Processing /home/akranth/airflow/airflow_env/lib/python3.11/site-packages/airflow/example_dags/example_short_circuit_decorator.py took 0.234 seconds
[2024-03-01T16:22:27.500+0530] {processor.py:161} INFO - Started process (PID=7491) to work on /home/akranth/airflow/airflow_env/lib/python3.11/site-packages/airflow/example_dags/example_short_circuit_decorator.py
[2024-03-01T16:22:27.511+0530] {processor.py:830} INFO - Processing file /home/akranth/airflow/airflow_env/lib/python3.11/site-packages/airflow/example_dags/example_short_circuit_decorator.py for tasks to queue
[2024-03-01T16:22:27.513+0530] {logging_mixin.py:188} INFO - [2024-03-01T16:22:27.512+0530] {dagbag.py:540} INFO - Filling up the DagBag from /home/akranth/airflow/airflow_env/lib/python3.11/site-packages/airflow/example_dags/example_short_circuit_decorator.py
[2024-03-01T16:22:27.534+0530] {processor.py:840} INFO - DAG(s) 'example_short_circuit_decorator' retrieved from /home/akranth/airflow/airflow_env/lib/python3.11/site-packages/airflow/example_dags/example_short_circuit_decorator.py
[2024-03-01T16:22:27.547+0530] {logging_mixin.py:188} INFO - [2024-03-01T16:22:27.547+0530] {dag.py:3047} INFO - Sync 1 DAGs
[2024-03-01T16:22:27.561+0530] {logging_mixin.py:188} INFO - [2024-03-01T16:22:27.561+0530] {dag.py:3834} INFO - Setting next_dagrun for example_short_circuit_decorator to 2024-02-29 00:00:00+00:00, run_after=2024-03-01 00:00:00+00:00
[2024-03-01T16:22:27.718+0530] {processor.py:183} INFO - Processing /home/akranth/airflow/airflow_env/lib/python3.11/site-packages/airflow/example_dags/example_short_circuit_decorator.py took 0.219 seconds
[2024-03-01T16:23:25.043+0530] {processor.py:161} INFO - Started process (PID=7549) to work on /home/akranth/airflow/airflow_env/lib/python3.11/site-packages/airflow/example_dags/example_short_circuit_decorator.py
[2024-03-01T16:23:25.130+0530] {processor.py:830} INFO - Processing file /home/akranth/airflow/airflow_env/lib/python3.11/site-packages/airflow/example_dags/example_short_circuit_decorator.py for tasks to queue
[2024-03-01T16:23:25.133+0530] {logging_mixin.py:188} INFO - [2024-03-01T16:23:25.132+0530] {dagbag.py:540} INFO - Filling up the DagBag from /home/akranth/airflow/airflow_env/lib/python3.11/site-packages/airflow/example_dags/example_short_circuit_decorator.py
[2024-03-01T16:23:25.142+0530] {processor.py:840} INFO - DAG(s) 'example_short_circuit_decorator' retrieved from /home/akranth/airflow/airflow_env/lib/python3.11/site-packages/airflow/example_dags/example_short_circuit_decorator.py
[2024-03-01T16:23:25.156+0530] {logging_mixin.py:188} INFO - [2024-03-01T16:23:25.156+0530] {dag.py:3047} INFO - Sync 1 DAGs
[2024-03-01T16:23:25.171+0530] {logging_mixin.py:188} INFO - [2024-03-01T16:23:25.171+0530] {dag.py:3834} INFO - Setting next_dagrun for example_short_circuit_decorator to 2024-02-29 00:00:00+00:00, run_after=2024-03-01 00:00:00+00:00
[2024-03-01T16:23:25.268+0530] {processor.py:183} INFO - Processing /home/akranth/airflow/airflow_env/lib/python3.11/site-packages/airflow/example_dags/example_short_circuit_decorator.py took 0.228 seconds
[2024-03-01T16:24:24.566+0530] {processor.py:161} INFO - Started process (PID=7604) to work on /home/akranth/airflow/airflow_env/lib/python3.11/site-packages/airflow/example_dags/example_short_circuit_decorator.py
[2024-03-01T16:24:24.566+0530] {processor.py:830} INFO - Processing file /home/akranth/airflow/airflow_env/lib/python3.11/site-packages/airflow/example_dags/example_short_circuit_decorator.py for tasks to queue
[2024-03-01T16:24:24.567+0530] {logging_mixin.py:188} INFO - [2024-03-01T16:24:24.567+0530] {dagbag.py:540} INFO - Filling up the DagBag from /home/akranth/airflow/airflow_env/lib/python3.11/site-packages/airflow/example_dags/example_short_circuit_decorator.py
[2024-03-01T16:24:24.575+0530] {processor.py:840} INFO - DAG(s) 'example_short_circuit_decorator' retrieved from /home/akranth/airflow/airflow_env/lib/python3.11/site-packages/airflow/example_dags/example_short_circuit_decorator.py
[2024-03-01T16:24:24.591+0530] {logging_mixin.py:188} INFO - [2024-03-01T16:24:24.591+0530] {dag.py:3047} INFO - Sync 1 DAGs
[2024-03-01T16:24:24.610+0530] {logging_mixin.py:188} INFO - [2024-03-01T16:24:24.609+0530] {dag.py:3834} INFO - Setting next_dagrun for example_short_circuit_decorator to 2024-02-29 00:00:00+00:00, run_after=2024-03-01 00:00:00+00:00
[2024-03-01T16:24:24.809+0530] {processor.py:183} INFO - Processing /home/akranth/airflow/airflow_env/lib/python3.11/site-packages/airflow/example_dags/example_short_circuit_decorator.py took 0.246 seconds
[2024-03-01T16:25:30.139+0530] {processor.py:161} INFO - Started process (PID=7675) to work on /home/akranth/airflow/airflow_env/lib/python3.11/site-packages/airflow/example_dags/example_short_circuit_decorator.py
[2024-03-01T16:25:30.140+0530] {processor.py:830} INFO - Processing file /home/akranth/airflow/airflow_env/lib/python3.11/site-packages/airflow/example_dags/example_short_circuit_decorator.py for tasks to queue
[2024-03-01T16:25:30.140+0530] {logging_mixin.py:188} INFO - [2024-03-01T16:25:30.140+0530] {dagbag.py:540} INFO - Filling up the DagBag from /home/akranth/airflow/airflow_env/lib/python3.11/site-packages/airflow/example_dags/example_short_circuit_decorator.py
[2024-03-01T16:25:30.148+0530] {processor.py:840} INFO - DAG(s) 'example_short_circuit_decorator' retrieved from /home/akranth/airflow/airflow_env/lib/python3.11/site-packages/airflow/example_dags/example_short_circuit_decorator.py
[2024-03-01T16:25:30.161+0530] {logging_mixin.py:188} INFO - [2024-03-01T16:25:30.161+0530] {dag.py:3047} INFO - Sync 1 DAGs
[2024-03-01T16:25:30.175+0530] {logging_mixin.py:188} INFO - [2024-03-01T16:25:30.174+0530] {dag.py:3834} INFO - Setting next_dagrun for example_short_circuit_decorator to 2024-02-29 00:00:00+00:00, run_after=2024-03-01 00:00:00+00:00
[2024-03-01T16:25:30.361+0530] {processor.py:183} INFO - Processing /home/akranth/airflow/airflow_env/lib/python3.11/site-packages/airflow/example_dags/example_short_circuit_decorator.py took 0.224 seconds
[2024-03-01T16:26:29.792+0530] {processor.py:161} INFO - Started process (PID=7740) to work on /home/akranth/airflow/airflow_env/lib/python3.11/site-packages/airflow/example_dags/example_short_circuit_decorator.py
[2024-03-01T16:26:29.794+0530] {processor.py:830} INFO - Processing file /home/akranth/airflow/airflow_env/lib/python3.11/site-packages/airflow/example_dags/example_short_circuit_decorator.py for tasks to queue
[2024-03-01T16:26:29.795+0530] {logging_mixin.py:188} INFO - [2024-03-01T16:26:29.794+0530] {dagbag.py:540} INFO - Filling up the DagBag from /home/akranth/airflow/airflow_env/lib/python3.11/site-packages/airflow/example_dags/example_short_circuit_decorator.py
[2024-03-01T16:26:29.811+0530] {processor.py:840} INFO - DAG(s) 'example_short_circuit_decorator' retrieved from /home/akranth/airflow/airflow_env/lib/python3.11/site-packages/airflow/example_dags/example_short_circuit_decorator.py
[2024-03-01T16:26:29.830+0530] {logging_mixin.py:188} INFO - [2024-03-01T16:26:29.830+0530] {dag.py:3047} INFO - Sync 1 DAGs
[2024-03-01T16:26:29.844+0530] {logging_mixin.py:188} INFO - [2024-03-01T16:26:29.844+0530] {dag.py:3834} INFO - Setting next_dagrun for example_short_circuit_decorator to 2024-02-29 00:00:00+00:00, run_after=2024-03-01 00:00:00+00:00
[2024-03-01T16:26:29.938+0530] {processor.py:183} INFO - Processing /home/akranth/airflow/airflow_env/lib/python3.11/site-packages/airflow/example_dags/example_short_circuit_decorator.py took 0.149 seconds
[2024-03-01T16:27:26.492+0530] {processor.py:161} INFO - Started process (PID=7802) to work on /home/akranth/airflow/airflow_env/lib/python3.11/site-packages/airflow/example_dags/example_short_circuit_decorator.py
[2024-03-01T16:27:26.493+0530] {processor.py:830} INFO - Processing file /home/akranth/airflow/airflow_env/lib/python3.11/site-packages/airflow/example_dags/example_short_circuit_decorator.py for tasks to queue
[2024-03-01T16:27:26.494+0530] {logging_mixin.py:188} INFO - [2024-03-01T16:27:26.493+0530] {dagbag.py:540} INFO - Filling up the DagBag from /home/akranth/airflow/airflow_env/lib/python3.11/site-packages/airflow/example_dags/example_short_circuit_decorator.py
[2024-03-01T16:27:26.503+0530] {processor.py:840} INFO - DAG(s) 'example_short_circuit_decorator' retrieved from /home/akranth/airflow/airflow_env/lib/python3.11/site-packages/airflow/example_dags/example_short_circuit_decorator.py
[2024-03-01T16:27:26.525+0530] {logging_mixin.py:188} INFO - [2024-03-01T16:27:26.525+0530] {dag.py:3047} INFO - Sync 1 DAGs
[2024-03-01T16:27:26.543+0530] {logging_mixin.py:188} INFO - [2024-03-01T16:27:26.543+0530] {dag.py:3834} INFO - Setting next_dagrun for example_short_circuit_decorator to 2024-02-29 00:00:00+00:00, run_after=2024-03-01 00:00:00+00:00
[2024-03-01T16:27:26.925+0530] {processor.py:183} INFO - Processing /home/akranth/airflow/airflow_env/lib/python3.11/site-packages/airflow/example_dags/example_short_circuit_decorator.py took 0.434 seconds
[2024-03-01T16:28:26.507+0530] {processor.py:161} INFO - Started process (PID=7877) to work on /home/akranth/airflow/airflow_env/lib/python3.11/site-packages/airflow/example_dags/example_short_circuit_decorator.py
[2024-03-01T16:28:26.521+0530] {processor.py:830} INFO - Processing file /home/akranth/airflow/airflow_env/lib/python3.11/site-packages/airflow/example_dags/example_short_circuit_decorator.py for tasks to queue
[2024-03-01T16:28:26.522+0530] {logging_mixin.py:188} INFO - [2024-03-01T16:28:26.522+0530] {dagbag.py:540} INFO - Filling up the DagBag from /home/akranth/airflow/airflow_env/lib/python3.11/site-packages/airflow/example_dags/example_short_circuit_decorator.py
[2024-03-01T16:28:26.533+0530] {processor.py:840} INFO - DAG(s) 'example_short_circuit_decorator' retrieved from /home/akranth/airflow/airflow_env/lib/python3.11/site-packages/airflow/example_dags/example_short_circuit_decorator.py
[2024-03-01T16:28:26.555+0530] {logging_mixin.py:188} INFO - [2024-03-01T16:28:26.555+0530] {dag.py:3047} INFO - Sync 1 DAGs
[2024-03-01T16:28:26.574+0530] {logging_mixin.py:188} INFO - [2024-03-01T16:28:26.574+0530] {dag.py:3834} INFO - Setting next_dagrun for example_short_circuit_decorator to 2024-02-29 00:00:00+00:00, run_after=2024-03-01 00:00:00+00:00
[2024-03-01T16:28:26.685+0530] {processor.py:183} INFO - Processing /home/akranth/airflow/airflow_env/lib/python3.11/site-packages/airflow/example_dags/example_short_circuit_decorator.py took 0.181 seconds
[2024-03-01T16:29:48.748+0530] {processor.py:161} INFO - Started process (PID=7975) to work on /home/akranth/airflow/airflow_env/lib/python3.11/site-packages/airflow/example_dags/example_short_circuit_decorator.py
[2024-03-01T16:29:48.748+0530] {processor.py:830} INFO - Processing file /home/akranth/airflow/airflow_env/lib/python3.11/site-packages/airflow/example_dags/example_short_circuit_decorator.py for tasks to queue
[2024-03-01T16:29:48.749+0530] {logging_mixin.py:188} INFO - [2024-03-01T16:29:48.749+0530] {dagbag.py:540} INFO - Filling up the DagBag from /home/akranth/airflow/airflow_env/lib/python3.11/site-packages/airflow/example_dags/example_short_circuit_decorator.py
[2024-03-01T16:29:48.758+0530] {processor.py:840} INFO - DAG(s) 'example_short_circuit_decorator' retrieved from /home/akranth/airflow/airflow_env/lib/python3.11/site-packages/airflow/example_dags/example_short_circuit_decorator.py
[2024-03-01T16:29:48.775+0530] {logging_mixin.py:188} INFO - [2024-03-01T16:29:48.775+0530] {dag.py:3047} INFO - Sync 1 DAGs
[2024-03-01T16:29:48.790+0530] {logging_mixin.py:188} INFO - [2024-03-01T16:29:48.790+0530] {dag.py:3834} INFO - Setting next_dagrun for example_short_circuit_decorator to 2024-02-29 00:00:00+00:00, run_after=2024-03-01 00:00:00+00:00
[2024-03-01T16:29:48.977+0530] {processor.py:183} INFO - Processing /home/akranth/airflow/airflow_env/lib/python3.11/site-packages/airflow/example_dags/example_short_circuit_decorator.py took 0.231 seconds
[2024-03-01T16:31:11.863+0530] {processor.py:161} INFO - Started process (PID=8296) to work on /home/akranth/airflow/airflow_env/lib/python3.11/site-packages/airflow/example_dags/example_short_circuit_decorator.py
[2024-03-01T16:31:11.884+0530] {processor.py:830} INFO - Processing file /home/akranth/airflow/airflow_env/lib/python3.11/site-packages/airflow/example_dags/example_short_circuit_decorator.py for tasks to queue
[2024-03-01T16:31:11.887+0530] {logging_mixin.py:188} INFO - [2024-03-01T16:31:11.886+0530] {dagbag.py:540} INFO - Filling up the DagBag from /home/akranth/airflow/airflow_env/lib/python3.11/site-packages/airflow/example_dags/example_short_circuit_decorator.py
[2024-03-01T16:31:11.911+0530] {processor.py:840} INFO - DAG(s) 'example_short_circuit_decorator' retrieved from /home/akranth/airflow/airflow_env/lib/python3.11/site-packages/airflow/example_dags/example_short_circuit_decorator.py
[2024-03-01T16:31:11.931+0530] {logging_mixin.py:188} INFO - [2024-03-01T16:31:11.931+0530] {dag.py:3047} INFO - Sync 1 DAGs
[2024-03-01T16:31:11.946+0530] {logging_mixin.py:188} INFO - [2024-03-01T16:31:11.946+0530] {dag.py:3834} INFO - Setting next_dagrun for example_short_circuit_decorator to 2024-02-29 00:00:00+00:00, run_after=2024-03-01 00:00:00+00:00
[2024-03-01T16:31:12.093+0530] {processor.py:183} INFO - Processing /home/akranth/airflow/airflow_env/lib/python3.11/site-packages/airflow/example_dags/example_short_circuit_decorator.py took 0.232 seconds
[2024-03-01T16:32:50.215+0530] {processor.py:161} INFO - Started process (PID=9298) to work on /home/akranth/airflow/airflow_env/lib/python3.11/site-packages/airflow/example_dags/example_short_circuit_decorator.py
[2024-03-01T16:32:50.225+0530] {processor.py:830} INFO - Processing file /home/akranth/airflow/airflow_env/lib/python3.11/site-packages/airflow/example_dags/example_short_circuit_decorator.py for tasks to queue
[2024-03-01T16:32:50.228+0530] {logging_mixin.py:188} INFO - [2024-03-01T16:32:50.227+0530] {dagbag.py:540} INFO - Filling up the DagBag from /home/akranth/airflow/airflow_env/lib/python3.11/site-packages/airflow/example_dags/example_short_circuit_decorator.py
[2024-03-01T16:32:50.243+0530] {processor.py:840} INFO - DAG(s) 'example_short_circuit_decorator' retrieved from /home/akranth/airflow/airflow_env/lib/python3.11/site-packages/airflow/example_dags/example_short_circuit_decorator.py
[2024-03-01T16:32:50.259+0530] {logging_mixin.py:188} INFO - [2024-03-01T16:32:50.258+0530] {dag.py:3047} INFO - Sync 1 DAGs
[2024-03-01T16:32:50.275+0530] {logging_mixin.py:188} INFO - [2024-03-01T16:32:50.275+0530] {dag.py:3834} INFO - Setting next_dagrun for example_short_circuit_decorator to 2024-02-29 00:00:00+00:00, run_after=2024-03-01 00:00:00+00:00
[2024-03-01T16:32:50.389+0530] {processor.py:183} INFO - Processing /home/akranth/airflow/airflow_env/lib/python3.11/site-packages/airflow/example_dags/example_short_circuit_decorator.py took 0.177 seconds
[2024-03-01T16:34:12.509+0530] {processor.py:161} INFO - Started process (PID=9440) to work on /home/akranth/airflow/airflow_env/lib/python3.11/site-packages/airflow/example_dags/example_short_circuit_decorator.py
[2024-03-01T16:34:12.521+0530] {processor.py:830} INFO - Processing file /home/akranth/airflow/airflow_env/lib/python3.11/site-packages/airflow/example_dags/example_short_circuit_decorator.py for tasks to queue
[2024-03-01T16:34:12.522+0530] {logging_mixin.py:188} INFO - [2024-03-01T16:34:12.522+0530] {dagbag.py:540} INFO - Filling up the DagBag from /home/akranth/airflow/airflow_env/lib/python3.11/site-packages/airflow/example_dags/example_short_circuit_decorator.py
[2024-03-01T16:34:12.533+0530] {processor.py:840} INFO - DAG(s) 'example_short_circuit_decorator' retrieved from /home/akranth/airflow/airflow_env/lib/python3.11/site-packages/airflow/example_dags/example_short_circuit_decorator.py
[2024-03-01T16:34:12.550+0530] {logging_mixin.py:188} INFO - [2024-03-01T16:34:12.550+0530] {dag.py:3047} INFO - Sync 1 DAGs
[2024-03-01T16:34:12.573+0530] {logging_mixin.py:188} INFO - [2024-03-01T16:34:12.572+0530] {dag.py:3834} INFO - Setting next_dagrun for example_short_circuit_decorator to 2024-02-29 00:00:00+00:00, run_after=2024-03-01 00:00:00+00:00
[2024-03-01T16:34:12.872+0530] {processor.py:183} INFO - Processing /home/akranth/airflow/airflow_env/lib/python3.11/site-packages/airflow/example_dags/example_short_circuit_decorator.py took 0.367 seconds
[2024-03-01T16:35:17.239+0530] {processor.py:161} INFO - Started process (PID=9621) to work on /home/akranth/airflow/airflow_env/lib/python3.11/site-packages/airflow/example_dags/example_short_circuit_decorator.py
[2024-03-01T16:35:17.241+0530] {processor.py:830} INFO - Processing file /home/akranth/airflow/airflow_env/lib/python3.11/site-packages/airflow/example_dags/example_short_circuit_decorator.py for tasks to queue
[2024-03-01T16:35:17.243+0530] {logging_mixin.py:188} INFO - [2024-03-01T16:35:17.242+0530] {dagbag.py:540} INFO - Filling up the DagBag from /home/akranth/airflow/airflow_env/lib/python3.11/site-packages/airflow/example_dags/example_short_circuit_decorator.py
[2024-03-01T16:35:17.265+0530] {processor.py:840} INFO - DAG(s) 'example_short_circuit_decorator' retrieved from /home/akranth/airflow/airflow_env/lib/python3.11/site-packages/airflow/example_dags/example_short_circuit_decorator.py
[2024-03-01T16:35:17.286+0530] {logging_mixin.py:188} INFO - [2024-03-01T16:35:17.286+0530] {dag.py:3047} INFO - Sync 1 DAGs
[2024-03-01T16:35:17.304+0530] {logging_mixin.py:188} INFO - [2024-03-01T16:35:17.304+0530] {dag.py:3834} INFO - Setting next_dagrun for example_short_circuit_decorator to 2024-02-29 00:00:00+00:00, run_after=2024-03-01 00:00:00+00:00
[2024-03-01T16:35:17.424+0530] {processor.py:183} INFO - Processing /home/akranth/airflow/airflow_env/lib/python3.11/site-packages/airflow/example_dags/example_short_circuit_decorator.py took 0.193 seconds
