[2024-03-01T16:18:55.419+0530] {processor.py:161} INFO - Started process (PID=7161) to work on /home/akranth/airflow/airflow_env/lib/python3.11/site-packages/airflow/example_dags/example_complex.py
[2024-03-01T16:18:55.420+0530] {processor.py:830} INFO - Processing file /home/akranth/airflow/airflow_env/lib/python3.11/site-packages/airflow/example_dags/example_complex.py for tasks to queue
[2024-03-01T16:18:55.421+0530] {logging_mixin.py:188} INFO - [2024-03-01T16:18:55.421+0530] {dagbag.py:540} INFO - Filling up the DagBag from /home/akranth/airflow/airflow_env/lib/python3.11/site-packages/airflow/example_dags/example_complex.py
[2024-03-01T16:18:55.432+0530] {processor.py:840} INFO - DAG(s) 'example_complex' retrieved from /home/akranth/airflow/airflow_env/lib/python3.11/site-packages/airflow/example_dags/example_complex.py
[2024-03-01T16:18:55.654+0530] {logging_mixin.py:188} INFO - [2024-03-01T16:18:55.654+0530] {dag.py:3047} INFO - Sync 1 DAGs
[2024-03-01T16:18:55.663+0530] {logging_mixin.py:188} INFO - [2024-03-01T16:18:55.662+0530] {dag.py:3834} INFO - Setting next_dagrun for example_complex to None, run_after=None
[2024-03-01T16:18:55.900+0530] {processor.py:183} INFO - Processing /home/akranth/airflow/airflow_env/lib/python3.11/site-packages/airflow/example_dags/example_complex.py took 0.484 seconds
[2024-03-01T16:20:05.486+0530] {processor.py:161} INFO - Started process (PID=7261) to work on /home/akranth/airflow/airflow_env/lib/python3.11/site-packages/airflow/example_dags/example_complex.py
[2024-03-01T16:20:05.487+0530] {processor.py:830} INFO - Processing file /home/akranth/airflow/airflow_env/lib/python3.11/site-packages/airflow/example_dags/example_complex.py for tasks to queue
[2024-03-01T16:20:05.488+0530] {logging_mixin.py:188} INFO - [2024-03-01T16:20:05.488+0530] {dagbag.py:540} INFO - Filling up the DagBag from /home/akranth/airflow/airflow_env/lib/python3.11/site-packages/airflow/example_dags/example_complex.py
[2024-03-01T16:20:05.497+0530] {processor.py:840} INFO - DAG(s) 'example_complex' retrieved from /home/akranth/airflow/airflow_env/lib/python3.11/site-packages/airflow/example_dags/example_complex.py
[2024-03-01T16:20:05.515+0530] {logging_mixin.py:188} INFO - [2024-03-01T16:20:05.515+0530] {dag.py:3047} INFO - Sync 1 DAGs
[2024-03-01T16:20:05.523+0530] {logging_mixin.py:188} INFO - [2024-03-01T16:20:05.522+0530] {dag.py:3834} INFO - Setting next_dagrun for example_complex to None, run_after=None
[2024-03-01T16:20:05.716+0530] {processor.py:183} INFO - Processing /home/akranth/airflow/airflow_env/lib/python3.11/site-packages/airflow/example_dags/example_complex.py took 0.232 seconds
[2024-03-01T16:21:05.189+0530] {processor.py:161} INFO - Started process (PID=7394) to work on /home/akranth/airflow/airflow_env/lib/python3.11/site-packages/airflow/example_dags/example_complex.py
[2024-03-01T16:21:05.190+0530] {processor.py:830} INFO - Processing file /home/akranth/airflow/airflow_env/lib/python3.11/site-packages/airflow/example_dags/example_complex.py for tasks to queue
[2024-03-01T16:21:05.191+0530] {logging_mixin.py:188} INFO - [2024-03-01T16:21:05.190+0530] {dagbag.py:540} INFO - Filling up the DagBag from /home/akranth/airflow/airflow_env/lib/python3.11/site-packages/airflow/example_dags/example_complex.py
[2024-03-01T16:21:05.199+0530] {processor.py:840} INFO - DAG(s) 'example_complex' retrieved from /home/akranth/airflow/airflow_env/lib/python3.11/site-packages/airflow/example_dags/example_complex.py
[2024-03-01T16:21:05.219+0530] {logging_mixin.py:188} INFO - [2024-03-01T16:21:05.219+0530] {dag.py:3047} INFO - Sync 1 DAGs
[2024-03-01T16:21:05.227+0530] {logging_mixin.py:188} INFO - [2024-03-01T16:21:05.227+0530] {dag.py:3834} INFO - Setting next_dagrun for example_complex to None, run_after=None
[2024-03-01T16:21:05.334+0530] {processor.py:183} INFO - Processing /home/akranth/airflow/airflow_env/lib/python3.11/site-packages/airflow/example_dags/example_complex.py took 0.148 seconds
[2024-03-01T16:22:07.447+0530] {processor.py:161} INFO - Started process (PID=7463) to work on /home/akranth/airflow/airflow_env/lib/python3.11/site-packages/airflow/example_dags/example_complex.py
[2024-03-01T16:22:07.531+0530] {processor.py:830} INFO - Processing file /home/akranth/airflow/airflow_env/lib/python3.11/site-packages/airflow/example_dags/example_complex.py for tasks to queue
[2024-03-01T16:22:07.533+0530] {logging_mixin.py:188} INFO - [2024-03-01T16:22:07.532+0530] {dagbag.py:540} INFO - Filling up the DagBag from /home/akranth/airflow/airflow_env/lib/python3.11/site-packages/airflow/example_dags/example_complex.py
[2024-03-01T16:22:07.563+0530] {processor.py:840} INFO - DAG(s) 'example_complex' retrieved from /home/akranth/airflow/airflow_env/lib/python3.11/site-packages/airflow/example_dags/example_complex.py
[2024-03-01T16:22:07.590+0530] {logging_mixin.py:188} INFO - [2024-03-01T16:22:07.590+0530] {dag.py:3047} INFO - Sync 1 DAGs
[2024-03-01T16:22:07.604+0530] {logging_mixin.py:188} INFO - [2024-03-01T16:22:07.604+0530] {dag.py:3834} INFO - Setting next_dagrun for example_complex to None, run_after=None
[2024-03-01T16:22:07.729+0530] {processor.py:183} INFO - Processing /home/akranth/airflow/airflow_env/lib/python3.11/site-packages/airflow/example_dags/example_complex.py took 0.285 seconds
[2024-03-01T16:23:06.757+0530] {processor.py:161} INFO - Started process (PID=7524) to work on /home/akranth/airflow/airflow_env/lib/python3.11/site-packages/airflow/example_dags/example_complex.py
[2024-03-01T16:23:06.768+0530] {processor.py:830} INFO - Processing file /home/akranth/airflow/airflow_env/lib/python3.11/site-packages/airflow/example_dags/example_complex.py for tasks to queue
[2024-03-01T16:23:06.770+0530] {logging_mixin.py:188} INFO - [2024-03-01T16:23:06.769+0530] {dagbag.py:540} INFO - Filling up the DagBag from /home/akranth/airflow/airflow_env/lib/python3.11/site-packages/airflow/example_dags/example_complex.py
[2024-03-01T16:23:06.780+0530] {processor.py:840} INFO - DAG(s) 'example_complex' retrieved from /home/akranth/airflow/airflow_env/lib/python3.11/site-packages/airflow/example_dags/example_complex.py
[2024-03-01T16:23:06.797+0530] {logging_mixin.py:188} INFO - [2024-03-01T16:23:06.797+0530] {dag.py:3047} INFO - Sync 1 DAGs
[2024-03-01T16:23:06.806+0530] {logging_mixin.py:188} INFO - [2024-03-01T16:23:06.805+0530] {dag.py:3834} INFO - Setting next_dagrun for example_complex to None, run_after=None
[2024-03-01T16:23:06.902+0530] {processor.py:183} INFO - Processing /home/akranth/airflow/airflow_env/lib/python3.11/site-packages/airflow/example_dags/example_complex.py took 0.147 seconds
[2024-03-01T16:24:06.805+0530] {processor.py:161} INFO - Started process (PID=7583) to work on /home/akranth/airflow/airflow_env/lib/python3.11/site-packages/airflow/example_dags/example_complex.py
[2024-03-01T16:24:06.892+0530] {processor.py:830} INFO - Processing file /home/akranth/airflow/airflow_env/lib/python3.11/site-packages/airflow/example_dags/example_complex.py for tasks to queue
[2024-03-01T16:24:06.894+0530] {logging_mixin.py:188} INFO - [2024-03-01T16:24:06.894+0530] {dagbag.py:540} INFO - Filling up the DagBag from /home/akranth/airflow/airflow_env/lib/python3.11/site-packages/airflow/example_dags/example_complex.py
[2024-03-01T16:24:06.922+0530] {processor.py:840} INFO - DAG(s) 'example_complex' retrieved from /home/akranth/airflow/airflow_env/lib/python3.11/site-packages/airflow/example_dags/example_complex.py
[2024-03-01T16:24:06.948+0530] {logging_mixin.py:188} INFO - [2024-03-01T16:24:06.948+0530] {dag.py:3047} INFO - Sync 1 DAGs
[2024-03-01T16:24:06.958+0530] {logging_mixin.py:188} INFO - [2024-03-01T16:24:06.958+0530] {dag.py:3834} INFO - Setting next_dagrun for example_complex to None, run_after=None
[2024-03-01T16:24:07.070+0530] {processor.py:183} INFO - Processing /home/akranth/airflow/airflow_env/lib/python3.11/site-packages/airflow/example_dags/example_complex.py took 0.268 seconds
[2024-03-01T16:25:12.495+0530] {processor.py:161} INFO - Started process (PID=7652) to work on /home/akranth/airflow/airflow_env/lib/python3.11/site-packages/airflow/example_dags/example_complex.py
[2024-03-01T16:25:12.588+0530] {processor.py:830} INFO - Processing file /home/akranth/airflow/airflow_env/lib/python3.11/site-packages/airflow/example_dags/example_complex.py for tasks to queue
[2024-03-01T16:25:12.590+0530] {logging_mixin.py:188} INFO - [2024-03-01T16:25:12.589+0530] {dagbag.py:540} INFO - Filling up the DagBag from /home/akranth/airflow/airflow_env/lib/python3.11/site-packages/airflow/example_dags/example_complex.py
[2024-03-01T16:25:12.600+0530] {processor.py:840} INFO - DAG(s) 'example_complex' retrieved from /home/akranth/airflow/airflow_env/lib/python3.11/site-packages/airflow/example_dags/example_complex.py
[2024-03-01T16:25:12.618+0530] {logging_mixin.py:188} INFO - [2024-03-01T16:25:12.618+0530] {dag.py:3047} INFO - Sync 1 DAGs
[2024-03-01T16:25:12.626+0530] {logging_mixin.py:188} INFO - [2024-03-01T16:25:12.626+0530] {dag.py:3834} INFO - Setting next_dagrun for example_complex to None, run_after=None
[2024-03-01T16:25:12.716+0530] {processor.py:183} INFO - Processing /home/akranth/airflow/airflow_env/lib/python3.11/site-packages/airflow/example_dags/example_complex.py took 0.224 seconds
[2024-03-01T16:26:15.794+0530] {processor.py:161} INFO - Started process (PID=7724) to work on /home/akranth/airflow/airflow_env/lib/python3.11/site-packages/airflow/example_dags/example_complex.py
[2024-03-01T16:26:15.829+0530] {processor.py:830} INFO - Processing file /home/akranth/airflow/airflow_env/lib/python3.11/site-packages/airflow/example_dags/example_complex.py for tasks to queue
[2024-03-01T16:26:15.830+0530] {logging_mixin.py:188} INFO - [2024-03-01T16:26:15.830+0530] {dagbag.py:540} INFO - Filling up the DagBag from /home/akranth/airflow/airflow_env/lib/python3.11/site-packages/airflow/example_dags/example_complex.py
[2024-03-01T16:26:15.848+0530] {processor.py:840} INFO - DAG(s) 'example_complex' retrieved from /home/akranth/airflow/airflow_env/lib/python3.11/site-packages/airflow/example_dags/example_complex.py
[2024-03-01T16:26:15.880+0530] {logging_mixin.py:188} INFO - [2024-03-01T16:26:15.880+0530] {dag.py:3047} INFO - Sync 1 DAGs
[2024-03-01T16:26:15.889+0530] {logging_mixin.py:188} INFO - [2024-03-01T16:26:15.889+0530] {dag.py:3834} INFO - Setting next_dagrun for example_complex to None, run_after=None
[2024-03-01T16:26:16.010+0530] {processor.py:183} INFO - Processing /home/akranth/airflow/airflow_env/lib/python3.11/site-packages/airflow/example_dags/example_complex.py took 0.218 seconds
[2024-03-01T16:27:11.909+0530] {processor.py:161} INFO - Started process (PID=7787) to work on /home/akranth/airflow/airflow_env/lib/python3.11/site-packages/airflow/example_dags/example_complex.py
[2024-03-01T16:27:11.910+0530] {processor.py:830} INFO - Processing file /home/akranth/airflow/airflow_env/lib/python3.11/site-packages/airflow/example_dags/example_complex.py for tasks to queue
[2024-03-01T16:27:11.911+0530] {logging_mixin.py:188} INFO - [2024-03-01T16:27:11.910+0530] {dagbag.py:540} INFO - Filling up the DagBag from /home/akranth/airflow/airflow_env/lib/python3.11/site-packages/airflow/example_dags/example_complex.py
[2024-03-01T16:27:11.919+0530] {processor.py:840} INFO - DAG(s) 'example_complex' retrieved from /home/akranth/airflow/airflow_env/lib/python3.11/site-packages/airflow/example_dags/example_complex.py
[2024-03-01T16:27:11.937+0530] {logging_mixin.py:188} INFO - [2024-03-01T16:27:11.937+0530] {dag.py:3047} INFO - Sync 1 DAGs
[2024-03-01T16:27:11.945+0530] {logging_mixin.py:188} INFO - [2024-03-01T16:27:11.945+0530] {dag.py:3834} INFO - Setting next_dagrun for example_complex to None, run_after=None
[2024-03-01T16:27:12.103+0530] {processor.py:183} INFO - Processing /home/akranth/airflow/airflow_env/lib/python3.11/site-packages/airflow/example_dags/example_complex.py took 0.196 seconds
[2024-03-01T16:28:45.864+0530] {processor.py:161} INFO - Started process (PID=7896) to work on /home/akranth/airflow/airflow_env/lib/python3.11/site-packages/airflow/example_dags/example_complex.py
[2024-03-01T16:28:45.869+0530] {processor.py:830} INFO - Processing file /home/akranth/airflow/airflow_env/lib/python3.11/site-packages/airflow/example_dags/example_complex.py for tasks to queue
[2024-03-01T16:28:45.871+0530] {logging_mixin.py:188} INFO - [2024-03-01T16:28:45.870+0530] {dagbag.py:540} INFO - Filling up the DagBag from /home/akranth/airflow/airflow_env/lib/python3.11/site-packages/airflow/example_dags/example_complex.py
[2024-03-01T16:28:45.897+0530] {processor.py:840} INFO - DAG(s) 'example_complex' retrieved from /home/akranth/airflow/airflow_env/lib/python3.11/site-packages/airflow/example_dags/example_complex.py
[2024-03-01T16:28:45.920+0530] {logging_mixin.py:188} INFO - [2024-03-01T16:28:45.920+0530] {dag.py:3047} INFO - Sync 1 DAGs
[2024-03-01T16:28:45.928+0530] {logging_mixin.py:188} INFO - [2024-03-01T16:28:45.928+0530] {dag.py:3834} INFO - Setting next_dagrun for example_complex to None, run_after=None
[2024-03-01T16:28:46.137+0530] {processor.py:183} INFO - Processing /home/akranth/airflow/airflow_env/lib/python3.11/site-packages/airflow/example_dags/example_complex.py took 0.275 seconds
[2024-03-01T16:30:07.000+0530] {processor.py:161} INFO - Started process (PID=7990) to work on /home/akranth/airflow/airflow_env/lib/python3.11/site-packages/airflow/example_dags/example_complex.py
[2024-03-01T16:30:07.093+0530] {processor.py:830} INFO - Processing file /home/akranth/airflow/airflow_env/lib/python3.11/site-packages/airflow/example_dags/example_complex.py for tasks to queue
[2024-03-01T16:30:07.095+0530] {logging_mixin.py:188} INFO - [2024-03-01T16:30:07.094+0530] {dagbag.py:540} INFO - Filling up the DagBag from /home/akranth/airflow/airflow_env/lib/python3.11/site-packages/airflow/example_dags/example_complex.py
[2024-03-01T16:30:07.119+0530] {processor.py:840} INFO - DAG(s) 'example_complex' retrieved from /home/akranth/airflow/airflow_env/lib/python3.11/site-packages/airflow/example_dags/example_complex.py
[2024-03-01T16:30:07.148+0530] {logging_mixin.py:188} INFO - [2024-03-01T16:30:07.148+0530] {dag.py:3047} INFO - Sync 1 DAGs
[2024-03-01T16:30:07.163+0530] {logging_mixin.py:188} INFO - [2024-03-01T16:30:07.162+0530] {dag.py:3834} INFO - Setting next_dagrun for example_complex to None, run_after=None
[2024-03-01T16:30:07.308+0530] {processor.py:183} INFO - Processing /home/akranth/airflow/airflow_env/lib/python3.11/site-packages/airflow/example_dags/example_complex.py took 0.312 seconds
[2024-03-01T16:31:27.462+0530] {processor.py:161} INFO - Started process (PID=8539) to work on /home/akranth/airflow/airflow_env/lib/python3.11/site-packages/airflow/example_dags/example_complex.py
[2024-03-01T16:31:27.474+0530] {processor.py:830} INFO - Processing file /home/akranth/airflow/airflow_env/lib/python3.11/site-packages/airflow/example_dags/example_complex.py for tasks to queue
[2024-03-01T16:31:27.475+0530] {logging_mixin.py:188} INFO - [2024-03-01T16:31:27.475+0530] {dagbag.py:540} INFO - Filling up the DagBag from /home/akranth/airflow/airflow_env/lib/python3.11/site-packages/airflow/example_dags/example_complex.py
[2024-03-01T16:31:27.485+0530] {processor.py:840} INFO - DAG(s) 'example_complex' retrieved from /home/akranth/airflow/airflow_env/lib/python3.11/site-packages/airflow/example_dags/example_complex.py
[2024-03-01T16:31:27.511+0530] {logging_mixin.py:188} INFO - [2024-03-01T16:31:27.510+0530] {dag.py:3047} INFO - Sync 1 DAGs
[2024-03-01T16:31:27.522+0530] {logging_mixin.py:188} INFO - [2024-03-01T16:31:27.522+0530] {dag.py:3834} INFO - Setting next_dagrun for example_complex to None, run_after=None
[2024-03-01T16:31:27.679+0530] {processor.py:183} INFO - Processing /home/akranth/airflow/airflow_env/lib/python3.11/site-packages/airflow/example_dags/example_complex.py took 0.220 seconds
[2024-03-01T16:33:11.074+0530] {processor.py:161} INFO - Started process (PID=9336) to work on /home/akranth/airflow/airflow_env/lib/python3.11/site-packages/airflow/example_dags/example_complex.py
[2024-03-01T16:33:11.111+0530] {processor.py:830} INFO - Processing file /home/akranth/airflow/airflow_env/lib/python3.11/site-packages/airflow/example_dags/example_complex.py for tasks to queue
[2024-03-01T16:33:11.112+0530] {logging_mixin.py:188} INFO - [2024-03-01T16:33:11.112+0530] {dagbag.py:540} INFO - Filling up the DagBag from /home/akranth/airflow/airflow_env/lib/python3.11/site-packages/airflow/example_dags/example_complex.py
[2024-03-01T16:33:11.122+0530] {processor.py:840} INFO - DAG(s) 'example_complex' retrieved from /home/akranth/airflow/airflow_env/lib/python3.11/site-packages/airflow/example_dags/example_complex.py
[2024-03-01T16:33:11.148+0530] {logging_mixin.py:188} INFO - [2024-03-01T16:33:11.148+0530] {dag.py:3047} INFO - Sync 1 DAGs
[2024-03-01T16:33:11.157+0530] {logging_mixin.py:188} INFO - [2024-03-01T16:33:11.157+0530] {dag.py:3834} INFO - Setting next_dagrun for example_complex to None, run_after=None
[2024-03-01T16:33:11.261+0530] {processor.py:183} INFO - Processing /home/akranth/airflow/airflow_env/lib/python3.11/site-packages/airflow/example_dags/example_complex.py took 0.189 seconds
[2024-03-01T16:34:36.206+0530] {processor.py:161} INFO - Started process (PID=9536) to work on /home/akranth/airflow/airflow_env/lib/python3.11/site-packages/airflow/example_dags/example_complex.py
[2024-03-01T16:34:36.218+0530] {processor.py:830} INFO - Processing file /home/akranth/airflow/airflow_env/lib/python3.11/site-packages/airflow/example_dags/example_complex.py for tasks to queue
[2024-03-01T16:34:36.221+0530] {logging_mixin.py:188} INFO - [2024-03-01T16:34:36.220+0530] {dagbag.py:540} INFO - Filling up the DagBag from /home/akranth/airflow/airflow_env/lib/python3.11/site-packages/airflow/example_dags/example_complex.py
[2024-03-01T16:34:36.245+0530] {processor.py:840} INFO - DAG(s) 'example_complex' retrieved from /home/akranth/airflow/airflow_env/lib/python3.11/site-packages/airflow/example_dags/example_complex.py
[2024-03-01T16:34:36.269+0530] {logging_mixin.py:188} INFO - [2024-03-01T16:34:36.269+0530] {dag.py:3047} INFO - Sync 1 DAGs
[2024-03-01T16:34:36.280+0530] {logging_mixin.py:188} INFO - [2024-03-01T16:34:36.279+0530] {dag.py:3834} INFO - Setting next_dagrun for example_complex to None, run_after=None
[2024-03-01T16:34:36.392+0530] {processor.py:183} INFO - Processing /home/akranth/airflow/airflow_env/lib/python3.11/site-packages/airflow/example_dags/example_complex.py took 0.193 seconds
