[2024-03-01T16:17:57.777+0530] {processor.py:161} INFO - Started process (PID=7054) to work on /home/akranth/airflow/airflow_env/lib/python3.11/site-packages/airflow/example_dags/example_params_trigger_ui.py
[2024-03-01T16:17:57.778+0530] {processor.py:830} INFO - Processing file /home/akranth/airflow/airflow_env/lib/python3.11/site-packages/airflow/example_dags/example_params_trigger_ui.py for tasks to queue
[2024-03-01T16:17:57.778+0530] {logging_mixin.py:188} INFO - [2024-03-01T16:17:57.778+0530] {dagbag.py:540} INFO - Filling up the DagBag from /home/akranth/airflow/airflow_env/lib/python3.11/site-packages/airflow/example_dags/example_params_trigger_ui.py
[2024-03-01T16:17:57.790+0530] {processor.py:840} INFO - DAG(s) 'example_params_trigger_ui' retrieved from /home/akranth/airflow/airflow_env/lib/python3.11/site-packages/airflow/example_dags/example_params_trigger_ui.py
[2024-03-01T16:17:57.884+0530] {logging_mixin.py:188} INFO - [2024-03-01T16:17:57.884+0530] {dag.py:3047} INFO - Sync 1 DAGs
[2024-03-01T16:17:57.967+0530] {logging_mixin.py:188} INFO - [2024-03-01T16:17:57.967+0530] {dag.py:3834} INFO - Setting next_dagrun for example_params_trigger_ui to None, run_after=None
[2024-03-01T16:17:58.159+0530] {processor.py:183} INFO - Processing /home/akranth/airflow/airflow_env/lib/python3.11/site-packages/airflow/example_dags/example_params_trigger_ui.py took 0.383 seconds
[2024-03-01T16:19:07.275+0530] {processor.py:161} INFO - Started process (PID=7179) to work on /home/akranth/airflow/airflow_env/lib/python3.11/site-packages/airflow/example_dags/example_params_trigger_ui.py
[2024-03-01T16:19:07.276+0530] {processor.py:830} INFO - Processing file /home/akranth/airflow/airflow_env/lib/python3.11/site-packages/airflow/example_dags/example_params_trigger_ui.py for tasks to queue
[2024-03-01T16:19:07.276+0530] {logging_mixin.py:188} INFO - [2024-03-01T16:19:07.276+0530] {dagbag.py:540} INFO - Filling up the DagBag from /home/akranth/airflow/airflow_env/lib/python3.11/site-packages/airflow/example_dags/example_params_trigger_ui.py
[2024-03-01T16:19:07.288+0530] {processor.py:840} INFO - DAG(s) 'example_params_trigger_ui' retrieved from /home/akranth/airflow/airflow_env/lib/python3.11/site-packages/airflow/example_dags/example_params_trigger_ui.py
[2024-03-01T16:19:07.319+0530] {logging_mixin.py:188} INFO - [2024-03-01T16:19:07.319+0530] {dag.py:3047} INFO - Sync 1 DAGs
[2024-03-01T16:19:07.401+0530] {logging_mixin.py:188} INFO - [2024-03-01T16:19:07.400+0530] {dag.py:3834} INFO - Setting next_dagrun for example_params_trigger_ui to None, run_after=None
[2024-03-01T16:19:07.810+0530] {processor.py:183} INFO - Processing /home/akranth/airflow/airflow_env/lib/python3.11/site-packages/airflow/example_dags/example_params_trigger_ui.py took 0.538 seconds
[2024-03-01T16:20:10.041+0530] {processor.py:161} INFO - Started process (PID=7265) to work on /home/akranth/airflow/airflow_env/lib/python3.11/site-packages/airflow/example_dags/example_params_trigger_ui.py
[2024-03-01T16:20:10.043+0530] {processor.py:830} INFO - Processing file /home/akranth/airflow/airflow_env/lib/python3.11/site-packages/airflow/example_dags/example_params_trigger_ui.py for tasks to queue
[2024-03-01T16:20:10.045+0530] {logging_mixin.py:188} INFO - [2024-03-01T16:20:10.044+0530] {dagbag.py:540} INFO - Filling up the DagBag from /home/akranth/airflow/airflow_env/lib/python3.11/site-packages/airflow/example_dags/example_params_trigger_ui.py
[2024-03-01T16:20:10.067+0530] {processor.py:840} INFO - DAG(s) 'example_params_trigger_ui' retrieved from /home/akranth/airflow/airflow_env/lib/python3.11/site-packages/airflow/example_dags/example_params_trigger_ui.py
[2024-03-01T16:20:10.102+0530] {logging_mixin.py:188} INFO - [2024-03-01T16:20:10.102+0530] {dag.py:3047} INFO - Sync 1 DAGs
[2024-03-01T16:20:10.113+0530] {logging_mixin.py:188} INFO - [2024-03-01T16:20:10.113+0530] {dag.py:3834} INFO - Setting next_dagrun for example_params_trigger_ui to None, run_after=None
[2024-03-01T16:20:10.300+0530] {processor.py:183} INFO - Processing /home/akranth/airflow/airflow_env/lib/python3.11/site-packages/airflow/example_dags/example_params_trigger_ui.py took 0.265 seconds
[2024-03-01T16:21:08.750+0530] {processor.py:161} INFO - Started process (PID=7397) to work on /home/akranth/airflow/airflow_env/lib/python3.11/site-packages/airflow/example_dags/example_params_trigger_ui.py
[2024-03-01T16:21:08.827+0530] {processor.py:830} INFO - Processing file /home/akranth/airflow/airflow_env/lib/python3.11/site-packages/airflow/example_dags/example_params_trigger_ui.py for tasks to queue
[2024-03-01T16:21:08.829+0530] {logging_mixin.py:188} INFO - [2024-03-01T16:21:08.828+0530] {dagbag.py:540} INFO - Filling up the DagBag from /home/akranth/airflow/airflow_env/lib/python3.11/site-packages/airflow/example_dags/example_params_trigger_ui.py
[2024-03-01T16:21:08.862+0530] {processor.py:840} INFO - DAG(s) 'example_params_trigger_ui' retrieved from /home/akranth/airflow/airflow_env/lib/python3.11/site-packages/airflow/example_dags/example_params_trigger_ui.py
[2024-03-01T16:21:08.897+0530] {logging_mixin.py:188} INFO - [2024-03-01T16:21:08.897+0530] {dag.py:3047} INFO - Sync 1 DAGs
[2024-03-01T16:21:08.904+0530] {logging_mixin.py:188} INFO - [2024-03-01T16:21:08.904+0530] {dag.py:3834} INFO - Setting next_dagrun for example_params_trigger_ui to None, run_after=None
[2024-03-01T16:21:09.010+0530] {processor.py:183} INFO - Processing /home/akranth/airflow/airflow_env/lib/python3.11/site-packages/airflow/example_dags/example_params_trigger_ui.py took 0.262 seconds
[2024-03-01T16:21:46.878+0530] {processor.py:161} INFO - Started process (PID=7444) to work on /home/akranth/airflow/airflow_env/lib/python3.11/site-packages/airflow/example_dags/example_params_trigger_ui.py
[2024-03-01T16:21:46.962+0530] {processor.py:830} INFO - Processing file /home/akranth/airflow/airflow_env/lib/python3.11/site-packages/airflow/example_dags/example_params_trigger_ui.py for tasks to queue
[2024-03-01T16:21:46.965+0530] {logging_mixin.py:188} INFO - [2024-03-01T16:21:46.964+0530] {dagbag.py:540} INFO - Filling up the DagBag from /home/akranth/airflow/airflow_env/lib/python3.11/site-packages/airflow/example_dags/example_params_trigger_ui.py
[2024-03-01T16:21:46.999+0530] {processor.py:840} INFO - DAG(s) 'example_params_trigger_ui' retrieved from /home/akranth/airflow/airflow_env/lib/python3.11/site-packages/airflow/example_dags/example_params_trigger_ui.py
[2024-03-01T16:21:47.036+0530] {logging_mixin.py:188} INFO - [2024-03-01T16:21:47.035+0530] {dag.py:3047} INFO - Sync 1 DAGs
[2024-03-01T16:21:47.045+0530] {logging_mixin.py:188} INFO - [2024-03-01T16:21:47.045+0530] {dag.py:3834} INFO - Setting next_dagrun for example_params_trigger_ui to None, run_after=None
[2024-03-01T16:21:47.350+0530] {processor.py:183} INFO - Processing /home/akranth/airflow/airflow_env/lib/python3.11/site-packages/airflow/example_dags/example_params_trigger_ui.py took 0.480 seconds
[2024-03-01T16:22:47.204+0530] {processor.py:161} INFO - Started process (PID=7508) to work on /home/akranth/airflow/airflow_env/lib/python3.11/site-packages/airflow/example_dags/example_params_trigger_ui.py
[2024-03-01T16:22:47.218+0530] {processor.py:830} INFO - Processing file /home/akranth/airflow/airflow_env/lib/python3.11/site-packages/airflow/example_dags/example_params_trigger_ui.py for tasks to queue
[2024-03-01T16:22:47.220+0530] {logging_mixin.py:188} INFO - [2024-03-01T16:22:47.219+0530] {dagbag.py:540} INFO - Filling up the DagBag from /home/akranth/airflow/airflow_env/lib/python3.11/site-packages/airflow/example_dags/example_params_trigger_ui.py
[2024-03-01T16:22:47.232+0530] {processor.py:840} INFO - DAG(s) 'example_params_trigger_ui' retrieved from /home/akranth/airflow/airflow_env/lib/python3.11/site-packages/airflow/example_dags/example_params_trigger_ui.py
[2024-03-01T16:22:47.261+0530] {logging_mixin.py:188} INFO - [2024-03-01T16:22:47.261+0530] {dag.py:3047} INFO - Sync 1 DAGs
[2024-03-01T16:22:47.269+0530] {logging_mixin.py:188} INFO - [2024-03-01T16:22:47.269+0530] {dag.py:3834} INFO - Setting next_dagrun for example_params_trigger_ui to None, run_after=None
[2024-03-01T16:22:47.378+0530] {processor.py:183} INFO - Processing /home/akranth/airflow/airflow_env/lib/python3.11/site-packages/airflow/example_dags/example_params_trigger_ui.py took 0.176 seconds
[2024-03-01T16:23:44.657+0530] {processor.py:161} INFO - Started process (PID=7566) to work on /home/akranth/airflow/airflow_env/lib/python3.11/site-packages/airflow/example_dags/example_params_trigger_ui.py
[2024-03-01T16:23:44.659+0530] {processor.py:830} INFO - Processing file /home/akranth/airflow/airflow_env/lib/python3.11/site-packages/airflow/example_dags/example_params_trigger_ui.py for tasks to queue
[2024-03-01T16:23:44.661+0530] {logging_mixin.py:188} INFO - [2024-03-01T16:23:44.660+0530] {dagbag.py:540} INFO - Filling up the DagBag from /home/akranth/airflow/airflow_env/lib/python3.11/site-packages/airflow/example_dags/example_params_trigger_ui.py
[2024-03-01T16:23:44.688+0530] {processor.py:840} INFO - DAG(s) 'example_params_trigger_ui' retrieved from /home/akranth/airflow/airflow_env/lib/python3.11/site-packages/airflow/example_dags/example_params_trigger_ui.py
[2024-03-01T16:23:44.720+0530] {logging_mixin.py:188} INFO - [2024-03-01T16:23:44.720+0530] {dag.py:3047} INFO - Sync 1 DAGs
[2024-03-01T16:23:44.728+0530] {logging_mixin.py:188} INFO - [2024-03-01T16:23:44.728+0530] {dag.py:3834} INFO - Setting next_dagrun for example_params_trigger_ui to None, run_after=None
[2024-03-01T16:23:45.126+0530] {processor.py:183} INFO - Processing /home/akranth/airflow/airflow_env/lib/python3.11/site-packages/airflow/example_dags/example_params_trigger_ui.py took 0.477 seconds
[2024-03-01T16:24:47.940+0530] {processor.py:161} INFO - Started process (PID=7634) to work on /home/akranth/airflow/airflow_env/lib/python3.11/site-packages/airflow/example_dags/example_params_trigger_ui.py
[2024-03-01T16:24:47.941+0530] {processor.py:830} INFO - Processing file /home/akranth/airflow/airflow_env/lib/python3.11/site-packages/airflow/example_dags/example_params_trigger_ui.py for tasks to queue
[2024-03-01T16:24:47.942+0530] {logging_mixin.py:188} INFO - [2024-03-01T16:24:47.941+0530] {dagbag.py:540} INFO - Filling up the DagBag from /home/akranth/airflow/airflow_env/lib/python3.11/site-packages/airflow/example_dags/example_params_trigger_ui.py
[2024-03-01T16:24:47.952+0530] {processor.py:840} INFO - DAG(s) 'example_params_trigger_ui' retrieved from /home/akranth/airflow/airflow_env/lib/python3.11/site-packages/airflow/example_dags/example_params_trigger_ui.py
[2024-03-01T16:24:47.982+0530] {logging_mixin.py:188} INFO - [2024-03-01T16:24:47.981+0530] {dag.py:3047} INFO - Sync 1 DAGs
[2024-03-01T16:24:47.990+0530] {logging_mixin.py:188} INFO - [2024-03-01T16:24:47.989+0530] {dag.py:3834} INFO - Setting next_dagrun for example_params_trigger_ui to None, run_after=None
[2024-03-01T16:24:48.165+0530] {processor.py:183} INFO - Processing /home/akranth/airflow/airflow_env/lib/python3.11/site-packages/airflow/example_dags/example_params_trigger_ui.py took 0.226 seconds
[2024-03-01T16:25:52.891+0530] {processor.py:161} INFO - Started process (PID=7703) to work on /home/akranth/airflow/airflow_env/lib/python3.11/site-packages/airflow/example_dags/example_params_trigger_ui.py
[2024-03-01T16:25:52.893+0530] {processor.py:830} INFO - Processing file /home/akranth/airflow/airflow_env/lib/python3.11/site-packages/airflow/example_dags/example_params_trigger_ui.py for tasks to queue
[2024-03-01T16:25:52.895+0530] {logging_mixin.py:188} INFO - [2024-03-01T16:25:52.894+0530] {dagbag.py:540} INFO - Filling up the DagBag from /home/akranth/airflow/airflow_env/lib/python3.11/site-packages/airflow/example_dags/example_params_trigger_ui.py
[2024-03-01T16:25:52.917+0530] {processor.py:840} INFO - DAG(s) 'example_params_trigger_ui' retrieved from /home/akranth/airflow/airflow_env/lib/python3.11/site-packages/airflow/example_dags/example_params_trigger_ui.py
[2024-03-01T16:25:52.951+0530] {logging_mixin.py:188} INFO - [2024-03-01T16:25:52.951+0530] {dag.py:3047} INFO - Sync 1 DAGs
[2024-03-01T16:25:52.961+0530] {logging_mixin.py:188} INFO - [2024-03-01T16:25:52.960+0530] {dag.py:3834} INFO - Setting next_dagrun for example_params_trigger_ui to None, run_after=None
[2024-03-01T16:25:53.145+0530] {processor.py:183} INFO - Processing /home/akranth/airflow/airflow_env/lib/python3.11/site-packages/airflow/example_dags/example_params_trigger_ui.py took 0.259 seconds
[2024-03-01T16:26:50.678+0530] {processor.py:161} INFO - Started process (PID=7768) to work on /home/akranth/airflow/airflow_env/lib/python3.11/site-packages/airflow/example_dags/example_params_trigger_ui.py
[2024-03-01T16:26:50.682+0530] {processor.py:830} INFO - Processing file /home/akranth/airflow/airflow_env/lib/python3.11/site-packages/airflow/example_dags/example_params_trigger_ui.py for tasks to queue
[2024-03-01T16:26:50.683+0530] {logging_mixin.py:188} INFO - [2024-03-01T16:26:50.683+0530] {dagbag.py:540} INFO - Filling up the DagBag from /home/akranth/airflow/airflow_env/lib/python3.11/site-packages/airflow/example_dags/example_params_trigger_ui.py
[2024-03-01T16:26:50.694+0530] {processor.py:840} INFO - DAG(s) 'example_params_trigger_ui' retrieved from /home/akranth/airflow/airflow_env/lib/python3.11/site-packages/airflow/example_dags/example_params_trigger_ui.py
[2024-03-01T16:26:50.725+0530] {logging_mixin.py:188} INFO - [2024-03-01T16:26:50.725+0530] {dag.py:3047} INFO - Sync 1 DAGs
[2024-03-01T16:26:50.734+0530] {logging_mixin.py:188} INFO - [2024-03-01T16:26:50.734+0530] {dag.py:3834} INFO - Setting next_dagrun for example_params_trigger_ui to None, run_after=None
[2024-03-01T16:26:50.847+0530] {processor.py:183} INFO - Processing /home/akranth/airflow/airflow_env/lib/python3.11/site-packages/airflow/example_dags/example_params_trigger_ui.py took 0.172 seconds
[2024-03-01T16:27:45.442+0530] {processor.py:161} INFO - Started process (PID=7829) to work on /home/akranth/airflow/airflow_env/lib/python3.11/site-packages/airflow/example_dags/example_params_trigger_ui.py
[2024-03-01T16:27:45.442+0530] {processor.py:830} INFO - Processing file /home/akranth/airflow/airflow_env/lib/python3.11/site-packages/airflow/example_dags/example_params_trigger_ui.py for tasks to queue
[2024-03-01T16:27:45.443+0530] {logging_mixin.py:188} INFO - [2024-03-01T16:27:45.443+0530] {dagbag.py:540} INFO - Filling up the DagBag from /home/akranth/airflow/airflow_env/lib/python3.11/site-packages/airflow/example_dags/example_params_trigger_ui.py
[2024-03-01T16:27:45.455+0530] {processor.py:840} INFO - DAG(s) 'example_params_trigger_ui' retrieved from /home/akranth/airflow/airflow_env/lib/python3.11/site-packages/airflow/example_dags/example_params_trigger_ui.py
[2024-03-01T16:27:45.488+0530] {logging_mixin.py:188} INFO - [2024-03-01T16:27:45.488+0530] {dag.py:3047} INFO - Sync 1 DAGs
[2024-03-01T16:27:45.496+0530] {logging_mixin.py:188} INFO - [2024-03-01T16:27:45.496+0530] {dag.py:3834} INFO - Setting next_dagrun for example_params_trigger_ui to None, run_after=None
[2024-03-01T16:27:45.616+0530] {processor.py:183} INFO - Processing /home/akranth/airflow/airflow_env/lib/python3.11/site-packages/airflow/example_dags/example_params_trigger_ui.py took 0.176 seconds
[2024-03-01T16:28:54.944+0530] {processor.py:161} INFO - Started process (PID=7912) to work on /home/akranth/airflow/airflow_env/lib/python3.11/site-packages/airflow/example_dags/example_params_trigger_ui.py
[2024-03-01T16:28:54.971+0530] {processor.py:830} INFO - Processing file /home/akranth/airflow/airflow_env/lib/python3.11/site-packages/airflow/example_dags/example_params_trigger_ui.py for tasks to queue
[2024-03-01T16:28:54.972+0530] {logging_mixin.py:188} INFO - [2024-03-01T16:28:54.972+0530] {dagbag.py:540} INFO - Filling up the DagBag from /home/akranth/airflow/airflow_env/lib/python3.11/site-packages/airflow/example_dags/example_params_trigger_ui.py
[2024-03-01T16:28:54.984+0530] {processor.py:840} INFO - DAG(s) 'example_params_trigger_ui' retrieved from /home/akranth/airflow/airflow_env/lib/python3.11/site-packages/airflow/example_dags/example_params_trigger_ui.py
[2024-03-01T16:28:55.275+0530] {logging_mixin.py:188} INFO - [2024-03-01T16:28:55.274+0530] {dag.py:3047} INFO - Sync 1 DAGs
[2024-03-01T16:28:55.291+0530] {logging_mixin.py:188} INFO - [2024-03-01T16:28:55.290+0530] {dag.py:3834} INFO - Setting next_dagrun for example_params_trigger_ui to None, run_after=None
[2024-03-01T16:28:56.995+0530] {processor.py:183} INFO - Processing /home/akranth/airflow/airflow_env/lib/python3.11/site-packages/airflow/example_dags/example_params_trigger_ui.py took 2.053 seconds
[2024-03-01T16:30:17.555+0530] {processor.py:161} INFO - Started process (PID=8010) to work on /home/akranth/airflow/airflow_env/lib/python3.11/site-packages/airflow/example_dags/example_params_trigger_ui.py
[2024-03-01T16:30:17.627+0530] {processor.py:830} INFO - Processing file /home/akranth/airflow/airflow_env/lib/python3.11/site-packages/airflow/example_dags/example_params_trigger_ui.py for tasks to queue
[2024-03-01T16:30:17.629+0530] {logging_mixin.py:188} INFO - [2024-03-01T16:30:17.628+0530] {dagbag.py:540} INFO - Filling up the DagBag from /home/akranth/airflow/airflow_env/lib/python3.11/site-packages/airflow/example_dags/example_params_trigger_ui.py
[2024-03-01T16:30:17.647+0530] {processor.py:840} INFO - DAG(s) 'example_params_trigger_ui' retrieved from /home/akranth/airflow/airflow_env/lib/python3.11/site-packages/airflow/example_dags/example_params_trigger_ui.py
[2024-03-01T16:30:17.690+0530] {logging_mixin.py:188} INFO - [2024-03-01T16:30:17.689+0530] {dag.py:3047} INFO - Sync 1 DAGs
[2024-03-01T16:30:17.701+0530] {logging_mixin.py:188} INFO - [2024-03-01T16:30:17.700+0530] {dag.py:3834} INFO - Setting next_dagrun for example_params_trigger_ui to None, run_after=None
[2024-03-01T16:30:17.803+0530] {processor.py:183} INFO - Processing /home/akranth/airflow/airflow_env/lib/python3.11/site-packages/airflow/example_dags/example_params_trigger_ui.py took 0.251 seconds
[2024-03-01T16:31:00.255+0530] {processor.py:161} INFO - Started process (PID=8277) to work on /home/akranth/airflow/airflow_env/lib/python3.11/site-packages/airflow/example_dags/example_params_trigger_ui.py
[2024-03-01T16:31:00.257+0530] {processor.py:830} INFO - Processing file /home/akranth/airflow/airflow_env/lib/python3.11/site-packages/airflow/example_dags/example_params_trigger_ui.py for tasks to queue
[2024-03-01T16:31:00.259+0530] {logging_mixin.py:188} INFO - [2024-03-01T16:31:00.258+0530] {dagbag.py:540} INFO - Filling up the DagBag from /home/akranth/airflow/airflow_env/lib/python3.11/site-packages/airflow/example_dags/example_params_trigger_ui.py
[2024-03-01T16:31:00.283+0530] {processor.py:840} INFO - DAG(s) 'example_params_trigger_ui' retrieved from /home/akranth/airflow/airflow_env/lib/python3.11/site-packages/airflow/example_dags/example_params_trigger_ui.py
[2024-03-01T16:31:00.317+0530] {logging_mixin.py:188} INFO - [2024-03-01T16:31:00.317+0530] {dag.py:3047} INFO - Sync 1 DAGs
[2024-03-01T16:31:00.326+0530] {logging_mixin.py:188} INFO - [2024-03-01T16:31:00.326+0530] {dag.py:3834} INFO - Setting next_dagrun for example_params_trigger_ui to None, run_after=None
[2024-03-01T16:31:00.574+0530] {processor.py:183} INFO - Processing /home/akranth/airflow/airflow_env/lib/python3.11/site-packages/airflow/example_dags/example_params_trigger_ui.py took 0.325 seconds
[2024-03-01T16:32:32.972+0530] {processor.py:161} INFO - Started process (PID=9274) to work on /home/akranth/airflow/airflow_env/lib/python3.11/site-packages/airflow/example_dags/example_params_trigger_ui.py
[2024-03-01T16:32:32.989+0530] {processor.py:830} INFO - Processing file /home/akranth/airflow/airflow_env/lib/python3.11/site-packages/airflow/example_dags/example_params_trigger_ui.py for tasks to queue
[2024-03-01T16:32:32.993+0530] {logging_mixin.py:188} INFO - [2024-03-01T16:32:32.991+0530] {dagbag.py:540} INFO - Filling up the DagBag from /home/akranth/airflow/airflow_env/lib/python3.11/site-packages/airflow/example_dags/example_params_trigger_ui.py
[2024-03-01T16:32:33.022+0530] {processor.py:840} INFO - DAG(s) 'example_params_trigger_ui' retrieved from /home/akranth/airflow/airflow_env/lib/python3.11/site-packages/airflow/example_dags/example_params_trigger_ui.py
[2024-03-01T16:32:33.065+0530] {logging_mixin.py:188} INFO - [2024-03-01T16:32:33.065+0530] {dag.py:3047} INFO - Sync 1 DAGs
[2024-03-01T16:32:33.076+0530] {logging_mixin.py:188} INFO - [2024-03-01T16:32:33.075+0530] {dag.py:3834} INFO - Setting next_dagrun for example_params_trigger_ui to None, run_after=None
[2024-03-01T16:32:33.203+0530] {processor.py:183} INFO - Processing /home/akranth/airflow/airflow_env/lib/python3.11/site-packages/airflow/example_dags/example_params_trigger_ui.py took 0.236 seconds
[2024-03-01T16:33:23.513+0530] {processor.py:161} INFO - Started process (PID=9365) to work on /home/akranth/airflow/airflow_env/lib/python3.11/site-packages/airflow/example_dags/example_params_trigger_ui.py
[2024-03-01T16:33:23.526+0530] {processor.py:830} INFO - Processing file /home/akranth/airflow/airflow_env/lib/python3.11/site-packages/airflow/example_dags/example_params_trigger_ui.py for tasks to queue
[2024-03-01T16:33:23.528+0530] {logging_mixin.py:188} INFO - [2024-03-01T16:33:23.527+0530] {dagbag.py:540} INFO - Filling up the DagBag from /home/akranth/airflow/airflow_env/lib/python3.11/site-packages/airflow/example_dags/example_params_trigger_ui.py
[2024-03-01T16:33:23.555+0530] {processor.py:840} INFO - DAG(s) 'example_params_trigger_ui' retrieved from /home/akranth/airflow/airflow_env/lib/python3.11/site-packages/airflow/example_dags/example_params_trigger_ui.py
[2024-03-01T16:33:23.593+0530] {logging_mixin.py:188} INFO - [2024-03-01T16:33:23.592+0530] {dag.py:3047} INFO - Sync 1 DAGs
[2024-03-01T16:33:23.602+0530] {logging_mixin.py:188} INFO - [2024-03-01T16:33:23.602+0530] {dag.py:3834} INFO - Setting next_dagrun for example_params_trigger_ui to None, run_after=None
[2024-03-01T16:33:23.719+0530] {processor.py:183} INFO - Processing /home/akranth/airflow/airflow_env/lib/python3.11/site-packages/airflow/example_dags/example_params_trigger_ui.py took 0.209 seconds
[2024-03-01T16:34:04.404+0530] {processor.py:161} INFO - Started process (PID=9431) to work on /home/akranth/airflow/airflow_env/lib/python3.11/site-packages/airflow/example_dags/example_params_trigger_ui.py
[2024-03-01T16:34:04.413+0530] {processor.py:830} INFO - Processing file /home/akranth/airflow/airflow_env/lib/python3.11/site-packages/airflow/example_dags/example_params_trigger_ui.py for tasks to queue
[2024-03-01T16:34:04.415+0530] {logging_mixin.py:188} INFO - [2024-03-01T16:34:04.414+0530] {dagbag.py:540} INFO - Filling up the DagBag from /home/akranth/airflow/airflow_env/lib/python3.11/site-packages/airflow/example_dags/example_params_trigger_ui.py
[2024-03-01T16:34:04.442+0530] {processor.py:840} INFO - DAG(s) 'example_params_trigger_ui' retrieved from /home/akranth/airflow/airflow_env/lib/python3.11/site-packages/airflow/example_dags/example_params_trigger_ui.py
[2024-03-01T16:34:04.479+0530] {logging_mixin.py:188} INFO - [2024-03-01T16:34:04.478+0530] {dag.py:3047} INFO - Sync 1 DAGs
[2024-03-01T16:34:04.487+0530] {logging_mixin.py:188} INFO - [2024-03-01T16:34:04.487+0530] {dag.py:3834} INFO - Setting next_dagrun for example_params_trigger_ui to None, run_after=None
[2024-03-01T16:34:04.605+0530] {processor.py:183} INFO - Processing /home/akranth/airflow/airflow_env/lib/python3.11/site-packages/airflow/example_dags/example_params_trigger_ui.py took 0.205 seconds
[2024-03-01T16:34:46.564+0530] {processor.py:161} INFO - Started process (PID=9561) to work on /home/akranth/airflow/airflow_env/lib/python3.11/site-packages/airflow/example_dags/example_params_trigger_ui.py
[2024-03-01T16:34:46.651+0530] {processor.py:830} INFO - Processing file /home/akranth/airflow/airflow_env/lib/python3.11/site-packages/airflow/example_dags/example_params_trigger_ui.py for tasks to queue
[2024-03-01T16:34:46.653+0530] {logging_mixin.py:188} INFO - [2024-03-01T16:34:46.652+0530] {dagbag.py:540} INFO - Filling up the DagBag from /home/akranth/airflow/airflow_env/lib/python3.11/site-packages/airflow/example_dags/example_params_trigger_ui.py
[2024-03-01T16:34:46.687+0530] {processor.py:840} INFO - DAG(s) 'example_params_trigger_ui' retrieved from /home/akranth/airflow/airflow_env/lib/python3.11/site-packages/airflow/example_dags/example_params_trigger_ui.py
[2024-03-01T16:34:46.726+0530] {logging_mixin.py:188} INFO - [2024-03-01T16:34:46.726+0530] {dag.py:3047} INFO - Sync 1 DAGs
[2024-03-01T16:34:46.736+0530] {logging_mixin.py:188} INFO - [2024-03-01T16:34:46.735+0530] {dag.py:3834} INFO - Setting next_dagrun for example_params_trigger_ui to None, run_after=None
[2024-03-01T16:34:46.853+0530] {processor.py:183} INFO - Processing /home/akranth/airflow/airflow_env/lib/python3.11/site-packages/airflow/example_dags/example_params_trigger_ui.py took 0.295 seconds
