[2024-03-01T16:18:22.202+0530] {processor.py:161} INFO - Started process (PID=7086) to work on /home/akranth/airflow/airflow_env/lib/python3.11/site-packages/airflow/example_dags/tutorial_dag.py
[2024-03-01T16:18:22.203+0530] {processor.py:830} INFO - Processing file /home/akranth/airflow/airflow_env/lib/python3.11/site-packages/airflow/example_dags/tutorial_dag.py for tasks to queue
[2024-03-01T16:18:22.203+0530] {logging_mixin.py:188} INFO - [2024-03-01T16:18:22.203+0530] {dagbag.py:540} INFO - Filling up the DagBag from /home/akranth/airflow/airflow_env/lib/python3.11/site-packages/airflow/example_dags/tutorial_dag.py
[2024-03-01T16:18:22.209+0530] {processor.py:840} INFO - DAG(s) 'tutorial_dag' retrieved from /home/akranth/airflow/airflow_env/lib/python3.11/site-packages/airflow/example_dags/tutorial_dag.py
[2024-03-01T16:18:22.350+0530] {logging_mixin.py:188} INFO - [2024-03-01T16:18:22.350+0530] {dag.py:3047} INFO - Sync 1 DAGs
[2024-03-01T16:18:22.356+0530] {logging_mixin.py:188} INFO - [2024-03-01T16:18:22.356+0530] {dag.py:3834} INFO - Setting next_dagrun for tutorial_dag to None, run_after=None
[2024-03-01T16:18:22.812+0530] {processor.py:183} INFO - Processing /home/akranth/airflow/airflow_env/lib/python3.11/site-packages/airflow/example_dags/tutorial_dag.py took 0.612 seconds
[2024-03-01T16:19:31.972+0530] {processor.py:161} INFO - Started process (PID=7200) to work on /home/akranth/airflow/airflow_env/lib/python3.11/site-packages/airflow/example_dags/tutorial_dag.py
[2024-03-01T16:19:31.973+0530] {processor.py:830} INFO - Processing file /home/akranth/airflow/airflow_env/lib/python3.11/site-packages/airflow/example_dags/tutorial_dag.py for tasks to queue
[2024-03-01T16:19:31.974+0530] {logging_mixin.py:188} INFO - [2024-03-01T16:19:31.973+0530] {dagbag.py:540} INFO - Filling up the DagBag from /home/akranth/airflow/airflow_env/lib/python3.11/site-packages/airflow/example_dags/tutorial_dag.py
[2024-03-01T16:19:31.978+0530] {processor.py:840} INFO - DAG(s) 'tutorial_dag' retrieved from /home/akranth/airflow/airflow_env/lib/python3.11/site-packages/airflow/example_dags/tutorial_dag.py
[2024-03-01T16:19:31.991+0530] {logging_mixin.py:188} INFO - [2024-03-01T16:19:31.991+0530] {dag.py:3047} INFO - Sync 1 DAGs
[2024-03-01T16:19:32.090+0530] {logging_mixin.py:188} INFO - [2024-03-01T16:19:32.090+0530] {dag.py:3834} INFO - Setting next_dagrun for tutorial_dag to None, run_after=None
[2024-03-01T16:19:32.636+0530] {processor.py:183} INFO - Processing /home/akranth/airflow/airflow_env/lib/python3.11/site-packages/airflow/example_dags/tutorial_dag.py took 0.666 seconds
[2024-03-01T16:20:32.642+0530] {processor.py:161} INFO - Started process (PID=7353) to work on /home/akranth/airflow/airflow_env/lib/python3.11/site-packages/airflow/example_dags/tutorial_dag.py
[2024-03-01T16:20:32.643+0530] {processor.py:830} INFO - Processing file /home/akranth/airflow/airflow_env/lib/python3.11/site-packages/airflow/example_dags/tutorial_dag.py for tasks to queue
[2024-03-01T16:20:32.643+0530] {logging_mixin.py:188} INFO - [2024-03-01T16:20:32.643+0530] {dagbag.py:540} INFO - Filling up the DagBag from /home/akranth/airflow/airflow_env/lib/python3.11/site-packages/airflow/example_dags/tutorial_dag.py
[2024-03-01T16:20:32.648+0530] {processor.py:840} INFO - DAG(s) 'tutorial_dag' retrieved from /home/akranth/airflow/airflow_env/lib/python3.11/site-packages/airflow/example_dags/tutorial_dag.py
[2024-03-01T16:20:32.663+0530] {logging_mixin.py:188} INFO - [2024-03-01T16:20:32.663+0530] {dag.py:3047} INFO - Sync 1 DAGs
[2024-03-01T16:20:32.675+0530] {logging_mixin.py:188} INFO - [2024-03-01T16:20:32.674+0530] {dag.py:3834} INFO - Setting next_dagrun for tutorial_dag to None, run_after=None
[2024-03-01T16:20:32.850+0530] {processor.py:183} INFO - Processing /home/akranth/airflow/airflow_env/lib/python3.11/site-packages/airflow/example_dags/tutorial_dag.py took 0.211 seconds
[2024-03-01T16:21:33.237+0530] {processor.py:161} INFO - Started process (PID=7423) to work on /home/akranth/airflow/airflow_env/lib/python3.11/site-packages/airflow/example_dags/tutorial_dag.py
[2024-03-01T16:21:33.318+0530] {processor.py:830} INFO - Processing file /home/akranth/airflow/airflow_env/lib/python3.11/site-packages/airflow/example_dags/tutorial_dag.py for tasks to queue
[2024-03-01T16:21:33.321+0530] {logging_mixin.py:188} INFO - [2024-03-01T16:21:33.320+0530] {dagbag.py:540} INFO - Filling up the DagBag from /home/akranth/airflow/airflow_env/lib/python3.11/site-packages/airflow/example_dags/tutorial_dag.py
[2024-03-01T16:21:33.334+0530] {processor.py:840} INFO - DAG(s) 'tutorial_dag' retrieved from /home/akranth/airflow/airflow_env/lib/python3.11/site-packages/airflow/example_dags/tutorial_dag.py
[2024-03-01T16:21:33.365+0530] {logging_mixin.py:188} INFO - [2024-03-01T16:21:33.365+0530] {dag.py:3047} INFO - Sync 1 DAGs
[2024-03-01T16:21:33.376+0530] {logging_mixin.py:188} INFO - [2024-03-01T16:21:33.376+0530] {dag.py:3834} INFO - Setting next_dagrun for tutorial_dag to None, run_after=None
[2024-03-01T16:21:33.484+0530] {processor.py:183} INFO - Processing /home/akranth/airflow/airflow_env/lib/python3.11/site-packages/airflow/example_dags/tutorial_dag.py took 0.249 seconds
[2024-03-01T16:22:35.678+0530] {processor.py:161} INFO - Started process (PID=7498) to work on /home/akranth/airflow/airflow_env/lib/python3.11/site-packages/airflow/example_dags/tutorial_dag.py
[2024-03-01T16:22:35.696+0530] {processor.py:830} INFO - Processing file /home/akranth/airflow/airflow_env/lib/python3.11/site-packages/airflow/example_dags/tutorial_dag.py for tasks to queue
[2024-03-01T16:22:35.697+0530] {logging_mixin.py:188} INFO - [2024-03-01T16:22:35.696+0530] {dagbag.py:540} INFO - Filling up the DagBag from /home/akranth/airflow/airflow_env/lib/python3.11/site-packages/airflow/example_dags/tutorial_dag.py
[2024-03-01T16:22:35.701+0530] {processor.py:840} INFO - DAG(s) 'tutorial_dag' retrieved from /home/akranth/airflow/airflow_env/lib/python3.11/site-packages/airflow/example_dags/tutorial_dag.py
[2024-03-01T16:22:35.712+0530] {logging_mixin.py:188} INFO - [2024-03-01T16:22:35.712+0530] {dag.py:3047} INFO - Sync 1 DAGs
[2024-03-01T16:22:35.720+0530] {logging_mixin.py:188} INFO - [2024-03-01T16:22:35.720+0530] {dag.py:3834} INFO - Setting next_dagrun for tutorial_dag to None, run_after=None
[2024-03-01T16:22:35.946+0530] {processor.py:183} INFO - Processing /home/akranth/airflow/airflow_env/lib/python3.11/site-packages/airflow/example_dags/tutorial_dag.py took 0.270 seconds
[2024-03-01T16:23:32.728+0530] {processor.py:161} INFO - Started process (PID=7557) to work on /home/akranth/airflow/airflow_env/lib/python3.11/site-packages/airflow/example_dags/tutorial_dag.py
[2024-03-01T16:23:32.743+0530] {processor.py:830} INFO - Processing file /home/akranth/airflow/airflow_env/lib/python3.11/site-packages/airflow/example_dags/tutorial_dag.py for tasks to queue
[2024-03-01T16:23:32.746+0530] {logging_mixin.py:188} INFO - [2024-03-01T16:23:32.745+0530] {dagbag.py:540} INFO - Filling up the DagBag from /home/akranth/airflow/airflow_env/lib/python3.11/site-packages/airflow/example_dags/tutorial_dag.py
[2024-03-01T16:23:32.757+0530] {processor.py:840} INFO - DAG(s) 'tutorial_dag' retrieved from /home/akranth/airflow/airflow_env/lib/python3.11/site-packages/airflow/example_dags/tutorial_dag.py
[2024-03-01T16:23:32.783+0530] {logging_mixin.py:188} INFO - [2024-03-01T16:23:32.783+0530] {dag.py:3047} INFO - Sync 1 DAGs
[2024-03-01T16:23:32.792+0530] {logging_mixin.py:188} INFO - [2024-03-01T16:23:32.792+0530] {dag.py:3834} INFO - Setting next_dagrun for tutorial_dag to None, run_after=None
[2024-03-01T16:23:32.919+0530] {processor.py:183} INFO - Processing /home/akranth/airflow/airflow_env/lib/python3.11/site-packages/airflow/example_dags/tutorial_dag.py took 0.198 seconds
[2024-03-01T16:24:33.579+0530] {processor.py:161} INFO - Started process (PID=7613) to work on /home/akranth/airflow/airflow_env/lib/python3.11/site-packages/airflow/example_dags/tutorial_dag.py
[2024-03-01T16:24:33.654+0530] {processor.py:830} INFO - Processing file /home/akranth/airflow/airflow_env/lib/python3.11/site-packages/airflow/example_dags/tutorial_dag.py for tasks to queue
[2024-03-01T16:24:33.657+0530] {logging_mixin.py:188} INFO - [2024-03-01T16:24:33.656+0530] {dagbag.py:540} INFO - Filling up the DagBag from /home/akranth/airflow/airflow_env/lib/python3.11/site-packages/airflow/example_dags/tutorial_dag.py
[2024-03-01T16:24:33.670+0530] {processor.py:840} INFO - DAG(s) 'tutorial_dag' retrieved from /home/akranth/airflow/airflow_env/lib/python3.11/site-packages/airflow/example_dags/tutorial_dag.py
[2024-03-01T16:24:33.699+0530] {logging_mixin.py:188} INFO - [2024-03-01T16:24:33.699+0530] {dag.py:3047} INFO - Sync 1 DAGs
[2024-03-01T16:24:33.710+0530] {logging_mixin.py:188} INFO - [2024-03-01T16:24:33.710+0530] {dag.py:3834} INFO - Setting next_dagrun for tutorial_dag to None, run_after=None
[2024-03-01T16:24:33.820+0530] {processor.py:183} INFO - Processing /home/akranth/airflow/airflow_env/lib/python3.11/site-packages/airflow/example_dags/tutorial_dag.py took 0.243 seconds
[2024-03-01T16:25:38.896+0530] {processor.py:161} INFO - Started process (PID=7682) to work on /home/akranth/airflow/airflow_env/lib/python3.11/site-packages/airflow/example_dags/tutorial_dag.py
[2024-03-01T16:25:38.910+0530] {processor.py:830} INFO - Processing file /home/akranth/airflow/airflow_env/lib/python3.11/site-packages/airflow/example_dags/tutorial_dag.py for tasks to queue
[2024-03-01T16:25:38.912+0530] {logging_mixin.py:188} INFO - [2024-03-01T16:25:38.911+0530] {dagbag.py:540} INFO - Filling up the DagBag from /home/akranth/airflow/airflow_env/lib/python3.11/site-packages/airflow/example_dags/tutorial_dag.py
[2024-03-01T16:25:38.924+0530] {processor.py:840} INFO - DAG(s) 'tutorial_dag' retrieved from /home/akranth/airflow/airflow_env/lib/python3.11/site-packages/airflow/example_dags/tutorial_dag.py
[2024-03-01T16:25:38.948+0530] {logging_mixin.py:188} INFO - [2024-03-01T16:25:38.948+0530] {dag.py:3047} INFO - Sync 1 DAGs
[2024-03-01T16:25:38.957+0530] {logging_mixin.py:188} INFO - [2024-03-01T16:25:38.957+0530] {dag.py:3834} INFO - Setting next_dagrun for tutorial_dag to None, run_after=None
[2024-03-01T16:25:39.072+0530] {processor.py:183} INFO - Processing /home/akranth/airflow/airflow_env/lib/python3.11/site-packages/airflow/example_dags/tutorial_dag.py took 0.182 seconds
[2024-03-01T16:26:38.958+0530] {processor.py:161} INFO - Started process (PID=7749) to work on /home/akranth/airflow/airflow_env/lib/python3.11/site-packages/airflow/example_dags/tutorial_dag.py
[2024-03-01T16:26:38.980+0530] {processor.py:830} INFO - Processing file /home/akranth/airflow/airflow_env/lib/python3.11/site-packages/airflow/example_dags/tutorial_dag.py for tasks to queue
[2024-03-01T16:26:38.983+0530] {logging_mixin.py:188} INFO - [2024-03-01T16:26:38.982+0530] {dagbag.py:540} INFO - Filling up the DagBag from /home/akranth/airflow/airflow_env/lib/python3.11/site-packages/airflow/example_dags/tutorial_dag.py
[2024-03-01T16:26:38.995+0530] {processor.py:840} INFO - DAG(s) 'tutorial_dag' retrieved from /home/akranth/airflow/airflow_env/lib/python3.11/site-packages/airflow/example_dags/tutorial_dag.py
[2024-03-01T16:26:39.022+0530] {logging_mixin.py:188} INFO - [2024-03-01T16:26:39.021+0530] {dag.py:3047} INFO - Sync 1 DAGs
[2024-03-01T16:26:39.032+0530] {logging_mixin.py:188} INFO - [2024-03-01T16:26:39.032+0530] {dag.py:3834} INFO - Setting next_dagrun for tutorial_dag to None, run_after=None
[2024-03-01T16:26:39.144+0530] {processor.py:183} INFO - Processing /home/akranth/airflow/airflow_env/lib/python3.11/site-packages/airflow/example_dags/tutorial_dag.py took 0.192 seconds
[2024-03-01T16:27:34.973+0530] {processor.py:161} INFO - Started process (PID=7810) to work on /home/akranth/airflow/airflow_env/lib/python3.11/site-packages/airflow/example_dags/tutorial_dag.py
[2024-03-01T16:27:34.991+0530] {processor.py:830} INFO - Processing file /home/akranth/airflow/airflow_env/lib/python3.11/site-packages/airflow/example_dags/tutorial_dag.py for tasks to queue
[2024-03-01T16:27:34.993+0530] {logging_mixin.py:188} INFO - [2024-03-01T16:27:34.992+0530] {dagbag.py:540} INFO - Filling up the DagBag from /home/akranth/airflow/airflow_env/lib/python3.11/site-packages/airflow/example_dags/tutorial_dag.py
[2024-03-01T16:27:35.005+0530] {processor.py:840} INFO - DAG(s) 'tutorial_dag' retrieved from /home/akranth/airflow/airflow_env/lib/python3.11/site-packages/airflow/example_dags/tutorial_dag.py
[2024-03-01T16:27:35.033+0530] {logging_mixin.py:188} INFO - [2024-03-01T16:27:35.033+0530] {dag.py:3047} INFO - Sync 1 DAGs
[2024-03-01T16:27:35.044+0530] {logging_mixin.py:188} INFO - [2024-03-01T16:27:35.043+0530] {dag.py:3834} INFO - Setting next_dagrun for tutorial_dag to None, run_after=None
[2024-03-01T16:27:35.155+0530] {processor.py:183} INFO - Processing /home/akranth/airflow/airflow_env/lib/python3.11/site-packages/airflow/example_dags/tutorial_dag.py took 0.185 seconds
[2024-03-01T16:28:39.292+0530] {processor.py:161} INFO - Started process (PID=7889) to work on /home/akranth/airflow/airflow_env/lib/python3.11/site-packages/airflow/example_dags/tutorial_dag.py
[2024-03-01T16:28:39.378+0530] {processor.py:830} INFO - Processing file /home/akranth/airflow/airflow_env/lib/python3.11/site-packages/airflow/example_dags/tutorial_dag.py for tasks to queue
[2024-03-01T16:28:39.381+0530] {logging_mixin.py:188} INFO - [2024-03-01T16:28:39.380+0530] {dagbag.py:540} INFO - Filling up the DagBag from /home/akranth/airflow/airflow_env/lib/python3.11/site-packages/airflow/example_dags/tutorial_dag.py
[2024-03-01T16:28:39.393+0530] {processor.py:840} INFO - DAG(s) 'tutorial_dag' retrieved from /home/akranth/airflow/airflow_env/lib/python3.11/site-packages/airflow/example_dags/tutorial_dag.py
[2024-03-01T16:28:39.423+0530] {logging_mixin.py:188} INFO - [2024-03-01T16:28:39.423+0530] {dag.py:3047} INFO - Sync 1 DAGs
[2024-03-01T16:28:39.435+0530] {logging_mixin.py:188} INFO - [2024-03-01T16:28:39.435+0530] {dag.py:3834} INFO - Setting next_dagrun for tutorial_dag to None, run_after=None
[2024-03-01T16:28:39.539+0530] {processor.py:183} INFO - Processing /home/akranth/airflow/airflow_env/lib/python3.11/site-packages/airflow/example_dags/tutorial_dag.py took 0.253 seconds
[2024-03-01T16:30:00.245+0530] {processor.py:161} INFO - Started process (PID=7983) to work on /home/akranth/airflow/airflow_env/lib/python3.11/site-packages/airflow/example_dags/tutorial_dag.py
[2024-03-01T16:30:00.264+0530] {processor.py:830} INFO - Processing file /home/akranth/airflow/airflow_env/lib/python3.11/site-packages/airflow/example_dags/tutorial_dag.py for tasks to queue
[2024-03-01T16:30:00.266+0530] {logging_mixin.py:188} INFO - [2024-03-01T16:30:00.265+0530] {dagbag.py:540} INFO - Filling up the DagBag from /home/akranth/airflow/airflow_env/lib/python3.11/site-packages/airflow/example_dags/tutorial_dag.py
[2024-03-01T16:30:00.278+0530] {processor.py:840} INFO - DAG(s) 'tutorial_dag' retrieved from /home/akranth/airflow/airflow_env/lib/python3.11/site-packages/airflow/example_dags/tutorial_dag.py
[2024-03-01T16:30:00.305+0530] {logging_mixin.py:188} INFO - [2024-03-01T16:30:00.305+0530] {dag.py:3047} INFO - Sync 1 DAGs
[2024-03-01T16:30:00.315+0530] {logging_mixin.py:188} INFO - [2024-03-01T16:30:00.315+0530] {dag.py:3834} INFO - Setting next_dagrun for tutorial_dag to None, run_after=None
[2024-03-01T16:30:00.407+0530] {processor.py:183} INFO - Processing /home/akranth/airflow/airflow_env/lib/python3.11/site-packages/airflow/example_dags/tutorial_dag.py took 0.164 seconds
[2024-03-01T16:31:20.661+0530] {processor.py:161} INFO - Started process (PID=8322) to work on /home/akranth/airflow/airflow_env/lib/python3.11/site-packages/airflow/example_dags/tutorial_dag.py
[2024-03-01T16:31:20.673+0530] {processor.py:830} INFO - Processing file /home/akranth/airflow/airflow_env/lib/python3.11/site-packages/airflow/example_dags/tutorial_dag.py for tasks to queue
[2024-03-01T16:31:20.675+0530] {logging_mixin.py:188} INFO - [2024-03-01T16:31:20.674+0530] {dagbag.py:540} INFO - Filling up the DagBag from /home/akranth/airflow/airflow_env/lib/python3.11/site-packages/airflow/example_dags/tutorial_dag.py
[2024-03-01T16:31:20.685+0530] {processor.py:840} INFO - DAG(s) 'tutorial_dag' retrieved from /home/akranth/airflow/airflow_env/lib/python3.11/site-packages/airflow/example_dags/tutorial_dag.py
[2024-03-01T16:31:20.703+0530] {logging_mixin.py:188} INFO - [2024-03-01T16:31:20.702+0530] {dag.py:3047} INFO - Sync 1 DAGs
[2024-03-01T16:31:20.713+0530] {logging_mixin.py:188} INFO - [2024-03-01T16:31:20.712+0530] {dag.py:3834} INFO - Setting next_dagrun for tutorial_dag to None, run_after=None
[2024-03-01T16:31:20.834+0530] {processor.py:183} INFO - Processing /home/akranth/airflow/airflow_env/lib/python3.11/site-packages/airflow/example_dags/tutorial_dag.py took 0.179 seconds
[2024-03-01T16:32:58.021+0530] {processor.py:161} INFO - Started process (PID=9311) to work on /home/akranth/airflow/airflow_env/lib/python3.11/site-packages/airflow/example_dags/tutorial_dag.py
[2024-03-01T16:32:58.038+0530] {processor.py:830} INFO - Processing file /home/akranth/airflow/airflow_env/lib/python3.11/site-packages/airflow/example_dags/tutorial_dag.py for tasks to queue
[2024-03-01T16:32:58.039+0530] {logging_mixin.py:188} INFO - [2024-03-01T16:32:58.038+0530] {dagbag.py:540} INFO - Filling up the DagBag from /home/akranth/airflow/airflow_env/lib/python3.11/site-packages/airflow/example_dags/tutorial_dag.py
[2024-03-01T16:32:58.047+0530] {processor.py:840} INFO - DAG(s) 'tutorial_dag' retrieved from /home/akranth/airflow/airflow_env/lib/python3.11/site-packages/airflow/example_dags/tutorial_dag.py
[2024-03-01T16:32:58.072+0530] {logging_mixin.py:188} INFO - [2024-03-01T16:32:58.071+0530] {dag.py:3047} INFO - Sync 1 DAGs
[2024-03-01T16:32:58.082+0530] {logging_mixin.py:188} INFO - [2024-03-01T16:32:58.082+0530] {dag.py:3834} INFO - Setting next_dagrun for tutorial_dag to None, run_after=None
[2024-03-01T16:32:58.244+0530] {processor.py:183} INFO - Processing /home/akranth/airflow/airflow_env/lib/python3.11/site-packages/airflow/example_dags/tutorial_dag.py took 0.226 seconds
[2024-03-01T16:34:22.665+0530] {processor.py:161} INFO - Started process (PID=9506) to work on /home/akranth/airflow/airflow_env/lib/python3.11/site-packages/airflow/example_dags/tutorial_dag.py
[2024-03-01T16:34:22.684+0530] {processor.py:830} INFO - Processing file /home/akranth/airflow/airflow_env/lib/python3.11/site-packages/airflow/example_dags/tutorial_dag.py for tasks to queue
[2024-03-01T16:34:22.686+0530] {logging_mixin.py:188} INFO - [2024-03-01T16:34:22.685+0530] {dagbag.py:540} INFO - Filling up the DagBag from /home/akranth/airflow/airflow_env/lib/python3.11/site-packages/airflow/example_dags/tutorial_dag.py
[2024-03-01T16:34:22.700+0530] {processor.py:840} INFO - DAG(s) 'tutorial_dag' retrieved from /home/akranth/airflow/airflow_env/lib/python3.11/site-packages/airflow/example_dags/tutorial_dag.py
[2024-03-01T16:34:22.723+0530] {logging_mixin.py:188} INFO - [2024-03-01T16:34:22.723+0530] {dag.py:3047} INFO - Sync 1 DAGs
[2024-03-01T16:34:22.734+0530] {logging_mixin.py:188} INFO - [2024-03-01T16:34:22.734+0530] {dag.py:3834} INFO - Setting next_dagrun for tutorial_dag to None, run_after=None
[2024-03-01T16:34:22.839+0530] {processor.py:183} INFO - Processing /home/akranth/airflow/airflow_env/lib/python3.11/site-packages/airflow/example_dags/tutorial_dag.py took 0.181 seconds
[2024-03-01T16:35:25.022+0530] {processor.py:161} INFO - Started process (PID=9640) to work on /home/akranth/airflow/airflow_env/lib/python3.11/site-packages/airflow/example_dags/tutorial_dag.py
[2024-03-01T16:35:25.042+0530] {processor.py:830} INFO - Processing file /home/akranth/airflow/airflow_env/lib/python3.11/site-packages/airflow/example_dags/tutorial_dag.py for tasks to queue
[2024-03-01T16:35:25.046+0530] {logging_mixin.py:188} INFO - [2024-03-01T16:35:25.044+0530] {dagbag.py:540} INFO - Filling up the DagBag from /home/akranth/airflow/airflow_env/lib/python3.11/site-packages/airflow/example_dags/tutorial_dag.py
[2024-03-01T16:35:25.058+0530] {processor.py:840} INFO - DAG(s) 'tutorial_dag' retrieved from /home/akranth/airflow/airflow_env/lib/python3.11/site-packages/airflow/example_dags/tutorial_dag.py
[2024-03-01T16:35:25.086+0530] {logging_mixin.py:188} INFO - [2024-03-01T16:35:25.086+0530] {dag.py:3047} INFO - Sync 1 DAGs
[2024-03-01T16:35:25.103+0530] {logging_mixin.py:188} INFO - [2024-03-01T16:35:25.103+0530] {dag.py:3834} INFO - Setting next_dagrun for tutorial_dag to None, run_after=None
[2024-03-01T16:35:25.270+0530] {processor.py:183} INFO - Processing /home/akranth/airflow/airflow_env/lib/python3.11/site-packages/airflow/example_dags/tutorial_dag.py took 0.251 seconds
