[2024-03-01T16:18:36.587+0530] {processor.py:161} INFO - Started process (PID=7112) to work on /home/akranth/airflow/airflow_env/lib/python3.11/site-packages/airflow/example_dags/tutorial_taskflow_api_virtualenv.py
[2024-03-01T16:18:36.588+0530] {processor.py:830} INFO - Processing file /home/akranth/airflow/airflow_env/lib/python3.11/site-packages/airflow/example_dags/tutorial_taskflow_api_virtualenv.py for tasks to queue
[2024-03-01T16:18:36.589+0530] {logging_mixin.py:188} INFO - [2024-03-01T16:18:36.588+0530] {dagbag.py:540} INFO - Filling up the DagBag from /home/akranth/airflow/airflow_env/lib/python3.11/site-packages/airflow/example_dags/tutorial_taskflow_api_virtualenv.py
[2024-03-01T16:18:36.596+0530] {processor.py:840} INFO - DAG(s) 'tutorial_taskflow_api_virtualenv' retrieved from /home/akranth/airflow/airflow_env/lib/python3.11/site-packages/airflow/example_dags/tutorial_taskflow_api_virtualenv.py
[2024-03-01T16:18:36.742+0530] {logging_mixin.py:188} INFO - [2024-03-01T16:18:36.742+0530] {dag.py:3047} INFO - Sync 1 DAGs
[2024-03-01T16:18:36.748+0530] {logging_mixin.py:188} INFO - [2024-03-01T16:18:36.748+0530] {dag.py:3834} INFO - Setting next_dagrun for tutorial_taskflow_api_virtualenv to None, run_after=None
[2024-03-01T16:18:36.913+0530] {processor.py:183} INFO - Processing /home/akranth/airflow/airflow_env/lib/python3.11/site-packages/airflow/example_dags/tutorial_taskflow_api_virtualenv.py took 0.327 seconds
[2024-03-01T16:19:52.154+0530] {processor.py:161} INFO - Started process (PID=7246) to work on /home/akranth/airflow/airflow_env/lib/python3.11/site-packages/airflow/example_dags/tutorial_taskflow_api_virtualenv.py
[2024-03-01T16:19:52.156+0530] {processor.py:830} INFO - Processing file /home/akranth/airflow/airflow_env/lib/python3.11/site-packages/airflow/example_dags/tutorial_taskflow_api_virtualenv.py for tasks to queue
[2024-03-01T16:19:52.158+0530] {logging_mixin.py:188} INFO - [2024-03-01T16:19:52.157+0530] {dagbag.py:540} INFO - Filling up the DagBag from /home/akranth/airflow/airflow_env/lib/python3.11/site-packages/airflow/example_dags/tutorial_taskflow_api_virtualenv.py
[2024-03-01T16:19:52.179+0530] {processor.py:840} INFO - DAG(s) 'tutorial_taskflow_api_virtualenv' retrieved from /home/akranth/airflow/airflow_env/lib/python3.11/site-packages/airflow/example_dags/tutorial_taskflow_api_virtualenv.py
[2024-03-01T16:19:52.272+0530] {logging_mixin.py:188} INFO - [2024-03-01T16:19:52.272+0530] {dag.py:3047} INFO - Sync 1 DAGs
[2024-03-01T16:19:52.280+0530] {logging_mixin.py:188} INFO - [2024-03-01T16:19:52.280+0530] {dag.py:3834} INFO - Setting next_dagrun for tutorial_taskflow_api_virtualenv to None, run_after=None
[2024-03-01T16:19:52.469+0530] {processor.py:183} INFO - Processing /home/akranth/airflow/airflow_env/lib/python3.11/site-packages/airflow/example_dags/tutorial_taskflow_api_virtualenv.py took 0.322 seconds
[2024-03-01T16:20:52.942+0530] {processor.py:161} INFO - Started process (PID=7383) to work on /home/akranth/airflow/airflow_env/lib/python3.11/site-packages/airflow/example_dags/tutorial_taskflow_api_virtualenv.py
[2024-03-01T16:20:52.942+0530] {processor.py:830} INFO - Processing file /home/akranth/airflow/airflow_env/lib/python3.11/site-packages/airflow/example_dags/tutorial_taskflow_api_virtualenv.py for tasks to queue
[2024-03-01T16:20:52.943+0530] {logging_mixin.py:188} INFO - [2024-03-01T16:20:52.943+0530] {dagbag.py:540} INFO - Filling up the DagBag from /home/akranth/airflow/airflow_env/lib/python3.11/site-packages/airflow/example_dags/tutorial_taskflow_api_virtualenv.py
[2024-03-01T16:20:52.951+0530] {processor.py:840} INFO - DAG(s) 'tutorial_taskflow_api_virtualenv' retrieved from /home/akranth/airflow/airflow_env/lib/python3.11/site-packages/airflow/example_dags/tutorial_taskflow_api_virtualenv.py
[2024-03-01T16:20:52.962+0530] {logging_mixin.py:188} INFO - [2024-03-01T16:20:52.962+0530] {dag.py:3047} INFO - Sync 1 DAGs
[2024-03-01T16:20:52.970+0530] {logging_mixin.py:188} INFO - [2024-03-01T16:20:52.970+0530] {dag.py:3834} INFO - Setting next_dagrun for tutorial_taskflow_api_virtualenv to None, run_after=None
[2024-03-01T16:20:53.086+0530] {processor.py:183} INFO - Processing /home/akranth/airflow/airflow_env/lib/python3.11/site-packages/airflow/example_dags/tutorial_taskflow_api_virtualenv.py took 0.146 seconds
[2024-03-01T16:21:54.450+0530] {processor.py:161} INFO - Started process (PID=7451) to work on /home/akranth/airflow/airflow_env/lib/python3.11/site-packages/airflow/example_dags/tutorial_taskflow_api_virtualenv.py
[2024-03-01T16:21:54.452+0530] {processor.py:830} INFO - Processing file /home/akranth/airflow/airflow_env/lib/python3.11/site-packages/airflow/example_dags/tutorial_taskflow_api_virtualenv.py for tasks to queue
[2024-03-01T16:21:54.454+0530] {logging_mixin.py:188} INFO - [2024-03-01T16:21:54.453+0530] {dagbag.py:540} INFO - Filling up the DagBag from /home/akranth/airflow/airflow_env/lib/python3.11/site-packages/airflow/example_dags/tutorial_taskflow_api_virtualenv.py
[2024-03-01T16:21:54.472+0530] {processor.py:840} INFO - DAG(s) 'tutorial_taskflow_api_virtualenv' retrieved from /home/akranth/airflow/airflow_env/lib/python3.11/site-packages/airflow/example_dags/tutorial_taskflow_api_virtualenv.py
[2024-03-01T16:21:54.487+0530] {logging_mixin.py:188} INFO - [2024-03-01T16:21:54.487+0530] {dag.py:3047} INFO - Sync 1 DAGs
[2024-03-01T16:21:54.497+0530] {logging_mixin.py:188} INFO - [2024-03-01T16:21:54.497+0530] {dag.py:3834} INFO - Setting next_dagrun for tutorial_taskflow_api_virtualenv to None, run_after=None
[2024-03-01T16:21:54.693+0530] {processor.py:183} INFO - Processing /home/akranth/airflow/airflow_env/lib/python3.11/site-packages/airflow/example_dags/tutorial_taskflow_api_virtualenv.py took 0.251 seconds
[2024-03-01T16:22:52.879+0530] {processor.py:161} INFO - Started process (PID=7514) to work on /home/akranth/airflow/airflow_env/lib/python3.11/site-packages/airflow/example_dags/tutorial_taskflow_api_virtualenv.py
[2024-03-01T16:22:52.881+0530] {processor.py:830} INFO - Processing file /home/akranth/airflow/airflow_env/lib/python3.11/site-packages/airflow/example_dags/tutorial_taskflow_api_virtualenv.py for tasks to queue
[2024-03-01T16:22:52.883+0530] {logging_mixin.py:188} INFO - [2024-03-01T16:22:52.882+0530] {dagbag.py:540} INFO - Filling up the DagBag from /home/akranth/airflow/airflow_env/lib/python3.11/site-packages/airflow/example_dags/tutorial_taskflow_api_virtualenv.py
[2024-03-01T16:22:52.903+0530] {processor.py:840} INFO - DAG(s) 'tutorial_taskflow_api_virtualenv' retrieved from /home/akranth/airflow/airflow_env/lib/python3.11/site-packages/airflow/example_dags/tutorial_taskflow_api_virtualenv.py
[2024-03-01T16:22:52.914+0530] {logging_mixin.py:188} INFO - [2024-03-01T16:22:52.914+0530] {dag.py:3047} INFO - Sync 1 DAGs
[2024-03-01T16:22:52.922+0530] {logging_mixin.py:188} INFO - [2024-03-01T16:22:52.922+0530] {dag.py:3834} INFO - Setting next_dagrun for tutorial_taskflow_api_virtualenv to None, run_after=None
[2024-03-01T16:22:53.180+0530] {processor.py:183} INFO - Processing /home/akranth/airflow/airflow_env/lib/python3.11/site-packages/airflow/example_dags/tutorial_taskflow_api_virtualenv.py took 0.307 seconds
[2024-03-01T16:23:52.832+0530] {processor.py:161} INFO - Started process (PID=7573) to work on /home/akranth/airflow/airflow_env/lib/python3.11/site-packages/airflow/example_dags/tutorial_taskflow_api_virtualenv.py
[2024-03-01T16:23:52.834+0530] {processor.py:830} INFO - Processing file /home/akranth/airflow/airflow_env/lib/python3.11/site-packages/airflow/example_dags/tutorial_taskflow_api_virtualenv.py for tasks to queue
[2024-03-01T16:23:52.836+0530] {logging_mixin.py:188} INFO - [2024-03-01T16:23:52.835+0530] {dagbag.py:540} INFO - Filling up the DagBag from /home/akranth/airflow/airflow_env/lib/python3.11/site-packages/airflow/example_dags/tutorial_taskflow_api_virtualenv.py
[2024-03-01T16:23:52.857+0530] {processor.py:840} INFO - DAG(s) 'tutorial_taskflow_api_virtualenv' retrieved from /home/akranth/airflow/airflow_env/lib/python3.11/site-packages/airflow/example_dags/tutorial_taskflow_api_virtualenv.py
[2024-03-01T16:23:52.872+0530] {logging_mixin.py:188} INFO - [2024-03-01T16:23:52.872+0530] {dag.py:3047} INFO - Sync 1 DAGs
[2024-03-01T16:23:52.882+0530] {logging_mixin.py:188} INFO - [2024-03-01T16:23:52.882+0530] {dag.py:3834} INFO - Setting next_dagrun for tutorial_taskflow_api_virtualenv to None, run_after=None
[2024-03-01T16:23:53.109+0530] {processor.py:183} INFO - Processing /home/akranth/airflow/airflow_env/lib/python3.11/site-packages/airflow/example_dags/tutorial_taskflow_api_virtualenv.py took 0.283 seconds
[2024-03-01T16:24:59.612+0530] {processor.py:161} INFO - Started process (PID=7642) to work on /home/akranth/airflow/airflow_env/lib/python3.11/site-packages/airflow/example_dags/tutorial_taskflow_api_virtualenv.py
[2024-03-01T16:24:59.701+0530] {processor.py:830} INFO - Processing file /home/akranth/airflow/airflow_env/lib/python3.11/site-packages/airflow/example_dags/tutorial_taskflow_api_virtualenv.py for tasks to queue
[2024-03-01T16:24:59.703+0530] {logging_mixin.py:188} INFO - [2024-03-01T16:24:59.702+0530] {dagbag.py:540} INFO - Filling up the DagBag from /home/akranth/airflow/airflow_env/lib/python3.11/site-packages/airflow/example_dags/tutorial_taskflow_api_virtualenv.py
[2024-03-01T16:24:59.728+0530] {processor.py:840} INFO - DAG(s) 'tutorial_taskflow_api_virtualenv' retrieved from /home/akranth/airflow/airflow_env/lib/python3.11/site-packages/airflow/example_dags/tutorial_taskflow_api_virtualenv.py
[2024-03-01T16:24:59.749+0530] {logging_mixin.py:188} INFO - [2024-03-01T16:24:59.749+0530] {dag.py:3047} INFO - Sync 1 DAGs
[2024-03-01T16:24:59.758+0530] {logging_mixin.py:188} INFO - [2024-03-01T16:24:59.758+0530] {dag.py:3834} INFO - Setting next_dagrun for tutorial_taskflow_api_virtualenv to None, run_after=None
[2024-03-01T16:24:59.859+0530] {processor.py:183} INFO - Processing /home/akranth/airflow/airflow_env/lib/python3.11/site-packages/airflow/example_dags/tutorial_taskflow_api_virtualenv.py took 0.249 seconds
[2024-03-01T16:26:02.300+0530] {processor.py:161} INFO - Started process (PID=7711) to work on /home/akranth/airflow/airflow_env/lib/python3.11/site-packages/airflow/example_dags/tutorial_taskflow_api_virtualenv.py
[2024-03-01T16:26:02.315+0530] {processor.py:830} INFO - Processing file /home/akranth/airflow/airflow_env/lib/python3.11/site-packages/airflow/example_dags/tutorial_taskflow_api_virtualenv.py for tasks to queue
[2024-03-01T16:26:02.316+0530] {logging_mixin.py:188} INFO - [2024-03-01T16:26:02.316+0530] {dagbag.py:540} INFO - Filling up the DagBag from /home/akranth/airflow/airflow_env/lib/python3.11/site-packages/airflow/example_dags/tutorial_taskflow_api_virtualenv.py
[2024-03-01T16:26:02.326+0530] {processor.py:840} INFO - DAG(s) 'tutorial_taskflow_api_virtualenv' retrieved from /home/akranth/airflow/airflow_env/lib/python3.11/site-packages/airflow/example_dags/tutorial_taskflow_api_virtualenv.py
[2024-03-01T16:26:02.341+0530] {logging_mixin.py:188} INFO - [2024-03-01T16:26:02.341+0530] {dag.py:3047} INFO - Sync 1 DAGs
[2024-03-01T16:26:02.351+0530] {logging_mixin.py:188} INFO - [2024-03-01T16:26:02.350+0530] {dag.py:3834} INFO - Setting next_dagrun for tutorial_taskflow_api_virtualenv to None, run_after=None
[2024-03-01T16:26:02.452+0530] {processor.py:183} INFO - Processing /home/akranth/airflow/airflow_env/lib/python3.11/site-packages/airflow/example_dags/tutorial_taskflow_api_virtualenv.py took 0.154 seconds
[2024-03-01T16:27:00.182+0530] {processor.py:161} INFO - Started process (PID=7776) to work on /home/akranth/airflow/airflow_env/lib/python3.11/site-packages/airflow/example_dags/tutorial_taskflow_api_virtualenv.py
[2024-03-01T16:27:00.201+0530] {processor.py:830} INFO - Processing file /home/akranth/airflow/airflow_env/lib/python3.11/site-packages/airflow/example_dags/tutorial_taskflow_api_virtualenv.py for tasks to queue
[2024-03-01T16:27:00.203+0530] {logging_mixin.py:188} INFO - [2024-03-01T16:27:00.202+0530] {dagbag.py:540} INFO - Filling up the DagBag from /home/akranth/airflow/airflow_env/lib/python3.11/site-packages/airflow/example_dags/tutorial_taskflow_api_virtualenv.py
[2024-03-01T16:27:00.228+0530] {processor.py:840} INFO - DAG(s) 'tutorial_taskflow_api_virtualenv' retrieved from /home/akranth/airflow/airflow_env/lib/python3.11/site-packages/airflow/example_dags/tutorial_taskflow_api_virtualenv.py
[2024-03-01T16:27:00.247+0530] {logging_mixin.py:188} INFO - [2024-03-01T16:27:00.247+0530] {dag.py:3047} INFO - Sync 1 DAGs
[2024-03-01T16:27:00.256+0530] {logging_mixin.py:188} INFO - [2024-03-01T16:27:00.256+0530] {dag.py:3834} INFO - Setting next_dagrun for tutorial_taskflow_api_virtualenv to None, run_after=None
[2024-03-01T16:27:00.376+0530] {processor.py:183} INFO - Processing /home/akranth/airflow/airflow_env/lib/python3.11/site-packages/airflow/example_dags/tutorial_taskflow_api_virtualenv.py took 0.200 seconds
[2024-03-01T16:27:54.737+0530] {processor.py:161} INFO - Started process (PID=7839) to work on /home/akranth/airflow/airflow_env/lib/python3.11/site-packages/airflow/example_dags/tutorial_taskflow_api_virtualenv.py
[2024-03-01T16:27:54.766+0530] {processor.py:830} INFO - Processing file /home/akranth/airflow/airflow_env/lib/python3.11/site-packages/airflow/example_dags/tutorial_taskflow_api_virtualenv.py for tasks to queue
[2024-03-01T16:27:54.768+0530] {logging_mixin.py:188} INFO - [2024-03-01T16:27:54.767+0530] {dagbag.py:540} INFO - Filling up the DagBag from /home/akranth/airflow/airflow_env/lib/python3.11/site-packages/airflow/example_dags/tutorial_taskflow_api_virtualenv.py
[2024-03-01T16:27:54.796+0530] {processor.py:840} INFO - DAG(s) 'tutorial_taskflow_api_virtualenv' retrieved from /home/akranth/airflow/airflow_env/lib/python3.11/site-packages/airflow/example_dags/tutorial_taskflow_api_virtualenv.py
[2024-03-01T16:27:54.817+0530] {logging_mixin.py:188} INFO - [2024-03-01T16:27:54.816+0530] {dag.py:3047} INFO - Sync 1 DAGs
[2024-03-01T16:27:54.829+0530] {logging_mixin.py:188} INFO - [2024-03-01T16:27:54.829+0530] {dag.py:3834} INFO - Setting next_dagrun for tutorial_taskflow_api_virtualenv to None, run_after=None
[2024-03-01T16:27:55.078+0530] {processor.py:183} INFO - Processing /home/akranth/airflow/airflow_env/lib/python3.11/site-packages/airflow/example_dags/tutorial_taskflow_api_virtualenv.py took 0.345 seconds
[2024-03-01T16:29:12.079+0530] {processor.py:161} INFO - Started process (PID=7930) to work on /home/akranth/airflow/airflow_env/lib/python3.11/site-packages/airflow/example_dags/tutorial_taskflow_api_virtualenv.py
[2024-03-01T16:29:12.169+0530] {processor.py:830} INFO - Processing file /home/akranth/airflow/airflow_env/lib/python3.11/site-packages/airflow/example_dags/tutorial_taskflow_api_virtualenv.py for tasks to queue
[2024-03-01T16:29:12.171+0530] {logging_mixin.py:188} INFO - [2024-03-01T16:29:12.170+0530] {dagbag.py:540} INFO - Filling up the DagBag from /home/akranth/airflow/airflow_env/lib/python3.11/site-packages/airflow/example_dags/tutorial_taskflow_api_virtualenv.py
[2024-03-01T16:29:12.196+0530] {processor.py:840} INFO - DAG(s) 'tutorial_taskflow_api_virtualenv' retrieved from /home/akranth/airflow/airflow_env/lib/python3.11/site-packages/airflow/example_dags/tutorial_taskflow_api_virtualenv.py
[2024-03-01T16:29:12.217+0530] {logging_mixin.py:188} INFO - [2024-03-01T16:29:12.217+0530] {dag.py:3047} INFO - Sync 1 DAGs
[2024-03-01T16:29:12.226+0530] {logging_mixin.py:188} INFO - [2024-03-01T16:29:12.226+0530] {dag.py:3834} INFO - Setting next_dagrun for tutorial_taskflow_api_virtualenv to None, run_after=None
[2024-03-01T16:29:12.344+0530] {processor.py:183} INFO - Processing /home/akranth/airflow/airflow_env/lib/python3.11/site-packages/airflow/example_dags/tutorial_taskflow_api_virtualenv.py took 0.271 seconds
[2024-03-01T16:30:36.845+0530] {processor.py:161} INFO - Started process (PID=8033) to work on /home/akranth/airflow/airflow_env/lib/python3.11/site-packages/airflow/example_dags/tutorial_taskflow_api_virtualenv.py
[2024-03-01T16:30:36.857+0530] {processor.py:830} INFO - Processing file /home/akranth/airflow/airflow_env/lib/python3.11/site-packages/airflow/example_dags/tutorial_taskflow_api_virtualenv.py for tasks to queue
[2024-03-01T16:30:36.859+0530] {logging_mixin.py:188} INFO - [2024-03-01T16:30:36.858+0530] {dagbag.py:540} INFO - Filling up the DagBag from /home/akranth/airflow/airflow_env/lib/python3.11/site-packages/airflow/example_dags/tutorial_taskflow_api_virtualenv.py
[2024-03-01T16:30:36.886+0530] {processor.py:840} INFO - DAG(s) 'tutorial_taskflow_api_virtualenv' retrieved from /home/akranth/airflow/airflow_env/lib/python3.11/site-packages/airflow/example_dags/tutorial_taskflow_api_virtualenv.py
[2024-03-01T16:30:36.904+0530] {logging_mixin.py:188} INFO - [2024-03-01T16:30:36.904+0530] {dag.py:3047} INFO - Sync 1 DAGs
[2024-03-01T16:30:36.914+0530] {logging_mixin.py:188} INFO - [2024-03-01T16:30:36.914+0530] {dag.py:3834} INFO - Setting next_dagrun for tutorial_taskflow_api_virtualenv to None, run_after=None
[2024-03-01T16:30:37.307+0530] {processor.py:183} INFO - Processing /home/akranth/airflow/airflow_env/lib/python3.11/site-packages/airflow/example_dags/tutorial_taskflow_api_virtualenv.py took 0.465 seconds
[2024-03-01T16:31:55.957+0530] {processor.py:161} INFO - Started process (PID=9114) to work on /home/akranth/airflow/airflow_env/lib/python3.11/site-packages/airflow/example_dags/tutorial_taskflow_api_virtualenv.py
[2024-03-01T16:31:55.971+0530] {processor.py:830} INFO - Processing file /home/akranth/airflow/airflow_env/lib/python3.11/site-packages/airflow/example_dags/tutorial_taskflow_api_virtualenv.py for tasks to queue
[2024-03-01T16:31:55.972+0530] {logging_mixin.py:188} INFO - [2024-03-01T16:31:55.971+0530] {dagbag.py:540} INFO - Filling up the DagBag from /home/akranth/airflow/airflow_env/lib/python3.11/site-packages/airflow/example_dags/tutorial_taskflow_api_virtualenv.py
[2024-03-01T16:31:56.003+0530] {processor.py:840} INFO - DAG(s) 'tutorial_taskflow_api_virtualenv' retrieved from /home/akranth/airflow/airflow_env/lib/python3.11/site-packages/airflow/example_dags/tutorial_taskflow_api_virtualenv.py
[2024-03-01T16:31:56.022+0530] {logging_mixin.py:188} INFO - [2024-03-01T16:31:56.022+0530] {dag.py:3047} INFO - Sync 1 DAGs
[2024-03-01T16:31:56.038+0530] {logging_mixin.py:188} INFO - [2024-03-01T16:31:56.038+0530] {dag.py:3834} INFO - Setting next_dagrun for tutorial_taskflow_api_virtualenv to None, run_after=None
[2024-03-01T16:31:56.180+0530] {processor.py:183} INFO - Processing /home/akranth/airflow/airflow_env/lib/python3.11/site-packages/airflow/example_dags/tutorial_taskflow_api_virtualenv.py took 0.226 seconds
[2024-03-01T16:33:37.298+0530] {processor.py:161} INFO - Started process (PID=9383) to work on /home/akranth/airflow/airflow_env/lib/python3.11/site-packages/airflow/example_dags/tutorial_taskflow_api_virtualenv.py
[2024-03-01T16:33:37.298+0530] {processor.py:830} INFO - Processing file /home/akranth/airflow/airflow_env/lib/python3.11/site-packages/airflow/example_dags/tutorial_taskflow_api_virtualenv.py for tasks to queue
[2024-03-01T16:33:37.299+0530] {logging_mixin.py:188} INFO - [2024-03-01T16:33:37.299+0530] {dagbag.py:540} INFO - Filling up the DagBag from /home/akranth/airflow/airflow_env/lib/python3.11/site-packages/airflow/example_dags/tutorial_taskflow_api_virtualenv.py
[2024-03-01T16:33:37.308+0530] {processor.py:840} INFO - DAG(s) 'tutorial_taskflow_api_virtualenv' retrieved from /home/akranth/airflow/airflow_env/lib/python3.11/site-packages/airflow/example_dags/tutorial_taskflow_api_virtualenv.py
[2024-03-01T16:33:37.322+0530] {logging_mixin.py:188} INFO - [2024-03-01T16:33:37.321+0530] {dag.py:3047} INFO - Sync 1 DAGs
[2024-03-01T16:33:37.333+0530] {logging_mixin.py:188} INFO - [2024-03-01T16:33:37.333+0530] {dag.py:3834} INFO - Setting next_dagrun for tutorial_taskflow_api_virtualenv to None, run_after=None
[2024-03-01T16:33:37.454+0530] {processor.py:183} INFO - Processing /home/akranth/airflow/airflow_env/lib/python3.11/site-packages/airflow/example_dags/tutorial_taskflow_api_virtualenv.py took 0.158 seconds
[2024-03-01T16:34:56.814+0530] {processor.py:161} INFO - Started process (PID=9583) to work on /home/akranth/airflow/airflow_env/lib/python3.11/site-packages/airflow/example_dags/tutorial_taskflow_api_virtualenv.py
[2024-03-01T16:34:56.836+0530] {processor.py:830} INFO - Processing file /home/akranth/airflow/airflow_env/lib/python3.11/site-packages/airflow/example_dags/tutorial_taskflow_api_virtualenv.py for tasks to queue
[2024-03-01T16:34:56.839+0530] {logging_mixin.py:188} INFO - [2024-03-01T16:34:56.838+0530] {dagbag.py:540} INFO - Filling up the DagBag from /home/akranth/airflow/airflow_env/lib/python3.11/site-packages/airflow/example_dags/tutorial_taskflow_api_virtualenv.py
[2024-03-01T16:34:56.863+0530] {processor.py:840} INFO - DAG(s) 'tutorial_taskflow_api_virtualenv' retrieved from /home/akranth/airflow/airflow_env/lib/python3.11/site-packages/airflow/example_dags/tutorial_taskflow_api_virtualenv.py
[2024-03-01T16:34:56.880+0530] {logging_mixin.py:188} INFO - [2024-03-01T16:34:56.879+0530] {dag.py:3047} INFO - Sync 1 DAGs
[2024-03-01T16:34:56.890+0530] {logging_mixin.py:188} INFO - [2024-03-01T16:34:56.890+0530] {dag.py:3834} INFO - Setting next_dagrun for tutorial_taskflow_api_virtualenv to None, run_after=None
[2024-03-01T16:34:57.016+0530] {processor.py:183} INFO - Processing /home/akranth/airflow/airflow_env/lib/python3.11/site-packages/airflow/example_dags/tutorial_taskflow_api_virtualenv.py took 0.208 seconds
