[2024-03-01T16:18:15.388+0530] {processor.py:161} INFO - Started process (PID=7080) to work on /home/akranth/airflow/airflow_env/lib/python3.11/site-packages/airflow/example_dags/tutorial_objectstorage.py
[2024-03-01T16:18:15.389+0530] {processor.py:830} INFO - Processing file /home/akranth/airflow/airflow_env/lib/python3.11/site-packages/airflow/example_dags/tutorial_objectstorage.py for tasks to queue
[2024-03-01T16:18:15.389+0530] {logging_mixin.py:188} INFO - [2024-03-01T16:18:15.389+0530] {dagbag.py:540} INFO - Filling up the DagBag from /home/akranth/airflow/airflow_env/lib/python3.11/site-packages/airflow/example_dags/tutorial_objectstorage.py
[2024-03-01T16:18:15.396+0530] {processor.py:840} INFO - DAG(s) 'tutorial_objectstorage' retrieved from /home/akranth/airflow/airflow_env/lib/python3.11/site-packages/airflow/example_dags/tutorial_objectstorage.py
[2024-03-01T16:18:15.534+0530] {logging_mixin.py:188} INFO - [2024-03-01T16:18:15.534+0530] {dag.py:3047} INFO - Sync 1 DAGs
[2024-03-01T16:18:15.540+0530] {logging_mixin.py:188} INFO - [2024-03-01T16:18:15.540+0530] {dag.py:3834} INFO - Setting next_dagrun for tutorial_objectstorage to None, run_after=None
[2024-03-01T16:18:15.929+0530] {processor.py:183} INFO - Processing /home/akranth/airflow/airflow_env/lib/python3.11/site-packages/airflow/example_dags/tutorial_objectstorage.py took 0.543 seconds
[2024-03-01T16:19:24.028+0530] {processor.py:161} INFO - Started process (PID=7194) to work on /home/akranth/airflow/airflow_env/lib/python3.11/site-packages/airflow/example_dags/tutorial_objectstorage.py
[2024-03-01T16:19:24.031+0530] {processor.py:830} INFO - Processing file /home/akranth/airflow/airflow_env/lib/python3.11/site-packages/airflow/example_dags/tutorial_objectstorage.py for tasks to queue
[2024-03-01T16:19:24.032+0530] {logging_mixin.py:188} INFO - [2024-03-01T16:19:24.032+0530] {dagbag.py:540} INFO - Filling up the DagBag from /home/akranth/airflow/airflow_env/lib/python3.11/site-packages/airflow/example_dags/tutorial_objectstorage.py
[2024-03-01T16:19:24.038+0530] {processor.py:840} INFO - DAG(s) 'tutorial_objectstorage' retrieved from /home/akranth/airflow/airflow_env/lib/python3.11/site-packages/airflow/example_dags/tutorial_objectstorage.py
[2024-03-01T16:19:24.048+0530] {logging_mixin.py:188} INFO - [2024-03-01T16:19:24.048+0530] {dag.py:3047} INFO - Sync 1 DAGs
[2024-03-01T16:19:24.130+0530] {logging_mixin.py:188} INFO - [2024-03-01T16:19:24.130+0530] {dag.py:3834} INFO - Setting next_dagrun for tutorial_objectstorage to None, run_after=None
[2024-03-01T16:19:24.222+0530] {processor.py:183} INFO - Processing /home/akranth/airflow/airflow_env/lib/python3.11/site-packages/airflow/example_dags/tutorial_objectstorage.py took 0.197 seconds
[2024-03-01T16:20:24.738+0530] {processor.py:161} INFO - Started process (PID=7344) to work on /home/akranth/airflow/airflow_env/lib/python3.11/site-packages/airflow/example_dags/tutorial_objectstorage.py
[2024-03-01T16:20:24.824+0530] {processor.py:830} INFO - Processing file /home/akranth/airflow/airflow_env/lib/python3.11/site-packages/airflow/example_dags/tutorial_objectstorage.py for tasks to queue
[2024-03-01T16:20:24.825+0530] {logging_mixin.py:188} INFO - [2024-03-01T16:20:24.825+0530] {dagbag.py:540} INFO - Filling up the DagBag from /home/akranth/airflow/airflow_env/lib/python3.11/site-packages/airflow/example_dags/tutorial_objectstorage.py
[2024-03-01T16:20:24.830+0530] {processor.py:840} INFO - DAG(s) 'tutorial_objectstorage' retrieved from /home/akranth/airflow/airflow_env/lib/python3.11/site-packages/airflow/example_dags/tutorial_objectstorage.py
[2024-03-01T16:20:24.844+0530] {logging_mixin.py:188} INFO - [2024-03-01T16:20:24.843+0530] {dag.py:3047} INFO - Sync 1 DAGs
[2024-03-01T16:20:24.854+0530] {logging_mixin.py:188} INFO - [2024-03-01T16:20:24.854+0530] {dag.py:3834} INFO - Setting next_dagrun for tutorial_objectstorage to None, run_after=None
[2024-03-01T16:20:24.951+0530] {processor.py:183} INFO - Processing /home/akranth/airflow/airflow_env/lib/python3.11/site-packages/airflow/example_dags/tutorial_objectstorage.py took 0.215 seconds
[2024-03-01T16:21:25.170+0530] {processor.py:161} INFO - Started process (PID=7415) to work on /home/akranth/airflow/airflow_env/lib/python3.11/site-packages/airflow/example_dags/tutorial_objectstorage.py
[2024-03-01T16:21:25.172+0530] {processor.py:830} INFO - Processing file /home/akranth/airflow/airflow_env/lib/python3.11/site-packages/airflow/example_dags/tutorial_objectstorage.py for tasks to queue
[2024-03-01T16:21:25.174+0530] {logging_mixin.py:188} INFO - [2024-03-01T16:21:25.173+0530] {dagbag.py:540} INFO - Filling up the DagBag from /home/akranth/airflow/airflow_env/lib/python3.11/site-packages/airflow/example_dags/tutorial_objectstorage.py
[2024-03-01T16:21:25.189+0530] {processor.py:840} INFO - DAG(s) 'tutorial_objectstorage' retrieved from /home/akranth/airflow/airflow_env/lib/python3.11/site-packages/airflow/example_dags/tutorial_objectstorage.py
[2024-03-01T16:21:25.207+0530] {logging_mixin.py:188} INFO - [2024-03-01T16:21:25.206+0530] {dag.py:3047} INFO - Sync 1 DAGs
[2024-03-01T16:21:25.216+0530] {logging_mixin.py:188} INFO - [2024-03-01T16:21:25.216+0530] {dag.py:3834} INFO - Setting next_dagrun for tutorial_objectstorage to None, run_after=None
[2024-03-01T16:21:25.408+0530] {processor.py:183} INFO - Processing /home/akranth/airflow/airflow_env/lib/python3.11/site-packages/airflow/example_dags/tutorial_objectstorage.py took 0.245 seconds
[2024-03-01T16:22:28.858+0530] {processor.py:161} INFO - Started process (PID=7492) to work on /home/akranth/airflow/airflow_env/lib/python3.11/site-packages/airflow/example_dags/tutorial_objectstorage.py
[2024-03-01T16:22:28.859+0530] {processor.py:830} INFO - Processing file /home/akranth/airflow/airflow_env/lib/python3.11/site-packages/airflow/example_dags/tutorial_objectstorage.py for tasks to queue
[2024-03-01T16:22:28.860+0530] {logging_mixin.py:188} INFO - [2024-03-01T16:22:28.859+0530] {dagbag.py:540} INFO - Filling up the DagBag from /home/akranth/airflow/airflow_env/lib/python3.11/site-packages/airflow/example_dags/tutorial_objectstorage.py
[2024-03-01T16:22:28.865+0530] {processor.py:840} INFO - DAG(s) 'tutorial_objectstorage' retrieved from /home/akranth/airflow/airflow_env/lib/python3.11/site-packages/airflow/example_dags/tutorial_objectstorage.py
[2024-03-01T16:22:28.876+0530] {logging_mixin.py:188} INFO - [2024-03-01T16:22:28.876+0530] {dag.py:3047} INFO - Sync 1 DAGs
[2024-03-01T16:22:28.885+0530] {logging_mixin.py:188} INFO - [2024-03-01T16:22:28.884+0530] {dag.py:3834} INFO - Setting next_dagrun for tutorial_objectstorage to None, run_after=None
[2024-03-01T16:22:28.994+0530] {processor.py:183} INFO - Processing /home/akranth/airflow/airflow_env/lib/python3.11/site-packages/airflow/example_dags/tutorial_objectstorage.py took 0.138 seconds
[2024-03-01T16:23:25.694+0530] {processor.py:161} INFO - Started process (PID=7550) to work on /home/akranth/airflow/airflow_env/lib/python3.11/site-packages/airflow/example_dags/tutorial_objectstorage.py
[2024-03-01T16:23:25.696+0530] {processor.py:830} INFO - Processing file /home/akranth/airflow/airflow_env/lib/python3.11/site-packages/airflow/example_dags/tutorial_objectstorage.py for tasks to queue
[2024-03-01T16:23:25.698+0530] {logging_mixin.py:188} INFO - [2024-03-01T16:23:25.697+0530] {dagbag.py:540} INFO - Filling up the DagBag from /home/akranth/airflow/airflow_env/lib/python3.11/site-packages/airflow/example_dags/tutorial_objectstorage.py
[2024-03-01T16:23:25.714+0530] {processor.py:840} INFO - DAG(s) 'tutorial_objectstorage' retrieved from /home/akranth/airflow/airflow_env/lib/python3.11/site-packages/airflow/example_dags/tutorial_objectstorage.py
[2024-03-01T16:23:25.733+0530] {logging_mixin.py:188} INFO - [2024-03-01T16:23:25.733+0530] {dag.py:3047} INFO - Sync 1 DAGs
[2024-03-01T16:23:25.742+0530] {logging_mixin.py:188} INFO - [2024-03-01T16:23:25.742+0530] {dag.py:3834} INFO - Setting next_dagrun for tutorial_objectstorage to None, run_after=None
[2024-03-01T16:23:25.927+0530] {processor.py:183} INFO - Processing /home/akranth/airflow/airflow_env/lib/python3.11/site-packages/airflow/example_dags/tutorial_objectstorage.py took 0.239 seconds
[2024-03-01T16:24:25.944+0530] {processor.py:161} INFO - Started process (PID=7605) to work on /home/akranth/airflow/airflow_env/lib/python3.11/site-packages/airflow/example_dags/tutorial_objectstorage.py
[2024-03-01T16:24:25.946+0530] {processor.py:830} INFO - Processing file /home/akranth/airflow/airflow_env/lib/python3.11/site-packages/airflow/example_dags/tutorial_objectstorage.py for tasks to queue
[2024-03-01T16:24:25.948+0530] {logging_mixin.py:188} INFO - [2024-03-01T16:24:25.947+0530] {dagbag.py:540} INFO - Filling up the DagBag from /home/akranth/airflow/airflow_env/lib/python3.11/site-packages/airflow/example_dags/tutorial_objectstorage.py
[2024-03-01T16:24:25.961+0530] {processor.py:840} INFO - DAG(s) 'tutorial_objectstorage' retrieved from /home/akranth/airflow/airflow_env/lib/python3.11/site-packages/airflow/example_dags/tutorial_objectstorage.py
[2024-03-01T16:24:25.976+0530] {logging_mixin.py:188} INFO - [2024-03-01T16:24:25.976+0530] {dag.py:3047} INFO - Sync 1 DAGs
[2024-03-01T16:24:25.985+0530] {logging_mixin.py:188} INFO - [2024-03-01T16:24:25.985+0530] {dag.py:3834} INFO - Setting next_dagrun for tutorial_objectstorage to None, run_after=None
[2024-03-01T16:24:26.290+0530] {processor.py:183} INFO - Processing /home/akranth/airflow/airflow_env/lib/python3.11/site-packages/airflow/example_dags/tutorial_objectstorage.py took 0.353 seconds
[2024-03-01T16:25:31.478+0530] {processor.py:161} INFO - Started process (PID=7676) to work on /home/akranth/airflow/airflow_env/lib/python3.11/site-packages/airflow/example_dags/tutorial_objectstorage.py
[2024-03-01T16:25:31.479+0530] {processor.py:830} INFO - Processing file /home/akranth/airflow/airflow_env/lib/python3.11/site-packages/airflow/example_dags/tutorial_objectstorage.py for tasks to queue
[2024-03-01T16:25:31.480+0530] {logging_mixin.py:188} INFO - [2024-03-01T16:25:31.479+0530] {dagbag.py:540} INFO - Filling up the DagBag from /home/akranth/airflow/airflow_env/lib/python3.11/site-packages/airflow/example_dags/tutorial_objectstorage.py
[2024-03-01T16:25:31.485+0530] {processor.py:840} INFO - DAG(s) 'tutorial_objectstorage' retrieved from /home/akranth/airflow/airflow_env/lib/python3.11/site-packages/airflow/example_dags/tutorial_objectstorage.py
[2024-03-01T16:25:31.496+0530] {logging_mixin.py:188} INFO - [2024-03-01T16:25:31.495+0530] {dag.py:3047} INFO - Sync 1 DAGs
[2024-03-01T16:25:31.504+0530] {logging_mixin.py:188} INFO - [2024-03-01T16:25:31.504+0530] {dag.py:3834} INFO - Setting next_dagrun for tutorial_objectstorage to None, run_after=None
[2024-03-01T16:25:31.791+0530] {processor.py:183} INFO - Processing /home/akranth/airflow/airflow_env/lib/python3.11/site-packages/airflow/example_dags/tutorial_objectstorage.py took 0.315 seconds
[2024-03-01T16:26:31.054+0530] {processor.py:161} INFO - Started process (PID=7742) to work on /home/akranth/airflow/airflow_env/lib/python3.11/site-packages/airflow/example_dags/tutorial_objectstorage.py
[2024-03-01T16:26:31.081+0530] {processor.py:830} INFO - Processing file /home/akranth/airflow/airflow_env/lib/python3.11/site-packages/airflow/example_dags/tutorial_objectstorage.py for tasks to queue
[2024-03-01T16:26:31.082+0530] {logging_mixin.py:188} INFO - [2024-03-01T16:26:31.082+0530] {dagbag.py:540} INFO - Filling up the DagBag from /home/akranth/airflow/airflow_env/lib/python3.11/site-packages/airflow/example_dags/tutorial_objectstorage.py
[2024-03-01T16:26:31.087+0530] {processor.py:840} INFO - DAG(s) 'tutorial_objectstorage' retrieved from /home/akranth/airflow/airflow_env/lib/python3.11/site-packages/airflow/example_dags/tutorial_objectstorage.py
[2024-03-01T16:26:31.098+0530] {logging_mixin.py:188} INFO - [2024-03-01T16:26:31.098+0530] {dag.py:3047} INFO - Sync 1 DAGs
[2024-03-01T16:26:31.107+0530] {logging_mixin.py:188} INFO - [2024-03-01T16:26:31.107+0530] {dag.py:3834} INFO - Setting next_dagrun for tutorial_objectstorage to None, run_after=None
[2024-03-01T16:26:31.218+0530] {processor.py:183} INFO - Processing /home/akranth/airflow/airflow_env/lib/python3.11/site-packages/airflow/example_dags/tutorial_objectstorage.py took 0.166 seconds
[2024-03-01T16:27:28.068+0530] {processor.py:161} INFO - Started process (PID=7804) to work on /home/akranth/airflow/airflow_env/lib/python3.11/site-packages/airflow/example_dags/tutorial_objectstorage.py
[2024-03-01T16:27:28.070+0530] {processor.py:830} INFO - Processing file /home/akranth/airflow/airflow_env/lib/python3.11/site-packages/airflow/example_dags/tutorial_objectstorage.py for tasks to queue
[2024-03-01T16:27:28.072+0530] {logging_mixin.py:188} INFO - [2024-03-01T16:27:28.071+0530] {dagbag.py:540} INFO - Filling up the DagBag from /home/akranth/airflow/airflow_env/lib/python3.11/site-packages/airflow/example_dags/tutorial_objectstorage.py
[2024-03-01T16:27:28.088+0530] {processor.py:840} INFO - DAG(s) 'tutorial_objectstorage' retrieved from /home/akranth/airflow/airflow_env/lib/python3.11/site-packages/airflow/example_dags/tutorial_objectstorage.py
[2024-03-01T16:27:28.106+0530] {logging_mixin.py:188} INFO - [2024-03-01T16:27:28.106+0530] {dag.py:3047} INFO - Sync 1 DAGs
[2024-03-01T16:27:28.115+0530] {logging_mixin.py:188} INFO - [2024-03-01T16:27:28.115+0530] {dag.py:3834} INFO - Setting next_dagrun for tutorial_objectstorage to None, run_after=None
[2024-03-01T16:27:28.235+0530] {processor.py:183} INFO - Processing /home/akranth/airflow/airflow_env/lib/python3.11/site-packages/airflow/example_dags/tutorial_objectstorage.py took 0.173 seconds
[2024-03-01T16:28:27.933+0530] {processor.py:161} INFO - Started process (PID=7878) to work on /home/akranth/airflow/airflow_env/lib/python3.11/site-packages/airflow/example_dags/tutorial_objectstorage.py
[2024-03-01T16:28:27.935+0530] {processor.py:830} INFO - Processing file /home/akranth/airflow/airflow_env/lib/python3.11/site-packages/airflow/example_dags/tutorial_objectstorage.py for tasks to queue
[2024-03-01T16:28:27.936+0530] {logging_mixin.py:188} INFO - [2024-03-01T16:28:27.936+0530] {dagbag.py:540} INFO - Filling up the DagBag from /home/akranth/airflow/airflow_env/lib/python3.11/site-packages/airflow/example_dags/tutorial_objectstorage.py
[2024-03-01T16:28:27.945+0530] {processor.py:840} INFO - DAG(s) 'tutorial_objectstorage' retrieved from /home/akranth/airflow/airflow_env/lib/python3.11/site-packages/airflow/example_dags/tutorial_objectstorage.py
[2024-03-01T16:28:27.969+0530] {logging_mixin.py:188} INFO - [2024-03-01T16:28:27.968+0530] {dag.py:3047} INFO - Sync 1 DAGs
[2024-03-01T16:28:27.986+0530] {logging_mixin.py:188} INFO - [2024-03-01T16:28:27.986+0530] {dag.py:3834} INFO - Setting next_dagrun for tutorial_objectstorage to None, run_after=None
[2024-03-01T16:28:29.933+0530] {processor.py:183} INFO - Processing /home/akranth/airflow/airflow_env/lib/python3.11/site-packages/airflow/example_dags/tutorial_objectstorage.py took 2.004 seconds
[2024-03-01T16:29:50.099+0530] {processor.py:161} INFO - Started process (PID=7976) to work on /home/akranth/airflow/airflow_env/lib/python3.11/site-packages/airflow/example_dags/tutorial_objectstorage.py
[2024-03-01T16:29:50.099+0530] {processor.py:830} INFO - Processing file /home/akranth/airflow/airflow_env/lib/python3.11/site-packages/airflow/example_dags/tutorial_objectstorage.py for tasks to queue
[2024-03-01T16:29:50.100+0530] {logging_mixin.py:188} INFO - [2024-03-01T16:29:50.100+0530] {dagbag.py:540} INFO - Filling up the DagBag from /home/akranth/airflow/airflow_env/lib/python3.11/site-packages/airflow/example_dags/tutorial_objectstorage.py
[2024-03-01T16:29:50.105+0530] {processor.py:840} INFO - DAG(s) 'tutorial_objectstorage' retrieved from /home/akranth/airflow/airflow_env/lib/python3.11/site-packages/airflow/example_dags/tutorial_objectstorage.py
[2024-03-01T16:29:50.116+0530] {logging_mixin.py:188} INFO - [2024-03-01T16:29:50.115+0530] {dag.py:3047} INFO - Sync 1 DAGs
[2024-03-01T16:29:50.124+0530] {logging_mixin.py:188} INFO - [2024-03-01T16:29:50.124+0530] {dag.py:3834} INFO - Setting next_dagrun for tutorial_objectstorage to None, run_after=None
[2024-03-01T16:29:50.308+0530] {processor.py:183} INFO - Processing /home/akranth/airflow/airflow_env/lib/python3.11/site-packages/airflow/example_dags/tutorial_objectstorage.py took 0.212 seconds
[2024-03-01T16:31:13.199+0530] {processor.py:161} INFO - Started process (PID=8299) to work on /home/akranth/airflow/airflow_env/lib/python3.11/site-packages/airflow/example_dags/tutorial_objectstorage.py
[2024-03-01T16:31:13.207+0530] {processor.py:830} INFO - Processing file /home/akranth/airflow/airflow_env/lib/python3.11/site-packages/airflow/example_dags/tutorial_objectstorage.py for tasks to queue
[2024-03-01T16:31:13.209+0530] {logging_mixin.py:188} INFO - [2024-03-01T16:31:13.208+0530] {dagbag.py:540} INFO - Filling up the DagBag from /home/akranth/airflow/airflow_env/lib/python3.11/site-packages/airflow/example_dags/tutorial_objectstorage.py
[2024-03-01T16:31:13.224+0530] {processor.py:840} INFO - DAG(s) 'tutorial_objectstorage' retrieved from /home/akranth/airflow/airflow_env/lib/python3.11/site-packages/airflow/example_dags/tutorial_objectstorage.py
[2024-03-01T16:31:13.251+0530] {logging_mixin.py:188} INFO - [2024-03-01T16:31:13.251+0530] {dag.py:3047} INFO - Sync 1 DAGs
[2024-03-01T16:31:13.262+0530] {logging_mixin.py:188} INFO - [2024-03-01T16:31:13.261+0530] {dag.py:3834} INFO - Setting next_dagrun for tutorial_objectstorage to None, run_after=None
[2024-03-01T16:31:13.405+0530] {processor.py:183} INFO - Processing /home/akranth/airflow/airflow_env/lib/python3.11/site-packages/airflow/example_dags/tutorial_objectstorage.py took 0.208 seconds
[2024-03-01T16:32:51.476+0530] {processor.py:161} INFO - Started process (PID=9300) to work on /home/akranth/airflow/airflow_env/lib/python3.11/site-packages/airflow/example_dags/tutorial_objectstorage.py
[2024-03-01T16:32:51.478+0530] {processor.py:830} INFO - Processing file /home/akranth/airflow/airflow_env/lib/python3.11/site-packages/airflow/example_dags/tutorial_objectstorage.py for tasks to queue
[2024-03-01T16:32:51.480+0530] {logging_mixin.py:188} INFO - [2024-03-01T16:32:51.479+0530] {dagbag.py:540} INFO - Filling up the DagBag from /home/akranth/airflow/airflow_env/lib/python3.11/site-packages/airflow/example_dags/tutorial_objectstorage.py
[2024-03-01T16:32:51.494+0530] {processor.py:840} INFO - DAG(s) 'tutorial_objectstorage' retrieved from /home/akranth/airflow/airflow_env/lib/python3.11/site-packages/airflow/example_dags/tutorial_objectstorage.py
[2024-03-01T16:32:51.514+0530] {logging_mixin.py:188} INFO - [2024-03-01T16:32:51.514+0530] {dag.py:3047} INFO - Sync 1 DAGs
[2024-03-01T16:32:51.523+0530] {logging_mixin.py:188} INFO - [2024-03-01T16:32:51.522+0530] {dag.py:3834} INFO - Setting next_dagrun for tutorial_objectstorage to None, run_after=None
[2024-03-01T16:32:51.618+0530] {processor.py:183} INFO - Processing /home/akranth/airflow/airflow_env/lib/python3.11/site-packages/airflow/example_dags/tutorial_objectstorage.py took 0.149 seconds
[2024-03-01T16:34:14.200+0530] {processor.py:161} INFO - Started process (PID=9442) to work on /home/akranth/airflow/airflow_env/lib/python3.11/site-packages/airflow/example_dags/tutorial_objectstorage.py
[2024-03-01T16:34:14.214+0530] {processor.py:830} INFO - Processing file /home/akranth/airflow/airflow_env/lib/python3.11/site-packages/airflow/example_dags/tutorial_objectstorage.py for tasks to queue
[2024-03-01T16:34:14.216+0530] {logging_mixin.py:188} INFO - [2024-03-01T16:34:14.215+0530] {dagbag.py:540} INFO - Filling up the DagBag from /home/akranth/airflow/airflow_env/lib/python3.11/site-packages/airflow/example_dags/tutorial_objectstorage.py
[2024-03-01T16:34:14.232+0530] {processor.py:840} INFO - DAG(s) 'tutorial_objectstorage' retrieved from /home/akranth/airflow/airflow_env/lib/python3.11/site-packages/airflow/example_dags/tutorial_objectstorage.py
[2024-03-01T16:34:14.250+0530] {logging_mixin.py:188} INFO - [2024-03-01T16:34:14.249+0530] {dag.py:3047} INFO - Sync 1 DAGs
[2024-03-01T16:34:14.262+0530] {logging_mixin.py:188} INFO - [2024-03-01T16:34:14.262+0530] {dag.py:3834} INFO - Setting next_dagrun for tutorial_objectstorage to None, run_after=None
[2024-03-01T16:34:14.529+0530] {processor.py:183} INFO - Processing /home/akranth/airflow/airflow_env/lib/python3.11/site-packages/airflow/example_dags/tutorial_objectstorage.py took 0.335 seconds
[2024-03-01T16:35:18.501+0530] {processor.py:161} INFO - Started process (PID=9623) to work on /home/akranth/airflow/airflow_env/lib/python3.11/site-packages/airflow/example_dags/tutorial_objectstorage.py
[2024-03-01T16:35:18.527+0530] {processor.py:830} INFO - Processing file /home/akranth/airflow/airflow_env/lib/python3.11/site-packages/airflow/example_dags/tutorial_objectstorage.py for tasks to queue
[2024-03-01T16:35:18.530+0530] {logging_mixin.py:188} INFO - [2024-03-01T16:35:18.529+0530] {dagbag.py:540} INFO - Filling up the DagBag from /home/akranth/airflow/airflow_env/lib/python3.11/site-packages/airflow/example_dags/tutorial_objectstorage.py
[2024-03-01T16:35:18.547+0530] {processor.py:840} INFO - DAG(s) 'tutorial_objectstorage' retrieved from /home/akranth/airflow/airflow_env/lib/python3.11/site-packages/airflow/example_dags/tutorial_objectstorage.py
[2024-03-01T16:35:18.565+0530] {logging_mixin.py:188} INFO - [2024-03-01T16:35:18.565+0530] {dag.py:3047} INFO - Sync 1 DAGs
[2024-03-01T16:35:18.576+0530] {logging_mixin.py:188} INFO - [2024-03-01T16:35:18.575+0530] {dag.py:3834} INFO - Setting next_dagrun for tutorial_objectstorage to None, run_after=None
[2024-03-01T16:35:18.694+0530] {processor.py:183} INFO - Processing /home/akranth/airflow/airflow_env/lib/python3.11/site-packages/airflow/example_dags/tutorial_objectstorage.py took 0.200 seconds
