[2024-03-03T01:53:13.661+0530] {processor.py:161} INFO - Started process (PID=7173) to work on /home/akranth/airflow/dags/assignment_2_2.py
[2024-03-03T01:53:13.663+0530] {processor.py:830} INFO - Processing file /home/akranth/airflow/dags/assignment_2_2.py for tasks to queue
[2024-03-03T01:53:13.665+0530] {logging_mixin.py:188} INFO - [2024-03-03T01:53:13.664+0530] {dagbag.py:540} INFO - Filling up the DagBag from /home/akranth/airflow/dags/assignment_2_2.py
[2024-03-03T01:53:13.675+0530] {processor.py:840} INFO - DAG(s) 'hello_world' retrieved from /home/akranth/airflow/dags/assignment_2_2.py
[2024-03-03T01:53:14.118+0530] {logging_mixin.py:188} INFO - [2024-03-03T01:53:14.117+0530] {dag.py:3047} INFO - Sync 1 DAGs
[2024-03-03T01:53:14.161+0530] {logging_mixin.py:188} INFO - [2024-03-03T01:53:14.160+0530] {dag.py:3834} INFO - Setting next_dagrun for hello_world to 2024-03-03 00:00:00+00:00, run_after=2024-03-03 01:00:00+00:00
[2024-03-03T01:53:14.329+0530] {processor.py:183} INFO - Processing /home/akranth/airflow/dags/assignment_2_2.py took 0.673 seconds
[2024-03-03T01:53:47.550+0530] {processor.py:161} INFO - Started process (PID=7212) to work on /home/akranth/airflow/dags/assignment_2_2.py
[2024-03-03T01:53:47.637+0530] {processor.py:830} INFO - Processing file /home/akranth/airflow/dags/assignment_2_2.py for tasks to queue
[2024-03-03T01:53:47.638+0530] {logging_mixin.py:188} INFO - [2024-03-03T01:53:47.637+0530] {dagbag.py:540} INFO - Filling up the DagBag from /home/akranth/airflow/dags/assignment_2_2.py
[2024-03-03T01:53:47.647+0530] {processor.py:840} INFO - DAG(s) 'hello_world' retrieved from /home/akranth/airflow/dags/assignment_2_2.py
[2024-03-03T01:53:47.663+0530] {logging_mixin.py:188} INFO - [2024-03-03T01:53:47.663+0530] {dag.py:3047} INFO - Sync 1 DAGs
[2024-03-03T01:53:47.683+0530] {logging_mixin.py:188} INFO - [2024-03-03T01:53:47.683+0530] {dag.py:3834} INFO - Setting next_dagrun for hello_world to 2024-03-03 00:00:00+00:00, run_after=2024-03-03 01:00:00+00:00
[2024-03-03T01:53:47.794+0530] {processor.py:183} INFO - Processing /home/akranth/airflow/dags/assignment_2_2.py took 0.246 seconds
[2024-03-03T01:54:22.027+0530] {processor.py:161} INFO - Started process (PID=7245) to work on /home/akranth/airflow/dags/assignment_2_2.py
[2024-03-03T01:54:22.028+0530] {processor.py:830} INFO - Processing file /home/akranth/airflow/dags/assignment_2_2.py for tasks to queue
[2024-03-03T01:54:22.029+0530] {logging_mixin.py:188} INFO - [2024-03-03T01:54:22.029+0530] {dagbag.py:540} INFO - Filling up the DagBag from /home/akranth/airflow/dags/assignment_2_2.py
[2024-03-03T01:54:22.037+0530] {processor.py:840} INFO - DAG(s) 'hello_world' retrieved from /home/akranth/airflow/dags/assignment_2_2.py
[2024-03-03T01:54:22.130+0530] {logging_mixin.py:188} INFO - [2024-03-03T01:54:22.129+0530] {dag.py:3047} INFO - Sync 1 DAGs
[2024-03-03T01:54:22.149+0530] {logging_mixin.py:188} INFO - [2024-03-03T01:54:22.149+0530] {dag.py:3834} INFO - Setting next_dagrun for hello_world to 2024-03-03 00:00:00+00:00, run_after=2024-03-03 01:00:00+00:00
[2024-03-03T01:54:22.334+0530] {processor.py:183} INFO - Processing /home/akranth/airflow/dags/assignment_2_2.py took 0.309 seconds
[2024-03-03T01:54:57.037+0530] {processor.py:161} INFO - Started process (PID=7280) to work on /home/akranth/airflow/dags/assignment_2_2.py
[2024-03-03T01:54:57.038+0530] {processor.py:830} INFO - Processing file /home/akranth/airflow/dags/assignment_2_2.py for tasks to queue
[2024-03-03T01:54:57.039+0530] {logging_mixin.py:188} INFO - [2024-03-03T01:54:57.038+0530] {dagbag.py:540} INFO - Filling up the DagBag from /home/akranth/airflow/dags/assignment_2_2.py
[2024-03-03T01:54:57.044+0530] {processor.py:840} INFO - DAG(s) 'hello_world' retrieved from /home/akranth/airflow/dags/assignment_2_2.py
[2024-03-03T01:54:57.054+0530] {logging_mixin.py:188} INFO - [2024-03-03T01:54:57.054+0530] {dag.py:3047} INFO - Sync 1 DAGs
[2024-03-03T01:54:57.070+0530] {logging_mixin.py:188} INFO - [2024-03-03T01:54:57.069+0530] {dag.py:3834} INFO - Setting next_dagrun for hello_world to 2024-03-03 00:00:00+00:00, run_after=2024-03-03 01:00:00+00:00
[2024-03-03T01:54:57.257+0530] {processor.py:183} INFO - Processing /home/akranth/airflow/dags/assignment_2_2.py took 0.222 seconds
[2024-03-03T01:55:31.866+0530] {processor.py:161} INFO - Started process (PID=7313) to work on /home/akranth/airflow/dags/assignment_2_2.py
[2024-03-03T01:55:31.867+0530] {processor.py:830} INFO - Processing file /home/akranth/airflow/dags/assignment_2_2.py for tasks to queue
[2024-03-03T01:55:31.867+0530] {logging_mixin.py:188} INFO - [2024-03-03T01:55:31.867+0530] {dagbag.py:540} INFO - Filling up the DagBag from /home/akranth/airflow/dags/assignment_2_2.py
[2024-03-03T01:55:31.874+0530] {processor.py:840} INFO - DAG(s) 'hello_world' retrieved from /home/akranth/airflow/dags/assignment_2_2.py
[2024-03-03T01:55:31.940+0530] {logging_mixin.py:188} INFO - [2024-03-03T01:55:31.940+0530] {dag.py:3047} INFO - Sync 1 DAGs
[2024-03-03T01:55:31.953+0530] {logging_mixin.py:188} INFO - [2024-03-03T01:55:31.953+0530] {dag.py:3834} INFO - Setting next_dagrun for hello_world to 2024-03-03 00:00:00+00:00, run_after=2024-03-03 01:00:00+00:00
[2024-03-03T01:55:32.177+0530] {processor.py:183} INFO - Processing /home/akranth/airflow/dags/assignment_2_2.py took 0.313 seconds
[2024-03-03T01:56:06.808+0530] {processor.py:161} INFO - Started process (PID=7355) to work on /home/akranth/airflow/dags/assignment_2_2.py
[2024-03-03T01:56:06.809+0530] {processor.py:830} INFO - Processing file /home/akranth/airflow/dags/assignment_2_2.py for tasks to queue
[2024-03-03T01:56:06.810+0530] {logging_mixin.py:188} INFO - [2024-03-03T01:56:06.810+0530] {dagbag.py:540} INFO - Filling up the DagBag from /home/akranth/airflow/dags/assignment_2_2.py
[2024-03-03T01:56:06.820+0530] {processor.py:840} INFO - DAG(s) 'hello_world' retrieved from /home/akranth/airflow/dags/assignment_2_2.py
[2024-03-03T01:56:06.836+0530] {logging_mixin.py:188} INFO - [2024-03-03T01:56:06.836+0530] {dag.py:3047} INFO - Sync 1 DAGs
[2024-03-03T01:56:06.854+0530] {logging_mixin.py:188} INFO - [2024-03-03T01:56:06.854+0530] {dag.py:3834} INFO - Setting next_dagrun for hello_world to 2024-03-03 00:00:00+00:00, run_after=2024-03-03 01:00:00+00:00
[2024-03-03T01:56:07.042+0530] {processor.py:183} INFO - Processing /home/akranth/airflow/dags/assignment_2_2.py took 0.237 seconds
