[2024-03-03T01:48:14.132+0530] {processor.py:161} INFO - Started process (PID=6555) to work on /home/akranth/airflow/dags/hello_world.py
[2024-03-03T01:48:14.132+0530] {processor.py:830} INFO - Processing file /home/akranth/airflow/dags/hello_world.py for tasks to queue
[2024-03-03T01:48:14.133+0530] {logging_mixin.py:188} INFO - [2024-03-03T01:48:14.133+0530] {dagbag.py:540} INFO - Filling up the DagBag from /home/akranth/airflow/dags/hello_world.py
[2024-03-03T01:48:14.141+0530] {processor.py:840} INFO - DAG(s) 'hello_world' retrieved from /home/akranth/airflow/dags/hello_world.py
[2024-03-03T01:48:14.208+0530] {logging_mixin.py:188} INFO - [2024-03-03T01:48:14.208+0530] {dag.py:3047} INFO - Sync 1 DAGs
[2024-03-03T01:48:14.220+0530] {logging_mixin.py:188} INFO - [2024-03-03T01:48:14.220+0530] {dag.py:3834} INFO - Setting next_dagrun for hello_world to 2024-03-03 00:00:00+00:00, run_after=2024-03-03 01:00:00+00:00
[2024-03-03T01:48:14.410+0530] {processor.py:183} INFO - Processing /home/akranth/airflow/dags/hello_world.py took 0.282 seconds
[2024-03-03T01:49:23.296+0530] {processor.py:161} INFO - Started process (PID=6696) to work on /home/akranth/airflow/dags/hello_world.py
[2024-03-03T01:49:23.297+0530] {processor.py:830} INFO - Processing file /home/akranth/airflow/dags/hello_world.py for tasks to queue
[2024-03-03T01:49:23.297+0530] {logging_mixin.py:188} INFO - [2024-03-03T01:49:23.297+0530] {dagbag.py:540} INFO - Filling up the DagBag from /home/akranth/airflow/dags/hello_world.py
[2024-03-03T01:49:23.303+0530] {processor.py:840} INFO - DAG(s) 'hello_world' retrieved from /home/akranth/airflow/dags/hello_world.py
[2024-03-03T01:49:23.313+0530] {logging_mixin.py:188} INFO - [2024-03-03T01:49:23.313+0530] {dag.py:3047} INFO - Sync 1 DAGs
[2024-03-03T01:49:23.328+0530] {logging_mixin.py:188} INFO - [2024-03-03T01:49:23.328+0530] {dag.py:3834} INFO - Setting next_dagrun for hello_world to 2024-03-03 00:00:00+00:00, run_after=2024-03-03 01:00:00+00:00
[2024-03-03T01:49:23.519+0530] {processor.py:183} INFO - Processing /home/akranth/airflow/dags/hello_world.py took 0.225 seconds
[2024-03-03T01:49:57.771+0530] {processor.py:161} INFO - Started process (PID=6772) to work on /home/akranth/airflow/dags/hello_world.py
[2024-03-03T01:49:57.772+0530] {processor.py:830} INFO - Processing file /home/akranth/airflow/dags/hello_world.py for tasks to queue
[2024-03-03T01:49:57.773+0530] {logging_mixin.py:188} INFO - [2024-03-03T01:49:57.772+0530] {dagbag.py:540} INFO - Filling up the DagBag from /home/akranth/airflow/dags/hello_world.py
[2024-03-03T01:49:57.781+0530] {processor.py:840} INFO - DAG(s) 'hello_world' retrieved from /home/akranth/airflow/dags/hello_world.py
[2024-03-03T01:49:57.795+0530] {logging_mixin.py:188} INFO - [2024-03-03T01:49:57.795+0530] {dag.py:3047} INFO - Sync 1 DAGs
[2024-03-03T01:49:57.888+0530] {logging_mixin.py:188} INFO - [2024-03-03T01:49:57.887+0530] {dag.py:3834} INFO - Setting next_dagrun for hello_world to 2024-03-03 00:00:00+00:00, run_after=2024-03-03 01:00:00+00:00
[2024-03-03T01:49:58.080+0530] {processor.py:183} INFO - Processing /home/akranth/airflow/dags/hello_world.py took 0.312 seconds
[2024-03-03T01:50:29.060+0530] {processor.py:161} INFO - Started process (PID=6816) to work on /home/akranth/airflow/dags/hello_world.py
[2024-03-03T01:50:29.061+0530] {processor.py:830} INFO - Processing file /home/akranth/airflow/dags/hello_world.py for tasks to queue
[2024-03-03T01:50:29.064+0530] {logging_mixin.py:188} INFO - [2024-03-03T01:50:29.063+0530] {dagbag.py:540} INFO - Filling up the DagBag from /home/akranth/airflow/dags/hello_world.py
[2024-03-03T01:50:29.081+0530] {processor.py:840} INFO - DAG(s) 'hello_world' retrieved from /home/akranth/airflow/dags/hello_world.py
[2024-03-03T01:50:29.096+0530] {logging_mixin.py:188} INFO - [2024-03-03T01:50:29.096+0530] {dag.py:3047} INFO - Sync 1 DAGs
[2024-03-03T01:50:29.114+0530] {logging_mixin.py:188} INFO - [2024-03-03T01:50:29.114+0530] {dag.py:3834} INFO - Setting next_dagrun for hello_world to 2024-03-03 00:00:00+00:00, run_after=2024-03-03 01:00:00+00:00
[2024-03-03T01:50:29.240+0530] {processor.py:183} INFO - Processing /home/akranth/airflow/dags/hello_world.py took 0.187 seconds
[2024-03-03T01:51:01.208+0530] {processor.py:161} INFO - Started process (PID=6931) to work on /home/akranth/airflow/dags/hello_world.py
[2024-03-03T01:51:01.217+0530] {processor.py:830} INFO - Processing file /home/akranth/airflow/dags/hello_world.py for tasks to queue
[2024-03-03T01:51:01.219+0530] {logging_mixin.py:188} INFO - [2024-03-03T01:51:01.218+0530] {dagbag.py:540} INFO - Filling up the DagBag from /home/akranth/airflow/dags/hello_world.py
[2024-03-03T01:51:01.239+0530] {processor.py:840} INFO - DAG(s) 'hello_world' retrieved from /home/akranth/airflow/dags/hello_world.py
[2024-03-03T01:51:01.273+0530] {logging_mixin.py:188} INFO - [2024-03-03T01:51:01.272+0530] {dag.py:3047} INFO - Sync 1 DAGs
[2024-03-03T01:51:01.298+0530] {logging_mixin.py:188} INFO - [2024-03-03T01:51:01.298+0530] {dag.py:3834} INFO - Setting next_dagrun for hello_world to 2024-03-03 00:00:00+00:00, run_after=2024-03-03 01:00:00+00:00
[2024-03-03T01:51:01.411+0530] {processor.py:183} INFO - Processing /home/akranth/airflow/dags/hello_world.py took 0.206 seconds
[2024-03-03T01:51:33.167+0530] {processor.py:161} INFO - Started process (PID=7006) to work on /home/akranth/airflow/dags/hello_world.py
[2024-03-03T01:51:33.168+0530] {processor.py:830} INFO - Processing file /home/akranth/airflow/dags/hello_world.py for tasks to queue
[2024-03-03T01:51:33.169+0530] {logging_mixin.py:188} INFO - [2024-03-03T01:51:33.168+0530] {dagbag.py:540} INFO - Filling up the DagBag from /home/akranth/airflow/dags/hello_world.py
[2024-03-03T01:51:33.176+0530] {processor.py:840} INFO - DAG(s) 'hello_world' retrieved from /home/akranth/airflow/dags/hello_world.py
[2024-03-03T01:51:33.190+0530] {logging_mixin.py:188} INFO - [2024-03-03T01:51:33.190+0530] {dag.py:3047} INFO - Sync 1 DAGs
[2024-03-03T01:51:33.207+0530] {logging_mixin.py:188} INFO - [2024-03-03T01:51:33.206+0530] {dag.py:3834} INFO - Setting next_dagrun for hello_world to 2024-03-03 00:00:00+00:00, run_after=2024-03-03 01:00:00+00:00
[2024-03-03T01:51:33.355+0530] {processor.py:183} INFO - Processing /home/akranth/airflow/dags/hello_world.py took 0.192 seconds
[2024-03-03T01:52:05.853+0530] {processor.py:161} INFO - Started process (PID=7072) to work on /home/akranth/airflow/dags/hello_world.py
[2024-03-03T01:52:05.868+0530] {processor.py:830} INFO - Processing file /home/akranth/airflow/dags/hello_world.py for tasks to queue
[2024-03-03T01:52:05.871+0530] {logging_mixin.py:188} INFO - [2024-03-03T01:52:05.870+0530] {dagbag.py:540} INFO - Filling up the DagBag from /home/akranth/airflow/dags/hello_world.py
[2024-03-03T01:52:05.889+0530] {processor.py:840} INFO - DAG(s) 'hello_world' retrieved from /home/akranth/airflow/dags/hello_world.py
[2024-03-03T01:52:05.909+0530] {logging_mixin.py:188} INFO - [2024-03-03T01:52:05.909+0530] {dag.py:3047} INFO - Sync 1 DAGs
[2024-03-03T01:52:05.926+0530] {logging_mixin.py:188} INFO - [2024-03-03T01:52:05.926+0530] {dag.py:3834} INFO - Setting next_dagrun for hello_world to 2024-03-03 00:00:00+00:00, run_after=2024-03-03 01:00:00+00:00
[2024-03-03T01:52:06.039+0530] {processor.py:183} INFO - Processing /home/akranth/airflow/dags/hello_world.py took 0.188 seconds
[2024-03-03T01:53:07.037+0530] {processor.py:161} INFO - Started process (PID=7169) to work on /home/akranth/airflow/dags/hello_world.py
[2024-03-03T01:53:07.112+0530] {processor.py:830} INFO - Processing file /home/akranth/airflow/dags/hello_world.py for tasks to queue
[2024-03-03T01:53:07.114+0530] {logging_mixin.py:188} INFO - [2024-03-03T01:53:07.113+0530] {dagbag.py:540} INFO - Filling up the DagBag from /home/akranth/airflow/dags/hello_world.py
[2024-03-03T01:53:07.135+0530] {processor.py:840} INFO - DAG(s) 'hello_world' retrieved from /home/akranth/airflow/dags/hello_world.py
[2024-03-03T01:53:07.151+0530] {logging_mixin.py:188} INFO - [2024-03-03T01:53:07.151+0530] {dag.py:3047} INFO - Sync 1 DAGs
[2024-03-03T01:53:07.173+0530] {logging_mixin.py:188} INFO - [2024-03-03T01:53:07.173+0530] {dag.py:3834} INFO - Setting next_dagrun for hello_world to 2024-03-03 00:00:00+00:00, run_after=2024-03-03 01:00:00+00:00
[2024-03-03T01:53:07.278+0530] {processor.py:183} INFO - Processing /home/akranth/airflow/dags/hello_world.py took 0.247 seconds
[2024-03-03T01:53:48.984+0530] {processor.py:161} INFO - Started process (PID=7213) to work on /home/akranth/airflow/dags/hello_world.py
[2024-03-03T01:53:48.997+0530] {processor.py:830} INFO - Processing file /home/akranth/airflow/dags/hello_world.py for tasks to queue
[2024-03-03T01:53:48.999+0530] {logging_mixin.py:188} INFO - [2024-03-03T01:53:48.998+0530] {dagbag.py:540} INFO - Filling up the DagBag from /home/akranth/airflow/dags/hello_world.py
[2024-03-03T01:53:49.016+0530] {processor.py:840} INFO - DAG(s) 'hello_world' retrieved from /home/akranth/airflow/dags/hello_world.py
[2024-03-03T01:53:49.090+0530] {logging_mixin.py:188} INFO - [2024-03-03T01:53:49.090+0530] {dag.py:3047} INFO - Sync 1 DAGs
[2024-03-03T01:53:49.102+0530] {logging_mixin.py:188} INFO - [2024-03-03T01:53:49.102+0530] {dag.py:3834} INFO - Setting next_dagrun for hello_world to 2024-03-03 00:00:00+00:00, run_after=2024-03-03 01:00:00+00:00
[2024-03-03T01:53:49.233+0530] {processor.py:183} INFO - Processing /home/akranth/airflow/dags/hello_world.py took 0.256 seconds
[2024-03-03T01:54:23.579+0530] {processor.py:161} INFO - Started process (PID=7246) to work on /home/akranth/airflow/dags/hello_world.py
[2024-03-03T01:54:23.664+0530] {processor.py:830} INFO - Processing file /home/akranth/airflow/dags/hello_world.py for tasks to queue
[2024-03-03T01:54:23.666+0530] {logging_mixin.py:188} INFO - [2024-03-03T01:54:23.665+0530] {dagbag.py:540} INFO - Filling up the DagBag from /home/akranth/airflow/dags/hello_world.py
[2024-03-03T01:54:23.685+0530] {processor.py:840} INFO - DAG(s) 'hello_world' retrieved from /home/akranth/airflow/dags/hello_world.py
[2024-03-03T01:54:23.700+0530] {logging_mixin.py:188} INFO - [2024-03-03T01:54:23.700+0530] {dag.py:3047} INFO - Sync 1 DAGs
[2024-03-03T01:54:23.722+0530] {logging_mixin.py:188} INFO - [2024-03-03T01:54:23.722+0530] {dag.py:3834} INFO - Setting next_dagrun for hello_world to 2024-03-03 00:00:00+00:00, run_after=2024-03-03 01:00:00+00:00
[2024-03-03T01:54:23.830+0530] {processor.py:183} INFO - Processing /home/akranth/airflow/dags/hello_world.py took 0.257 seconds
[2024-03-03T01:54:58.378+0530] {processor.py:161} INFO - Started process (PID=7281) to work on /home/akranth/airflow/dags/hello_world.py
[2024-03-03T01:54:58.379+0530] {processor.py:830} INFO - Processing file /home/akranth/airflow/dags/hello_world.py for tasks to queue
[2024-03-03T01:54:58.380+0530] {logging_mixin.py:188} INFO - [2024-03-03T01:54:58.379+0530] {dagbag.py:540} INFO - Filling up the DagBag from /home/akranth/airflow/dags/hello_world.py
[2024-03-03T01:54:58.387+0530] {processor.py:840} INFO - DAG(s) 'hello_world' retrieved from /home/akranth/airflow/dags/hello_world.py
[2024-03-03T01:54:58.458+0530] {logging_mixin.py:188} INFO - [2024-03-03T01:54:58.457+0530] {dag.py:3047} INFO - Sync 1 DAGs
[2024-03-03T01:54:58.471+0530] {logging_mixin.py:188} INFO - [2024-03-03T01:54:58.471+0530] {dag.py:3834} INFO - Setting next_dagrun for hello_world to 2024-03-03 00:00:00+00:00, run_after=2024-03-03 01:00:00+00:00
[2024-03-03T01:54:58.656+0530] {processor.py:183} INFO - Processing /home/akranth/airflow/dags/hello_world.py took 0.280 seconds
[2024-03-03T01:55:33.404+0530] {processor.py:161} INFO - Started process (PID=7314) to work on /home/akranth/airflow/dags/hello_world.py
[2024-03-03T01:55:33.405+0530] {processor.py:830} INFO - Processing file /home/akranth/airflow/dags/hello_world.py for tasks to queue
[2024-03-03T01:55:33.406+0530] {logging_mixin.py:188} INFO - [2024-03-03T01:55:33.406+0530] {dagbag.py:540} INFO - Filling up the DagBag from /home/akranth/airflow/dags/hello_world.py
[2024-03-03T01:55:33.412+0530] {processor.py:840} INFO - DAG(s) 'hello_world' retrieved from /home/akranth/airflow/dags/hello_world.py
[2024-03-03T01:55:33.417+0530] {logging_mixin.py:188} INFO - [2024-03-03T01:55:33.417+0530] {dag.py:3047} INFO - Sync 1 DAGs
[2024-03-03T01:55:33.433+0530] {logging_mixin.py:188} INFO - [2024-03-03T01:55:33.433+0530] {dag.py:3834} INFO - Setting next_dagrun for hello_world to 2024-03-03 00:00:00+00:00, run_after=2024-03-03 01:00:00+00:00
[2024-03-03T01:55:33.629+0530] {processor.py:183} INFO - Processing /home/akranth/airflow/dags/hello_world.py took 0.227 seconds
[2024-03-03T01:56:07.473+0530] {processor.py:161} INFO - Started process (PID=7356) to work on /home/akranth/airflow/dags/hello_world.py
[2024-03-03T01:56:07.475+0530] {processor.py:830} INFO - Processing file /home/akranth/airflow/dags/hello_world.py for tasks to queue
[2024-03-03T01:56:07.478+0530] {logging_mixin.py:188} INFO - [2024-03-03T01:56:07.477+0530] {dagbag.py:540} INFO - Filling up the DagBag from /home/akranth/airflow/dags/hello_world.py
[2024-03-03T01:56:07.493+0530] {processor.py:840} INFO - DAG(s) 'hello_world' retrieved from /home/akranth/airflow/dags/hello_world.py
[2024-03-03T01:56:07.581+0530] {logging_mixin.py:188} INFO - [2024-03-03T01:56:07.581+0530] {dag.py:3047} INFO - Sync 1 DAGs
[2024-03-03T01:56:07.597+0530] {logging_mixin.py:188} INFO - [2024-03-03T01:56:07.597+0530] {dag.py:3834} INFO - Setting next_dagrun for hello_world to 2024-03-03 00:00:00+00:00, run_after=2024-03-03 01:00:00+00:00
[2024-03-03T01:56:07.702+0530] {processor.py:183} INFO - Processing /home/akranth/airflow/dags/hello_world.py took 0.236 seconds
