[2024-03-10T13:47:22.095+0530] {taskinstance.py:1979} INFO - Dependencies all met for dep_context=non-requeueable deps ti=<TaskInstance: data_fetch_pipeline_big_data.fetch_location_data manual__2024-03-03T11:09:06.924388+00:00 [queued]>
[2024-03-10T13:47:22.101+0530] {taskinstance.py:1979} INFO - Dependencies all met for dep_context=requeueable deps ti=<TaskInstance: data_fetch_pipeline_big_data.fetch_location_data manual__2024-03-03T11:09:06.924388+00:00 [queued]>
[2024-03-10T13:47:22.101+0530] {taskinstance.py:2193} INFO - Starting attempt 1 of 2
[2024-03-10T13:47:22.197+0530] {taskinstance.py:2214} INFO - Executing <Task(BashOperator): fetch_location_data> on 2024-03-03 11:09:06.924388+00:00
[2024-03-10T13:47:22.207+0530] {standard_task_runner.py:60} INFO - Started process 4785 to run task
[2024-03-10T13:47:22.213+0530] {standard_task_runner.py:87} INFO - Running: ['airflow', 'tasks', 'run', 'data_fetch_pipeline_big_data', 'fetch_location_data', 'manual__2024-03-03T11:09:06.924388+00:00', '--job-id', '16', '--raw', '--subdir', 'DAGS_FOLDER/big_data_lab.py', '--cfg-path', '/tmp/tmp_w6jptps']
[2024-03-10T13:47:22.216+0530] {standard_task_runner.py:88} INFO - Job 16: Subtask fetch_location_data
[2024-03-10T13:47:22.349+0530] {task_command.py:423} INFO - Running <TaskInstance: data_fetch_pipeline_big_data.fetch_location_data manual__2024-03-03T11:09:06.924388+00:00 [running]> on host HP
[2024-03-10T13:47:22.579+0530] {taskinstance.py:2510} INFO - Exporting env vars: AIRFLOW_CTX_DAG_OWNER='airflow' AIRFLOW_CTX_DAG_ID='data_fetch_pipeline_big_data' AIRFLOW_CTX_TASK_ID='fetch_location_data' AIRFLOW_CTX_EXECUTION_DATE='2024-03-03T11:09:06.924388+00:00' AIRFLOW_CTX_TRY_NUMBER='1' AIRFLOW_CTX_DAG_RUN_ID='manual__2024-03-03T11:09:06.924388+00:00'
[2024-03-10T13:47:22.584+0530] {subprocess.py:63} INFO - Tmp dir root location: /tmp
[2024-03-10T13:47:22.586+0530] {subprocess.py:75} INFO - Running command: ['/usr/bin/bash', '-c', 'wget -r -np -A "*.csv" https://www.ncei.noaa.gov/data/local-climatological-data/access/1903/']
[2024-03-10T13:47:22.602+0530] {subprocess.py:86} INFO - Output:
[2024-03-10T13:47:22.660+0530] {subprocess.py:93} INFO - --2024-03-10 13:47:22--  https://www.ncei.noaa.gov/data/local-climatological-data/access/1903/
[2024-03-10T13:47:22.724+0530] {subprocess.py:93} INFO - Resolving www.ncei.noaa.gov (www.ncei.noaa.gov)... 205.167.25.178, 205.167.25.177, 205.167.25.168, ...
[2024-03-10T13:47:22.978+0530] {subprocess.py:93} INFO - Connecting to www.ncei.noaa.gov (www.ncei.noaa.gov)|205.167.25.178|:443... connected.
[2024-03-10T13:47:23.966+0530] {subprocess.py:93} INFO - HTTP request sent, awaiting response... 200 OK
[2024-03-10T13:47:23.967+0530] {subprocess.py:93} INFO - Length: unspecified [text/html]
[2024-03-10T13:47:23.967+0530] {subprocess.py:93} INFO - Saving to: ‘www.ncei.noaa.gov/data/local-climatological-data/access/1903/index.html.tmp’
[2024-03-10T13:47:23.967+0530] {subprocess.py:93} INFO - 
[2024-03-10T13:47:23.968+0530] {subprocess.py:93} INFO -      0K .                                                      33.7M=0s
[2024-03-10T13:47:23.968+0530] {subprocess.py:93} INFO - 
[2024-03-10T13:47:23.968+0530] {subprocess.py:93} INFO - 2024-03-10 13:47:23 (33.7 MB/s) - ‘www.ncei.noaa.gov/data/local-climatological-data/access/1903/index.html.tmp’ saved [1687]
[2024-03-10T13:47:23.969+0530] {subprocess.py:93} INFO - 
[2024-03-10T13:47:23.969+0530] {subprocess.py:93} INFO - Loading robots.txt; please ignore errors.
[2024-03-10T13:47:23.969+0530] {subprocess.py:93} INFO - --2024-03-10 13:47:23--  https://www.ncei.noaa.gov/robots.txt
[2024-03-10T13:47:24.221+0530] {subprocess.py:93} INFO - Connecting to www.ncei.noaa.gov (www.ncei.noaa.gov)|205.167.25.178|:443... connected.
[2024-03-10T13:47:24.992+0530] {subprocess.py:93} INFO - HTTP request sent, awaiting response... 200 OK
[2024-03-10T13:47:24.994+0530] {subprocess.py:93} INFO - Length: 254 [text/plain]
[2024-03-10T13:47:24.994+0530] {subprocess.py:93} INFO - Saving to: ‘www.ncei.noaa.gov/robots.txt.tmp’
[2024-03-10T13:47:24.995+0530] {subprocess.py:93} INFO - 
[2024-03-10T13:47:24.995+0530] {subprocess.py:93} INFO -      0K                                                       100% 5.14M=0s
[2024-03-10T13:47:24.996+0530] {subprocess.py:93} INFO - 
[2024-03-10T13:47:24.996+0530] {subprocess.py:93} INFO - 2024-03-10 13:47:24 (5.14 MB/s) - ‘www.ncei.noaa.gov/robots.txt.tmp’ saved [254/254]
[2024-03-10T13:47:24.996+0530] {subprocess.py:93} INFO - 
[2024-03-10T13:47:24.996+0530] {subprocess.py:93} INFO - Removing www.ncei.noaa.gov/robots.txt.tmp.
[2024-03-10T13:47:24.997+0530] {subprocess.py:93} INFO - Removing www.ncei.noaa.gov/data/local-climatological-data/access/1903/index.html.tmp since it should be rejected.
[2024-03-10T13:47:24.997+0530] {subprocess.py:93} INFO - 
[2024-03-10T13:47:24.997+0530] {subprocess.py:93} INFO - --2024-03-10 13:47:24--  https://www.ncei.noaa.gov/data/local-climatological-data/access/1903/?C=N;O=D
[2024-03-10T13:47:25.242+0530] {subprocess.py:93} INFO - Connecting to www.ncei.noaa.gov (www.ncei.noaa.gov)|205.167.25.178|:443... connected.
[2024-03-10T13:47:26.001+0530] {subprocess.py:93} INFO - HTTP request sent, awaiting response... 200 OK
[2024-03-10T13:47:26.001+0530] {subprocess.py:93} INFO - Length: unspecified [text/html]
[2024-03-10T13:47:26.002+0530] {subprocess.py:93} INFO - Saving to: ‘www.ncei.noaa.gov/data/local-climatological-data/access/1903/index.html?C=N;O=D.tmp’
[2024-03-10T13:47:26.002+0530] {subprocess.py:93} INFO - 
[2024-03-10T13:47:26.003+0530] {subprocess.py:93} INFO -      0K .                                                      42.0M=0s
[2024-03-10T13:47:26.003+0530] {subprocess.py:93} INFO - 
[2024-03-10T13:47:26.003+0530] {subprocess.py:93} INFO - 2024-03-10 13:47:26 (42.0 MB/s) - ‘www.ncei.noaa.gov/data/local-climatological-data/access/1903/index.html?C=N;O=D.tmp’ saved [1687]
[2024-03-10T13:47:26.004+0530] {subprocess.py:93} INFO - 
[2024-03-10T13:47:26.004+0530] {subprocess.py:93} INFO - Removing www.ncei.noaa.gov/data/local-climatological-data/access/1903/index.html?C=N;O=D.tmp since it should be rejected.
[2024-03-10T13:47:26.004+0530] {subprocess.py:93} INFO - 
[2024-03-10T13:47:26.005+0530] {subprocess.py:93} INFO - --2024-03-10 13:47:26--  https://www.ncei.noaa.gov/data/local-climatological-data/access/1903/?C=M;O=A
[2024-03-10T13:47:26.256+0530] {subprocess.py:93} INFO - Connecting to www.ncei.noaa.gov (www.ncei.noaa.gov)|205.167.25.178|:443... connected.
[2024-03-10T13:47:27.029+0530] {subprocess.py:93} INFO - HTTP request sent, awaiting response... 200 OK
[2024-03-10T13:47:27.029+0530] {subprocess.py:93} INFO - Length: unspecified [text/html]
[2024-03-10T13:47:27.030+0530] {subprocess.py:93} INFO - Saving to: ‘www.ncei.noaa.gov/data/local-climatological-data/access/1903/index.html?C=M;O=A.tmp’
[2024-03-10T13:47:27.030+0530] {subprocess.py:93} INFO - 
[2024-03-10T13:47:27.030+0530] {subprocess.py:93} INFO -      0K .                                                      48.6M=0s
[2024-03-10T13:47:27.031+0530] {subprocess.py:93} INFO - 
[2024-03-10T13:47:27.031+0530] {subprocess.py:93} INFO - 2024-03-10 13:47:27 (48.6 MB/s) - ‘www.ncei.noaa.gov/data/local-climatological-data/access/1903/index.html?C=M;O=A.tmp’ saved [1687]
[2024-03-10T13:47:27.031+0530] {subprocess.py:93} INFO - 
[2024-03-10T13:47:27.032+0530] {subprocess.py:93} INFO - Removing www.ncei.noaa.gov/data/local-climatological-data/access/1903/index.html?C=M;O=A.tmp since it should be rejected.
[2024-03-10T13:47:27.032+0530] {subprocess.py:93} INFO - 
[2024-03-10T13:47:27.032+0530] {subprocess.py:93} INFO - --2024-03-10 13:47:27--  https://www.ncei.noaa.gov/data/local-climatological-data/access/1903/?C=S;O=A
[2024-03-10T13:47:27.285+0530] {subprocess.py:93} INFO - Connecting to www.ncei.noaa.gov (www.ncei.noaa.gov)|205.167.25.178|:443... connected.
[2024-03-10T13:47:28.060+0530] {subprocess.py:93} INFO - HTTP request sent, awaiting response... 200 OK
[2024-03-10T13:47:28.061+0530] {subprocess.py:93} INFO - Length: unspecified [text/html]
[2024-03-10T13:47:28.061+0530] {subprocess.py:93} INFO - Saving to: ‘www.ncei.noaa.gov/data/local-climatological-data/access/1903/index.html?C=S;O=A.tmp’
[2024-03-10T13:47:28.061+0530] {subprocess.py:93} INFO - 
[2024-03-10T13:47:28.062+0530] {subprocess.py:93} INFO -      0K .                                                      36.8M=0s
[2024-03-10T13:47:28.062+0530] {subprocess.py:93} INFO - 
[2024-03-10T13:47:28.062+0530] {subprocess.py:93} INFO - 2024-03-10 13:47:28 (36.8 MB/s) - ‘www.ncei.noaa.gov/data/local-climatological-data/access/1903/index.html?C=S;O=A.tmp’ saved [1687]
[2024-03-10T13:47:28.063+0530] {subprocess.py:93} INFO - 
[2024-03-10T13:47:28.063+0530] {subprocess.py:93} INFO - Removing www.ncei.noaa.gov/data/local-climatological-data/access/1903/index.html?C=S;O=A.tmp since it should be rejected.
[2024-03-10T13:47:28.063+0530] {subprocess.py:93} INFO - 
[2024-03-10T13:47:28.063+0530] {subprocess.py:93} INFO - --2024-03-10 13:47:28--  https://www.ncei.noaa.gov/data/local-climatological-data/access/1903/?C=D;O=A
[2024-03-10T13:47:28.316+0530] {subprocess.py:93} INFO - Connecting to www.ncei.noaa.gov (www.ncei.noaa.gov)|205.167.25.178|:443... connected.
[2024-03-10T13:47:29.201+0530] {subprocess.py:93} INFO - HTTP request sent, awaiting response... 200 OK
[2024-03-10T13:47:29.201+0530] {subprocess.py:93} INFO - Length: unspecified [text/html]
[2024-03-10T13:47:29.202+0530] {subprocess.py:93} INFO - Saving to: ‘www.ncei.noaa.gov/data/local-climatological-data/access/1903/index.html?C=D;O=A.tmp’
[2024-03-10T13:47:29.202+0530] {subprocess.py:93} INFO - 
[2024-03-10T13:47:29.202+0530] {subprocess.py:93} INFO -      0K .                                                      42.5M=0s
[2024-03-10T13:47:29.203+0530] {subprocess.py:93} INFO - 
[2024-03-10T13:47:29.203+0530] {subprocess.py:93} INFO - 2024-03-10 13:47:29 (42.5 MB/s) - ‘www.ncei.noaa.gov/data/local-climatological-data/access/1903/index.html?C=D;O=A.tmp’ saved [1687]
[2024-03-10T13:47:29.203+0530] {subprocess.py:93} INFO - 
[2024-03-10T13:47:29.204+0530] {subprocess.py:93} INFO - Removing www.ncei.noaa.gov/data/local-climatological-data/access/1903/index.html?C=D;O=A.tmp since it should be rejected.
[2024-03-10T13:47:29.204+0530] {subprocess.py:93} INFO - 
[2024-03-10T13:47:29.204+0530] {subprocess.py:93} INFO - --2024-03-10 13:47:29--  https://www.ncei.noaa.gov/data/local-climatological-data/access/1903/02907099999.csv
[2024-03-10T13:47:29.449+0530] {subprocess.py:93} INFO - Connecting to www.ncei.noaa.gov (www.ncei.noaa.gov)|205.167.25.178|:443... connected.
[2024-03-10T13:47:30.233+0530] {subprocess.py:93} INFO - HTTP request sent, awaiting response... 200 OK
[2024-03-10T13:47:30.234+0530] {subprocess.py:93} INFO - Length: 508541 (497K) [text/csv]
[2024-03-10T13:47:30.234+0530] {subprocess.py:93} INFO - Saving to: ‘www.ncei.noaa.gov/data/local-climatological-data/access/1903/02907099999.csv’
[2024-03-10T13:47:30.235+0530] {subprocess.py:93} INFO - 
[2024-03-10T13:47:31.218+0530] {subprocess.py:93} INFO -      0K .......... .......... .......... .......... .......... 10% 67.7K 7s
[2024-03-10T13:47:31.957+0530] {subprocess.py:93} INFO -     50K .......... .......... .......... .......... .......... 20% 50.8K 7s
[2024-03-10T13:47:32.696+0530] {subprocess.py:93} INFO -    100K .......... .......... .......... .......... .......... 30% 67.7K 6s
[2024-03-10T13:47:33.190+0530] {subprocess.py:93} INFO -    150K .......... .......... .......... .......... .......... 40%  101K 4s
[2024-03-10T13:47:33.682+0530] {subprocess.py:93} INFO -    200K .......... .......... .......... .......... .......... 50%  101K 3s
[2024-03-10T13:47:34.175+0530] {subprocess.py:93} INFO -    250K .......... .......... .......... .......... .......... 60%  102K 3s
[2024-03-10T13:47:34.456+0530] {subprocess.py:93} INFO -    300K .......... .......... .......... .......... .......... 70%  178K 2s
[2024-03-10T13:47:34.748+0530] {subprocess.py:93} INFO -    350K .......... .......... .......... .......... .......... 80%  171K 1s
[2024-03-10T13:47:34.993+0530] {subprocess.py:93} INFO -    400K .......... .......... .......... .......... .......... 90%  204K 0s
[2024-03-10T13:47:35.194+0530] {subprocess.py:93} INFO -    450K .......... .......... .......... .......... ......    100%  232K=5.0s
[2024-03-10T13:47:35.195+0530] {subprocess.py:93} INFO - 
[2024-03-10T13:47:35.195+0530] {subprocess.py:93} INFO - 2024-03-10 13:47:35 (100 KB/s) - ‘www.ncei.noaa.gov/data/local-climatological-data/access/1903/02907099999.csv’ saved [508541/508541]
[2024-03-10T13:47:35.196+0530] {subprocess.py:93} INFO - 
[2024-03-10T13:47:35.196+0530] {subprocess.py:93} INFO - --2024-03-10 13:47:35--  https://www.ncei.noaa.gov/data/local-climatological-data/access/1903/02950099999.csv
[2024-03-10T13:47:35.449+0530] {subprocess.py:93} INFO - Connecting to www.ncei.noaa.gov (www.ncei.noaa.gov)|205.167.25.178|:443... connected.
[2024-03-10T13:47:36.251+0530] {subprocess.py:93} INFO - HTTP request sent, awaiting response... 200 OK
[2024-03-10T13:47:36.252+0530] {subprocess.py:93} INFO - Length: 512991 (501K) [text/csv]
[2024-03-10T13:47:36.252+0530] {subprocess.py:93} INFO - Saving to: ‘www.ncei.noaa.gov/data/local-climatological-data/access/1903/02950099999.csv’
[2024-03-10T13:47:36.252+0530] {subprocess.py:93} INFO - 
[2024-03-10T13:47:37.012+0530] {subprocess.py:93} INFO -      0K .......... .......... .......... .......... ..........  9% 65.7K 7s
[2024-03-10T13:47:38.029+0530] {subprocess.py:93} INFO -     50K .......... .......... .......... .......... .......... 19% 49.3K 7s
[2024-03-10T13:47:38.789+0530] {subprocess.py:93} INFO -    100K .......... .......... .......... .......... .......... 29% 65.6K 6s
[2024-03-10T13:47:39.298+0530] {subprocess.py:93} INFO -    150K .......... .......... .......... .......... .......... 39% 98.3K 5s
[2024-03-10T13:47:39.804+0530] {subprocess.py:93} INFO -    200K .......... .......... .......... .......... .......... 49% 98.8K 4s
[2024-03-10T13:47:40.311+0530] {subprocess.py:93} INFO -    250K .......... .......... .......... .......... .......... 59% 98.7K 3s
[2024-03-10T13:47:40.568+0530] {subprocess.py:93} INFO -    300K .......... .......... .......... .......... .......... 69%  197K 2s
[2024-03-10T13:47:40.822+0530] {subprocess.py:93} INFO -    350K .......... .......... .......... .......... .......... 79%  195K 1s
[2024-03-10T13:47:41.074+0530] {subprocess.py:93} INFO -    400K .......... .......... .......... .......... .......... 89%  199K 1s
[2024-03-10T13:47:41.327+0530] {subprocess.py:93} INFO -    450K .......... .......... .......... .......... .......... 99%  198K 0s
[2024-03-10T13:47:41.327+0530] {subprocess.py:93} INFO -    500K                                                       100% 1.80T=5.1s
[2024-03-10T13:47:41.327+0530] {subprocess.py:93} INFO - 
[2024-03-10T13:47:41.328+0530] {subprocess.py:93} INFO - 2024-03-10 13:47:41 (98.7 KB/s) - ‘www.ncei.noaa.gov/data/local-climatological-data/access/1903/02950099999.csv’ saved [512991/512991]
[2024-03-10T13:47:41.328+0530] {subprocess.py:93} INFO - 
[2024-03-10T13:47:41.328+0530] {subprocess.py:93} INFO - --2024-03-10 13:47:41--  https://www.ncei.noaa.gov/data/local-climatological-data/access/1903/02960099999.csv
[2024-03-10T13:47:41.574+0530] {subprocess.py:93} INFO - Connecting to www.ncei.noaa.gov (www.ncei.noaa.gov)|205.167.25.178|:443... connected.
[2024-03-10T13:47:42.360+0530] {subprocess.py:93} INFO - HTTP request sent, awaiting response... 200 OK
[2024-03-10T13:47:42.361+0530] {subprocess.py:93} INFO - Length: 499895 (488K) [text/csv]
[2024-03-10T13:47:42.362+0530] {subprocess.py:93} INFO - Saving to: ‘www.ncei.noaa.gov/data/local-climatological-data/access/1903/02960099999.csv’
[2024-03-10T13:47:42.362+0530] {subprocess.py:93} INFO - 
[2024-03-10T13:47:43.100+0530] {subprocess.py:93} INFO -      0K .......... .......... .......... .......... .......... 10% 67.6K 6s
[2024-03-10T13:47:44.084+0530] {subprocess.py:93} INFO -     50K .......... .......... .......... .......... .......... 20% 64.4K 6s
[2024-03-10T13:47:44.614+0530] {subprocess.py:93} INFO -    100K .......... .......... .......... .......... .......... 30% 67.8K 5s
[2024-03-10T13:47:45.150+0530] {subprocess.py:93} INFO -    150K .......... .......... .......... .......... .......... 40% 93.4K 4s
[2024-03-10T13:47:45.638+0530] {subprocess.py:93} INFO -    200K .......... .......... .......... .......... .......... 51%  102K 3s
[2024-03-10T13:47:46.089+0530] {subprocess.py:93} INFO -    250K .......... .......... .......... .......... .......... 61%  111K 2s
[2024-03-10T13:47:46.337+0530] {subprocess.py:93} INFO -    300K .......... .......... .......... .......... .......... 71%  201K 2s
[2024-03-10T13:47:46.621+0530] {subprocess.py:93} INFO -    350K .......... .......... .......... .......... .......... 81%  176K 1s
[2024-03-10T13:47:46.829+0530] {subprocess.py:93} INFO -    400K .......... .......... .......... .......... .......... 92%  239K 0s
[2024-03-10T13:47:47.037+0530] {subprocess.py:93} INFO -    450K .......... .......... .......... ........             100%  184K=4.7s
[2024-03-10T13:47:47.037+0530] {subprocess.py:93} INFO - 
[2024-03-10T13:47:47.038+0530] {subprocess.py:93} INFO - 2024-03-10 13:47:47 (104 KB/s) - ‘www.ncei.noaa.gov/data/local-climatological-data/access/1903/02960099999.csv’ saved [499895/499895]
[2024-03-10T13:47:47.038+0530] {subprocess.py:93} INFO - 
[2024-03-10T13:47:47.038+0530] {subprocess.py:93} INFO - --2024-03-10 13:47:47--  https://www.ncei.noaa.gov/data/local-climatological-data/access/1903/02972099999.csv
[2024-03-10T13:47:47.284+0530] {subprocess.py:93} INFO - Connecting to www.ncei.noaa.gov (www.ncei.noaa.gov)|205.167.25.178|:443... connected.
[2024-03-10T13:47:48.107+0530] {subprocess.py:93} INFO - HTTP request sent, awaiting response... 200 OK
[2024-03-10T13:47:48.108+0530] {subprocess.py:93} INFO - Length: 505361 (494K) [text/csv]
[2024-03-10T13:47:48.109+0530] {subprocess.py:93} INFO - Saving to: ‘www.ncei.noaa.gov/data/local-climatological-data/access/1903/02972099999.csv’
[2024-03-10T13:47:48.109+0530] {subprocess.py:93} INFO - 
[2024-03-10T13:47:49.094+0530] {subprocess.py:93} INFO -      0K .......... .......... .......... .......... .......... 10% 67.6K 7s
[2024-03-10T13:47:49.833+0530] {subprocess.py:93} INFO -     50K .......... .......... .......... .......... .......... 20% 50.8K 7s
[2024-03-10T13:47:50.573+0530] {subprocess.py:93} INFO -    100K .......... .......... .......... .......... .......... 30% 67.6K 6s
[2024-03-10T13:47:51.310+0530] {subprocess.py:93} INFO -    150K .......... .......... .......... .......... .......... 40% 67.7K 5s
[2024-03-10T13:47:51.803+0530] {subprocess.py:93} INFO -    200K .......... .......... .......... .......... .......... 50%  101K 4s
[2024-03-10T13:47:52.058+0530] {subprocess.py:93} INFO -    250K .......... .......... .......... .......... .......... 60%  196K 3s
[2024-03-10T13:47:52.541+0530] {subprocess.py:93} INFO -    300K .......... .......... .......... .......... .......... 70%  104K 2s
[2024-03-10T13:47:52.802+0530] {subprocess.py:93} INFO -    350K .......... .......... .......... .......... .......... 81%  192K 1s
[2024-03-10T13:47:53.050+0530] {subprocess.py:93} INFO -    400K .......... .......... .......... .......... .......... 91%  201K 0s
[2024-03-10T13:47:53.177+0530] {subprocess.py:93} INFO -    450K .......... .......... .......... .......... ...       100%  343K=5.1s
[2024-03-10T13:47:53.177+0530] {subprocess.py:93} INFO - 
[2024-03-10T13:47:53.178+0530] {subprocess.py:93} INFO - 2024-03-10 13:47:53 (97.4 KB/s) - ‘www.ncei.noaa.gov/data/local-climatological-data/access/1903/02972099999.csv’ saved [505361/505361]
[2024-03-10T13:47:53.178+0530] {subprocess.py:93} INFO - 
[2024-03-10T13:47:53.179+0530] {subprocess.py:93} INFO - --2024-03-10 13:47:53--  https://www.ncei.noaa.gov/data/local-climatological-data/access/1903/02981099999.csv
[2024-03-10T13:47:53.424+0530] {subprocess.py:93} INFO - Connecting to www.ncei.noaa.gov (www.ncei.noaa.gov)|205.167.25.178|:443... connected.
[2024-03-10T13:47:54.187+0530] {subprocess.py:93} INFO - HTTP request sent, awaiting response... 200 OK
[2024-03-10T13:47:54.188+0530] {subprocess.py:93} INFO - Length: 512935 (501K) [text/csv]
[2024-03-10T13:47:54.188+0530] {subprocess.py:93} INFO - Saving to: ‘www.ncei.noaa.gov/data/local-climatological-data/access/1903/02981099999.csv’
[2024-03-10T13:47:54.189+0530] {subprocess.py:93} INFO - 
[2024-03-10T13:47:54.928+0530] {subprocess.py:93} INFO -      0K .......... .......... .......... .......... ..........  9% 67.6K 7s
[2024-03-10T13:47:55.913+0530] {subprocess.py:93} INFO -     50K .......... .......... .......... .......... .......... 19% 50.8K 7s
[2024-03-10T13:47:56.656+0530] {subprocess.py:93} INFO -    100K .......... .......... .......... .......... .......... 29% 67.3K 6s
[2024-03-10T13:47:57.155+0530] {subprocess.py:93} INFO -    150K .......... .......... .......... .......... .......... 39%  100K 4s
[2024-03-10T13:47:57.656+0530] {subprocess.py:93} INFO -    200K .......... .......... .......... .......... .......... 49% 99.9K 3s
[2024-03-10T13:47:58.150+0530] {subprocess.py:93} INFO -    250K .......... .......... .......... .......... .......... 59%  149K 3s
[2024-03-10T13:47:58.398+0530] {subprocess.py:93} INFO -    300K .......... .......... .......... .......... .......... 69%  123K 2s
[2024-03-10T13:47:58.648+0530] {subprocess.py:93} INFO -    350K .......... .......... .......... .......... .......... 79%  200K 1s
[2024-03-10T13:47:58.897+0530] {subprocess.py:93} INFO -    400K .......... .......... .......... .......... .......... 89%  200K 1s
[2024-03-10T13:47:59.144+0530] {subprocess.py:93} INFO -    450K .......... .......... .......... .......... .......... 99%  202K 0s
[2024-03-10T13:47:59.145+0530] {subprocess.py:93} INFO -    500K                                                       100% 8.93M=5.0s
[2024-03-10T13:47:59.145+0530] {subprocess.py:93} INFO - 
[2024-03-10T13:47:59.146+0530] {subprocess.py:93} INFO - 2024-03-10 13:47:59 (101 KB/s) - ‘www.ncei.noaa.gov/data/local-climatological-data/access/1903/02981099999.csv’ saved [512935/512935]
[2024-03-10T13:47:59.146+0530] {subprocess.py:93} INFO - 
[2024-03-10T13:47:59.146+0530] {subprocess.py:93} INFO - --2024-03-10 13:47:59--  https://www.ncei.noaa.gov/data/local-climatological-data/access/1903/22707099999.csv
[2024-03-10T13:47:59.392+0530] {subprocess.py:93} INFO - Connecting to www.ncei.noaa.gov (www.ncei.noaa.gov)|205.167.25.178|:443... connected.
[2024-03-10T13:48:00.154+0530] {subprocess.py:93} INFO - HTTP request sent, awaiting response... 200 OK
[2024-03-10T13:48:00.154+0530] {subprocess.py:93} INFO - Length: 502955 (491K) [text/csv]
[2024-03-10T13:48:00.154+0530] {subprocess.py:93} INFO - Saving to: ‘www.ncei.noaa.gov/data/local-climatological-data/access/1903/22707099999.csv’
[2024-03-10T13:48:00.155+0530] {subprocess.py:93} INFO - 
[2024-03-10T13:48:00.895+0530] {subprocess.py:93} INFO -      0K .......... .......... .......... .......... .......... 10% 67.5K 7s
[2024-03-10T13:48:01.882+0530] {subprocess.py:93} INFO -     50K .......... .......... .......... .......... .......... 20% 50.7K 7s
[2024-03-10T13:48:02.622+0530] {subprocess.py:93} INFO -    100K .......... .......... .......... .......... .......... 30% 67.5K 6s
[2024-03-10T13:48:03.119+0530] {subprocess.py:93} INFO -    150K .......... .......... .......... .......... .......... 40%  101K 4s
[2024-03-10T13:48:03.611+0530] {subprocess.py:93} INFO -    200K .......... .......... .......... .......... .......... 50%  102K 3s
[2024-03-10T13:48:04.107+0530] {subprocess.py:93} INFO -    250K .......... .......... .......... .......... .......... 61%  101K 3s
[2024-03-10T13:48:04.355+0530] {subprocess.py:93} INFO -    300K .......... .......... .......... .......... .......... 71%  202K 2s
[2024-03-10T13:48:04.605+0530] {subprocess.py:93} INFO -    350K .......... .......... .......... .......... .......... 81%  200K 1s
[2024-03-10T13:48:04.865+0530] {subprocess.py:93} INFO -    400K .......... .......... .......... .......... .......... 91%  192K 0s
[2024-03-10T13:48:05.116+0530] {subprocess.py:93} INFO -    450K .......... .......... .......... .......... .         100%  164K=5.0s
[2024-03-10T13:48:05.117+0530] {subprocess.py:93} INFO - 
[2024-03-10T13:48:05.117+0530] {subprocess.py:93} INFO - 2024-03-10 13:48:05 (99.0 KB/s) - ‘www.ncei.noaa.gov/data/local-climatological-data/access/1903/22707099999.csv’ saved [502955/502955]
[2024-03-10T13:48:05.118+0530] {subprocess.py:93} INFO - 
[2024-03-10T13:48:05.118+0530] {subprocess.py:93} INFO - --2024-03-10 13:48:05--  https://www.ncei.noaa.gov/data/local-climatological-data/access/1903/?C=N;O=A
[2024-03-10T13:48:09.364+0530] {subprocess.py:93} INFO - Connecting to www.ncei.noaa.gov (www.ncei.noaa.gov)|205.167.25.178|:443... connected.
[2024-03-10T13:48:10.605+0530] {subprocess.py:93} INFO - HTTP request sent, awaiting response... 200 OK
[2024-03-10T13:48:10.605+0530] {subprocess.py:93} INFO - Length: unspecified [text/html]
[2024-03-10T13:48:10.606+0530] {subprocess.py:93} INFO - Saving to: ‘www.ncei.noaa.gov/data/local-climatological-data/access/1903/index.html?C=N;O=A.tmp’
[2024-03-10T13:48:10.606+0530] {subprocess.py:93} INFO - 
[2024-03-10T13:48:10.606+0530] {subprocess.py:93} INFO -      0K .                                                      66.0M=0s
[2024-03-10T13:48:10.607+0530] {subprocess.py:93} INFO - 
[2024-03-10T13:48:10.607+0530] {subprocess.py:93} INFO - 2024-03-10 13:48:10 (66.0 MB/s) - ‘www.ncei.noaa.gov/data/local-climatological-data/access/1903/index.html?C=N;O=A.tmp’ saved [1687]
[2024-03-10T13:48:10.607+0530] {subprocess.py:93} INFO - 
[2024-03-10T13:48:10.608+0530] {subprocess.py:93} INFO - Removing www.ncei.noaa.gov/data/local-climatological-data/access/1903/index.html?C=N;O=A.tmp since it should be rejected.
[2024-03-10T13:48:10.608+0530] {subprocess.py:93} INFO - 
[2024-03-10T13:48:10.608+0530] {subprocess.py:93} INFO - --2024-03-10 13:48:10--  https://www.ncei.noaa.gov/data/local-climatological-data/access/1903/?C=M;O=D
[2024-03-10T13:48:10.860+0530] {subprocess.py:93} INFO - Connecting to www.ncei.noaa.gov (www.ncei.noaa.gov)|205.167.25.178|:443... connected.
[2024-03-10T13:48:11.636+0530] {subprocess.py:93} INFO - HTTP request sent, awaiting response... 200 OK
[2024-03-10T13:48:11.637+0530] {subprocess.py:93} INFO - Length: unspecified [text/html]
[2024-03-10T13:48:11.637+0530] {subprocess.py:93} INFO - Saving to: ‘www.ncei.noaa.gov/data/local-climatological-data/access/1903/index.html?C=M;O=D.tmp’
[2024-03-10T13:48:11.638+0530] {subprocess.py:93} INFO - 
[2024-03-10T13:48:11.638+0530] {subprocess.py:93} INFO -      0K .                                                      36.5M=0s
[2024-03-10T13:48:11.638+0530] {subprocess.py:93} INFO - 
[2024-03-10T13:48:11.639+0530] {subprocess.py:93} INFO - 2024-03-10 13:48:11 (36.5 MB/s) - ‘www.ncei.noaa.gov/data/local-climatological-data/access/1903/index.html?C=M;O=D.tmp’ saved [1687]
[2024-03-10T13:48:11.639+0530] {subprocess.py:93} INFO - 
[2024-03-10T13:48:11.639+0530] {subprocess.py:93} INFO - Removing www.ncei.noaa.gov/data/local-climatological-data/access/1903/index.html?C=M;O=D.tmp since it should be rejected.
[2024-03-10T13:48:11.640+0530] {subprocess.py:93} INFO - 
[2024-03-10T13:48:11.640+0530] {subprocess.py:93} INFO - --2024-03-10 13:48:11--  https://www.ncei.noaa.gov/data/local-climatological-data/access/1903/?C=S;O=D
[2024-03-10T13:48:11.896+0530] {subprocess.py:93} INFO - Connecting to www.ncei.noaa.gov (www.ncei.noaa.gov)|205.167.25.178|:443... connected.
[2024-03-10T13:48:12.678+0530] {subprocess.py:93} INFO - HTTP request sent, awaiting response... 200 OK
[2024-03-10T13:48:12.678+0530] {subprocess.py:93} INFO - Length: unspecified [text/html]
[2024-03-10T13:48:12.679+0530] {subprocess.py:93} INFO - Saving to: ‘www.ncei.noaa.gov/data/local-climatological-data/access/1903/index.html?C=S;O=D.tmp’
[2024-03-10T13:48:12.679+0530] {subprocess.py:93} INFO - 
[2024-03-10T13:48:12.679+0530] {subprocess.py:93} INFO -      0K .                                                      60.4M=0s
[2024-03-10T13:48:12.680+0530] {subprocess.py:93} INFO - 
[2024-03-10T13:48:12.680+0530] {subprocess.py:93} INFO - 2024-03-10 13:48:12 (60.4 MB/s) - ‘www.ncei.noaa.gov/data/local-climatological-data/access/1903/index.html?C=S;O=D.tmp’ saved [1687]
[2024-03-10T13:48:12.681+0530] {subprocess.py:93} INFO - 
[2024-03-10T13:48:12.681+0530] {subprocess.py:93} INFO - Removing www.ncei.noaa.gov/data/local-climatological-data/access/1903/index.html?C=S;O=D.tmp since it should be rejected.
[2024-03-10T13:48:12.682+0530] {subprocess.py:93} INFO - 
[2024-03-10T13:48:12.682+0530] {subprocess.py:93} INFO - --2024-03-10 13:48:12--  https://www.ncei.noaa.gov/data/local-climatological-data/access/1903/?C=D;O=D
[2024-03-10T13:48:12.926+0530] {subprocess.py:93} INFO - Connecting to www.ncei.noaa.gov (www.ncei.noaa.gov)|205.167.25.178|:443... connected.
[2024-03-10T13:48:13.676+0530] {subprocess.py:93} INFO - HTTP request sent, awaiting response... 200 OK
[2024-03-10T13:48:13.676+0530] {subprocess.py:93} INFO - Length: unspecified [text/html]
[2024-03-10T13:48:13.677+0530] {subprocess.py:93} INFO - Saving to: ‘www.ncei.noaa.gov/data/local-climatological-data/access/1903/index.html?C=D;O=D.tmp’
[2024-03-10T13:48:13.677+0530] {subprocess.py:93} INFO - 
[2024-03-10T13:48:13.677+0530] {subprocess.py:93} INFO -      0K .                                                      49.1M=0s
[2024-03-10T13:48:13.678+0530] {subprocess.py:93} INFO - 
[2024-03-10T13:48:13.678+0530] {subprocess.py:93} INFO - 2024-03-10 13:48:13 (49.1 MB/s) - ‘www.ncei.noaa.gov/data/local-climatological-data/access/1903/index.html?C=D;O=D.tmp’ saved [1687]
[2024-03-10T13:48:13.678+0530] {subprocess.py:93} INFO - 
[2024-03-10T13:48:13.679+0530] {subprocess.py:93} INFO - Removing www.ncei.noaa.gov/data/local-climatological-data/access/1903/index.html?C=D;O=D.tmp since it should be rejected.
[2024-03-10T13:48:13.679+0530] {subprocess.py:93} INFO - 
[2024-03-10T13:48:13.679+0530] {subprocess.py:93} INFO - FINISHED --2024-03-10 13:48:13--
[2024-03-10T13:48:13.680+0530] {subprocess.py:93} INFO - Total wall clock time: 51s
[2024-03-10T13:48:13.680+0530] {subprocess.py:93} INFO - Downloaded: 16 files, 2.9M in 30s (101 KB/s)
[2024-03-10T13:48:13.680+0530] {subprocess.py:97} INFO - Command exited with return code 0
[2024-03-10T13:48:13.872+0530] {taskinstance.py:1149} INFO - Marking task as SUCCESS. dag_id=data_fetch_pipeline_big_data, task_id=fetch_location_data, execution_date=20240303T110906, start_date=20240310T081722, end_date=20240310T081813
[2024-03-10T13:48:13.979+0530] {local_task_job_runner.py:234} INFO - Task exited with return code 0
[2024-03-10T13:48:14.017+0530] {taskinstance.py:3309} INFO - 1 downstream tasks scheduled from follow-on schedule check
