[2024-03-10T14:41:15.170+0530] {taskinstance.py:1979} INFO - Dependencies all met for dep_context=non-requeueable deps ti=<TaskInstance: data_fetch_pipeline_big_data.select_random_files manual__2024-03-10T09:10:41.696863+00:00 [queued]>
[2024-03-10T14:41:15.175+0530] {taskinstance.py:1979} INFO - Dependencies all met for dep_context=requeueable deps ti=<TaskInstance: data_fetch_pipeline_big_data.select_random_files manual__2024-03-10T09:10:41.696863+00:00 [queued]>
[2024-03-10T14:41:15.175+0530] {taskinstance.py:2193} INFO - Starting attempt 1 of 2
[2024-03-10T14:41:15.263+0530] {taskinstance.py:2214} INFO - Executing <Task(PythonOperator): select_random_files> on 2024-03-10 09:10:41.696863+00:00
[2024-03-10T14:41:15.280+0530] {standard_task_runner.py:60} INFO - Started process 14030 to run task
[2024-03-10T14:41:15.288+0530] {standard_task_runner.py:87} INFO - Running: ['airflow', 'tasks', 'run', 'data_fetch_pipeline_big_data', 'select_random_files', 'manual__2024-03-10T09:10:41.696863+00:00', '--job-id', '29', '--raw', '--subdir', 'DAGS_FOLDER/big_data_lab.py', '--cfg-path', '/tmp/tmpw98vg4gv']
[2024-03-10T14:41:15.291+0530] {standard_task_runner.py:88} INFO - Job 29: Subtask select_random_files
[2024-03-10T14:41:15.646+0530] {task_command.py:423} INFO - Running <TaskInstance: data_fetch_pipeline_big_data.select_random_files manual__2024-03-10T09:10:41.696863+00:00 [running]> on host HP
[2024-03-10T14:41:15.968+0530] {taskinstance.py:2510} INFO - Exporting env vars: AIRFLOW_CTX_DAG_OWNER='airflow' AIRFLOW_CTX_DAG_ID='data_fetch_pipeline_big_data' AIRFLOW_CTX_TASK_ID='select_random_files' AIRFLOW_CTX_EXECUTION_DATE='2024-03-10T09:10:41.696863+00:00' AIRFLOW_CTX_TRY_NUMBER='1' AIRFLOW_CTX_DAG_RUN_ID='manual__2024-03-10T09:10:41.696863+00:00'
[2024-03-10T14:41:15.972+0530] {logging_mixin.py:188} INFO - ['02960099999.csv', '22707099999.csv', '02950099999.csv']
[2024-03-10T14:41:15.973+0530] {logging_mixin.py:188} INFO - ['02960099999.csv', '22707099999.csv', '02950099999.csv']
[2024-03-10T14:41:15.973+0530] {logging_mixin.py:188} INFO - opened
[2024-03-10T14:41:15.974+0530] {logging_mixin.py:188} INFO - 02960099999.csv
[2024-03-10T14:41:15.974+0530] {logging_mixin.py:188} INFO - 22707099999.csv
[2024-03-10T14:41:15.974+0530] {logging_mixin.py:188} INFO - 02950099999.csv
[2024-03-10T14:41:15.975+0530] {logging_mixin.py:188} INFO - closed
[2024-03-10T14:41:15.975+0530] {python.py:202} INFO - Done. Returned value was: None
[2024-03-10T14:41:15.984+0530] {taskinstance.py:1149} INFO - Marking task as SUCCESS. dag_id=data_fetch_pipeline_big_data, task_id=select_random_files, execution_date=20240310T091041, start_date=20240310T091115, end_date=20240310T091115
[2024-03-10T14:41:16.102+0530] {local_task_job_runner.py:234} INFO - Task exited with return code 0
[2024-03-10T14:41:16.123+0530] {taskinstance.py:3309} INFO - 1 downstream tasks scheduled from follow-on schedule check
