[2024-03-03T01:48:15.547+0530] {processor.py:161} INFO - Started process (PID=6556) to work on /home/akranth/airflow/airflow_env/lib/python3.11/site-packages/airflow/example_dags/plugins/event_listener.py
[2024-03-03T01:48:15.547+0530] {processor.py:830} INFO - Processing file /home/akranth/airflow/airflow_env/lib/python3.11/site-packages/airflow/example_dags/plugins/event_listener.py for tasks to queue
[2024-03-03T01:48:15.548+0530] {logging_mixin.py:188} INFO - [2024-03-03T01:48:15.548+0530] {dagbag.py:540} INFO - Filling up the DagBag from /home/akranth/airflow/airflow_env/lib/python3.11/site-packages/airflow/example_dags/plugins/event_listener.py
[2024-03-03T01:48:15.549+0530] {processor.py:842} WARNING - No viable dags retrieved from /home/akranth/airflow/airflow_env/lib/python3.11/site-packages/airflow/example_dags/plugins/event_listener.py
[2024-03-03T01:48:15.557+0530] {processor.py:183} INFO - Processing /home/akranth/airflow/airflow_env/lib/python3.11/site-packages/airflow/example_dags/plugins/event_listener.py took 0.014 seconds
[2024-03-03T01:49:24.706+0530] {processor.py:161} INFO - Started process (PID=6697) to work on /home/akranth/airflow/airflow_env/lib/python3.11/site-packages/airflow/example_dags/plugins/event_listener.py
[2024-03-03T01:49:24.707+0530] {processor.py:830} INFO - Processing file /home/akranth/airflow/airflow_env/lib/python3.11/site-packages/airflow/example_dags/plugins/event_listener.py for tasks to queue
[2024-03-03T01:49:24.707+0530] {logging_mixin.py:188} INFO - [2024-03-03T01:49:24.707+0530] {dagbag.py:540} INFO - Filling up the DagBag from /home/akranth/airflow/airflow_env/lib/python3.11/site-packages/airflow/example_dags/plugins/event_listener.py
[2024-03-03T01:49:24.709+0530] {processor.py:842} WARNING - No viable dags retrieved from /home/akranth/airflow/airflow_env/lib/python3.11/site-packages/airflow/example_dags/plugins/event_listener.py
[2024-03-03T01:49:24.718+0530] {processor.py:183} INFO - Processing /home/akranth/airflow/airflow_env/lib/python3.11/site-packages/airflow/example_dags/plugins/event_listener.py took 0.014 seconds
[2024-03-03T01:49:59.196+0530] {processor.py:161} INFO - Started process (PID=6773) to work on /home/akranth/airflow/airflow_env/lib/python3.11/site-packages/airflow/example_dags/plugins/event_listener.py
[2024-03-03T01:49:59.197+0530] {processor.py:830} INFO - Processing file /home/akranth/airflow/airflow_env/lib/python3.11/site-packages/airflow/example_dags/plugins/event_listener.py for tasks to queue
[2024-03-03T01:49:59.197+0530] {logging_mixin.py:188} INFO - [2024-03-03T01:49:59.197+0530] {dagbag.py:540} INFO - Filling up the DagBag from /home/akranth/airflow/airflow_env/lib/python3.11/site-packages/airflow/example_dags/plugins/event_listener.py
[2024-03-03T01:49:59.199+0530] {processor.py:842} WARNING - No viable dags retrieved from /home/akranth/airflow/airflow_env/lib/python3.11/site-packages/airflow/example_dags/plugins/event_listener.py
[2024-03-03T01:49:59.207+0530] {processor.py:183} INFO - Processing /home/akranth/airflow/airflow_env/lib/python3.11/site-packages/airflow/example_dags/plugins/event_listener.py took 0.013 seconds
[2024-03-03T01:51:02.568+0530] {processor.py:161} INFO - Started process (PID=6932) to work on /home/akranth/airflow/airflow_env/lib/python3.11/site-packages/airflow/example_dags/plugins/event_listener.py
[2024-03-03T01:51:02.621+0530] {processor.py:830} INFO - Processing file /home/akranth/airflow/airflow_env/lib/python3.11/site-packages/airflow/example_dags/plugins/event_listener.py for tasks to queue
[2024-03-03T01:51:02.623+0530] {logging_mixin.py:188} INFO - [2024-03-03T01:51:02.622+0530] {dagbag.py:540} INFO - Filling up the DagBag from /home/akranth/airflow/airflow_env/lib/python3.11/site-packages/airflow/example_dags/plugins/event_listener.py
[2024-03-03T01:51:02.626+0530] {processor.py:842} WARNING - No viable dags retrieved from /home/akranth/airflow/airflow_env/lib/python3.11/site-packages/airflow/example_dags/plugins/event_listener.py
[2024-03-03T01:51:02.634+0530] {processor.py:183} INFO - Processing /home/akranth/airflow/airflow_env/lib/python3.11/site-packages/airflow/example_dags/plugins/event_listener.py took 0.068 seconds
[2024-03-03T01:52:07.084+0530] {processor.py:161} INFO - Started process (PID=7077) to work on /home/akranth/airflow/airflow_env/lib/python3.11/site-packages/airflow/example_dags/plugins/event_listener.py
[2024-03-03T01:52:07.085+0530] {processor.py:830} INFO - Processing file /home/akranth/airflow/airflow_env/lib/python3.11/site-packages/airflow/example_dags/plugins/event_listener.py for tasks to queue
[2024-03-03T01:52:07.086+0530] {logging_mixin.py:188} INFO - [2024-03-03T01:52:07.086+0530] {dagbag.py:540} INFO - Filling up the DagBag from /home/akranth/airflow/airflow_env/lib/python3.11/site-packages/airflow/example_dags/plugins/event_listener.py
[2024-03-03T01:52:07.088+0530] {processor.py:842} WARNING - No viable dags retrieved from /home/akranth/airflow/airflow_env/lib/python3.11/site-packages/airflow/example_dags/plugins/event_listener.py
[2024-03-03T01:52:07.096+0530] {processor.py:183} INFO - Processing /home/akranth/airflow/airflow_env/lib/python3.11/site-packages/airflow/example_dags/plugins/event_listener.py took 0.014 seconds
[2024-03-03T01:53:08.677+0530] {processor.py:161} INFO - Started process (PID=7171) to work on /home/akranth/airflow/airflow_env/lib/python3.11/site-packages/airflow/example_dags/plugins/event_listener.py
[2024-03-03T01:53:08.695+0530] {processor.py:830} INFO - Processing file /home/akranth/airflow/airflow_env/lib/python3.11/site-packages/airflow/example_dags/plugins/event_listener.py for tasks to queue
[2024-03-03T01:53:08.698+0530] {logging_mixin.py:188} INFO - [2024-03-03T01:53:08.697+0530] {dagbag.py:540} INFO - Filling up the DagBag from /home/akranth/airflow/airflow_env/lib/python3.11/site-packages/airflow/example_dags/plugins/event_listener.py
[2024-03-03T01:53:08.702+0530] {processor.py:842} WARNING - No viable dags retrieved from /home/akranth/airflow/airflow_env/lib/python3.11/site-packages/airflow/example_dags/plugins/event_listener.py
[2024-03-03T01:53:09.493+0530] {processor.py:183} INFO - Processing /home/akranth/airflow/airflow_env/lib/python3.11/site-packages/airflow/example_dags/plugins/event_listener.py took 0.819 seconds
[2024-03-03T01:53:49.961+0530] {processor.py:161} INFO - Started process (PID=7214) to work on /home/akranth/airflow/airflow_env/lib/python3.11/site-packages/airflow/example_dags/plugins/event_listener.py
[2024-03-03T01:53:49.972+0530] {processor.py:830} INFO - Processing file /home/akranth/airflow/airflow_env/lib/python3.11/site-packages/airflow/example_dags/plugins/event_listener.py for tasks to queue
[2024-03-03T01:53:49.974+0530] {logging_mixin.py:188} INFO - [2024-03-03T01:53:49.973+0530] {dagbag.py:540} INFO - Filling up the DagBag from /home/akranth/airflow/airflow_env/lib/python3.11/site-packages/airflow/example_dags/plugins/event_listener.py
[2024-03-03T01:53:49.979+0530] {processor.py:842} WARNING - No viable dags retrieved from /home/akranth/airflow/airflow_env/lib/python3.11/site-packages/airflow/example_dags/plugins/event_listener.py
[2024-03-03T01:53:50.000+0530] {processor.py:183} INFO - Processing /home/akranth/airflow/airflow_env/lib/python3.11/site-packages/airflow/example_dags/plugins/event_listener.py took 0.041 seconds
[2024-03-03T01:54:24.942+0530] {processor.py:161} INFO - Started process (PID=7247) to work on /home/akranth/airflow/airflow_env/lib/python3.11/site-packages/airflow/example_dags/plugins/event_listener.py
[2024-03-03T01:54:25.026+0530] {processor.py:830} INFO - Processing file /home/akranth/airflow/airflow_env/lib/python3.11/site-packages/airflow/example_dags/plugins/event_listener.py for tasks to queue
[2024-03-03T01:54:25.027+0530] {logging_mixin.py:188} INFO - [2024-03-03T01:54:25.027+0530] {dagbag.py:540} INFO - Filling up the DagBag from /home/akranth/airflow/airflow_env/lib/python3.11/site-packages/airflow/example_dags/plugins/event_listener.py
[2024-03-03T01:54:25.029+0530] {processor.py:842} WARNING - No viable dags retrieved from /home/akranth/airflow/airflow_env/lib/python3.11/site-packages/airflow/example_dags/plugins/event_listener.py
[2024-03-03T01:54:25.038+0530] {processor.py:183} INFO - Processing /home/akranth/airflow/airflow_env/lib/python3.11/site-packages/airflow/example_dags/plugins/event_listener.py took 0.098 seconds
[2024-03-03T01:54:59.729+0530] {processor.py:161} INFO - Started process (PID=7282) to work on /home/akranth/airflow/airflow_env/lib/python3.11/site-packages/airflow/example_dags/plugins/event_listener.py
[2024-03-03T01:54:59.729+0530] {processor.py:830} INFO - Processing file /home/akranth/airflow/airflow_env/lib/python3.11/site-packages/airflow/example_dags/plugins/event_listener.py for tasks to queue
[2024-03-03T01:54:59.730+0530] {logging_mixin.py:188} INFO - [2024-03-03T01:54:59.730+0530] {dagbag.py:540} INFO - Filling up the DagBag from /home/akranth/airflow/airflow_env/lib/python3.11/site-packages/airflow/example_dags/plugins/event_listener.py
[2024-03-03T01:54:59.731+0530] {processor.py:842} WARNING - No viable dags retrieved from /home/akranth/airflow/airflow_env/lib/python3.11/site-packages/airflow/example_dags/plugins/event_listener.py
[2024-03-03T01:54:59.739+0530] {processor.py:183} INFO - Processing /home/akranth/airflow/airflow_env/lib/python3.11/site-packages/airflow/example_dags/plugins/event_listener.py took 0.012 seconds
[2024-03-03T01:55:34.740+0530] {processor.py:161} INFO - Started process (PID=7315) to work on /home/akranth/airflow/airflow_env/lib/python3.11/site-packages/airflow/example_dags/plugins/event_listener.py
[2024-03-03T01:55:34.741+0530] {processor.py:830} INFO - Processing file /home/akranth/airflow/airflow_env/lib/python3.11/site-packages/airflow/example_dags/plugins/event_listener.py for tasks to queue
[2024-03-03T01:55:34.741+0530] {logging_mixin.py:188} INFO - [2024-03-03T01:55:34.741+0530] {dagbag.py:540} INFO - Filling up the DagBag from /home/akranth/airflow/airflow_env/lib/python3.11/site-packages/airflow/example_dags/plugins/event_listener.py
[2024-03-03T01:55:34.743+0530] {processor.py:842} WARNING - No viable dags retrieved from /home/akranth/airflow/airflow_env/lib/python3.11/site-packages/airflow/example_dags/plugins/event_listener.py
[2024-03-03T01:55:34.751+0530] {processor.py:183} INFO - Processing /home/akranth/airflow/airflow_env/lib/python3.11/site-packages/airflow/example_dags/plugins/event_listener.py took 0.013 seconds
[2024-03-03T01:56:08.849+0530] {processor.py:161} INFO - Started process (PID=7369) to work on /home/akranth/airflow/airflow_env/lib/python3.11/site-packages/airflow/example_dags/plugins/event_listener.py
[2024-03-03T01:56:08.861+0530] {processor.py:830} INFO - Processing file /home/akranth/airflow/airflow_env/lib/python3.11/site-packages/airflow/example_dags/plugins/event_listener.py for tasks to queue
[2024-03-03T01:56:08.863+0530] {logging_mixin.py:188} INFO - [2024-03-03T01:56:08.862+0530] {dagbag.py:540} INFO - Filling up the DagBag from /home/akranth/airflow/airflow_env/lib/python3.11/site-packages/airflow/example_dags/plugins/event_listener.py
[2024-03-03T01:56:08.868+0530] {processor.py:842} WARNING - No viable dags retrieved from /home/akranth/airflow/airflow_env/lib/python3.11/site-packages/airflow/example_dags/plugins/event_listener.py
[2024-03-03T01:56:08.889+0530] {processor.py:183} INFO - Processing /home/akranth/airflow/airflow_env/lib/python3.11/site-packages/airflow/example_dags/plugins/event_listener.py took 0.047 seconds
