[2024-03-03T01:48:17.760+0530] {processor.py:161} INFO - Started process (PID=6566) to work on /home/akranth/airflow/airflow_env/lib/python3.11/site-packages/airflow/example_dags/plugins/listener_plugin.py
[2024-03-03T01:48:17.760+0530] {processor.py:830} INFO - Processing file /home/akranth/airflow/airflow_env/lib/python3.11/site-packages/airflow/example_dags/plugins/listener_plugin.py for tasks to queue
[2024-03-03T01:48:17.761+0530] {logging_mixin.py:188} INFO - [2024-03-03T01:48:17.761+0530] {dagbag.py:540} INFO - Filling up the DagBag from /home/akranth/airflow/airflow_env/lib/python3.11/site-packages/airflow/example_dags/plugins/listener_plugin.py
[2024-03-03T01:48:17.763+0530] {processor.py:842} WARNING - No viable dags retrieved from /home/akranth/airflow/airflow_env/lib/python3.11/site-packages/airflow/example_dags/plugins/listener_plugin.py
[2024-03-03T01:48:17.770+0530] {processor.py:183} INFO - Processing /home/akranth/airflow/airflow_env/lib/python3.11/site-packages/airflow/example_dags/plugins/listener_plugin.py took 0.012 seconds
[2024-03-03T01:49:26.848+0530] {processor.py:161} INFO - Started process (PID=6707) to work on /home/akranth/airflow/airflow_env/lib/python3.11/site-packages/airflow/example_dags/plugins/listener_plugin.py
[2024-03-03T01:49:26.849+0530] {processor.py:830} INFO - Processing file /home/akranth/airflow/airflow_env/lib/python3.11/site-packages/airflow/example_dags/plugins/listener_plugin.py for tasks to queue
[2024-03-03T01:49:26.850+0530] {logging_mixin.py:188} INFO - [2024-03-03T01:49:26.850+0530] {dagbag.py:540} INFO - Filling up the DagBag from /home/akranth/airflow/airflow_env/lib/python3.11/site-packages/airflow/example_dags/plugins/listener_plugin.py
[2024-03-03T01:49:26.854+0530] {processor.py:842} WARNING - No viable dags retrieved from /home/akranth/airflow/airflow_env/lib/python3.11/site-packages/airflow/example_dags/plugins/listener_plugin.py
[2024-03-03T01:49:26.868+0530] {processor.py:183} INFO - Processing /home/akranth/airflow/airflow_env/lib/python3.11/site-packages/airflow/example_dags/plugins/listener_plugin.py took 0.023 seconds
[2024-03-03T01:50:31.206+0530] {processor.py:161} INFO - Started process (PID=6826) to work on /home/akranth/airflow/airflow_env/lib/python3.11/site-packages/airflow/example_dags/plugins/listener_plugin.py
[2024-03-03T01:50:31.208+0530] {processor.py:830} INFO - Processing file /home/akranth/airflow/airflow_env/lib/python3.11/site-packages/airflow/example_dags/plugins/listener_plugin.py for tasks to queue
[2024-03-03T01:50:31.210+0530] {logging_mixin.py:188} INFO - [2024-03-03T01:50:31.209+0530] {dagbag.py:540} INFO - Filling up the DagBag from /home/akranth/airflow/airflow_env/lib/python3.11/site-packages/airflow/example_dags/plugins/listener_plugin.py
[2024-03-03T01:50:31.216+0530] {processor.py:842} WARNING - No viable dags retrieved from /home/akranth/airflow/airflow_env/lib/python3.11/site-packages/airflow/example_dags/plugins/listener_plugin.py
[2024-03-03T01:50:31.230+0530] {processor.py:183} INFO - Processing /home/akranth/airflow/airflow_env/lib/python3.11/site-packages/airflow/example_dags/plugins/listener_plugin.py took 0.031 seconds
[2024-03-03T01:51:34.425+0530] {processor.py:161} INFO - Started process (PID=7007) to work on /home/akranth/airflow/airflow_env/lib/python3.11/site-packages/airflow/example_dags/plugins/listener_plugin.py
[2024-03-03T01:51:34.428+0530] {processor.py:830} INFO - Processing file /home/akranth/airflow/airflow_env/lib/python3.11/site-packages/airflow/example_dags/plugins/listener_plugin.py for tasks to queue
[2024-03-03T01:51:34.430+0530] {logging_mixin.py:188} INFO - [2024-03-03T01:51:34.429+0530] {dagbag.py:540} INFO - Filling up the DagBag from /home/akranth/airflow/airflow_env/lib/python3.11/site-packages/airflow/example_dags/plugins/listener_plugin.py
[2024-03-03T01:51:34.436+0530] {processor.py:842} WARNING - No viable dags retrieved from /home/akranth/airflow/airflow_env/lib/python3.11/site-packages/airflow/example_dags/plugins/listener_plugin.py
[2024-03-03T01:51:34.452+0530] {processor.py:183} INFO - Processing /home/akranth/airflow/airflow_env/lib/python3.11/site-packages/airflow/example_dags/plugins/listener_plugin.py took 0.032 seconds
[2024-03-03T01:52:36.701+0530] {processor.py:161} INFO - Started process (PID=7134) to work on /home/akranth/airflow/airflow_env/lib/python3.11/site-packages/airflow/example_dags/plugins/listener_plugin.py
[2024-03-03T01:52:36.703+0530] {processor.py:830} INFO - Processing file /home/akranth/airflow/airflow_env/lib/python3.11/site-packages/airflow/example_dags/plugins/listener_plugin.py for tasks to queue
[2024-03-03T01:52:36.704+0530] {logging_mixin.py:188} INFO - [2024-03-03T01:52:36.703+0530] {dagbag.py:540} INFO - Filling up the DagBag from /home/akranth/airflow/airflow_env/lib/python3.11/site-packages/airflow/example_dags/plugins/listener_plugin.py
[2024-03-03T01:52:36.707+0530] {processor.py:842} WARNING - No viable dags retrieved from /home/akranth/airflow/airflow_env/lib/python3.11/site-packages/airflow/example_dags/plugins/listener_plugin.py
[2024-03-03T01:52:36.719+0530] {processor.py:183} INFO - Processing /home/akranth/airflow/airflow_env/lib/python3.11/site-packages/airflow/example_dags/plugins/listener_plugin.py took 0.024 seconds
[2024-03-03T01:53:51.238+0530] {processor.py:161} INFO - Started process (PID=7215) to work on /home/akranth/airflow/airflow_env/lib/python3.11/site-packages/airflow/example_dags/plugins/listener_plugin.py
[2024-03-03T01:53:51.322+0530] {processor.py:830} INFO - Processing file /home/akranth/airflow/airflow_env/lib/python3.11/site-packages/airflow/example_dags/plugins/listener_plugin.py for tasks to queue
[2024-03-03T01:53:51.325+0530] {logging_mixin.py:188} INFO - [2024-03-03T01:53:51.324+0530] {dagbag.py:540} INFO - Filling up the DagBag from /home/akranth/airflow/airflow_env/lib/python3.11/site-packages/airflow/example_dags/plugins/listener_plugin.py
[2024-03-03T01:53:51.331+0530] {processor.py:842} WARNING - No viable dags retrieved from /home/akranth/airflow/airflow_env/lib/python3.11/site-packages/airflow/example_dags/plugins/listener_plugin.py
[2024-03-03T01:53:51.354+0530] {processor.py:183} INFO - Processing /home/akranth/airflow/airflow_env/lib/python3.11/site-packages/airflow/example_dags/plugins/listener_plugin.py took 0.118 seconds
[2024-03-03T01:55:00.258+0530] {processor.py:161} INFO - Started process (PID=7283) to work on /home/akranth/airflow/airflow_env/lib/python3.11/site-packages/airflow/example_dags/plugins/listener_plugin.py
[2024-03-03T01:55:00.259+0530] {processor.py:830} INFO - Processing file /home/akranth/airflow/airflow_env/lib/python3.11/site-packages/airflow/example_dags/plugins/listener_plugin.py for tasks to queue
[2024-03-03T01:55:00.259+0530] {logging_mixin.py:188} INFO - [2024-03-03T01:55:00.259+0530] {dagbag.py:540} INFO - Filling up the DagBag from /home/akranth/airflow/airflow_env/lib/python3.11/site-packages/airflow/example_dags/plugins/listener_plugin.py
[2024-03-03T01:55:00.261+0530] {processor.py:842} WARNING - No viable dags retrieved from /home/akranth/airflow/airflow_env/lib/python3.11/site-packages/airflow/example_dags/plugins/listener_plugin.py
[2024-03-03T01:55:00.269+0530] {processor.py:183} INFO - Processing /home/akranth/airflow/airflow_env/lib/python3.11/site-packages/airflow/example_dags/plugins/listener_plugin.py took 0.013 seconds
[2024-03-03T01:55:36.753+0530] {processor.py:161} INFO - Started process (PID=7325) to work on /home/akranth/airflow/airflow_env/lib/python3.11/site-packages/airflow/example_dags/plugins/listener_plugin.py
[2024-03-03T01:55:36.848+0530] {processor.py:830} INFO - Processing file /home/akranth/airflow/airflow_env/lib/python3.11/site-packages/airflow/example_dags/plugins/listener_plugin.py for tasks to queue
[2024-03-03T01:55:36.850+0530] {logging_mixin.py:188} INFO - [2024-03-03T01:55:36.849+0530] {dagbag.py:540} INFO - Filling up the DagBag from /home/akranth/airflow/airflow_env/lib/python3.11/site-packages/airflow/example_dags/plugins/listener_plugin.py
[2024-03-03T01:55:36.854+0530] {processor.py:842} WARNING - No viable dags retrieved from /home/akranth/airflow/airflow_env/lib/python3.11/site-packages/airflow/example_dags/plugins/listener_plugin.py
[2024-03-03T01:55:36.861+0530] {processor.py:183} INFO - Processing /home/akranth/airflow/airflow_env/lib/python3.11/site-packages/airflow/example_dags/plugins/listener_plugin.py took 0.110 seconds
