[2024-03-03T01:48:16.600+0530] {processor.py:161} INFO - Started process (PID=6557) to work on /home/akranth/airflow/airflow_env/lib/python3.11/site-packages/airflow/example_dags/plugins/workday.py
[2024-03-03T01:48:16.600+0530] {processor.py:830} INFO - Processing file /home/akranth/airflow/airflow_env/lib/python3.11/site-packages/airflow/example_dags/plugins/workday.py for tasks to queue
[2024-03-03T01:48:16.601+0530] {logging_mixin.py:188} INFO - [2024-03-03T01:48:16.601+0530] {dagbag.py:540} INFO - Filling up the DagBag from /home/akranth/airflow/airflow_env/lib/python3.11/site-packages/airflow/example_dags/plugins/workday.py
[2024-03-03T01:48:16.978+0530] {processor.py:842} WARNING - No viable dags retrieved from /home/akranth/airflow/airflow_env/lib/python3.11/site-packages/airflow/example_dags/plugins/workday.py
[2024-03-03T01:48:16.981+0530] {processor.py:183} INFO - Processing /home/akranth/airflow/airflow_env/lib/python3.11/site-packages/airflow/example_dags/plugins/workday.py took 0.384 seconds
[2024-03-03T01:49:25.871+0530] {processor.py:161} INFO - Started process (PID=6698) to work on /home/akranth/airflow/airflow_env/lib/python3.11/site-packages/airflow/example_dags/plugins/workday.py
[2024-03-03T01:49:25.958+0530] {processor.py:830} INFO - Processing file /home/akranth/airflow/airflow_env/lib/python3.11/site-packages/airflow/example_dags/plugins/workday.py for tasks to queue
[2024-03-03T01:49:25.960+0530] {logging_mixin.py:188} INFO - [2024-03-03T01:49:25.959+0530] {dagbag.py:540} INFO - Filling up the DagBag from /home/akranth/airflow/airflow_env/lib/python3.11/site-packages/airflow/example_dags/plugins/workday.py
[2024-03-03T01:49:26.505+0530] {processor.py:842} WARNING - No viable dags retrieved from /home/akranth/airflow/airflow_env/lib/python3.11/site-packages/airflow/example_dags/plugins/workday.py
[2024-03-03T01:49:26.510+0530] {processor.py:183} INFO - Processing /home/akranth/airflow/airflow_env/lib/python3.11/site-packages/airflow/example_dags/plugins/workday.py took 0.647 seconds
[2024-03-03T01:50:30.312+0530] {processor.py:161} INFO - Started process (PID=6817) to work on /home/akranth/airflow/airflow_env/lib/python3.11/site-packages/airflow/example_dags/plugins/workday.py
[2024-03-03T01:50:30.401+0530] {processor.py:830} INFO - Processing file /home/akranth/airflow/airflow_env/lib/python3.11/site-packages/airflow/example_dags/plugins/workday.py for tasks to queue
[2024-03-03T01:50:30.402+0530] {logging_mixin.py:188} INFO - [2024-03-03T01:50:30.402+0530] {dagbag.py:540} INFO - Filling up the DagBag from /home/akranth/airflow/airflow_env/lib/python3.11/site-packages/airflow/example_dags/plugins/workday.py
[2024-03-03T01:50:30.763+0530] {processor.py:842} WARNING - No viable dags retrieved from /home/akranth/airflow/airflow_env/lib/python3.11/site-packages/airflow/example_dags/plugins/workday.py
[2024-03-03T01:50:30.770+0530] {processor.py:183} INFO - Processing /home/akranth/airflow/airflow_env/lib/python3.11/site-packages/airflow/example_dags/plugins/workday.py took 0.464 seconds
[2024-03-03T01:51:03.147+0530] {processor.py:161} INFO - Started process (PID=6933) to work on /home/akranth/airflow/airflow_env/lib/python3.11/site-packages/airflow/example_dags/plugins/workday.py
[2024-03-03T01:51:03.237+0530] {processor.py:830} INFO - Processing file /home/akranth/airflow/airflow_env/lib/python3.11/site-packages/airflow/example_dags/plugins/workday.py for tasks to queue
[2024-03-03T01:51:03.239+0530] {logging_mixin.py:188} INFO - [2024-03-03T01:51:03.239+0530] {dagbag.py:540} INFO - Filling up the DagBag from /home/akranth/airflow/airflow_env/lib/python3.11/site-packages/airflow/example_dags/plugins/workday.py
[2024-03-03T01:51:03.618+0530] {processor.py:842} WARNING - No viable dags retrieved from /home/akranth/airflow/airflow_env/lib/python3.11/site-packages/airflow/example_dags/plugins/workday.py
[2024-03-03T01:51:03.626+0530] {processor.py:183} INFO - Processing /home/akranth/airflow/airflow_env/lib/python3.11/site-packages/airflow/example_dags/plugins/workday.py took 0.485 seconds
[2024-03-03T01:52:07.981+0530] {processor.py:161} INFO - Started process (PID=7080) to work on /home/akranth/airflow/airflow_env/lib/python3.11/site-packages/airflow/example_dags/plugins/workday.py
[2024-03-03T01:52:07.993+0530] {processor.py:830} INFO - Processing file /home/akranth/airflow/airflow_env/lib/python3.11/site-packages/airflow/example_dags/plugins/workday.py for tasks to queue
[2024-03-03T01:52:07.995+0530] {logging_mixin.py:188} INFO - [2024-03-03T01:52:07.994+0530] {dagbag.py:540} INFO - Filling up the DagBag from /home/akranth/airflow/airflow_env/lib/python3.11/site-packages/airflow/example_dags/plugins/workday.py
[2024-03-03T01:52:08.365+0530] {processor.py:842} WARNING - No viable dags retrieved from /home/akranth/airflow/airflow_env/lib/python3.11/site-packages/airflow/example_dags/plugins/workday.py
[2024-03-03T01:52:08.374+0530] {processor.py:183} INFO - Processing /home/akranth/airflow/airflow_env/lib/python3.11/site-packages/airflow/example_dags/plugins/workday.py took 0.395 seconds
[2024-03-03T01:53:15.454+0530] {processor.py:161} INFO - Started process (PID=7177) to work on /home/akranth/airflow/airflow_env/lib/python3.11/site-packages/airflow/example_dags/plugins/workday.py
[2024-03-03T01:53:15.545+0530] {processor.py:830} INFO - Processing file /home/akranth/airflow/airflow_env/lib/python3.11/site-packages/airflow/example_dags/plugins/workday.py for tasks to queue
[2024-03-03T01:53:15.547+0530] {logging_mixin.py:188} INFO - [2024-03-03T01:53:15.546+0530] {dagbag.py:540} INFO - Filling up the DagBag from /home/akranth/airflow/airflow_env/lib/python3.11/site-packages/airflow/example_dags/plugins/workday.py
[2024-03-03T01:53:16.853+0530] {processor.py:842} WARNING - No viable dags retrieved from /home/akranth/airflow/airflow_env/lib/python3.11/site-packages/airflow/example_dags/plugins/workday.py
[2024-03-03T01:53:16.859+0530] {processor.py:183} INFO - Processing /home/akranth/airflow/airflow_env/lib/python3.11/site-packages/airflow/example_dags/plugins/workday.py took 1.410 seconds
[2024-03-03T01:54:25.822+0530] {processor.py:161} INFO - Started process (PID=7248) to work on /home/akranth/airflow/airflow_env/lib/python3.11/site-packages/airflow/example_dags/plugins/workday.py
[2024-03-03T01:54:25.905+0530] {processor.py:830} INFO - Processing file /home/akranth/airflow/airflow_env/lib/python3.11/site-packages/airflow/example_dags/plugins/workday.py for tasks to queue
[2024-03-03T01:54:25.906+0530] {logging_mixin.py:188} INFO - [2024-03-03T01:54:25.906+0530] {dagbag.py:540} INFO - Filling up the DagBag from /home/akranth/airflow/airflow_env/lib/python3.11/site-packages/airflow/example_dags/plugins/workday.py
[2024-03-03T01:54:26.314+0530] {processor.py:842} WARNING - No viable dags retrieved from /home/akranth/airflow/airflow_env/lib/python3.11/site-packages/airflow/example_dags/plugins/workday.py
[2024-03-03T01:54:26.322+0530] {processor.py:183} INFO - Processing /home/akranth/airflow/airflow_env/lib/python3.11/site-packages/airflow/example_dags/plugins/workday.py took 0.502 seconds
[2024-03-03T01:55:35.878+0530] {processor.py:161} INFO - Started process (PID=7316) to work on /home/akranth/airflow/airflow_env/lib/python3.11/site-packages/airflow/example_dags/plugins/workday.py
[2024-03-03T01:55:35.951+0530] {processor.py:830} INFO - Processing file /home/akranth/airflow/airflow_env/lib/python3.11/site-packages/airflow/example_dags/plugins/workday.py for tasks to queue
[2024-03-03T01:55:35.953+0530] {logging_mixin.py:188} INFO - [2024-03-03T01:55:35.952+0530] {dagbag.py:540} INFO - Filling up the DagBag from /home/akranth/airflow/airflow_env/lib/python3.11/site-packages/airflow/example_dags/plugins/workday.py
[2024-03-03T01:55:36.251+0530] {processor.py:842} WARNING - No viable dags retrieved from /home/akranth/airflow/airflow_env/lib/python3.11/site-packages/airflow/example_dags/plugins/workday.py
[2024-03-03T01:55:36.256+0530] {processor.py:183} INFO - Processing /home/akranth/airflow/airflow_env/lib/python3.11/site-packages/airflow/example_dags/plugins/workday.py took 0.381 seconds
