[2024-03-01T16:17:49.703+0530] {processor.py:161} INFO - Started process (PID=7040) to work on /home/akranth/airflow/airflow_env/lib/python3.11/site-packages/airflow/example_dags/plugins/event_listener.py
[2024-03-01T16:17:49.704+0530] {processor.py:830} INFO - Processing file /home/akranth/airflow/airflow_env/lib/python3.11/site-packages/airflow/example_dags/plugins/event_listener.py for tasks to queue
[2024-03-01T16:17:49.704+0530] {logging_mixin.py:188} INFO - [2024-03-01T16:17:49.704+0530] {dagbag.py:540} INFO - Filling up the DagBag from /home/akranth/airflow/airflow_env/lib/python3.11/site-packages/airflow/example_dags/plugins/event_listener.py
[2024-03-01T16:17:49.706+0530] {processor.py:842} WARNING - No viable dags retrieved from /home/akranth/airflow/airflow_env/lib/python3.11/site-packages/airflow/example_dags/plugins/event_listener.py
[2024-03-01T16:17:49.712+0530] {processor.py:183} INFO - Processing /home/akranth/airflow/airflow_env/lib/python3.11/site-packages/airflow/example_dags/plugins/event_listener.py took 0.011 seconds
[2024-03-01T16:18:59.418+0530] {processor.py:161} INFO - Started process (PID=7164) to work on /home/akranth/airflow/airflow_env/lib/python3.11/site-packages/airflow/example_dags/plugins/event_listener.py
[2024-03-01T16:18:59.429+0530] {processor.py:830} INFO - Processing file /home/akranth/airflow/airflow_env/lib/python3.11/site-packages/airflow/example_dags/plugins/event_listener.py for tasks to queue
[2024-03-01T16:18:59.430+0530] {logging_mixin.py:188} INFO - [2024-03-01T16:18:59.429+0530] {dagbag.py:540} INFO - Filling up the DagBag from /home/akranth/airflow/airflow_env/lib/python3.11/site-packages/airflow/example_dags/plugins/event_listener.py
[2024-03-01T16:18:59.431+0530] {processor.py:842} WARNING - No viable dags retrieved from /home/akranth/airflow/airflow_env/lib/python3.11/site-packages/airflow/example_dags/plugins/event_listener.py
[2024-03-01T16:18:59.438+0530] {processor.py:183} INFO - Processing /home/akranth/airflow/airflow_env/lib/python3.11/site-packages/airflow/example_dags/plugins/event_listener.py took 0.022 seconds
[2024-03-01T16:19:37.881+0530] {processor.py:161} INFO - Started process (PID=7205) to work on /home/akranth/airflow/airflow_env/lib/python3.11/site-packages/airflow/example_dags/plugins/event_listener.py
[2024-03-01T16:19:37.974+0530] {processor.py:830} INFO - Processing file /home/akranth/airflow/airflow_env/lib/python3.11/site-packages/airflow/example_dags/plugins/event_listener.py for tasks to queue
[2024-03-01T16:19:37.976+0530] {logging_mixin.py:188} INFO - [2024-03-01T16:19:37.975+0530] {dagbag.py:540} INFO - Filling up the DagBag from /home/akranth/airflow/airflow_env/lib/python3.11/site-packages/airflow/example_dags/plugins/event_listener.py
[2024-03-01T16:19:37.981+0530] {processor.py:842} WARNING - No viable dags retrieved from /home/akranth/airflow/airflow_env/lib/python3.11/site-packages/airflow/example_dags/plugins/event_listener.py
[2024-03-01T16:19:38.003+0530] {processor.py:183} INFO - Processing /home/akranth/airflow/airflow_env/lib/python3.11/site-packages/airflow/example_dags/plugins/event_listener.py took 0.125 seconds
[2024-03-01T16:20:08.872+0530] {processor.py:161} INFO - Started process (PID=7264) to work on /home/akranth/airflow/airflow_env/lib/python3.11/site-packages/airflow/example_dags/plugins/event_listener.py
[2024-03-01T16:20:08.874+0530] {processor.py:830} INFO - Processing file /home/akranth/airflow/airflow_env/lib/python3.11/site-packages/airflow/example_dags/plugins/event_listener.py for tasks to queue
[2024-03-01T16:20:08.876+0530] {logging_mixin.py:188} INFO - [2024-03-01T16:20:08.875+0530] {dagbag.py:540} INFO - Filling up the DagBag from /home/akranth/airflow/airflow_env/lib/python3.11/site-packages/airflow/example_dags/plugins/event_listener.py
[2024-03-01T16:20:08.881+0530] {processor.py:842} WARNING - No viable dags retrieved from /home/akranth/airflow/airflow_env/lib/python3.11/site-packages/airflow/example_dags/plugins/event_listener.py
[2024-03-01T16:20:08.898+0530] {processor.py:183} INFO - Processing /home/akranth/airflow/airflow_env/lib/python3.11/site-packages/airflow/example_dags/plugins/event_listener.py took 0.033 seconds
[2024-03-01T16:20:39.491+0530] {processor.py:161} INFO - Started process (PID=7364) to work on /home/akranth/airflow/airflow_env/lib/python3.11/site-packages/airflow/example_dags/plugins/event_listener.py
[2024-03-01T16:20:39.516+0530] {processor.py:830} INFO - Processing file /home/akranth/airflow/airflow_env/lib/python3.11/site-packages/airflow/example_dags/plugins/event_listener.py for tasks to queue
[2024-03-01T16:20:39.517+0530] {logging_mixin.py:188} INFO - [2024-03-01T16:20:39.516+0530] {dagbag.py:540} INFO - Filling up the DagBag from /home/akranth/airflow/airflow_env/lib/python3.11/site-packages/airflow/example_dags/plugins/event_listener.py
[2024-03-01T16:20:39.520+0530] {processor.py:842} WARNING - No viable dags retrieved from /home/akranth/airflow/airflow_env/lib/python3.11/site-packages/airflow/example_dags/plugins/event_listener.py
[2024-03-01T16:20:39.535+0530] {processor.py:183} INFO - Processing /home/akranth/airflow/airflow_env/lib/python3.11/site-packages/airflow/example_dags/plugins/event_listener.py took 0.047 seconds
[2024-03-01T16:21:39.173+0530] {processor.py:161} INFO - Started process (PID=7428) to work on /home/akranth/airflow/airflow_env/lib/python3.11/site-packages/airflow/example_dags/plugins/event_listener.py
[2024-03-01T16:21:39.253+0530] {processor.py:830} INFO - Processing file /home/akranth/airflow/airflow_env/lib/python3.11/site-packages/airflow/example_dags/plugins/event_listener.py for tasks to queue
[2024-03-01T16:21:39.256+0530] {logging_mixin.py:188} INFO - [2024-03-01T16:21:39.255+0530] {dagbag.py:540} INFO - Filling up the DagBag from /home/akranth/airflow/airflow_env/lib/python3.11/site-packages/airflow/example_dags/plugins/event_listener.py
[2024-03-01T16:21:39.261+0530] {processor.py:842} WARNING - No viable dags retrieved from /home/akranth/airflow/airflow_env/lib/python3.11/site-packages/airflow/example_dags/plugins/event_listener.py
[2024-03-01T16:21:39.286+0530] {processor.py:183} INFO - Processing /home/akranth/airflow/airflow_env/lib/python3.11/site-packages/airflow/example_dags/plugins/event_listener.py took 0.119 seconds
[2024-03-01T16:22:11.339+0530] {processor.py:161} INFO - Started process (PID=7466) to work on /home/akranth/airflow/airflow_env/lib/python3.11/site-packages/airflow/example_dags/plugins/event_listener.py
[2024-03-01T16:22:11.340+0530] {processor.py:830} INFO - Processing file /home/akranth/airflow/airflow_env/lib/python3.11/site-packages/airflow/example_dags/plugins/event_listener.py for tasks to queue
[2024-03-01T16:22:11.341+0530] {logging_mixin.py:188} INFO - [2024-03-01T16:22:11.340+0530] {dagbag.py:540} INFO - Filling up the DagBag from /home/akranth/airflow/airflow_env/lib/python3.11/site-packages/airflow/example_dags/plugins/event_listener.py
[2024-03-01T16:22:11.344+0530] {processor.py:842} WARNING - No viable dags retrieved from /home/akranth/airflow/airflow_env/lib/python3.11/site-packages/airflow/example_dags/plugins/event_listener.py
[2024-03-01T16:22:11.356+0530] {processor.py:183} INFO - Processing /home/akranth/airflow/airflow_env/lib/python3.11/site-packages/airflow/example_dags/plugins/event_listener.py took 0.020 seconds
[2024-03-01T16:22:41.813+0530] {processor.py:161} INFO - Started process (PID=7503) to work on /home/akranth/airflow/airflow_env/lib/python3.11/site-packages/airflow/example_dags/plugins/event_listener.py
[2024-03-01T16:22:41.839+0530] {processor.py:830} INFO - Processing file /home/akranth/airflow/airflow_env/lib/python3.11/site-packages/airflow/example_dags/plugins/event_listener.py for tasks to queue
[2024-03-01T16:22:41.841+0530] {logging_mixin.py:188} INFO - [2024-03-01T16:22:41.840+0530] {dagbag.py:540} INFO - Filling up the DagBag from /home/akranth/airflow/airflow_env/lib/python3.11/site-packages/airflow/example_dags/plugins/event_listener.py
[2024-03-01T16:22:41.846+0530] {processor.py:842} WARNING - No viable dags retrieved from /home/akranth/airflow/airflow_env/lib/python3.11/site-packages/airflow/example_dags/plugins/event_listener.py
[2024-03-01T16:22:41.870+0530] {processor.py:183} INFO - Processing /home/akranth/airflow/airflow_env/lib/python3.11/site-packages/airflow/example_dags/plugins/event_listener.py took 0.059 seconds
[2024-03-01T16:23:38.162+0530] {processor.py:161} INFO - Started process (PID=7561) to work on /home/akranth/airflow/airflow_env/lib/python3.11/site-packages/airflow/example_dags/plugins/event_listener.py
[2024-03-01T16:23:38.278+0530] {processor.py:830} INFO - Processing file /home/akranth/airflow/airflow_env/lib/python3.11/site-packages/airflow/example_dags/plugins/event_listener.py for tasks to queue
[2024-03-01T16:23:38.280+0530] {logging_mixin.py:188} INFO - [2024-03-01T16:23:38.279+0530] {dagbag.py:540} INFO - Filling up the DagBag from /home/akranth/airflow/airflow_env/lib/python3.11/site-packages/airflow/example_dags/plugins/event_listener.py
[2024-03-01T16:23:38.285+0530] {processor.py:842} WARNING - No viable dags retrieved from /home/akranth/airflow/airflow_env/lib/python3.11/site-packages/airflow/example_dags/plugins/event_listener.py
[2024-03-01T16:23:38.311+0530] {processor.py:183} INFO - Processing /home/akranth/airflow/airflow_env/lib/python3.11/site-packages/airflow/example_dags/plugins/event_listener.py took 0.155 seconds
[2024-03-01T16:24:41.053+0530] {processor.py:161} INFO - Started process (PID=7619) to work on /home/akranth/airflow/airflow_env/lib/python3.11/site-packages/airflow/example_dags/plugins/event_listener.py
[2024-03-01T16:24:41.139+0530] {processor.py:830} INFO - Processing file /home/akranth/airflow/airflow_env/lib/python3.11/site-packages/airflow/example_dags/plugins/event_listener.py for tasks to queue
[2024-03-01T16:24:41.140+0530] {logging_mixin.py:188} INFO - [2024-03-01T16:24:41.140+0530] {dagbag.py:540} INFO - Filling up the DagBag from /home/akranth/airflow/airflow_env/lib/python3.11/site-packages/airflow/example_dags/plugins/event_listener.py
[2024-03-01T16:24:41.142+0530] {processor.py:842} WARNING - No viable dags retrieved from /home/akranth/airflow/airflow_env/lib/python3.11/site-packages/airflow/example_dags/plugins/event_listener.py
[2024-03-01T16:24:41.151+0530] {processor.py:183} INFO - Processing /home/akranth/airflow/airflow_env/lib/python3.11/site-packages/airflow/example_dags/plugins/event_listener.py took 0.101 seconds
[2024-03-01T16:25:13.746+0530] {processor.py:161} INFO - Started process (PID=7653) to work on /home/akranth/airflow/airflow_env/lib/python3.11/site-packages/airflow/example_dags/plugins/event_listener.py
[2024-03-01T16:25:13.837+0530] {processor.py:830} INFO - Processing file /home/akranth/airflow/airflow_env/lib/python3.11/site-packages/airflow/example_dags/plugins/event_listener.py for tasks to queue
[2024-03-01T16:25:13.839+0530] {logging_mixin.py:188} INFO - [2024-03-01T16:25:13.838+0530] {dagbag.py:540} INFO - Filling up the DagBag from /home/akranth/airflow/airflow_env/lib/python3.11/site-packages/airflow/example_dags/plugins/event_listener.py
[2024-03-01T16:25:13.844+0530] {processor.py:842} WARNING - No viable dags retrieved from /home/akranth/airflow/airflow_env/lib/python3.11/site-packages/airflow/example_dags/plugins/event_listener.py
[2024-03-01T16:25:13.868+0530] {processor.py:183} INFO - Processing /home/akranth/airflow/airflow_env/lib/python3.11/site-packages/airflow/example_dags/plugins/event_listener.py took 0.124 seconds
[2024-03-01T16:25:46.234+0530] {processor.py:161} INFO - Started process (PID=7690) to work on /home/akranth/airflow/airflow_env/lib/python3.11/site-packages/airflow/example_dags/plugins/event_listener.py
[2024-03-01T16:25:46.275+0530] {processor.py:830} INFO - Processing file /home/akranth/airflow/airflow_env/lib/python3.11/site-packages/airflow/example_dags/plugins/event_listener.py for tasks to queue
[2024-03-01T16:25:46.277+0530] {logging_mixin.py:188} INFO - [2024-03-01T16:25:46.276+0530] {dagbag.py:540} INFO - Filling up the DagBag from /home/akranth/airflow/airflow_env/lib/python3.11/site-packages/airflow/example_dags/plugins/event_listener.py
[2024-03-01T16:25:46.282+0530] {processor.py:842} WARNING - No viable dags retrieved from /home/akranth/airflow/airflow_env/lib/python3.11/site-packages/airflow/example_dags/plugins/event_listener.py
[2024-03-01T16:25:46.304+0530] {processor.py:183} INFO - Processing /home/akranth/airflow/airflow_env/lib/python3.11/site-packages/airflow/example_dags/plugins/event_listener.py took 0.076 seconds
[2024-03-01T16:26:16.855+0530] {processor.py:161} INFO - Started process (PID=7725) to work on /home/akranth/airflow/airflow_env/lib/python3.11/site-packages/airflow/example_dags/plugins/event_listener.py
[2024-03-01T16:26:16.856+0530] {processor.py:830} INFO - Processing file /home/akranth/airflow/airflow_env/lib/python3.11/site-packages/airflow/example_dags/plugins/event_listener.py for tasks to queue
[2024-03-01T16:26:16.856+0530] {logging_mixin.py:188} INFO - [2024-03-01T16:26:16.856+0530] {dagbag.py:540} INFO - Filling up the DagBag from /home/akranth/airflow/airflow_env/lib/python3.11/site-packages/airflow/example_dags/plugins/event_listener.py
[2024-03-01T16:26:16.858+0530] {processor.py:842} WARNING - No viable dags retrieved from /home/akranth/airflow/airflow_env/lib/python3.11/site-packages/airflow/example_dags/plugins/event_listener.py
[2024-03-01T16:26:16.867+0530] {processor.py:183} INFO - Processing /home/akranth/airflow/airflow_env/lib/python3.11/site-packages/airflow/example_dags/plugins/event_listener.py took 0.014 seconds
[2024-03-01T16:27:13.163+0530] {processor.py:161} INFO - Started process (PID=7789) to work on /home/akranth/airflow/airflow_env/lib/python3.11/site-packages/airflow/example_dags/plugins/event_listener.py
[2024-03-01T16:27:13.194+0530] {processor.py:830} INFO - Processing file /home/akranth/airflow/airflow_env/lib/python3.11/site-packages/airflow/example_dags/plugins/event_listener.py for tasks to queue
[2024-03-01T16:27:13.195+0530] {logging_mixin.py:188} INFO - [2024-03-01T16:27:13.195+0530] {dagbag.py:540} INFO - Filling up the DagBag from /home/akranth/airflow/airflow_env/lib/python3.11/site-packages/airflow/example_dags/plugins/event_listener.py
[2024-03-01T16:27:13.198+0530] {processor.py:842} WARNING - No viable dags retrieved from /home/akranth/airflow/airflow_env/lib/python3.11/site-packages/airflow/example_dags/plugins/event_listener.py
[2024-03-01T16:27:13.210+0530] {processor.py:183} INFO - Processing /home/akranth/airflow/airflow_env/lib/python3.11/site-packages/airflow/example_dags/plugins/event_listener.py took 0.049 seconds
[2024-03-01T16:28:11.109+0530] {processor.py:161} INFO - Started process (PID=7852) to work on /home/akranth/airflow/airflow_env/lib/python3.11/site-packages/airflow/example_dags/plugins/event_listener.py
[2024-03-01T16:28:11.147+0530] {processor.py:830} INFO - Processing file /home/akranth/airflow/airflow_env/lib/python3.11/site-packages/airflow/example_dags/plugins/event_listener.py for tasks to queue
[2024-03-01T16:28:11.150+0530] {logging_mixin.py:188} INFO - [2024-03-01T16:28:11.149+0530] {dagbag.py:540} INFO - Filling up the DagBag from /home/akranth/airflow/airflow_env/lib/python3.11/site-packages/airflow/example_dags/plugins/event_listener.py
[2024-03-01T16:28:11.155+0530] {processor.py:842} WARNING - No viable dags retrieved from /home/akranth/airflow/airflow_env/lib/python3.11/site-packages/airflow/example_dags/plugins/event_listener.py
[2024-03-01T16:28:11.303+0530] {processor.py:183} INFO - Processing /home/akranth/airflow/airflow_env/lib/python3.11/site-packages/airflow/example_dags/plugins/event_listener.py took 0.197 seconds
[2024-03-01T16:28:47.721+0530] {processor.py:161} INFO - Started process (PID=7898) to work on /home/akranth/airflow/airflow_env/lib/python3.11/site-packages/airflow/example_dags/plugins/event_listener.py
[2024-03-01T16:28:47.822+0530] {processor.py:830} INFO - Processing file /home/akranth/airflow/airflow_env/lib/python3.11/site-packages/airflow/example_dags/plugins/event_listener.py for tasks to queue
[2024-03-01T16:28:47.824+0530] {logging_mixin.py:188} INFO - [2024-03-01T16:28:47.823+0530] {dagbag.py:540} INFO - Filling up the DagBag from /home/akranth/airflow/airflow_env/lib/python3.11/site-packages/airflow/example_dags/plugins/event_listener.py
[2024-03-01T16:28:47.828+0530] {processor.py:842} WARNING - No viable dags retrieved from /home/akranth/airflow/airflow_env/lib/python3.11/site-packages/airflow/example_dags/plugins/event_listener.py
[2024-03-01T16:28:47.835+0530] {processor.py:183} INFO - Processing /home/akranth/airflow/airflow_env/lib/python3.11/site-packages/airflow/example_dags/plugins/event_listener.py took 0.116 seconds
[2024-03-01T16:29:26.772+0530] {processor.py:161} INFO - Started process (PID=7943) to work on /home/akranth/airflow/airflow_env/lib/python3.11/site-packages/airflow/example_dags/plugins/event_listener.py
[2024-03-01T16:29:26.891+0530] {processor.py:830} INFO - Processing file /home/akranth/airflow/airflow_env/lib/python3.11/site-packages/airflow/example_dags/plugins/event_listener.py for tasks to queue
[2024-03-01T16:29:26.893+0530] {logging_mixin.py:188} INFO - [2024-03-01T16:29:26.892+0530] {dagbag.py:540} INFO - Filling up the DagBag from /home/akranth/airflow/airflow_env/lib/python3.11/site-packages/airflow/example_dags/plugins/event_listener.py
[2024-03-01T16:29:26.897+0530] {processor.py:842} WARNING - No viable dags retrieved from /home/akranth/airflow/airflow_env/lib/python3.11/site-packages/airflow/example_dags/plugins/event_listener.py
[2024-03-01T16:29:26.904+0530] {processor.py:183} INFO - Processing /home/akranth/airflow/airflow_env/lib/python3.11/site-packages/airflow/example_dags/plugins/event_listener.py took 0.134 seconds
[2024-03-01T16:30:09.489+0530] {processor.py:161} INFO - Started process (PID=7992) to work on /home/akranth/airflow/airflow_env/lib/python3.11/site-packages/airflow/example_dags/plugins/event_listener.py
[2024-03-01T16:30:09.491+0530] {processor.py:830} INFO - Processing file /home/akranth/airflow/airflow_env/lib/python3.11/site-packages/airflow/example_dags/plugins/event_listener.py for tasks to queue
[2024-03-01T16:30:09.493+0530] {logging_mixin.py:188} INFO - [2024-03-01T16:30:09.492+0530] {dagbag.py:540} INFO - Filling up the DagBag from /home/akranth/airflow/airflow_env/lib/python3.11/site-packages/airflow/example_dags/plugins/event_listener.py
[2024-03-01T16:30:09.497+0530] {processor.py:842} WARNING - No viable dags retrieved from /home/akranth/airflow/airflow_env/lib/python3.11/site-packages/airflow/example_dags/plugins/event_listener.py
[2024-03-01T16:30:09.515+0530] {processor.py:183} INFO - Processing /home/akranth/airflow/airflow_env/lib/python3.11/site-packages/airflow/example_dags/plugins/event_listener.py took 0.033 seconds
[2024-03-01T16:30:53.407+0530] {processor.py:161} INFO - Started process (PID=8263) to work on /home/akranth/airflow/airflow_env/lib/python3.11/site-packages/airflow/example_dags/plugins/event_listener.py
[2024-03-01T16:30:53.427+0530] {processor.py:830} INFO - Processing file /home/akranth/airflow/airflow_env/lib/python3.11/site-packages/airflow/example_dags/plugins/event_listener.py for tasks to queue
[2024-03-01T16:30:53.429+0530] {logging_mixin.py:188} INFO - [2024-03-01T16:30:53.428+0530] {dagbag.py:540} INFO - Filling up the DagBag from /home/akranth/airflow/airflow_env/lib/python3.11/site-packages/airflow/example_dags/plugins/event_listener.py
[2024-03-01T16:30:53.433+0530] {processor.py:842} WARNING - No viable dags retrieved from /home/akranth/airflow/airflow_env/lib/python3.11/site-packages/airflow/example_dags/plugins/event_listener.py
[2024-03-01T16:30:53.455+0530] {processor.py:183} INFO - Processing /home/akranth/airflow/airflow_env/lib/python3.11/site-packages/airflow/example_dags/plugins/event_listener.py took 0.050 seconds
[2024-03-01T16:31:30.036+0530] {processor.py:161} INFO - Started process (PID=8591) to work on /home/akranth/airflow/airflow_env/lib/python3.11/site-packages/airflow/example_dags/plugins/event_listener.py
[2024-03-01T16:31:30.042+0530] {processor.py:830} INFO - Processing file /home/akranth/airflow/airflow_env/lib/python3.11/site-packages/airflow/example_dags/plugins/event_listener.py for tasks to queue
[2024-03-01T16:31:30.044+0530] {logging_mixin.py:188} INFO - [2024-03-01T16:31:30.043+0530] {dagbag.py:540} INFO - Filling up the DagBag from /home/akranth/airflow/airflow_env/lib/python3.11/site-packages/airflow/example_dags/plugins/event_listener.py
[2024-03-01T16:31:30.049+0530] {processor.py:842} WARNING - No viable dags retrieved from /home/akranth/airflow/airflow_env/lib/python3.11/site-packages/airflow/example_dags/plugins/event_listener.py
[2024-03-01T16:31:30.061+0530] {processor.py:183} INFO - Processing /home/akranth/airflow/airflow_env/lib/python3.11/site-packages/airflow/example_dags/plugins/event_listener.py took 0.028 seconds
[2024-03-01T16:32:25.938+0530] {processor.py:161} INFO - Started process (PID=9255) to work on /home/akranth/airflow/airflow_env/lib/python3.11/site-packages/airflow/example_dags/plugins/event_listener.py
[2024-03-01T16:32:25.949+0530] {processor.py:830} INFO - Processing file /home/akranth/airflow/airflow_env/lib/python3.11/site-packages/airflow/example_dags/plugins/event_listener.py for tasks to queue
[2024-03-01T16:32:25.951+0530] {logging_mixin.py:188} INFO - [2024-03-01T16:32:25.950+0530] {dagbag.py:540} INFO - Filling up the DagBag from /home/akranth/airflow/airflow_env/lib/python3.11/site-packages/airflow/example_dags/plugins/event_listener.py
[2024-03-01T16:32:25.964+0530] {processor.py:842} WARNING - No viable dags retrieved from /home/akranth/airflow/airflow_env/lib/python3.11/site-packages/airflow/example_dags/plugins/event_listener.py
[2024-03-01T16:32:25.983+0530] {processor.py:183} INFO - Processing /home/akranth/airflow/airflow_env/lib/python3.11/site-packages/airflow/example_dags/plugins/event_listener.py took 0.048 seconds
[2024-03-01T16:33:14.172+0530] {processor.py:161} INFO - Started process (PID=9343) to work on /home/akranth/airflow/airflow_env/lib/python3.11/site-packages/airflow/example_dags/plugins/event_listener.py
[2024-03-01T16:33:14.182+0530] {processor.py:830} INFO - Processing file /home/akranth/airflow/airflow_env/lib/python3.11/site-packages/airflow/example_dags/plugins/event_listener.py for tasks to queue
[2024-03-01T16:33:14.183+0530] {logging_mixin.py:188} INFO - [2024-03-01T16:33:14.182+0530] {dagbag.py:540} INFO - Filling up the DagBag from /home/akranth/airflow/airflow_env/lib/python3.11/site-packages/airflow/example_dags/plugins/event_listener.py
[2024-03-01T16:33:14.184+0530] {processor.py:842} WARNING - No viable dags retrieved from /home/akranth/airflow/airflow_env/lib/python3.11/site-packages/airflow/example_dags/plugins/event_listener.py
[2024-03-01T16:33:14.377+0530] {processor.py:183} INFO - Processing /home/akranth/airflow/airflow_env/lib/python3.11/site-packages/airflow/example_dags/plugins/event_listener.py took 0.208 seconds
[2024-03-01T16:33:56.185+0530] {processor.py:161} INFO - Started process (PID=9409) to work on /home/akranth/airflow/airflow_env/lib/python3.11/site-packages/airflow/example_dags/plugins/event_listener.py
[2024-03-01T16:33:56.197+0530] {processor.py:830} INFO - Processing file /home/akranth/airflow/airflow_env/lib/python3.11/site-packages/airflow/example_dags/plugins/event_listener.py for tasks to queue
[2024-03-01T16:33:56.199+0530] {logging_mixin.py:188} INFO - [2024-03-01T16:33:56.198+0530] {dagbag.py:540} INFO - Filling up the DagBag from /home/akranth/airflow/airflow_env/lib/python3.11/site-packages/airflow/example_dags/plugins/event_listener.py
[2024-03-01T16:33:56.201+0530] {processor.py:842} WARNING - No viable dags retrieved from /home/akranth/airflow/airflow_env/lib/python3.11/site-packages/airflow/example_dags/plugins/event_listener.py
[2024-03-01T16:33:56.213+0530] {processor.py:183} INFO - Processing /home/akranth/airflow/airflow_env/lib/python3.11/site-packages/airflow/example_dags/plugins/event_listener.py took 0.035 seconds
[2024-03-01T16:34:39.003+0530] {processor.py:161} INFO - Started process (PID=9543) to work on /home/akranth/airflow/airflow_env/lib/python3.11/site-packages/airflow/example_dags/plugins/event_listener.py
[2024-03-01T16:34:39.021+0530] {processor.py:830} INFO - Processing file /home/akranth/airflow/airflow_env/lib/python3.11/site-packages/airflow/example_dags/plugins/event_listener.py for tasks to queue
[2024-03-01T16:34:39.024+0530] {logging_mixin.py:188} INFO - [2024-03-01T16:34:39.023+0530] {dagbag.py:540} INFO - Filling up the DagBag from /home/akranth/airflow/airflow_env/lib/python3.11/site-packages/airflow/example_dags/plugins/event_listener.py
[2024-03-01T16:34:39.029+0530] {processor.py:842} WARNING - No viable dags retrieved from /home/akranth/airflow/airflow_env/lib/python3.11/site-packages/airflow/example_dags/plugins/event_listener.py
[2024-03-01T16:34:39.048+0530] {processor.py:183} INFO - Processing /home/akranth/airflow/airflow_env/lib/python3.11/site-packages/airflow/example_dags/plugins/event_listener.py took 0.049 seconds
[2024-03-01T16:35:12.430+0530] {processor.py:161} INFO - Started process (PID=9608) to work on /home/akranth/airflow/airflow_env/lib/python3.11/site-packages/airflow/example_dags/plugins/event_listener.py
[2024-03-01T16:35:12.452+0530] {processor.py:830} INFO - Processing file /home/akranth/airflow/airflow_env/lib/python3.11/site-packages/airflow/example_dags/plugins/event_listener.py for tasks to queue
[2024-03-01T16:35:12.453+0530] {logging_mixin.py:188} INFO - [2024-03-01T16:35:12.452+0530] {dagbag.py:540} INFO - Filling up the DagBag from /home/akranth/airflow/airflow_env/lib/python3.11/site-packages/airflow/example_dags/plugins/event_listener.py
[2024-03-01T16:35:12.455+0530] {processor.py:842} WARNING - No viable dags retrieved from /home/akranth/airflow/airflow_env/lib/python3.11/site-packages/airflow/example_dags/plugins/event_listener.py
[2024-03-01T16:35:12.465+0530] {processor.py:183} INFO - Processing /home/akranth/airflow/airflow_env/lib/python3.11/site-packages/airflow/example_dags/plugins/event_listener.py took 0.038 seconds
