[2024-03-01T16:17:52.338+0530] {processor.py:161} INFO - Started process (PID=7050) to work on /home/akranth/airflow/airflow_env/lib/python3.11/site-packages/airflow/example_dags/plugins/listener_plugin.py
[2024-03-01T16:17:52.340+0530] {processor.py:830} INFO - Processing file /home/akranth/airflow/airflow_env/lib/python3.11/site-packages/airflow/example_dags/plugins/listener_plugin.py for tasks to queue
[2024-03-01T16:17:52.341+0530] {logging_mixin.py:188} INFO - [2024-03-01T16:17:52.340+0530] {dagbag.py:540} INFO - Filling up the DagBag from /home/akranth/airflow/airflow_env/lib/python3.11/site-packages/airflow/example_dags/plugins/listener_plugin.py
[2024-03-01T16:17:52.344+0530] {processor.py:842} WARNING - No viable dags retrieved from /home/akranth/airflow/airflow_env/lib/python3.11/site-packages/airflow/example_dags/plugins/listener_plugin.py
[2024-03-01T16:17:52.353+0530] {processor.py:183} INFO - Processing /home/akranth/airflow/airflow_env/lib/python3.11/site-packages/airflow/example_dags/plugins/listener_plugin.py took 0.018 seconds
[2024-03-01T16:19:02.176+0530] {processor.py:161} INFO - Started process (PID=7174) to work on /home/akranth/airflow/airflow_env/lib/python3.11/site-packages/airflow/example_dags/plugins/listener_plugin.py
[2024-03-01T16:19:02.176+0530] {processor.py:830} INFO - Processing file /home/akranth/airflow/airflow_env/lib/python3.11/site-packages/airflow/example_dags/plugins/listener_plugin.py for tasks to queue
[2024-03-01T16:19:02.177+0530] {logging_mixin.py:188} INFO - [2024-03-01T16:19:02.177+0530] {dagbag.py:540} INFO - Filling up the DagBag from /home/akranth/airflow/airflow_env/lib/python3.11/site-packages/airflow/example_dags/plugins/listener_plugin.py
[2024-03-01T16:19:02.179+0530] {processor.py:842} WARNING - No viable dags retrieved from /home/akranth/airflow/airflow_env/lib/python3.11/site-packages/airflow/example_dags/plugins/listener_plugin.py
[2024-03-01T16:19:02.187+0530] {processor.py:183} INFO - Processing /home/akranth/airflow/airflow_env/lib/python3.11/site-packages/airflow/example_dags/plugins/listener_plugin.py took 0.013 seconds
[2024-03-01T16:19:40.881+0530] {processor.py:161} INFO - Started process (PID=7215) to work on /home/akranth/airflow/airflow_env/lib/python3.11/site-packages/airflow/example_dags/plugins/listener_plugin.py
[2024-03-01T16:19:40.893+0530] {processor.py:830} INFO - Processing file /home/akranth/airflow/airflow_env/lib/python3.11/site-packages/airflow/example_dags/plugins/listener_plugin.py for tasks to queue
[2024-03-01T16:19:40.895+0530] {logging_mixin.py:188} INFO - [2024-03-01T16:19:40.894+0530] {dagbag.py:540} INFO - Filling up the DagBag from /home/akranth/airflow/airflow_env/lib/python3.11/site-packages/airflow/example_dags/plugins/listener_plugin.py
[2024-03-01T16:19:40.901+0530] {processor.py:842} WARNING - No viable dags retrieved from /home/akranth/airflow/airflow_env/lib/python3.11/site-packages/airflow/example_dags/plugins/listener_plugin.py
[2024-03-01T16:19:40.923+0530] {processor.py:183} INFO - Processing /home/akranth/airflow/airflow_env/lib/python3.11/site-packages/airflow/example_dags/plugins/listener_plugin.py took 0.044 seconds
[2024-03-01T16:20:42.192+0530] {processor.py:161} INFO - Started process (PID=7374) to work on /home/akranth/airflow/airflow_env/lib/python3.11/site-packages/airflow/example_dags/plugins/listener_plugin.py
[2024-03-01T16:20:42.193+0530] {processor.py:830} INFO - Processing file /home/akranth/airflow/airflow_env/lib/python3.11/site-packages/airflow/example_dags/plugins/listener_plugin.py for tasks to queue
[2024-03-01T16:20:42.194+0530] {logging_mixin.py:188} INFO - [2024-03-01T16:20:42.194+0530] {dagbag.py:540} INFO - Filling up the DagBag from /home/akranth/airflow/airflow_env/lib/python3.11/site-packages/airflow/example_dags/plugins/listener_plugin.py
[2024-03-01T16:20:42.196+0530] {processor.py:842} WARNING - No viable dags retrieved from /home/akranth/airflow/airflow_env/lib/python3.11/site-packages/airflow/example_dags/plugins/listener_plugin.py
[2024-03-01T16:20:42.205+0530] {processor.py:183} INFO - Processing /home/akranth/airflow/airflow_env/lib/python3.11/site-packages/airflow/example_dags/plugins/listener_plugin.py took 0.016 seconds
[2024-03-01T16:21:41.894+0530] {processor.py:161} INFO - Started process (PID=7440) to work on /home/akranth/airflow/airflow_env/lib/python3.11/site-packages/airflow/example_dags/plugins/listener_plugin.py
[2024-03-01T16:21:41.895+0530] {processor.py:830} INFO - Processing file /home/akranth/airflow/airflow_env/lib/python3.11/site-packages/airflow/example_dags/plugins/listener_plugin.py for tasks to queue
[2024-03-01T16:21:41.896+0530] {logging_mixin.py:188} INFO - [2024-03-01T16:21:41.896+0530] {dagbag.py:540} INFO - Filling up the DagBag from /home/akranth/airflow/airflow_env/lib/python3.11/site-packages/airflow/example_dags/plugins/listener_plugin.py
[2024-03-01T16:21:41.898+0530] {processor.py:842} WARNING - No viable dags retrieved from /home/akranth/airflow/airflow_env/lib/python3.11/site-packages/airflow/example_dags/plugins/listener_plugin.py
[2024-03-01T16:21:41.908+0530] {processor.py:183} INFO - Processing /home/akranth/airflow/airflow_env/lib/python3.11/site-packages/airflow/example_dags/plugins/listener_plugin.py took 0.017 seconds
[2024-03-01T16:22:42.328+0530] {processor.py:161} INFO - Started process (PID=7504) to work on /home/akranth/airflow/airflow_env/lib/python3.11/site-packages/airflow/example_dags/plugins/listener_plugin.py
[2024-03-01T16:22:42.406+0530] {processor.py:830} INFO - Processing file /home/akranth/airflow/airflow_env/lib/python3.11/site-packages/airflow/example_dags/plugins/listener_plugin.py for tasks to queue
[2024-03-01T16:22:42.407+0530] {logging_mixin.py:188} INFO - [2024-03-01T16:22:42.407+0530] {dagbag.py:540} INFO - Filling up the DagBag from /home/akranth/airflow/airflow_env/lib/python3.11/site-packages/airflow/example_dags/plugins/listener_plugin.py
[2024-03-01T16:22:42.409+0530] {processor.py:842} WARNING - No viable dags retrieved from /home/akranth/airflow/airflow_env/lib/python3.11/site-packages/airflow/example_dags/plugins/listener_plugin.py
[2024-03-01T16:22:42.417+0530] {processor.py:183} INFO - Processing /home/akranth/airflow/airflow_env/lib/python3.11/site-packages/airflow/example_dags/plugins/listener_plugin.py took 0.091 seconds
[2024-03-01T16:23:39.431+0530] {processor.py:161} INFO - Started process (PID=7562) to work on /home/akranth/airflow/airflow_env/lib/python3.11/site-packages/airflow/example_dags/plugins/listener_plugin.py
[2024-03-01T16:23:39.520+0530] {processor.py:830} INFO - Processing file /home/akranth/airflow/airflow_env/lib/python3.11/site-packages/airflow/example_dags/plugins/listener_plugin.py for tasks to queue
[2024-03-01T16:23:39.523+0530] {logging_mixin.py:188} INFO - [2024-03-01T16:23:39.522+0530] {dagbag.py:540} INFO - Filling up the DagBag from /home/akranth/airflow/airflow_env/lib/python3.11/site-packages/airflow/example_dags/plugins/listener_plugin.py
[2024-03-01T16:23:39.529+0530] {processor.py:842} WARNING - No viable dags retrieved from /home/akranth/airflow/airflow_env/lib/python3.11/site-packages/airflow/example_dags/plugins/listener_plugin.py
[2024-03-01T16:23:39.552+0530] {processor.py:183} INFO - Processing /home/akranth/airflow/airflow_env/lib/python3.11/site-packages/airflow/example_dags/plugins/listener_plugin.py took 0.129 seconds
[2024-03-01T16:24:43.306+0530] {processor.py:161} INFO - Started process (PID=7629) to work on /home/akranth/airflow/airflow_env/lib/python3.11/site-packages/airflow/example_dags/plugins/listener_plugin.py
[2024-03-01T16:24:43.318+0530] {processor.py:830} INFO - Processing file /home/akranth/airflow/airflow_env/lib/python3.11/site-packages/airflow/example_dags/plugins/listener_plugin.py for tasks to queue
[2024-03-01T16:24:43.320+0530] {logging_mixin.py:188} INFO - [2024-03-01T16:24:43.319+0530] {dagbag.py:540} INFO - Filling up the DagBag from /home/akranth/airflow/airflow_env/lib/python3.11/site-packages/airflow/example_dags/plugins/listener_plugin.py
[2024-03-01T16:24:43.326+0530] {processor.py:842} WARNING - No viable dags retrieved from /home/akranth/airflow/airflow_env/lib/python3.11/site-packages/airflow/example_dags/plugins/listener_plugin.py
[2024-03-01T16:24:43.337+0530] {processor.py:183} INFO - Processing /home/akranth/airflow/airflow_env/lib/python3.11/site-packages/airflow/example_dags/plugins/listener_plugin.py took 0.033 seconds
[2024-03-01T16:25:16.308+0530] {processor.py:161} INFO - Started process (PID=7663) to work on /home/akranth/airflow/airflow_env/lib/python3.11/site-packages/airflow/example_dags/plugins/listener_plugin.py
[2024-03-01T16:25:16.404+0530] {processor.py:830} INFO - Processing file /home/akranth/airflow/airflow_env/lib/python3.11/site-packages/airflow/example_dags/plugins/listener_plugin.py for tasks to queue
[2024-03-01T16:25:16.407+0530] {logging_mixin.py:188} INFO - [2024-03-01T16:25:16.406+0530] {dagbag.py:540} INFO - Filling up the DagBag from /home/akranth/airflow/airflow_env/lib/python3.11/site-packages/airflow/example_dags/plugins/listener_plugin.py
[2024-03-01T16:25:16.410+0530] {processor.py:842} WARNING - No viable dags retrieved from /home/akranth/airflow/airflow_env/lib/python3.11/site-packages/airflow/example_dags/plugins/listener_plugin.py
[2024-03-01T16:25:16.417+0530] {processor.py:183} INFO - Processing /home/akranth/airflow/airflow_env/lib/python3.11/site-packages/airflow/example_dags/plugins/listener_plugin.py took 0.111 seconds
[2024-03-01T16:26:18.035+0530] {processor.py:161} INFO - Started process (PID=7726) to work on /home/akranth/airflow/airflow_env/lib/python3.11/site-packages/airflow/example_dags/plugins/listener_plugin.py
[2024-03-01T16:26:18.062+0530] {processor.py:830} INFO - Processing file /home/akranth/airflow/airflow_env/lib/python3.11/site-packages/airflow/example_dags/plugins/listener_plugin.py for tasks to queue
[2024-03-01T16:26:18.064+0530] {logging_mixin.py:188} INFO - [2024-03-01T16:26:18.063+0530] {dagbag.py:540} INFO - Filling up the DagBag from /home/akranth/airflow/airflow_env/lib/python3.11/site-packages/airflow/example_dags/plugins/listener_plugin.py
[2024-03-01T16:26:18.071+0530] {processor.py:842} WARNING - No viable dags retrieved from /home/akranth/airflow/airflow_env/lib/python3.11/site-packages/airflow/example_dags/plugins/listener_plugin.py
[2024-03-01T16:26:18.093+0530] {processor.py:183} INFO - Processing /home/akranth/airflow/airflow_env/lib/python3.11/site-packages/airflow/example_dags/plugins/listener_plugin.py took 0.064 seconds
[2024-03-01T16:27:14.307+0530] {processor.py:161} INFO - Started process (PID=7790) to work on /home/akranth/airflow/airflow_env/lib/python3.11/site-packages/airflow/example_dags/plugins/listener_plugin.py
[2024-03-01T16:27:14.344+0530] {processor.py:830} INFO - Processing file /home/akranth/airflow/airflow_env/lib/python3.11/site-packages/airflow/example_dags/plugins/listener_plugin.py for tasks to queue
[2024-03-01T16:27:14.346+0530] {logging_mixin.py:188} INFO - [2024-03-01T16:27:14.345+0530] {dagbag.py:540} INFO - Filling up the DagBag from /home/akranth/airflow/airflow_env/lib/python3.11/site-packages/airflow/example_dags/plugins/listener_plugin.py
[2024-03-01T16:27:14.351+0530] {processor.py:842} WARNING - No viable dags retrieved from /home/akranth/airflow/airflow_env/lib/python3.11/site-packages/airflow/example_dags/plugins/listener_plugin.py
[2024-03-01T16:27:14.374+0530] {processor.py:183} INFO - Processing /home/akranth/airflow/airflow_env/lib/python3.11/site-packages/airflow/example_dags/plugins/listener_plugin.py took 0.069 seconds
[2024-03-01T16:28:14.104+0530] {processor.py:161} INFO - Started process (PID=7866) to work on /home/akranth/airflow/airflow_env/lib/python3.11/site-packages/airflow/example_dags/plugins/listener_plugin.py
[2024-03-01T16:28:14.138+0530] {processor.py:830} INFO - Processing file /home/akranth/airflow/airflow_env/lib/python3.11/site-packages/airflow/example_dags/plugins/listener_plugin.py for tasks to queue
[2024-03-01T16:28:14.139+0530] {logging_mixin.py:188} INFO - [2024-03-01T16:28:14.139+0530] {dagbag.py:540} INFO - Filling up the DagBag from /home/akranth/airflow/airflow_env/lib/python3.11/site-packages/airflow/example_dags/plugins/listener_plugin.py
[2024-03-01T16:28:14.143+0530] {processor.py:842} WARNING - No viable dags retrieved from /home/akranth/airflow/airflow_env/lib/python3.11/site-packages/airflow/example_dags/plugins/listener_plugin.py
[2024-03-01T16:28:14.150+0530] {processor.py:183} INFO - Processing /home/akranth/airflow/airflow_env/lib/python3.11/site-packages/airflow/example_dags/plugins/listener_plugin.py took 0.048 seconds
[2024-03-01T16:28:50.505+0530] {processor.py:161} INFO - Started process (PID=7908) to work on /home/akranth/airflow/airflow_env/lib/python3.11/site-packages/airflow/example_dags/plugins/listener_plugin.py
[2024-03-01T16:28:50.587+0530] {processor.py:830} INFO - Processing file /home/akranth/airflow/airflow_env/lib/python3.11/site-packages/airflow/example_dags/plugins/listener_plugin.py for tasks to queue
[2024-03-01T16:28:50.589+0530] {logging_mixin.py:188} INFO - [2024-03-01T16:28:50.588+0530] {dagbag.py:540} INFO - Filling up the DagBag from /home/akranth/airflow/airflow_env/lib/python3.11/site-packages/airflow/example_dags/plugins/listener_plugin.py
[2024-03-01T16:28:50.593+0530] {processor.py:842} WARNING - No viable dags retrieved from /home/akranth/airflow/airflow_env/lib/python3.11/site-packages/airflow/example_dags/plugins/listener_plugin.py
[2024-03-01T16:28:50.611+0530] {processor.py:183} INFO - Processing /home/akranth/airflow/airflow_env/lib/python3.11/site-packages/airflow/example_dags/plugins/listener_plugin.py took 0.109 seconds
[2024-03-01T16:29:29.538+0530] {processor.py:161} INFO - Started process (PID=7954) to work on /home/akranth/airflow/airflow_env/lib/python3.11/site-packages/airflow/example_dags/plugins/listener_plugin.py
[2024-03-01T16:29:29.539+0530] {processor.py:830} INFO - Processing file /home/akranth/airflow/airflow_env/lib/python3.11/site-packages/airflow/example_dags/plugins/listener_plugin.py for tasks to queue
[2024-03-01T16:29:29.539+0530] {logging_mixin.py:188} INFO - [2024-03-01T16:29:29.539+0530] {dagbag.py:540} INFO - Filling up the DagBag from /home/akranth/airflow/airflow_env/lib/python3.11/site-packages/airflow/example_dags/plugins/listener_plugin.py
[2024-03-01T16:29:29.541+0530] {processor.py:842} WARNING - No viable dags retrieved from /home/akranth/airflow/airflow_env/lib/python3.11/site-packages/airflow/example_dags/plugins/listener_plugin.py
[2024-03-01T16:29:29.549+0530] {processor.py:183} INFO - Processing /home/akranth/airflow/airflow_env/lib/python3.11/site-packages/airflow/example_dags/plugins/listener_plugin.py took 0.013 seconds
[2024-03-01T16:30:12.294+0530] {processor.py:161} INFO - Started process (PID=8005) to work on /home/akranth/airflow/airflow_env/lib/python3.11/site-packages/airflow/example_dags/plugins/listener_plugin.py
[2024-03-01T16:30:12.386+0530] {processor.py:830} INFO - Processing file /home/akranth/airflow/airflow_env/lib/python3.11/site-packages/airflow/example_dags/plugins/listener_plugin.py for tasks to queue
[2024-03-01T16:30:12.389+0530] {logging_mixin.py:188} INFO - [2024-03-01T16:30:12.388+0530] {dagbag.py:540} INFO - Filling up the DagBag from /home/akranth/airflow/airflow_env/lib/python3.11/site-packages/airflow/example_dags/plugins/listener_plugin.py
[2024-03-01T16:30:12.394+0530] {processor.py:842} WARNING - No viable dags retrieved from /home/akranth/airflow/airflow_env/lib/python3.11/site-packages/airflow/example_dags/plugins/listener_plugin.py
[2024-03-01T16:30:12.419+0530] {processor.py:183} INFO - Processing /home/akranth/airflow/airflow_env/lib/python3.11/site-packages/airflow/example_dags/plugins/listener_plugin.py took 0.131 seconds
[2024-03-01T16:30:55.470+0530] {processor.py:161} INFO - Started process (PID=8273) to work on /home/akranth/airflow/airflow_env/lib/python3.11/site-packages/airflow/example_dags/plugins/listener_plugin.py
[2024-03-01T16:30:55.482+0530] {processor.py:830} INFO - Processing file /home/akranth/airflow/airflow_env/lib/python3.11/site-packages/airflow/example_dags/plugins/listener_plugin.py for tasks to queue
[2024-03-01T16:30:55.484+0530] {logging_mixin.py:188} INFO - [2024-03-01T16:30:55.483+0530] {dagbag.py:540} INFO - Filling up the DagBag from /home/akranth/airflow/airflow_env/lib/python3.11/site-packages/airflow/example_dags/plugins/listener_plugin.py
[2024-03-01T16:30:55.487+0530] {processor.py:842} WARNING - No viable dags retrieved from /home/akranth/airflow/airflow_env/lib/python3.11/site-packages/airflow/example_dags/plugins/listener_plugin.py
[2024-03-01T16:30:55.495+0530] {processor.py:183} INFO - Processing /home/akranth/airflow/airflow_env/lib/python3.11/site-packages/airflow/example_dags/plugins/listener_plugin.py took 0.027 seconds
[2024-03-01T16:31:39.217+0530] {processor.py:161} INFO - Started process (PID=8839) to work on /home/akranth/airflow/airflow_env/lib/python3.11/site-packages/airflow/example_dags/plugins/listener_plugin.py
[2024-03-01T16:31:39.250+0530] {processor.py:830} INFO - Processing file /home/akranth/airflow/airflow_env/lib/python3.11/site-packages/airflow/example_dags/plugins/listener_plugin.py for tasks to queue
[2024-03-01T16:31:39.252+0530] {logging_mixin.py:188} INFO - [2024-03-01T16:31:39.251+0530] {dagbag.py:540} INFO - Filling up the DagBag from /home/akranth/airflow/airflow_env/lib/python3.11/site-packages/airflow/example_dags/plugins/listener_plugin.py
[2024-03-01T16:31:39.258+0530] {processor.py:842} WARNING - No viable dags retrieved from /home/akranth/airflow/airflow_env/lib/python3.11/site-packages/airflow/example_dags/plugins/listener_plugin.py
[2024-03-01T16:31:39.282+0530] {processor.py:183} INFO - Processing /home/akranth/airflow/airflow_env/lib/python3.11/site-packages/airflow/example_dags/plugins/listener_plugin.py took 0.066 seconds
[2024-03-01T16:32:29.258+0530] {processor.py:161} INFO - Started process (PID=9268) to work on /home/akranth/airflow/airflow_env/lib/python3.11/site-packages/airflow/example_dags/plugins/listener_plugin.py
[2024-03-01T16:32:29.307+0530] {processor.py:830} INFO - Processing file /home/akranth/airflow/airflow_env/lib/python3.11/site-packages/airflow/example_dags/plugins/listener_plugin.py for tasks to queue
[2024-03-01T16:32:29.309+0530] {logging_mixin.py:188} INFO - [2024-03-01T16:32:29.308+0530] {dagbag.py:540} INFO - Filling up the DagBag from /home/akranth/airflow/airflow_env/lib/python3.11/site-packages/airflow/example_dags/plugins/listener_plugin.py
[2024-03-01T16:32:29.326+0530] {processor.py:842} WARNING - No viable dags retrieved from /home/akranth/airflow/airflow_env/lib/python3.11/site-packages/airflow/example_dags/plugins/listener_plugin.py
[2024-03-01T16:32:29.337+0530] {processor.py:183} INFO - Processing /home/akranth/airflow/airflow_env/lib/python3.11/site-packages/airflow/example_dags/plugins/listener_plugin.py took 0.082 seconds
[2024-03-01T16:33:18.649+0530] {processor.py:161} INFO - Started process (PID=9356) to work on /home/akranth/airflow/airflow_env/lib/python3.11/site-packages/airflow/example_dags/plugins/listener_plugin.py
[2024-03-01T16:33:18.657+0530] {processor.py:830} INFO - Processing file /home/akranth/airflow/airflow_env/lib/python3.11/site-packages/airflow/example_dags/plugins/listener_plugin.py for tasks to queue
[2024-03-01T16:33:18.658+0530] {logging_mixin.py:188} INFO - [2024-03-01T16:33:18.657+0530] {dagbag.py:540} INFO - Filling up the DagBag from /home/akranth/airflow/airflow_env/lib/python3.11/site-packages/airflow/example_dags/plugins/listener_plugin.py
[2024-03-01T16:33:18.661+0530] {processor.py:842} WARNING - No viable dags retrieved from /home/akranth/airflow/airflow_env/lib/python3.11/site-packages/airflow/example_dags/plugins/listener_plugin.py
[2024-03-01T16:33:18.670+0530] {processor.py:183} INFO - Processing /home/akranth/airflow/airflow_env/lib/python3.11/site-packages/airflow/example_dags/plugins/listener_plugin.py took 0.023 seconds
[2024-03-01T16:33:59.122+0530] {processor.py:161} INFO - Started process (PID=9421) to work on /home/akranth/airflow/airflow_env/lib/python3.11/site-packages/airflow/example_dags/plugins/listener_plugin.py
[2024-03-01T16:33:59.135+0530] {processor.py:830} INFO - Processing file /home/akranth/airflow/airflow_env/lib/python3.11/site-packages/airflow/example_dags/plugins/listener_plugin.py for tasks to queue
[2024-03-01T16:33:59.137+0530] {logging_mixin.py:188} INFO - [2024-03-01T16:33:59.136+0530] {dagbag.py:540} INFO - Filling up the DagBag from /home/akranth/airflow/airflow_env/lib/python3.11/site-packages/airflow/example_dags/plugins/listener_plugin.py
[2024-03-01T16:33:59.143+0530] {processor.py:842} WARNING - No viable dags retrieved from /home/akranth/airflow/airflow_env/lib/python3.11/site-packages/airflow/example_dags/plugins/listener_plugin.py
[2024-03-01T16:33:59.296+0530] {processor.py:183} INFO - Processing /home/akranth/airflow/airflow_env/lib/python3.11/site-packages/airflow/example_dags/plugins/listener_plugin.py took 0.181 seconds
[2024-03-01T16:34:41.726+0530] {processor.py:161} INFO - Started process (PID=9554) to work on /home/akranth/airflow/airflow_env/lib/python3.11/site-packages/airflow/example_dags/plugins/listener_plugin.py
[2024-03-01T16:34:41.741+0530] {processor.py:830} INFO - Processing file /home/akranth/airflow/airflow_env/lib/python3.11/site-packages/airflow/example_dags/plugins/listener_plugin.py for tasks to queue
[2024-03-01T16:34:41.742+0530] {logging_mixin.py:188} INFO - [2024-03-01T16:34:41.742+0530] {dagbag.py:540} INFO - Filling up the DagBag from /home/akranth/airflow/airflow_env/lib/python3.11/site-packages/airflow/example_dags/plugins/listener_plugin.py
[2024-03-01T16:34:41.745+0530] {processor.py:842} WARNING - No viable dags retrieved from /home/akranth/airflow/airflow_env/lib/python3.11/site-packages/airflow/example_dags/plugins/listener_plugin.py
[2024-03-01T16:34:41.754+0530] {processor.py:183} INFO - Processing /home/akranth/airflow/airflow_env/lib/python3.11/site-packages/airflow/example_dags/plugins/listener_plugin.py took 0.030 seconds
