[2024-03-01T16:17:50.898+0530] {processor.py:161} INFO - Started process (PID=7041) to work on /home/akranth/airflow/airflow_env/lib/python3.11/site-packages/airflow/example_dags/plugins/workday.py
[2024-03-01T16:17:50.898+0530] {processor.py:830} INFO - Processing file /home/akranth/airflow/airflow_env/lib/python3.11/site-packages/airflow/example_dags/plugins/workday.py for tasks to queue
[2024-03-01T16:17:50.899+0530] {logging_mixin.py:188} INFO - [2024-03-01T16:17:50.899+0530] {dagbag.py:540} INFO - Filling up the DagBag from /home/akranth/airflow/airflow_env/lib/python3.11/site-packages/airflow/example_dags/plugins/workday.py
[2024-03-01T16:17:51.289+0530] {processor.py:842} WARNING - No viable dags retrieved from /home/akranth/airflow/airflow_env/lib/python3.11/site-packages/airflow/example_dags/plugins/workday.py
[2024-03-01T16:17:51.293+0530] {processor.py:183} INFO - Processing /home/akranth/airflow/airflow_env/lib/python3.11/site-packages/airflow/example_dags/plugins/workday.py took 0.397 seconds
[2024-03-01T16:19:00.641+0530] {processor.py:161} INFO - Started process (PID=7165) to work on /home/akranth/airflow/airflow_env/lib/python3.11/site-packages/airflow/example_dags/plugins/workday.py
[2024-03-01T16:19:00.642+0530] {processor.py:830} INFO - Processing file /home/akranth/airflow/airflow_env/lib/python3.11/site-packages/airflow/example_dags/plugins/workday.py for tasks to queue
[2024-03-01T16:19:00.643+0530] {logging_mixin.py:188} INFO - [2024-03-01T16:19:00.643+0530] {dagbag.py:540} INFO - Filling up the DagBag from /home/akranth/airflow/airflow_env/lib/python3.11/site-packages/airflow/example_dags/plugins/workday.py
[2024-03-01T16:19:01.038+0530] {processor.py:842} WARNING - No viable dags retrieved from /home/akranth/airflow/airflow_env/lib/python3.11/site-packages/airflow/example_dags/plugins/workday.py
[2024-03-01T16:19:01.042+0530] {processor.py:183} INFO - Processing /home/akranth/airflow/airflow_env/lib/python3.11/site-packages/airflow/example_dags/plugins/workday.py took 0.403 seconds
[2024-03-01T16:19:39.246+0530] {processor.py:161} INFO - Started process (PID=7206) to work on /home/akranth/airflow/airflow_env/lib/python3.11/site-packages/airflow/example_dags/plugins/workday.py
[2024-03-01T16:19:39.248+0530] {processor.py:830} INFO - Processing file /home/akranth/airflow/airflow_env/lib/python3.11/site-packages/airflow/example_dags/plugins/workday.py for tasks to queue
[2024-03-01T16:19:39.250+0530] {logging_mixin.py:188} INFO - [2024-03-01T16:19:39.249+0530] {dagbag.py:540} INFO - Filling up the DagBag from /home/akranth/airflow/airflow_env/lib/python3.11/site-packages/airflow/example_dags/plugins/workday.py
[2024-03-01T16:19:39.781+0530] {processor.py:842} WARNING - No viable dags retrieved from /home/akranth/airflow/airflow_env/lib/python3.11/site-packages/airflow/example_dags/plugins/workday.py
[2024-03-01T16:19:39.786+0530] {processor.py:183} INFO - Processing /home/akranth/airflow/airflow_env/lib/python3.11/site-packages/airflow/example_dags/plugins/workday.py took 0.547 seconds
[2024-03-01T16:20:40.657+0530] {processor.py:161} INFO - Started process (PID=7365) to work on /home/akranth/airflow/airflow_env/lib/python3.11/site-packages/airflow/example_dags/plugins/workday.py
[2024-03-01T16:20:40.691+0530] {processor.py:830} INFO - Processing file /home/akranth/airflow/airflow_env/lib/python3.11/site-packages/airflow/example_dags/plugins/workday.py for tasks to queue
[2024-03-01T16:20:40.693+0530] {logging_mixin.py:188} INFO - [2024-03-01T16:20:40.692+0530] {dagbag.py:540} INFO - Filling up the DagBag from /home/akranth/airflow/airflow_env/lib/python3.11/site-packages/airflow/example_dags/plugins/workday.py
[2024-03-01T16:20:41.062+0530] {processor.py:842} WARNING - No viable dags retrieved from /home/akranth/airflow/airflow_env/lib/python3.11/site-packages/airflow/example_dags/plugins/workday.py
[2024-03-01T16:20:41.068+0530] {processor.py:183} INFO - Processing /home/akranth/airflow/airflow_env/lib/python3.11/site-packages/airflow/example_dags/plugins/workday.py took 0.417 seconds
[2024-03-01T16:21:40.443+0530] {processor.py:161} INFO - Started process (PID=7429) to work on /home/akranth/airflow/airflow_env/lib/python3.11/site-packages/airflow/example_dags/plugins/workday.py
[2024-03-01T16:21:40.453+0530] {processor.py:830} INFO - Processing file /home/akranth/airflow/airflow_env/lib/python3.11/site-packages/airflow/example_dags/plugins/workday.py for tasks to queue
[2024-03-01T16:21:40.454+0530] {logging_mixin.py:188} INFO - [2024-03-01T16:21:40.453+0530] {dagbag.py:540} INFO - Filling up the DagBag from /home/akranth/airflow/airflow_env/lib/python3.11/site-packages/airflow/example_dags/plugins/workday.py
[2024-03-01T16:21:40.782+0530] {processor.py:842} WARNING - No viable dags retrieved from /home/akranth/airflow/airflow_env/lib/python3.11/site-packages/airflow/example_dags/plugins/workday.py
[2024-03-01T16:21:40.787+0530] {processor.py:183} INFO - Processing /home/akranth/airflow/airflow_env/lib/python3.11/site-packages/airflow/example_dags/plugins/workday.py took 0.347 seconds
[2024-03-01T16:22:12.467+0530] {processor.py:161} INFO - Started process (PID=7469) to work on /home/akranth/airflow/airflow_env/lib/python3.11/site-packages/airflow/example_dags/plugins/workday.py
[2024-03-01T16:22:12.467+0530] {processor.py:830} INFO - Processing file /home/akranth/airflow/airflow_env/lib/python3.11/site-packages/airflow/example_dags/plugins/workday.py for tasks to queue
[2024-03-01T16:22:12.468+0530] {logging_mixin.py:188} INFO - [2024-03-01T16:22:12.468+0530] {dagbag.py:540} INFO - Filling up the DagBag from /home/akranth/airflow/airflow_env/lib/python3.11/site-packages/airflow/example_dags/plugins/workday.py
[2024-03-01T16:22:12.777+0530] {processor.py:842} WARNING - No viable dags retrieved from /home/akranth/airflow/airflow_env/lib/python3.11/site-packages/airflow/example_dags/plugins/workday.py
[2024-03-01T16:22:12.782+0530] {processor.py:183} INFO - Processing /home/akranth/airflow/airflow_env/lib/python3.11/site-packages/airflow/example_dags/plugins/workday.py took 0.317 seconds
[2024-03-01T16:23:10.294+0530] {processor.py:161} INFO - Started process (PID=7527) to work on /home/akranth/airflow/airflow_env/lib/python3.11/site-packages/airflow/example_dags/plugins/workday.py
[2024-03-01T16:23:10.370+0530] {processor.py:830} INFO - Processing file /home/akranth/airflow/airflow_env/lib/python3.11/site-packages/airflow/example_dags/plugins/workday.py for tasks to queue
[2024-03-01T16:23:10.372+0530] {logging_mixin.py:188} INFO - [2024-03-01T16:23:10.371+0530] {dagbag.py:540} INFO - Filling up the DagBag from /home/akranth/airflow/airflow_env/lib/python3.11/site-packages/airflow/example_dags/plugins/workday.py
[2024-03-01T16:23:10.698+0530] {processor.py:842} WARNING - No viable dags retrieved from /home/akranth/airflow/airflow_env/lib/python3.11/site-packages/airflow/example_dags/plugins/workday.py
[2024-03-01T16:23:10.704+0530] {processor.py:183} INFO - Processing /home/akranth/airflow/airflow_env/lib/python3.11/site-packages/airflow/example_dags/plugins/workday.py took 0.412 seconds
[2024-03-01T16:24:08.167+0530] {processor.py:161} INFO - Started process (PID=7584) to work on /home/akranth/airflow/airflow_env/lib/python3.11/site-packages/airflow/example_dags/plugins/workday.py
[2024-03-01T16:24:08.250+0530] {processor.py:830} INFO - Processing file /home/akranth/airflow/airflow_env/lib/python3.11/site-packages/airflow/example_dags/plugins/workday.py for tasks to queue
[2024-03-01T16:24:08.252+0530] {logging_mixin.py:188} INFO - [2024-03-01T16:24:08.251+0530] {dagbag.py:540} INFO - Filling up the DagBag from /home/akranth/airflow/airflow_env/lib/python3.11/site-packages/airflow/example_dags/plugins/workday.py
[2024-03-01T16:24:08.607+0530] {processor.py:842} WARNING - No viable dags retrieved from /home/akranth/airflow/airflow_env/lib/python3.11/site-packages/airflow/example_dags/plugins/workday.py
[2024-03-01T16:24:08.613+0530] {processor.py:183} INFO - Processing /home/akranth/airflow/airflow_env/lib/python3.11/site-packages/airflow/example_dags/plugins/workday.py took 0.452 seconds
[2024-03-01T16:24:42.305+0530] {processor.py:161} INFO - Started process (PID=7620) to work on /home/akranth/airflow/airflow_env/lib/python3.11/site-packages/airflow/example_dags/plugins/workday.py
[2024-03-01T16:24:42.307+0530] {processor.py:830} INFO - Processing file /home/akranth/airflow/airflow_env/lib/python3.11/site-packages/airflow/example_dags/plugins/workday.py for tasks to queue
[2024-03-01T16:24:42.309+0530] {logging_mixin.py:188} INFO - [2024-03-01T16:24:42.308+0530] {dagbag.py:540} INFO - Filling up the DagBag from /home/akranth/airflow/airflow_env/lib/python3.11/site-packages/airflow/example_dags/plugins/workday.py
[2024-03-01T16:24:42.669+0530] {processor.py:842} WARNING - No viable dags retrieved from /home/akranth/airflow/airflow_env/lib/python3.11/site-packages/airflow/example_dags/plugins/workday.py
[2024-03-01T16:24:42.676+0530] {processor.py:183} INFO - Processing /home/akranth/airflow/airflow_env/lib/python3.11/site-packages/airflow/example_dags/plugins/workday.py took 0.377 seconds
[2024-03-01T16:25:14.883+0530] {processor.py:161} INFO - Started process (PID=7654) to work on /home/akranth/airflow/airflow_env/lib/python3.11/site-packages/airflow/example_dags/plugins/workday.py
[2024-03-01T16:25:14.907+0530] {processor.py:830} INFO - Processing file /home/akranth/airflow/airflow_env/lib/python3.11/site-packages/airflow/example_dags/plugins/workday.py for tasks to queue
[2024-03-01T16:25:14.909+0530] {logging_mixin.py:188} INFO - [2024-03-01T16:25:14.908+0530] {dagbag.py:540} INFO - Filling up the DagBag from /home/akranth/airflow/airflow_env/lib/python3.11/site-packages/airflow/example_dags/plugins/workday.py
[2024-03-01T16:25:15.228+0530] {processor.py:842} WARNING - No viable dags retrieved from /home/akranth/airflow/airflow_env/lib/python3.11/site-packages/airflow/example_dags/plugins/workday.py
[2024-03-01T16:25:15.234+0530] {processor.py:183} INFO - Processing /home/akranth/airflow/airflow_env/lib/python3.11/site-packages/airflow/example_dags/plugins/workday.py took 0.358 seconds
[2024-03-01T16:25:47.394+0530] {processor.py:161} INFO - Started process (PID=7691) to work on /home/akranth/airflow/airflow_env/lib/python3.11/site-packages/airflow/example_dags/plugins/workday.py
[2024-03-01T16:25:47.475+0530] {processor.py:830} INFO - Processing file /home/akranth/airflow/airflow_env/lib/python3.11/site-packages/airflow/example_dags/plugins/workday.py for tasks to queue
[2024-03-01T16:25:47.477+0530] {logging_mixin.py:188} INFO - [2024-03-01T16:25:47.476+0530] {dagbag.py:540} INFO - Filling up the DagBag from /home/akranth/airflow/airflow_env/lib/python3.11/site-packages/airflow/example_dags/plugins/workday.py
[2024-03-01T16:25:47.818+0530] {processor.py:842} WARNING - No viable dags retrieved from /home/akranth/airflow/airflow_env/lib/python3.11/site-packages/airflow/example_dags/plugins/workday.py
[2024-03-01T16:25:47.824+0530] {processor.py:183} INFO - Processing /home/akranth/airflow/airflow_env/lib/python3.11/site-packages/airflow/example_dags/plugins/workday.py took 0.436 seconds
[2024-03-01T16:26:46.329+0530] {processor.py:161} INFO - Started process (PID=7756) to work on /home/akranth/airflow/airflow_env/lib/python3.11/site-packages/airflow/example_dags/plugins/workday.py
[2024-03-01T16:26:46.341+0530] {processor.py:830} INFO - Processing file /home/akranth/airflow/airflow_env/lib/python3.11/site-packages/airflow/example_dags/plugins/workday.py for tasks to queue
[2024-03-01T16:26:46.343+0530] {logging_mixin.py:188} INFO - [2024-03-01T16:26:46.342+0530] {dagbag.py:540} INFO - Filling up the DagBag from /home/akranth/airflow/airflow_env/lib/python3.11/site-packages/airflow/example_dags/plugins/workday.py
[2024-03-01T16:26:46.692+0530] {processor.py:842} WARNING - No viable dags retrieved from /home/akranth/airflow/airflow_env/lib/python3.11/site-packages/airflow/example_dags/plugins/workday.py
[2024-03-01T16:26:46.699+0530] {processor.py:183} INFO - Processing /home/akranth/airflow/airflow_env/lib/python3.11/site-packages/airflow/example_dags/plugins/workday.py took 0.376 seconds
[2024-03-01T16:27:39.614+0530] {processor.py:161} INFO - Started process (PID=7814) to work on /home/akranth/airflow/airflow_env/lib/python3.11/site-packages/airflow/example_dags/plugins/workday.py
[2024-03-01T16:27:39.627+0530] {processor.py:830} INFO - Processing file /home/akranth/airflow/airflow_env/lib/python3.11/site-packages/airflow/example_dags/plugins/workday.py for tasks to queue
[2024-03-01T16:27:39.629+0530] {logging_mixin.py:188} INFO - [2024-03-01T16:27:39.628+0530] {dagbag.py:540} INFO - Filling up the DagBag from /home/akranth/airflow/airflow_env/lib/python3.11/site-packages/airflow/example_dags/plugins/workday.py
[2024-03-01T16:27:40.007+0530] {processor.py:842} WARNING - No viable dags retrieved from /home/akranth/airflow/airflow_env/lib/python3.11/site-packages/airflow/example_dags/plugins/workday.py
[2024-03-01T16:27:40.013+0530] {processor.py:183} INFO - Processing /home/akranth/airflow/airflow_env/lib/python3.11/site-packages/airflow/example_dags/plugins/workday.py took 0.404 seconds
[2024-03-01T16:28:12.462+0530] {processor.py:161} INFO - Started process (PID=7857) to work on /home/akranth/airflow/airflow_env/lib/python3.11/site-packages/airflow/example_dags/plugins/workday.py
[2024-03-01T16:28:12.463+0530] {processor.py:830} INFO - Processing file /home/akranth/airflow/airflow_env/lib/python3.11/site-packages/airflow/example_dags/plugins/workday.py for tasks to queue
[2024-03-01T16:28:12.464+0530] {logging_mixin.py:188} INFO - [2024-03-01T16:28:12.464+0530] {dagbag.py:540} INFO - Filling up the DagBag from /home/akranth/airflow/airflow_env/lib/python3.11/site-packages/airflow/example_dags/plugins/workday.py
[2024-03-01T16:28:12.962+0530] {processor.py:842} WARNING - No viable dags retrieved from /home/akranth/airflow/airflow_env/lib/python3.11/site-packages/airflow/example_dags/plugins/workday.py
[2024-03-01T16:28:12.969+0530] {processor.py:183} INFO - Processing /home/akranth/airflow/airflow_env/lib/python3.11/site-packages/airflow/example_dags/plugins/workday.py took 0.509 seconds
[2024-03-01T16:28:48.960+0530] {processor.py:161} INFO - Started process (PID=7899) to work on /home/akranth/airflow/airflow_env/lib/python3.11/site-packages/airflow/example_dags/plugins/workday.py
[2024-03-01T16:28:49.045+0530] {processor.py:830} INFO - Processing file /home/akranth/airflow/airflow_env/lib/python3.11/site-packages/airflow/example_dags/plugins/workday.py for tasks to queue
[2024-03-01T16:28:49.048+0530] {logging_mixin.py:188} INFO - [2024-03-01T16:28:49.047+0530] {dagbag.py:540} INFO - Filling up the DagBag from /home/akranth/airflow/airflow_env/lib/python3.11/site-packages/airflow/example_dags/plugins/workday.py
[2024-03-01T16:28:49.390+0530] {processor.py:842} WARNING - No viable dags retrieved from /home/akranth/airflow/airflow_env/lib/python3.11/site-packages/airflow/example_dags/plugins/workday.py
[2024-03-01T16:28:49.396+0530] {processor.py:183} INFO - Processing /home/akranth/airflow/airflow_env/lib/python3.11/site-packages/airflow/example_dags/plugins/workday.py took 0.438 seconds
[2024-03-01T16:29:28.106+0530] {processor.py:161} INFO - Started process (PID=7945) to work on /home/akranth/airflow/airflow_env/lib/python3.11/site-packages/airflow/example_dags/plugins/workday.py
[2024-03-01T16:29:28.184+0530] {processor.py:830} INFO - Processing file /home/akranth/airflow/airflow_env/lib/python3.11/site-packages/airflow/example_dags/plugins/workday.py for tasks to queue
[2024-03-01T16:29:28.186+0530] {logging_mixin.py:188} INFO - [2024-03-01T16:29:28.186+0530] {dagbag.py:540} INFO - Filling up the DagBag from /home/akranth/airflow/airflow_env/lib/python3.11/site-packages/airflow/example_dags/plugins/workday.py
[2024-03-01T16:29:28.489+0530] {processor.py:842} WARNING - No viable dags retrieved from /home/akranth/airflow/airflow_env/lib/python3.11/site-packages/airflow/example_dags/plugins/workday.py
[2024-03-01T16:29:28.494+0530] {processor.py:183} INFO - Processing /home/akranth/airflow/airflow_env/lib/python3.11/site-packages/airflow/example_dags/plugins/workday.py took 0.390 seconds
[2024-03-01T16:30:10.639+0530] {processor.py:161} INFO - Started process (PID=7993) to work on /home/akranth/airflow/airflow_env/lib/python3.11/site-packages/airflow/example_dags/plugins/workday.py
[2024-03-01T16:30:10.722+0530] {processor.py:830} INFO - Processing file /home/akranth/airflow/airflow_env/lib/python3.11/site-packages/airflow/example_dags/plugins/workday.py for tasks to queue
[2024-03-01T16:30:10.723+0530] {logging_mixin.py:188} INFO - [2024-03-01T16:30:10.723+0530] {dagbag.py:540} INFO - Filling up the DagBag from /home/akranth/airflow/airflow_env/lib/python3.11/site-packages/airflow/example_dags/plugins/workday.py
[2024-03-01T16:30:11.148+0530] {processor.py:842} WARNING - No viable dags retrieved from /home/akranth/airflow/airflow_env/lib/python3.11/site-packages/airflow/example_dags/plugins/workday.py
[2024-03-01T16:30:11.156+0530] {processor.py:183} INFO - Processing /home/akranth/airflow/airflow_env/lib/python3.11/site-packages/airflow/example_dags/plugins/workday.py took 0.520 seconds
[2024-03-01T16:30:53.775+0530] {processor.py:161} INFO - Started process (PID=8264) to work on /home/akranth/airflow/airflow_env/lib/python3.11/site-packages/airflow/example_dags/plugins/workday.py
[2024-03-01T16:30:53.784+0530] {processor.py:830} INFO - Processing file /home/akranth/airflow/airflow_env/lib/python3.11/site-packages/airflow/example_dags/plugins/workday.py for tasks to queue
[2024-03-01T16:30:53.785+0530] {logging_mixin.py:188} INFO - [2024-03-01T16:30:53.785+0530] {dagbag.py:540} INFO - Filling up the DagBag from /home/akranth/airflow/airflow_env/lib/python3.11/site-packages/airflow/example_dags/plugins/workday.py
[2024-03-01T16:30:54.167+0530] {processor.py:842} WARNING - No viable dags retrieved from /home/akranth/airflow/airflow_env/lib/python3.11/site-packages/airflow/example_dags/plugins/workday.py
[2024-03-01T16:30:54.173+0530] {processor.py:183} INFO - Processing /home/akranth/airflow/airflow_env/lib/python3.11/site-packages/airflow/example_dags/plugins/workday.py took 0.400 seconds
[2024-03-01T16:31:31.004+0530] {processor.py:161} INFO - Started process (PID=8608) to work on /home/akranth/airflow/airflow_env/lib/python3.11/site-packages/airflow/example_dags/plugins/workday.py
[2024-03-01T16:31:31.026+0530] {processor.py:830} INFO - Processing file /home/akranth/airflow/airflow_env/lib/python3.11/site-packages/airflow/example_dags/plugins/workday.py for tasks to queue
[2024-03-01T16:31:31.028+0530] {logging_mixin.py:188} INFO - [2024-03-01T16:31:31.027+0530] {dagbag.py:540} INFO - Filling up the DagBag from /home/akranth/airflow/airflow_env/lib/python3.11/site-packages/airflow/example_dags/plugins/workday.py
[2024-03-01T16:31:37.713+0530] {processor.py:842} WARNING - No viable dags retrieved from /home/akranth/airflow/airflow_env/lib/python3.11/site-packages/airflow/example_dags/plugins/workday.py
[2024-03-01T16:31:37.734+0530] {processor.py:183} INFO - Processing /home/akranth/airflow/airflow_env/lib/python3.11/site-packages/airflow/example_dags/plugins/workday.py took 6.732 seconds
[2024-03-01T16:32:26.419+0530] {processor.py:161} INFO - Started process (PID=9256) to work on /home/akranth/airflow/airflow_env/lib/python3.11/site-packages/airflow/example_dags/plugins/workday.py
[2024-03-01T16:32:26.426+0530] {processor.py:830} INFO - Processing file /home/akranth/airflow/airflow_env/lib/python3.11/site-packages/airflow/example_dags/plugins/workday.py for tasks to queue
[2024-03-01T16:32:26.428+0530] {logging_mixin.py:188} INFO - [2024-03-01T16:32:26.427+0530] {dagbag.py:540} INFO - Filling up the DagBag from /home/akranth/airflow/airflow_env/lib/python3.11/site-packages/airflow/example_dags/plugins/workday.py
[2024-03-01T16:32:27.514+0530] {processor.py:842} WARNING - No viable dags retrieved from /home/akranth/airflow/airflow_env/lib/python3.11/site-packages/airflow/example_dags/plugins/workday.py
[2024-03-01T16:32:27.522+0530] {processor.py:183} INFO - Processing /home/akranth/airflow/airflow_env/lib/python3.11/site-packages/airflow/example_dags/plugins/workday.py took 1.109 seconds
[2024-03-01T16:33:17.095+0530] {processor.py:161} INFO - Started process (PID=9347) to work on /home/akranth/airflow/airflow_env/lib/python3.11/site-packages/airflow/example_dags/plugins/workday.py
[2024-03-01T16:33:17.123+0530] {processor.py:830} INFO - Processing file /home/akranth/airflow/airflow_env/lib/python3.11/site-packages/airflow/example_dags/plugins/workday.py for tasks to queue
[2024-03-01T16:33:17.126+0530] {logging_mixin.py:188} INFO - [2024-03-01T16:33:17.125+0530] {dagbag.py:540} INFO - Filling up the DagBag from /home/akranth/airflow/airflow_env/lib/python3.11/site-packages/airflow/example_dags/plugins/workday.py
[2024-03-01T16:33:17.478+0530] {processor.py:842} WARNING - No viable dags retrieved from /home/akranth/airflow/airflow_env/lib/python3.11/site-packages/airflow/example_dags/plugins/workday.py
[2024-03-01T16:33:17.620+0530] {processor.py:183} INFO - Processing /home/akranth/airflow/airflow_env/lib/python3.11/site-packages/airflow/example_dags/plugins/workday.py took 0.528 seconds
[2024-03-01T16:33:57.315+0530] {processor.py:161} INFO - Started process (PID=9410) to work on /home/akranth/airflow/airflow_env/lib/python3.11/site-packages/airflow/example_dags/plugins/workday.py
[2024-03-01T16:33:57.334+0530] {processor.py:830} INFO - Processing file /home/akranth/airflow/airflow_env/lib/python3.11/site-packages/airflow/example_dags/plugins/workday.py for tasks to queue
[2024-03-01T16:33:57.335+0530] {logging_mixin.py:188} INFO - [2024-03-01T16:33:57.335+0530] {dagbag.py:540} INFO - Filling up the DagBag from /home/akranth/airflow/airflow_env/lib/python3.11/site-packages/airflow/example_dags/plugins/workday.py
[2024-03-01T16:33:57.722+0530] {processor.py:842} WARNING - No viable dags retrieved from /home/akranth/airflow/airflow_env/lib/python3.11/site-packages/airflow/example_dags/plugins/workday.py
[2024-03-01T16:33:57.731+0530] {processor.py:183} INFO - Processing /home/akranth/airflow/airflow_env/lib/python3.11/site-packages/airflow/example_dags/plugins/workday.py took 0.419 seconds
[2024-03-01T16:34:40.152+0530] {processor.py:161} INFO - Started process (PID=9545) to work on /home/akranth/airflow/airflow_env/lib/python3.11/site-packages/airflow/example_dags/plugins/workday.py
[2024-03-01T16:34:40.176+0530] {processor.py:830} INFO - Processing file /home/akranth/airflow/airflow_env/lib/python3.11/site-packages/airflow/example_dags/plugins/workday.py for tasks to queue
[2024-03-01T16:34:40.179+0530] {logging_mixin.py:188} INFO - [2024-03-01T16:34:40.178+0530] {dagbag.py:540} INFO - Filling up the DagBag from /home/akranth/airflow/airflow_env/lib/python3.11/site-packages/airflow/example_dags/plugins/workday.py
[2024-03-01T16:34:40.562+0530] {processor.py:842} WARNING - No viable dags retrieved from /home/akranth/airflow/airflow_env/lib/python3.11/site-packages/airflow/example_dags/plugins/workday.py
[2024-03-01T16:34:40.567+0530] {processor.py:183} INFO - Processing /home/akranth/airflow/airflow_env/lib/python3.11/site-packages/airflow/example_dags/plugins/workday.py took 0.418 seconds
[2024-03-01T16:35:13.569+0530] {processor.py:161} INFO - Started process (PID=9609) to work on /home/akranth/airflow/airflow_env/lib/python3.11/site-packages/airflow/example_dags/plugins/workday.py
[2024-03-01T16:35:13.596+0530] {processor.py:830} INFO - Processing file /home/akranth/airflow/airflow_env/lib/python3.11/site-packages/airflow/example_dags/plugins/workday.py for tasks to queue
[2024-03-01T16:35:13.598+0530] {logging_mixin.py:188} INFO - [2024-03-01T16:35:13.597+0530] {dagbag.py:540} INFO - Filling up the DagBag from /home/akranth/airflow/airflow_env/lib/python3.11/site-packages/airflow/example_dags/plugins/workday.py
[2024-03-01T16:35:13.987+0530] {processor.py:842} WARNING - No viable dags retrieved from /home/akranth/airflow/airflow_env/lib/python3.11/site-packages/airflow/example_dags/plugins/workday.py
[2024-03-01T16:35:13.994+0530] {processor.py:183} INFO - Processing /home/akranth/airflow/airflow_env/lib/python3.11/site-packages/airflow/example_dags/plugins/workday.py took 0.427 seconds
