[2024-03-03T01:48:46.786+0530] {processor.py:161} INFO - Started process (PID=6591) to work on /home/akranth/airflow/airflow_env/lib/python3.11/site-packages/airflow/example_dags/example_xcom.py
[2024-03-03T01:48:46.788+0530] {processor.py:830} INFO - Processing file /home/akranth/airflow/airflow_env/lib/python3.11/site-packages/airflow/example_dags/example_xcom.py for tasks to queue
[2024-03-03T01:48:46.790+0530] {logging_mixin.py:188} INFO - [2024-03-03T01:48:46.789+0530] {dagbag.py:540} INFO - Filling up the DagBag from /home/akranth/airflow/airflow_env/lib/python3.11/site-packages/airflow/example_dags/example_xcom.py
[2024-03-03T01:48:46.810+0530] {processor.py:840} INFO - DAG(s) 'example_xcom' retrieved from /home/akranth/airflow/airflow_env/lib/python3.11/site-packages/airflow/example_dags/example_xcom.py
[2024-03-03T01:48:46.980+0530] {logging_mixin.py:188} INFO - [2024-03-03T01:48:46.980+0530] {dag.py:3047} INFO - Sync 1 DAGs
[2024-03-03T01:48:46.992+0530] {logging_mixin.py:188} INFO - [2024-03-03T01:48:46.992+0530] {dag.py:3834} INFO - Setting next_dagrun for example_xcom to 2021-01-01 00:00:00+00:00, run_after=2021-01-01 00:00:00+00:00
[2024-03-03T01:48:47.179+0530] {processor.py:183} INFO - Processing /home/akranth/airflow/airflow_env/lib/python3.11/site-packages/airflow/example_dags/example_xcom.py took 0.400 seconds
[2024-03-03T01:49:50.977+0530] {processor.py:161} INFO - Started process (PID=6766) to work on /home/akranth/airflow/airflow_env/lib/python3.11/site-packages/airflow/example_dags/example_xcom.py
[2024-03-03T01:49:50.979+0530] {processor.py:830} INFO - Processing file /home/akranth/airflow/airflow_env/lib/python3.11/site-packages/airflow/example_dags/example_xcom.py for tasks to queue
[2024-03-03T01:49:50.981+0530] {logging_mixin.py:188} INFO - [2024-03-03T01:49:50.980+0530] {dagbag.py:540} INFO - Filling up the DagBag from /home/akranth/airflow/airflow_env/lib/python3.11/site-packages/airflow/example_dags/example_xcom.py
[2024-03-03T01:49:50.995+0530] {processor.py:840} INFO - DAG(s) 'example_xcom' retrieved from /home/akranth/airflow/airflow_env/lib/python3.11/site-packages/airflow/example_dags/example_xcom.py
[2024-03-03T01:49:51.109+0530] {logging_mixin.py:188} INFO - [2024-03-03T01:49:51.109+0530] {dag.py:3047} INFO - Sync 1 DAGs
[2024-03-03T01:49:51.125+0530] {logging_mixin.py:188} INFO - [2024-03-03T01:49:51.125+0530] {dag.py:3834} INFO - Setting next_dagrun for example_xcom to 2021-01-01 00:00:00+00:00, run_after=2021-01-01 00:00:00+00:00
[2024-03-03T01:49:51.237+0530] {processor.py:183} INFO - Processing /home/akranth/airflow/airflow_env/lib/python3.11/site-packages/airflow/example_dags/example_xcom.py took 0.267 seconds
[2024-03-03T01:50:56.417+0530] {processor.py:161} INFO - Started process (PID=6925) to work on /home/akranth/airflow/airflow_env/lib/python3.11/site-packages/airflow/example_dags/example_xcom.py
[2024-03-03T01:50:56.419+0530] {processor.py:830} INFO - Processing file /home/akranth/airflow/airflow_env/lib/python3.11/site-packages/airflow/example_dags/example_xcom.py for tasks to queue
[2024-03-03T01:50:56.421+0530] {logging_mixin.py:188} INFO - [2024-03-03T01:50:56.420+0530] {dagbag.py:540} INFO - Filling up the DagBag from /home/akranth/airflow/airflow_env/lib/python3.11/site-packages/airflow/example_dags/example_xcom.py
[2024-03-03T01:50:56.438+0530] {processor.py:840} INFO - DAG(s) 'example_xcom' retrieved from /home/akranth/airflow/airflow_env/lib/python3.11/site-packages/airflow/example_dags/example_xcom.py
[2024-03-03T01:50:56.454+0530] {logging_mixin.py:188} INFO - [2024-03-03T01:50:56.454+0530] {dag.py:3047} INFO - Sync 1 DAGs
[2024-03-03T01:50:56.467+0530] {logging_mixin.py:188} INFO - [2024-03-03T01:50:56.467+0530] {dag.py:3834} INFO - Setting next_dagrun for example_xcom to 2021-01-01 00:00:00+00:00, run_after=2021-01-01 00:00:00+00:00
[2024-03-03T01:50:56.658+0530] {processor.py:183} INFO - Processing /home/akranth/airflow/airflow_env/lib/python3.11/site-packages/airflow/example_dags/example_xcom.py took 0.247 seconds
[2024-03-03T01:51:59.649+0530] {processor.py:161} INFO - Started process (PID=7032) to work on /home/akranth/airflow/airflow_env/lib/python3.11/site-packages/airflow/example_dags/example_xcom.py
[2024-03-03T01:51:59.727+0530] {processor.py:830} INFO - Processing file /home/akranth/airflow/airflow_env/lib/python3.11/site-packages/airflow/example_dags/example_xcom.py for tasks to queue
[2024-03-03T01:51:59.730+0530] {logging_mixin.py:188} INFO - [2024-03-03T01:51:59.729+0530] {dagbag.py:540} INFO - Filling up the DagBag from /home/akranth/airflow/airflow_env/lib/python3.11/site-packages/airflow/example_dags/example_xcom.py
[2024-03-03T01:51:59.750+0530] {processor.py:840} INFO - DAG(s) 'example_xcom' retrieved from /home/akranth/airflow/airflow_env/lib/python3.11/site-packages/airflow/example_dags/example_xcom.py
[2024-03-03T01:51:59.775+0530] {logging_mixin.py:188} INFO - [2024-03-03T01:51:59.775+0530] {dag.py:3047} INFO - Sync 1 DAGs
[2024-03-03T01:51:59.790+0530] {logging_mixin.py:188} INFO - [2024-03-03T01:51:59.790+0530] {dag.py:3834} INFO - Setting next_dagrun for example_xcom to 2021-01-01 00:00:00+00:00, run_after=2021-01-01 00:00:00+00:00
[2024-03-03T01:51:59.899+0530] {processor.py:183} INFO - Processing /home/akranth/airflow/airflow_env/lib/python3.11/site-packages/airflow/example_dags/example_xcom.py took 0.256 seconds
[2024-03-03T01:53:01.585+0530] {processor.py:161} INFO - Started process (PID=7163) to work on /home/akranth/airflow/airflow_env/lib/python3.11/site-packages/airflow/example_dags/example_xcom.py
[2024-03-03T01:53:01.593+0530] {processor.py:830} INFO - Processing file /home/akranth/airflow/airflow_env/lib/python3.11/site-packages/airflow/example_dags/example_xcom.py for tasks to queue
[2024-03-03T01:53:01.594+0530] {logging_mixin.py:188} INFO - [2024-03-03T01:53:01.594+0530] {dagbag.py:540} INFO - Filling up the DagBag from /home/akranth/airflow/airflow_env/lib/python3.11/site-packages/airflow/example_dags/example_xcom.py
[2024-03-03T01:53:01.600+0530] {processor.py:840} INFO - DAG(s) 'example_xcom' retrieved from /home/akranth/airflow/airflow_env/lib/python3.11/site-packages/airflow/example_dags/example_xcom.py
[2024-03-03T01:53:01.612+0530] {logging_mixin.py:188} INFO - [2024-03-03T01:53:01.612+0530] {dag.py:3047} INFO - Sync 1 DAGs
[2024-03-03T01:53:01.625+0530] {logging_mixin.py:188} INFO - [2024-03-03T01:53:01.625+0530] {dag.py:3834} INFO - Setting next_dagrun for example_xcom to 2021-01-01 00:00:00+00:00, run_after=2021-01-01 00:00:00+00:00
[2024-03-03T01:53:01.849+0530] {processor.py:183} INFO - Processing /home/akranth/airflow/airflow_env/lib/python3.11/site-packages/airflow/example_dags/example_xcom.py took 0.266 seconds
[2024-03-03T01:54:15.583+0530] {processor.py:161} INFO - Started process (PID=7239) to work on /home/akranth/airflow/airflow_env/lib/python3.11/site-packages/airflow/example_dags/example_xcom.py
[2024-03-03T01:54:15.599+0530] {processor.py:830} INFO - Processing file /home/akranth/airflow/airflow_env/lib/python3.11/site-packages/airflow/example_dags/example_xcom.py for tasks to queue
[2024-03-03T01:54:15.600+0530] {logging_mixin.py:188} INFO - [2024-03-03T01:54:15.599+0530] {dagbag.py:540} INFO - Filling up the DagBag from /home/akranth/airflow/airflow_env/lib/python3.11/site-packages/airflow/example_dags/example_xcom.py
[2024-03-03T01:54:15.610+0530] {processor.py:840} INFO - DAG(s) 'example_xcom' retrieved from /home/akranth/airflow/airflow_env/lib/python3.11/site-packages/airflow/example_dags/example_xcom.py
[2024-03-03T01:54:15.627+0530] {logging_mixin.py:188} INFO - [2024-03-03T01:54:15.626+0530] {dag.py:3047} INFO - Sync 1 DAGs
[2024-03-03T01:54:15.645+0530] {logging_mixin.py:188} INFO - [2024-03-03T01:54:15.645+0530] {dag.py:3834} INFO - Setting next_dagrun for example_xcom to 2021-01-01 00:00:00+00:00, run_after=2021-01-01 00:00:00+00:00
[2024-03-03T01:54:15.758+0530] {processor.py:183} INFO - Processing /home/akranth/airflow/airflow_env/lib/python3.11/site-packages/airflow/example_dags/example_xcom.py took 0.178 seconds
[2024-03-03T01:55:25.369+0530] {processor.py:161} INFO - Started process (PID=7305) to work on /home/akranth/airflow/airflow_env/lib/python3.11/site-packages/airflow/example_dags/example_xcom.py
[2024-03-03T01:55:25.383+0530] {processor.py:830} INFO - Processing file /home/akranth/airflow/airflow_env/lib/python3.11/site-packages/airflow/example_dags/example_xcom.py for tasks to queue
[2024-03-03T01:55:25.383+0530] {logging_mixin.py:188} INFO - [2024-03-03T01:55:25.383+0530] {dagbag.py:540} INFO - Filling up the DagBag from /home/akranth/airflow/airflow_env/lib/python3.11/site-packages/airflow/example_dags/example_xcom.py
[2024-03-03T01:55:25.390+0530] {processor.py:840} INFO - DAG(s) 'example_xcom' retrieved from /home/akranth/airflow/airflow_env/lib/python3.11/site-packages/airflow/example_dags/example_xcom.py
[2024-03-03T01:55:25.404+0530] {logging_mixin.py:188} INFO - [2024-03-03T01:55:25.404+0530] {dag.py:3047} INFO - Sync 1 DAGs
[2024-03-03T01:55:25.419+0530] {logging_mixin.py:188} INFO - [2024-03-03T01:55:25.419+0530] {dag.py:3834} INFO - Setting next_dagrun for example_xcom to 2021-01-01 00:00:00+00:00, run_after=2021-01-01 00:00:00+00:00
[2024-03-03T01:55:25.537+0530] {processor.py:183} INFO - Processing /home/akranth/airflow/airflow_env/lib/python3.11/site-packages/airflow/example_dags/example_xcom.py took 0.170 seconds
