[2024-03-03T01:48:38.872+0530] {processor.py:161} INFO - Started process (PID=6584) to work on /home/akranth/airflow/airflow_env/lib/python3.11/site-packages/airflow/example_dags/example_sensors.py
[2024-03-03T01:48:38.872+0530] {processor.py:830} INFO - Processing file /home/akranth/airflow/airflow_env/lib/python3.11/site-packages/airflow/example_dags/example_sensors.py for tasks to queue
[2024-03-03T01:48:38.873+0530] {logging_mixin.py:188} INFO - [2024-03-03T01:48:38.873+0530] {dagbag.py:540} INFO - Filling up the DagBag from /home/akranth/airflow/airflow_env/lib/python3.11/site-packages/airflow/example_dags/example_sensors.py
[2024-03-03T01:48:38.882+0530] {processor.py:840} INFO - DAG(s) 'example_sensors' retrieved from /home/akranth/airflow/airflow_env/lib/python3.11/site-packages/airflow/example_dags/example_sensors.py
[2024-03-03T01:48:38.959+0530] {logging_mixin.py:188} INFO - [2024-03-03T01:48:38.959+0530] {dag.py:3047} INFO - Sync 1 DAGs
[2024-03-03T01:48:39.039+0530] {logging_mixin.py:188} INFO - [2024-03-03T01:48:39.039+0530] {dag.py:3834} INFO - Setting next_dagrun for example_sensors to None, run_after=None
[2024-03-03T01:48:39.213+0530] {processor.py:183} INFO - Processing /home/akranth/airflow/airflow_env/lib/python3.11/site-packages/airflow/example_dags/example_sensors.py took 0.343 seconds
[2024-03-03T01:49:42.807+0530] {processor.py:161} INFO - Started process (PID=6756) to work on /home/akranth/airflow/airflow_env/lib/python3.11/site-packages/airflow/example_dags/example_sensors.py
[2024-03-03T01:49:42.817+0530] {processor.py:830} INFO - Processing file /home/akranth/airflow/airflow_env/lib/python3.11/site-packages/airflow/example_dags/example_sensors.py for tasks to queue
[2024-03-03T01:49:42.818+0530] {logging_mixin.py:188} INFO - [2024-03-03T01:49:42.818+0530] {dagbag.py:540} INFO - Filling up the DagBag from /home/akranth/airflow/airflow_env/lib/python3.11/site-packages/airflow/example_dags/example_sensors.py
[2024-03-03T01:49:42.826+0530] {processor.py:840} INFO - DAG(s) 'example_sensors' retrieved from /home/akranth/airflow/airflow_env/lib/python3.11/site-packages/airflow/example_dags/example_sensors.py
[2024-03-03T01:49:42.841+0530] {logging_mixin.py:188} INFO - [2024-03-03T01:49:42.841+0530] {dag.py:3047} INFO - Sync 1 DAGs
[2024-03-03T01:49:42.929+0530] {logging_mixin.py:188} INFO - [2024-03-03T01:49:42.929+0530] {dag.py:3834} INFO - Setting next_dagrun for example_sensors to None, run_after=None
[2024-03-03T01:49:43.046+0530] {processor.py:183} INFO - Processing /home/akranth/airflow/airflow_env/lib/python3.11/site-packages/airflow/example_dags/example_sensors.py took 0.240 seconds
[2024-03-03T01:50:48.551+0530] {processor.py:161} INFO - Started process (PID=6867) to work on /home/akranth/airflow/airflow_env/lib/python3.11/site-packages/airflow/example_dags/example_sensors.py
[2024-03-03T01:50:48.589+0530] {processor.py:830} INFO - Processing file /home/akranth/airflow/airflow_env/lib/python3.11/site-packages/airflow/example_dags/example_sensors.py for tasks to queue
[2024-03-03T01:50:48.592+0530] {logging_mixin.py:188} INFO - [2024-03-03T01:50:48.591+0530] {dagbag.py:540} INFO - Filling up the DagBag from /home/akranth/airflow/airflow_env/lib/python3.11/site-packages/airflow/example_dags/example_sensors.py
[2024-03-03T01:50:48.611+0530] {processor.py:840} INFO - DAG(s) 'example_sensors' retrieved from /home/akranth/airflow/airflow_env/lib/python3.11/site-packages/airflow/example_dags/example_sensors.py
[2024-03-03T01:50:48.635+0530] {logging_mixin.py:188} INFO - [2024-03-03T01:50:48.635+0530] {dag.py:3047} INFO - Sync 1 DAGs
[2024-03-03T01:50:48.649+0530] {logging_mixin.py:188} INFO - [2024-03-03T01:50:48.648+0530] {dag.py:3834} INFO - Setting next_dagrun for example_sensors to None, run_after=None
[2024-03-03T01:50:48.796+0530] {processor.py:183} INFO - Processing /home/akranth/airflow/airflow_env/lib/python3.11/site-packages/airflow/example_dags/example_sensors.py took 0.248 seconds
[2024-03-03T01:51:51.126+0530] {processor.py:161} INFO - Started process (PID=7021) to work on /home/akranth/airflow/airflow_env/lib/python3.11/site-packages/airflow/example_dags/example_sensors.py
[2024-03-03T01:51:51.205+0530] {processor.py:830} INFO - Processing file /home/akranth/airflow/airflow_env/lib/python3.11/site-packages/airflow/example_dags/example_sensors.py for tasks to queue
[2024-03-03T01:51:51.207+0530] {logging_mixin.py:188} INFO - [2024-03-03T01:51:51.206+0530] {dagbag.py:540} INFO - Filling up the DagBag from /home/akranth/airflow/airflow_env/lib/python3.11/site-packages/airflow/example_dags/example_sensors.py
[2024-03-03T01:51:51.230+0530] {processor.py:840} INFO - DAG(s) 'example_sensors' retrieved from /home/akranth/airflow/airflow_env/lib/python3.11/site-packages/airflow/example_dags/example_sensors.py
[2024-03-03T01:51:51.255+0530] {logging_mixin.py:188} INFO - [2024-03-03T01:51:51.255+0530] {dag.py:3047} INFO - Sync 1 DAGs
[2024-03-03T01:51:51.263+0530] {logging_mixin.py:188} INFO - [2024-03-03T01:51:51.263+0530] {dag.py:3834} INFO - Setting next_dagrun for example_sensors to None, run_after=None
[2024-03-03T01:51:51.375+0530] {processor.py:183} INFO - Processing /home/akranth/airflow/airflow_env/lib/python3.11/site-packages/airflow/example_dags/example_sensors.py took 0.251 seconds
[2024-03-03T01:52:53.164+0530] {processor.py:161} INFO - Started process (PID=7152) to work on /home/akranth/airflow/airflow_env/lib/python3.11/site-packages/airflow/example_dags/example_sensors.py
[2024-03-03T01:52:53.255+0530] {processor.py:830} INFO - Processing file /home/akranth/airflow/airflow_env/lib/python3.11/site-packages/airflow/example_dags/example_sensors.py for tasks to queue
[2024-03-03T01:52:53.257+0530] {logging_mixin.py:188} INFO - [2024-03-03T01:52:53.256+0530] {dagbag.py:540} INFO - Filling up the DagBag from /home/akranth/airflow/airflow_env/lib/python3.11/site-packages/airflow/example_dags/example_sensors.py
[2024-03-03T01:52:53.281+0530] {processor.py:840} INFO - DAG(s) 'example_sensors' retrieved from /home/akranth/airflow/airflow_env/lib/python3.11/site-packages/airflow/example_dags/example_sensors.py
[2024-03-03T01:52:53.307+0530] {logging_mixin.py:188} INFO - [2024-03-03T01:52:53.306+0530] {dag.py:3047} INFO - Sync 1 DAGs
[2024-03-03T01:52:53.315+0530] {logging_mixin.py:188} INFO - [2024-03-03T01:52:53.315+0530] {dag.py:3834} INFO - Setting next_dagrun for example_sensors to None, run_after=None
[2024-03-03T01:52:53.431+0530] {processor.py:183} INFO - Processing /home/akranth/airflow/airflow_env/lib/python3.11/site-packages/airflow/example_dags/example_sensors.py took 0.272 seconds
[2024-03-03T01:54:07.194+0530] {processor.py:161} INFO - Started process (PID=7232) to work on /home/akranth/airflow/airflow_env/lib/python3.11/site-packages/airflow/example_dags/example_sensors.py
[2024-03-03T01:54:07.277+0530] {processor.py:830} INFO - Processing file /home/akranth/airflow/airflow_env/lib/python3.11/site-packages/airflow/example_dags/example_sensors.py for tasks to queue
[2024-03-03T01:54:07.278+0530] {logging_mixin.py:188} INFO - [2024-03-03T01:54:07.278+0530] {dagbag.py:540} INFO - Filling up the DagBag from /home/akranth/airflow/airflow_env/lib/python3.11/site-packages/airflow/example_dags/example_sensors.py
[2024-03-03T01:54:07.289+0530] {processor.py:840} INFO - DAG(s) 'example_sensors' retrieved from /home/akranth/airflow/airflow_env/lib/python3.11/site-packages/airflow/example_dags/example_sensors.py
[2024-03-03T01:54:07.311+0530] {logging_mixin.py:188} INFO - [2024-03-03T01:54:07.311+0530] {dag.py:3047} INFO - Sync 1 DAGs
[2024-03-03T01:54:07.321+0530] {logging_mixin.py:188} INFO - [2024-03-03T01:54:07.320+0530] {dag.py:3834} INFO - Setting next_dagrun for example_sensors to None, run_after=None
[2024-03-03T01:54:07.434+0530] {processor.py:183} INFO - Processing /home/akranth/airflow/airflow_env/lib/python3.11/site-packages/airflow/example_dags/example_sensors.py took 0.243 seconds
[2024-03-03T01:55:16.009+0530] {processor.py:161} INFO - Started process (PID=7296) to work on /home/akranth/airflow/airflow_env/lib/python3.11/site-packages/airflow/example_dags/example_sensors.py
[2024-03-03T01:55:16.092+0530] {processor.py:830} INFO - Processing file /home/akranth/airflow/airflow_env/lib/python3.11/site-packages/airflow/example_dags/example_sensors.py for tasks to queue
[2024-03-03T01:55:16.094+0530] {logging_mixin.py:188} INFO - [2024-03-03T01:55:16.093+0530] {dagbag.py:540} INFO - Filling up the DagBag from /home/akranth/airflow/airflow_env/lib/python3.11/site-packages/airflow/example_dags/example_sensors.py
[2024-03-03T01:55:16.103+0530] {processor.py:840} INFO - DAG(s) 'example_sensors' retrieved from /home/akranth/airflow/airflow_env/lib/python3.11/site-packages/airflow/example_dags/example_sensors.py
[2024-03-03T01:55:16.117+0530] {logging_mixin.py:188} INFO - [2024-03-03T01:55:16.117+0530] {dag.py:3047} INFO - Sync 1 DAGs
[2024-03-03T01:55:16.125+0530] {logging_mixin.py:188} INFO - [2024-03-03T01:55:16.125+0530] {dag.py:3834} INFO - Setting next_dagrun for example_sensors to None, run_after=None
[2024-03-03T01:55:16.241+0530] {processor.py:183} INFO - Processing /home/akranth/airflow/airflow_env/lib/python3.11/site-packages/airflow/example_dags/example_sensors.py took 0.234 seconds
