[2024-03-03T01:48:49.985+0530] {processor.py:161} INFO - Started process (PID=6593) to work on /home/akranth/airflow/airflow_env/lib/python3.11/site-packages/airflow/example_dags/example_task_group.py
[2024-03-03T01:48:49.985+0530] {processor.py:830} INFO - Processing file /home/akranth/airflow/airflow_env/lib/python3.11/site-packages/airflow/example_dags/example_task_group.py for tasks to queue
[2024-03-03T01:48:49.986+0530] {logging_mixin.py:188} INFO - [2024-03-03T01:48:49.986+0530] {dagbag.py:540} INFO - Filling up the DagBag from /home/akranth/airflow/airflow_env/lib/python3.11/site-packages/airflow/example_dags/example_task_group.py
[2024-03-03T01:48:49.994+0530] {processor.py:840} INFO - DAG(s) 'example_task_group' retrieved from /home/akranth/airflow/airflow_env/lib/python3.11/site-packages/airflow/example_dags/example_task_group.py
[2024-03-03T01:48:50.151+0530] {logging_mixin.py:188} INFO - [2024-03-03T01:48:50.150+0530] {dag.py:3047} INFO - Sync 1 DAGs
[2024-03-03T01:48:50.162+0530] {logging_mixin.py:188} INFO - [2024-03-03T01:48:50.162+0530] {dag.py:3834} INFO - Setting next_dagrun for example_task_group to 2024-03-01 00:00:00+00:00, run_after=2024-03-02 00:00:00+00:00
[2024-03-03T01:48:50.343+0530] {processor.py:183} INFO - Processing /home/akranth/airflow/airflow_env/lib/python3.11/site-packages/airflow/example_dags/example_task_group.py took 0.360 seconds
[2024-03-03T01:49:53.767+0530] {processor.py:161} INFO - Started process (PID=6769) to work on /home/akranth/airflow/airflow_env/lib/python3.11/site-packages/airflow/example_dags/example_task_group.py
[2024-03-03T01:49:53.767+0530] {processor.py:830} INFO - Processing file /home/akranth/airflow/airflow_env/lib/python3.11/site-packages/airflow/example_dags/example_task_group.py for tasks to queue
[2024-03-03T01:49:53.768+0530] {logging_mixin.py:188} INFO - [2024-03-03T01:49:53.768+0530] {dagbag.py:540} INFO - Filling up the DagBag from /home/akranth/airflow/airflow_env/lib/python3.11/site-packages/airflow/example_dags/example_task_group.py
[2024-03-03T01:49:53.774+0530] {processor.py:840} INFO - DAG(s) 'example_task_group' retrieved from /home/akranth/airflow/airflow_env/lib/python3.11/site-packages/airflow/example_dags/example_task_group.py
[2024-03-03T01:49:53.863+0530] {logging_mixin.py:188} INFO - [2024-03-03T01:49:53.863+0530] {dag.py:3047} INFO - Sync 1 DAGs
[2024-03-03T01:49:53.877+0530] {logging_mixin.py:188} INFO - [2024-03-03T01:49:53.876+0530] {dag.py:3834} INFO - Setting next_dagrun for example_task_group to 2024-03-01 00:00:00+00:00, run_after=2024-03-02 00:00:00+00:00
[2024-03-03T01:49:53.981+0530] {processor.py:183} INFO - Processing /home/akranth/airflow/airflow_env/lib/python3.11/site-packages/airflow/example_dags/example_task_group.py took 0.216 seconds
[2024-03-03T01:50:59.129+0530] {processor.py:161} INFO - Started process (PID=6928) to work on /home/akranth/airflow/airflow_env/lib/python3.11/site-packages/airflow/example_dags/example_task_group.py
[2024-03-03T01:50:59.204+0530] {processor.py:830} INFO - Processing file /home/akranth/airflow/airflow_env/lib/python3.11/site-packages/airflow/example_dags/example_task_group.py for tasks to queue
[2024-03-03T01:50:59.206+0530] {logging_mixin.py:188} INFO - [2024-03-03T01:50:59.205+0530] {dagbag.py:540} INFO - Filling up the DagBag from /home/akranth/airflow/airflow_env/lib/python3.11/site-packages/airflow/example_dags/example_task_group.py
[2024-03-03T01:50:59.226+0530] {processor.py:840} INFO - DAG(s) 'example_task_group' retrieved from /home/akranth/airflow/airflow_env/lib/python3.11/site-packages/airflow/example_dags/example_task_group.py
[2024-03-03T01:50:59.255+0530] {logging_mixin.py:188} INFO - [2024-03-03T01:50:59.255+0530] {dag.py:3047} INFO - Sync 1 DAGs
[2024-03-03T01:50:59.271+0530] {logging_mixin.py:188} INFO - [2024-03-03T01:50:59.271+0530] {dag.py:3834} INFO - Setting next_dagrun for example_task_group to 2024-03-01 00:00:00+00:00, run_after=2024-03-02 00:00:00+00:00
[2024-03-03T01:50:59.363+0530] {processor.py:183} INFO - Processing /home/akranth/airflow/airflow_env/lib/python3.11/site-packages/airflow/example_dags/example_task_group.py took 0.235 seconds
[2024-03-03T01:52:01.502+0530] {processor.py:161} INFO - Started process (PID=7044) to work on /home/akranth/airflow/airflow_env/lib/python3.11/site-packages/airflow/example_dags/example_task_group.py
[2024-03-03T01:52:01.585+0530] {processor.py:830} INFO - Processing file /home/akranth/airflow/airflow_env/lib/python3.11/site-packages/airflow/example_dags/example_task_group.py for tasks to queue
[2024-03-03T01:52:01.587+0530] {logging_mixin.py:188} INFO - [2024-03-03T01:52:01.586+0530] {dagbag.py:540} INFO - Filling up the DagBag from /home/akranth/airflow/airflow_env/lib/python3.11/site-packages/airflow/example_dags/example_task_group.py
[2024-03-03T01:52:01.607+0530] {processor.py:840} INFO - DAG(s) 'example_task_group' retrieved from /home/akranth/airflow/airflow_env/lib/python3.11/site-packages/airflow/example_dags/example_task_group.py
[2024-03-03T01:52:01.631+0530] {logging_mixin.py:188} INFO - [2024-03-03T01:52:01.631+0530] {dag.py:3047} INFO - Sync 1 DAGs
[2024-03-03T01:52:01.646+0530] {logging_mixin.py:188} INFO - [2024-03-03T01:52:01.646+0530] {dag.py:3834} INFO - Setting next_dagrun for example_task_group to 2024-03-01 00:00:00+00:00, run_after=2024-03-02 00:00:00+00:00
[2024-03-03T01:52:01.781+0530] {processor.py:183} INFO - Processing /home/akranth/airflow/airflow_env/lib/python3.11/site-packages/airflow/example_dags/example_task_group.py took 0.281 seconds
[2024-03-03T01:53:03.534+0530] {processor.py:161} INFO - Started process (PID=7165) to work on /home/akranth/airflow/airflow_env/lib/python3.11/site-packages/airflow/example_dags/example_task_group.py
[2024-03-03T01:53:03.544+0530] {processor.py:830} INFO - Processing file /home/akranth/airflow/airflow_env/lib/python3.11/site-packages/airflow/example_dags/example_task_group.py for tasks to queue
[2024-03-03T01:53:03.547+0530] {logging_mixin.py:188} INFO - [2024-03-03T01:53:03.546+0530] {dagbag.py:540} INFO - Filling up the DagBag from /home/akranth/airflow/airflow_env/lib/python3.11/site-packages/airflow/example_dags/example_task_group.py
[2024-03-03T01:53:03.565+0530] {processor.py:840} INFO - DAG(s) 'example_task_group' retrieved from /home/akranth/airflow/airflow_env/lib/python3.11/site-packages/airflow/example_dags/example_task_group.py
[2024-03-03T01:53:03.584+0530] {logging_mixin.py:188} INFO - [2024-03-03T01:53:03.584+0530] {dag.py:3047} INFO - Sync 1 DAGs
[2024-03-03T01:53:03.599+0530] {logging_mixin.py:188} INFO - [2024-03-03T01:53:03.598+0530] {dag.py:3834} INFO - Setting next_dagrun for example_task_group to 2024-03-01 00:00:00+00:00, run_after=2024-03-02 00:00:00+00:00
[2024-03-03T01:53:03.697+0530] {processor.py:183} INFO - Processing /home/akranth/airflow/airflow_env/lib/python3.11/site-packages/airflow/example_dags/example_task_group.py took 0.169 seconds
[2024-03-03T01:54:18.027+0530] {processor.py:161} INFO - Started process (PID=7242) to work on /home/akranth/airflow/airflow_env/lib/python3.11/site-packages/airflow/example_dags/example_task_group.py
[2024-03-03T01:54:18.099+0530] {processor.py:830} INFO - Processing file /home/akranth/airflow/airflow_env/lib/python3.11/site-packages/airflow/example_dags/example_task_group.py for tasks to queue
[2024-03-03T01:54:18.100+0530] {logging_mixin.py:188} INFO - [2024-03-03T01:54:18.100+0530] {dagbag.py:540} INFO - Filling up the DagBag from /home/akranth/airflow/airflow_env/lib/python3.11/site-packages/airflow/example_dags/example_task_group.py
[2024-03-03T01:54:18.106+0530] {processor.py:840} INFO - DAG(s) 'example_task_group' retrieved from /home/akranth/airflow/airflow_env/lib/python3.11/site-packages/airflow/example_dags/example_task_group.py
[2024-03-03T01:54:18.118+0530] {logging_mixin.py:188} INFO - [2024-03-03T01:54:18.118+0530] {dag.py:3047} INFO - Sync 1 DAGs
[2024-03-03T01:54:18.133+0530] {logging_mixin.py:188} INFO - [2024-03-03T01:54:18.133+0530] {dag.py:3834} INFO - Setting next_dagrun for example_task_group to 2024-03-01 00:00:00+00:00, run_after=2024-03-02 00:00:00+00:00
[2024-03-03T01:54:18.226+0530] {processor.py:183} INFO - Processing /home/akranth/airflow/airflow_env/lib/python3.11/site-packages/airflow/example_dags/example_task_group.py took 0.201 seconds
[2024-03-03T01:55:27.810+0530] {processor.py:161} INFO - Started process (PID=7308) to work on /home/akranth/airflow/airflow_env/lib/python3.11/site-packages/airflow/example_dags/example_task_group.py
[2024-03-03T01:55:27.813+0530] {processor.py:830} INFO - Processing file /home/akranth/airflow/airflow_env/lib/python3.11/site-packages/airflow/example_dags/example_task_group.py for tasks to queue
[2024-03-03T01:55:27.814+0530] {logging_mixin.py:188} INFO - [2024-03-03T01:55:27.814+0530] {dagbag.py:540} INFO - Filling up the DagBag from /home/akranth/airflow/airflow_env/lib/python3.11/site-packages/airflow/example_dags/example_task_group.py
[2024-03-03T01:55:27.823+0530] {processor.py:840} INFO - DAG(s) 'example_task_group' retrieved from /home/akranth/airflow/airflow_env/lib/python3.11/site-packages/airflow/example_dags/example_task_group.py
[2024-03-03T01:55:27.841+0530] {logging_mixin.py:188} INFO - [2024-03-03T01:55:27.841+0530] {dag.py:3047} INFO - Sync 1 DAGs
[2024-03-03T01:55:27.861+0530] {logging_mixin.py:188} INFO - [2024-03-03T01:55:27.860+0530] {dag.py:3834} INFO - Setting next_dagrun for example_task_group to 2024-03-01 00:00:00+00:00, run_after=2024-03-02 00:00:00+00:00
[2024-03-03T01:55:28.030+0530] {processor.py:183} INFO - Processing /home/akranth/airflow/airflow_env/lib/python3.11/site-packages/airflow/example_dags/example_task_group.py took 0.222 seconds
