[2024-03-03T01:49:12.391+0530] {processor.py:161} INFO - Started process (PID=6688) to work on /home/akranth/airflow/airflow_env/lib/python3.11/site-packages/airflow/example_dags/example_datasets.py
[2024-03-03T01:49:12.393+0530] {processor.py:830} INFO - Processing file /home/akranth/airflow/airflow_env/lib/python3.11/site-packages/airflow/example_dags/example_datasets.py for tasks to queue
[2024-03-03T01:49:12.395+0530] {logging_mixin.py:188} INFO - [2024-03-03T01:49:12.394+0530] {dagbag.py:540} INFO - Filling up the DagBag from /home/akranth/airflow/airflow_env/lib/python3.11/site-packages/airflow/example_dags/example_datasets.py
[2024-03-03T01:49:12.415+0530] {processor.py:840} INFO - DAG(s) 'dataset_consumes_1_and_2', 'dataset_consumes_1', 'dataset_consumes_1_never_scheduled', 'dataset_produces_1', 'dataset_consumes_unknown_never_scheduled', 'dataset_produces_2' retrieved from /home/akranth/airflow/airflow_env/lib/python3.11/site-packages/airflow/example_dags/example_datasets.py
[2024-03-03T01:49:12.586+0530] {logging_mixin.py:188} INFO - [2024-03-03T01:49:12.586+0530] {dag.py:3047} INFO - Sync 6 DAGs
[2024-03-03T01:49:12.599+0530] {logging_mixin.py:188} INFO - [2024-03-03T01:49:12.598+0530] {dag.py:3834} INFO - Setting next_dagrun for dataset_consumes_1 to None, run_after=None
[2024-03-03T01:49:12.600+0530] {logging_mixin.py:188} INFO - [2024-03-03T01:49:12.600+0530] {dag.py:3834} INFO - Setting next_dagrun for dataset_consumes_1_and_2 to None, run_after=None
[2024-03-03T01:49:12.601+0530] {logging_mixin.py:188} INFO - [2024-03-03T01:49:12.601+0530] {dag.py:3834} INFO - Setting next_dagrun for dataset_consumes_1_never_scheduled to None, run_after=None
[2024-03-03T01:49:12.601+0530] {logging_mixin.py:188} INFO - [2024-03-03T01:49:12.601+0530] {dag.py:3834} INFO - Setting next_dagrun for dataset_consumes_unknown_never_scheduled to None, run_after=None
[2024-03-03T01:49:12.603+0530] {logging_mixin.py:188} INFO - [2024-03-03T01:49:12.603+0530] {dag.py:3834} INFO - Setting next_dagrun for dataset_produces_1 to 2024-03-01 00:00:00+00:00, run_after=2024-03-02 00:00:00+00:00
[2024-03-03T01:49:12.604+0530] {logging_mixin.py:188} INFO - [2024-03-03T01:49:12.604+0530] {dag.py:3834} INFO - Setting next_dagrun for dataset_produces_2 to None, run_after=None
[2024-03-03T01:49:12.783+0530] {processor.py:183} INFO - Processing /home/akranth/airflow/airflow_env/lib/python3.11/site-packages/airflow/example_dags/example_datasets.py took 0.398 seconds
[2024-03-03T01:50:18.586+0530] {processor.py:161} INFO - Started process (PID=6797) to work on /home/akranth/airflow/airflow_env/lib/python3.11/site-packages/airflow/example_dags/example_datasets.py
[2024-03-03T01:50:18.587+0530] {processor.py:830} INFO - Processing file /home/akranth/airflow/airflow_env/lib/python3.11/site-packages/airflow/example_dags/example_datasets.py for tasks to queue
[2024-03-03T01:50:18.588+0530] {logging_mixin.py:188} INFO - [2024-03-03T01:50:18.587+0530] {dagbag.py:540} INFO - Filling up the DagBag from /home/akranth/airflow/airflow_env/lib/python3.11/site-packages/airflow/example_dags/example_datasets.py
[2024-03-03T01:50:18.670+0530] {processor.py:840} INFO - DAG(s) 'dataset_consumes_1_and_2', 'dataset_consumes_unknown_never_scheduled', 'dataset_produces_1', 'dataset_consumes_1_never_scheduled', 'dataset_consumes_1', 'dataset_produces_2' retrieved from /home/akranth/airflow/airflow_env/lib/python3.11/site-packages/airflow/example_dags/example_datasets.py
[2024-03-03T01:50:18.687+0530] {logging_mixin.py:188} INFO - [2024-03-03T01:50:18.687+0530] {dag.py:3047} INFO - Sync 6 DAGs
[2024-03-03T01:50:18.700+0530] {logging_mixin.py:188} INFO - [2024-03-03T01:50:18.700+0530] {dag.py:3834} INFO - Setting next_dagrun for dataset_consumes_1 to None, run_after=None
[2024-03-03T01:50:18.702+0530] {logging_mixin.py:188} INFO - [2024-03-03T01:50:18.702+0530] {dag.py:3834} INFO - Setting next_dagrun for dataset_consumes_1_and_2 to None, run_after=None
[2024-03-03T01:50:18.703+0530] {logging_mixin.py:188} INFO - [2024-03-03T01:50:18.702+0530] {dag.py:3834} INFO - Setting next_dagrun for dataset_consumes_1_never_scheduled to None, run_after=None
[2024-03-03T01:50:18.703+0530] {logging_mixin.py:188} INFO - [2024-03-03T01:50:18.703+0530] {dag.py:3834} INFO - Setting next_dagrun for dataset_consumes_unknown_never_scheduled to None, run_after=None
[2024-03-03T01:50:18.705+0530] {logging_mixin.py:188} INFO - [2024-03-03T01:50:18.705+0530] {dag.py:3834} INFO - Setting next_dagrun for dataset_produces_1 to 2024-03-01 00:00:00+00:00, run_after=2024-03-02 00:00:00+00:00
[2024-03-03T01:50:18.706+0530] {logging_mixin.py:188} INFO - [2024-03-03T01:50:18.706+0530] {dag.py:3834} INFO - Setting next_dagrun for dataset_produces_2 to None, run_after=None
[2024-03-03T01:50:18.888+0530] {processor.py:183} INFO - Processing /home/akranth/airflow/airflow_env/lib/python3.11/site-packages/airflow/example_dags/example_datasets.py took 0.304 seconds
[2024-03-03T01:51:22.908+0530] {processor.py:161} INFO - Started process (PID=6996) to work on /home/akranth/airflow/airflow_env/lib/python3.11/site-packages/airflow/example_dags/example_datasets.py
[2024-03-03T01:51:22.910+0530] {processor.py:830} INFO - Processing file /home/akranth/airflow/airflow_env/lib/python3.11/site-packages/airflow/example_dags/example_datasets.py for tasks to queue
[2024-03-03T01:51:22.912+0530] {logging_mixin.py:188} INFO - [2024-03-03T01:51:22.911+0530] {dagbag.py:540} INFO - Filling up the DagBag from /home/akranth/airflow/airflow_env/lib/python3.11/site-packages/airflow/example_dags/example_datasets.py
[2024-03-03T01:51:22.933+0530] {processor.py:840} INFO - DAG(s) 'dataset_produces_1', 'dataset_consumes_1', 'dataset_consumes_1_never_scheduled', 'dataset_consumes_unknown_never_scheduled', 'dataset_produces_2', 'dataset_consumes_1_and_2' retrieved from /home/akranth/airflow/airflow_env/lib/python3.11/site-packages/airflow/example_dags/example_datasets.py
[2024-03-03T01:51:22.957+0530] {logging_mixin.py:188} INFO - [2024-03-03T01:51:22.957+0530] {dag.py:3047} INFO - Sync 6 DAGs
[2024-03-03T01:51:22.973+0530] {logging_mixin.py:188} INFO - [2024-03-03T01:51:22.973+0530] {dag.py:3834} INFO - Setting next_dagrun for dataset_consumes_1 to None, run_after=None
[2024-03-03T01:51:22.976+0530] {logging_mixin.py:188} INFO - [2024-03-03T01:51:22.976+0530] {dag.py:3834} INFO - Setting next_dagrun for dataset_consumes_1_and_2 to None, run_after=None
[2024-03-03T01:51:22.977+0530] {logging_mixin.py:188} INFO - [2024-03-03T01:51:22.977+0530] {dag.py:3834} INFO - Setting next_dagrun for dataset_consumes_1_never_scheduled to None, run_after=None
[2024-03-03T01:51:22.978+0530] {logging_mixin.py:188} INFO - [2024-03-03T01:51:22.978+0530] {dag.py:3834} INFO - Setting next_dagrun for dataset_consumes_unknown_never_scheduled to None, run_after=None
[2024-03-03T01:51:22.980+0530] {logging_mixin.py:188} INFO - [2024-03-03T01:51:22.980+0530] {dag.py:3834} INFO - Setting next_dagrun for dataset_produces_1 to 2024-03-01 00:00:00+00:00, run_after=2024-03-02 00:00:00+00:00
[2024-03-03T01:51:22.981+0530] {logging_mixin.py:188} INFO - [2024-03-03T01:51:22.981+0530] {dag.py:3834} INFO - Setting next_dagrun for dataset_produces_2 to None, run_after=None
[2024-03-03T01:51:23.181+0530] {processor.py:183} INFO - Processing /home/akranth/airflow/airflow_env/lib/python3.11/site-packages/airflow/example_dags/example_datasets.py took 0.279 seconds
[2024-03-03T01:52:27.057+0530] {processor.py:161} INFO - Started process (PID=7126) to work on /home/akranth/airflow/airflow_env/lib/python3.11/site-packages/airflow/example_dags/example_datasets.py
[2024-03-03T01:52:27.148+0530] {processor.py:830} INFO - Processing file /home/akranth/airflow/airflow_env/lib/python3.11/site-packages/airflow/example_dags/example_datasets.py for tasks to queue
[2024-03-03T01:52:27.151+0530] {logging_mixin.py:188} INFO - [2024-03-03T01:52:27.150+0530] {dagbag.py:540} INFO - Filling up the DagBag from /home/akranth/airflow/airflow_env/lib/python3.11/site-packages/airflow/example_dags/example_datasets.py
[2024-03-03T01:52:27.176+0530] {processor.py:840} INFO - DAG(s) 'dataset_consumes_1_and_2', 'dataset_consumes_1_never_scheduled', 'dataset_produces_1', 'dataset_consumes_1', 'dataset_produces_2', 'dataset_consumes_unknown_never_scheduled' retrieved from /home/akranth/airflow/airflow_env/lib/python3.11/site-packages/airflow/example_dags/example_datasets.py
[2024-03-03T01:52:27.206+0530] {logging_mixin.py:188} INFO - [2024-03-03T01:52:27.205+0530] {dag.py:3047} INFO - Sync 6 DAGs
[2024-03-03T01:52:27.223+0530] {logging_mixin.py:188} INFO - [2024-03-03T01:52:27.223+0530] {dag.py:3834} INFO - Setting next_dagrun for dataset_consumes_1 to None, run_after=None
[2024-03-03T01:52:27.225+0530] {logging_mixin.py:188} INFO - [2024-03-03T01:52:27.225+0530] {dag.py:3834} INFO - Setting next_dagrun for dataset_consumes_1_and_2 to None, run_after=None
[2024-03-03T01:52:27.226+0530] {logging_mixin.py:188} INFO - [2024-03-03T01:52:27.226+0530] {dag.py:3834} INFO - Setting next_dagrun for dataset_consumes_1_never_scheduled to None, run_after=None
[2024-03-03T01:52:27.226+0530] {logging_mixin.py:188} INFO - [2024-03-03T01:52:27.226+0530] {dag.py:3834} INFO - Setting next_dagrun for dataset_consumes_unknown_never_scheduled to None, run_after=None
[2024-03-03T01:52:27.228+0530] {logging_mixin.py:188} INFO - [2024-03-03T01:52:27.228+0530] {dag.py:3834} INFO - Setting next_dagrun for dataset_produces_1 to 2024-03-01 00:00:00+00:00, run_after=2024-03-02 00:00:00+00:00
[2024-03-03T01:52:27.229+0530] {logging_mixin.py:188} INFO - [2024-03-03T01:52:27.229+0530] {dag.py:3834} INFO - Setting next_dagrun for dataset_produces_2 to None, run_after=None
[2024-03-03T01:52:27.346+0530] {processor.py:183} INFO - Processing /home/akranth/airflow/airflow_env/lib/python3.11/site-packages/airflow/example_dags/example_datasets.py took 0.292 seconds
[2024-03-03T01:53:37.214+0530] {processor.py:161} INFO - Started process (PID=7204) to work on /home/akranth/airflow/airflow_env/lib/python3.11/site-packages/airflow/example_dags/example_datasets.py
[2024-03-03T01:53:37.294+0530] {processor.py:830} INFO - Processing file /home/akranth/airflow/airflow_env/lib/python3.11/site-packages/airflow/example_dags/example_datasets.py for tasks to queue
[2024-03-03T01:53:37.295+0530] {logging_mixin.py:188} INFO - [2024-03-03T01:53:37.295+0530] {dagbag.py:540} INFO - Filling up the DagBag from /home/akranth/airflow/airflow_env/lib/python3.11/site-packages/airflow/example_dags/example_datasets.py
[2024-03-03T01:53:37.302+0530] {processor.py:840} INFO - DAG(s) 'dataset_consumes_unknown_never_scheduled', 'dataset_consumes_1_never_scheduled', 'dataset_consumes_1_and_2', 'dataset_produces_2', 'dataset_produces_1', 'dataset_consumes_1' retrieved from /home/akranth/airflow/airflow_env/lib/python3.11/site-packages/airflow/example_dags/example_datasets.py
[2024-03-03T01:53:37.331+0530] {logging_mixin.py:188} INFO - [2024-03-03T01:53:37.331+0530] {dag.py:3047} INFO - Sync 6 DAGs
[2024-03-03T01:53:37.350+0530] {logging_mixin.py:188} INFO - [2024-03-03T01:53:37.350+0530] {dag.py:3834} INFO - Setting next_dagrun for dataset_consumes_1 to None, run_after=None
[2024-03-03T01:53:37.353+0530] {logging_mixin.py:188} INFO - [2024-03-03T01:53:37.352+0530] {dag.py:3834} INFO - Setting next_dagrun for dataset_consumes_1_and_2 to None, run_after=None
[2024-03-03T01:53:37.354+0530] {logging_mixin.py:188} INFO - [2024-03-03T01:53:37.354+0530] {dag.py:3834} INFO - Setting next_dagrun for dataset_consumes_1_never_scheduled to None, run_after=None
[2024-03-03T01:53:37.355+0530] {logging_mixin.py:188} INFO - [2024-03-03T01:53:37.355+0530] {dag.py:3834} INFO - Setting next_dagrun for dataset_consumes_unknown_never_scheduled to None, run_after=None
[2024-03-03T01:53:37.358+0530] {logging_mixin.py:188} INFO - [2024-03-03T01:53:37.358+0530] {dag.py:3834} INFO - Setting next_dagrun for dataset_produces_1 to 2024-03-01 00:00:00+00:00, run_after=2024-03-02 00:00:00+00:00
[2024-03-03T01:53:37.359+0530] {logging_mixin.py:188} INFO - [2024-03-03T01:53:37.359+0530] {dag.py:3834} INFO - Setting next_dagrun for dataset_produces_2 to None, run_after=None
[2024-03-03T01:53:37.460+0530] {processor.py:183} INFO - Processing /home/akranth/airflow/airflow_env/lib/python3.11/site-packages/airflow/example_dags/example_datasets.py took 0.247 seconds
[2024-03-03T01:54:46.697+0530] {processor.py:161} INFO - Started process (PID=7272) to work on /home/akranth/airflow/airflow_env/lib/python3.11/site-packages/airflow/example_dags/example_datasets.py
[2024-03-03T01:54:46.698+0530] {processor.py:830} INFO - Processing file /home/akranth/airflow/airflow_env/lib/python3.11/site-packages/airflow/example_dags/example_datasets.py for tasks to queue
[2024-03-03T01:54:46.698+0530] {logging_mixin.py:188} INFO - [2024-03-03T01:54:46.698+0530] {dagbag.py:540} INFO - Filling up the DagBag from /home/akranth/airflow/airflow_env/lib/python3.11/site-packages/airflow/example_dags/example_datasets.py
[2024-03-03T01:54:46.706+0530] {processor.py:840} INFO - DAG(s) 'dataset_consumes_unknown_never_scheduled', 'dataset_consumes_1', 'dataset_consumes_1_never_scheduled', 'dataset_produces_1', 'dataset_consumes_1_and_2', 'dataset_produces_2' retrieved from /home/akranth/airflow/airflow_env/lib/python3.11/site-packages/airflow/example_dags/example_datasets.py
[2024-03-03T01:54:46.725+0530] {logging_mixin.py:188} INFO - [2024-03-03T01:54:46.725+0530] {dag.py:3047} INFO - Sync 6 DAGs
[2024-03-03T01:54:46.740+0530] {logging_mixin.py:188} INFO - [2024-03-03T01:54:46.740+0530] {dag.py:3834} INFO - Setting next_dagrun for dataset_consumes_1 to None, run_after=None
[2024-03-03T01:54:46.742+0530] {logging_mixin.py:188} INFO - [2024-03-03T01:54:46.742+0530] {dag.py:3834} INFO - Setting next_dagrun for dataset_consumes_1_and_2 to None, run_after=None
[2024-03-03T01:54:46.743+0530] {logging_mixin.py:188} INFO - [2024-03-03T01:54:46.743+0530] {dag.py:3834} INFO - Setting next_dagrun for dataset_consumes_1_never_scheduled to None, run_after=None
[2024-03-03T01:54:46.744+0530] {logging_mixin.py:188} INFO - [2024-03-03T01:54:46.744+0530] {dag.py:3834} INFO - Setting next_dagrun for dataset_consumes_unknown_never_scheduled to None, run_after=None
[2024-03-03T01:54:46.746+0530] {logging_mixin.py:188} INFO - [2024-03-03T01:54:46.746+0530] {dag.py:3834} INFO - Setting next_dagrun for dataset_produces_1 to 2024-03-01 00:00:00+00:00, run_after=2024-03-02 00:00:00+00:00
[2024-03-03T01:54:46.746+0530] {logging_mixin.py:188} INFO - [2024-03-03T01:54:46.746+0530] {dag.py:3834} INFO - Setting next_dagrun for dataset_produces_2 to None, run_after=None
[2024-03-03T01:54:46.927+0530] {processor.py:183} INFO - Processing /home/akranth/airflow/airflow_env/lib/python3.11/site-packages/airflow/example_dags/example_datasets.py took 0.232 seconds
[2024-03-03T01:55:56.261+0530] {processor.py:161} INFO - Started process (PID=7343) to work on /home/akranth/airflow/airflow_env/lib/python3.11/site-packages/airflow/example_dags/example_datasets.py
[2024-03-03T01:55:56.337+0530] {processor.py:830} INFO - Processing file /home/akranth/airflow/airflow_env/lib/python3.11/site-packages/airflow/example_dags/example_datasets.py for tasks to queue
[2024-03-03T01:55:56.339+0530] {logging_mixin.py:188} INFO - [2024-03-03T01:55:56.339+0530] {dagbag.py:540} INFO - Filling up the DagBag from /home/akranth/airflow/airflow_env/lib/python3.11/site-packages/airflow/example_dags/example_datasets.py
[2024-03-03T01:55:56.365+0530] {processor.py:840} INFO - DAG(s) 'dataset_produces_2', 'dataset_produces_1', 'dataset_consumes_1_and_2', 'dataset_consumes_1_never_scheduled', 'dataset_consumes_unknown_never_scheduled', 'dataset_consumes_1' retrieved from /home/akranth/airflow/airflow_env/lib/python3.11/site-packages/airflow/example_dags/example_datasets.py
[2024-03-03T01:55:56.394+0530] {logging_mixin.py:188} INFO - [2024-03-03T01:55:56.394+0530] {dag.py:3047} INFO - Sync 6 DAGs
[2024-03-03T01:55:56.408+0530] {logging_mixin.py:188} INFO - [2024-03-03T01:55:56.408+0530] {dag.py:3834} INFO - Setting next_dagrun for dataset_consumes_1 to None, run_after=None
[2024-03-03T01:55:56.410+0530] {logging_mixin.py:188} INFO - [2024-03-03T01:55:56.410+0530] {dag.py:3834} INFO - Setting next_dagrun for dataset_consumes_1_and_2 to None, run_after=None
[2024-03-03T01:55:56.411+0530] {logging_mixin.py:188} INFO - [2024-03-03T01:55:56.411+0530] {dag.py:3834} INFO - Setting next_dagrun for dataset_consumes_1_never_scheduled to None, run_after=None
[2024-03-03T01:55:56.412+0530] {logging_mixin.py:188} INFO - [2024-03-03T01:55:56.411+0530] {dag.py:3834} INFO - Setting next_dagrun for dataset_consumes_unknown_never_scheduled to None, run_after=None
[2024-03-03T01:55:56.413+0530] {logging_mixin.py:188} INFO - [2024-03-03T01:55:56.413+0530] {dag.py:3834} INFO - Setting next_dagrun for dataset_produces_1 to 2024-03-01 00:00:00+00:00, run_after=2024-03-02 00:00:00+00:00
[2024-03-03T01:55:56.414+0530] {logging_mixin.py:188} INFO - [2024-03-03T01:55:56.414+0530] {dag.py:3834} INFO - Setting next_dagrun for dataset_produces_2 to None, run_after=None
[2024-03-03T01:55:56.534+0530] {processor.py:183} INFO - Processing /home/akranth/airflow/airflow_env/lib/python3.11/site-packages/airflow/example_dags/example_datasets.py took 0.279 seconds
