[2024-03-03T01:48:44.941+0530] {processor.py:161} INFO - Started process (PID=6589) to work on /home/akranth/airflow/airflow_env/lib/python3.11/site-packages/airflow/example_dags/example_sensor_decorator.py
[2024-03-03T01:48:44.941+0530] {processor.py:830} INFO - Processing file /home/akranth/airflow/airflow_env/lib/python3.11/site-packages/airflow/example_dags/example_sensor_decorator.py for tasks to queue
[2024-03-03T01:48:44.942+0530] {logging_mixin.py:188} INFO - [2024-03-03T01:48:44.942+0530] {dagbag.py:540} INFO - Filling up the DagBag from /home/akranth/airflow/airflow_env/lib/python3.11/site-packages/airflow/example_dags/example_sensor_decorator.py
[2024-03-03T01:48:44.948+0530] {processor.py:840} INFO - DAG(s) 'example_sensor_decorator' retrieved from /home/akranth/airflow/airflow_env/lib/python3.11/site-packages/airflow/example_dags/example_sensor_decorator.py
[2024-03-03T01:48:45.094+0530] {logging_mixin.py:188} INFO - [2024-03-03T01:48:45.094+0530] {dag.py:3047} INFO - Sync 1 DAGs
[2024-03-03T01:48:45.100+0530] {logging_mixin.py:188} INFO - [2024-03-03T01:48:45.100+0530] {dag.py:3834} INFO - Setting next_dagrun for example_sensor_decorator to None, run_after=None
[2024-03-03T01:48:45.279+0530] {processor.py:183} INFO - Processing /home/akranth/airflow/airflow_env/lib/python3.11/site-packages/airflow/example_dags/example_sensor_decorator.py took 0.341 seconds
[2024-03-03T01:49:48.247+0530] {processor.py:161} INFO - Started process (PID=6761) to work on /home/akranth/airflow/airflow_env/lib/python3.11/site-packages/airflow/example_dags/example_sensor_decorator.py
[2024-03-03T01:49:48.248+0530] {processor.py:830} INFO - Processing file /home/akranth/airflow/airflow_env/lib/python3.11/site-packages/airflow/example_dags/example_sensor_decorator.py for tasks to queue
[2024-03-03T01:49:48.248+0530] {logging_mixin.py:188} INFO - [2024-03-03T01:49:48.248+0530] {dagbag.py:540} INFO - Filling up the DagBag from /home/akranth/airflow/airflow_env/lib/python3.11/site-packages/airflow/example_dags/example_sensor_decorator.py
[2024-03-03T01:49:48.253+0530] {processor.py:840} INFO - DAG(s) 'example_sensor_decorator' retrieved from /home/akranth/airflow/airflow_env/lib/python3.11/site-packages/airflow/example_dags/example_sensor_decorator.py
[2024-03-03T01:49:48.265+0530] {logging_mixin.py:188} INFO - [2024-03-03T01:49:48.265+0530] {dag.py:3047} INFO - Sync 1 DAGs
[2024-03-03T01:49:48.360+0530] {logging_mixin.py:188} INFO - [2024-03-03T01:49:48.359+0530] {dag.py:3834} INFO - Setting next_dagrun for example_sensor_decorator to None, run_after=None
[2024-03-03T01:49:48.552+0530] {processor.py:183} INFO - Processing /home/akranth/airflow/airflow_env/lib/python3.11/site-packages/airflow/example_dags/example_sensor_decorator.py took 0.307 seconds
[2024-03-03T01:50:53.925+0530] {processor.py:161} INFO - Started process (PID=6923) to work on /home/akranth/airflow/airflow_env/lib/python3.11/site-packages/airflow/example_dags/example_sensor_decorator.py
[2024-03-03T01:50:53.951+0530] {processor.py:830} INFO - Processing file /home/akranth/airflow/airflow_env/lib/python3.11/site-packages/airflow/example_dags/example_sensor_decorator.py for tasks to queue
[2024-03-03T01:50:53.953+0530] {logging_mixin.py:188} INFO - [2024-03-03T01:50:53.952+0530] {dagbag.py:540} INFO - Filling up the DagBag from /home/akranth/airflow/airflow_env/lib/python3.11/site-packages/airflow/example_dags/example_sensor_decorator.py
[2024-03-03T01:50:53.967+0530] {processor.py:840} INFO - DAG(s) 'example_sensor_decorator' retrieved from /home/akranth/airflow/airflow_env/lib/python3.11/site-packages/airflow/example_dags/example_sensor_decorator.py
[2024-03-03T01:50:53.993+0530] {logging_mixin.py:188} INFO - [2024-03-03T01:50:53.992+0530] {dag.py:3047} INFO - Sync 1 DAGs
[2024-03-03T01:50:54.002+0530] {logging_mixin.py:188} INFO - [2024-03-03T01:50:54.002+0530] {dag.py:3834} INFO - Setting next_dagrun for example_sensor_decorator to None, run_after=None
[2024-03-03T01:50:54.196+0530] {processor.py:183} INFO - Processing /home/akranth/airflow/airflow_env/lib/python3.11/site-packages/airflow/example_dags/example_sensor_decorator.py took 0.277 seconds
[2024-03-03T01:51:56.967+0530] {processor.py:161} INFO - Started process (PID=7029) to work on /home/akranth/airflow/airflow_env/lib/python3.11/site-packages/airflow/example_dags/example_sensor_decorator.py
[2024-03-03T01:51:57.044+0530] {processor.py:830} INFO - Processing file /home/akranth/airflow/airflow_env/lib/python3.11/site-packages/airflow/example_dags/example_sensor_decorator.py for tasks to queue
[2024-03-03T01:51:57.047+0530] {logging_mixin.py:188} INFO - [2024-03-03T01:51:57.046+0530] {dagbag.py:540} INFO - Filling up the DagBag from /home/akranth/airflow/airflow_env/lib/python3.11/site-packages/airflow/example_dags/example_sensor_decorator.py
[2024-03-03T01:51:57.061+0530] {processor.py:840} INFO - DAG(s) 'example_sensor_decorator' retrieved from /home/akranth/airflow/airflow_env/lib/python3.11/site-packages/airflow/example_dags/example_sensor_decorator.py
[2024-03-03T01:51:57.087+0530] {logging_mixin.py:188} INFO - [2024-03-03T01:51:57.087+0530] {dag.py:3047} INFO - Sync 1 DAGs
[2024-03-03T01:51:57.097+0530] {logging_mixin.py:188} INFO - [2024-03-03T01:51:57.097+0530] {dag.py:3834} INFO - Setting next_dagrun for example_sensor_decorator to None, run_after=None
[2024-03-03T01:51:57.314+0530] {processor.py:183} INFO - Processing /home/akranth/airflow/airflow_env/lib/python3.11/site-packages/airflow/example_dags/example_sensor_decorator.py took 0.349 seconds
[2024-03-03T01:52:59.102+0530] {processor.py:161} INFO - Started process (PID=7159) to work on /home/akranth/airflow/airflow_env/lib/python3.11/site-packages/airflow/example_dags/example_sensor_decorator.py
[2024-03-03T01:52:59.194+0530] {processor.py:830} INFO - Processing file /home/akranth/airflow/airflow_env/lib/python3.11/site-packages/airflow/example_dags/example_sensor_decorator.py for tasks to queue
[2024-03-03T01:52:59.196+0530] {logging_mixin.py:188} INFO - [2024-03-03T01:52:59.195+0530] {dagbag.py:540} INFO - Filling up the DagBag from /home/akranth/airflow/airflow_env/lib/python3.11/site-packages/airflow/example_dags/example_sensor_decorator.py
[2024-03-03T01:52:59.211+0530] {processor.py:840} INFO - DAG(s) 'example_sensor_decorator' retrieved from /home/akranth/airflow/airflow_env/lib/python3.11/site-packages/airflow/example_dags/example_sensor_decorator.py
[2024-03-03T01:52:59.237+0530] {logging_mixin.py:188} INFO - [2024-03-03T01:52:59.237+0530] {dag.py:3047} INFO - Sync 1 DAGs
[2024-03-03T01:52:59.247+0530] {logging_mixin.py:188} INFO - [2024-03-03T01:52:59.247+0530] {dag.py:3834} INFO - Setting next_dagrun for example_sensor_decorator to None, run_after=None
[2024-03-03T01:52:59.350+0530] {processor.py:183} INFO - Processing /home/akranth/airflow/airflow_env/lib/python3.11/site-packages/airflow/example_dags/example_sensor_decorator.py took 0.251 seconds
[2024-03-03T01:54:13.567+0530] {processor.py:161} INFO - Started process (PID=7237) to work on /home/akranth/airflow/airflow_env/lib/python3.11/site-packages/airflow/example_dags/example_sensor_decorator.py
[2024-03-03T01:54:13.657+0530] {processor.py:830} INFO - Processing file /home/akranth/airflow/airflow_env/lib/python3.11/site-packages/airflow/example_dags/example_sensor_decorator.py for tasks to queue
[2024-03-03T01:54:13.658+0530] {logging_mixin.py:188} INFO - [2024-03-03T01:54:13.657+0530] {dagbag.py:540} INFO - Filling up the DagBag from /home/akranth/airflow/airflow_env/lib/python3.11/site-packages/airflow/example_dags/example_sensor_decorator.py
[2024-03-03T01:54:13.662+0530] {processor.py:840} INFO - DAG(s) 'example_sensor_decorator' retrieved from /home/akranth/airflow/airflow_env/lib/python3.11/site-packages/airflow/example_dags/example_sensor_decorator.py
[2024-03-03T01:54:13.673+0530] {logging_mixin.py:188} INFO - [2024-03-03T01:54:13.673+0530] {dag.py:3047} INFO - Sync 1 DAGs
[2024-03-03T01:54:13.681+0530] {logging_mixin.py:188} INFO - [2024-03-03T01:54:13.681+0530] {dag.py:3834} INFO - Setting next_dagrun for example_sensor_decorator to None, run_after=None
[2024-03-03T01:54:13.782+0530] {processor.py:183} INFO - Processing /home/akranth/airflow/airflow_env/lib/python3.11/site-packages/airflow/example_dags/example_sensor_decorator.py took 0.217 seconds
[2024-03-03T01:55:22.764+0530] {processor.py:161} INFO - Started process (PID=7301) to work on /home/akranth/airflow/airflow_env/lib/python3.11/site-packages/airflow/example_dags/example_sensor_decorator.py
[2024-03-03T01:55:22.765+0530] {processor.py:830} INFO - Processing file /home/akranth/airflow/airflow_env/lib/python3.11/site-packages/airflow/example_dags/example_sensor_decorator.py for tasks to queue
[2024-03-03T01:55:22.766+0530] {logging_mixin.py:188} INFO - [2024-03-03T01:55:22.766+0530] {dagbag.py:540} INFO - Filling up the DagBag from /home/akranth/airflow/airflow_env/lib/python3.11/site-packages/airflow/example_dags/example_sensor_decorator.py
[2024-03-03T01:55:22.770+0530] {processor.py:840} INFO - DAG(s) 'example_sensor_decorator' retrieved from /home/akranth/airflow/airflow_env/lib/python3.11/site-packages/airflow/example_dags/example_sensor_decorator.py
[2024-03-03T01:55:22.781+0530] {logging_mixin.py:188} INFO - [2024-03-03T01:55:22.781+0530] {dag.py:3047} INFO - Sync 1 DAGs
[2024-03-03T01:55:22.789+0530] {logging_mixin.py:188} INFO - [2024-03-03T01:55:22.789+0530] {dag.py:3834} INFO - Setting next_dagrun for example_sensor_decorator to None, run_after=None
[2024-03-03T01:55:22.967+0530] {processor.py:183} INFO - Processing /home/akranth/airflow/airflow_env/lib/python3.11/site-packages/airflow/example_dags/example_sensor_decorator.py took 0.205 seconds
