[2024-03-03T01:49:10.921+0530] {processor.py:161} INFO - Started process (PID=6687) to work on /home/akranth/airflow/airflow_env/lib/python3.11/site-packages/airflow/example_dags/example_branch_operator_decorator.py
[2024-03-03T01:49:10.921+0530] {processor.py:830} INFO - Processing file /home/akranth/airflow/airflow_env/lib/python3.11/site-packages/airflow/example_dags/example_branch_operator_decorator.py for tasks to queue
[2024-03-03T01:49:10.922+0530] {logging_mixin.py:188} INFO - [2024-03-03T01:49:10.922+0530] {dagbag.py:540} INFO - Filling up the DagBag from /home/akranth/airflow/airflow_env/lib/python3.11/site-packages/airflow/example_dags/example_branch_operator_decorator.py
[2024-03-03T01:49:10.943+0530] {processor.py:840} INFO - DAG(s) 'example_branch_python_operator_decorator' retrieved from /home/akranth/airflow/airflow_env/lib/python3.11/site-packages/airflow/example_dags/example_branch_operator_decorator.py
[2024-03-03T01:49:11.145+0530] {logging_mixin.py:188} INFO - [2024-03-03T01:49:11.145+0530] {dag.py:3047} INFO - Sync 1 DAGs
[2024-03-03T01:49:11.163+0530] {logging_mixin.py:188} INFO - [2024-03-03T01:49:11.162+0530] {dag.py:3834} INFO - Setting next_dagrun for example_branch_python_operator_decorator to 2024-03-01 00:00:00+00:00, run_after=2024-03-02 00:00:00+00:00
[2024-03-03T01:49:11.277+0530] {processor.py:183} INFO - Processing /home/akranth/airflow/airflow_env/lib/python3.11/site-packages/airflow/example_dags/example_branch_operator_decorator.py took 0.360 seconds
[2024-03-03T01:50:17.986+0530] {processor.py:161} INFO - Started process (PID=6796) to work on /home/akranth/airflow/airflow_env/lib/python3.11/site-packages/airflow/example_dags/example_branch_operator_decorator.py
[2024-03-03T01:50:17.988+0530] {processor.py:830} INFO - Processing file /home/akranth/airflow/airflow_env/lib/python3.11/site-packages/airflow/example_dags/example_branch_operator_decorator.py for tasks to queue
[2024-03-03T01:50:17.990+0530] {logging_mixin.py:188} INFO - [2024-03-03T01:50:17.989+0530] {dagbag.py:540} INFO - Filling up the DagBag from /home/akranth/airflow/airflow_env/lib/python3.11/site-packages/airflow/example_dags/example_branch_operator_decorator.py
[2024-03-03T01:50:18.105+0530] {processor.py:840} INFO - DAG(s) 'example_branch_python_operator_decorator' retrieved from /home/akranth/airflow/airflow_env/lib/python3.11/site-packages/airflow/example_dags/example_branch_operator_decorator.py
[2024-03-03T01:50:18.118+0530] {logging_mixin.py:188} INFO - [2024-03-03T01:50:18.118+0530] {dag.py:3047} INFO - Sync 1 DAGs
[2024-03-03T01:50:18.131+0530] {logging_mixin.py:188} INFO - [2024-03-03T01:50:18.131+0530] {dag.py:3834} INFO - Setting next_dagrun for example_branch_python_operator_decorator to 2024-03-01 00:00:00+00:00, run_after=2024-03-02 00:00:00+00:00
[2024-03-03T01:50:18.323+0530] {processor.py:183} INFO - Processing /home/akranth/airflow/airflow_env/lib/python3.11/site-packages/airflow/example_dags/example_branch_operator_decorator.py took 0.344 seconds
[2024-03-03T01:51:21.557+0530] {processor.py:161} INFO - Started process (PID=6992) to work on /home/akranth/airflow/airflow_env/lib/python3.11/site-packages/airflow/example_dags/example_branch_operator_decorator.py
[2024-03-03T01:51:21.558+0530] {processor.py:830} INFO - Processing file /home/akranth/airflow/airflow_env/lib/python3.11/site-packages/airflow/example_dags/example_branch_operator_decorator.py for tasks to queue
[2024-03-03T01:51:21.560+0530] {logging_mixin.py:188} INFO - [2024-03-03T01:51:21.559+0530] {dagbag.py:540} INFO - Filling up the DagBag from /home/akranth/airflow/airflow_env/lib/python3.11/site-packages/airflow/example_dags/example_branch_operator_decorator.py
[2024-03-03T01:51:21.592+0530] {processor.py:840} INFO - DAG(s) 'example_branch_python_operator_decorator' retrieved from /home/akranth/airflow/airflow_env/lib/python3.11/site-packages/airflow/example_dags/example_branch_operator_decorator.py
[2024-03-03T01:51:21.610+0530] {logging_mixin.py:188} INFO - [2024-03-03T01:51:21.610+0530] {dag.py:3047} INFO - Sync 1 DAGs
[2024-03-03T01:51:21.629+0530] {logging_mixin.py:188} INFO - [2024-03-03T01:51:21.629+0530] {dag.py:3834} INFO - Setting next_dagrun for example_branch_python_operator_decorator to 2024-03-01 00:00:00+00:00, run_after=2024-03-02 00:00:00+00:00
[2024-03-03T01:51:21.814+0530] {processor.py:183} INFO - Processing /home/akranth/airflow/airflow_env/lib/python3.11/site-packages/airflow/example_dags/example_branch_operator_decorator.py took 0.263 seconds
[2024-03-03T01:52:25.820+0530] {processor.py:161} INFO - Started process (PID=7124) to work on /home/akranth/airflow/airflow_env/lib/python3.11/site-packages/airflow/example_dags/example_branch_operator_decorator.py
[2024-03-03T01:52:25.821+0530] {processor.py:830} INFO - Processing file /home/akranth/airflow/airflow_env/lib/python3.11/site-packages/airflow/example_dags/example_branch_operator_decorator.py for tasks to queue
[2024-03-03T01:52:25.822+0530] {logging_mixin.py:188} INFO - [2024-03-03T01:52:25.821+0530] {dagbag.py:540} INFO - Filling up the DagBag from /home/akranth/airflow/airflow_env/lib/python3.11/site-packages/airflow/example_dags/example_branch_operator_decorator.py
[2024-03-03T01:52:25.838+0530] {processor.py:840} INFO - DAG(s) 'example_branch_python_operator_decorator' retrieved from /home/akranth/airflow/airflow_env/lib/python3.11/site-packages/airflow/example_dags/example_branch_operator_decorator.py
[2024-03-03T01:52:25.854+0530] {logging_mixin.py:188} INFO - [2024-03-03T01:52:25.854+0530] {dag.py:3047} INFO - Sync 1 DAGs
[2024-03-03T01:52:25.868+0530] {logging_mixin.py:188} INFO - [2024-03-03T01:52:25.868+0530] {dag.py:3834} INFO - Setting next_dagrun for example_branch_python_operator_decorator to 2024-03-01 00:00:00+00:00, run_after=2024-03-02 00:00:00+00:00
[2024-03-03T01:52:25.969+0530] {processor.py:183} INFO - Processing /home/akranth/airflow/airflow_env/lib/python3.11/site-packages/airflow/example_dags/example_branch_operator_decorator.py took 0.151 seconds
[2024-03-03T01:53:35.879+0530] {processor.py:161} INFO - Started process (PID=7203) to work on /home/akranth/airflow/airflow_env/lib/python3.11/site-packages/airflow/example_dags/example_branch_operator_decorator.py
[2024-03-03T01:53:35.968+0530] {processor.py:830} INFO - Processing file /home/akranth/airflow/airflow_env/lib/python3.11/site-packages/airflow/example_dags/example_branch_operator_decorator.py for tasks to queue
[2024-03-03T01:53:35.969+0530] {logging_mixin.py:188} INFO - [2024-03-03T01:53:35.969+0530] {dagbag.py:540} INFO - Filling up the DagBag from /home/akranth/airflow/airflow_env/lib/python3.11/site-packages/airflow/example_dags/example_branch_operator_decorator.py
[2024-03-03T01:53:35.993+0530] {processor.py:840} INFO - DAG(s) 'example_branch_python_operator_decorator' retrieved from /home/akranth/airflow/airflow_env/lib/python3.11/site-packages/airflow/example_dags/example_branch_operator_decorator.py
[2024-03-03T01:53:36.014+0530] {logging_mixin.py:188} INFO - [2024-03-03T01:53:36.014+0530] {dag.py:3047} INFO - Sync 1 DAGs
[2024-03-03T01:53:36.034+0530] {logging_mixin.py:188} INFO - [2024-03-03T01:53:36.034+0530] {dag.py:3834} INFO - Setting next_dagrun for example_branch_python_operator_decorator to 2024-03-01 00:00:00+00:00, run_after=2024-03-02 00:00:00+00:00
[2024-03-03T01:53:36.134+0530] {processor.py:183} INFO - Processing /home/akranth/airflow/airflow_env/lib/python3.11/site-packages/airflow/example_dags/example_branch_operator_decorator.py took 0.257 seconds
[2024-03-03T01:54:45.339+0530] {processor.py:161} INFO - Started process (PID=7271) to work on /home/akranth/airflow/airflow_env/lib/python3.11/site-packages/airflow/example_dags/example_branch_operator_decorator.py
[2024-03-03T01:54:45.340+0530] {processor.py:830} INFO - Processing file /home/akranth/airflow/airflow_env/lib/python3.11/site-packages/airflow/example_dags/example_branch_operator_decorator.py for tasks to queue
[2024-03-03T01:54:45.341+0530] {logging_mixin.py:188} INFO - [2024-03-03T01:54:45.340+0530] {dagbag.py:540} INFO - Filling up the DagBag from /home/akranth/airflow/airflow_env/lib/python3.11/site-packages/airflow/example_dags/example_branch_operator_decorator.py
[2024-03-03T01:54:45.362+0530] {processor.py:840} INFO - DAG(s) 'example_branch_python_operator_decorator' retrieved from /home/akranth/airflow/airflow_env/lib/python3.11/site-packages/airflow/example_dags/example_branch_operator_decorator.py
[2024-03-03T01:54:45.381+0530] {logging_mixin.py:188} INFO - [2024-03-03T01:54:45.381+0530] {dag.py:3047} INFO - Sync 1 DAGs
[2024-03-03T01:54:45.396+0530] {logging_mixin.py:188} INFO - [2024-03-03T01:54:45.396+0530] {dag.py:3834} INFO - Setting next_dagrun for example_branch_python_operator_decorator to 2024-03-01 00:00:00+00:00, run_after=2024-03-02 00:00:00+00:00
[2024-03-03T01:54:45.578+0530] {processor.py:183} INFO - Processing /home/akranth/airflow/airflow_env/lib/python3.11/site-packages/airflow/example_dags/example_branch_operator_decorator.py took 0.241 seconds
[2024-03-03T01:55:54.902+0530] {processor.py:161} INFO - Started process (PID=7342) to work on /home/akranth/airflow/airflow_env/lib/python3.11/site-packages/airflow/example_dags/example_branch_operator_decorator.py
[2024-03-03T01:55:54.903+0530] {processor.py:830} INFO - Processing file /home/akranth/airflow/airflow_env/lib/python3.11/site-packages/airflow/example_dags/example_branch_operator_decorator.py for tasks to queue
[2024-03-03T01:55:54.903+0530] {logging_mixin.py:188} INFO - [2024-03-03T01:55:54.903+0530] {dagbag.py:540} INFO - Filling up the DagBag from /home/akranth/airflow/airflow_env/lib/python3.11/site-packages/airflow/example_dags/example_branch_operator_decorator.py
[2024-03-03T01:55:54.919+0530] {processor.py:840} INFO - DAG(s) 'example_branch_python_operator_decorator' retrieved from /home/akranth/airflow/airflow_env/lib/python3.11/site-packages/airflow/example_dags/example_branch_operator_decorator.py
[2024-03-03T01:55:54.935+0530] {logging_mixin.py:188} INFO - [2024-03-03T01:55:54.935+0530] {dag.py:3047} INFO - Sync 1 DAGs
[2024-03-03T01:55:54.950+0530] {logging_mixin.py:188} INFO - [2024-03-03T01:55:54.949+0530] {dag.py:3834} INFO - Setting next_dagrun for example_branch_python_operator_decorator to 2024-03-01 00:00:00+00:00, run_after=2024-03-02 00:00:00+00:00
[2024-03-03T01:55:55.177+0530] {processor.py:183} INFO - Processing /home/akranth/airflow/airflow_env/lib/python3.11/site-packages/airflow/example_dags/example_branch_operator_decorator.py took 0.277 seconds
