[2024-03-03T01:49:16.289+0530] {processor.py:161} INFO - Started process (PID=6691) to work on /home/akranth/airflow/airflow_env/lib/python3.11/site-packages/airflow/example_dags/example_bash_operator.py
[2024-03-03T01:49:16.290+0530] {processor.py:830} INFO - Processing file /home/akranth/airflow/airflow_env/lib/python3.11/site-packages/airflow/example_dags/example_bash_operator.py for tasks to queue
[2024-03-03T01:49:16.290+0530] {logging_mixin.py:188} INFO - [2024-03-03T01:49:16.290+0530] {dagbag.py:540} INFO - Filling up the DagBag from /home/akranth/airflow/airflow_env/lib/python3.11/site-packages/airflow/example_dags/example_bash_operator.py
[2024-03-03T01:49:16.302+0530] {processor.py:840} INFO - DAG(s) 'example_bash_operator' retrieved from /home/akranth/airflow/airflow_env/lib/python3.11/site-packages/airflow/example_dags/example_bash_operator.py
[2024-03-03T01:49:16.502+0530] {logging_mixin.py:188} INFO - [2024-03-03T01:49:16.502+0530] {dag.py:3047} INFO - Sync 1 DAGs
[2024-03-03T01:49:16.518+0530] {logging_mixin.py:188} INFO - [2024-03-03T01:49:16.518+0530] {dag.py:3834} INFO - Setting next_dagrun for example_bash_operator to 2024-03-01 00:00:00+00:00, run_after=2024-03-02 00:00:00+00:00
[2024-03-03T01:49:16.702+0530] {processor.py:183} INFO - Processing /home/akranth/airflow/airflow_env/lib/python3.11/site-packages/airflow/example_dags/example_bash_operator.py took 0.416 seconds
[2024-03-03T01:50:23.165+0530] {processor.py:161} INFO - Started process (PID=6804) to work on /home/akranth/airflow/airflow_env/lib/python3.11/site-packages/airflow/example_dags/example_bash_operator.py
[2024-03-03T01:50:23.166+0530] {processor.py:830} INFO - Processing file /home/akranth/airflow/airflow_env/lib/python3.11/site-packages/airflow/example_dags/example_bash_operator.py for tasks to queue
[2024-03-03T01:50:23.166+0530] {logging_mixin.py:188} INFO - [2024-03-03T01:50:23.166+0530] {dagbag.py:540} INFO - Filling up the DagBag from /home/akranth/airflow/airflow_env/lib/python3.11/site-packages/airflow/example_dags/example_bash_operator.py
[2024-03-03T01:50:23.261+0530] {processor.py:840} INFO - DAG(s) 'example_bash_operator' retrieved from /home/akranth/airflow/airflow_env/lib/python3.11/site-packages/airflow/example_dags/example_bash_operator.py
[2024-03-03T01:50:23.278+0530] {logging_mixin.py:188} INFO - [2024-03-03T01:50:23.278+0530] {dag.py:3047} INFO - Sync 1 DAGs
[2024-03-03T01:50:23.294+0530] {logging_mixin.py:188} INFO - [2024-03-03T01:50:23.294+0530] {dag.py:3834} INFO - Setting next_dagrun for example_bash_operator to 2024-03-01 00:00:00+00:00, run_after=2024-03-02 00:00:00+00:00
[2024-03-03T01:50:23.473+0530] {processor.py:183} INFO - Processing /home/akranth/airflow/airflow_env/lib/python3.11/site-packages/airflow/example_dags/example_bash_operator.py took 0.310 seconds
[2024-03-03T01:51:27.352+0530] {processor.py:161} INFO - Started process (PID=7000) to work on /home/akranth/airflow/airflow_env/lib/python3.11/site-packages/airflow/example_dags/example_bash_operator.py
[2024-03-03T01:51:27.353+0530] {processor.py:830} INFO - Processing file /home/akranth/airflow/airflow_env/lib/python3.11/site-packages/airflow/example_dags/example_bash_operator.py for tasks to queue
[2024-03-03T01:51:27.354+0530] {logging_mixin.py:188} INFO - [2024-03-03T01:51:27.354+0530] {dagbag.py:540} INFO - Filling up the DagBag from /home/akranth/airflow/airflow_env/lib/python3.11/site-packages/airflow/example_dags/example_bash_operator.py
[2024-03-03T01:51:27.366+0530] {processor.py:840} INFO - DAG(s) 'example_bash_operator' retrieved from /home/akranth/airflow/airflow_env/lib/python3.11/site-packages/airflow/example_dags/example_bash_operator.py
[2024-03-03T01:51:27.386+0530] {logging_mixin.py:188} INFO - [2024-03-03T01:51:27.385+0530] {dag.py:3047} INFO - Sync 1 DAGs
[2024-03-03T01:51:27.402+0530] {logging_mixin.py:188} INFO - [2024-03-03T01:51:27.402+0530] {dag.py:3834} INFO - Setting next_dagrun for example_bash_operator to 2024-03-01 00:00:00+00:00, run_after=2024-03-02 00:00:00+00:00
[2024-03-03T01:51:27.592+0530] {processor.py:183} INFO - Processing /home/akranth/airflow/airflow_env/lib/python3.11/site-packages/airflow/example_dags/example_bash_operator.py took 0.243 seconds
[2024-03-03T01:52:31.244+0530] {processor.py:161} INFO - Started process (PID=7129) to work on /home/akranth/airflow/airflow_env/lib/python3.11/site-packages/airflow/example_dags/example_bash_operator.py
[2024-03-03T01:52:31.245+0530] {processor.py:830} INFO - Processing file /home/akranth/airflow/airflow_env/lib/python3.11/site-packages/airflow/example_dags/example_bash_operator.py for tasks to queue
[2024-03-03T01:52:31.246+0530] {logging_mixin.py:188} INFO - [2024-03-03T01:52:31.246+0530] {dagbag.py:540} INFO - Filling up the DagBag from /home/akranth/airflow/airflow_env/lib/python3.11/site-packages/airflow/example_dags/example_bash_operator.py
[2024-03-03T01:52:31.255+0530] {processor.py:840} INFO - DAG(s) 'example_bash_operator' retrieved from /home/akranth/airflow/airflow_env/lib/python3.11/site-packages/airflow/example_dags/example_bash_operator.py
[2024-03-03T01:52:31.271+0530] {logging_mixin.py:188} INFO - [2024-03-03T01:52:31.271+0530] {dag.py:3047} INFO - Sync 1 DAGs
[2024-03-03T01:52:31.289+0530] {logging_mixin.py:188} INFO - [2024-03-03T01:52:31.289+0530] {dag.py:3834} INFO - Setting next_dagrun for example_bash_operator to 2024-03-01 00:00:00+00:00, run_after=2024-03-02 00:00:00+00:00
[2024-03-03T01:52:31.481+0530] {processor.py:183} INFO - Processing /home/akranth/airflow/airflow_env/lib/python3.11/site-packages/airflow/example_dags/example_bash_operator.py took 0.239 seconds
[2024-03-03T01:53:40.776+0530] {processor.py:161} INFO - Started process (PID=7207) to work on /home/akranth/airflow/airflow_env/lib/python3.11/site-packages/airflow/example_dags/example_bash_operator.py
[2024-03-03T01:53:40.858+0530] {processor.py:830} INFO - Processing file /home/akranth/airflow/airflow_env/lib/python3.11/site-packages/airflow/example_dags/example_bash_operator.py for tasks to queue
[2024-03-03T01:53:40.861+0530] {logging_mixin.py:188} INFO - [2024-03-03T01:53:40.859+0530] {dagbag.py:540} INFO - Filling up the DagBag from /home/akranth/airflow/airflow_env/lib/python3.11/site-packages/airflow/example_dags/example_bash_operator.py
[2024-03-03T01:53:40.884+0530] {processor.py:840} INFO - DAG(s) 'example_bash_operator' retrieved from /home/akranth/airflow/airflow_env/lib/python3.11/site-packages/airflow/example_dags/example_bash_operator.py
[2024-03-03T01:53:40.908+0530] {logging_mixin.py:188} INFO - [2024-03-03T01:53:40.907+0530] {dag.py:3047} INFO - Sync 1 DAGs
[2024-03-03T01:53:40.930+0530] {logging_mixin.py:188} INFO - [2024-03-03T01:53:40.929+0530] {dag.py:3834} INFO - Setting next_dagrun for example_bash_operator to 2024-03-01 00:00:00+00:00, run_after=2024-03-02 00:00:00+00:00
[2024-03-03T01:53:41.040+0530] {processor.py:183} INFO - Processing /home/akranth/airflow/airflow_env/lib/python3.11/site-packages/airflow/example_dags/example_bash_operator.py took 0.268 seconds
[2024-03-03T01:54:50.808+0530] {processor.py:161} INFO - Started process (PID=7275) to work on /home/akranth/airflow/airflow_env/lib/python3.11/site-packages/airflow/example_dags/example_bash_operator.py
[2024-03-03T01:54:50.809+0530] {processor.py:830} INFO - Processing file /home/akranth/airflow/airflow_env/lib/python3.11/site-packages/airflow/example_dags/example_bash_operator.py for tasks to queue
[2024-03-03T01:54:50.810+0530] {logging_mixin.py:188} INFO - [2024-03-03T01:54:50.809+0530] {dagbag.py:540} INFO - Filling up the DagBag from /home/akranth/airflow/airflow_env/lib/python3.11/site-packages/airflow/example_dags/example_bash_operator.py
[2024-03-03T01:54:50.818+0530] {processor.py:840} INFO - DAG(s) 'example_bash_operator' retrieved from /home/akranth/airflow/airflow_env/lib/python3.11/site-packages/airflow/example_dags/example_bash_operator.py
[2024-03-03T01:54:50.834+0530] {logging_mixin.py:188} INFO - [2024-03-03T01:54:50.834+0530] {dag.py:3047} INFO - Sync 1 DAGs
[2024-03-03T01:54:50.850+0530] {logging_mixin.py:188} INFO - [2024-03-03T01:54:50.849+0530] {dag.py:3834} INFO - Setting next_dagrun for example_bash_operator to 2024-03-01 00:00:00+00:00, run_after=2024-03-02 00:00:00+00:00
[2024-03-03T01:54:51.119+0530] {processor.py:183} INFO - Processing /home/akranth/airflow/airflow_env/lib/python3.11/site-packages/airflow/example_dags/example_bash_operator.py took 0.313 seconds
[2024-03-03T01:56:00.175+0530] {processor.py:161} INFO - Started process (PID=7346) to work on /home/akranth/airflow/airflow_env/lib/python3.11/site-packages/airflow/example_dags/example_bash_operator.py
[2024-03-03T01:56:00.176+0530] {processor.py:830} INFO - Processing file /home/akranth/airflow/airflow_env/lib/python3.11/site-packages/airflow/example_dags/example_bash_operator.py for tasks to queue
[2024-03-03T01:56:00.176+0530] {logging_mixin.py:188} INFO - [2024-03-03T01:56:00.176+0530] {dagbag.py:540} INFO - Filling up the DagBag from /home/akranth/airflow/airflow_env/lib/python3.11/site-packages/airflow/example_dags/example_bash_operator.py
[2024-03-03T01:56:00.185+0530] {processor.py:840} INFO - DAG(s) 'example_bash_operator' retrieved from /home/akranth/airflow/airflow_env/lib/python3.11/site-packages/airflow/example_dags/example_bash_operator.py
[2024-03-03T01:56:00.201+0530] {logging_mixin.py:188} INFO - [2024-03-03T01:56:00.201+0530] {dag.py:3047} INFO - Sync 1 DAGs
[2024-03-03T01:56:00.216+0530] {logging_mixin.py:188} INFO - [2024-03-03T01:56:00.215+0530] {dag.py:3834} INFO - Setting next_dagrun for example_bash_operator to 2024-03-01 00:00:00+00:00, run_after=2024-03-02 00:00:00+00:00
[2024-03-03T01:56:00.402+0530] {processor.py:183} INFO - Processing /home/akranth/airflow/airflow_env/lib/python3.11/site-packages/airflow/example_dags/example_bash_operator.py took 0.229 seconds
