[2024-03-03T01:48:56.839+0530] {processor.py:161} INFO - Started process (PID=6598) to work on /home/akranth/airflow/airflow_env/lib/python3.11/site-packages/airflow/example_dags/example_subdag_operator.py
[2024-03-03T01:48:56.840+0530] {processor.py:830} INFO - Processing file /home/akranth/airflow/airflow_env/lib/python3.11/site-packages/airflow/example_dags/example_subdag_operator.py for tasks to queue
[2024-03-03T01:48:56.841+0530] {logging_mixin.py:188} INFO - [2024-03-03T01:48:56.841+0530] {dagbag.py:540} INFO - Filling up the DagBag from /home/akranth/airflow/airflow_env/lib/python3.11/site-packages/airflow/example_dags/example_subdag_operator.py
[2024-03-03T01:48:56.856+0530] {processor.py:840} INFO - DAG(s) 'example_subdag_operator.section-1', 'example_subdag_operator.section-2', 'example_subdag_operator' retrieved from /home/akranth/airflow/airflow_env/lib/python3.11/site-packages/airflow/example_dags/example_subdag_operator.py
[2024-03-03T01:48:57.031+0530] {logging_mixin.py:188} INFO - [2024-03-03T01:48:57.031+0530] {dag.py:3047} INFO - Sync 3 DAGs
[2024-03-03T01:48:57.045+0530] {logging_mixin.py:188} INFO - [2024-03-03T01:48:57.045+0530] {dag.py:3834} INFO - Setting next_dagrun for example_subdag_operator to 2022-01-01 00:00:00+00:00, run_after=2022-01-01 00:00:00+00:00
[2024-03-03T01:48:57.047+0530] {logging_mixin.py:188} INFO - [2024-03-03T01:48:57.047+0530] {dag.py:3834} INFO - Setting next_dagrun for example_subdag_operator.section-1 to None, run_after=None
[2024-03-03T01:48:57.047+0530] {logging_mixin.py:188} INFO - [2024-03-03T01:48:57.047+0530] {dag.py:3834} INFO - Setting next_dagrun for example_subdag_operator.section-2 to None, run_after=None
[2024-03-03T01:48:57.053+0530] {logging_mixin.py:188} INFO - [2024-03-03T01:48:57.053+0530] {dag.py:3047} INFO - Sync 2 DAGs
[2024-03-03T01:48:57.056+0530] {logging_mixin.py:188} INFO - [2024-03-03T01:48:57.056+0530] {dag.py:3834} INFO - Setting next_dagrun for example_subdag_operator.section-1 to None, run_after=None
[2024-03-03T01:48:57.056+0530] {logging_mixin.py:188} INFO - [2024-03-03T01:48:57.056+0530] {dag.py:3834} INFO - Setting next_dagrun for example_subdag_operator.section-2 to None, run_after=None
[2024-03-03T01:48:57.233+0530] {processor.py:183} INFO - Processing /home/akranth/airflow/airflow_env/lib/python3.11/site-packages/airflow/example_dags/example_subdag_operator.py took 0.396 seconds
[2024-03-03T01:50:03.858+0530] {processor.py:161} INFO - Started process (PID=6778) to work on /home/akranth/airflow/airflow_env/lib/python3.11/site-packages/airflow/example_dags/example_subdag_operator.py
[2024-03-03T01:50:03.859+0530] {processor.py:830} INFO - Processing file /home/akranth/airflow/airflow_env/lib/python3.11/site-packages/airflow/example_dags/example_subdag_operator.py for tasks to queue
[2024-03-03T01:50:03.859+0530] {logging_mixin.py:188} INFO - [2024-03-03T01:50:03.859+0530] {dagbag.py:540} INFO - Filling up the DagBag from /home/akranth/airflow/airflow_env/lib/python3.11/site-packages/airflow/example_dags/example_subdag_operator.py
[2024-03-03T01:50:03.875+0530] {processor.py:840} INFO - DAG(s) 'example_subdag_operator.section-1', 'example_subdag_operator.section-2', 'example_subdag_operator' retrieved from /home/akranth/airflow/airflow_env/lib/python3.11/site-packages/airflow/example_dags/example_subdag_operator.py
[2024-03-03T01:50:03.962+0530] {logging_mixin.py:188} INFO - [2024-03-03T01:50:03.961+0530] {dag.py:3047} INFO - Sync 3 DAGs
[2024-03-03T01:50:03.974+0530] {logging_mixin.py:188} INFO - [2024-03-03T01:50:03.974+0530] {dag.py:3834} INFO - Setting next_dagrun for example_subdag_operator to 2022-01-01 00:00:00+00:00, run_after=2022-01-01 00:00:00+00:00
[2024-03-03T01:50:03.976+0530] {logging_mixin.py:188} INFO - [2024-03-03T01:50:03.976+0530] {dag.py:3834} INFO - Setting next_dagrun for example_subdag_operator.section-1 to None, run_after=None
[2024-03-03T01:50:03.977+0530] {logging_mixin.py:188} INFO - [2024-03-03T01:50:03.977+0530] {dag.py:3834} INFO - Setting next_dagrun for example_subdag_operator.section-2 to None, run_after=None
[2024-03-03T01:50:03.981+0530] {logging_mixin.py:188} INFO - [2024-03-03T01:50:03.981+0530] {dag.py:3047} INFO - Sync 2 DAGs
[2024-03-03T01:50:03.984+0530] {logging_mixin.py:188} INFO - [2024-03-03T01:50:03.984+0530] {dag.py:3834} INFO - Setting next_dagrun for example_subdag_operator.section-1 to None, run_after=None
[2024-03-03T01:50:03.985+0530] {logging_mixin.py:188} INFO - [2024-03-03T01:50:03.985+0530] {dag.py:3834} INFO - Setting next_dagrun for example_subdag_operator.section-2 to None, run_after=None
[2024-03-03T01:50:04.168+0530] {processor.py:183} INFO - Processing /home/akranth/airflow/airflow_env/lib/python3.11/site-packages/airflow/example_dags/example_subdag_operator.py took 0.313 seconds
[2024-03-03T01:51:08.876+0530] {processor.py:161} INFO - Started process (PID=6979) to work on /home/akranth/airflow/airflow_env/lib/python3.11/site-packages/airflow/example_dags/example_subdag_operator.py
[2024-03-03T01:51:08.883+0530] {processor.py:830} INFO - Processing file /home/akranth/airflow/airflow_env/lib/python3.11/site-packages/airflow/example_dags/example_subdag_operator.py for tasks to queue
[2024-03-03T01:51:08.885+0530] {logging_mixin.py:188} INFO - [2024-03-03T01:51:08.884+0530] {dagbag.py:540} INFO - Filling up the DagBag from /home/akranth/airflow/airflow_env/lib/python3.11/site-packages/airflow/example_dags/example_subdag_operator.py
[2024-03-03T01:51:08.921+0530] {processor.py:840} INFO - DAG(s) 'example_subdag_operator.section-1', 'example_subdag_operator.section-2', 'example_subdag_operator' retrieved from /home/akranth/airflow/airflow_env/lib/python3.11/site-packages/airflow/example_dags/example_subdag_operator.py
[2024-03-03T01:51:08.932+0530] {logging_mixin.py:188} INFO - [2024-03-03T01:51:08.932+0530] {dag.py:3047} INFO - Sync 3 DAGs
[2024-03-03T01:51:08.947+0530] {logging_mixin.py:188} INFO - [2024-03-03T01:51:08.946+0530] {dag.py:3834} INFO - Setting next_dagrun for example_subdag_operator to 2022-01-01 00:00:00+00:00, run_after=2022-01-01 00:00:00+00:00
[2024-03-03T01:51:08.949+0530] {logging_mixin.py:188} INFO - [2024-03-03T01:51:08.949+0530] {dag.py:3834} INFO - Setting next_dagrun for example_subdag_operator.section-1 to None, run_after=None
[2024-03-03T01:51:08.949+0530] {logging_mixin.py:188} INFO - [2024-03-03T01:51:08.949+0530] {dag.py:3834} INFO - Setting next_dagrun for example_subdag_operator.section-2 to None, run_after=None
[2024-03-03T01:51:08.954+0530] {logging_mixin.py:188} INFO - [2024-03-03T01:51:08.954+0530] {dag.py:3047} INFO - Sync 2 DAGs
[2024-03-03T01:51:08.956+0530] {logging_mixin.py:188} INFO - [2024-03-03T01:51:08.956+0530] {dag.py:3834} INFO - Setting next_dagrun for example_subdag_operator.section-1 to None, run_after=None
[2024-03-03T01:51:08.957+0530] {logging_mixin.py:188} INFO - [2024-03-03T01:51:08.957+0530] {dag.py:3834} INFO - Setting next_dagrun for example_subdag_operator.section-2 to None, run_after=None
[2024-03-03T01:51:09.046+0530] {processor.py:183} INFO - Processing /home/akranth/airflow/airflow_env/lib/python3.11/site-packages/airflow/example_dags/example_subdag_operator.py took 0.172 seconds
[2024-03-03T01:52:13.151+0530] {processor.py:161} INFO - Started process (PID=7108) to work on /home/akranth/airflow/airflow_env/lib/python3.11/site-packages/airflow/example_dags/example_subdag_operator.py
[2024-03-03T01:52:13.240+0530] {processor.py:830} INFO - Processing file /home/akranth/airflow/airflow_env/lib/python3.11/site-packages/airflow/example_dags/example_subdag_operator.py for tasks to queue
[2024-03-03T01:52:13.242+0530] {logging_mixin.py:188} INFO - [2024-03-03T01:52:13.241+0530] {dagbag.py:540} INFO - Filling up the DagBag from /home/akranth/airflow/airflow_env/lib/python3.11/site-packages/airflow/example_dags/example_subdag_operator.py
[2024-03-03T01:52:13.282+0530] {processor.py:840} INFO - DAG(s) 'example_subdag_operator.section-1', 'example_subdag_operator.section-2', 'example_subdag_operator' retrieved from /home/akranth/airflow/airflow_env/lib/python3.11/site-packages/airflow/example_dags/example_subdag_operator.py
[2024-03-03T01:52:13.295+0530] {logging_mixin.py:188} INFO - [2024-03-03T01:52:13.295+0530] {dag.py:3047} INFO - Sync 3 DAGs
[2024-03-03T01:52:13.308+0530] {logging_mixin.py:188} INFO - [2024-03-03T01:52:13.308+0530] {dag.py:3834} INFO - Setting next_dagrun for example_subdag_operator to 2022-01-01 00:00:00+00:00, run_after=2022-01-01 00:00:00+00:00
[2024-03-03T01:52:13.311+0530] {logging_mixin.py:188} INFO - [2024-03-03T01:52:13.310+0530] {dag.py:3834} INFO - Setting next_dagrun for example_subdag_operator.section-1 to None, run_after=None
[2024-03-03T01:52:13.311+0530] {logging_mixin.py:188} INFO - [2024-03-03T01:52:13.311+0530] {dag.py:3834} INFO - Setting next_dagrun for example_subdag_operator.section-2 to None, run_after=None
[2024-03-03T01:52:13.315+0530] {logging_mixin.py:188} INFO - [2024-03-03T01:52:13.315+0530] {dag.py:3047} INFO - Sync 2 DAGs
[2024-03-03T01:52:13.318+0530] {logging_mixin.py:188} INFO - [2024-03-03T01:52:13.318+0530] {dag.py:3834} INFO - Setting next_dagrun for example_subdag_operator.section-1 to None, run_after=None
[2024-03-03T01:52:13.318+0530] {logging_mixin.py:188} INFO - [2024-03-03T01:52:13.318+0530] {dag.py:3834} INFO - Setting next_dagrun for example_subdag_operator.section-2 to None, run_after=None
[2024-03-03T01:52:13.423+0530] {processor.py:183} INFO - Processing /home/akranth/airflow/airflow_env/lib/python3.11/site-packages/airflow/example_dags/example_subdag_operator.py took 0.274 seconds
[2024-03-03T01:53:22.093+0530] {processor.py:161} INFO - Started process (PID=7192) to work on /home/akranth/airflow/airflow_env/lib/python3.11/site-packages/airflow/example_dags/example_subdag_operator.py
[2024-03-03T01:53:22.095+0530] {processor.py:830} INFO - Processing file /home/akranth/airflow/airflow_env/lib/python3.11/site-packages/airflow/example_dags/example_subdag_operator.py for tasks to queue
[2024-03-03T01:53:22.097+0530] {logging_mixin.py:188} INFO - [2024-03-03T01:53:22.096+0530] {dagbag.py:540} INFO - Filling up the DagBag from /home/akranth/airflow/airflow_env/lib/python3.11/site-packages/airflow/example_dags/example_subdag_operator.py
[2024-03-03T01:53:22.119+0530] {processor.py:840} INFO - DAG(s) 'example_subdag_operator.section-1', 'example_subdag_operator.section-2', 'example_subdag_operator' retrieved from /home/akranth/airflow/airflow_env/lib/python3.11/site-packages/airflow/example_dags/example_subdag_operator.py
[2024-03-03T01:53:22.130+0530] {logging_mixin.py:188} INFO - [2024-03-03T01:53:22.130+0530] {dag.py:3047} INFO - Sync 3 DAGs
[2024-03-03T01:53:22.144+0530] {logging_mixin.py:188} INFO - [2024-03-03T01:53:22.144+0530] {dag.py:3834} INFO - Setting next_dagrun for example_subdag_operator to 2022-01-01 00:00:00+00:00, run_after=2022-01-01 00:00:00+00:00
[2024-03-03T01:53:22.147+0530] {logging_mixin.py:188} INFO - [2024-03-03T01:53:22.146+0530] {dag.py:3834} INFO - Setting next_dagrun for example_subdag_operator.section-1 to None, run_after=None
[2024-03-03T01:53:22.147+0530] {logging_mixin.py:188} INFO - [2024-03-03T01:53:22.147+0530] {dag.py:3834} INFO - Setting next_dagrun for example_subdag_operator.section-2 to None, run_after=None
[2024-03-03T01:53:22.152+0530] {logging_mixin.py:188} INFO - [2024-03-03T01:53:22.152+0530] {dag.py:3047} INFO - Sync 2 DAGs
[2024-03-03T01:53:22.155+0530] {logging_mixin.py:188} INFO - [2024-03-03T01:53:22.155+0530] {dag.py:3834} INFO - Setting next_dagrun for example_subdag_operator.section-1 to None, run_after=None
[2024-03-03T01:53:22.155+0530] {logging_mixin.py:188} INFO - [2024-03-03T01:53:22.155+0530] {dag.py:3834} INFO - Setting next_dagrun for example_subdag_operator.section-2 to None, run_after=None
[2024-03-03T01:53:22.329+0530] {processor.py:183} INFO - Processing /home/akranth/airflow/airflow_env/lib/python3.11/site-packages/airflow/example_dags/example_subdag_operator.py took 0.245 seconds
[2024-03-03T01:54:31.787+0530] {processor.py:161} INFO - Started process (PID=7260) to work on /home/akranth/airflow/airflow_env/lib/python3.11/site-packages/airflow/example_dags/example_subdag_operator.py
[2024-03-03T01:54:31.863+0530] {processor.py:830} INFO - Processing file /home/akranth/airflow/airflow_env/lib/python3.11/site-packages/airflow/example_dags/example_subdag_operator.py for tasks to queue
[2024-03-03T01:54:31.865+0530] {logging_mixin.py:188} INFO - [2024-03-03T01:54:31.864+0530] {dagbag.py:540} INFO - Filling up the DagBag from /home/akranth/airflow/airflow_env/lib/python3.11/site-packages/airflow/example_dags/example_subdag_operator.py
[2024-03-03T01:54:31.895+0530] {processor.py:840} INFO - DAG(s) 'example_subdag_operator.section-1', 'example_subdag_operator.section-2', 'example_subdag_operator' retrieved from /home/akranth/airflow/airflow_env/lib/python3.11/site-packages/airflow/example_dags/example_subdag_operator.py
[2024-03-03T01:54:31.909+0530] {logging_mixin.py:188} INFO - [2024-03-03T01:54:31.909+0530] {dag.py:3047} INFO - Sync 3 DAGs
[2024-03-03T01:54:31.926+0530] {logging_mixin.py:188} INFO - [2024-03-03T01:54:31.926+0530] {dag.py:3834} INFO - Setting next_dagrun for example_subdag_operator to 2022-01-01 00:00:00+00:00, run_after=2022-01-01 00:00:00+00:00
[2024-03-03T01:54:31.930+0530] {logging_mixin.py:188} INFO - [2024-03-03T01:54:31.930+0530] {dag.py:3834} INFO - Setting next_dagrun for example_subdag_operator.section-1 to None, run_after=None
[2024-03-03T01:54:31.931+0530] {logging_mixin.py:188} INFO - [2024-03-03T01:54:31.931+0530] {dag.py:3834} INFO - Setting next_dagrun for example_subdag_operator.section-2 to None, run_after=None
[2024-03-03T01:54:31.936+0530] {logging_mixin.py:188} INFO - [2024-03-03T01:54:31.936+0530] {dag.py:3047} INFO - Sync 2 DAGs
[2024-03-03T01:54:31.939+0530] {logging_mixin.py:188} INFO - [2024-03-03T01:54:31.939+0530] {dag.py:3834} INFO - Setting next_dagrun for example_subdag_operator.section-1 to None, run_after=None
[2024-03-03T01:54:31.940+0530] {logging_mixin.py:188} INFO - [2024-03-03T01:54:31.939+0530] {dag.py:3834} INFO - Setting next_dagrun for example_subdag_operator.section-2 to None, run_after=None
[2024-03-03T01:54:32.045+0530] {processor.py:183} INFO - Processing /home/akranth/airflow/airflow_env/lib/python3.11/site-packages/airflow/example_dags/example_subdag_operator.py took 0.262 seconds
[2024-03-03T01:55:40.874+0530] {processor.py:161} INFO - Started process (PID=7329) to work on /home/akranth/airflow/airflow_env/lib/python3.11/site-packages/airflow/example_dags/example_subdag_operator.py
[2024-03-03T01:55:40.963+0530] {processor.py:830} INFO - Processing file /home/akranth/airflow/airflow_env/lib/python3.11/site-packages/airflow/example_dags/example_subdag_operator.py for tasks to queue
[2024-03-03T01:55:40.965+0530] {logging_mixin.py:188} INFO - [2024-03-03T01:55:40.964+0530] {dagbag.py:540} INFO - Filling up the DagBag from /home/akranth/airflow/airflow_env/lib/python3.11/site-packages/airflow/example_dags/example_subdag_operator.py
[2024-03-03T01:55:41.005+0530] {processor.py:840} INFO - DAG(s) 'example_subdag_operator.section-1', 'example_subdag_operator.section-2', 'example_subdag_operator' retrieved from /home/akranth/airflow/airflow_env/lib/python3.11/site-packages/airflow/example_dags/example_subdag_operator.py
[2024-03-03T01:55:41.018+0530] {logging_mixin.py:188} INFO - [2024-03-03T01:55:41.018+0530] {dag.py:3047} INFO - Sync 3 DAGs
[2024-03-03T01:55:41.036+0530] {logging_mixin.py:188} INFO - [2024-03-03T01:55:41.036+0530] {dag.py:3834} INFO - Setting next_dagrun for example_subdag_operator to 2022-01-01 00:00:00+00:00, run_after=2022-01-01 00:00:00+00:00
[2024-03-03T01:55:41.038+0530] {logging_mixin.py:188} INFO - [2024-03-03T01:55:41.038+0530] {dag.py:3834} INFO - Setting next_dagrun for example_subdag_operator.section-1 to None, run_after=None
[2024-03-03T01:55:41.039+0530] {logging_mixin.py:188} INFO - [2024-03-03T01:55:41.039+0530] {dag.py:3834} INFO - Setting next_dagrun for example_subdag_operator.section-2 to None, run_after=None
[2024-03-03T01:55:41.043+0530] {logging_mixin.py:188} INFO - [2024-03-03T01:55:41.043+0530] {dag.py:3047} INFO - Sync 2 DAGs
[2024-03-03T01:55:41.045+0530] {logging_mixin.py:188} INFO - [2024-03-03T01:55:41.045+0530] {dag.py:3834} INFO - Setting next_dagrun for example_subdag_operator.section-1 to None, run_after=None
[2024-03-03T01:55:41.046+0530] {logging_mixin.py:188} INFO - [2024-03-03T01:55:41.045+0530] {dag.py:3834} INFO - Setting next_dagrun for example_subdag_operator.section-2 to None, run_after=None
[2024-03-03T01:55:41.150+0530] {processor.py:183} INFO - Processing /home/akranth/airflow/airflow_env/lib/python3.11/site-packages/airflow/example_dags/example_subdag_operator.py took 0.277 seconds
