[2024-03-03T01:49:05.857+0530] {processor.py:161} INFO - Started process (PID=6675) to work on /home/akranth/airflow/airflow_env/lib/python3.11/site-packages/airflow/example_dags/example_branch_labels.py
[2024-03-03T01:49:05.859+0530] {processor.py:830} INFO - Processing file /home/akranth/airflow/airflow_env/lib/python3.11/site-packages/airflow/example_dags/example_branch_labels.py for tasks to queue
[2024-03-03T01:49:05.861+0530] {logging_mixin.py:188} INFO - [2024-03-03T01:49:05.860+0530] {dagbag.py:540} INFO - Filling up the DagBag from /home/akranth/airflow/airflow_env/lib/python3.11/site-packages/airflow/example_dags/example_branch_labels.py
[2024-03-03T01:49:05.876+0530] {processor.py:840} INFO - DAG(s) 'example_branch_labels' retrieved from /home/akranth/airflow/airflow_env/lib/python3.11/site-packages/airflow/example_dags/example_branch_labels.py
[2024-03-03T01:49:06.070+0530] {logging_mixin.py:188} INFO - [2024-03-03T01:49:06.070+0530] {dag.py:3047} INFO - Sync 1 DAGs
[2024-03-03T01:49:06.084+0530] {logging_mixin.py:188} INFO - [2024-03-03T01:49:06.083+0530] {dag.py:3834} INFO - Setting next_dagrun for example_branch_labels to 2024-03-01 00:00:00+00:00, run_after=2024-03-02 00:00:00+00:00
[2024-03-03T01:49:06.241+0530] {processor.py:183} INFO - Processing /home/akranth/airflow/airflow_env/lib/python3.11/site-packages/airflow/example_dags/example_branch_labels.py took 0.392 seconds
[2024-03-03T01:50:12.671+0530] {processor.py:161} INFO - Started process (PID=6790) to work on /home/akranth/airflow/airflow_env/lib/python3.11/site-packages/airflow/example_dags/example_branch_labels.py
[2024-03-03T01:50:12.672+0530] {processor.py:830} INFO - Processing file /home/akranth/airflow/airflow_env/lib/python3.11/site-packages/airflow/example_dags/example_branch_labels.py for tasks to queue
[2024-03-03T01:50:12.673+0530] {logging_mixin.py:188} INFO - [2024-03-03T01:50:12.672+0530] {dagbag.py:540} INFO - Filling up the DagBag from /home/akranth/airflow/airflow_env/lib/python3.11/site-packages/airflow/example_dags/example_branch_labels.py
[2024-03-03T01:50:12.680+0530] {processor.py:840} INFO - DAG(s) 'example_branch_labels' retrieved from /home/akranth/airflow/airflow_env/lib/python3.11/site-packages/airflow/example_dags/example_branch_labels.py
[2024-03-03T01:50:12.785+0530] {logging_mixin.py:188} INFO - [2024-03-03T01:50:12.785+0530] {dag.py:3047} INFO - Sync 1 DAGs
[2024-03-03T01:50:12.800+0530] {logging_mixin.py:188} INFO - [2024-03-03T01:50:12.800+0530] {dag.py:3834} INFO - Setting next_dagrun for example_branch_labels to 2024-03-01 00:00:00+00:00, run_after=2024-03-02 00:00:00+00:00
[2024-03-03T01:50:12.982+0530] {processor.py:183} INFO - Processing /home/akranth/airflow/airflow_env/lib/python3.11/site-packages/airflow/example_dags/example_branch_labels.py took 0.315 seconds
[2024-03-03T01:51:16.588+0530] {processor.py:161} INFO - Started process (PID=6988) to work on /home/akranth/airflow/airflow_env/lib/python3.11/site-packages/airflow/example_dags/example_branch_labels.py
[2024-03-03T01:51:16.681+0530] {processor.py:830} INFO - Processing file /home/akranth/airflow/airflow_env/lib/python3.11/site-packages/airflow/example_dags/example_branch_labels.py for tasks to queue
[2024-03-03T01:51:16.683+0530] {logging_mixin.py:188} INFO - [2024-03-03T01:51:16.682+0530] {dagbag.py:540} INFO - Filling up the DagBag from /home/akranth/airflow/airflow_env/lib/python3.11/site-packages/airflow/example_dags/example_branch_labels.py
[2024-03-03T01:51:16.703+0530] {processor.py:840} INFO - DAG(s) 'example_branch_labels' retrieved from /home/akranth/airflow/airflow_env/lib/python3.11/site-packages/airflow/example_dags/example_branch_labels.py
[2024-03-03T01:51:16.728+0530] {logging_mixin.py:188} INFO - [2024-03-03T01:51:16.727+0530] {dag.py:3047} INFO - Sync 1 DAGs
[2024-03-03T01:51:16.746+0530] {logging_mixin.py:188} INFO - [2024-03-03T01:51:16.746+0530] {dag.py:3834} INFO - Setting next_dagrun for example_branch_labels to 2024-03-01 00:00:00+00:00, run_after=2024-03-02 00:00:00+00:00
[2024-03-03T01:51:16.864+0530] {processor.py:183} INFO - Processing /home/akranth/airflow/airflow_env/lib/python3.11/site-packages/airflow/example_dags/example_branch_labels.py took 0.282 seconds
[2024-03-03T01:52:21.767+0530] {processor.py:161} INFO - Started process (PID=7120) to work on /home/akranth/airflow/airflow_env/lib/python3.11/site-packages/airflow/example_dags/example_branch_labels.py
[2024-03-03T01:52:21.775+0530] {processor.py:830} INFO - Processing file /home/akranth/airflow/airflow_env/lib/python3.11/site-packages/airflow/example_dags/example_branch_labels.py for tasks to queue
[2024-03-03T01:52:21.777+0530] {logging_mixin.py:188} INFO - [2024-03-03T01:52:21.776+0530] {dagbag.py:540} INFO - Filling up the DagBag from /home/akranth/airflow/airflow_env/lib/python3.11/site-packages/airflow/example_dags/example_branch_labels.py
[2024-03-03T01:52:21.785+0530] {processor.py:840} INFO - DAG(s) 'example_branch_labels' retrieved from /home/akranth/airflow/airflow_env/lib/python3.11/site-packages/airflow/example_dags/example_branch_labels.py
[2024-03-03T01:52:21.797+0530] {logging_mixin.py:188} INFO - [2024-03-03T01:52:21.797+0530] {dag.py:3047} INFO - Sync 1 DAGs
[2024-03-03T01:52:21.812+0530] {logging_mixin.py:188} INFO - [2024-03-03T01:52:21.811+0530] {dag.py:3834} INFO - Setting next_dagrun for example_branch_labels to 2024-03-01 00:00:00+00:00, run_after=2024-03-02 00:00:00+00:00
[2024-03-03T01:52:21.923+0530] {processor.py:183} INFO - Processing /home/akranth/airflow/airflow_env/lib/python3.11/site-packages/airflow/example_dags/example_branch_labels.py took 0.159 seconds
[2024-03-03T01:53:31.333+0530] {processor.py:161} INFO - Started process (PID=7199) to work on /home/akranth/airflow/airflow_env/lib/python3.11/site-packages/airflow/example_dags/example_branch_labels.py
[2024-03-03T01:53:31.426+0530] {processor.py:830} INFO - Processing file /home/akranth/airflow/airflow_env/lib/python3.11/site-packages/airflow/example_dags/example_branch_labels.py for tasks to queue
[2024-03-03T01:53:31.428+0530] {logging_mixin.py:188} INFO - [2024-03-03T01:53:31.427+0530] {dagbag.py:540} INFO - Filling up the DagBag from /home/akranth/airflow/airflow_env/lib/python3.11/site-packages/airflow/example_dags/example_branch_labels.py
[2024-03-03T01:53:31.436+0530] {processor.py:840} INFO - DAG(s) 'example_branch_labels' retrieved from /home/akranth/airflow/airflow_env/lib/python3.11/site-packages/airflow/example_dags/example_branch_labels.py
[2024-03-03T01:53:31.453+0530] {logging_mixin.py:188} INFO - [2024-03-03T01:53:31.453+0530] {dag.py:3047} INFO - Sync 1 DAGs
[2024-03-03T01:53:31.469+0530] {logging_mixin.py:188} INFO - [2024-03-03T01:53:31.469+0530] {dag.py:3834} INFO - Setting next_dagrun for example_branch_labels to 2024-03-01 00:00:00+00:00, run_after=2024-03-02 00:00:00+00:00
[2024-03-03T01:53:31.584+0530] {processor.py:183} INFO - Processing /home/akranth/airflow/airflow_env/lib/python3.11/site-packages/airflow/example_dags/example_branch_labels.py took 0.252 seconds
[2024-03-03T01:54:39.899+0530] {processor.py:161} INFO - Started process (PID=7267) to work on /home/akranth/airflow/airflow_env/lib/python3.11/site-packages/airflow/example_dags/example_branch_labels.py
[2024-03-03T01:54:39.979+0530] {processor.py:830} INFO - Processing file /home/akranth/airflow/airflow_env/lib/python3.11/site-packages/airflow/example_dags/example_branch_labels.py for tasks to queue
[2024-03-03T01:54:39.980+0530] {logging_mixin.py:188} INFO - [2024-03-03T01:54:39.980+0530] {dagbag.py:540} INFO - Filling up the DagBag from /home/akranth/airflow/airflow_env/lib/python3.11/site-packages/airflow/example_dags/example_branch_labels.py
[2024-03-03T01:54:39.988+0530] {processor.py:840} INFO - DAG(s) 'example_branch_labels' retrieved from /home/akranth/airflow/airflow_env/lib/python3.11/site-packages/airflow/example_dags/example_branch_labels.py
[2024-03-03T01:54:40.000+0530] {logging_mixin.py:188} INFO - [2024-03-03T01:54:40.000+0530] {dag.py:3047} INFO - Sync 1 DAGs
[2024-03-03T01:54:40.015+0530] {logging_mixin.py:188} INFO - [2024-03-03T01:54:40.015+0530] {dag.py:3834} INFO - Setting next_dagrun for example_branch_labels to 2024-03-01 00:00:00+00:00, run_after=2024-03-02 00:00:00+00:00
[2024-03-03T01:54:40.125+0530] {processor.py:183} INFO - Processing /home/akranth/airflow/airflow_env/lib/python3.11/site-packages/airflow/example_dags/example_branch_labels.py took 0.229 seconds
[2024-03-03T01:55:49.690+0530] {processor.py:161} INFO - Started process (PID=7338) to work on /home/akranth/airflow/airflow_env/lib/python3.11/site-packages/airflow/example_dags/example_branch_labels.py
[2024-03-03T01:55:49.770+0530] {processor.py:830} INFO - Processing file /home/akranth/airflow/airflow_env/lib/python3.11/site-packages/airflow/example_dags/example_branch_labels.py for tasks to queue
[2024-03-03T01:55:49.771+0530] {logging_mixin.py:188} INFO - [2024-03-03T01:55:49.771+0530] {dagbag.py:540} INFO - Filling up the DagBag from /home/akranth/airflow/airflow_env/lib/python3.11/site-packages/airflow/example_dags/example_branch_labels.py
[2024-03-03T01:55:49.779+0530] {processor.py:840} INFO - DAG(s) 'example_branch_labels' retrieved from /home/akranth/airflow/airflow_env/lib/python3.11/site-packages/airflow/example_dags/example_branch_labels.py
[2024-03-03T01:55:49.791+0530] {logging_mixin.py:188} INFO - [2024-03-03T01:55:49.791+0530] {dag.py:3047} INFO - Sync 1 DAGs
[2024-03-03T01:55:49.806+0530] {logging_mixin.py:188} INFO - [2024-03-03T01:55:49.806+0530] {dag.py:3834} INFO - Setting next_dagrun for example_branch_labels to 2024-03-01 00:00:00+00:00, run_after=2024-03-02 00:00:00+00:00
[2024-03-03T01:55:49.910+0530] {processor.py:183} INFO - Processing /home/akranth/airflow/airflow_env/lib/python3.11/site-packages/airflow/example_dags/example_branch_labels.py took 0.222 seconds
