[2024-03-03T01:48:21.985+0530] {processor.py:161} INFO - Started process (PID=6569) to work on /home/akranth/airflow/airflow_env/lib/python3.11/site-packages/airflow/example_dags/example_time_delta_sensor_async.py
[2024-03-03T01:48:21.986+0530] {processor.py:830} INFO - Processing file /home/akranth/airflow/airflow_env/lib/python3.11/site-packages/airflow/example_dags/example_time_delta_sensor_async.py for tasks to queue
[2024-03-03T01:48:21.987+0530] {logging_mixin.py:188} INFO - [2024-03-03T01:48:21.986+0530] {dagbag.py:540} INFO - Filling up the DagBag from /home/akranth/airflow/airflow_env/lib/python3.11/site-packages/airflow/example_dags/example_time_delta_sensor_async.py
[2024-03-03T01:48:21.994+0530] {processor.py:840} INFO - DAG(s) 'example_time_delta_sensor_async' retrieved from /home/akranth/airflow/airflow_env/lib/python3.11/site-packages/airflow/example_dags/example_time_delta_sensor_async.py
[2024-03-03T01:48:22.894+0530] {logging_mixin.py:188} INFO - [2024-03-03T01:48:22.893+0530] {dag.py:3047} INFO - Sync 1 DAGs
[2024-03-03T01:48:23.000+0530] {logging_mixin.py:188} INFO - [2024-03-03T01:48:22.999+0530] {dag.py:3834} INFO - Setting next_dagrun for example_time_delta_sensor_async to None, run_after=None
[2024-03-03T01:48:24.909+0530] {processor.py:183} INFO - Processing /home/akranth/airflow/airflow_env/lib/python3.11/site-packages/airflow/example_dags/example_time_delta_sensor_async.py took 2.927 seconds
[2024-03-03T01:49:30.630+0530] {processor.py:161} INFO - Started process (PID=6710) to work on /home/akranth/airflow/airflow_env/lib/python3.11/site-packages/airflow/example_dags/example_time_delta_sensor_async.py
[2024-03-03T01:49:30.715+0530] {processor.py:830} INFO - Processing file /home/akranth/airflow/airflow_env/lib/python3.11/site-packages/airflow/example_dags/example_time_delta_sensor_async.py for tasks to queue
[2024-03-03T01:49:30.717+0530] {logging_mixin.py:188} INFO - [2024-03-03T01:49:30.716+0530] {dagbag.py:540} INFO - Filling up the DagBag from /home/akranth/airflow/airflow_env/lib/python3.11/site-packages/airflow/example_dags/example_time_delta_sensor_async.py
[2024-03-03T01:49:30.726+0530] {processor.py:840} INFO - DAG(s) 'example_time_delta_sensor_async' retrieved from /home/akranth/airflow/airflow_env/lib/python3.11/site-packages/airflow/example_dags/example_time_delta_sensor_async.py
[2024-03-03T01:49:30.746+0530] {logging_mixin.py:188} INFO - [2024-03-03T01:49:30.745+0530] {dag.py:3047} INFO - Sync 1 DAGs
[2024-03-03T01:49:30.755+0530] {logging_mixin.py:188} INFO - [2024-03-03T01:49:30.755+0530] {dag.py:3834} INFO - Setting next_dagrun for example_time_delta_sensor_async to None, run_after=None
[2024-03-03T01:49:30.908+0530] {processor.py:183} INFO - Processing /home/akranth/airflow/airflow_env/lib/python3.11/site-packages/airflow/example_dags/example_time_delta_sensor_async.py took 0.282 seconds
[2024-03-03T01:50:35.064+0530] {processor.py:161} INFO - Started process (PID=6832) to work on /home/akranth/airflow/airflow_env/lib/python3.11/site-packages/airflow/example_dags/example_time_delta_sensor_async.py
[2024-03-03T01:50:35.076+0530] {processor.py:830} INFO - Processing file /home/akranth/airflow/airflow_env/lib/python3.11/site-packages/airflow/example_dags/example_time_delta_sensor_async.py for tasks to queue
[2024-03-03T01:50:35.077+0530] {logging_mixin.py:188} INFO - [2024-03-03T01:50:35.077+0530] {dagbag.py:540} INFO - Filling up the DagBag from /home/akranth/airflow/airflow_env/lib/python3.11/site-packages/airflow/example_dags/example_time_delta_sensor_async.py
[2024-03-03T01:50:35.082+0530] {processor.py:840} INFO - DAG(s) 'example_time_delta_sensor_async' retrieved from /home/akranth/airflow/airflow_env/lib/python3.11/site-packages/airflow/example_dags/example_time_delta_sensor_async.py
[2024-03-03T01:50:35.099+0530] {logging_mixin.py:188} INFO - [2024-03-03T01:50:35.098+0530] {dag.py:3047} INFO - Sync 1 DAGs
[2024-03-03T01:50:35.110+0530] {logging_mixin.py:188} INFO - [2024-03-03T01:50:35.110+0530] {dag.py:3834} INFO - Setting next_dagrun for example_time_delta_sensor_async to None, run_after=None
[2024-03-03T01:50:35.222+0530] {processor.py:183} INFO - Processing /home/akranth/airflow/airflow_env/lib/python3.11/site-packages/airflow/example_dags/example_time_delta_sensor_async.py took 0.160 seconds
[2024-03-03T01:51:38.103+0530] {processor.py:161} INFO - Started process (PID=7011) to work on /home/akranth/airflow/airflow_env/lib/python3.11/site-packages/airflow/example_dags/example_time_delta_sensor_async.py
[2024-03-03T01:51:38.189+0530] {processor.py:830} INFO - Processing file /home/akranth/airflow/airflow_env/lib/python3.11/site-packages/airflow/example_dags/example_time_delta_sensor_async.py for tasks to queue
[2024-03-03T01:51:38.191+0530] {logging_mixin.py:188} INFO - [2024-03-03T01:51:38.190+0530] {dagbag.py:540} INFO - Filling up the DagBag from /home/akranth/airflow/airflow_env/lib/python3.11/site-packages/airflow/example_dags/example_time_delta_sensor_async.py
[2024-03-03T01:51:38.202+0530] {processor.py:840} INFO - DAG(s) 'example_time_delta_sensor_async' retrieved from /home/akranth/airflow/airflow_env/lib/python3.11/site-packages/airflow/example_dags/example_time_delta_sensor_async.py
[2024-03-03T01:51:38.232+0530] {logging_mixin.py:188} INFO - [2024-03-03T01:51:38.232+0530] {dag.py:3047} INFO - Sync 1 DAGs
[2024-03-03T01:51:38.243+0530] {logging_mixin.py:188} INFO - [2024-03-03T01:51:38.243+0530] {dag.py:3834} INFO - Setting next_dagrun for example_time_delta_sensor_async to None, run_after=None
[2024-03-03T01:51:38.485+0530] {processor.py:183} INFO - Processing /home/akranth/airflow/airflow_env/lib/python3.11/site-packages/airflow/example_dags/example_time_delta_sensor_async.py took 0.384 seconds
[2024-03-03T01:52:40.447+0530] {processor.py:161} INFO - Started process (PID=7140) to work on /home/akranth/airflow/airflow_env/lib/python3.11/site-packages/airflow/example_dags/example_time_delta_sensor_async.py
[2024-03-03T01:52:40.456+0530] {processor.py:830} INFO - Processing file /home/akranth/airflow/airflow_env/lib/python3.11/site-packages/airflow/example_dags/example_time_delta_sensor_async.py for tasks to queue
[2024-03-03T01:52:40.457+0530] {logging_mixin.py:188} INFO - [2024-03-03T01:52:40.456+0530] {dagbag.py:540} INFO - Filling up the DagBag from /home/akranth/airflow/airflow_env/lib/python3.11/site-packages/airflow/example_dags/example_time_delta_sensor_async.py
[2024-03-03T01:52:40.461+0530] {processor.py:840} INFO - DAG(s) 'example_time_delta_sensor_async' retrieved from /home/akranth/airflow/airflow_env/lib/python3.11/site-packages/airflow/example_dags/example_time_delta_sensor_async.py
[2024-03-03T01:52:40.473+0530] {logging_mixin.py:188} INFO - [2024-03-03T01:52:40.472+0530] {dag.py:3047} INFO - Sync 1 DAGs
[2024-03-03T01:52:40.480+0530] {logging_mixin.py:188} INFO - [2024-03-03T01:52:40.480+0530] {dag.py:3834} INFO - Setting next_dagrun for example_time_delta_sensor_async to None, run_after=None
[2024-03-03T01:52:40.594+0530] {processor.py:183} INFO - Processing /home/akranth/airflow/airflow_env/lib/python3.11/site-packages/airflow/example_dags/example_time_delta_sensor_async.py took 0.150 seconds
[2024-03-03T01:53:55.113+0530] {processor.py:161} INFO - Started process (PID=7221) to work on /home/akranth/airflow/airflow_env/lib/python3.11/site-packages/airflow/example_dags/example_time_delta_sensor_async.py
[2024-03-03T01:53:55.114+0530] {processor.py:830} INFO - Processing file /home/akranth/airflow/airflow_env/lib/python3.11/site-packages/airflow/example_dags/example_time_delta_sensor_async.py for tasks to queue
[2024-03-03T01:53:55.114+0530] {logging_mixin.py:188} INFO - [2024-03-03T01:53:55.114+0530] {dagbag.py:540} INFO - Filling up the DagBag from /home/akranth/airflow/airflow_env/lib/python3.11/site-packages/airflow/example_dags/example_time_delta_sensor_async.py
[2024-03-03T01:53:55.118+0530] {processor.py:840} INFO - DAG(s) 'example_time_delta_sensor_async' retrieved from /home/akranth/airflow/airflow_env/lib/python3.11/site-packages/airflow/example_dags/example_time_delta_sensor_async.py
[2024-03-03T01:53:55.132+0530] {logging_mixin.py:188} INFO - [2024-03-03T01:53:55.132+0530] {dag.py:3047} INFO - Sync 1 DAGs
[2024-03-03T01:53:55.142+0530] {logging_mixin.py:188} INFO - [2024-03-03T01:53:55.142+0530] {dag.py:3834} INFO - Setting next_dagrun for example_time_delta_sensor_async to None, run_after=None
[2024-03-03T01:53:55.259+0530] {processor.py:183} INFO - Processing /home/akranth/airflow/airflow_env/lib/python3.11/site-packages/airflow/example_dags/example_time_delta_sensor_async.py took 0.148 seconds
[2024-03-03T01:55:04.272+0530] {processor.py:161} INFO - Started process (PID=7286) to work on /home/akranth/airflow/airflow_env/lib/python3.11/site-packages/airflow/example_dags/example_time_delta_sensor_async.py
[2024-03-03T01:55:04.365+0530] {processor.py:830} INFO - Processing file /home/akranth/airflow/airflow_env/lib/python3.11/site-packages/airflow/example_dags/example_time_delta_sensor_async.py for tasks to queue
[2024-03-03T01:55:04.367+0530] {logging_mixin.py:188} INFO - [2024-03-03T01:55:04.366+0530] {dagbag.py:540} INFO - Filling up the DagBag from /home/akranth/airflow/airflow_env/lib/python3.11/site-packages/airflow/example_dags/example_time_delta_sensor_async.py
[2024-03-03T01:55:04.378+0530] {processor.py:840} INFO - DAG(s) 'example_time_delta_sensor_async' retrieved from /home/akranth/airflow/airflow_env/lib/python3.11/site-packages/airflow/example_dags/example_time_delta_sensor_async.py
[2024-03-03T01:55:04.408+0530] {logging_mixin.py:188} INFO - [2024-03-03T01:55:04.408+0530] {dag.py:3047} INFO - Sync 1 DAGs
[2024-03-03T01:55:04.420+0530] {logging_mixin.py:188} INFO - [2024-03-03T01:55:04.419+0530] {dag.py:3834} INFO - Setting next_dagrun for example_time_delta_sensor_async to None, run_after=None
[2024-03-03T01:55:04.534+0530] {processor.py:183} INFO - Processing /home/akranth/airflow/airflow_env/lib/python3.11/site-packages/airflow/example_dags/example_time_delta_sensor_async.py took 0.264 seconds
[2024-03-03T01:56:11.880+0530] {processor.py:161} INFO - Started process (PID=7374) to work on /home/akranth/airflow/airflow_env/lib/python3.11/site-packages/airflow/example_dags/example_time_delta_sensor_async.py
[2024-03-03T01:56:11.927+0530] {processor.py:830} INFO - Processing file /home/akranth/airflow/airflow_env/lib/python3.11/site-packages/airflow/example_dags/example_time_delta_sensor_async.py for tasks to queue
[2024-03-03T01:56:11.929+0530] {logging_mixin.py:188} INFO - [2024-03-03T01:56:11.928+0530] {dagbag.py:540} INFO - Filling up the DagBag from /home/akranth/airflow/airflow_env/lib/python3.11/site-packages/airflow/example_dags/example_time_delta_sensor_async.py
[2024-03-03T01:56:11.939+0530] {processor.py:840} INFO - DAG(s) 'example_time_delta_sensor_async' retrieved from /home/akranth/airflow/airflow_env/lib/python3.11/site-packages/airflow/example_dags/example_time_delta_sensor_async.py
[2024-03-03T01:56:11.969+0530] {logging_mixin.py:188} INFO - [2024-03-03T01:56:11.968+0530] {dag.py:3047} INFO - Sync 1 DAGs
[2024-03-03T01:56:11.979+0530] {logging_mixin.py:188} INFO - [2024-03-03T01:56:11.979+0530] {dag.py:3834} INFO - Setting next_dagrun for example_time_delta_sensor_async to None, run_after=None
[2024-03-03T01:56:12.128+0530] {processor.py:183} INFO - Processing /home/akranth/airflow/airflow_env/lib/python3.11/site-packages/airflow/example_dags/example_time_delta_sensor_async.py took 0.254 seconds
