[2024-03-03T01:48:40.328+0530] {processor.py:161} INFO - Started process (PID=6585) to work on /home/akranth/airflow/airflow_env/lib/python3.11/site-packages/airflow/example_dags/example_nested_branch_dag.py
[2024-03-03T01:48:40.328+0530] {processor.py:830} INFO - Processing file /home/akranth/airflow/airflow_env/lib/python3.11/site-packages/airflow/example_dags/example_nested_branch_dag.py for tasks to queue
[2024-03-03T01:48:40.329+0530] {logging_mixin.py:188} INFO - [2024-03-03T01:48:40.329+0530] {dagbag.py:540} INFO - Filling up the DagBag from /home/akranth/airflow/airflow_env/lib/python3.11/site-packages/airflow/example_dags/example_nested_branch_dag.py
[2024-03-03T01:48:40.338+0530] {processor.py:840} INFO - DAG(s) 'example_nested_branch_dag' retrieved from /home/akranth/airflow/airflow_env/lib/python3.11/site-packages/airflow/example_dags/example_nested_branch_dag.py
[2024-03-03T01:48:40.413+0530] {logging_mixin.py:188} INFO - [2024-03-03T01:48:40.413+0530] {dag.py:3047} INFO - Sync 1 DAGs
[2024-03-03T01:48:40.502+0530] {logging_mixin.py:188} INFO - [2024-03-03T01:48:40.502+0530] {dag.py:3834} INFO - Setting next_dagrun for example_nested_branch_dag to 2024-03-01 00:00:00+00:00, run_after=2024-03-02 00:00:00+00:00
[2024-03-03T01:48:40.672+0530] {processor.py:183} INFO - Processing /home/akranth/airflow/airflow_env/lib/python3.11/site-packages/airflow/example_dags/example_nested_branch_dag.py took 0.346 seconds
[2024-03-03T01:49:44.249+0530] {processor.py:161} INFO - Started process (PID=6757) to work on /home/akranth/airflow/airflow_env/lib/python3.11/site-packages/airflow/example_dags/example_nested_branch_dag.py
[2024-03-03T01:49:44.250+0530] {processor.py:830} INFO - Processing file /home/akranth/airflow/airflow_env/lib/python3.11/site-packages/airflow/example_dags/example_nested_branch_dag.py for tasks to queue
[2024-03-03T01:49:44.250+0530] {logging_mixin.py:188} INFO - [2024-03-03T01:49:44.250+0530] {dagbag.py:540} INFO - Filling up the DagBag from /home/akranth/airflow/airflow_env/lib/python3.11/site-packages/airflow/example_dags/example_nested_branch_dag.py
[2024-03-03T01:49:44.259+0530] {processor.py:840} INFO - DAG(s) 'example_nested_branch_dag' retrieved from /home/akranth/airflow/airflow_env/lib/python3.11/site-packages/airflow/example_dags/example_nested_branch_dag.py
[2024-03-03T01:49:44.271+0530] {logging_mixin.py:188} INFO - [2024-03-03T01:49:44.270+0530] {dag.py:3047} INFO - Sync 1 DAGs
[2024-03-03T01:49:44.360+0530] {logging_mixin.py:188} INFO - [2024-03-03T01:49:44.360+0530] {dag.py:3834} INFO - Setting next_dagrun for example_nested_branch_dag to 2024-03-01 00:00:00+00:00, run_after=2024-03-02 00:00:00+00:00
[2024-03-03T01:49:44.550+0530] {processor.py:183} INFO - Processing /home/akranth/airflow/airflow_env/lib/python3.11/site-packages/airflow/example_dags/example_nested_branch_dag.py took 0.303 seconds
[2024-03-03T01:50:49.458+0530] {processor.py:161} INFO - Started process (PID=6885) to work on /home/akranth/airflow/airflow_env/lib/python3.11/site-packages/airflow/example_dags/example_nested_branch_dag.py
[2024-03-03T01:50:49.461+0530] {processor.py:830} INFO - Processing file /home/akranth/airflow/airflow_env/lib/python3.11/site-packages/airflow/example_dags/example_nested_branch_dag.py for tasks to queue
[2024-03-03T01:50:49.463+0530] {logging_mixin.py:188} INFO - [2024-03-03T01:50:49.462+0530] {dagbag.py:540} INFO - Filling up the DagBag from /home/akranth/airflow/airflow_env/lib/python3.11/site-packages/airflow/example_dags/example_nested_branch_dag.py
[2024-03-03T01:50:49.485+0530] {processor.py:840} INFO - DAG(s) 'example_nested_branch_dag' retrieved from /home/akranth/airflow/airflow_env/lib/python3.11/site-packages/airflow/example_dags/example_nested_branch_dag.py
[2024-03-03T01:50:49.504+0530] {logging_mixin.py:188} INFO - [2024-03-03T01:50:49.504+0530] {dag.py:3047} INFO - Sync 1 DAGs
[2024-03-03T01:50:49.521+0530] {logging_mixin.py:188} INFO - [2024-03-03T01:50:49.521+0530] {dag.py:3834} INFO - Setting next_dagrun for example_nested_branch_dag to 2024-03-01 00:00:00+00:00, run_after=2024-03-02 00:00:00+00:00
[2024-03-03T01:50:49.632+0530] {processor.py:183} INFO - Processing /home/akranth/airflow/airflow_env/lib/python3.11/site-packages/airflow/example_dags/example_nested_branch_dag.py took 0.182 seconds
[2024-03-03T01:51:51.700+0530] {processor.py:161} INFO - Started process (PID=7022) to work on /home/akranth/airflow/airflow_env/lib/python3.11/site-packages/airflow/example_dags/example_nested_branch_dag.py
[2024-03-03T01:51:51.776+0530] {processor.py:830} INFO - Processing file /home/akranth/airflow/airflow_env/lib/python3.11/site-packages/airflow/example_dags/example_nested_branch_dag.py for tasks to queue
[2024-03-03T01:51:51.779+0530] {logging_mixin.py:188} INFO - [2024-03-03T01:51:51.778+0530] {dagbag.py:540} INFO - Filling up the DagBag from /home/akranth/airflow/airflow_env/lib/python3.11/site-packages/airflow/example_dags/example_nested_branch_dag.py
[2024-03-03T01:51:51.806+0530] {processor.py:840} INFO - DAG(s) 'example_nested_branch_dag' retrieved from /home/akranth/airflow/airflow_env/lib/python3.11/site-packages/airflow/example_dags/example_nested_branch_dag.py
[2024-03-03T01:51:51.824+0530] {logging_mixin.py:188} INFO - [2024-03-03T01:51:51.823+0530] {dag.py:3047} INFO - Sync 1 DAGs
[2024-03-03T01:51:51.845+0530] {logging_mixin.py:188} INFO - [2024-03-03T01:51:51.844+0530] {dag.py:3834} INFO - Setting next_dagrun for example_nested_branch_dag to 2024-03-01 00:00:00+00:00, run_after=2024-03-02 00:00:00+00:00
[2024-03-03T01:51:51.961+0530] {processor.py:183} INFO - Processing /home/akranth/airflow/airflow_env/lib/python3.11/site-packages/airflow/example_dags/example_nested_branch_dag.py took 0.266 seconds
[2024-03-03T01:52:54.518+0530] {processor.py:161} INFO - Started process (PID=7153) to work on /home/akranth/airflow/airflow_env/lib/python3.11/site-packages/airflow/example_dags/example_nested_branch_dag.py
[2024-03-03T01:52:54.607+0530] {processor.py:830} INFO - Processing file /home/akranth/airflow/airflow_env/lib/python3.11/site-packages/airflow/example_dags/example_nested_branch_dag.py for tasks to queue
[2024-03-03T01:52:54.609+0530] {logging_mixin.py:188} INFO - [2024-03-03T01:52:54.608+0530] {dagbag.py:540} INFO - Filling up the DagBag from /home/akranth/airflow/airflow_env/lib/python3.11/site-packages/airflow/example_dags/example_nested_branch_dag.py
[2024-03-03T01:52:54.618+0530] {processor.py:840} INFO - DAG(s) 'example_nested_branch_dag' retrieved from /home/akranth/airflow/airflow_env/lib/python3.11/site-packages/airflow/example_dags/example_nested_branch_dag.py
[2024-03-03T01:52:54.630+0530] {logging_mixin.py:188} INFO - [2024-03-03T01:52:54.630+0530] {dag.py:3047} INFO - Sync 1 DAGs
[2024-03-03T01:52:54.646+0530] {logging_mixin.py:188} INFO - [2024-03-03T01:52:54.646+0530] {dag.py:3834} INFO - Setting next_dagrun for example_nested_branch_dag to 2024-03-01 00:00:00+00:00, run_after=2024-03-02 00:00:00+00:00
[2024-03-03T01:52:54.755+0530] {processor.py:183} INFO - Processing /home/akranth/airflow/airflow_env/lib/python3.11/site-packages/airflow/example_dags/example_nested_branch_dag.py took 0.239 seconds
[2024-03-03T01:54:08.566+0530] {processor.py:161} INFO - Started process (PID=7233) to work on /home/akranth/airflow/airflow_env/lib/python3.11/site-packages/airflow/example_dags/example_nested_branch_dag.py
[2024-03-03T01:54:08.658+0530] {processor.py:830} INFO - Processing file /home/akranth/airflow/airflow_env/lib/python3.11/site-packages/airflow/example_dags/example_nested_branch_dag.py for tasks to queue
[2024-03-03T01:54:08.660+0530] {logging_mixin.py:188} INFO - [2024-03-03T01:54:08.659+0530] {dagbag.py:540} INFO - Filling up the DagBag from /home/akranth/airflow/airflow_env/lib/python3.11/site-packages/airflow/example_dags/example_nested_branch_dag.py
[2024-03-03T01:54:08.685+0530] {processor.py:840} INFO - DAG(s) 'example_nested_branch_dag' retrieved from /home/akranth/airflow/airflow_env/lib/python3.11/site-packages/airflow/example_dags/example_nested_branch_dag.py
[2024-03-03T01:54:08.706+0530] {logging_mixin.py:188} INFO - [2024-03-03T01:54:08.705+0530] {dag.py:3047} INFO - Sync 1 DAGs
[2024-03-03T01:54:08.722+0530] {logging_mixin.py:188} INFO - [2024-03-03T01:54:08.722+0530] {dag.py:3834} INFO - Setting next_dagrun for example_nested_branch_dag to 2024-03-01 00:00:00+00:00, run_after=2024-03-02 00:00:00+00:00
[2024-03-03T01:54:08.833+0530] {processor.py:183} INFO - Processing /home/akranth/airflow/airflow_env/lib/python3.11/site-packages/airflow/example_dags/example_nested_branch_dag.py took 0.273 seconds
[2024-03-03T01:55:17.468+0530] {processor.py:161} INFO - Started process (PID=7297) to work on /home/akranth/airflow/airflow_env/lib/python3.11/site-packages/airflow/example_dags/example_nested_branch_dag.py
[2024-03-03T01:55:17.554+0530] {processor.py:830} INFO - Processing file /home/akranth/airflow/airflow_env/lib/python3.11/site-packages/airflow/example_dags/example_nested_branch_dag.py for tasks to queue
[2024-03-03T01:55:17.557+0530] {logging_mixin.py:188} INFO - [2024-03-03T01:55:17.556+0530] {dagbag.py:540} INFO - Filling up the DagBag from /home/akranth/airflow/airflow_env/lib/python3.11/site-packages/airflow/example_dags/example_nested_branch_dag.py
[2024-03-03T01:55:17.574+0530] {processor.py:840} INFO - DAG(s) 'example_nested_branch_dag' retrieved from /home/akranth/airflow/airflow_env/lib/python3.11/site-packages/airflow/example_dags/example_nested_branch_dag.py
[2024-03-03T01:55:17.591+0530] {logging_mixin.py:188} INFO - [2024-03-03T01:55:17.590+0530] {dag.py:3047} INFO - Sync 1 DAGs
[2024-03-03T01:55:17.609+0530] {logging_mixin.py:188} INFO - [2024-03-03T01:55:17.609+0530] {dag.py:3834} INFO - Setting next_dagrun for example_nested_branch_dag to 2024-03-01 00:00:00+00:00, run_after=2024-03-02 00:00:00+00:00
[2024-03-03T01:55:17.726+0530] {processor.py:183} INFO - Processing /home/akranth/airflow/airflow_env/lib/python3.11/site-packages/airflow/example_dags/example_nested_branch_dag.py took 0.261 seconds
