[2024-03-03T01:49:09.262+0530] {processor.py:161} INFO - Started process (PID=6686) to work on /home/akranth/airflow/airflow_env/lib/python3.11/site-packages/airflow/example_dags/example_branch_operator.py
[2024-03-03T01:49:09.264+0530] {processor.py:830} INFO - Processing file /home/akranth/airflow/airflow_env/lib/python3.11/site-packages/airflow/example_dags/example_branch_operator.py for tasks to queue
[2024-03-03T01:49:09.265+0530] {logging_mixin.py:188} INFO - [2024-03-03T01:49:09.265+0530] {dagbag.py:540} INFO - Filling up the DagBag from /home/akranth/airflow/airflow_env/lib/python3.11/site-packages/airflow/example_dags/example_branch_operator.py
[2024-03-03T01:49:09.294+0530] {processor.py:840} INFO - DAG(s) 'example_branch_operator' retrieved from /home/akranth/airflow/airflow_env/lib/python3.11/site-packages/airflow/example_dags/example_branch_operator.py
[2024-03-03T01:49:09.482+0530] {logging_mixin.py:188} INFO - [2024-03-03T01:49:09.482+0530] {dag.py:3047} INFO - Sync 1 DAGs
[2024-03-03T01:49:09.499+0530] {logging_mixin.py:188} INFO - [2024-03-03T01:49:09.498+0530] {dag.py:3834} INFO - Setting next_dagrun for example_branch_operator to 2024-03-01 00:00:00+00:00, run_after=2024-03-02 00:00:00+00:00
[2024-03-03T01:49:09.745+0530] {processor.py:183} INFO - Processing /home/akranth/airflow/airflow_env/lib/python3.11/site-packages/airflow/example_dags/example_branch_operator.py took 0.489 seconds
[2024-03-03T01:50:16.524+0530] {processor.py:161} INFO - Started process (PID=6795) to work on /home/akranth/airflow/airflow_env/lib/python3.11/site-packages/airflow/example_dags/example_branch_operator.py
[2024-03-03T01:50:16.525+0530] {processor.py:830} INFO - Processing file /home/akranth/airflow/airflow_env/lib/python3.11/site-packages/airflow/example_dags/example_branch_operator.py for tasks to queue
[2024-03-03T01:50:16.526+0530] {logging_mixin.py:188} INFO - [2024-03-03T01:50:16.526+0530] {dagbag.py:540} INFO - Filling up the DagBag from /home/akranth/airflow/airflow_env/lib/python3.11/site-packages/airflow/example_dags/example_branch_operator.py
[2024-03-03T01:50:16.671+0530] {processor.py:840} INFO - DAG(s) 'example_branch_operator' retrieved from /home/akranth/airflow/airflow_env/lib/python3.11/site-packages/airflow/example_dags/example_branch_operator.py
[2024-03-03T01:50:16.692+0530] {logging_mixin.py:188} INFO - [2024-03-03T01:50:16.691+0530] {dag.py:3047} INFO - Sync 1 DAGs
[2024-03-03T01:50:16.709+0530] {logging_mixin.py:188} INFO - [2024-03-03T01:50:16.709+0530] {dag.py:3834} INFO - Setting next_dagrun for example_branch_operator to 2024-03-01 00:00:00+00:00, run_after=2024-03-02 00:00:00+00:00
[2024-03-03T01:50:16.897+0530] {processor.py:183} INFO - Processing /home/akranth/airflow/airflow_env/lib/python3.11/site-packages/airflow/example_dags/example_branch_operator.py took 0.375 seconds
[2024-03-03T01:51:20.189+0530] {processor.py:161} INFO - Started process (PID=6991) to work on /home/akranth/airflow/airflow_env/lib/python3.11/site-packages/airflow/example_dags/example_branch_operator.py
[2024-03-03T01:51:20.191+0530] {processor.py:830} INFO - Processing file /home/akranth/airflow/airflow_env/lib/python3.11/site-packages/airflow/example_dags/example_branch_operator.py for tasks to queue
[2024-03-03T01:51:20.193+0530] {logging_mixin.py:188} INFO - [2024-03-03T01:51:20.193+0530] {dagbag.py:540} INFO - Filling up the DagBag from /home/akranth/airflow/airflow_env/lib/python3.11/site-packages/airflow/example_dags/example_branch_operator.py
[2024-03-03T01:51:20.224+0530] {processor.py:840} INFO - DAG(s) 'example_branch_operator' retrieved from /home/akranth/airflow/airflow_env/lib/python3.11/site-packages/airflow/example_dags/example_branch_operator.py
[2024-03-03T01:51:20.243+0530] {logging_mixin.py:188} INFO - [2024-03-03T01:51:20.243+0530] {dag.py:3047} INFO - Sync 1 DAGs
[2024-03-03T01:51:20.263+0530] {logging_mixin.py:188} INFO - [2024-03-03T01:51:20.263+0530] {dag.py:3834} INFO - Setting next_dagrun for example_branch_operator to 2024-03-01 00:00:00+00:00, run_after=2024-03-02 00:00:00+00:00
[2024-03-03T01:51:20.451+0530] {processor.py:183} INFO - Processing /home/akranth/airflow/airflow_env/lib/python3.11/site-packages/airflow/example_dags/example_branch_operator.py took 0.268 seconds
[2024-03-03T01:52:24.398+0530] {processor.py:161} INFO - Started process (PID=7123) to work on /home/akranth/airflow/airflow_env/lib/python3.11/site-packages/airflow/example_dags/example_branch_operator.py
[2024-03-03T01:52:24.398+0530] {processor.py:830} INFO - Processing file /home/akranth/airflow/airflow_env/lib/python3.11/site-packages/airflow/example_dags/example_branch_operator.py for tasks to queue
[2024-03-03T01:52:24.399+0530] {logging_mixin.py:188} INFO - [2024-03-03T01:52:24.399+0530] {dagbag.py:540} INFO - Filling up the DagBag from /home/akranth/airflow/airflow_env/lib/python3.11/site-packages/airflow/example_dags/example_branch_operator.py
[2024-03-03T01:52:24.412+0530] {processor.py:840} INFO - DAG(s) 'example_branch_operator' retrieved from /home/akranth/airflow/airflow_env/lib/python3.11/site-packages/airflow/example_dags/example_branch_operator.py
[2024-03-03T01:52:24.427+0530] {logging_mixin.py:188} INFO - [2024-03-03T01:52:24.427+0530] {dag.py:3047} INFO - Sync 1 DAGs
[2024-03-03T01:52:24.442+0530] {logging_mixin.py:188} INFO - [2024-03-03T01:52:24.442+0530] {dag.py:3834} INFO - Setting next_dagrun for example_branch_operator to 2024-03-01 00:00:00+00:00, run_after=2024-03-02 00:00:00+00:00
[2024-03-03T01:52:24.630+0530] {processor.py:183} INFO - Processing /home/akranth/airflow/airflow_env/lib/python3.11/site-packages/airflow/example_dags/example_branch_operator.py took 0.235 seconds
[2024-03-03T01:53:34.532+0530] {processor.py:161} INFO - Started process (PID=7202) to work on /home/akranth/airflow/airflow_env/lib/python3.11/site-packages/airflow/example_dags/example_branch_operator.py
[2024-03-03T01:53:34.534+0530] {processor.py:830} INFO - Processing file /home/akranth/airflow/airflow_env/lib/python3.11/site-packages/airflow/example_dags/example_branch_operator.py for tasks to queue
[2024-03-03T01:53:34.536+0530] {logging_mixin.py:188} INFO - [2024-03-03T01:53:34.535+0530] {dagbag.py:540} INFO - Filling up the DagBag from /home/akranth/airflow/airflow_env/lib/python3.11/site-packages/airflow/example_dags/example_branch_operator.py
[2024-03-03T01:53:34.564+0530] {processor.py:840} INFO - DAG(s) 'example_branch_operator' retrieved from /home/akranth/airflow/airflow_env/lib/python3.11/site-packages/airflow/example_dags/example_branch_operator.py
[2024-03-03T01:53:34.584+0530] {logging_mixin.py:188} INFO - [2024-03-03T01:53:34.583+0530] {dag.py:3047} INFO - Sync 1 DAGs
[2024-03-03T01:53:34.607+0530] {logging_mixin.py:188} INFO - [2024-03-03T01:53:34.607+0530] {dag.py:3834} INFO - Setting next_dagrun for example_branch_operator to 2024-03-01 00:00:00+00:00, run_after=2024-03-02 00:00:00+00:00
[2024-03-03T01:53:34.817+0530] {processor.py:183} INFO - Processing /home/akranth/airflow/airflow_env/lib/python3.11/site-packages/airflow/example_dags/example_branch_operator.py took 0.292 seconds
[2024-03-03T01:54:43.899+0530] {processor.py:161} INFO - Started process (PID=7270) to work on /home/akranth/airflow/airflow_env/lib/python3.11/site-packages/airflow/example_dags/example_branch_operator.py
[2024-03-03T01:54:43.900+0530] {processor.py:830} INFO - Processing file /home/akranth/airflow/airflow_env/lib/python3.11/site-packages/airflow/example_dags/example_branch_operator.py for tasks to queue
[2024-03-03T01:54:43.901+0530] {logging_mixin.py:188} INFO - [2024-03-03T01:54:43.900+0530] {dagbag.py:540} INFO - Filling up the DagBag from /home/akranth/airflow/airflow_env/lib/python3.11/site-packages/airflow/example_dags/example_branch_operator.py
[2024-03-03T01:54:43.914+0530] {processor.py:840} INFO - DAG(s) 'example_branch_operator' retrieved from /home/akranth/airflow/airflow_env/lib/python3.11/site-packages/airflow/example_dags/example_branch_operator.py
[2024-03-03T01:54:43.930+0530] {logging_mixin.py:188} INFO - [2024-03-03T01:54:43.930+0530] {dag.py:3047} INFO - Sync 1 DAGs
[2024-03-03T01:54:43.945+0530] {logging_mixin.py:188} INFO - [2024-03-03T01:54:43.945+0530] {dag.py:3834} INFO - Setting next_dagrun for example_branch_operator to 2024-03-01 00:00:00+00:00, run_after=2024-03-02 00:00:00+00:00
[2024-03-03T01:54:44.167+0530] {processor.py:183} INFO - Processing /home/akranth/airflow/airflow_env/lib/python3.11/site-packages/airflow/example_dags/example_branch_operator.py took 0.269 seconds
[2024-03-03T01:55:53.456+0530] {processor.py:161} INFO - Started process (PID=7341) to work on /home/akranth/airflow/airflow_env/lib/python3.11/site-packages/airflow/example_dags/example_branch_operator.py
[2024-03-03T01:55:53.457+0530] {processor.py:830} INFO - Processing file /home/akranth/airflow/airflow_env/lib/python3.11/site-packages/airflow/example_dags/example_branch_operator.py for tasks to queue
[2024-03-03T01:55:53.457+0530] {logging_mixin.py:188} INFO - [2024-03-03T01:55:53.457+0530] {dagbag.py:540} INFO - Filling up the DagBag from /home/akranth/airflow/airflow_env/lib/python3.11/site-packages/airflow/example_dags/example_branch_operator.py
[2024-03-03T01:55:53.471+0530] {processor.py:840} INFO - DAG(s) 'example_branch_operator' retrieved from /home/akranth/airflow/airflow_env/lib/python3.11/site-packages/airflow/example_dags/example_branch_operator.py
[2024-03-03T01:55:53.488+0530] {logging_mixin.py:188} INFO - [2024-03-03T01:55:53.488+0530] {dag.py:3047} INFO - Sync 1 DAGs
[2024-03-03T01:55:53.502+0530] {logging_mixin.py:188} INFO - [2024-03-03T01:55:53.502+0530] {dag.py:3834} INFO - Setting next_dagrun for example_branch_operator to 2024-03-01 00:00:00+00:00, run_after=2024-03-02 00:00:00+00:00
[2024-03-03T01:55:53.681+0530] {processor.py:183} INFO - Processing /home/akranth/airflow/airflow_env/lib/python3.11/site-packages/airflow/example_dags/example_branch_operator.py took 0.227 seconds
