[2024-03-03T01:49:08.646+0530] {processor.py:161} INFO - Started process (PID=6685) to work on /home/akranth/airflow/airflow_env/lib/python3.11/site-packages/airflow/example_dags/example_branch_python_dop_operator_3.py
[2024-03-03T01:49:08.648+0530] {processor.py:830} INFO - Processing file /home/akranth/airflow/airflow_env/lib/python3.11/site-packages/airflow/example_dags/example_branch_python_dop_operator_3.py for tasks to queue
[2024-03-03T01:49:08.650+0530] {logging_mixin.py:188} INFO - [2024-03-03T01:49:08.649+0530] {dagbag.py:540} INFO - Filling up the DagBag from /home/akranth/airflow/airflow_env/lib/python3.11/site-packages/airflow/example_dags/example_branch_python_dop_operator_3.py
[2024-03-03T01:49:08.668+0530] {processor.py:840} INFO - DAG(s) 'example_branch_dop_operator_v3' retrieved from /home/akranth/airflow/airflow_env/lib/python3.11/site-packages/airflow/example_dags/example_branch_python_dop_operator_3.py
[2024-03-03T01:49:08.832+0530] {logging_mixin.py:188} INFO - [2024-03-03T01:49:08.832+0530] {dag.py:3047} INFO - Sync 1 DAGs
[2024-03-03T01:49:08.847+0530] {logging_mixin.py:188} INFO - [2024-03-03T01:49:08.846+0530] {dag.py:3834} INFO - Setting next_dagrun for example_branch_dop_operator_v3 to 2024-03-02 20:18:00+00:00, run_after=2024-03-02 20:19:00+00:00
[2024-03-03T01:49:08.956+0530] {processor.py:183} INFO - Processing /home/akranth/airflow/airflow_env/lib/python3.11/site-packages/airflow/example_dags/example_branch_python_dop_operator_3.py took 0.316 seconds
[2024-03-03T01:50:15.068+0530] {processor.py:161} INFO - Started process (PID=6793) to work on /home/akranth/airflow/airflow_env/lib/python3.11/site-packages/airflow/example_dags/example_branch_python_dop_operator_3.py
[2024-03-03T01:50:15.069+0530] {processor.py:830} INFO - Processing file /home/akranth/airflow/airflow_env/lib/python3.11/site-packages/airflow/example_dags/example_branch_python_dop_operator_3.py for tasks to queue
[2024-03-03T01:50:15.070+0530] {logging_mixin.py:188} INFO - [2024-03-03T01:50:15.070+0530] {dagbag.py:540} INFO - Filling up the DagBag from /home/akranth/airflow/airflow_env/lib/python3.11/site-packages/airflow/example_dags/example_branch_python_dop_operator_3.py
[2024-03-03T01:50:15.080+0530] {processor.py:840} INFO - DAG(s) 'example_branch_dop_operator_v3' retrieved from /home/akranth/airflow/airflow_env/lib/python3.11/site-packages/airflow/example_dags/example_branch_python_dop_operator_3.py
[2024-03-03T01:50:15.191+0530] {logging_mixin.py:188} INFO - [2024-03-03T01:50:15.190+0530] {dag.py:3047} INFO - Sync 1 DAGs
[2024-03-03T01:50:15.212+0530] {logging_mixin.py:188} INFO - [2024-03-03T01:50:15.212+0530] {dag.py:3834} INFO - Setting next_dagrun for example_branch_dop_operator_v3 to 2024-03-02 20:19:00+00:00, run_after=2024-03-02 20:20:00+00:00
[2024-03-03T01:50:15.330+0530] {processor.py:183} INFO - Processing /home/akranth/airflow/airflow_env/lib/python3.11/site-packages/airflow/example_dags/example_branch_python_dop_operator_3.py took 0.265 seconds
[2024-03-03T01:51:19.321+0530] {processor.py:161} INFO - Started process (PID=6990) to work on /home/akranth/airflow/airflow_env/lib/python3.11/site-packages/airflow/example_dags/example_branch_python_dop_operator_3.py
[2024-03-03T01:51:19.324+0530] {processor.py:830} INFO - Processing file /home/akranth/airflow/airflow_env/lib/python3.11/site-packages/airflow/example_dags/example_branch_python_dop_operator_3.py for tasks to queue
[2024-03-03T01:51:19.326+0530] {logging_mixin.py:188} INFO - [2024-03-03T01:51:19.325+0530] {dagbag.py:540} INFO - Filling up the DagBag from /home/akranth/airflow/airflow_env/lib/python3.11/site-packages/airflow/example_dags/example_branch_python_dop_operator_3.py
[2024-03-03T01:51:19.346+0530] {processor.py:840} INFO - DAG(s) 'example_branch_dop_operator_v3' retrieved from /home/akranth/airflow/airflow_env/lib/python3.11/site-packages/airflow/example_dags/example_branch_python_dop_operator_3.py
[2024-03-03T01:51:19.362+0530] {logging_mixin.py:188} INFO - [2024-03-03T01:51:19.362+0530] {dag.py:3047} INFO - Sync 1 DAGs
[2024-03-03T01:51:19.395+0530] {logging_mixin.py:188} INFO - [2024-03-03T01:51:19.395+0530] {dag.py:3834} INFO - Setting next_dagrun for example_branch_dop_operator_v3 to 2024-03-02 20:20:00+00:00, run_after=2024-03-02 20:21:00+00:00
[2024-03-03T01:51:19.613+0530] {processor.py:183} INFO - Processing /home/akranth/airflow/airflow_env/lib/python3.11/site-packages/airflow/example_dags/example_branch_python_dop_operator_3.py took 0.298 seconds
[2024-03-03T01:52:23.548+0530] {processor.py:161} INFO - Started process (PID=7122) to work on /home/akranth/airflow/airflow_env/lib/python3.11/site-packages/airflow/example_dags/example_branch_python_dop_operator_3.py
[2024-03-03T01:52:23.623+0530] {processor.py:830} INFO - Processing file /home/akranth/airflow/airflow_env/lib/python3.11/site-packages/airflow/example_dags/example_branch_python_dop_operator_3.py for tasks to queue
[2024-03-03T01:52:23.626+0530] {logging_mixin.py:188} INFO - [2024-03-03T01:52:23.625+0530] {dagbag.py:540} INFO - Filling up the DagBag from /home/akranth/airflow/airflow_env/lib/python3.11/site-packages/airflow/example_dags/example_branch_python_dop_operator_3.py
[2024-03-03T01:52:23.634+0530] {processor.py:840} INFO - DAG(s) 'example_branch_dop_operator_v3' retrieved from /home/akranth/airflow/airflow_env/lib/python3.11/site-packages/airflow/example_dags/example_branch_python_dop_operator_3.py
[2024-03-03T01:52:23.645+0530] {logging_mixin.py:188} INFO - [2024-03-03T01:52:23.645+0530] {dag.py:3047} INFO - Sync 1 DAGs
[2024-03-03T01:52:23.662+0530] {logging_mixin.py:188} INFO - [2024-03-03T01:52:23.662+0530] {dag.py:3834} INFO - Setting next_dagrun for example_branch_dop_operator_v3 to 2024-03-02 20:21:00+00:00, run_after=2024-03-02 20:22:00+00:00
[2024-03-03T01:52:23.772+0530] {processor.py:183} INFO - Processing /home/akranth/airflow/airflow_env/lib/python3.11/site-packages/airflow/example_dags/example_branch_python_dop_operator_3.py took 0.226 seconds
[2024-03-03T01:53:33.996+0530] {processor.py:161} INFO - Started process (PID=7201) to work on /home/akranth/airflow/airflow_env/lib/python3.11/site-packages/airflow/example_dags/example_branch_python_dop_operator_3.py
[2024-03-03T01:53:34.010+0530] {processor.py:830} INFO - Processing file /home/akranth/airflow/airflow_env/lib/python3.11/site-packages/airflow/example_dags/example_branch_python_dop_operator_3.py for tasks to queue
[2024-03-03T01:53:34.012+0530] {logging_mixin.py:188} INFO - [2024-03-03T01:53:34.011+0530] {dagbag.py:540} INFO - Filling up the DagBag from /home/akranth/airflow/airflow_env/lib/python3.11/site-packages/airflow/example_dags/example_branch_python_dop_operator_3.py
[2024-03-03T01:53:34.035+0530] {processor.py:840} INFO - DAG(s) 'example_branch_dop_operator_v3' retrieved from /home/akranth/airflow/airflow_env/lib/python3.11/site-packages/airflow/example_dags/example_branch_python_dop_operator_3.py
[2024-03-03T01:53:34.054+0530] {logging_mixin.py:188} INFO - [2024-03-03T01:53:34.054+0530] {dag.py:3047} INFO - Sync 1 DAGs
[2024-03-03T01:53:34.072+0530] {logging_mixin.py:188} INFO - [2024-03-03T01:53:34.072+0530] {dag.py:3834} INFO - Setting next_dagrun for example_branch_dop_operator_v3 to 2024-03-02 20:22:00+00:00, run_after=2024-03-02 20:23:00+00:00
[2024-03-03T01:53:34.188+0530] {processor.py:183} INFO - Processing /home/akranth/airflow/airflow_env/lib/python3.11/site-packages/airflow/example_dags/example_branch_python_dop_operator_3.py took 0.194 seconds
[2024-03-03T01:54:42.574+0530] {processor.py:161} INFO - Started process (PID=7269) to work on /home/akranth/airflow/airflow_env/lib/python3.11/site-packages/airflow/example_dags/example_branch_python_dop_operator_3.py
[2024-03-03T01:54:42.654+0530] {processor.py:830} INFO - Processing file /home/akranth/airflow/airflow_env/lib/python3.11/site-packages/airflow/example_dags/example_branch_python_dop_operator_3.py for tasks to queue
[2024-03-03T01:54:42.657+0530] {logging_mixin.py:188} INFO - [2024-03-03T01:54:42.656+0530] {dagbag.py:540} INFO - Filling up the DagBag from /home/akranth/airflow/airflow_env/lib/python3.11/site-packages/airflow/example_dags/example_branch_python_dop_operator_3.py
[2024-03-03T01:54:42.665+0530] {processor.py:840} INFO - DAG(s) 'example_branch_dop_operator_v3' retrieved from /home/akranth/airflow/airflow_env/lib/python3.11/site-packages/airflow/example_dags/example_branch_python_dop_operator_3.py
[2024-03-03T01:54:42.676+0530] {logging_mixin.py:188} INFO - [2024-03-03T01:54:42.676+0530] {dag.py:3047} INFO - Sync 1 DAGs
[2024-03-03T01:54:42.693+0530] {logging_mixin.py:188} INFO - [2024-03-03T01:54:42.693+0530] {dag.py:3834} INFO - Setting next_dagrun for example_branch_dop_operator_v3 to 2024-03-02 20:23:00+00:00, run_after=2024-03-02 20:24:00+00:00
[2024-03-03T01:54:42.838+0530] {processor.py:183} INFO - Processing /home/akranth/airflow/airflow_env/lib/python3.11/site-packages/airflow/example_dags/example_branch_python_dop_operator_3.py took 0.265 seconds
[2024-03-03T01:55:51.990+0530] {processor.py:161} INFO - Started process (PID=7340) to work on /home/akranth/airflow/airflow_env/lib/python3.11/site-packages/airflow/example_dags/example_branch_python_dop_operator_3.py
[2024-03-03T01:55:52.071+0530] {processor.py:830} INFO - Processing file /home/akranth/airflow/airflow_env/lib/python3.11/site-packages/airflow/example_dags/example_branch_python_dop_operator_3.py for tasks to queue
[2024-03-03T01:55:52.073+0530] {logging_mixin.py:188} INFO - [2024-03-03T01:55:52.072+0530] {dagbag.py:540} INFO - Filling up the DagBag from /home/akranth/airflow/airflow_env/lib/python3.11/site-packages/airflow/example_dags/example_branch_python_dop_operator_3.py
[2024-03-03T01:55:52.095+0530] {processor.py:840} INFO - DAG(s) 'example_branch_dop_operator_v3' retrieved from /home/akranth/airflow/airflow_env/lib/python3.11/site-packages/airflow/example_dags/example_branch_python_dop_operator_3.py
[2024-03-03T01:55:52.115+0530] {logging_mixin.py:188} INFO - [2024-03-03T01:55:52.115+0530] {dag.py:3047} INFO - Sync 1 DAGs
[2024-03-03T01:55:52.133+0530] {logging_mixin.py:188} INFO - [2024-03-03T01:55:52.133+0530] {dag.py:3834} INFO - Setting next_dagrun for example_branch_dop_operator_v3 to 2024-03-02 20:24:00+00:00, run_after=2024-03-02 20:25:00+00:00
[2024-03-03T01:55:52.332+0530] {processor.py:183} INFO - Processing /home/akranth/airflow/airflow_env/lib/python3.11/site-packages/airflow/example_dags/example_branch_python_dop_operator_3.py took 0.344 seconds
