[2024-03-03T01:48:52.416+0530] {processor.py:161} INFO - Started process (PID=6595) to work on /home/akranth/airflow/airflow_env/lib/python3.11/site-packages/airflow/example_dags/example_short_circuit_operator.py
[2024-03-03T01:48:52.417+0530] {processor.py:830} INFO - Processing file /home/akranth/airflow/airflow_env/lib/python3.11/site-packages/airflow/example_dags/example_short_circuit_operator.py for tasks to queue
[2024-03-03T01:48:52.417+0530] {logging_mixin.py:188} INFO - [2024-03-03T01:48:52.417+0530] {dagbag.py:540} INFO - Filling up the DagBag from /home/akranth/airflow/airflow_env/lib/python3.11/site-packages/airflow/example_dags/example_short_circuit_operator.py
[2024-03-03T01:48:52.425+0530] {processor.py:840} INFO - DAG(s) 'example_short_circuit_operator' retrieved from /home/akranth/airflow/airflow_env/lib/python3.11/site-packages/airflow/example_dags/example_short_circuit_operator.py
[2024-03-03T01:48:52.575+0530] {logging_mixin.py:188} INFO - [2024-03-03T01:48:52.575+0530] {dag.py:3047} INFO - Sync 1 DAGs
[2024-03-03T01:48:52.587+0530] {logging_mixin.py:188} INFO - [2024-03-03T01:48:52.587+0530] {dag.py:3834} INFO - Setting next_dagrun for example_short_circuit_operator to 2024-03-01 00:00:00+00:00, run_after=2024-03-02 00:00:00+00:00
[2024-03-03T01:48:52.748+0530] {processor.py:183} INFO - Processing /home/akranth/airflow/airflow_env/lib/python3.11/site-packages/airflow/example_dags/example_short_circuit_operator.py took 0.334 seconds
[2024-03-03T01:49:59.716+0530] {processor.py:161} INFO - Started process (PID=6774) to work on /home/akranth/airflow/airflow_env/lib/python3.11/site-packages/airflow/example_dags/example_short_circuit_operator.py
[2024-03-03T01:49:59.716+0530] {processor.py:830} INFO - Processing file /home/akranth/airflow/airflow_env/lib/python3.11/site-packages/airflow/example_dags/example_short_circuit_operator.py for tasks to queue
[2024-03-03T01:49:59.717+0530] {logging_mixin.py:188} INFO - [2024-03-03T01:49:59.717+0530] {dagbag.py:540} INFO - Filling up the DagBag from /home/akranth/airflow/airflow_env/lib/python3.11/site-packages/airflow/example_dags/example_short_circuit_operator.py
[2024-03-03T01:49:59.723+0530] {processor.py:840} INFO - DAG(s) 'example_short_circuit_operator' retrieved from /home/akranth/airflow/airflow_env/lib/python3.11/site-packages/airflow/example_dags/example_short_circuit_operator.py
[2024-03-03T01:49:59.813+0530] {logging_mixin.py:188} INFO - [2024-03-03T01:49:59.813+0530] {dag.py:3047} INFO - Sync 1 DAGs
[2024-03-03T01:49:59.826+0530] {logging_mixin.py:188} INFO - [2024-03-03T01:49:59.825+0530] {dag.py:3834} INFO - Setting next_dagrun for example_short_circuit_operator to 2024-03-01 00:00:00+00:00, run_after=2024-03-02 00:00:00+00:00
[2024-03-03T01:50:00.007+0530] {processor.py:183} INFO - Processing /home/akranth/airflow/airflow_env/lib/python3.11/site-packages/airflow/example_dags/example_short_circuit_operator.py took 0.294 seconds
[2024-03-03T01:51:04.882+0530] {processor.py:161} INFO - Started process (PID=6958) to work on /home/akranth/airflow/airflow_env/lib/python3.11/site-packages/airflow/example_dags/example_short_circuit_operator.py
[2024-03-03T01:51:04.900+0530] {processor.py:830} INFO - Processing file /home/akranth/airflow/airflow_env/lib/python3.11/site-packages/airflow/example_dags/example_short_circuit_operator.py for tasks to queue
[2024-03-03T01:51:04.901+0530] {logging_mixin.py:188} INFO - [2024-03-03T01:51:04.900+0530] {dagbag.py:540} INFO - Filling up the DagBag from /home/akranth/airflow/airflow_env/lib/python3.11/site-packages/airflow/example_dags/example_short_circuit_operator.py
[2024-03-03T01:51:04.911+0530] {processor.py:840} INFO - DAG(s) 'example_short_circuit_operator' retrieved from /home/akranth/airflow/airflow_env/lib/python3.11/site-packages/airflow/example_dags/example_short_circuit_operator.py
[2024-03-03T01:51:04.930+0530] {logging_mixin.py:188} INFO - [2024-03-03T01:51:04.930+0530] {dag.py:3047} INFO - Sync 1 DAGs
[2024-03-03T01:51:04.951+0530] {logging_mixin.py:188} INFO - [2024-03-03T01:51:04.951+0530] {dag.py:3834} INFO - Setting next_dagrun for example_short_circuit_operator to 2024-03-01 00:00:00+00:00, run_after=2024-03-02 00:00:00+00:00
[2024-03-03T01:51:05.061+0530] {processor.py:183} INFO - Processing /home/akranth/airflow/airflow_env/lib/python3.11/site-packages/airflow/example_dags/example_short_circuit_operator.py took 0.182 seconds
[2024-03-03T01:52:09.590+0530] {processor.py:161} INFO - Started process (PID=7095) to work on /home/akranth/airflow/airflow_env/lib/python3.11/site-packages/airflow/example_dags/example_short_circuit_operator.py
[2024-03-03T01:52:09.596+0530] {processor.py:830} INFO - Processing file /home/akranth/airflow/airflow_env/lib/python3.11/site-packages/airflow/example_dags/example_short_circuit_operator.py for tasks to queue
[2024-03-03T01:52:09.597+0530] {logging_mixin.py:188} INFO - [2024-03-03T01:52:09.596+0530] {dagbag.py:540} INFO - Filling up the DagBag from /home/akranth/airflow/airflow_env/lib/python3.11/site-packages/airflow/example_dags/example_short_circuit_operator.py
[2024-03-03T01:52:09.605+0530] {processor.py:840} INFO - DAG(s) 'example_short_circuit_operator' retrieved from /home/akranth/airflow/airflow_env/lib/python3.11/site-packages/airflow/example_dags/example_short_circuit_operator.py
[2024-03-03T01:52:09.623+0530] {logging_mixin.py:188} INFO - [2024-03-03T01:52:09.622+0530] {dag.py:3047} INFO - Sync 1 DAGs
[2024-03-03T01:52:09.640+0530] {logging_mixin.py:188} INFO - [2024-03-03T01:52:09.640+0530] {dag.py:3834} INFO - Setting next_dagrun for example_short_circuit_operator to 2024-03-01 00:00:00+00:00, run_after=2024-03-02 00:00:00+00:00
[2024-03-03T01:52:09.789+0530] {processor.py:183} INFO - Processing /home/akranth/airflow/airflow_env/lib/python3.11/site-packages/airflow/example_dags/example_short_circuit_operator.py took 0.201 seconds
[2024-03-03T01:53:17.841+0530] {processor.py:161} INFO - Started process (PID=7189) to work on /home/akranth/airflow/airflow_env/lib/python3.11/site-packages/airflow/example_dags/example_short_circuit_operator.py
[2024-03-03T01:53:17.920+0530] {processor.py:830} INFO - Processing file /home/akranth/airflow/airflow_env/lib/python3.11/site-packages/airflow/example_dags/example_short_circuit_operator.py for tasks to queue
[2024-03-03T01:53:17.922+0530] {logging_mixin.py:188} INFO - [2024-03-03T01:53:17.921+0530] {dagbag.py:540} INFO - Filling up the DagBag from /home/akranth/airflow/airflow_env/lib/python3.11/site-packages/airflow/example_dags/example_short_circuit_operator.py
[2024-03-03T01:53:17.943+0530] {processor.py:840} INFO - DAG(s) 'example_short_circuit_operator' retrieved from /home/akranth/airflow/airflow_env/lib/python3.11/site-packages/airflow/example_dags/example_short_circuit_operator.py
[2024-03-03T01:53:17.968+0530] {logging_mixin.py:188} INFO - [2024-03-03T01:53:17.968+0530] {dag.py:3047} INFO - Sync 1 DAGs
[2024-03-03T01:53:18.000+0530] {logging_mixin.py:188} INFO - [2024-03-03T01:53:17.999+0530] {dag.py:3834} INFO - Setting next_dagrun for example_short_circuit_operator to 2024-03-01 00:00:00+00:00, run_after=2024-03-02 00:00:00+00:00
[2024-03-03T01:53:18.113+0530] {processor.py:183} INFO - Processing /home/akranth/airflow/airflow_env/lib/python3.11/site-packages/airflow/example_dags/example_short_circuit_operator.py took 0.274 seconds
[2024-03-03T01:54:27.498+0530] {processor.py:161} INFO - Started process (PID=7257) to work on /home/akranth/airflow/airflow_env/lib/python3.11/site-packages/airflow/example_dags/example_short_circuit_operator.py
[2024-03-03T01:54:27.584+0530] {processor.py:830} INFO - Processing file /home/akranth/airflow/airflow_env/lib/python3.11/site-packages/airflow/example_dags/example_short_circuit_operator.py for tasks to queue
[2024-03-03T01:54:27.586+0530] {logging_mixin.py:188} INFO - [2024-03-03T01:54:27.586+0530] {dagbag.py:540} INFO - Filling up the DagBag from /home/akranth/airflow/airflow_env/lib/python3.11/site-packages/airflow/example_dags/example_short_circuit_operator.py
[2024-03-03T01:54:27.605+0530] {processor.py:840} INFO - DAG(s) 'example_short_circuit_operator' retrieved from /home/akranth/airflow/airflow_env/lib/python3.11/site-packages/airflow/example_dags/example_short_circuit_operator.py
[2024-03-03T01:54:27.624+0530] {logging_mixin.py:188} INFO - [2024-03-03T01:54:27.624+0530] {dag.py:3047} INFO - Sync 1 DAGs
[2024-03-03T01:54:27.639+0530] {logging_mixin.py:188} INFO - [2024-03-03T01:54:27.639+0530] {dag.py:3834} INFO - Setting next_dagrun for example_short_circuit_operator to 2024-03-01 00:00:00+00:00, run_after=2024-03-02 00:00:00+00:00
[2024-03-03T01:54:27.823+0530] {processor.py:183} INFO - Processing /home/akranth/airflow/airflow_env/lib/python3.11/site-packages/airflow/example_dags/example_short_circuit_operator.py took 0.327 seconds
[2024-03-03T01:55:37.392+0530] {processor.py:161} INFO - Started process (PID=7326) to work on /home/akranth/airflow/airflow_env/lib/python3.11/site-packages/airflow/example_dags/example_short_circuit_operator.py
[2024-03-03T01:55:37.471+0530] {processor.py:830} INFO - Processing file /home/akranth/airflow/airflow_env/lib/python3.11/site-packages/airflow/example_dags/example_short_circuit_operator.py for tasks to queue
[2024-03-03T01:55:37.473+0530] {logging_mixin.py:188} INFO - [2024-03-03T01:55:37.472+0530] {dagbag.py:540} INFO - Filling up the DagBag from /home/akranth/airflow/airflow_env/lib/python3.11/site-packages/airflow/example_dags/example_short_circuit_operator.py
[2024-03-03T01:55:37.481+0530] {processor.py:840} INFO - DAG(s) 'example_short_circuit_operator' retrieved from /home/akranth/airflow/airflow_env/lib/python3.11/site-packages/airflow/example_dags/example_short_circuit_operator.py
[2024-03-03T01:55:37.494+0530] {logging_mixin.py:188} INFO - [2024-03-03T01:55:37.494+0530] {dag.py:3047} INFO - Sync 1 DAGs
[2024-03-03T01:55:37.508+0530] {logging_mixin.py:188} INFO - [2024-03-03T01:55:37.507+0530] {dag.py:3834} INFO - Setting next_dagrun for example_short_circuit_operator to 2024-03-01 00:00:00+00:00, run_after=2024-03-02 00:00:00+00:00
[2024-03-03T01:55:37.612+0530] {processor.py:183} INFO - Processing /home/akranth/airflow/airflow_env/lib/python3.11/site-packages/airflow/example_dags/example_short_circuit_operator.py took 0.222 seconds
