[2024-03-03T01:48:20.232+0530] {processor.py:161} INFO - Started process (PID=6568) to work on /home/akranth/airflow/airflow_env/lib/python3.11/site-packages/airflow/example_dags/example_params_ui_tutorial.py
[2024-03-03T01:48:20.233+0530] {processor.py:830} INFO - Processing file /home/akranth/airflow/airflow_env/lib/python3.11/site-packages/airflow/example_dags/example_params_ui_tutorial.py for tasks to queue
[2024-03-03T01:48:20.234+0530] {logging_mixin.py:188} INFO - [2024-03-03T01:48:20.234+0530] {dagbag.py:540} INFO - Filling up the DagBag from /home/akranth/airflow/airflow_env/lib/python3.11/site-packages/airflow/example_dags/example_params_ui_tutorial.py
[2024-03-03T01:48:20.246+0530] {processor.py:840} INFO - DAG(s) 'example_params_ui_tutorial' retrieved from /home/akranth/airflow/airflow_env/lib/python3.11/site-packages/airflow/example_dags/example_params_ui_tutorial.py
[2024-03-03T01:48:20.352+0530] {logging_mixin.py:188} INFO - [2024-03-03T01:48:20.352+0530] {dag.py:3047} INFO - Sync 1 DAGs
[2024-03-03T01:48:20.360+0530] {logging_mixin.py:188} INFO - [2024-03-03T01:48:20.360+0530] {dag.py:3834} INFO - Setting next_dagrun for example_params_ui_tutorial to None, run_after=None
[2024-03-03T01:48:20.727+0530] {processor.py:183} INFO - Processing /home/akranth/airflow/airflow_env/lib/python3.11/site-packages/airflow/example_dags/example_params_ui_tutorial.py took 0.497 seconds
[2024-03-03T01:49:29.164+0530] {processor.py:161} INFO - Started process (PID=6709) to work on /home/akranth/airflow/airflow_env/lib/python3.11/site-packages/airflow/example_dags/example_params_ui_tutorial.py
[2024-03-03T01:49:29.166+0530] {processor.py:830} INFO - Processing file /home/akranth/airflow/airflow_env/lib/python3.11/site-packages/airflow/example_dags/example_params_ui_tutorial.py for tasks to queue
[2024-03-03T01:49:29.168+0530] {logging_mixin.py:188} INFO - [2024-03-03T01:49:29.167+0530] {dagbag.py:540} INFO - Filling up the DagBag from /home/akranth/airflow/airflow_env/lib/python3.11/site-packages/airflow/example_dags/example_params_ui_tutorial.py
[2024-03-03T01:49:29.191+0530] {processor.py:840} INFO - DAG(s) 'example_params_ui_tutorial' retrieved from /home/akranth/airflow/airflow_env/lib/python3.11/site-packages/airflow/example_dags/example_params_ui_tutorial.py
[2024-03-03T01:49:29.228+0530] {logging_mixin.py:188} INFO - [2024-03-03T01:49:29.228+0530] {dag.py:3047} INFO - Sync 1 DAGs
[2024-03-03T01:49:29.237+0530] {logging_mixin.py:188} INFO - [2024-03-03T01:49:29.237+0530] {dag.py:3834} INFO - Setting next_dagrun for example_params_ui_tutorial to None, run_after=None
[2024-03-03T01:49:29.525+0530] {processor.py:183} INFO - Processing /home/akranth/airflow/airflow_env/lib/python3.11/site-packages/airflow/example_dags/example_params_ui_tutorial.py took 0.367 seconds
[2024-03-03T01:50:33.728+0530] {processor.py:161} INFO - Started process (PID=6829) to work on /home/akranth/airflow/airflow_env/lib/python3.11/site-packages/airflow/example_dags/example_params_ui_tutorial.py
[2024-03-03T01:50:33.728+0530] {processor.py:830} INFO - Processing file /home/akranth/airflow/airflow_env/lib/python3.11/site-packages/airflow/example_dags/example_params_ui_tutorial.py for tasks to queue
[2024-03-03T01:50:33.729+0530] {logging_mixin.py:188} INFO - [2024-03-03T01:50:33.729+0530] {dagbag.py:540} INFO - Filling up the DagBag from /home/akranth/airflow/airflow_env/lib/python3.11/site-packages/airflow/example_dags/example_params_ui_tutorial.py
[2024-03-03T01:50:33.738+0530] {processor.py:840} INFO - DAG(s) 'example_params_ui_tutorial' retrieved from /home/akranth/airflow/airflow_env/lib/python3.11/site-packages/airflow/example_dags/example_params_ui_tutorial.py
[2024-03-03T01:50:33.769+0530] {logging_mixin.py:188} INFO - [2024-03-03T01:50:33.769+0530] {dag.py:3047} INFO - Sync 1 DAGs
[2024-03-03T01:50:33.776+0530] {logging_mixin.py:188} INFO - [2024-03-03T01:50:33.776+0530] {dag.py:3834} INFO - Setting next_dagrun for example_params_ui_tutorial to None, run_after=None
[2024-03-03T01:50:33.956+0530] {processor.py:183} INFO - Processing /home/akranth/airflow/airflow_env/lib/python3.11/site-packages/airflow/example_dags/example_params_ui_tutorial.py took 0.230 seconds
[2024-03-03T01:51:36.773+0530] {processor.py:161} INFO - Started process (PID=7010) to work on /home/akranth/airflow/airflow_env/lib/python3.11/site-packages/airflow/example_dags/example_params_ui_tutorial.py
[2024-03-03T01:51:36.852+0530] {processor.py:830} INFO - Processing file /home/akranth/airflow/airflow_env/lib/python3.11/site-packages/airflow/example_dags/example_params_ui_tutorial.py for tasks to queue
[2024-03-03T01:51:36.853+0530] {logging_mixin.py:188} INFO - [2024-03-03T01:51:36.852+0530] {dagbag.py:540} INFO - Filling up the DagBag from /home/akranth/airflow/airflow_env/lib/python3.11/site-packages/airflow/example_dags/example_params_ui_tutorial.py
[2024-03-03T01:51:36.864+0530] {processor.py:840} INFO - DAG(s) 'example_params_ui_tutorial' retrieved from /home/akranth/airflow/airflow_env/lib/python3.11/site-packages/airflow/example_dags/example_params_ui_tutorial.py
[2024-03-03T01:51:36.903+0530] {logging_mixin.py:188} INFO - [2024-03-03T01:51:36.903+0530] {dag.py:3047} INFO - Sync 1 DAGs
[2024-03-03T01:51:36.912+0530] {logging_mixin.py:188} INFO - [2024-03-03T01:51:36.912+0530] {dag.py:3834} INFO - Setting next_dagrun for example_params_ui_tutorial to None, run_after=None
[2024-03-03T01:51:37.005+0530] {processor.py:183} INFO - Processing /home/akranth/airflow/airflow_env/lib/python3.11/site-packages/airflow/example_dags/example_params_ui_tutorial.py took 0.234 seconds
[2024-03-03T01:52:39.109+0530] {processor.py:161} INFO - Started process (PID=7139) to work on /home/akranth/airflow/airflow_env/lib/python3.11/site-packages/airflow/example_dags/example_params_ui_tutorial.py
[2024-03-03T01:52:39.198+0530] {processor.py:830} INFO - Processing file /home/akranth/airflow/airflow_env/lib/python3.11/site-packages/airflow/example_dags/example_params_ui_tutorial.py for tasks to queue
[2024-03-03T01:52:39.201+0530] {logging_mixin.py:188} INFO - [2024-03-03T01:52:39.200+0530] {dagbag.py:540} INFO - Filling up the DagBag from /home/akranth/airflow/airflow_env/lib/python3.11/site-packages/airflow/example_dags/example_params_ui_tutorial.py
[2024-03-03T01:52:39.210+0530] {processor.py:840} INFO - DAG(s) 'example_params_ui_tutorial' retrieved from /home/akranth/airflow/airflow_env/lib/python3.11/site-packages/airflow/example_dags/example_params_ui_tutorial.py
[2024-03-03T01:52:39.241+0530] {logging_mixin.py:188} INFO - [2024-03-03T01:52:39.241+0530] {dag.py:3047} INFO - Sync 1 DAGs
[2024-03-03T01:52:39.249+0530] {logging_mixin.py:188} INFO - [2024-03-03T01:52:39.249+0530] {dag.py:3834} INFO - Setting next_dagrun for example_params_ui_tutorial to None, run_after=None
[2024-03-03T01:52:39.366+0530] {processor.py:183} INFO - Processing /home/akranth/airflow/airflow_env/lib/python3.11/site-packages/airflow/example_dags/example_params_ui_tutorial.py took 0.259 seconds
[2024-03-03T01:53:53.761+0530] {processor.py:161} INFO - Started process (PID=7217) to work on /home/akranth/airflow/airflow_env/lib/python3.11/site-packages/airflow/example_dags/example_params_ui_tutorial.py
[2024-03-03T01:53:53.847+0530] {processor.py:830} INFO - Processing file /home/akranth/airflow/airflow_env/lib/python3.11/site-packages/airflow/example_dags/example_params_ui_tutorial.py for tasks to queue
[2024-03-03T01:53:53.850+0530] {logging_mixin.py:188} INFO - [2024-03-03T01:53:53.849+0530] {dagbag.py:540} INFO - Filling up the DagBag from /home/akranth/airflow/airflow_env/lib/python3.11/site-packages/airflow/example_dags/example_params_ui_tutorial.py
[2024-03-03T01:53:53.878+0530] {processor.py:840} INFO - DAG(s) 'example_params_ui_tutorial' retrieved from /home/akranth/airflow/airflow_env/lib/python3.11/site-packages/airflow/example_dags/example_params_ui_tutorial.py
[2024-03-03T01:53:53.920+0530] {logging_mixin.py:188} INFO - [2024-03-03T01:53:53.920+0530] {dag.py:3047} INFO - Sync 1 DAGs
[2024-03-03T01:53:53.928+0530] {logging_mixin.py:188} INFO - [2024-03-03T01:53:53.928+0530] {dag.py:3834} INFO - Setting next_dagrun for example_params_ui_tutorial to None, run_after=None
[2024-03-03T01:53:54.042+0530] {processor.py:183} INFO - Processing /home/akranth/airflow/airflow_env/lib/python3.11/site-packages/airflow/example_dags/example_params_ui_tutorial.py took 0.284 seconds
[2024-03-03T01:55:02.824+0530] {processor.py:161} INFO - Started process (PID=7285) to work on /home/akranth/airflow/airflow_env/lib/python3.11/site-packages/airflow/example_dags/example_params_ui_tutorial.py
[2024-03-03T01:55:02.915+0530] {processor.py:830} INFO - Processing file /home/akranth/airflow/airflow_env/lib/python3.11/site-packages/airflow/example_dags/example_params_ui_tutorial.py for tasks to queue
[2024-03-03T01:55:02.918+0530] {logging_mixin.py:188} INFO - [2024-03-03T01:55:02.917+0530] {dagbag.py:540} INFO - Filling up the DagBag from /home/akranth/airflow/airflow_env/lib/python3.11/site-packages/airflow/example_dags/example_params_ui_tutorial.py
[2024-03-03T01:55:02.945+0530] {processor.py:840} INFO - DAG(s) 'example_params_ui_tutorial' retrieved from /home/akranth/airflow/airflow_env/lib/python3.11/site-packages/airflow/example_dags/example_params_ui_tutorial.py
[2024-03-03T01:55:02.987+0530] {logging_mixin.py:188} INFO - [2024-03-03T01:55:02.987+0530] {dag.py:3047} INFO - Sync 1 DAGs
[2024-03-03T01:55:02.994+0530] {logging_mixin.py:188} INFO - [2024-03-03T01:55:02.994+0530] {dag.py:3834} INFO - Setting next_dagrun for example_params_ui_tutorial to None, run_after=None
[2024-03-03T01:55:03.151+0530] {processor.py:183} INFO - Processing /home/akranth/airflow/airflow_env/lib/python3.11/site-packages/airflow/example_dags/example_params_ui_tutorial.py took 0.330 seconds
[2024-03-03T01:56:10.523+0530] {processor.py:161} INFO - Started process (PID=7373) to work on /home/akranth/airflow/airflow_env/lib/python3.11/site-packages/airflow/example_dags/example_params_ui_tutorial.py
[2024-03-03T01:56:10.604+0530] {processor.py:830} INFO - Processing file /home/akranth/airflow/airflow_env/lib/python3.11/site-packages/airflow/example_dags/example_params_ui_tutorial.py for tasks to queue
[2024-03-03T01:56:10.606+0530] {logging_mixin.py:188} INFO - [2024-03-03T01:56:10.605+0530] {dagbag.py:540} INFO - Filling up the DagBag from /home/akranth/airflow/airflow_env/lib/python3.11/site-packages/airflow/example_dags/example_params_ui_tutorial.py
[2024-03-03T01:56:10.617+0530] {processor.py:840} INFO - DAG(s) 'example_params_ui_tutorial' retrieved from /home/akranth/airflow/airflow_env/lib/python3.11/site-packages/airflow/example_dags/example_params_ui_tutorial.py
[2024-03-03T01:56:10.654+0530] {logging_mixin.py:188} INFO - [2024-03-03T01:56:10.654+0530] {dag.py:3047} INFO - Sync 1 DAGs
[2024-03-03T01:56:10.665+0530] {logging_mixin.py:188} INFO - [2024-03-03T01:56:10.664+0530] {dag.py:3834} INFO - Setting next_dagrun for example_params_ui_tutorial to None, run_after=None
[2024-03-03T01:56:10.785+0530] {processor.py:183} INFO - Processing /home/akranth/airflow/airflow_env/lib/python3.11/site-packages/airflow/example_dags/example_params_ui_tutorial.py took 0.264 seconds
