[2024-03-03T01:48:26.188+0530] {processor.py:161} INFO - Started process (PID=6572) to work on /home/akranth/airflow/airflow_env/lib/python3.11/site-packages/airflow/example_dags/example_params_trigger_ui.py
[2024-03-03T01:48:26.189+0530] {processor.py:830} INFO - Processing file /home/akranth/airflow/airflow_env/lib/python3.11/site-packages/airflow/example_dags/example_params_trigger_ui.py for tasks to queue
[2024-03-03T01:48:26.190+0530] {logging_mixin.py:188} INFO - [2024-03-03T01:48:26.189+0530] {dagbag.py:540} INFO - Filling up the DagBag from /home/akranth/airflow/airflow_env/lib/python3.11/site-packages/airflow/example_dags/example_params_trigger_ui.py
[2024-03-03T01:48:26.202+0530] {processor.py:840} INFO - DAG(s) 'example_params_trigger_ui' retrieved from /home/akranth/airflow/airflow_env/lib/python3.11/site-packages/airflow/example_dags/example_params_trigger_ui.py
[2024-03-03T01:48:26.338+0530] {logging_mixin.py:188} INFO - [2024-03-03T01:48:26.337+0530] {dag.py:3047} INFO - Sync 1 DAGs
[2024-03-03T01:48:26.466+0530] {logging_mixin.py:188} INFO - [2024-03-03T01:48:26.466+0530] {dag.py:3834} INFO - Setting next_dagrun for example_params_trigger_ui to None, run_after=None
[2024-03-03T01:48:26.704+0530] {processor.py:183} INFO - Processing /home/akranth/airflow/airflow_env/lib/python3.11/site-packages/airflow/example_dags/example_params_trigger_ui.py took 0.519 seconds
[2024-03-03T01:49:31.785+0530] {processor.py:161} INFO - Started process (PID=6729) to work on /home/akranth/airflow/airflow_env/lib/python3.11/site-packages/airflow/example_dags/example_params_trigger_ui.py
[2024-03-03T01:49:31.786+0530] {processor.py:830} INFO - Processing file /home/akranth/airflow/airflow_env/lib/python3.11/site-packages/airflow/example_dags/example_params_trigger_ui.py for tasks to queue
[2024-03-03T01:49:31.787+0530] {logging_mixin.py:188} INFO - [2024-03-03T01:49:31.787+0530] {dagbag.py:540} INFO - Filling up the DagBag from /home/akranth/airflow/airflow_env/lib/python3.11/site-packages/airflow/example_dags/example_params_trigger_ui.py
[2024-03-03T01:49:31.800+0530] {processor.py:840} INFO - DAG(s) 'example_params_trigger_ui' retrieved from /home/akranth/airflow/airflow_env/lib/python3.11/site-packages/airflow/example_dags/example_params_trigger_ui.py
[2024-03-03T01:49:31.850+0530] {logging_mixin.py:188} INFO - [2024-03-03T01:49:31.850+0530] {dag.py:3047} INFO - Sync 1 DAGs
[2024-03-03T01:49:31.982+0530] {logging_mixin.py:188} INFO - [2024-03-03T01:49:31.982+0530] {dag.py:3834} INFO - Setting next_dagrun for example_params_trigger_ui to None, run_after=None
[2024-03-03T01:49:32.157+0530] {processor.py:183} INFO - Processing /home/akranth/airflow/airflow_env/lib/python3.11/site-packages/airflow/example_dags/example_params_trigger_ui.py took 0.374 seconds
[2024-03-03T01:50:36.321+0530] {processor.py:161} INFO - Started process (PID=6833) to work on /home/akranth/airflow/airflow_env/lib/python3.11/site-packages/airflow/example_dags/example_params_trigger_ui.py
[2024-03-03T01:50:36.322+0530] {processor.py:830} INFO - Processing file /home/akranth/airflow/airflow_env/lib/python3.11/site-packages/airflow/example_dags/example_params_trigger_ui.py for tasks to queue
[2024-03-03T01:50:36.323+0530] {logging_mixin.py:188} INFO - [2024-03-03T01:50:36.323+0530] {dagbag.py:540} INFO - Filling up the DagBag from /home/akranth/airflow/airflow_env/lib/python3.11/site-packages/airflow/example_dags/example_params_trigger_ui.py
[2024-03-03T01:50:36.338+0530] {processor.py:840} INFO - DAG(s) 'example_params_trigger_ui' retrieved from /home/akranth/airflow/airflow_env/lib/python3.11/site-packages/airflow/example_dags/example_params_trigger_ui.py
[2024-03-03T01:50:36.374+0530] {logging_mixin.py:188} INFO - [2024-03-03T01:50:36.374+0530] {dag.py:3047} INFO - Sync 1 DAGs
[2024-03-03T01:50:36.385+0530] {logging_mixin.py:188} INFO - [2024-03-03T01:50:36.384+0530] {dag.py:3834} INFO - Setting next_dagrun for example_params_trigger_ui to None, run_after=None
[2024-03-03T01:50:36.558+0530] {processor.py:183} INFO - Processing /home/akranth/airflow/airflow_env/lib/python3.11/site-packages/airflow/example_dags/example_params_trigger_ui.py took 0.240 seconds
[2024-03-03T01:51:39.538+0530] {processor.py:161} INFO - Started process (PID=7012) to work on /home/akranth/airflow/airflow_env/lib/python3.11/site-packages/airflow/example_dags/example_params_trigger_ui.py
[2024-03-03T01:51:39.539+0530] {processor.py:830} INFO - Processing file /home/akranth/airflow/airflow_env/lib/python3.11/site-packages/airflow/example_dags/example_params_trigger_ui.py for tasks to queue
[2024-03-03T01:51:39.540+0530] {logging_mixin.py:188} INFO - [2024-03-03T01:51:39.539+0530] {dagbag.py:540} INFO - Filling up the DagBag from /home/akranth/airflow/airflow_env/lib/python3.11/site-packages/airflow/example_dags/example_params_trigger_ui.py
[2024-03-03T01:51:39.551+0530] {processor.py:840} INFO - DAG(s) 'example_params_trigger_ui' retrieved from /home/akranth/airflow/airflow_env/lib/python3.11/site-packages/airflow/example_dags/example_params_trigger_ui.py
[2024-03-03T01:51:39.590+0530] {logging_mixin.py:188} INFO - [2024-03-03T01:51:39.589+0530] {dag.py:3047} INFO - Sync 1 DAGs
[2024-03-03T01:51:39.600+0530] {logging_mixin.py:188} INFO - [2024-03-03T01:51:39.600+0530] {dag.py:3834} INFO - Setting next_dagrun for example_params_trigger_ui to None, run_after=None
[2024-03-03T01:51:39.763+0530] {processor.py:183} INFO - Processing /home/akranth/airflow/airflow_env/lib/python3.11/site-packages/airflow/example_dags/example_params_trigger_ui.py took 0.227 seconds
[2024-03-03T01:52:41.921+0530] {processor.py:161} INFO - Started process (PID=7141) to work on /home/akranth/airflow/airflow_env/lib/python3.11/site-packages/airflow/example_dags/example_params_trigger_ui.py
[2024-03-03T01:52:41.945+0530] {processor.py:830} INFO - Processing file /home/akranth/airflow/airflow_env/lib/python3.11/site-packages/airflow/example_dags/example_params_trigger_ui.py for tasks to queue
[2024-03-03T01:52:41.947+0530] {logging_mixin.py:188} INFO - [2024-03-03T01:52:41.946+0530] {dagbag.py:540} INFO - Filling up the DagBag from /home/akranth/airflow/airflow_env/lib/python3.11/site-packages/airflow/example_dags/example_params_trigger_ui.py
[2024-03-03T01:52:41.979+0530] {processor.py:840} INFO - DAG(s) 'example_params_trigger_ui' retrieved from /home/akranth/airflow/airflow_env/lib/python3.11/site-packages/airflow/example_dags/example_params_trigger_ui.py
[2024-03-03T01:52:42.016+0530] {logging_mixin.py:188} INFO - [2024-03-03T01:52:42.015+0530] {dag.py:3047} INFO - Sync 1 DAGs
[2024-03-03T01:52:42.025+0530] {logging_mixin.py:188} INFO - [2024-03-03T01:52:42.025+0530] {dag.py:3834} INFO - Setting next_dagrun for example_params_trigger_ui to None, run_after=None
[2024-03-03T01:52:42.142+0530] {processor.py:183} INFO - Processing /home/akranth/airflow/airflow_env/lib/python3.11/site-packages/airflow/example_dags/example_params_trigger_ui.py took 0.224 seconds
[2024-03-03T01:53:56.436+0530] {processor.py:161} INFO - Started process (PID=7222) to work on /home/akranth/airflow/airflow_env/lib/python3.11/site-packages/airflow/example_dags/example_params_trigger_ui.py
[2024-03-03T01:53:56.454+0530] {processor.py:830} INFO - Processing file /home/akranth/airflow/airflow_env/lib/python3.11/site-packages/airflow/example_dags/example_params_trigger_ui.py for tasks to queue
[2024-03-03T01:53:56.455+0530] {logging_mixin.py:188} INFO - [2024-03-03T01:53:56.454+0530] {dagbag.py:540} INFO - Filling up the DagBag from /home/akranth/airflow/airflow_env/lib/python3.11/site-packages/airflow/example_dags/example_params_trigger_ui.py
[2024-03-03T01:53:56.466+0530] {processor.py:840} INFO - DAG(s) 'example_params_trigger_ui' retrieved from /home/akranth/airflow/airflow_env/lib/python3.11/site-packages/airflow/example_dags/example_params_trigger_ui.py
[2024-03-03T01:53:56.494+0530] {logging_mixin.py:188} INFO - [2024-03-03T01:53:56.494+0530] {dag.py:3047} INFO - Sync 1 DAGs
[2024-03-03T01:53:56.501+0530] {logging_mixin.py:188} INFO - [2024-03-03T01:53:56.501+0530] {dag.py:3834} INFO - Setting next_dagrun for example_params_trigger_ui to None, run_after=None
[2024-03-03T01:53:56.621+0530] {processor.py:183} INFO - Processing /home/akranth/airflow/airflow_env/lib/python3.11/site-packages/airflow/example_dags/example_params_trigger_ui.py took 0.187 seconds
[2024-03-03T01:55:05.577+0530] {processor.py:161} INFO - Started process (PID=7287) to work on /home/akranth/airflow/airflow_env/lib/python3.11/site-packages/airflow/example_dags/example_params_trigger_ui.py
[2024-03-03T01:55:05.577+0530] {processor.py:830} INFO - Processing file /home/akranth/airflow/airflow_env/lib/python3.11/site-packages/airflow/example_dags/example_params_trigger_ui.py for tasks to queue
[2024-03-03T01:55:05.578+0530] {logging_mixin.py:188} INFO - [2024-03-03T01:55:05.578+0530] {dagbag.py:540} INFO - Filling up the DagBag from /home/akranth/airflow/airflow_env/lib/python3.11/site-packages/airflow/example_dags/example_params_trigger_ui.py
[2024-03-03T01:55:05.588+0530] {processor.py:840} INFO - DAG(s) 'example_params_trigger_ui' retrieved from /home/akranth/airflow/airflow_env/lib/python3.11/site-packages/airflow/example_dags/example_params_trigger_ui.py
[2024-03-03T01:55:05.617+0530] {logging_mixin.py:188} INFO - [2024-03-03T01:55:05.617+0530] {dag.py:3047} INFO - Sync 1 DAGs
[2024-03-03T01:55:05.624+0530] {logging_mixin.py:188} INFO - [2024-03-03T01:55:05.624+0530] {dag.py:3834} INFO - Setting next_dagrun for example_params_trigger_ui to None, run_after=None
[2024-03-03T01:55:05.817+0530] {processor.py:183} INFO - Processing /home/akranth/airflow/airflow_env/lib/python3.11/site-packages/airflow/example_dags/example_params_trigger_ui.py took 0.243 seconds
[2024-03-03T01:56:13.211+0530] {processor.py:161} INFO - Started process (PID=7381) to work on /home/akranth/airflow/airflow_env/lib/python3.11/site-packages/airflow/example_dags/example_params_trigger_ui.py
[2024-03-03T01:56:13.212+0530] {processor.py:830} INFO - Processing file /home/akranth/airflow/airflow_env/lib/python3.11/site-packages/airflow/example_dags/example_params_trigger_ui.py for tasks to queue
[2024-03-03T01:56:13.212+0530] {logging_mixin.py:188} INFO - [2024-03-03T01:56:13.212+0530] {dagbag.py:540} INFO - Filling up the DagBag from /home/akranth/airflow/airflow_env/lib/python3.11/site-packages/airflow/example_dags/example_params_trigger_ui.py
[2024-03-03T01:56:13.225+0530] {processor.py:840} INFO - DAG(s) 'example_params_trigger_ui' retrieved from /home/akranth/airflow/airflow_env/lib/python3.11/site-packages/airflow/example_dags/example_params_trigger_ui.py
[2024-03-03T01:56:13.259+0530] {logging_mixin.py:188} INFO - [2024-03-03T01:56:13.259+0530] {dag.py:3047} INFO - Sync 1 DAGs
[2024-03-03T01:56:13.268+0530] {logging_mixin.py:188} INFO - [2024-03-03T01:56:13.268+0530] {dag.py:3834} INFO - Setting next_dagrun for example_params_trigger_ui to None, run_after=None
[2024-03-03T01:56:13.413+0530] {processor.py:183} INFO - Processing /home/akranth/airflow/airflow_env/lib/python3.11/site-packages/airflow/example_dags/example_params_trigger_ui.py took 0.205 seconds
