[2024-03-03T01:48:37.441+0530] {processor.py:161} INFO - Started process (PID=6583) to work on /home/akranth/airflow/airflow_env/lib/python3.11/site-packages/airflow/example_dags/example_python_decorator.py
[2024-03-03T01:48:37.442+0530] {processor.py:830} INFO - Processing file /home/akranth/airflow/airflow_env/lib/python3.11/site-packages/airflow/example_dags/example_python_decorator.py for tasks to queue
[2024-03-03T01:48:37.443+0530] {logging_mixin.py:188} INFO - [2024-03-03T01:48:37.443+0530] {dagbag.py:540} INFO - Filling up the DagBag from /home/akranth/airflow/airflow_env/lib/python3.11/site-packages/airflow/example_dags/example_python_decorator.py
[2024-03-03T01:48:37.463+0530] {processor.py:840} INFO - DAG(s) 'example_python_decorator' retrieved from /home/akranth/airflow/airflow_env/lib/python3.11/site-packages/airflow/example_dags/example_python_decorator.py
[2024-03-03T01:48:37.537+0530] {logging_mixin.py:188} INFO - [2024-03-03T01:48:37.537+0530] {dag.py:3047} INFO - Sync 1 DAGs
[2024-03-03T01:48:37.615+0530] {logging_mixin.py:188} INFO - [2024-03-03T01:48:37.615+0530] {dag.py:3834} INFO - Setting next_dagrun for example_python_decorator to None, run_after=None
[2024-03-03T01:48:37.801+0530] {processor.py:183} INFO - Processing /home/akranth/airflow/airflow_env/lib/python3.11/site-packages/airflow/example_dags/example_python_decorator.py took 0.363 seconds
[2024-03-03T01:49:41.491+0530] {processor.py:161} INFO - Started process (PID=6755) to work on /home/akranth/airflow/airflow_env/lib/python3.11/site-packages/airflow/example_dags/example_python_decorator.py
[2024-03-03T01:49:41.576+0530] {processor.py:830} INFO - Processing file /home/akranth/airflow/airflow_env/lib/python3.11/site-packages/airflow/example_dags/example_python_decorator.py for tasks to queue
[2024-03-03T01:49:41.578+0530] {logging_mixin.py:188} INFO - [2024-03-03T01:49:41.577+0530] {dagbag.py:540} INFO - Filling up the DagBag from /home/akranth/airflow/airflow_env/lib/python3.11/site-packages/airflow/example_dags/example_python_decorator.py
[2024-03-03T01:49:41.589+0530] {processor.py:840} INFO - DAG(s) 'example_python_decorator' retrieved from /home/akranth/airflow/airflow_env/lib/python3.11/site-packages/airflow/example_dags/example_python_decorator.py
[2024-03-03T01:49:41.602+0530] {logging_mixin.py:188} INFO - [2024-03-03T01:49:41.602+0530] {dag.py:3047} INFO - Sync 1 DAGs
[2024-03-03T01:49:41.690+0530] {logging_mixin.py:188} INFO - [2024-03-03T01:49:41.690+0530] {dag.py:3834} INFO - Setting next_dagrun for example_python_decorator to None, run_after=None
[2024-03-03T01:49:41.801+0530] {processor.py:183} INFO - Processing /home/akranth/airflow/airflow_env/lib/python3.11/site-packages/airflow/example_dags/example_python_decorator.py took 0.312 seconds
[2024-03-03T01:50:47.227+0530] {processor.py:161} INFO - Started process (PID=6849) to work on /home/akranth/airflow/airflow_env/lib/python3.11/site-packages/airflow/example_dags/example_python_decorator.py
[2024-03-03T01:50:47.229+0530] {processor.py:830} INFO - Processing file /home/akranth/airflow/airflow_env/lib/python3.11/site-packages/airflow/example_dags/example_python_decorator.py for tasks to queue
[2024-03-03T01:50:47.231+0530] {logging_mixin.py:188} INFO - [2024-03-03T01:50:47.230+0530] {dagbag.py:540} INFO - Filling up the DagBag from /home/akranth/airflow/airflow_env/lib/python3.11/site-packages/airflow/example_dags/example_python_decorator.py
[2024-03-03T01:50:47.255+0530] {processor.py:840} INFO - DAG(s) 'example_python_decorator' retrieved from /home/akranth/airflow/airflow_env/lib/python3.11/site-packages/airflow/example_dags/example_python_decorator.py
[2024-03-03T01:50:47.270+0530] {logging_mixin.py:188} INFO - [2024-03-03T01:50:47.270+0530] {dag.py:3047} INFO - Sync 1 DAGs
[2024-03-03T01:50:47.278+0530] {logging_mixin.py:188} INFO - [2024-03-03T01:50:47.278+0530] {dag.py:3834} INFO - Setting next_dagrun for example_python_decorator to None, run_after=None
[2024-03-03T01:50:47.386+0530] {processor.py:183} INFO - Processing /home/akranth/airflow/airflow_env/lib/python3.11/site-packages/airflow/example_dags/example_python_decorator.py took 0.165 seconds
[2024-03-03T01:51:49.768+0530] {processor.py:161} INFO - Started process (PID=7020) to work on /home/akranth/airflow/airflow_env/lib/python3.11/site-packages/airflow/example_dags/example_python_decorator.py
[2024-03-03T01:51:49.769+0530] {processor.py:830} INFO - Processing file /home/akranth/airflow/airflow_env/lib/python3.11/site-packages/airflow/example_dags/example_python_decorator.py for tasks to queue
[2024-03-03T01:51:49.770+0530] {logging_mixin.py:188} INFO - [2024-03-03T01:51:49.770+0530] {dagbag.py:540} INFO - Filling up the DagBag from /home/akranth/airflow/airflow_env/lib/python3.11/site-packages/airflow/example_dags/example_python_decorator.py
[2024-03-03T01:51:49.782+0530] {processor.py:840} INFO - DAG(s) 'example_python_decorator' retrieved from /home/akranth/airflow/airflow_env/lib/python3.11/site-packages/airflow/example_dags/example_python_decorator.py
[2024-03-03T01:51:49.797+0530] {logging_mixin.py:188} INFO - [2024-03-03T01:51:49.796+0530] {dag.py:3047} INFO - Sync 1 DAGs
[2024-03-03T01:51:49.807+0530] {logging_mixin.py:188} INFO - [2024-03-03T01:51:49.806+0530] {dag.py:3834} INFO - Setting next_dagrun for example_python_decorator to None, run_after=None
[2024-03-03T01:51:49.995+0530] {processor.py:183} INFO - Processing /home/akranth/airflow/airflow_env/lib/python3.11/site-packages/airflow/example_dags/example_python_decorator.py took 0.229 seconds
[2024-03-03T01:52:52.403+0530] {processor.py:161} INFO - Started process (PID=7151) to work on /home/akranth/airflow/airflow_env/lib/python3.11/site-packages/airflow/example_dags/example_python_decorator.py
[2024-03-03T01:52:52.479+0530] {processor.py:830} INFO - Processing file /home/akranth/airflow/airflow_env/lib/python3.11/site-packages/airflow/example_dags/example_python_decorator.py for tasks to queue
[2024-03-03T01:52:52.481+0530] {logging_mixin.py:188} INFO - [2024-03-03T01:52:52.481+0530] {dagbag.py:540} INFO - Filling up the DagBag from /home/akranth/airflow/airflow_env/lib/python3.11/site-packages/airflow/example_dags/example_python_decorator.py
[2024-03-03T01:52:52.513+0530] {processor.py:840} INFO - DAG(s) 'example_python_decorator' retrieved from /home/akranth/airflow/airflow_env/lib/python3.11/site-packages/airflow/example_dags/example_python_decorator.py
[2024-03-03T01:52:52.531+0530] {logging_mixin.py:188} INFO - [2024-03-03T01:52:52.531+0530] {dag.py:3047} INFO - Sync 1 DAGs
[2024-03-03T01:52:52.541+0530] {logging_mixin.py:188} INFO - [2024-03-03T01:52:52.541+0530] {dag.py:3834} INFO - Setting next_dagrun for example_python_decorator to None, run_after=None
[2024-03-03T01:52:52.659+0530] {processor.py:183} INFO - Processing /home/akranth/airflow/airflow_env/lib/python3.11/site-packages/airflow/example_dags/example_python_decorator.py took 0.259 seconds
[2024-03-03T01:54:05.744+0530] {processor.py:161} INFO - Started process (PID=7231) to work on /home/akranth/airflow/airflow_env/lib/python3.11/site-packages/airflow/example_dags/example_python_decorator.py
[2024-03-03T01:54:05.746+0530] {processor.py:830} INFO - Processing file /home/akranth/airflow/airflow_env/lib/python3.11/site-packages/airflow/example_dags/example_python_decorator.py for tasks to queue
[2024-03-03T01:54:05.748+0530] {logging_mixin.py:188} INFO - [2024-03-03T01:54:05.747+0530] {dagbag.py:540} INFO - Filling up the DagBag from /home/akranth/airflow/airflow_env/lib/python3.11/site-packages/airflow/example_dags/example_python_decorator.py
[2024-03-03T01:54:05.773+0530] {processor.py:840} INFO - DAG(s) 'example_python_decorator' retrieved from /home/akranth/airflow/airflow_env/lib/python3.11/site-packages/airflow/example_dags/example_python_decorator.py
[2024-03-03T01:54:05.789+0530] {logging_mixin.py:188} INFO - [2024-03-03T01:54:05.788+0530] {dag.py:3047} INFO - Sync 1 DAGs
[2024-03-03T01:54:05.798+0530] {logging_mixin.py:188} INFO - [2024-03-03T01:54:05.798+0530] {dag.py:3834} INFO - Setting next_dagrun for example_python_decorator to None, run_after=None
[2024-03-03T01:54:05.982+0530] {processor.py:183} INFO - Processing /home/akranth/airflow/airflow_env/lib/python3.11/site-packages/airflow/example_dags/example_python_decorator.py took 0.244 seconds
[2024-03-03T01:55:14.664+0530] {processor.py:161} INFO - Started process (PID=7295) to work on /home/akranth/airflow/airflow_env/lib/python3.11/site-packages/airflow/example_dags/example_python_decorator.py
[2024-03-03T01:55:14.665+0530] {processor.py:830} INFO - Processing file /home/akranth/airflow/airflow_env/lib/python3.11/site-packages/airflow/example_dags/example_python_decorator.py for tasks to queue
[2024-03-03T01:55:14.666+0530] {logging_mixin.py:188} INFO - [2024-03-03T01:55:14.665+0530] {dagbag.py:540} INFO - Filling up the DagBag from /home/akranth/airflow/airflow_env/lib/python3.11/site-packages/airflow/example_dags/example_python_decorator.py
[2024-03-03T01:55:14.676+0530] {processor.py:840} INFO - DAG(s) 'example_python_decorator' retrieved from /home/akranth/airflow/airflow_env/lib/python3.11/site-packages/airflow/example_dags/example_python_decorator.py
[2024-03-03T01:55:14.688+0530] {logging_mixin.py:188} INFO - [2024-03-03T01:55:14.688+0530] {dag.py:3047} INFO - Sync 1 DAGs
[2024-03-03T01:55:14.696+0530] {logging_mixin.py:188} INFO - [2024-03-03T01:55:14.696+0530] {dag.py:3834} INFO - Setting next_dagrun for example_python_decorator to None, run_after=None
[2024-03-03T01:55:14.876+0530] {processor.py:183} INFO - Processing /home/akranth/airflow/airflow_env/lib/python3.11/site-packages/airflow/example_dags/example_python_decorator.py took 0.213 seconds
