[2024-03-03T01:48:27.762+0530] {processor.py:161} INFO - Started process (PID=6573) to work on /home/akranth/airflow/airflow_env/lib/python3.11/site-packages/airflow/example_dags/example_task_group_decorator.py
[2024-03-03T01:48:27.763+0530] {processor.py:830} INFO - Processing file /home/akranth/airflow/airflow_env/lib/python3.11/site-packages/airflow/example_dags/example_task_group_decorator.py for tasks to queue
[2024-03-03T01:48:27.763+0530] {logging_mixin.py:188} INFO - [2024-03-03T01:48:27.763+0530] {dagbag.py:540} INFO - Filling up the DagBag from /home/akranth/airflow/airflow_env/lib/python3.11/site-packages/airflow/example_dags/example_task_group_decorator.py
[2024-03-03T01:48:27.780+0530] {processor.py:840} INFO - DAG(s) 'example_task_group_decorator' retrieved from /home/akranth/airflow/airflow_env/lib/python3.11/site-packages/airflow/example_dags/example_task_group_decorator.py
[2024-03-03T01:48:27.881+0530] {logging_mixin.py:188} INFO - [2024-03-03T01:48:27.881+0530] {dag.py:3047} INFO - Sync 1 DAGs
[2024-03-03T01:48:27.988+0530] {logging_mixin.py:188} INFO - [2024-03-03T01:48:27.988+0530] {dag.py:3834} INFO - Setting next_dagrun for example_task_group_decorator to 2024-03-01 00:00:00+00:00, run_after=2024-03-02 00:00:00+00:00
[2024-03-03T01:48:28.263+0530] {processor.py:183} INFO - Processing /home/akranth/airflow/airflow_env/lib/python3.11/site-packages/airflow/example_dags/example_task_group_decorator.py took 0.503 seconds
[2024-03-03T01:49:33.467+0530] {processor.py:161} INFO - Started process (PID=6748) to work on /home/akranth/airflow/airflow_env/lib/python3.11/site-packages/airflow/example_dags/example_task_group_decorator.py
[2024-03-03T01:49:33.489+0530] {processor.py:830} INFO - Processing file /home/akranth/airflow/airflow_env/lib/python3.11/site-packages/airflow/example_dags/example_task_group_decorator.py for tasks to queue
[2024-03-03T01:49:33.490+0530] {logging_mixin.py:188} INFO - [2024-03-03T01:49:33.490+0530] {dagbag.py:540} INFO - Filling up the DagBag from /home/akranth/airflow/airflow_env/lib/python3.11/site-packages/airflow/example_dags/example_task_group_decorator.py
[2024-03-03T01:49:33.504+0530] {processor.py:840} INFO - DAG(s) 'example_task_group_decorator' retrieved from /home/akranth/airflow/airflow_env/lib/python3.11/site-packages/airflow/example_dags/example_task_group_decorator.py
[2024-03-03T01:49:33.517+0530] {logging_mixin.py:188} INFO - [2024-03-03T01:49:33.517+0530] {dag.py:3047} INFO - Sync 1 DAGs
[2024-03-03T01:49:33.607+0530] {logging_mixin.py:188} INFO - [2024-03-03T01:49:33.607+0530] {dag.py:3834} INFO - Setting next_dagrun for example_task_group_decorator to 2024-03-01 00:00:00+00:00, run_after=2024-03-02 00:00:00+00:00
[2024-03-03T01:49:33.720+0530] {processor.py:183} INFO - Processing /home/akranth/airflow/airflow_env/lib/python3.11/site-packages/airflow/example_dags/example_task_group_decorator.py took 0.254 seconds
[2024-03-03T01:50:37.750+0530] {processor.py:161} INFO - Started process (PID=6834) to work on /home/akranth/airflow/airflow_env/lib/python3.11/site-packages/airflow/example_dags/example_task_group_decorator.py
[2024-03-03T01:50:37.835+0530] {processor.py:830} INFO - Processing file /home/akranth/airflow/airflow_env/lib/python3.11/site-packages/airflow/example_dags/example_task_group_decorator.py for tasks to queue
[2024-03-03T01:50:37.837+0530] {logging_mixin.py:188} INFO - [2024-03-03T01:50:37.836+0530] {dagbag.py:540} INFO - Filling up the DagBag from /home/akranth/airflow/airflow_env/lib/python3.11/site-packages/airflow/example_dags/example_task_group_decorator.py
[2024-03-03T01:50:37.867+0530] {processor.py:840} INFO - DAG(s) 'example_task_group_decorator' retrieved from /home/akranth/airflow/airflow_env/lib/python3.11/site-packages/airflow/example_dags/example_task_group_decorator.py
[2024-03-03T01:50:37.888+0530] {logging_mixin.py:188} INFO - [2024-03-03T01:50:37.888+0530] {dag.py:3047} INFO - Sync 1 DAGs
[2024-03-03T01:50:37.902+0530] {logging_mixin.py:188} INFO - [2024-03-03T01:50:37.902+0530] {dag.py:3834} INFO - Setting next_dagrun for example_task_group_decorator to 2024-03-01 00:00:00+00:00, run_after=2024-03-02 00:00:00+00:00
[2024-03-03T01:50:38.016+0530] {processor.py:183} INFO - Processing /home/akranth/airflow/airflow_env/lib/python3.11/site-packages/airflow/example_dags/example_task_group_decorator.py took 0.269 seconds
[2024-03-03T01:51:40.783+0530] {processor.py:161} INFO - Started process (PID=7013) to work on /home/akranth/airflow/airflow_env/lib/python3.11/site-packages/airflow/example_dags/example_task_group_decorator.py
[2024-03-03T01:51:40.784+0530] {processor.py:830} INFO - Processing file /home/akranth/airflow/airflow_env/lib/python3.11/site-packages/airflow/example_dags/example_task_group_decorator.py for tasks to queue
[2024-03-03T01:51:40.785+0530] {logging_mixin.py:188} INFO - [2024-03-03T01:51:40.784+0530] {dagbag.py:540} INFO - Filling up the DagBag from /home/akranth/airflow/airflow_env/lib/python3.11/site-packages/airflow/example_dags/example_task_group_decorator.py
[2024-03-03T01:51:40.797+0530] {processor.py:840} INFO - DAG(s) 'example_task_group_decorator' retrieved from /home/akranth/airflow/airflow_env/lib/python3.11/site-packages/airflow/example_dags/example_task_group_decorator.py
[2024-03-03T01:51:40.811+0530] {logging_mixin.py:188} INFO - [2024-03-03T01:51:40.810+0530] {dag.py:3047} INFO - Sync 1 DAGs
[2024-03-03T01:51:40.825+0530] {logging_mixin.py:188} INFO - [2024-03-03T01:51:40.824+0530] {dag.py:3834} INFO - Setting next_dagrun for example_task_group_decorator to 2024-03-01 00:00:00+00:00, run_after=2024-03-02 00:00:00+00:00
[2024-03-03T01:51:40.995+0530] {processor.py:183} INFO - Processing /home/akranth/airflow/airflow_env/lib/python3.11/site-packages/airflow/example_dags/example_task_group_decorator.py took 0.214 seconds
[2024-03-03T01:52:42.909+0530] {processor.py:161} INFO - Started process (PID=7142) to work on /home/akranth/airflow/airflow_env/lib/python3.11/site-packages/airflow/example_dags/example_task_group_decorator.py
[2024-03-03T01:52:42.909+0530] {processor.py:830} INFO - Processing file /home/akranth/airflow/airflow_env/lib/python3.11/site-packages/airflow/example_dags/example_task_group_decorator.py for tasks to queue
[2024-03-03T01:52:42.910+0530] {logging_mixin.py:188} INFO - [2024-03-03T01:52:42.910+0530] {dagbag.py:540} INFO - Filling up the DagBag from /home/akranth/airflow/airflow_env/lib/python3.11/site-packages/airflow/example_dags/example_task_group_decorator.py
[2024-03-03T01:52:42.926+0530] {processor.py:840} INFO - DAG(s) 'example_task_group_decorator' retrieved from /home/akranth/airflow/airflow_env/lib/python3.11/site-packages/airflow/example_dags/example_task_group_decorator.py
[2024-03-03T01:52:42.943+0530] {logging_mixin.py:188} INFO - [2024-03-03T01:52:42.942+0530] {dag.py:3047} INFO - Sync 1 DAGs
[2024-03-03T01:52:42.960+0530] {logging_mixin.py:188} INFO - [2024-03-03T01:52:42.960+0530] {dag.py:3834} INFO - Setting next_dagrun for example_task_group_decorator to 2024-03-01 00:00:00+00:00, run_after=2024-03-02 00:00:00+00:00
[2024-03-03T01:52:43.076+0530] {processor.py:183} INFO - Processing /home/akranth/airflow/airflow_env/lib/python3.11/site-packages/airflow/example_dags/example_task_group_decorator.py took 0.170 seconds
[2024-03-03T01:53:57.674+0530] {processor.py:161} INFO - Started process (PID=7223) to work on /home/akranth/airflow/airflow_env/lib/python3.11/site-packages/airflow/example_dags/example_task_group_decorator.py
[2024-03-03T01:53:57.674+0530] {processor.py:830} INFO - Processing file /home/akranth/airflow/airflow_env/lib/python3.11/site-packages/airflow/example_dags/example_task_group_decorator.py for tasks to queue
[2024-03-03T01:53:57.675+0530] {logging_mixin.py:188} INFO - [2024-03-03T01:53:57.675+0530] {dagbag.py:540} INFO - Filling up the DagBag from /home/akranth/airflow/airflow_env/lib/python3.11/site-packages/airflow/example_dags/example_task_group_decorator.py
[2024-03-03T01:53:57.687+0530] {processor.py:840} INFO - DAG(s) 'example_task_group_decorator' retrieved from /home/akranth/airflow/airflow_env/lib/python3.11/site-packages/airflow/example_dags/example_task_group_decorator.py
[2024-03-03T01:53:57.700+0530] {logging_mixin.py:188} INFO - [2024-03-03T01:53:57.700+0530] {dag.py:3047} INFO - Sync 1 DAGs
[2024-03-03T01:53:57.713+0530] {logging_mixin.py:188} INFO - [2024-03-03T01:53:57.713+0530] {dag.py:3834} INFO - Setting next_dagrun for example_task_group_decorator to 2024-03-01 00:00:00+00:00, run_after=2024-03-02 00:00:00+00:00
[2024-03-03T01:53:57.828+0530] {processor.py:183} INFO - Processing /home/akranth/airflow/airflow_env/lib/python3.11/site-packages/airflow/example_dags/example_task_group_decorator.py took 0.157 seconds
[2024-03-03T01:55:06.259+0530] {processor.py:161} INFO - Started process (PID=7288) to work on /home/akranth/airflow/airflow_env/lib/python3.11/site-packages/airflow/example_dags/example_task_group_decorator.py
[2024-03-03T01:55:06.260+0530] {processor.py:830} INFO - Processing file /home/akranth/airflow/airflow_env/lib/python3.11/site-packages/airflow/example_dags/example_task_group_decorator.py for tasks to queue
[2024-03-03T01:55:06.260+0530] {logging_mixin.py:188} INFO - [2024-03-03T01:55:06.260+0530] {dagbag.py:540} INFO - Filling up the DagBag from /home/akranth/airflow/airflow_env/lib/python3.11/site-packages/airflow/example_dags/example_task_group_decorator.py
[2024-03-03T01:55:06.272+0530] {processor.py:840} INFO - DAG(s) 'example_task_group_decorator' retrieved from /home/akranth/airflow/airflow_env/lib/python3.11/site-packages/airflow/example_dags/example_task_group_decorator.py
[2024-03-03T01:55:06.286+0530] {logging_mixin.py:188} INFO - [2024-03-03T01:55:06.285+0530] {dag.py:3047} INFO - Sync 1 DAGs
[2024-03-03T01:55:06.299+0530] {logging_mixin.py:188} INFO - [2024-03-03T01:55:06.299+0530] {dag.py:3834} INFO - Setting next_dagrun for example_task_group_decorator to 2024-03-01 00:00:00+00:00, run_after=2024-03-02 00:00:00+00:00
[2024-03-03T01:55:06.416+0530] {processor.py:183} INFO - Processing /home/akranth/airflow/airflow_env/lib/python3.11/site-packages/airflow/example_dags/example_task_group_decorator.py took 0.159 seconds
[2024-03-03T01:56:13.918+0530] {processor.py:161} INFO - Started process (PID=7382) to work on /home/akranth/airflow/airflow_env/lib/python3.11/site-packages/airflow/example_dags/example_task_group_decorator.py
[2024-03-03T01:56:13.918+0530] {processor.py:830} INFO - Processing file /home/akranth/airflow/airflow_env/lib/python3.11/site-packages/airflow/example_dags/example_task_group_decorator.py for tasks to queue
[2024-03-03T01:56:13.919+0530] {logging_mixin.py:188} INFO - [2024-03-03T01:56:13.919+0530] {dagbag.py:540} INFO - Filling up the DagBag from /home/akranth/airflow/airflow_env/lib/python3.11/site-packages/airflow/example_dags/example_task_group_decorator.py
[2024-03-03T01:56:13.931+0530] {processor.py:840} INFO - DAG(s) 'example_task_group_decorator' retrieved from /home/akranth/airflow/airflow_env/lib/python3.11/site-packages/airflow/example_dags/example_task_group_decorator.py
[2024-03-03T01:56:13.945+0530] {logging_mixin.py:188} INFO - [2024-03-03T01:56:13.944+0530] {dag.py:3047} INFO - Sync 1 DAGs
[2024-03-03T01:56:13.961+0530] {logging_mixin.py:188} INFO - [2024-03-03T01:56:13.961+0530] {dag.py:3834} INFO - Setting next_dagrun for example_task_group_decorator to 2024-03-01 00:00:00+00:00, run_after=2024-03-02 00:00:00+00:00
[2024-03-03T01:56:14.162+0530] {processor.py:183} INFO - Processing /home/akranth/airflow/airflow_env/lib/python3.11/site-packages/airflow/example_dags/example_task_group_decorator.py took 0.246 seconds
