[2024-03-03T01:48:57.953+0530] {processor.py:161} INFO - Started process (PID=6600) to work on /home/akranth/airflow/airflow_env/lib/python3.11/site-packages/airflow/example_dags/example_trigger_target_dag.py
[2024-03-03T01:48:57.954+0530] {processor.py:830} INFO - Processing file /home/akranth/airflow/airflow_env/lib/python3.11/site-packages/airflow/example_dags/example_trigger_target_dag.py for tasks to queue
[2024-03-03T01:48:57.955+0530] {logging_mixin.py:188} INFO - [2024-03-03T01:48:57.955+0530] {dagbag.py:540} INFO - Filling up the DagBag from /home/akranth/airflow/airflow_env/lib/python3.11/site-packages/airflow/example_dags/example_trigger_target_dag.py
[2024-03-03T01:48:57.963+0530] {processor.py:840} INFO - DAG(s) 'example_trigger_target_dag' retrieved from /home/akranth/airflow/airflow_env/lib/python3.11/site-packages/airflow/example_dags/example_trigger_target_dag.py
[2024-03-03T01:48:58.117+0530] {logging_mixin.py:188} INFO - [2024-03-03T01:48:58.117+0530] {dag.py:3047} INFO - Sync 1 DAGs
[2024-03-03T01:48:58.123+0530] {logging_mixin.py:188} INFO - [2024-03-03T01:48:58.123+0530] {dag.py:3834} INFO - Setting next_dagrun for example_trigger_target_dag to None, run_after=None
[2024-03-03T01:48:58.250+0530] {processor.py:183} INFO - Processing /home/akranth/airflow/airflow_env/lib/python3.11/site-packages/airflow/example_dags/example_trigger_target_dag.py took 0.300 seconds
[2024-03-03T01:50:04.527+0530] {processor.py:161} INFO - Started process (PID=6779) to work on /home/akranth/airflow/airflow_env/lib/python3.11/site-packages/airflow/example_dags/example_trigger_target_dag.py
[2024-03-03T01:50:04.528+0530] {processor.py:830} INFO - Processing file /home/akranth/airflow/airflow_env/lib/python3.11/site-packages/airflow/example_dags/example_trigger_target_dag.py for tasks to queue
[2024-03-03T01:50:04.529+0530] {logging_mixin.py:188} INFO - [2024-03-03T01:50:04.529+0530] {dagbag.py:540} INFO - Filling up the DagBag from /home/akranth/airflow/airflow_env/lib/python3.11/site-packages/airflow/example_dags/example_trigger_target_dag.py
[2024-03-03T01:50:04.533+0530] {processor.py:840} INFO - DAG(s) 'example_trigger_target_dag' retrieved from /home/akranth/airflow/airflow_env/lib/python3.11/site-packages/airflow/example_dags/example_trigger_target_dag.py
[2024-03-03T01:50:04.627+0530] {logging_mixin.py:188} INFO - [2024-03-03T01:50:04.627+0530] {dag.py:3047} INFO - Sync 1 DAGs
[2024-03-03T01:50:04.635+0530] {logging_mixin.py:188} INFO - [2024-03-03T01:50:04.635+0530] {dag.py:3834} INFO - Setting next_dagrun for example_trigger_target_dag to None, run_after=None
[2024-03-03T01:50:04.821+0530] {processor.py:183} INFO - Processing /home/akranth/airflow/airflow_env/lib/python3.11/site-packages/airflow/example_dags/example_trigger_target_dag.py took 0.296 seconds
[2024-03-03T01:51:09.930+0530] {processor.py:161} INFO - Started process (PID=6981) to work on /home/akranth/airflow/airflow_env/lib/python3.11/site-packages/airflow/example_dags/example_trigger_target_dag.py
[2024-03-03T01:51:09.931+0530] {processor.py:830} INFO - Processing file /home/akranth/airflow/airflow_env/lib/python3.11/site-packages/airflow/example_dags/example_trigger_target_dag.py for tasks to queue
[2024-03-03T01:51:09.932+0530] {logging_mixin.py:188} INFO - [2024-03-03T01:51:09.931+0530] {dagbag.py:540} INFO - Filling up the DagBag from /home/akranth/airflow/airflow_env/lib/python3.11/site-packages/airflow/example_dags/example_trigger_target_dag.py
[2024-03-03T01:51:09.941+0530] {processor.py:840} INFO - DAG(s) 'example_trigger_target_dag' retrieved from /home/akranth/airflow/airflow_env/lib/python3.11/site-packages/airflow/example_dags/example_trigger_target_dag.py
[2024-03-03T01:51:09.954+0530] {logging_mixin.py:188} INFO - [2024-03-03T01:51:09.954+0530] {dag.py:3047} INFO - Sync 1 DAGs
[2024-03-03T01:51:09.964+0530] {logging_mixin.py:188} INFO - [2024-03-03T01:51:09.964+0530] {dag.py:3834} INFO - Setting next_dagrun for example_trigger_target_dag to None, run_after=None
[2024-03-03T01:51:10.081+0530] {processor.py:183} INFO - Processing /home/akranth/airflow/airflow_env/lib/python3.11/site-packages/airflow/example_dags/example_trigger_target_dag.py took 0.155 seconds
[2024-03-03T01:52:13.589+0530] {processor.py:161} INFO - Started process (PID=7109) to work on /home/akranth/airflow/airflow_env/lib/python3.11/site-packages/airflow/example_dags/example_trigger_target_dag.py
[2024-03-03T01:52:13.598+0530] {processor.py:830} INFO - Processing file /home/akranth/airflow/airflow_env/lib/python3.11/site-packages/airflow/example_dags/example_trigger_target_dag.py for tasks to queue
[2024-03-03T01:52:13.600+0530] {logging_mixin.py:188} INFO - [2024-03-03T01:52:13.599+0530] {dagbag.py:540} INFO - Filling up the DagBag from /home/akranth/airflow/airflow_env/lib/python3.11/site-packages/airflow/example_dags/example_trigger_target_dag.py
[2024-03-03T01:52:13.609+0530] {processor.py:840} INFO - DAG(s) 'example_trigger_target_dag' retrieved from /home/akranth/airflow/airflow_env/lib/python3.11/site-packages/airflow/example_dags/example_trigger_target_dag.py
[2024-03-03T01:52:13.621+0530] {logging_mixin.py:188} INFO - [2024-03-03T01:52:13.621+0530] {dag.py:3047} INFO - Sync 1 DAGs
[2024-03-03T01:52:13.629+0530] {logging_mixin.py:188} INFO - [2024-03-03T01:52:13.629+0530] {dag.py:3834} INFO - Setting next_dagrun for example_trigger_target_dag to None, run_after=None
[2024-03-03T01:52:13.899+0530] {processor.py:183} INFO - Processing /home/akranth/airflow/airflow_env/lib/python3.11/site-packages/airflow/example_dags/example_trigger_target_dag.py took 0.312 seconds
[2024-03-03T01:53:23.301+0530] {processor.py:161} INFO - Started process (PID=7193) to work on /home/akranth/airflow/airflow_env/lib/python3.11/site-packages/airflow/example_dags/example_trigger_target_dag.py
[2024-03-03T01:53:23.388+0530] {processor.py:830} INFO - Processing file /home/akranth/airflow/airflow_env/lib/python3.11/site-packages/airflow/example_dags/example_trigger_target_dag.py for tasks to queue
[2024-03-03T01:53:23.390+0530] {logging_mixin.py:188} INFO - [2024-03-03T01:53:23.389+0530] {dagbag.py:540} INFO - Filling up the DagBag from /home/akranth/airflow/airflow_env/lib/python3.11/site-packages/airflow/example_dags/example_trigger_target_dag.py
[2024-03-03T01:53:23.404+0530] {processor.py:840} INFO - DAG(s) 'example_trigger_target_dag' retrieved from /home/akranth/airflow/airflow_env/lib/python3.11/site-packages/airflow/example_dags/example_trigger_target_dag.py
[2024-03-03T01:53:23.426+0530] {logging_mixin.py:188} INFO - [2024-03-03T01:53:23.426+0530] {dag.py:3047} INFO - Sync 1 DAGs
[2024-03-03T01:53:23.437+0530] {logging_mixin.py:188} INFO - [2024-03-03T01:53:23.437+0530] {dag.py:3834} INFO - Setting next_dagrun for example_trigger_target_dag to None, run_after=None
[2024-03-03T01:53:23.533+0530] {processor.py:183} INFO - Processing /home/akranth/airflow/airflow_env/lib/python3.11/site-packages/airflow/example_dags/example_trigger_target_dag.py took 0.235 seconds
[2024-03-03T01:54:33.043+0530] {processor.py:161} INFO - Started process (PID=7261) to work on /home/akranth/airflow/airflow_env/lib/python3.11/site-packages/airflow/example_dags/example_trigger_target_dag.py
[2024-03-03T01:54:33.129+0530] {processor.py:830} INFO - Processing file /home/akranth/airflow/airflow_env/lib/python3.11/site-packages/airflow/example_dags/example_trigger_target_dag.py for tasks to queue
[2024-03-03T01:54:33.130+0530] {logging_mixin.py:188} INFO - [2024-03-03T01:54:33.130+0530] {dagbag.py:540} INFO - Filling up the DagBag from /home/akranth/airflow/airflow_env/lib/python3.11/site-packages/airflow/example_dags/example_trigger_target_dag.py
[2024-03-03T01:54:33.137+0530] {processor.py:840} INFO - DAG(s) 'example_trigger_target_dag' retrieved from /home/akranth/airflow/airflow_env/lib/python3.11/site-packages/airflow/example_dags/example_trigger_target_dag.py
[2024-03-03T01:54:33.153+0530] {logging_mixin.py:188} INFO - [2024-03-03T01:54:33.152+0530] {dag.py:3047} INFO - Sync 1 DAGs
[2024-03-03T01:54:33.163+0530] {logging_mixin.py:188} INFO - [2024-03-03T01:54:33.163+0530] {dag.py:3834} INFO - Setting next_dagrun for example_trigger_target_dag to None, run_after=None
[2024-03-03T01:54:33.263+0530] {processor.py:183} INFO - Processing /home/akranth/airflow/airflow_env/lib/python3.11/site-packages/airflow/example_dags/example_trigger_target_dag.py took 0.223 seconds
[2024-03-03T01:55:42.222+0530] {processor.py:161} INFO - Started process (PID=7330) to work on /home/akranth/airflow/airflow_env/lib/python3.11/site-packages/airflow/example_dags/example_trigger_target_dag.py
[2024-03-03T01:55:42.223+0530] {processor.py:830} INFO - Processing file /home/akranth/airflow/airflow_env/lib/python3.11/site-packages/airflow/example_dags/example_trigger_target_dag.py for tasks to queue
[2024-03-03T01:55:42.224+0530] {logging_mixin.py:188} INFO - [2024-03-03T01:55:42.223+0530] {dagbag.py:540} INFO - Filling up the DagBag from /home/akranth/airflow/airflow_env/lib/python3.11/site-packages/airflow/example_dags/example_trigger_target_dag.py
[2024-03-03T01:55:42.229+0530] {processor.py:840} INFO - DAG(s) 'example_trigger_target_dag' retrieved from /home/akranth/airflow/airflow_env/lib/python3.11/site-packages/airflow/example_dags/example_trigger_target_dag.py
[2024-03-03T01:55:42.244+0530] {logging_mixin.py:188} INFO - [2024-03-03T01:55:42.243+0530] {dag.py:3047} INFO - Sync 1 DAGs
[2024-03-03T01:55:42.254+0530] {logging_mixin.py:188} INFO - [2024-03-03T01:55:42.254+0530] {dag.py:3834} INFO - Setting next_dagrun for example_trigger_target_dag to None, run_after=None
[2024-03-03T01:55:42.470+0530] {processor.py:183} INFO - Processing /home/akranth/airflow/airflow_env/lib/python3.11/site-packages/airflow/example_dags/example_trigger_target_dag.py took 0.250 seconds
