[2024-03-03T01:49:03.499+0530] {processor.py:161} INFO - Started process (PID=6662) to work on /home/akranth/airflow/airflow_env/lib/python3.11/site-packages/airflow/example_dags/example_setup_teardown_taskflow.py
[2024-03-03T01:49:03.500+0530] {processor.py:830} INFO - Processing file /home/akranth/airflow/airflow_env/lib/python3.11/site-packages/airflow/example_dags/example_setup_teardown_taskflow.py for tasks to queue
[2024-03-03T01:49:03.501+0530] {logging_mixin.py:188} INFO - [2024-03-03T01:49:03.501+0530] {dagbag.py:540} INFO - Filling up the DagBag from /home/akranth/airflow/airflow_env/lib/python3.11/site-packages/airflow/example_dags/example_setup_teardown_taskflow.py
[2024-03-03T01:49:03.514+0530] {processor.py:840} INFO - DAG(s) 'example_setup_teardown_taskflow' retrieved from /home/akranth/airflow/airflow_env/lib/python3.11/site-packages/airflow/example_dags/example_setup_teardown_taskflow.py
[2024-03-03T01:49:03.733+0530] {logging_mixin.py:188} INFO - [2024-03-03T01:49:03.733+0530] {dag.py:3047} INFO - Sync 1 DAGs
[2024-03-03T01:49:03.752+0530] {logging_mixin.py:188} INFO - [2024-03-03T01:49:03.751+0530] {dag.py:3834} INFO - Setting next_dagrun for example_setup_teardown_taskflow to 2024-03-01 00:00:00+00:00, run_after=2024-03-02 00:00:00+00:00
[2024-03-03T01:49:04.051+0530] {processor.py:183} INFO - Processing /home/akranth/airflow/airflow_env/lib/python3.11/site-packages/airflow/example_dags/example_setup_teardown_taskflow.py took 0.553 seconds
[2024-03-03T01:50:09.584+0530] {processor.py:161} INFO - Started process (PID=6784) to work on /home/akranth/airflow/airflow_env/lib/python3.11/site-packages/airflow/example_dags/example_setup_teardown_taskflow.py
[2024-03-03T01:50:09.585+0530] {processor.py:830} INFO - Processing file /home/akranth/airflow/airflow_env/lib/python3.11/site-packages/airflow/example_dags/example_setup_teardown_taskflow.py for tasks to queue
[2024-03-03T01:50:09.585+0530] {logging_mixin.py:188} INFO - [2024-03-03T01:50:09.585+0530] {dagbag.py:540} INFO - Filling up the DagBag from /home/akranth/airflow/airflow_env/lib/python3.11/site-packages/airflow/example_dags/example_setup_teardown_taskflow.py
[2024-03-03T01:50:09.593+0530] {processor.py:840} INFO - DAG(s) 'example_setup_teardown_taskflow' retrieved from /home/akranth/airflow/airflow_env/lib/python3.11/site-packages/airflow/example_dags/example_setup_teardown_taskflow.py
[2024-03-03T01:50:09.683+0530] {logging_mixin.py:188} INFO - [2024-03-03T01:50:09.683+0530] {dag.py:3047} INFO - Sync 1 DAGs
[2024-03-03T01:50:09.696+0530] {logging_mixin.py:188} INFO - [2024-03-03T01:50:09.696+0530] {dag.py:3834} INFO - Setting next_dagrun for example_setup_teardown_taskflow to 2024-03-01 00:00:00+00:00, run_after=2024-03-02 00:00:00+00:00
[2024-03-03T01:50:09.983+0530] {processor.py:183} INFO - Processing /home/akranth/airflow/airflow_env/lib/python3.11/site-packages/airflow/example_dags/example_setup_teardown_taskflow.py took 0.401 seconds
[2024-03-03T01:51:14.247+0530] {processor.py:161} INFO - Started process (PID=6986) to work on /home/akranth/airflow/airflow_env/lib/python3.11/site-packages/airflow/example_dags/example_setup_teardown_taskflow.py
[2024-03-03T01:51:14.250+0530] {processor.py:830} INFO - Processing file /home/akranth/airflow/airflow_env/lib/python3.11/site-packages/airflow/example_dags/example_setup_teardown_taskflow.py for tasks to queue
[2024-03-03T01:51:14.252+0530] {logging_mixin.py:188} INFO - [2024-03-03T01:51:14.251+0530] {dagbag.py:540} INFO - Filling up the DagBag from /home/akranth/airflow/airflow_env/lib/python3.11/site-packages/airflow/example_dags/example_setup_teardown_taskflow.py
[2024-03-03T01:51:14.273+0530] {processor.py:840} INFO - DAG(s) 'example_setup_teardown_taskflow' retrieved from /home/akranth/airflow/airflow_env/lib/python3.11/site-packages/airflow/example_dags/example_setup_teardown_taskflow.py
[2024-03-03T01:51:14.285+0530] {logging_mixin.py:188} INFO - [2024-03-03T01:51:14.284+0530] {dag.py:3047} INFO - Sync 1 DAGs
[2024-03-03T01:51:14.299+0530] {logging_mixin.py:188} INFO - [2024-03-03T01:51:14.299+0530] {dag.py:3834} INFO - Setting next_dagrun for example_setup_teardown_taskflow to 2024-03-01 00:00:00+00:00, run_after=2024-03-02 00:00:00+00:00
[2024-03-03T01:51:14.476+0530] {processor.py:183} INFO - Processing /home/akranth/airflow/airflow_env/lib/python3.11/site-packages/airflow/example_dags/example_setup_teardown_taskflow.py took 0.235 seconds
[2024-03-03T01:52:19.050+0530] {processor.py:161} INFO - Started process (PID=7118) to work on /home/akranth/airflow/airflow_env/lib/python3.11/site-packages/airflow/example_dags/example_setup_teardown_taskflow.py
[2024-03-03T01:52:19.050+0530] {processor.py:830} INFO - Processing file /home/akranth/airflow/airflow_env/lib/python3.11/site-packages/airflow/example_dags/example_setup_teardown_taskflow.py for tasks to queue
[2024-03-03T01:52:19.051+0530] {logging_mixin.py:188} INFO - [2024-03-03T01:52:19.051+0530] {dagbag.py:540} INFO - Filling up the DagBag from /home/akranth/airflow/airflow_env/lib/python3.11/site-packages/airflow/example_dags/example_setup_teardown_taskflow.py
[2024-03-03T01:52:19.059+0530] {processor.py:840} INFO - DAG(s) 'example_setup_teardown_taskflow' retrieved from /home/akranth/airflow/airflow_env/lib/python3.11/site-packages/airflow/example_dags/example_setup_teardown_taskflow.py
[2024-03-03T01:52:19.073+0530] {logging_mixin.py:188} INFO - [2024-03-03T01:52:19.073+0530] {dag.py:3047} INFO - Sync 1 DAGs
[2024-03-03T01:52:19.088+0530] {logging_mixin.py:188} INFO - [2024-03-03T01:52:19.087+0530] {dag.py:3834} INFO - Setting next_dagrun for example_setup_teardown_taskflow to 2024-03-01 00:00:00+00:00, run_after=2024-03-02 00:00:00+00:00
[2024-03-03T01:52:19.193+0530] {processor.py:183} INFO - Processing /home/akranth/airflow/airflow_env/lib/python3.11/site-packages/airflow/example_dags/example_setup_teardown_taskflow.py took 0.145 seconds
[2024-03-03T01:53:28.442+0530] {processor.py:161} INFO - Started process (PID=7197) to work on /home/akranth/airflow/airflow_env/lib/python3.11/site-packages/airflow/example_dags/example_setup_teardown_taskflow.py
[2024-03-03T01:53:28.515+0530] {processor.py:830} INFO - Processing file /home/akranth/airflow/airflow_env/lib/python3.11/site-packages/airflow/example_dags/example_setup_teardown_taskflow.py for tasks to queue
[2024-03-03T01:53:28.516+0530] {logging_mixin.py:188} INFO - [2024-03-03T01:53:28.515+0530] {dagbag.py:540} INFO - Filling up the DagBag from /home/akranth/airflow/airflow_env/lib/python3.11/site-packages/airflow/example_dags/example_setup_teardown_taskflow.py
[2024-03-03T01:53:28.527+0530] {processor.py:840} INFO - DAG(s) 'example_setup_teardown_taskflow' retrieved from /home/akranth/airflow/airflow_env/lib/python3.11/site-packages/airflow/example_dags/example_setup_teardown_taskflow.py
[2024-03-03T01:53:28.544+0530] {logging_mixin.py:188} INFO - [2024-03-03T01:53:28.544+0530] {dag.py:3047} INFO - Sync 1 DAGs
[2024-03-03T01:53:28.564+0530] {logging_mixin.py:188} INFO - [2024-03-03T01:53:28.563+0530] {dag.py:3834} INFO - Setting next_dagrun for example_setup_teardown_taskflow to 2024-03-01 00:00:00+00:00, run_after=2024-03-02 00:00:00+00:00
[2024-03-03T01:53:28.662+0530] {processor.py:183} INFO - Processing /home/akranth/airflow/airflow_env/lib/python3.11/site-packages/airflow/example_dags/example_setup_teardown_taskflow.py took 0.222 seconds
[2024-03-03T01:54:37.825+0530] {processor.py:161} INFO - Started process (PID=7265) to work on /home/akranth/airflow/airflow_env/lib/python3.11/site-packages/airflow/example_dags/example_setup_teardown_taskflow.py
[2024-03-03T01:54:37.906+0530] {processor.py:830} INFO - Processing file /home/akranth/airflow/airflow_env/lib/python3.11/site-packages/airflow/example_dags/example_setup_teardown_taskflow.py for tasks to queue
[2024-03-03T01:54:37.908+0530] {logging_mixin.py:188} INFO - [2024-03-03T01:54:37.907+0530] {dagbag.py:540} INFO - Filling up the DagBag from /home/akranth/airflow/airflow_env/lib/python3.11/site-packages/airflow/example_dags/example_setup_teardown_taskflow.py
[2024-03-03T01:54:37.935+0530] {processor.py:840} INFO - DAG(s) 'example_setup_teardown_taskflow' retrieved from /home/akranth/airflow/airflow_env/lib/python3.11/site-packages/airflow/example_dags/example_setup_teardown_taskflow.py
[2024-03-03T01:54:37.957+0530] {logging_mixin.py:188} INFO - [2024-03-03T01:54:37.957+0530] {dag.py:3047} INFO - Sync 1 DAGs
[2024-03-03T01:54:37.972+0530] {logging_mixin.py:188} INFO - [2024-03-03T01:54:37.972+0530] {dag.py:3834} INFO - Setting next_dagrun for example_setup_teardown_taskflow to 2024-03-01 00:00:00+00:00, run_after=2024-03-02 00:00:00+00:00
[2024-03-03T01:54:38.078+0530] {processor.py:183} INFO - Processing /home/akranth/airflow/airflow_env/lib/python3.11/site-packages/airflow/example_dags/example_setup_teardown_taskflow.py took 0.255 seconds
[2024-03-03T01:55:46.963+0530] {processor.py:161} INFO - Started process (PID=7334) to work on /home/akranth/airflow/airflow_env/lib/python3.11/site-packages/airflow/example_dags/example_setup_teardown_taskflow.py
[2024-03-03T01:55:47.044+0530] {processor.py:830} INFO - Processing file /home/akranth/airflow/airflow_env/lib/python3.11/site-packages/airflow/example_dags/example_setup_teardown_taskflow.py for tasks to queue
[2024-03-03T01:55:47.045+0530] {logging_mixin.py:188} INFO - [2024-03-03T01:55:47.045+0530] {dagbag.py:540} INFO - Filling up the DagBag from /home/akranth/airflow/airflow_env/lib/python3.11/site-packages/airflow/example_dags/example_setup_teardown_taskflow.py
[2024-03-03T01:55:47.053+0530] {processor.py:840} INFO - DAG(s) 'example_setup_teardown_taskflow' retrieved from /home/akranth/airflow/airflow_env/lib/python3.11/site-packages/airflow/example_dags/example_setup_teardown_taskflow.py
[2024-03-03T01:55:47.065+0530] {logging_mixin.py:188} INFO - [2024-03-03T01:55:47.065+0530] {dag.py:3047} INFO - Sync 1 DAGs
[2024-03-03T01:55:47.079+0530] {logging_mixin.py:188} INFO - [2024-03-03T01:55:47.079+0530] {dag.py:3834} INFO - Setting next_dagrun for example_setup_teardown_taskflow to 2024-03-01 00:00:00+00:00, run_after=2024-03-02 00:00:00+00:00
[2024-03-03T01:55:47.180+0530] {processor.py:183} INFO - Processing /home/akranth/airflow/airflow_env/lib/python3.11/site-packages/airflow/example_dags/example_setup_teardown_taskflow.py took 0.219 seconds
