[2024-03-03T01:49:13.929+0530] {processor.py:161} INFO - Started process (PID=6689) to work on /home/akranth/airflow/airflow_env/lib/python3.11/site-packages/airflow/example_dags/example_dag_decorator.py
[2024-03-03T01:49:13.930+0530] {processor.py:830} INFO - Processing file /home/akranth/airflow/airflow_env/lib/python3.11/site-packages/airflow/example_dags/example_dag_decorator.py for tasks to queue
[2024-03-03T01:49:13.932+0530] {logging_mixin.py:188} INFO - [2024-03-03T01:49:13.931+0530] {dagbag.py:540} INFO - Filling up the DagBag from /home/akranth/airflow/airflow_env/lib/python3.11/site-packages/airflow/example_dags/example_dag_decorator.py
[2024-03-03T01:49:14.154+0530] {processor.py:840} INFO - DAG(s) 'example_dag_decorator' retrieved from /home/akranth/airflow/airflow_env/lib/python3.11/site-packages/airflow/example_dags/example_dag_decorator.py
[2024-03-03T01:49:14.244+0530] {logging_mixin.py:188} INFO - [2024-03-03T01:49:14.243+0530] {dag.py:3047} INFO - Sync 1 DAGs
[2024-03-03T01:49:14.253+0530] {logging_mixin.py:188} INFO - [2024-03-03T01:49:14.253+0530] {dag.py:3834} INFO - Setting next_dagrun for example_dag_decorator to None, run_after=None
[2024-03-03T01:49:14.458+0530] {processor.py:183} INFO - Processing /home/akranth/airflow/airflow_env/lib/python3.11/site-packages/airflow/example_dags/example_dag_decorator.py took 0.532 seconds
[2024-03-03T01:50:20.058+0530] {processor.py:161} INFO - Started process (PID=6798) to work on /home/akranth/airflow/airflow_env/lib/python3.11/site-packages/airflow/example_dags/example_dag_decorator.py
[2024-03-03T01:50:20.060+0530] {processor.py:830} INFO - Processing file /home/akranth/airflow/airflow_env/lib/python3.11/site-packages/airflow/example_dags/example_dag_decorator.py for tasks to queue
[2024-03-03T01:50:20.061+0530] {logging_mixin.py:188} INFO - [2024-03-03T01:50:20.061+0530] {dagbag.py:540} INFO - Filling up the DagBag from /home/akranth/airflow/airflow_env/lib/python3.11/site-packages/airflow/example_dags/example_dag_decorator.py
[2024-03-03T01:50:20.228+0530] {processor.py:840} INFO - DAG(s) 'example_dag_decorator' retrieved from /home/akranth/airflow/airflow_env/lib/python3.11/site-packages/airflow/example_dags/example_dag_decorator.py
[2024-03-03T01:50:20.311+0530] {logging_mixin.py:188} INFO - [2024-03-03T01:50:20.310+0530] {dag.py:3047} INFO - Sync 1 DAGs
[2024-03-03T01:50:20.319+0530] {logging_mixin.py:188} INFO - [2024-03-03T01:50:20.319+0530] {dag.py:3834} INFO - Setting next_dagrun for example_dag_decorator to None, run_after=None
[2024-03-03T01:50:20.482+0530] {processor.py:183} INFO - Processing /home/akranth/airflow/airflow_env/lib/python3.11/site-packages/airflow/example_dags/example_dag_decorator.py took 0.428 seconds
[2024-03-03T01:51:24.261+0530] {processor.py:161} INFO - Started process (PID=6998) to work on /home/akranth/airflow/airflow_env/lib/python3.11/site-packages/airflow/example_dags/example_dag_decorator.py
[2024-03-03T01:51:24.351+0530] {processor.py:830} INFO - Processing file /home/akranth/airflow/airflow_env/lib/python3.11/site-packages/airflow/example_dags/example_dag_decorator.py for tasks to queue
[2024-03-03T01:51:24.353+0530] {logging_mixin.py:188} INFO - [2024-03-03T01:51:24.352+0530] {dagbag.py:540} INFO - Filling up the DagBag from /home/akranth/airflow/airflow_env/lib/python3.11/site-packages/airflow/example_dags/example_dag_decorator.py
[2024-03-03T01:51:24.459+0530] {processor.py:840} INFO - DAG(s) 'example_dag_decorator' retrieved from /home/akranth/airflow/airflow_env/lib/python3.11/site-packages/airflow/example_dags/example_dag_decorator.py
[2024-03-03T01:51:24.550+0530] {logging_mixin.py:188} INFO - [2024-03-03T01:51:24.550+0530] {dag.py:3047} INFO - Sync 1 DAGs
[2024-03-03T01:51:24.558+0530] {logging_mixin.py:188} INFO - [2024-03-03T01:51:24.557+0530] {dag.py:3834} INFO - Setting next_dagrun for example_dag_decorator to None, run_after=None
[2024-03-03T01:51:24.761+0530] {processor.py:183} INFO - Processing /home/akranth/airflow/airflow_env/lib/python3.11/site-packages/airflow/example_dags/example_dag_decorator.py took 0.503 seconds
[2024-03-03T01:52:28.398+0530] {processor.py:161} INFO - Started process (PID=7127) to work on /home/akranth/airflow/airflow_env/lib/python3.11/site-packages/airflow/example_dags/example_dag_decorator.py
[2024-03-03T01:52:28.474+0530] {processor.py:830} INFO - Processing file /home/akranth/airflow/airflow_env/lib/python3.11/site-packages/airflow/example_dags/example_dag_decorator.py for tasks to queue
[2024-03-03T01:52:28.477+0530] {logging_mixin.py:188} INFO - [2024-03-03T01:52:28.476+0530] {dagbag.py:540} INFO - Filling up the DagBag from /home/akranth/airflow/airflow_env/lib/python3.11/site-packages/airflow/example_dags/example_dag_decorator.py
[2024-03-03T01:52:28.537+0530] {processor.py:840} INFO - DAG(s) 'example_dag_decorator' retrieved from /home/akranth/airflow/airflow_env/lib/python3.11/site-packages/airflow/example_dags/example_dag_decorator.py
[2024-03-03T01:52:28.601+0530] {logging_mixin.py:188} INFO - [2024-03-03T01:52:28.601+0530] {dag.py:3047} INFO - Sync 1 DAGs
[2024-03-03T01:52:28.608+0530] {logging_mixin.py:188} INFO - [2024-03-03T01:52:28.608+0530] {dag.py:3834} INFO - Setting next_dagrun for example_dag_decorator to None, run_after=None
[2024-03-03T01:52:28.812+0530] {processor.py:183} INFO - Processing /home/akranth/airflow/airflow_env/lib/python3.11/site-packages/airflow/example_dags/example_dag_decorator.py took 0.416 seconds
[2024-03-03T01:53:38.589+0530] {processor.py:161} INFO - Started process (PID=7205) to work on /home/akranth/airflow/airflow_env/lib/python3.11/site-packages/airflow/example_dags/example_dag_decorator.py
[2024-03-03T01:53:38.677+0530] {processor.py:830} INFO - Processing file /home/akranth/airflow/airflow_env/lib/python3.11/site-packages/airflow/example_dags/example_dag_decorator.py for tasks to queue
[2024-03-03T01:53:38.679+0530] {logging_mixin.py:188} INFO - [2024-03-03T01:53:38.678+0530] {dagbag.py:540} INFO - Filling up the DagBag from /home/akranth/airflow/airflow_env/lib/python3.11/site-packages/airflow/example_dags/example_dag_decorator.py
[2024-03-03T01:53:38.960+0530] {processor.py:840} INFO - DAG(s) 'example_dag_decorator' retrieved from /home/akranth/airflow/airflow_env/lib/python3.11/site-packages/airflow/example_dags/example_dag_decorator.py
[2024-03-03T01:53:39.055+0530] {logging_mixin.py:188} INFO - [2024-03-03T01:53:39.054+0530] {dag.py:3047} INFO - Sync 1 DAGs
[2024-03-03T01:53:39.064+0530] {logging_mixin.py:188} INFO - [2024-03-03T01:53:39.064+0530] {dag.py:3834} INFO - Setting next_dagrun for example_dag_decorator to None, run_after=None
[2024-03-03T01:53:39.162+0530] {processor.py:183} INFO - Processing /home/akranth/airflow/airflow_env/lib/python3.11/site-packages/airflow/example_dags/example_dag_decorator.py took 0.579 seconds
[2024-03-03T01:54:48.038+0530] {processor.py:161} INFO - Started process (PID=7273) to work on /home/akranth/airflow/airflow_env/lib/python3.11/site-packages/airflow/example_dags/example_dag_decorator.py
[2024-03-03T01:54:48.121+0530] {processor.py:830} INFO - Processing file /home/akranth/airflow/airflow_env/lib/python3.11/site-packages/airflow/example_dags/example_dag_decorator.py for tasks to queue
[2024-03-03T01:54:48.123+0530] {logging_mixin.py:188} INFO - [2024-03-03T01:54:48.122+0530] {dagbag.py:540} INFO - Filling up the DagBag from /home/akranth/airflow/airflow_env/lib/python3.11/site-packages/airflow/example_dags/example_dag_decorator.py
[2024-03-03T01:54:48.210+0530] {processor.py:840} INFO - DAG(s) 'example_dag_decorator' retrieved from /home/akranth/airflow/airflow_env/lib/python3.11/site-packages/airflow/example_dags/example_dag_decorator.py
[2024-03-03T01:54:48.276+0530] {logging_mixin.py:188} INFO - [2024-03-03T01:54:48.276+0530] {dag.py:3047} INFO - Sync 1 DAGs
[2024-03-03T01:54:48.284+0530] {logging_mixin.py:188} INFO - [2024-03-03T01:54:48.283+0530] {dag.py:3834} INFO - Setting next_dagrun for example_dag_decorator to None, run_after=None
[2024-03-03T01:54:48.392+0530] {processor.py:183} INFO - Processing /home/akranth/airflow/airflow_env/lib/python3.11/site-packages/airflow/example_dags/example_dag_decorator.py took 0.357 seconds
[2024-03-03T01:55:57.588+0530] {processor.py:161} INFO - Started process (PID=7344) to work on /home/akranth/airflow/airflow_env/lib/python3.11/site-packages/airflow/example_dags/example_dag_decorator.py
[2024-03-03T01:55:57.672+0530] {processor.py:830} INFO - Processing file /home/akranth/airflow/airflow_env/lib/python3.11/site-packages/airflow/example_dags/example_dag_decorator.py for tasks to queue
[2024-03-03T01:55:57.674+0530] {logging_mixin.py:188} INFO - [2024-03-03T01:55:57.673+0530] {dagbag.py:540} INFO - Filling up the DagBag from /home/akranth/airflow/airflow_env/lib/python3.11/site-packages/airflow/example_dags/example_dag_decorator.py
[2024-03-03T01:55:57.733+0530] {processor.py:840} INFO - DAG(s) 'example_dag_decorator' retrieved from /home/akranth/airflow/airflow_env/lib/python3.11/site-packages/airflow/example_dags/example_dag_decorator.py
[2024-03-03T01:55:57.744+0530] {logging_mixin.py:188} INFO - [2024-03-03T01:55:57.744+0530] {dag.py:3047} INFO - Sync 1 DAGs
[2024-03-03T01:55:57.751+0530] {logging_mixin.py:188} INFO - [2024-03-03T01:55:57.751+0530] {dag.py:3834} INFO - Setting next_dagrun for example_dag_decorator to None, run_after=None
[2024-03-03T01:55:57.906+0530] {processor.py:183} INFO - Processing /home/akranth/airflow/airflow_env/lib/python3.11/site-packages/airflow/example_dags/example_dag_decorator.py took 0.319 seconds
