[2024-03-03T01:49:20.543+0530] {processor.py:161} INFO - Started process (PID=6694) to work on /home/akranth/airflow/airflow_env/lib/python3.11/site-packages/airflow/example_dags/example_dynamic_task_mapping.py
[2024-03-03T01:49:20.544+0530] {processor.py:830} INFO - Processing file /home/akranth/airflow/airflow_env/lib/python3.11/site-packages/airflow/example_dags/example_dynamic_task_mapping.py for tasks to queue
[2024-03-03T01:49:20.544+0530] {logging_mixin.py:188} INFO - [2024-03-03T01:49:20.544+0530] {dagbag.py:540} INFO - Filling up the DagBag from /home/akranth/airflow/airflow_env/lib/python3.11/site-packages/airflow/example_dags/example_dynamic_task_mapping.py
[2024-03-03T01:49:20.549+0530] {processor.py:840} INFO - DAG(s) 'example_dynamic_task_mapping' retrieved from /home/akranth/airflow/airflow_env/lib/python3.11/site-packages/airflow/example_dags/example_dynamic_task_mapping.py
[2024-03-03T01:49:20.691+0530] {logging_mixin.py:188} INFO - [2024-03-03T01:49:20.691+0530] {dag.py:3047} INFO - Sync 1 DAGs
[2024-03-03T01:49:20.703+0530] {logging_mixin.py:188} INFO - [2024-03-03T01:49:20.703+0530] {dag.py:3834} INFO - Setting next_dagrun for example_dynamic_task_mapping to 2022-03-04 00:00:00+00:00, run_after=2022-03-05 00:00:00+00:00
[2024-03-03T01:49:20.899+0530] {processor.py:183} INFO - Processing /home/akranth/airflow/airflow_env/lib/python3.11/site-packages/airflow/example_dags/example_dynamic_task_mapping.py took 0.358 seconds
[2024-03-03T01:50:27.204+0530] {processor.py:161} INFO - Started process (PID=6808) to work on /home/akranth/airflow/airflow_env/lib/python3.11/site-packages/airflow/example_dags/example_dynamic_task_mapping.py
[2024-03-03T01:50:27.220+0530] {processor.py:830} INFO - Processing file /home/akranth/airflow/airflow_env/lib/python3.11/site-packages/airflow/example_dags/example_dynamic_task_mapping.py for tasks to queue
[2024-03-03T01:50:27.221+0530] {logging_mixin.py:188} INFO - [2024-03-03T01:50:27.220+0530] {dagbag.py:540} INFO - Filling up the DagBag from /home/akranth/airflow/airflow_env/lib/python3.11/site-packages/airflow/example_dags/example_dynamic_task_mapping.py
[2024-03-03T01:50:27.232+0530] {processor.py:840} INFO - DAG(s) 'example_dynamic_task_mapping' retrieved from /home/akranth/airflow/airflow_env/lib/python3.11/site-packages/airflow/example_dags/example_dynamic_task_mapping.py
[2024-03-03T01:50:27.252+0530] {logging_mixin.py:188} INFO - [2024-03-03T01:50:27.252+0530] {dag.py:3047} INFO - Sync 1 DAGs
[2024-03-03T01:50:27.270+0530] {logging_mixin.py:188} INFO - [2024-03-03T01:50:27.270+0530] {dag.py:3834} INFO - Setting next_dagrun for example_dynamic_task_mapping to 2022-03-04 00:00:00+00:00, run_after=2022-03-05 00:00:00+00:00
[2024-03-03T01:50:27.387+0530] {processor.py:183} INFO - Processing /home/akranth/airflow/airflow_env/lib/python3.11/site-packages/airflow/example_dags/example_dynamic_task_mapping.py took 0.188 seconds
[2024-03-03T01:51:30.538+0530] {processor.py:161} INFO - Started process (PID=7003) to work on /home/akranth/airflow/airflow_env/lib/python3.11/site-packages/airflow/example_dags/example_dynamic_task_mapping.py
[2024-03-03T01:51:30.539+0530] {processor.py:830} INFO - Processing file /home/akranth/airflow/airflow_env/lib/python3.11/site-packages/airflow/example_dags/example_dynamic_task_mapping.py for tasks to queue
[2024-03-03T01:51:30.540+0530] {logging_mixin.py:188} INFO - [2024-03-03T01:51:30.539+0530] {dagbag.py:540} INFO - Filling up the DagBag from /home/akranth/airflow/airflow_env/lib/python3.11/site-packages/airflow/example_dags/example_dynamic_task_mapping.py
[2024-03-03T01:51:30.546+0530] {processor.py:840} INFO - DAG(s) 'example_dynamic_task_mapping' retrieved from /home/akranth/airflow/airflow_env/lib/python3.11/site-packages/airflow/example_dags/example_dynamic_task_mapping.py
[2024-03-03T01:51:30.558+0530] {logging_mixin.py:188} INFO - [2024-03-03T01:51:30.558+0530] {dag.py:3047} INFO - Sync 1 DAGs
[2024-03-03T01:51:30.574+0530] {logging_mixin.py:188} INFO - [2024-03-03T01:51:30.574+0530] {dag.py:3834} INFO - Setting next_dagrun for example_dynamic_task_mapping to 2022-03-04 00:00:00+00:00, run_after=2022-03-05 00:00:00+00:00
[2024-03-03T01:51:30.723+0530] {processor.py:183} INFO - Processing /home/akranth/airflow/airflow_env/lib/python3.11/site-packages/airflow/example_dags/example_dynamic_task_mapping.py took 0.187 seconds
[2024-03-03T01:52:34.522+0530] {processor.py:161} INFO - Started process (PID=7132) to work on /home/akranth/airflow/airflow_env/lib/python3.11/site-packages/airflow/example_dags/example_dynamic_task_mapping.py
[2024-03-03T01:52:34.523+0530] {processor.py:830} INFO - Processing file /home/akranth/airflow/airflow_env/lib/python3.11/site-packages/airflow/example_dags/example_dynamic_task_mapping.py for tasks to queue
[2024-03-03T01:52:34.524+0530] {logging_mixin.py:188} INFO - [2024-03-03T01:52:34.523+0530] {dagbag.py:540} INFO - Filling up the DagBag from /home/akranth/airflow/airflow_env/lib/python3.11/site-packages/airflow/example_dags/example_dynamic_task_mapping.py
[2024-03-03T01:52:34.529+0530] {processor.py:840} INFO - DAG(s) 'example_dynamic_task_mapping' retrieved from /home/akranth/airflow/airflow_env/lib/python3.11/site-packages/airflow/example_dags/example_dynamic_task_mapping.py
[2024-03-03T01:52:34.540+0530] {logging_mixin.py:188} INFO - [2024-03-03T01:52:34.540+0530] {dag.py:3047} INFO - Sync 1 DAGs
[2024-03-03T01:52:34.554+0530] {logging_mixin.py:188} INFO - [2024-03-03T01:52:34.554+0530] {dag.py:3834} INFO - Setting next_dagrun for example_dynamic_task_mapping to 2022-03-04 00:00:00+00:00, run_after=2022-03-05 00:00:00+00:00
[2024-03-03T01:52:34.732+0530] {processor.py:183} INFO - Processing /home/akranth/airflow/airflow_env/lib/python3.11/site-packages/airflow/example_dags/example_dynamic_task_mapping.py took 0.212 seconds
[2024-03-03T01:53:44.773+0530] {processor.py:161} INFO - Started process (PID=7210) to work on /home/akranth/airflow/airflow_env/lib/python3.11/site-packages/airflow/example_dags/example_dynamic_task_mapping.py
[2024-03-03T01:53:44.774+0530] {processor.py:830} INFO - Processing file /home/akranth/airflow/airflow_env/lib/python3.11/site-packages/airflow/example_dags/example_dynamic_task_mapping.py for tasks to queue
[2024-03-03T01:53:44.776+0530] {logging_mixin.py:188} INFO - [2024-03-03T01:53:44.775+0530] {dagbag.py:540} INFO - Filling up the DagBag from /home/akranth/airflow/airflow_env/lib/python3.11/site-packages/airflow/example_dags/example_dynamic_task_mapping.py
[2024-03-03T01:53:44.785+0530] {processor.py:840} INFO - DAG(s) 'example_dynamic_task_mapping' retrieved from /home/akranth/airflow/airflow_env/lib/python3.11/site-packages/airflow/example_dags/example_dynamic_task_mapping.py
[2024-03-03T01:53:44.800+0530] {logging_mixin.py:188} INFO - [2024-03-03T01:53:44.799+0530] {dag.py:3047} INFO - Sync 1 DAGs
[2024-03-03T01:53:44.817+0530] {logging_mixin.py:188} INFO - [2024-03-03T01:53:44.817+0530] {dag.py:3834} INFO - Setting next_dagrun for example_dynamic_task_mapping to 2022-03-04 00:00:00+00:00, run_after=2022-03-05 00:00:00+00:00
[2024-03-03T01:53:44.933+0530] {processor.py:183} INFO - Processing /home/akranth/airflow/airflow_env/lib/python3.11/site-packages/airflow/example_dags/example_dynamic_task_mapping.py took 0.167 seconds
[2024-03-03T01:54:54.809+0530] {processor.py:161} INFO - Started process (PID=7278) to work on /home/akranth/airflow/airflow_env/lib/python3.11/site-packages/airflow/example_dags/example_dynamic_task_mapping.py
[2024-03-03T01:54:54.810+0530] {processor.py:830} INFO - Processing file /home/akranth/airflow/airflow_env/lib/python3.11/site-packages/airflow/example_dags/example_dynamic_task_mapping.py for tasks to queue
[2024-03-03T01:54:54.810+0530] {logging_mixin.py:188} INFO - [2024-03-03T01:54:54.810+0530] {dagbag.py:540} INFO - Filling up the DagBag from /home/akranth/airflow/airflow_env/lib/python3.11/site-packages/airflow/example_dags/example_dynamic_task_mapping.py
[2024-03-03T01:54:54.816+0530] {processor.py:840} INFO - DAG(s) 'example_dynamic_task_mapping' retrieved from /home/akranth/airflow/airflow_env/lib/python3.11/site-packages/airflow/example_dags/example_dynamic_task_mapping.py
[2024-03-03T01:54:54.827+0530] {logging_mixin.py:188} INFO - [2024-03-03T01:54:54.827+0530] {dag.py:3047} INFO - Sync 1 DAGs
[2024-03-03T01:54:54.841+0530] {logging_mixin.py:188} INFO - [2024-03-03T01:54:54.841+0530] {dag.py:3834} INFO - Setting next_dagrun for example_dynamic_task_mapping to 2022-03-04 00:00:00+00:00, run_after=2022-03-05 00:00:00+00:00
[2024-03-03T01:54:55.028+0530] {processor.py:183} INFO - Processing /home/akranth/airflow/airflow_env/lib/python3.11/site-packages/airflow/example_dags/example_dynamic_task_mapping.py took 0.222 seconds
[2024-03-03T01:56:04.090+0530] {processor.py:161} INFO - Started process (PID=7353) to work on /home/akranth/airflow/airflow_env/lib/python3.11/site-packages/airflow/example_dags/example_dynamic_task_mapping.py
[2024-03-03T01:56:04.106+0530] {processor.py:830} INFO - Processing file /home/akranth/airflow/airflow_env/lib/python3.11/site-packages/airflow/example_dags/example_dynamic_task_mapping.py for tasks to queue
[2024-03-03T01:56:04.109+0530] {logging_mixin.py:188} INFO - [2024-03-03T01:56:04.108+0530] {dagbag.py:540} INFO - Filling up the DagBag from /home/akranth/airflow/airflow_env/lib/python3.11/site-packages/airflow/example_dags/example_dynamic_task_mapping.py
[2024-03-03T01:56:04.127+0530] {processor.py:840} INFO - DAG(s) 'example_dynamic_task_mapping' retrieved from /home/akranth/airflow/airflow_env/lib/python3.11/site-packages/airflow/example_dags/example_dynamic_task_mapping.py
[2024-03-03T01:56:04.144+0530] {logging_mixin.py:188} INFO - [2024-03-03T01:56:04.143+0530] {dag.py:3047} INFO - Sync 1 DAGs
[2024-03-03T01:56:04.159+0530] {logging_mixin.py:188} INFO - [2024-03-03T01:56:04.159+0530] {dag.py:3834} INFO - Setting next_dagrun for example_dynamic_task_mapping to 2022-03-04 00:00:00+00:00, run_after=2022-03-05 00:00:00+00:00
[2024-03-03T01:56:04.266+0530] {processor.py:183} INFO - Processing /home/akranth/airflow/airflow_env/lib/python3.11/site-packages/airflow/example_dags/example_dynamic_task_mapping.py took 0.178 seconds
