[2024-03-03T01:49:01.965+0530] {processor.py:161} INFO - Started process (PID=6641) to work on /home/akranth/airflow/airflow_env/lib/python3.11/site-packages/airflow/example_dags/example_external_task_marker_dag.py
[2024-03-03T01:49:01.965+0530] {processor.py:830} INFO - Processing file /home/akranth/airflow/airflow_env/lib/python3.11/site-packages/airflow/example_dags/example_external_task_marker_dag.py for tasks to queue
[2024-03-03T01:49:01.966+0530] {logging_mixin.py:188} INFO - [2024-03-03T01:49:01.966+0530] {dagbag.py:540} INFO - Filling up the DagBag from /home/akranth/airflow/airflow_env/lib/python3.11/site-packages/airflow/example_dags/example_external_task_marker_dag.py
[2024-03-03T01:49:01.975+0530] {processor.py:840} INFO - DAG(s) 'example_external_task_marker_child', 'example_external_task_marker_parent' retrieved from /home/akranth/airflow/airflow_env/lib/python3.11/site-packages/airflow/example_dags/example_external_task_marker_dag.py
[2024-03-03T01:49:02.223+0530] {logging_mixin.py:188} INFO - [2024-03-03T01:49:02.222+0530] {dag.py:3047} INFO - Sync 2 DAGs
[2024-03-03T01:49:02.232+0530] {logging_mixin.py:188} INFO - [2024-03-03T01:49:02.232+0530] {dag.py:3834} INFO - Setting next_dagrun for example_external_task_marker_child to None, run_after=None
[2024-03-03T01:49:02.234+0530] {logging_mixin.py:188} INFO - [2024-03-03T01:49:02.234+0530] {dag.py:3834} INFO - Setting next_dagrun for example_external_task_marker_parent to None, run_after=None
[2024-03-03T01:49:02.399+0530] {processor.py:183} INFO - Processing /home/akranth/airflow/airflow_env/lib/python3.11/site-packages/airflow/example_dags/example_external_task_marker_dag.py took 0.437 seconds
[2024-03-03T01:50:08.233+0530] {processor.py:161} INFO - Started process (PID=6783) to work on /home/akranth/airflow/airflow_env/lib/python3.11/site-packages/airflow/example_dags/example_external_task_marker_dag.py
[2024-03-03T01:50:08.234+0530] {processor.py:830} INFO - Processing file /home/akranth/airflow/airflow_env/lib/python3.11/site-packages/airflow/example_dags/example_external_task_marker_dag.py for tasks to queue
[2024-03-03T01:50:08.235+0530] {logging_mixin.py:188} INFO - [2024-03-03T01:50:08.234+0530] {dagbag.py:540} INFO - Filling up the DagBag from /home/akranth/airflow/airflow_env/lib/python3.11/site-packages/airflow/example_dags/example_external_task_marker_dag.py
[2024-03-03T01:50:08.240+0530] {processor.py:840} INFO - DAG(s) 'example_external_task_marker_child', 'example_external_task_marker_parent' retrieved from /home/akranth/airflow/airflow_env/lib/python3.11/site-packages/airflow/example_dags/example_external_task_marker_dag.py
[2024-03-03T01:50:08.333+0530] {logging_mixin.py:188} INFO - [2024-03-03T01:50:08.333+0530] {dag.py:3047} INFO - Sync 2 DAGs
[2024-03-03T01:50:08.341+0530] {logging_mixin.py:188} INFO - [2024-03-03T01:50:08.340+0530] {dag.py:3834} INFO - Setting next_dagrun for example_external_task_marker_child to None, run_after=None
[2024-03-03T01:50:08.343+0530] {logging_mixin.py:188} INFO - [2024-03-03T01:50:08.343+0530] {dag.py:3834} INFO - Setting next_dagrun for example_external_task_marker_parent to None, run_after=None
[2024-03-03T01:50:08.436+0530] {processor.py:183} INFO - Processing /home/akranth/airflow/airflow_env/lib/python3.11/site-packages/airflow/example_dags/example_external_task_marker_dag.py took 0.206 seconds
[2024-03-03T01:51:13.153+0530] {processor.py:161} INFO - Started process (PID=6985) to work on /home/akranth/airflow/airflow_env/lib/python3.11/site-packages/airflow/example_dags/example_external_task_marker_dag.py
[2024-03-03T01:51:13.154+0530] {processor.py:830} INFO - Processing file /home/akranth/airflow/airflow_env/lib/python3.11/site-packages/airflow/example_dags/example_external_task_marker_dag.py for tasks to queue
[2024-03-03T01:51:13.155+0530] {logging_mixin.py:188} INFO - [2024-03-03T01:51:13.155+0530] {dagbag.py:540} INFO - Filling up the DagBag from /home/akranth/airflow/airflow_env/lib/python3.11/site-packages/airflow/example_dags/example_external_task_marker_dag.py
[2024-03-03T01:51:13.159+0530] {processor.py:840} INFO - DAG(s) 'example_external_task_marker_parent', 'example_external_task_marker_child' retrieved from /home/akranth/airflow/airflow_env/lib/python3.11/site-packages/airflow/example_dags/example_external_task_marker_dag.py
[2024-03-03T01:51:13.173+0530] {logging_mixin.py:188} INFO - [2024-03-03T01:51:13.173+0530] {dag.py:3047} INFO - Sync 2 DAGs
[2024-03-03T01:51:13.181+0530] {logging_mixin.py:188} INFO - [2024-03-03T01:51:13.181+0530] {dag.py:3834} INFO - Setting next_dagrun for example_external_task_marker_child to None, run_after=None
[2024-03-03T01:51:13.184+0530] {logging_mixin.py:188} INFO - [2024-03-03T01:51:13.184+0530] {dag.py:3834} INFO - Setting next_dagrun for example_external_task_marker_parent to None, run_after=None
[2024-03-03T01:51:13.277+0530] {processor.py:183} INFO - Processing /home/akranth/airflow/airflow_env/lib/python3.11/site-packages/airflow/example_dags/example_external_task_marker_dag.py took 0.126 seconds
[2024-03-03T01:52:17.748+0530] {processor.py:161} INFO - Started process (PID=7117) to work on /home/akranth/airflow/airflow_env/lib/python3.11/site-packages/airflow/example_dags/example_external_task_marker_dag.py
[2024-03-03T01:52:17.750+0530] {processor.py:830} INFO - Processing file /home/akranth/airflow/airflow_env/lib/python3.11/site-packages/airflow/example_dags/example_external_task_marker_dag.py for tasks to queue
[2024-03-03T01:52:17.752+0530] {logging_mixin.py:188} INFO - [2024-03-03T01:52:17.751+0530] {dagbag.py:540} INFO - Filling up the DagBag from /home/akranth/airflow/airflow_env/lib/python3.11/site-packages/airflow/example_dags/example_external_task_marker_dag.py
[2024-03-03T01:52:17.765+0530] {processor.py:840} INFO - DAG(s) 'example_external_task_marker_child', 'example_external_task_marker_parent' retrieved from /home/akranth/airflow/airflow_env/lib/python3.11/site-packages/airflow/example_dags/example_external_task_marker_dag.py
[2024-03-03T01:52:17.784+0530] {logging_mixin.py:188} INFO - [2024-03-03T01:52:17.783+0530] {dag.py:3047} INFO - Sync 2 DAGs
[2024-03-03T01:52:17.793+0530] {logging_mixin.py:188} INFO - [2024-03-03T01:52:17.792+0530] {dag.py:3834} INFO - Setting next_dagrun for example_external_task_marker_child to None, run_after=None
[2024-03-03T01:52:17.795+0530] {logging_mixin.py:188} INFO - [2024-03-03T01:52:17.795+0530] {dag.py:3834} INFO - Setting next_dagrun for example_external_task_marker_parent to None, run_after=None
[2024-03-03T01:52:17.976+0530] {processor.py:183} INFO - Processing /home/akranth/airflow/airflow_env/lib/python3.11/site-packages/airflow/example_dags/example_external_task_marker_dag.py took 0.234 seconds
[2024-03-03T01:53:27.103+0530] {processor.py:161} INFO - Started process (PID=7196) to work on /home/akranth/airflow/airflow_env/lib/python3.11/site-packages/airflow/example_dags/example_external_task_marker_dag.py
[2024-03-03T01:53:27.104+0530] {processor.py:830} INFO - Processing file /home/akranth/airflow/airflow_env/lib/python3.11/site-packages/airflow/example_dags/example_external_task_marker_dag.py for tasks to queue
[2024-03-03T01:53:27.105+0530] {logging_mixin.py:188} INFO - [2024-03-03T01:53:27.104+0530] {dagbag.py:540} INFO - Filling up the DagBag from /home/akranth/airflow/airflow_env/lib/python3.11/site-packages/airflow/example_dags/example_external_task_marker_dag.py
[2024-03-03T01:53:27.110+0530] {processor.py:840} INFO - DAG(s) 'example_external_task_marker_parent', 'example_external_task_marker_child' retrieved from /home/akranth/airflow/airflow_env/lib/python3.11/site-packages/airflow/example_dags/example_external_task_marker_dag.py
[2024-03-03T01:53:27.123+0530] {logging_mixin.py:188} INFO - [2024-03-03T01:53:27.123+0530] {dag.py:3047} INFO - Sync 2 DAGs
[2024-03-03T01:53:27.131+0530] {logging_mixin.py:188} INFO - [2024-03-03T01:53:27.131+0530] {dag.py:3834} INFO - Setting next_dagrun for example_external_task_marker_child to None, run_after=None
[2024-03-03T01:53:27.134+0530] {logging_mixin.py:188} INFO - [2024-03-03T01:53:27.133+0530] {dag.py:3834} INFO - Setting next_dagrun for example_external_task_marker_parent to None, run_after=None
[2024-03-03T01:53:27.301+0530] {processor.py:183} INFO - Processing /home/akranth/airflow/airflow_env/lib/python3.11/site-packages/airflow/example_dags/example_external_task_marker_dag.py took 0.200 seconds
[2024-03-03T01:54:36.485+0530] {processor.py:161} INFO - Started process (PID=7264) to work on /home/akranth/airflow/airflow_env/lib/python3.11/site-packages/airflow/example_dags/example_external_task_marker_dag.py
[2024-03-03T01:54:36.564+0530] {processor.py:830} INFO - Processing file /home/akranth/airflow/airflow_env/lib/python3.11/site-packages/airflow/example_dags/example_external_task_marker_dag.py for tasks to queue
[2024-03-03T01:54:36.566+0530] {logging_mixin.py:188} INFO - [2024-03-03T01:54:36.565+0530] {dagbag.py:540} INFO - Filling up the DagBag from /home/akranth/airflow/airflow_env/lib/python3.11/site-packages/airflow/example_dags/example_external_task_marker_dag.py
[2024-03-03T01:54:36.573+0530] {processor.py:840} INFO - DAG(s) 'example_external_task_marker_child', 'example_external_task_marker_parent' retrieved from /home/akranth/airflow/airflow_env/lib/python3.11/site-packages/airflow/example_dags/example_external_task_marker_dag.py
[2024-03-03T01:54:36.586+0530] {logging_mixin.py:188} INFO - [2024-03-03T01:54:36.586+0530] {dag.py:3047} INFO - Sync 2 DAGs
[2024-03-03T01:54:36.594+0530] {logging_mixin.py:188} INFO - [2024-03-03T01:54:36.594+0530] {dag.py:3834} INFO - Setting next_dagrun for example_external_task_marker_child to None, run_after=None
[2024-03-03T01:54:36.596+0530] {logging_mixin.py:188} INFO - [2024-03-03T01:54:36.596+0530] {dag.py:3834} INFO - Setting next_dagrun for example_external_task_marker_parent to None, run_after=None
[2024-03-03T01:54:36.701+0530] {processor.py:183} INFO - Processing /home/akranth/airflow/airflow_env/lib/python3.11/site-packages/airflow/example_dags/example_external_task_marker_dag.py took 0.219 seconds
[2024-03-03T01:55:45.607+0530] {processor.py:161} INFO - Started process (PID=7333) to work on /home/akranth/airflow/airflow_env/lib/python3.11/site-packages/airflow/example_dags/example_external_task_marker_dag.py
[2024-03-03T01:55:45.697+0530] {processor.py:830} INFO - Processing file /home/akranth/airflow/airflow_env/lib/python3.11/site-packages/airflow/example_dags/example_external_task_marker_dag.py for tasks to queue
[2024-03-03T01:55:45.698+0530] {logging_mixin.py:188} INFO - [2024-03-03T01:55:45.697+0530] {dagbag.py:540} INFO - Filling up the DagBag from /home/akranth/airflow/airflow_env/lib/python3.11/site-packages/airflow/example_dags/example_external_task_marker_dag.py
[2024-03-03T01:55:45.705+0530] {processor.py:840} INFO - DAG(s) 'example_external_task_marker_child', 'example_external_task_marker_parent' retrieved from /home/akranth/airflow/airflow_env/lib/python3.11/site-packages/airflow/example_dags/example_external_task_marker_dag.py
[2024-03-03T01:55:45.718+0530] {logging_mixin.py:188} INFO - [2024-03-03T01:55:45.718+0530] {dag.py:3047} INFO - Sync 2 DAGs
[2024-03-03T01:55:45.726+0530] {logging_mixin.py:188} INFO - [2024-03-03T01:55:45.725+0530] {dag.py:3834} INFO - Setting next_dagrun for example_external_task_marker_child to None, run_after=None
[2024-03-03T01:55:45.728+0530] {logging_mixin.py:188} INFO - [2024-03-03T01:55:45.728+0530] {dag.py:3834} INFO - Setting next_dagrun for example_external_task_marker_parent to None, run_after=None
[2024-03-03T01:55:45.837+0530] {processor.py:183} INFO - Processing /home/akranth/airflow/airflow_env/lib/python3.11/site-packages/airflow/example_dags/example_external_task_marker_dag.py took 0.232 seconds
