[2024-03-03T01:48:42.781+0530] {processor.py:161} INFO - Started process (PID=6587) to work on /home/akranth/airflow/airflow_env/lib/python3.11/site-packages/airflow/example_dags/example_short_circuit_decorator.py
[2024-03-03T01:48:42.782+0530] {processor.py:830} INFO - Processing file /home/akranth/airflow/airflow_env/lib/python3.11/site-packages/airflow/example_dags/example_short_circuit_decorator.py for tasks to queue
[2024-03-03T01:48:42.783+0530] {logging_mixin.py:188} INFO - [2024-03-03T01:48:42.782+0530] {dagbag.py:540} INFO - Filling up the DagBag from /home/akranth/airflow/airflow_env/lib/python3.11/site-packages/airflow/example_dags/example_short_circuit_decorator.py
[2024-03-03T01:48:42.791+0530] {processor.py:840} INFO - DAG(s) 'example_short_circuit_decorator' retrieved from /home/akranth/airflow/airflow_env/lib/python3.11/site-packages/airflow/example_dags/example_short_circuit_decorator.py
[2024-03-03T01:48:42.862+0530] {logging_mixin.py:188} INFO - [2024-03-03T01:48:42.862+0530] {dag.py:3047} INFO - Sync 1 DAGs
[2024-03-03T01:48:42.951+0530] {logging_mixin.py:188} INFO - [2024-03-03T01:48:42.951+0530] {dag.py:3834} INFO - Setting next_dagrun for example_short_circuit_decorator to 2024-03-01 00:00:00+00:00, run_after=2024-03-02 00:00:00+00:00
[2024-03-03T01:48:43.055+0530] {processor.py:183} INFO - Processing /home/akranth/airflow/airflow_env/lib/python3.11/site-packages/airflow/example_dags/example_short_circuit_decorator.py took 0.275 seconds
[2024-03-03T01:49:46.973+0530] {processor.py:161} INFO - Started process (PID=6759) to work on /home/akranth/airflow/airflow_env/lib/python3.11/site-packages/airflow/example_dags/example_short_circuit_decorator.py
[2024-03-03T01:49:47.051+0530] {processor.py:830} INFO - Processing file /home/akranth/airflow/airflow_env/lib/python3.11/site-packages/airflow/example_dags/example_short_circuit_decorator.py for tasks to queue
[2024-03-03T01:49:47.054+0530] {logging_mixin.py:188} INFO - [2024-03-03T01:49:47.053+0530] {dagbag.py:540} INFO - Filling up the DagBag from /home/akranth/airflow/airflow_env/lib/python3.11/site-packages/airflow/example_dags/example_short_circuit_decorator.py
[2024-03-03T01:49:47.076+0530] {processor.py:840} INFO - DAG(s) 'example_short_circuit_decorator' retrieved from /home/akranth/airflow/airflow_env/lib/python3.11/site-packages/airflow/example_dags/example_short_circuit_decorator.py
[2024-03-03T01:49:47.100+0530] {logging_mixin.py:188} INFO - [2024-03-03T01:49:47.100+0530] {dag.py:3047} INFO - Sync 1 DAGs
[2024-03-03T01:49:47.197+0530] {logging_mixin.py:188} INFO - [2024-03-03T01:49:47.196+0530] {dag.py:3834} INFO - Setting next_dagrun for example_short_circuit_decorator to 2024-03-01 00:00:00+00:00, run_after=2024-03-02 00:00:00+00:00
[2024-03-03T01:49:47.311+0530] {processor.py:183} INFO - Processing /home/akranth/airflow/airflow_env/lib/python3.11/site-packages/airflow/example_dags/example_short_circuit_decorator.py took 0.341 seconds
[2024-03-03T01:50:51.865+0530] {processor.py:161} INFO - Started process (PID=6905) to work on /home/akranth/airflow/airflow_env/lib/python3.11/site-packages/airflow/example_dags/example_short_circuit_decorator.py
[2024-03-03T01:50:51.875+0530] {processor.py:830} INFO - Processing file /home/akranth/airflow/airflow_env/lib/python3.11/site-packages/airflow/example_dags/example_short_circuit_decorator.py for tasks to queue
[2024-03-03T01:50:51.876+0530] {logging_mixin.py:188} INFO - [2024-03-03T01:50:51.876+0530] {dagbag.py:540} INFO - Filling up the DagBag from /home/akranth/airflow/airflow_env/lib/python3.11/site-packages/airflow/example_dags/example_short_circuit_decorator.py
[2024-03-03T01:50:51.890+0530] {processor.py:840} INFO - DAG(s) 'example_short_circuit_decorator' retrieved from /home/akranth/airflow/airflow_env/lib/python3.11/site-packages/airflow/example_dags/example_short_circuit_decorator.py
[2024-03-03T01:50:51.906+0530] {logging_mixin.py:188} INFO - [2024-03-03T01:50:51.906+0530] {dag.py:3047} INFO - Sync 1 DAGs
[2024-03-03T01:50:51.923+0530] {logging_mixin.py:188} INFO - [2024-03-03T01:50:51.922+0530] {dag.py:3834} INFO - Setting next_dagrun for example_short_circuit_decorator to 2024-03-01 00:00:00+00:00, run_after=2024-03-02 00:00:00+00:00
[2024-03-03T01:50:52.035+0530] {processor.py:183} INFO - Processing /home/akranth/airflow/airflow_env/lib/python3.11/site-packages/airflow/example_dags/example_short_circuit_decorator.py took 0.174 seconds
[2024-03-03T01:51:54.257+0530] {processor.py:161} INFO - Started process (PID=7027) to work on /home/akranth/airflow/airflow_env/lib/python3.11/site-packages/airflow/example_dags/example_short_circuit_decorator.py
[2024-03-03T01:51:54.258+0530] {processor.py:830} INFO - Processing file /home/akranth/airflow/airflow_env/lib/python3.11/site-packages/airflow/example_dags/example_short_circuit_decorator.py for tasks to queue
[2024-03-03T01:51:54.259+0530] {logging_mixin.py:188} INFO - [2024-03-03T01:51:54.258+0530] {dagbag.py:540} INFO - Filling up the DagBag from /home/akranth/airflow/airflow_env/lib/python3.11/site-packages/airflow/example_dags/example_short_circuit_decorator.py
[2024-03-03T01:51:54.267+0530] {processor.py:840} INFO - DAG(s) 'example_short_circuit_decorator' retrieved from /home/akranth/airflow/airflow_env/lib/python3.11/site-packages/airflow/example_dags/example_short_circuit_decorator.py
[2024-03-03T01:51:54.280+0530] {logging_mixin.py:188} INFO - [2024-03-03T01:51:54.279+0530] {dag.py:3047} INFO - Sync 1 DAGs
[2024-03-03T01:51:54.294+0530] {logging_mixin.py:188} INFO - [2024-03-03T01:51:54.293+0530] {dag.py:3834} INFO - Setting next_dagrun for example_short_circuit_decorator to 2024-03-01 00:00:00+00:00, run_after=2024-03-02 00:00:00+00:00
[2024-03-03T01:51:54.480+0530] {processor.py:183} INFO - Processing /home/akranth/airflow/airflow_env/lib/python3.11/site-packages/airflow/example_dags/example_short_circuit_decorator.py took 0.224 seconds
[2024-03-03T01:52:56.403+0530] {processor.py:161} INFO - Started process (PID=7156) to work on /home/akranth/airflow/airflow_env/lib/python3.11/site-packages/airflow/example_dags/example_short_circuit_decorator.py
[2024-03-03T01:52:56.404+0530] {processor.py:830} INFO - Processing file /home/akranth/airflow/airflow_env/lib/python3.11/site-packages/airflow/example_dags/example_short_circuit_decorator.py for tasks to queue
[2024-03-03T01:52:56.405+0530] {logging_mixin.py:188} INFO - [2024-03-03T01:52:56.404+0530] {dagbag.py:540} INFO - Filling up the DagBag from /home/akranth/airflow/airflow_env/lib/python3.11/site-packages/airflow/example_dags/example_short_circuit_decorator.py
[2024-03-03T01:52:56.414+0530] {processor.py:840} INFO - DAG(s) 'example_short_circuit_decorator' retrieved from /home/akranth/airflow/airflow_env/lib/python3.11/site-packages/airflow/example_dags/example_short_circuit_decorator.py
[2024-03-03T01:52:56.433+0530] {logging_mixin.py:188} INFO - [2024-03-03T01:52:56.433+0530] {dag.py:3047} INFO - Sync 1 DAGs
[2024-03-03T01:52:56.448+0530] {logging_mixin.py:188} INFO - [2024-03-03T01:52:56.448+0530] {dag.py:3834} INFO - Setting next_dagrun for example_short_circuit_decorator to 2024-03-01 00:00:00+00:00, run_after=2024-03-02 00:00:00+00:00
[2024-03-03T01:52:56.632+0530] {processor.py:183} INFO - Processing /home/akranth/airflow/airflow_env/lib/python3.11/site-packages/airflow/example_dags/example_short_circuit_decorator.py took 0.232 seconds
[2024-03-03T01:54:11.191+0530] {processor.py:161} INFO - Started process (PID=7235) to work on /home/akranth/airflow/airflow_env/lib/python3.11/site-packages/airflow/example_dags/example_short_circuit_decorator.py
[2024-03-03T01:54:11.193+0530] {processor.py:830} INFO - Processing file /home/akranth/airflow/airflow_env/lib/python3.11/site-packages/airflow/example_dags/example_short_circuit_decorator.py for tasks to queue
[2024-03-03T01:54:11.195+0530] {logging_mixin.py:188} INFO - [2024-03-03T01:54:11.194+0530] {dagbag.py:540} INFO - Filling up the DagBag from /home/akranth/airflow/airflow_env/lib/python3.11/site-packages/airflow/example_dags/example_short_circuit_decorator.py
[2024-03-03T01:54:11.216+0530] {processor.py:840} INFO - DAG(s) 'example_short_circuit_decorator' retrieved from /home/akranth/airflow/airflow_env/lib/python3.11/site-packages/airflow/example_dags/example_short_circuit_decorator.py
[2024-03-03T01:54:11.234+0530] {logging_mixin.py:188} INFO - [2024-03-03T01:54:11.233+0530] {dag.py:3047} INFO - Sync 1 DAGs
[2024-03-03T01:54:11.247+0530] {logging_mixin.py:188} INFO - [2024-03-03T01:54:11.247+0530] {dag.py:3834} INFO - Setting next_dagrun for example_short_circuit_decorator to 2024-03-01 00:00:00+00:00, run_after=2024-03-02 00:00:00+00:00
[2024-03-03T01:54:11.417+0530] {processor.py:183} INFO - Processing /home/akranth/airflow/airflow_env/lib/python3.11/site-packages/airflow/example_dags/example_short_circuit_decorator.py took 0.232 seconds
[2024-03-03T01:55:19.957+0530] {processor.py:161} INFO - Started process (PID=7299) to work on /home/akranth/airflow/airflow_env/lib/python3.11/site-packages/airflow/example_dags/example_short_circuit_decorator.py
[2024-03-03T01:55:19.958+0530] {processor.py:830} INFO - Processing file /home/akranth/airflow/airflow_env/lib/python3.11/site-packages/airflow/example_dags/example_short_circuit_decorator.py for tasks to queue
[2024-03-03T01:55:19.958+0530] {logging_mixin.py:188} INFO - [2024-03-03T01:55:19.958+0530] {dagbag.py:540} INFO - Filling up the DagBag from /home/akranth/airflow/airflow_env/lib/python3.11/site-packages/airflow/example_dags/example_short_circuit_decorator.py
[2024-03-03T01:55:19.967+0530] {processor.py:840} INFO - DAG(s) 'example_short_circuit_decorator' retrieved from /home/akranth/airflow/airflow_env/lib/python3.11/site-packages/airflow/example_dags/example_short_circuit_decorator.py
[2024-03-03T01:55:19.984+0530] {logging_mixin.py:188} INFO - [2024-03-03T01:55:19.983+0530] {dag.py:3047} INFO - Sync 1 DAGs
[2024-03-03T01:55:19.998+0530] {logging_mixin.py:188} INFO - [2024-03-03T01:55:19.998+0530] {dag.py:3834} INFO - Setting next_dagrun for example_short_circuit_decorator to 2024-03-01 00:00:00+00:00, run_after=2024-03-02 00:00:00+00:00
[2024-03-03T01:55:20.193+0530] {processor.py:183} INFO - Processing /home/akranth/airflow/airflow_env/lib/python3.11/site-packages/airflow/example_dags/example_short_circuit_decorator.py took 0.238 seconds
