[2024-03-03T01:49:19.409+0530] {processor.py:161} INFO - Started process (PID=6693) to work on /home/akranth/airflow/airflow_env/lib/python3.11/site-packages/airflow/example_dags/example_branch_day_of_week_operator.py
[2024-03-03T01:49:19.410+0530] {processor.py:830} INFO - Processing file /home/akranth/airflow/airflow_env/lib/python3.11/site-packages/airflow/example_dags/example_branch_day_of_week_operator.py for tasks to queue
[2024-03-03T01:49:19.411+0530] {logging_mixin.py:188} INFO - [2024-03-03T01:49:19.410+0530] {dagbag.py:540} INFO - Filling up the DagBag from /home/akranth/airflow/airflow_env/lib/python3.11/site-packages/airflow/example_dags/example_branch_day_of_week_operator.py
[2024-03-03T01:49:19.416+0530] {processor.py:840} INFO - DAG(s) 'example_weekday_branch_operator' retrieved from /home/akranth/airflow/airflow_env/lib/python3.11/site-packages/airflow/example_dags/example_branch_day_of_week_operator.py
[2024-03-03T01:49:19.559+0530] {logging_mixin.py:188} INFO - [2024-03-03T01:49:19.559+0530] {dag.py:3047} INFO - Sync 1 DAGs
[2024-03-03T01:49:19.572+0530] {logging_mixin.py:188} INFO - [2024-03-03T01:49:19.572+0530] {dag.py:3834} INFO - Setting next_dagrun for example_weekday_branch_operator to 2024-03-01 00:00:00+00:00, run_after=2024-03-02 00:00:00+00:00
[2024-03-03T01:49:19.747+0530] {processor.py:183} INFO - Processing /home/akranth/airflow/airflow_env/lib/python3.11/site-packages/airflow/example_dags/example_branch_day_of_week_operator.py took 0.340 seconds
[2024-03-03T01:50:25.716+0530] {processor.py:161} INFO - Started process (PID=6807) to work on /home/akranth/airflow/airflow_env/lib/python3.11/site-packages/airflow/example_dags/example_branch_day_of_week_operator.py
[2024-03-03T01:50:25.718+0530] {processor.py:830} INFO - Processing file /home/akranth/airflow/airflow_env/lib/python3.11/site-packages/airflow/example_dags/example_branch_day_of_week_operator.py for tasks to queue
[2024-03-03T01:50:25.720+0530] {logging_mixin.py:188} INFO - [2024-03-03T01:50:25.719+0530] {dagbag.py:540} INFO - Filling up the DagBag from /home/akranth/airflow/airflow_env/lib/python3.11/site-packages/airflow/example_dags/example_branch_day_of_week_operator.py
[2024-03-03T01:50:25.736+0530] {processor.py:840} INFO - DAG(s) 'example_weekday_branch_operator' retrieved from /home/akranth/airflow/airflow_env/lib/python3.11/site-packages/airflow/example_dags/example_branch_day_of_week_operator.py
[2024-03-03T01:50:25.755+0530] {logging_mixin.py:188} INFO - [2024-03-03T01:50:25.755+0530] {dag.py:3047} INFO - Sync 1 DAGs
[2024-03-03T01:50:25.774+0530] {logging_mixin.py:188} INFO - [2024-03-03T01:50:25.774+0530] {dag.py:3834} INFO - Setting next_dagrun for example_weekday_branch_operator to 2024-03-01 00:00:00+00:00, run_after=2024-03-02 00:00:00+00:00
[2024-03-03T01:50:25.963+0530] {processor.py:183} INFO - Processing /home/akranth/airflow/airflow_env/lib/python3.11/site-packages/airflow/example_dags/example_branch_day_of_week_operator.py took 0.254 seconds
[2024-03-03T01:51:29.983+0530] {processor.py:161} INFO - Started process (PID=7002) to work on /home/akranth/airflow/airflow_env/lib/python3.11/site-packages/airflow/example_dags/example_branch_day_of_week_operator.py
[2024-03-03T01:51:29.984+0530] {processor.py:830} INFO - Processing file /home/akranth/airflow/airflow_env/lib/python3.11/site-packages/airflow/example_dags/example_branch_day_of_week_operator.py for tasks to queue
[2024-03-03T01:51:29.985+0530] {logging_mixin.py:188} INFO - [2024-03-03T01:51:29.984+0530] {dagbag.py:540} INFO - Filling up the DagBag from /home/akranth/airflow/airflow_env/lib/python3.11/site-packages/airflow/example_dags/example_branch_day_of_week_operator.py
[2024-03-03T01:51:29.991+0530] {processor.py:840} INFO - DAG(s) 'example_weekday_branch_operator' retrieved from /home/akranth/airflow/airflow_env/lib/python3.11/site-packages/airflow/example_dags/example_branch_day_of_week_operator.py
[2024-03-03T01:51:30.003+0530] {logging_mixin.py:188} INFO - [2024-03-03T01:51:30.003+0530] {dag.py:3047} INFO - Sync 1 DAGs
[2024-03-03T01:51:30.019+0530] {logging_mixin.py:188} INFO - [2024-03-03T01:51:30.019+0530] {dag.py:3834} INFO - Setting next_dagrun for example_weekday_branch_operator to 2024-03-01 00:00:00+00:00, run_after=2024-03-02 00:00:00+00:00
[2024-03-03T01:51:30.237+0530] {processor.py:183} INFO - Processing /home/akranth/airflow/airflow_env/lib/python3.11/site-packages/airflow/example_dags/example_branch_day_of_week_operator.py took 0.255 seconds
[2024-03-03T01:52:33.081+0530] {processor.py:161} INFO - Started process (PID=7131) to work on /home/akranth/airflow/airflow_env/lib/python3.11/site-packages/airflow/example_dags/example_branch_day_of_week_operator.py
[2024-03-03T01:52:33.172+0530] {processor.py:830} INFO - Processing file /home/akranth/airflow/airflow_env/lib/python3.11/site-packages/airflow/example_dags/example_branch_day_of_week_operator.py for tasks to queue
[2024-03-03T01:52:33.174+0530] {logging_mixin.py:188} INFO - [2024-03-03T01:52:33.173+0530] {dagbag.py:540} INFO - Filling up the DagBag from /home/akranth/airflow/airflow_env/lib/python3.11/site-packages/airflow/example_dags/example_branch_day_of_week_operator.py
[2024-03-03T01:52:33.194+0530] {processor.py:840} INFO - DAG(s) 'example_weekday_branch_operator' retrieved from /home/akranth/airflow/airflow_env/lib/python3.11/site-packages/airflow/example_dags/example_branch_day_of_week_operator.py
[2024-03-03T01:52:33.220+0530] {logging_mixin.py:188} INFO - [2024-03-03T01:52:33.219+0530] {dag.py:3047} INFO - Sync 1 DAGs
[2024-03-03T01:52:33.236+0530] {logging_mixin.py:188} INFO - [2024-03-03T01:52:33.236+0530] {dag.py:3834} INFO - Setting next_dagrun for example_weekday_branch_operator to 2024-03-01 00:00:00+00:00, run_after=2024-03-02 00:00:00+00:00
[2024-03-03T01:52:33.388+0530] {processor.py:183} INFO - Processing /home/akranth/airflow/airflow_env/lib/python3.11/site-packages/airflow/example_dags/example_branch_day_of_week_operator.py took 0.308 seconds
[2024-03-03T01:53:43.465+0530] {processor.py:161} INFO - Started process (PID=7209) to work on /home/akranth/airflow/airflow_env/lib/python3.11/site-packages/airflow/example_dags/example_branch_day_of_week_operator.py
[2024-03-03T01:53:43.557+0530] {processor.py:830} INFO - Processing file /home/akranth/airflow/airflow_env/lib/python3.11/site-packages/airflow/example_dags/example_branch_day_of_week_operator.py for tasks to queue
[2024-03-03T01:53:43.558+0530] {logging_mixin.py:188} INFO - [2024-03-03T01:53:43.557+0530] {dagbag.py:540} INFO - Filling up the DagBag from /home/akranth/airflow/airflow_env/lib/python3.11/site-packages/airflow/example_dags/example_branch_day_of_week_operator.py
[2024-03-03T01:53:43.566+0530] {processor.py:840} INFO - DAG(s) 'example_weekday_branch_operator' retrieved from /home/akranth/airflow/airflow_env/lib/python3.11/site-packages/airflow/example_dags/example_branch_day_of_week_operator.py
[2024-03-03T01:53:43.584+0530] {logging_mixin.py:188} INFO - [2024-03-03T01:53:43.584+0530] {dag.py:3047} INFO - Sync 1 DAGs
[2024-03-03T01:53:43.601+0530] {logging_mixin.py:188} INFO - [2024-03-03T01:53:43.601+0530] {dag.py:3834} INFO - Setting next_dagrun for example_weekday_branch_operator to 2024-03-01 00:00:00+00:00, run_after=2024-03-02 00:00:00+00:00
[2024-03-03T01:53:43.714+0530] {processor.py:183} INFO - Processing /home/akranth/airflow/airflow_env/lib/python3.11/site-packages/airflow/example_dags/example_branch_day_of_week_operator.py took 0.255 seconds
[2024-03-03T01:54:53.596+0530] {processor.py:161} INFO - Started process (PID=7277) to work on /home/akranth/airflow/airflow_env/lib/python3.11/site-packages/airflow/example_dags/example_branch_day_of_week_operator.py
[2024-03-03T01:54:53.680+0530] {processor.py:830} INFO - Processing file /home/akranth/airflow/airflow_env/lib/python3.11/site-packages/airflow/example_dags/example_branch_day_of_week_operator.py for tasks to queue
[2024-03-03T01:54:53.683+0530] {logging_mixin.py:188} INFO - [2024-03-03T01:54:53.682+0530] {dagbag.py:540} INFO - Filling up the DagBag from /home/akranth/airflow/airflow_env/lib/python3.11/site-packages/airflow/example_dags/example_branch_day_of_week_operator.py
[2024-03-03T01:54:53.690+0530] {processor.py:840} INFO - DAG(s) 'example_weekday_branch_operator' retrieved from /home/akranth/airflow/airflow_env/lib/python3.11/site-packages/airflow/example_dags/example_branch_day_of_week_operator.py
[2024-03-03T01:54:53.702+0530] {logging_mixin.py:188} INFO - [2024-03-03T01:54:53.702+0530] {dag.py:3047} INFO - Sync 1 DAGs
[2024-03-03T01:54:53.717+0530] {logging_mixin.py:188} INFO - [2024-03-03T01:54:53.717+0530] {dag.py:3834} INFO - Setting next_dagrun for example_weekday_branch_operator to 2024-03-01 00:00:00+00:00, run_after=2024-03-02 00:00:00+00:00
[2024-03-03T01:54:53.836+0530] {processor.py:183} INFO - Processing /home/akranth/airflow/airflow_env/lib/python3.11/site-packages/airflow/example_dags/example_branch_day_of_week_operator.py took 0.241 seconds
[2024-03-03T01:56:02.855+0530] {processor.py:161} INFO - Started process (PID=7351) to work on /home/akranth/airflow/airflow_env/lib/python3.11/site-packages/airflow/example_dags/example_branch_day_of_week_operator.py
[2024-03-03T01:56:02.868+0530] {processor.py:830} INFO - Processing file /home/akranth/airflow/airflow_env/lib/python3.11/site-packages/airflow/example_dags/example_branch_day_of_week_operator.py for tasks to queue
[2024-03-03T01:56:02.869+0530] {logging_mixin.py:188} INFO - [2024-03-03T01:56:02.868+0530] {dagbag.py:540} INFO - Filling up the DagBag from /home/akranth/airflow/airflow_env/lib/python3.11/site-packages/airflow/example_dags/example_branch_day_of_week_operator.py
[2024-03-03T01:56:02.878+0530] {processor.py:840} INFO - DAG(s) 'example_weekday_branch_operator' retrieved from /home/akranth/airflow/airflow_env/lib/python3.11/site-packages/airflow/example_dags/example_branch_day_of_week_operator.py
[2024-03-03T01:56:02.900+0530] {logging_mixin.py:188} INFO - [2024-03-03T01:56:02.900+0530] {dag.py:3047} INFO - Sync 1 DAGs
[2024-03-03T01:56:02.917+0530] {logging_mixin.py:188} INFO - [2024-03-03T01:56:02.917+0530] {dag.py:3834} INFO - Setting next_dagrun for example_weekday_branch_operator to 2024-03-01 00:00:00+00:00, run_after=2024-03-02 00:00:00+00:00
[2024-03-03T01:56:03.030+0530] {processor.py:183} INFO - Processing /home/akranth/airflow/airflow_env/lib/python3.11/site-packages/airflow/example_dags/example_branch_day_of_week_operator.py took 0.177 seconds
