[2024-03-03T01:49:17.857+0530] {processor.py:161} INFO - Started process (PID=6692) to work on /home/akranth/airflow/airflow_env/lib/python3.11/site-packages/airflow/example_dags/example_complex.py
[2024-03-03T01:49:17.859+0530] {processor.py:830} INFO - Processing file /home/akranth/airflow/airflow_env/lib/python3.11/site-packages/airflow/example_dags/example_complex.py for tasks to queue
[2024-03-03T01:49:17.861+0530] {logging_mixin.py:188} INFO - [2024-03-03T01:49:17.860+0530] {dagbag.py:540} INFO - Filling up the DagBag from /home/akranth/airflow/airflow_env/lib/python3.11/site-packages/airflow/example_dags/example_complex.py
[2024-03-03T01:49:17.880+0530] {processor.py:840} INFO - DAG(s) 'example_complex' retrieved from /home/akranth/airflow/airflow_env/lib/python3.11/site-packages/airflow/example_dags/example_complex.py
[2024-03-03T01:49:18.034+0530] {logging_mixin.py:188} INFO - [2024-03-03T01:49:18.034+0530] {dag.py:3047} INFO - Sync 1 DAGs
[2024-03-03T01:49:18.040+0530] {logging_mixin.py:188} INFO - [2024-03-03T01:49:18.040+0530] {dag.py:3834} INFO - Setting next_dagrun for example_complex to None, run_after=None
[2024-03-03T01:49:18.245+0530] {processor.py:183} INFO - Processing /home/akranth/airflow/airflow_env/lib/python3.11/site-packages/airflow/example_dags/example_complex.py took 0.395 seconds
[2024-03-03T01:50:24.699+0530] {processor.py:161} INFO - Started process (PID=6805) to work on /home/akranth/airflow/airflow_env/lib/python3.11/site-packages/airflow/example_dags/example_complex.py
[2024-03-03T01:50:24.700+0530] {processor.py:830} INFO - Processing file /home/akranth/airflow/airflow_env/lib/python3.11/site-packages/airflow/example_dags/example_complex.py for tasks to queue
[2024-03-03T01:50:24.701+0530] {logging_mixin.py:188} INFO - [2024-03-03T01:50:24.700+0530] {dagbag.py:540} INFO - Filling up the DagBag from /home/akranth/airflow/airflow_env/lib/python3.11/site-packages/airflow/example_dags/example_complex.py
[2024-03-03T01:50:24.709+0530] {processor.py:840} INFO - DAG(s) 'example_complex' retrieved from /home/akranth/airflow/airflow_env/lib/python3.11/site-packages/airflow/example_dags/example_complex.py
[2024-03-03T01:50:24.728+0530] {logging_mixin.py:188} INFO - [2024-03-03T01:50:24.728+0530] {dag.py:3047} INFO - Sync 1 DAGs
[2024-03-03T01:50:24.736+0530] {logging_mixin.py:188} INFO - [2024-03-03T01:50:24.736+0530] {dag.py:3834} INFO - Setting next_dagrun for example_complex to None, run_after=None
[2024-03-03T01:50:24.828+0530] {processor.py:183} INFO - Processing /home/akranth/airflow/airflow_env/lib/python3.11/site-packages/airflow/example_dags/example_complex.py took 0.131 seconds
[2024-03-03T01:51:28.727+0530] {processor.py:161} INFO - Started process (PID=7001) to work on /home/akranth/airflow/airflow_env/lib/python3.11/site-packages/airflow/example_dags/example_complex.py
[2024-03-03T01:51:28.729+0530] {processor.py:830} INFO - Processing file /home/akranth/airflow/airflow_env/lib/python3.11/site-packages/airflow/example_dags/example_complex.py for tasks to queue
[2024-03-03T01:51:28.731+0530] {logging_mixin.py:188} INFO - [2024-03-03T01:51:28.730+0530] {dagbag.py:540} INFO - Filling up the DagBag from /home/akranth/airflow/airflow_env/lib/python3.11/site-packages/airflow/example_dags/example_complex.py
[2024-03-03T01:51:28.754+0530] {processor.py:840} INFO - DAG(s) 'example_complex' retrieved from /home/akranth/airflow/airflow_env/lib/python3.11/site-packages/airflow/example_dags/example_complex.py
[2024-03-03T01:51:28.776+0530] {logging_mixin.py:188} INFO - [2024-03-03T01:51:28.776+0530] {dag.py:3047} INFO - Sync 1 DAGs
[2024-03-03T01:51:28.784+0530] {logging_mixin.py:188} INFO - [2024-03-03T01:51:28.784+0530] {dag.py:3834} INFO - Setting next_dagrun for example_complex to None, run_after=None
[2024-03-03T01:51:28.977+0530] {processor.py:183} INFO - Processing /home/akranth/airflow/airflow_env/lib/python3.11/site-packages/airflow/example_dags/example_complex.py took 0.256 seconds
[2024-03-03T01:52:32.548+0530] {processor.py:161} INFO - Started process (PID=7130) to work on /home/akranth/airflow/airflow_env/lib/python3.11/site-packages/airflow/example_dags/example_complex.py
[2024-03-03T01:52:32.624+0530] {processor.py:830} INFO - Processing file /home/akranth/airflow/airflow_env/lib/python3.11/site-packages/airflow/example_dags/example_complex.py for tasks to queue
[2024-03-03T01:52:32.626+0530] {logging_mixin.py:188} INFO - [2024-03-03T01:52:32.625+0530] {dagbag.py:540} INFO - Filling up the DagBag from /home/akranth/airflow/airflow_env/lib/python3.11/site-packages/airflow/example_dags/example_complex.py
[2024-03-03T01:52:32.646+0530] {processor.py:840} INFO - DAG(s) 'example_complex' retrieved from /home/akranth/airflow/airflow_env/lib/python3.11/site-packages/airflow/example_dags/example_complex.py
[2024-03-03T01:52:32.664+0530] {logging_mixin.py:188} INFO - [2024-03-03T01:52:32.664+0530] {dag.py:3047} INFO - Sync 1 DAGs
[2024-03-03T01:52:32.675+0530] {logging_mixin.py:188} INFO - [2024-03-03T01:52:32.675+0530] {dag.py:3834} INFO - Setting next_dagrun for example_complex to None, run_after=None
[2024-03-03T01:52:32.818+0530] {processor.py:183} INFO - Processing /home/akranth/airflow/airflow_env/lib/python3.11/site-packages/airflow/example_dags/example_complex.py took 0.272 seconds
[2024-03-03T01:53:42.117+0530] {processor.py:161} INFO - Started process (PID=7208) to work on /home/akranth/airflow/airflow_env/lib/python3.11/site-packages/airflow/example_dags/example_complex.py
[2024-03-03T01:53:42.208+0530] {processor.py:830} INFO - Processing file /home/akranth/airflow/airflow_env/lib/python3.11/site-packages/airflow/example_dags/example_complex.py for tasks to queue
[2024-03-03T01:53:42.210+0530] {logging_mixin.py:188} INFO - [2024-03-03T01:53:42.209+0530] {dagbag.py:540} INFO - Filling up the DagBag from /home/akranth/airflow/airflow_env/lib/python3.11/site-packages/airflow/example_dags/example_complex.py
[2024-03-03T01:53:42.221+0530] {processor.py:840} INFO - DAG(s) 'example_complex' retrieved from /home/akranth/airflow/airflow_env/lib/python3.11/site-packages/airflow/example_dags/example_complex.py
[2024-03-03T01:53:42.240+0530] {logging_mixin.py:188} INFO - [2024-03-03T01:53:42.240+0530] {dag.py:3047} INFO - Sync 1 DAGs
[2024-03-03T01:53:42.248+0530] {logging_mixin.py:188} INFO - [2024-03-03T01:53:42.248+0530] {dag.py:3834} INFO - Setting next_dagrun for example_complex to None, run_after=None
[2024-03-03T01:53:42.343+0530] {processor.py:183} INFO - Processing /home/akranth/airflow/airflow_env/lib/python3.11/site-packages/airflow/example_dags/example_complex.py took 0.229 seconds
[2024-03-03T01:54:52.259+0530] {processor.py:161} INFO - Started process (PID=7276) to work on /home/akranth/airflow/airflow_env/lib/python3.11/site-packages/airflow/example_dags/example_complex.py
[2024-03-03T01:54:52.346+0530] {processor.py:830} INFO - Processing file /home/akranth/airflow/airflow_env/lib/python3.11/site-packages/airflow/example_dags/example_complex.py for tasks to queue
[2024-03-03T01:54:52.348+0530] {logging_mixin.py:188} INFO - [2024-03-03T01:54:52.347+0530] {dagbag.py:540} INFO - Filling up the DagBag from /home/akranth/airflow/airflow_env/lib/python3.11/site-packages/airflow/example_dags/example_complex.py
[2024-03-03T01:54:52.358+0530] {processor.py:840} INFO - DAG(s) 'example_complex' retrieved from /home/akranth/airflow/airflow_env/lib/python3.11/site-packages/airflow/example_dags/example_complex.py
[2024-03-03T01:54:52.379+0530] {logging_mixin.py:188} INFO - [2024-03-03T01:54:52.379+0530] {dag.py:3047} INFO - Sync 1 DAGs
[2024-03-03T01:54:52.387+0530] {logging_mixin.py:188} INFO - [2024-03-03T01:54:52.387+0530] {dag.py:3834} INFO - Setting next_dagrun for example_complex to None, run_after=None
[2024-03-03T01:54:52.504+0530] {processor.py:183} INFO - Processing /home/akranth/airflow/airflow_env/lib/python3.11/site-packages/airflow/example_dags/example_complex.py took 0.247 seconds
[2024-03-03T01:56:01.512+0530] {processor.py:161} INFO - Started process (PID=7347) to work on /home/akranth/airflow/airflow_env/lib/python3.11/site-packages/airflow/example_dags/example_complex.py
[2024-03-03T01:56:01.586+0530] {processor.py:830} INFO - Processing file /home/akranth/airflow/airflow_env/lib/python3.11/site-packages/airflow/example_dags/example_complex.py for tasks to queue
[2024-03-03T01:56:01.588+0530] {logging_mixin.py:188} INFO - [2024-03-03T01:56:01.587+0530] {dagbag.py:540} INFO - Filling up the DagBag from /home/akranth/airflow/airflow_env/lib/python3.11/site-packages/airflow/example_dags/example_complex.py
[2024-03-03T01:56:01.599+0530] {processor.py:840} INFO - DAG(s) 'example_complex' retrieved from /home/akranth/airflow/airflow_env/lib/python3.11/site-packages/airflow/example_dags/example_complex.py
[2024-03-03T01:56:01.621+0530] {logging_mixin.py:188} INFO - [2024-03-03T01:56:01.621+0530] {dag.py:3047} INFO - Sync 1 DAGs
[2024-03-03T01:56:01.631+0530] {logging_mixin.py:188} INFO - [2024-03-03T01:56:01.631+0530] {dag.py:3834} INFO - Setting next_dagrun for example_complex to None, run_after=None
[2024-03-03T01:56:01.744+0530] {processor.py:183} INFO - Processing /home/akranth/airflow/airflow_env/lib/python3.11/site-packages/airflow/example_dags/example_complex.py took 0.235 seconds
