[2024-03-03T01:48:55.381+0530] {processor.py:161} INFO - Started process (PID=6597) to work on /home/akranth/airflow/airflow_env/lib/python3.11/site-packages/airflow/example_dags/example_latest_only_with_trigger.py
[2024-03-03T01:48:55.382+0530] {processor.py:830} INFO - Processing file /home/akranth/airflow/airflow_env/lib/python3.11/site-packages/airflow/example_dags/example_latest_only_with_trigger.py for tasks to queue
[2024-03-03T01:48:55.383+0530] {logging_mixin.py:188} INFO - [2024-03-03T01:48:55.383+0530] {dagbag.py:540} INFO - Filling up the DagBag from /home/akranth/airflow/airflow_env/lib/python3.11/site-packages/airflow/example_dags/example_latest_only_with_trigger.py
[2024-03-03T01:48:55.392+0530] {processor.py:840} INFO - DAG(s) 'latest_only_with_trigger' retrieved from /home/akranth/airflow/airflow_env/lib/python3.11/site-packages/airflow/example_dags/example_latest_only_with_trigger.py
[2024-03-03T01:48:55.577+0530] {logging_mixin.py:188} INFO - [2024-03-03T01:48:55.577+0530] {dag.py:3047} INFO - Sync 1 DAGs
[2024-03-03T01:48:55.592+0530] {logging_mixin.py:188} INFO - [2024-03-03T01:48:55.591+0530] {dag.py:3834} INFO - Setting next_dagrun for latest_only_with_trigger to 2024-03-02 16:00:00+00:00, run_after=2024-03-02 20:00:00+00:00
[2024-03-03T01:48:55.767+0530] {processor.py:183} INFO - Processing /home/akranth/airflow/airflow_env/lib/python3.11/site-packages/airflow/example_dags/example_latest_only_with_trigger.py took 0.389 seconds
[2024-03-03T01:50:02.523+0530] {processor.py:161} INFO - Started process (PID=6776) to work on /home/akranth/airflow/airflow_env/lib/python3.11/site-packages/airflow/example_dags/example_latest_only_with_trigger.py
[2024-03-03T01:50:02.533+0530] {processor.py:830} INFO - Processing file /home/akranth/airflow/airflow_env/lib/python3.11/site-packages/airflow/example_dags/example_latest_only_with_trigger.py for tasks to queue
[2024-03-03T01:50:02.533+0530] {logging_mixin.py:188} INFO - [2024-03-03T01:50:02.533+0530] {dagbag.py:540} INFO - Filling up the DagBag from /home/akranth/airflow/airflow_env/lib/python3.11/site-packages/airflow/example_dags/example_latest_only_with_trigger.py
[2024-03-03T01:50:02.539+0530] {processor.py:840} INFO - DAG(s) 'latest_only_with_trigger' retrieved from /home/akranth/airflow/airflow_env/lib/python3.11/site-packages/airflow/example_dags/example_latest_only_with_trigger.py
[2024-03-03T01:50:02.635+0530] {logging_mixin.py:188} INFO - [2024-03-03T01:50:02.635+0530] {dag.py:3047} INFO - Sync 1 DAGs
[2024-03-03T01:50:02.648+0530] {logging_mixin.py:188} INFO - [2024-03-03T01:50:02.648+0530] {dag.py:3834} INFO - Setting next_dagrun for latest_only_with_trigger to 2024-03-02 16:00:00+00:00, run_after=2024-03-02 20:00:00+00:00
[2024-03-03T01:50:02.804+0530] {processor.py:183} INFO - Processing /home/akranth/airflow/airflow_env/lib/python3.11/site-packages/airflow/example_dags/example_latest_only_with_trigger.py took 0.284 seconds
[2024-03-03T01:51:07.506+0530] {processor.py:161} INFO - Started process (PID=6978) to work on /home/akranth/airflow/airflow_env/lib/python3.11/site-packages/airflow/example_dags/example_latest_only_with_trigger.py
[2024-03-03T01:51:07.542+0530] {processor.py:830} INFO - Processing file /home/akranth/airflow/airflow_env/lib/python3.11/site-packages/airflow/example_dags/example_latest_only_with_trigger.py for tasks to queue
[2024-03-03T01:51:07.544+0530] {logging_mixin.py:188} INFO - [2024-03-03T01:51:07.543+0530] {dagbag.py:540} INFO - Filling up the DagBag from /home/akranth/airflow/airflow_env/lib/python3.11/site-packages/airflow/example_dags/example_latest_only_with_trigger.py
[2024-03-03T01:51:07.558+0530] {processor.py:840} INFO - DAG(s) 'latest_only_with_trigger' retrieved from /home/akranth/airflow/airflow_env/lib/python3.11/site-packages/airflow/example_dags/example_latest_only_with_trigger.py
[2024-03-03T01:51:07.585+0530] {logging_mixin.py:188} INFO - [2024-03-03T01:51:07.584+0530] {dag.py:3047} INFO - Sync 1 DAGs
[2024-03-03T01:51:07.601+0530] {logging_mixin.py:188} INFO - [2024-03-03T01:51:07.601+0530] {dag.py:3834} INFO - Setting next_dagrun for latest_only_with_trigger to 2024-03-02 16:00:00+00:00, run_after=2024-03-02 20:00:00+00:00
[2024-03-03T01:51:07.900+0530] {processor.py:183} INFO - Processing /home/akranth/airflow/airflow_env/lib/python3.11/site-packages/airflow/example_dags/example_latest_only_with_trigger.py took 0.399 seconds
[2024-03-03T01:52:11.838+0530] {processor.py:161} INFO - Started process (PID=7104) to work on /home/akranth/airflow/airflow_env/lib/python3.11/site-packages/airflow/example_dags/example_latest_only_with_trigger.py
[2024-03-03T01:52:11.839+0530] {processor.py:830} INFO - Processing file /home/akranth/airflow/airflow_env/lib/python3.11/site-packages/airflow/example_dags/example_latest_only_with_trigger.py for tasks to queue
[2024-03-03T01:52:11.840+0530] {logging_mixin.py:188} INFO - [2024-03-03T01:52:11.840+0530] {dagbag.py:540} INFO - Filling up the DagBag from /home/akranth/airflow/airflow_env/lib/python3.11/site-packages/airflow/example_dags/example_latest_only_with_trigger.py
[2024-03-03T01:52:11.848+0530] {processor.py:840} INFO - DAG(s) 'latest_only_with_trigger' retrieved from /home/akranth/airflow/airflow_env/lib/python3.11/site-packages/airflow/example_dags/example_latest_only_with_trigger.py
[2024-03-03T01:52:11.868+0530] {logging_mixin.py:188} INFO - [2024-03-03T01:52:11.867+0530] {dag.py:3047} INFO - Sync 1 DAGs
[2024-03-03T01:52:11.883+0530] {logging_mixin.py:188} INFO - [2024-03-03T01:52:11.882+0530] {dag.py:3834} INFO - Setting next_dagrun for latest_only_with_trigger to 2024-03-02 16:00:00+00:00, run_after=2024-03-02 20:00:00+00:00
[2024-03-03T01:52:12.076+0530] {processor.py:183} INFO - Processing /home/akranth/airflow/airflow_env/lib/python3.11/site-packages/airflow/example_dags/example_latest_only_with_trigger.py took 0.242 seconds
[2024-03-03T01:53:20.513+0530] {processor.py:161} INFO - Started process (PID=7191) to work on /home/akranth/airflow/airflow_env/lib/python3.11/site-packages/airflow/example_dags/example_latest_only_with_trigger.py
[2024-03-03T01:53:20.596+0530] {processor.py:830} INFO - Processing file /home/akranth/airflow/airflow_env/lib/python3.11/site-packages/airflow/example_dags/example_latest_only_with_trigger.py for tasks to queue
[2024-03-03T01:53:20.599+0530] {logging_mixin.py:188} INFO - [2024-03-03T01:53:20.598+0530] {dagbag.py:540} INFO - Filling up the DagBag from /home/akranth/airflow/airflow_env/lib/python3.11/site-packages/airflow/example_dags/example_latest_only_with_trigger.py
[2024-03-03T01:53:20.610+0530] {processor.py:840} INFO - DAG(s) 'latest_only_with_trigger' retrieved from /home/akranth/airflow/airflow_env/lib/python3.11/site-packages/airflow/example_dags/example_latest_only_with_trigger.py
[2024-03-03T01:53:20.632+0530] {logging_mixin.py:188} INFO - [2024-03-03T01:53:20.631+0530] {dag.py:3047} INFO - Sync 1 DAGs
[2024-03-03T01:53:20.653+0530] {logging_mixin.py:188} INFO - [2024-03-03T01:53:20.653+0530] {dag.py:3834} INFO - Setting next_dagrun for latest_only_with_trigger to 2024-03-02 16:00:00+00:00, run_after=2024-03-02 20:00:00+00:00
[2024-03-03T01:53:20.922+0530] {processor.py:183} INFO - Processing /home/akranth/airflow/airflow_env/lib/python3.11/site-packages/airflow/example_dags/example_latest_only_with_trigger.py took 0.412 seconds
[2024-03-03T01:54:30.420+0530] {processor.py:161} INFO - Started process (PID=7259) to work on /home/akranth/airflow/airflow_env/lib/python3.11/site-packages/airflow/example_dags/example_latest_only_with_trigger.py
[2024-03-03T01:54:30.480+0530] {processor.py:830} INFO - Processing file /home/akranth/airflow/airflow_env/lib/python3.11/site-packages/airflow/example_dags/example_latest_only_with_trigger.py for tasks to queue
[2024-03-03T01:54:30.481+0530] {logging_mixin.py:188} INFO - [2024-03-03T01:54:30.480+0530] {dagbag.py:540} INFO - Filling up the DagBag from /home/akranth/airflow/airflow_env/lib/python3.11/site-packages/airflow/example_dags/example_latest_only_with_trigger.py
[2024-03-03T01:54:30.487+0530] {processor.py:840} INFO - DAG(s) 'latest_only_with_trigger' retrieved from /home/akranth/airflow/airflow_env/lib/python3.11/site-packages/airflow/example_dags/example_latest_only_with_trigger.py
[2024-03-03T01:54:30.499+0530] {logging_mixin.py:188} INFO - [2024-03-03T01:54:30.499+0530] {dag.py:3047} INFO - Sync 1 DAGs
[2024-03-03T01:54:30.514+0530] {logging_mixin.py:188} INFO - [2024-03-03T01:54:30.513+0530] {dag.py:3834} INFO - Setting next_dagrun for latest_only_with_trigger to 2024-03-02 16:00:00+00:00, run_after=2024-03-02 20:00:00+00:00
[2024-03-03T01:54:30.676+0530] {processor.py:183} INFO - Processing /home/akranth/airflow/airflow_env/lib/python3.11/site-packages/airflow/example_dags/example_latest_only_with_trigger.py took 0.263 seconds
[2024-03-03T01:55:39.540+0530] {processor.py:161} INFO - Started process (PID=7328) to work on /home/akranth/airflow/airflow_env/lib/python3.11/site-packages/airflow/example_dags/example_latest_only_with_trigger.py
[2024-03-03T01:55:39.541+0530] {processor.py:830} INFO - Processing file /home/akranth/airflow/airflow_env/lib/python3.11/site-packages/airflow/example_dags/example_latest_only_with_trigger.py for tasks to queue
[2024-03-03T01:55:39.542+0530] {logging_mixin.py:188} INFO - [2024-03-03T01:55:39.542+0530] {dagbag.py:540} INFO - Filling up the DagBag from /home/akranth/airflow/airflow_env/lib/python3.11/site-packages/airflow/example_dags/example_latest_only_with_trigger.py
[2024-03-03T01:55:39.547+0530] {processor.py:840} INFO - DAG(s) 'latest_only_with_trigger' retrieved from /home/akranth/airflow/airflow_env/lib/python3.11/site-packages/airflow/example_dags/example_latest_only_with_trigger.py
[2024-03-03T01:55:39.559+0530] {logging_mixin.py:188} INFO - [2024-03-03T01:55:39.558+0530] {dag.py:3047} INFO - Sync 1 DAGs
[2024-03-03T01:55:39.573+0530] {logging_mixin.py:188} INFO - [2024-03-03T01:55:39.573+0530] {dag.py:3834} INFO - Setting next_dagrun for latest_only_with_trigger to 2024-03-02 16:00:00+00:00, run_after=2024-03-02 20:00:00+00:00
[2024-03-03T01:55:39.761+0530] {processor.py:183} INFO - Processing /home/akranth/airflow/airflow_env/lib/python3.11/site-packages/airflow/example_dags/example_latest_only_with_trigger.py took 0.222 seconds
