[2024-03-03T01:48:29.447+0530] {processor.py:161} INFO - Started process (PID=6574) to work on /home/akranth/airflow/airflow_env/lib/python3.11/site-packages/airflow/example_dags/example_python_operator.py
[2024-03-03T01:48:29.449+0530] {processor.py:830} INFO - Processing file /home/akranth/airflow/airflow_env/lib/python3.11/site-packages/airflow/example_dags/example_python_operator.py for tasks to queue
[2024-03-03T01:48:29.451+0530] {logging_mixin.py:188} INFO - [2024-03-03T01:48:29.450+0530] {dagbag.py:540} INFO - Filling up the DagBag from /home/akranth/airflow/airflow_env/lib/python3.11/site-packages/airflow/example_dags/example_python_operator.py
[2024-03-03T01:48:29.476+0530] {processor.py:840} INFO - DAG(s) 'example_python_operator' retrieved from /home/akranth/airflow/airflow_env/lib/python3.11/site-packages/airflow/example_dags/example_python_operator.py
[2024-03-03T01:48:29.552+0530] {logging_mixin.py:188} INFO - [2024-03-03T01:48:29.552+0530] {dag.py:3047} INFO - Sync 1 DAGs
[2024-03-03T01:48:29.560+0530] {logging_mixin.py:188} INFO - [2024-03-03T01:48:29.560+0530] {dag.py:3834} INFO - Setting next_dagrun for example_python_operator to None, run_after=None
[2024-03-03T01:48:29.867+0530] {processor.py:183} INFO - Processing /home/akranth/airflow/airflow_env/lib/python3.11/site-packages/airflow/example_dags/example_python_operator.py took 0.426 seconds
[2024-03-03T01:49:34.837+0530] {processor.py:161} INFO - Started process (PID=6749) to work on /home/akranth/airflow/airflow_env/lib/python3.11/site-packages/airflow/example_dags/example_python_operator.py
[2024-03-03T01:49:34.838+0530] {processor.py:830} INFO - Processing file /home/akranth/airflow/airflow_env/lib/python3.11/site-packages/airflow/example_dags/example_python_operator.py for tasks to queue
[2024-03-03T01:49:34.838+0530] {logging_mixin.py:188} INFO - [2024-03-03T01:49:34.838+0530] {dagbag.py:540} INFO - Filling up the DagBag from /home/akranth/airflow/airflow_env/lib/python3.11/site-packages/airflow/example_dags/example_python_operator.py
[2024-03-03T01:49:34.846+0530] {processor.py:840} INFO - DAG(s) 'example_python_operator' retrieved from /home/akranth/airflow/airflow_env/lib/python3.11/site-packages/airflow/example_dags/example_python_operator.py
[2024-03-03T01:49:34.858+0530] {logging_mixin.py:188} INFO - [2024-03-03T01:49:34.858+0530] {dag.py:3047} INFO - Sync 1 DAGs
[2024-03-03T01:49:34.945+0530] {logging_mixin.py:188} INFO - [2024-03-03T01:49:34.945+0530] {dag.py:3834} INFO - Setting next_dagrun for example_python_operator to None, run_after=None
[2024-03-03T01:49:35.060+0530] {processor.py:183} INFO - Processing /home/akranth/airflow/airflow_env/lib/python3.11/site-packages/airflow/example_dags/example_python_operator.py took 0.225 seconds
[2024-03-03T01:50:39.093+0530] {processor.py:161} INFO - Started process (PID=6835) to work on /home/akranth/airflow/airflow_env/lib/python3.11/site-packages/airflow/example_dags/example_python_operator.py
[2024-03-03T01:50:39.172+0530] {processor.py:830} INFO - Processing file /home/akranth/airflow/airflow_env/lib/python3.11/site-packages/airflow/example_dags/example_python_operator.py for tasks to queue
[2024-03-03T01:50:39.174+0530] {logging_mixin.py:188} INFO - [2024-03-03T01:50:39.173+0530] {dagbag.py:540} INFO - Filling up the DagBag from /home/akranth/airflow/airflow_env/lib/python3.11/site-packages/airflow/example_dags/example_python_operator.py
[2024-03-03T01:50:39.183+0530] {processor.py:840} INFO - DAG(s) 'example_python_operator' retrieved from /home/akranth/airflow/airflow_env/lib/python3.11/site-packages/airflow/example_dags/example_python_operator.py
[2024-03-03T01:50:39.196+0530] {logging_mixin.py:188} INFO - [2024-03-03T01:50:39.195+0530] {dag.py:3047} INFO - Sync 1 DAGs
[2024-03-03T01:50:39.203+0530] {logging_mixin.py:188} INFO - [2024-03-03T01:50:39.203+0530] {dag.py:3834} INFO - Setting next_dagrun for example_python_operator to None, run_after=None
[2024-03-03T01:50:39.323+0530] {processor.py:183} INFO - Processing /home/akranth/airflow/airflow_env/lib/python3.11/site-packages/airflow/example_dags/example_python_operator.py took 0.232 seconds
[2024-03-03T01:51:42.244+0530] {processor.py:161} INFO - Started process (PID=7014) to work on /home/akranth/airflow/airflow_env/lib/python3.11/site-packages/airflow/example_dags/example_python_operator.py
[2024-03-03T01:51:42.332+0530] {processor.py:830} INFO - Processing file /home/akranth/airflow/airflow_env/lib/python3.11/site-packages/airflow/example_dags/example_python_operator.py for tasks to queue
[2024-03-03T01:51:42.335+0530] {logging_mixin.py:188} INFO - [2024-03-03T01:51:42.334+0530] {dagbag.py:540} INFO - Filling up the DagBag from /home/akranth/airflow/airflow_env/lib/python3.11/site-packages/airflow/example_dags/example_python_operator.py
[2024-03-03T01:51:42.361+0530] {processor.py:840} INFO - DAG(s) 'example_python_operator' retrieved from /home/akranth/airflow/airflow_env/lib/python3.11/site-packages/airflow/example_dags/example_python_operator.py
[2024-03-03T01:51:42.381+0530] {logging_mixin.py:188} INFO - [2024-03-03T01:51:42.381+0530] {dag.py:3047} INFO - Sync 1 DAGs
[2024-03-03T01:51:42.389+0530] {logging_mixin.py:188} INFO - [2024-03-03T01:51:42.389+0530] {dag.py:3834} INFO - Setting next_dagrun for example_python_operator to None, run_after=None
[2024-03-03T01:51:42.493+0530] {processor.py:183} INFO - Processing /home/akranth/airflow/airflow_env/lib/python3.11/site-packages/airflow/example_dags/example_python_operator.py took 0.251 seconds
[2024-03-03T01:52:44.147+0530] {processor.py:161} INFO - Started process (PID=7144) to work on /home/akranth/airflow/airflow_env/lib/python3.11/site-packages/airflow/example_dags/example_python_operator.py
[2024-03-03T01:52:44.223+0530] {processor.py:830} INFO - Processing file /home/akranth/airflow/airflow_env/lib/python3.11/site-packages/airflow/example_dags/example_python_operator.py for tasks to queue
[2024-03-03T01:52:44.226+0530] {logging_mixin.py:188} INFO - [2024-03-03T01:52:44.225+0530] {dagbag.py:540} INFO - Filling up the DagBag from /home/akranth/airflow/airflow_env/lib/python3.11/site-packages/airflow/example_dags/example_python_operator.py
[2024-03-03T01:52:44.239+0530] {processor.py:840} INFO - DAG(s) 'example_python_operator' retrieved from /home/akranth/airflow/airflow_env/lib/python3.11/site-packages/airflow/example_dags/example_python_operator.py
[2024-03-03T01:52:44.256+0530] {logging_mixin.py:188} INFO - [2024-03-03T01:52:44.256+0530] {dag.py:3047} INFO - Sync 1 DAGs
[2024-03-03T01:52:44.265+0530] {logging_mixin.py:188} INFO - [2024-03-03T01:52:44.265+0530] {dag.py:3834} INFO - Setting next_dagrun for example_python_operator to None, run_after=None
[2024-03-03T01:52:44.377+0530] {processor.py:183} INFO - Processing /home/akranth/airflow/airflow_env/lib/python3.11/site-packages/airflow/example_dags/example_python_operator.py took 0.232 seconds
[2024-03-03T01:53:58.921+0530] {processor.py:161} INFO - Started process (PID=7224) to work on /home/akranth/airflow/airflow_env/lib/python3.11/site-packages/airflow/example_dags/example_python_operator.py
[2024-03-03T01:53:58.997+0530] {processor.py:830} INFO - Processing file /home/akranth/airflow/airflow_env/lib/python3.11/site-packages/airflow/example_dags/example_python_operator.py for tasks to queue
[2024-03-03T01:53:58.999+0530] {logging_mixin.py:188} INFO - [2024-03-03T01:53:58.998+0530] {dagbag.py:540} INFO - Filling up the DagBag from /home/akranth/airflow/airflow_env/lib/python3.11/site-packages/airflow/example_dags/example_python_operator.py
[2024-03-03T01:53:59.025+0530] {processor.py:840} INFO - DAG(s) 'example_python_operator' retrieved from /home/akranth/airflow/airflow_env/lib/python3.11/site-packages/airflow/example_dags/example_python_operator.py
[2024-03-03T01:53:59.049+0530] {logging_mixin.py:188} INFO - [2024-03-03T01:53:59.049+0530] {dag.py:3047} INFO - Sync 1 DAGs
[2024-03-03T01:53:59.058+0530] {logging_mixin.py:188} INFO - [2024-03-03T01:53:59.058+0530] {dag.py:3834} INFO - Setting next_dagrun for example_python_operator to None, run_after=None
[2024-03-03T01:53:59.170+0530] {processor.py:183} INFO - Processing /home/akranth/airflow/airflow_env/lib/python3.11/site-packages/airflow/example_dags/example_python_operator.py took 0.251 seconds
[2024-03-03T01:55:07.378+0530] {processor.py:161} INFO - Started process (PID=7289) to work on /home/akranth/airflow/airflow_env/lib/python3.11/site-packages/airflow/example_dags/example_python_operator.py
[2024-03-03T01:55:07.454+0530] {processor.py:830} INFO - Processing file /home/akranth/airflow/airflow_env/lib/python3.11/site-packages/airflow/example_dags/example_python_operator.py for tasks to queue
[2024-03-03T01:55:07.457+0530] {logging_mixin.py:188} INFO - [2024-03-03T01:55:07.456+0530] {dagbag.py:540} INFO - Filling up the DagBag from /home/akranth/airflow/airflow_env/lib/python3.11/site-packages/airflow/example_dags/example_python_operator.py
[2024-03-03T01:55:07.467+0530] {processor.py:840} INFO - DAG(s) 'example_python_operator' retrieved from /home/akranth/airflow/airflow_env/lib/python3.11/site-packages/airflow/example_dags/example_python_operator.py
[2024-03-03T01:55:07.484+0530] {logging_mixin.py:188} INFO - [2024-03-03T01:55:07.484+0530] {dag.py:3047} INFO - Sync 1 DAGs
[2024-03-03T01:55:07.495+0530] {logging_mixin.py:188} INFO - [2024-03-03T01:55:07.495+0530] {dag.py:3834} INFO - Setting next_dagrun for example_python_operator to None, run_after=None
[2024-03-03T01:55:07.612+0530] {processor.py:183} INFO - Processing /home/akranth/airflow/airflow_env/lib/python3.11/site-packages/airflow/example_dags/example_python_operator.py took 0.236 seconds
[2024-03-03T01:56:14.529+0530] {processor.py:161} INFO - Started process (PID=7426) to work on /home/akranth/airflow/airflow_env/lib/python3.11/site-packages/airflow/example_dags/example_python_operator.py
[2024-03-03T01:56:14.985+0530] {processor.py:830} INFO - Processing file /home/akranth/airflow/airflow_env/lib/python3.11/site-packages/airflow/example_dags/example_python_operator.py for tasks to queue
[2024-03-03T01:56:14.987+0530] {logging_mixin.py:188} INFO - [2024-03-03T01:56:14.986+0530] {dagbag.py:540} INFO - Filling up the DagBag from /home/akranth/airflow/airflow_env/lib/python3.11/site-packages/airflow/example_dags/example_python_operator.py
[2024-03-03T01:56:15.025+0530] {processor.py:840} INFO - DAG(s) 'example_python_operator' retrieved from /home/akranth/airflow/airflow_env/lib/python3.11/site-packages/airflow/example_dags/example_python_operator.py
[2024-03-03T01:56:15.046+0530] {logging_mixin.py:188} INFO - [2024-03-03T01:56:15.046+0530] {dag.py:3047} INFO - Sync 1 DAGs
[2024-03-03T01:56:15.056+0530] {logging_mixin.py:188} INFO - [2024-03-03T01:56:15.056+0530] {dag.py:3834} INFO - Setting next_dagrun for example_python_operator to None, run_after=None
[2024-03-03T01:56:17.047+0530] {processor.py:183} INFO - Processing /home/akranth/airflow/airflow_env/lib/python3.11/site-packages/airflow/example_dags/example_python_operator.py took 2.521 seconds
