[2024-03-03T01:49:00.423+0530] {processor.py:161} INFO - Started process (PID=6604) to work on /home/akranth/airflow/airflow_env/lib/python3.11/site-packages/airflow/example_dags/example_setup_teardown.py
[2024-03-03T01:49:00.425+0530] {processor.py:830} INFO - Processing file /home/akranth/airflow/airflow_env/lib/python3.11/site-packages/airflow/example_dags/example_setup_teardown.py for tasks to queue
[2024-03-03T01:49:00.427+0530] {logging_mixin.py:188} INFO - [2024-03-03T01:49:00.426+0530] {dagbag.py:540} INFO - Filling up the DagBag from /home/akranth/airflow/airflow_env/lib/python3.11/site-packages/airflow/example_dags/example_setup_teardown.py
[2024-03-03T01:49:00.442+0530] {processor.py:840} INFO - DAG(s) 'example_setup_teardown' retrieved from /home/akranth/airflow/airflow_env/lib/python3.11/site-packages/airflow/example_dags/example_setup_teardown.py
[2024-03-03T01:49:00.604+0530] {logging_mixin.py:188} INFO - [2024-03-03T01:49:00.603+0530] {dag.py:3047} INFO - Sync 1 DAGs
[2024-03-03T01:49:00.616+0530] {logging_mixin.py:188} INFO - [2024-03-03T01:49:00.616+0530] {dag.py:3834} INFO - Setting next_dagrun for example_setup_teardown to 2024-03-01 00:00:00+00:00, run_after=2024-03-02 00:00:00+00:00
[2024-03-03T01:49:00.824+0530] {processor.py:183} INFO - Processing /home/akranth/airflow/airflow_env/lib/python3.11/site-packages/airflow/example_dags/example_setup_teardown.py took 0.407 seconds
[2024-03-03T01:50:07.292+0530] {processor.py:161} INFO - Started process (PID=6782) to work on /home/akranth/airflow/airflow_env/lib/python3.11/site-packages/airflow/example_dags/example_setup_teardown.py
[2024-03-03T01:50:07.293+0530] {processor.py:830} INFO - Processing file /home/akranth/airflow/airflow_env/lib/python3.11/site-packages/airflow/example_dags/example_setup_teardown.py for tasks to queue
[2024-03-03T01:50:07.294+0530] {logging_mixin.py:188} INFO - [2024-03-03T01:50:07.294+0530] {dagbag.py:540} INFO - Filling up the DagBag from /home/akranth/airflow/airflow_env/lib/python3.11/site-packages/airflow/example_dags/example_setup_teardown.py
[2024-03-03T01:50:07.300+0530] {processor.py:840} INFO - DAG(s) 'example_setup_teardown' retrieved from /home/akranth/airflow/airflow_env/lib/python3.11/site-packages/airflow/example_dags/example_setup_teardown.py
[2024-03-03T01:50:07.390+0530] {logging_mixin.py:188} INFO - [2024-03-03T01:50:07.389+0530] {dag.py:3047} INFO - Sync 1 DAGs
[2024-03-03T01:50:07.403+0530] {logging_mixin.py:188} INFO - [2024-03-03T01:50:07.402+0530] {dag.py:3834} INFO - Setting next_dagrun for example_setup_teardown to 2024-03-01 00:00:00+00:00, run_after=2024-03-02 00:00:00+00:00
[2024-03-03T01:50:07.595+0530] {processor.py:183} INFO - Processing /home/akranth/airflow/airflow_env/lib/python3.11/site-packages/airflow/example_dags/example_setup_teardown.py took 0.304 seconds
[2024-03-03T01:51:12.457+0530] {processor.py:161} INFO - Started process (PID=6984) to work on /home/akranth/airflow/airflow_env/lib/python3.11/site-packages/airflow/example_dags/example_setup_teardown.py
[2024-03-03T01:51:12.469+0530] {processor.py:830} INFO - Processing file /home/akranth/airflow/airflow_env/lib/python3.11/site-packages/airflow/example_dags/example_setup_teardown.py for tasks to queue
[2024-03-03T01:51:12.471+0530] {logging_mixin.py:188} INFO - [2024-03-03T01:51:12.470+0530] {dagbag.py:540} INFO - Filling up the DagBag from /home/akranth/airflow/airflow_env/lib/python3.11/site-packages/airflow/example_dags/example_setup_teardown.py
[2024-03-03T01:51:12.480+0530] {processor.py:840} INFO - DAG(s) 'example_setup_teardown' retrieved from /home/akranth/airflow/airflow_env/lib/python3.11/site-packages/airflow/example_dags/example_setup_teardown.py
[2024-03-03T01:51:12.492+0530] {logging_mixin.py:188} INFO - [2024-03-03T01:51:12.491+0530] {dag.py:3047} INFO - Sync 1 DAGs
[2024-03-03T01:51:12.506+0530] {logging_mixin.py:188} INFO - [2024-03-03T01:51:12.506+0530] {dag.py:3834} INFO - Setting next_dagrun for example_setup_teardown to 2024-03-01 00:00:00+00:00, run_after=2024-03-02 00:00:00+00:00
[2024-03-03T01:51:12.661+0530] {processor.py:183} INFO - Processing /home/akranth/airflow/airflow_env/lib/python3.11/site-packages/airflow/example_dags/example_setup_teardown.py took 0.209 seconds
[2024-03-03T01:52:16.395+0530] {processor.py:161} INFO - Started process (PID=7116) to work on /home/akranth/airflow/airflow_env/lib/python3.11/site-packages/airflow/example_dags/example_setup_teardown.py
[2024-03-03T01:52:16.473+0530] {processor.py:830} INFO - Processing file /home/akranth/airflow/airflow_env/lib/python3.11/site-packages/airflow/example_dags/example_setup_teardown.py for tasks to queue
[2024-03-03T01:52:16.475+0530] {logging_mixin.py:188} INFO - [2024-03-03T01:52:16.474+0530] {dagbag.py:540} INFO - Filling up the DagBag from /home/akranth/airflow/airflow_env/lib/python3.11/site-packages/airflow/example_dags/example_setup_teardown.py
[2024-03-03T01:52:16.494+0530] {processor.py:840} INFO - DAG(s) 'example_setup_teardown' retrieved from /home/akranth/airflow/airflow_env/lib/python3.11/site-packages/airflow/example_dags/example_setup_teardown.py
[2024-03-03T01:52:16.517+0530] {logging_mixin.py:188} INFO - [2024-03-03T01:52:16.517+0530] {dag.py:3047} INFO - Sync 1 DAGs
[2024-03-03T01:52:16.534+0530] {logging_mixin.py:188} INFO - [2024-03-03T01:52:16.534+0530] {dag.py:3834} INFO - Setting next_dagrun for example_setup_teardown to 2024-03-01 00:00:00+00:00, run_after=2024-03-02 00:00:00+00:00
[2024-03-03T01:52:16.642+0530] {processor.py:183} INFO - Processing /home/akranth/airflow/airflow_env/lib/python3.11/site-packages/airflow/example_dags/example_setup_teardown.py took 0.253 seconds
[2024-03-03T01:53:25.767+0530] {processor.py:161} INFO - Started process (PID=7195) to work on /home/akranth/airflow/airflow_env/lib/python3.11/site-packages/airflow/example_dags/example_setup_teardown.py
[2024-03-03T01:53:25.857+0530] {processor.py:830} INFO - Processing file /home/akranth/airflow/airflow_env/lib/python3.11/site-packages/airflow/example_dags/example_setup_teardown.py for tasks to queue
[2024-03-03T01:53:25.857+0530] {logging_mixin.py:188} INFO - [2024-03-03T01:53:25.857+0530] {dagbag.py:540} INFO - Filling up the DagBag from /home/akranth/airflow/airflow_env/lib/python3.11/site-packages/airflow/example_dags/example_setup_teardown.py
[2024-03-03T01:53:25.863+0530] {processor.py:840} INFO - DAG(s) 'example_setup_teardown' retrieved from /home/akranth/airflow/airflow_env/lib/python3.11/site-packages/airflow/example_dags/example_setup_teardown.py
[2024-03-03T01:53:25.876+0530] {logging_mixin.py:188} INFO - [2024-03-03T01:53:25.876+0530] {dag.py:3047} INFO - Sync 1 DAGs
[2024-03-03T01:53:25.891+0530] {logging_mixin.py:188} INFO - [2024-03-03T01:53:25.891+0530] {dag.py:3834} INFO - Setting next_dagrun for example_setup_teardown to 2024-03-01 00:00:00+00:00, run_after=2024-03-02 00:00:00+00:00
[2024-03-03T01:53:26.011+0530] {processor.py:183} INFO - Processing /home/akranth/airflow/airflow_env/lib/python3.11/site-packages/airflow/example_dags/example_setup_teardown.py took 0.246 seconds
[2024-03-03T01:54:35.830+0530] {processor.py:161} INFO - Started process (PID=7263) to work on /home/akranth/airflow/airflow_env/lib/python3.11/site-packages/airflow/example_dags/example_setup_teardown.py
[2024-03-03T01:54:35.921+0530] {processor.py:830} INFO - Processing file /home/akranth/airflow/airflow_env/lib/python3.11/site-packages/airflow/example_dags/example_setup_teardown.py for tasks to queue
[2024-03-03T01:54:35.922+0530] {logging_mixin.py:188} INFO - [2024-03-03T01:54:35.922+0530] {dagbag.py:540} INFO - Filling up the DagBag from /home/akranth/airflow/airflow_env/lib/python3.11/site-packages/airflow/example_dags/example_setup_teardown.py
[2024-03-03T01:54:35.928+0530] {processor.py:840} INFO - DAG(s) 'example_setup_teardown' retrieved from /home/akranth/airflow/airflow_env/lib/python3.11/site-packages/airflow/example_dags/example_setup_teardown.py
[2024-03-03T01:54:35.944+0530] {logging_mixin.py:188} INFO - [2024-03-03T01:54:35.943+0530] {dag.py:3047} INFO - Sync 1 DAGs
[2024-03-03T01:54:35.962+0530] {logging_mixin.py:188} INFO - [2024-03-03T01:54:35.962+0530] {dag.py:3834} INFO - Setting next_dagrun for example_setup_teardown to 2024-03-01 00:00:00+00:00, run_after=2024-03-02 00:00:00+00:00
[2024-03-03T01:54:36.063+0530] {processor.py:183} INFO - Processing /home/akranth/airflow/airflow_env/lib/python3.11/site-packages/airflow/example_dags/example_setup_teardown.py took 0.235 seconds
[2024-03-03T01:55:44.249+0530] {processor.py:161} INFO - Started process (PID=7332) to work on /home/akranth/airflow/airflow_env/lib/python3.11/site-packages/airflow/example_dags/example_setup_teardown.py
[2024-03-03T01:55:44.249+0530] {processor.py:830} INFO - Processing file /home/akranth/airflow/airflow_env/lib/python3.11/site-packages/airflow/example_dags/example_setup_teardown.py for tasks to queue
[2024-03-03T01:55:44.250+0530] {logging_mixin.py:188} INFO - [2024-03-03T01:55:44.250+0530] {dagbag.py:540} INFO - Filling up the DagBag from /home/akranth/airflow/airflow_env/lib/python3.11/site-packages/airflow/example_dags/example_setup_teardown.py
[2024-03-03T01:55:44.256+0530] {processor.py:840} INFO - DAG(s) 'example_setup_teardown' retrieved from /home/akranth/airflow/airflow_env/lib/python3.11/site-packages/airflow/example_dags/example_setup_teardown.py
[2024-03-03T01:55:44.267+0530] {logging_mixin.py:188} INFO - [2024-03-03T01:55:44.267+0530] {dag.py:3047} INFO - Sync 1 DAGs
[2024-03-03T01:55:44.281+0530] {logging_mixin.py:188} INFO - [2024-03-03T01:55:44.281+0530] {dag.py:3834} INFO - Setting next_dagrun for example_setup_teardown to 2024-03-01 00:00:00+00:00, run_after=2024-03-02 00:00:00+00:00
[2024-03-03T01:55:44.470+0530] {processor.py:183} INFO - Processing /home/akranth/airflow/airflow_env/lib/python3.11/site-packages/airflow/example_dags/example_setup_teardown.py took 0.224 seconds
