[2024-03-03T01:49:14.921+0530] {processor.py:161} INFO - Started process (PID=6690) to work on /home/akranth/airflow/airflow_env/lib/python3.11/site-packages/airflow/example_dags/example_branch_datetime_operator.py
[2024-03-03T01:49:14.921+0530] {processor.py:830} INFO - Processing file /home/akranth/airflow/airflow_env/lib/python3.11/site-packages/airflow/example_dags/example_branch_datetime_operator.py for tasks to queue
[2024-03-03T01:49:14.922+0530] {logging_mixin.py:188} INFO - [2024-03-03T01:49:14.921+0530] {dagbag.py:540} INFO - Filling up the DagBag from /home/akranth/airflow/airflow_env/lib/python3.11/site-packages/airflow/example_dags/example_branch_datetime_operator.py
[2024-03-03T01:49:14.929+0530] {processor.py:840} INFO - DAG(s) 'example_branch_datetime_operator', 'example_branch_datetime_operator_2', 'example_branch_datetime_operator_3' retrieved from /home/akranth/airflow/airflow_env/lib/python3.11/site-packages/airflow/example_dags/example_branch_datetime_operator.py
[2024-03-03T01:49:15.106+0530] {logging_mixin.py:188} INFO - [2024-03-03T01:49:15.105+0530] {dag.py:3047} INFO - Sync 3 DAGs
[2024-03-03T01:49:15.119+0530] {logging_mixin.py:188} INFO - [2024-03-03T01:49:15.119+0530] {dag.py:3834} INFO - Setting next_dagrun for example_branch_datetime_operator to 2024-03-01 00:00:00+00:00, run_after=2024-03-02 00:00:00+00:00
[2024-03-03T01:49:15.122+0530] {logging_mixin.py:188} INFO - [2024-03-03T01:49:15.122+0530] {dag.py:3834} INFO - Setting next_dagrun for example_branch_datetime_operator_2 to 2024-03-01 00:00:00+00:00, run_after=2024-03-02 00:00:00+00:00
[2024-03-03T01:49:15.124+0530] {logging_mixin.py:188} INFO - [2024-03-03T01:49:15.124+0530] {dag.py:3834} INFO - Setting next_dagrun for example_branch_datetime_operator_3 to 2024-03-01 00:00:00+00:00, run_after=2024-03-02 00:00:00+00:00
[2024-03-03T01:49:15.309+0530] {processor.py:183} INFO - Processing /home/akranth/airflow/airflow_env/lib/python3.11/site-packages/airflow/example_dags/example_branch_datetime_operator.py took 0.390 seconds
[2024-03-03T01:50:21.715+0530] {processor.py:161} INFO - Started process (PID=6800) to work on /home/akranth/airflow/airflow_env/lib/python3.11/site-packages/airflow/example_dags/example_branch_datetime_operator.py
[2024-03-03T01:50:21.717+0530] {processor.py:830} INFO - Processing file /home/akranth/airflow/airflow_env/lib/python3.11/site-packages/airflow/example_dags/example_branch_datetime_operator.py for tasks to queue
[2024-03-03T01:50:21.719+0530] {logging_mixin.py:188} INFO - [2024-03-03T01:50:21.718+0530] {dagbag.py:540} INFO - Filling up the DagBag from /home/akranth/airflow/airflow_env/lib/python3.11/site-packages/airflow/example_dags/example_branch_datetime_operator.py
[2024-03-03T01:50:21.738+0530] {processor.py:840} INFO - DAG(s) 'example_branch_datetime_operator', 'example_branch_datetime_operator_3', 'example_branch_datetime_operator_2' retrieved from /home/akranth/airflow/airflow_env/lib/python3.11/site-packages/airflow/example_dags/example_branch_datetime_operator.py
[2024-03-03T01:50:21.847+0530] {logging_mixin.py:188} INFO - [2024-03-03T01:50:21.847+0530] {dag.py:3047} INFO - Sync 3 DAGs
[2024-03-03T01:50:21.862+0530] {logging_mixin.py:188} INFO - [2024-03-03T01:50:21.861+0530] {dag.py:3834} INFO - Setting next_dagrun for example_branch_datetime_operator to 2024-03-01 00:00:00+00:00, run_after=2024-03-02 00:00:00+00:00
[2024-03-03T01:50:21.866+0530] {logging_mixin.py:188} INFO - [2024-03-03T01:50:21.866+0530] {dag.py:3834} INFO - Setting next_dagrun for example_branch_datetime_operator_2 to 2024-03-01 00:00:00+00:00, run_after=2024-03-02 00:00:00+00:00
[2024-03-03T01:50:21.868+0530] {logging_mixin.py:188} INFO - [2024-03-03T01:50:21.868+0530] {dag.py:3834} INFO - Setting next_dagrun for example_branch_datetime_operator_3 to 2024-03-01 00:00:00+00:00, run_after=2024-03-02 00:00:00+00:00
[2024-03-03T01:50:22.015+0530] {processor.py:183} INFO - Processing /home/akranth/airflow/airflow_env/lib/python3.11/site-packages/airflow/example_dags/example_branch_datetime_operator.py took 0.306 seconds
[2024-03-03T01:51:26.002+0530] {processor.py:161} INFO - Started process (PID=6999) to work on /home/akranth/airflow/airflow_env/lib/python3.11/site-packages/airflow/example_dags/example_branch_datetime_operator.py
[2024-03-03T01:51:26.005+0530] {processor.py:830} INFO - Processing file /home/akranth/airflow/airflow_env/lib/python3.11/site-packages/airflow/example_dags/example_branch_datetime_operator.py for tasks to queue
[2024-03-03T01:51:26.007+0530] {logging_mixin.py:188} INFO - [2024-03-03T01:51:26.006+0530] {dagbag.py:540} INFO - Filling up the DagBag from /home/akranth/airflow/airflow_env/lib/python3.11/site-packages/airflow/example_dags/example_branch_datetime_operator.py
[2024-03-03T01:51:26.026+0530] {processor.py:840} INFO - DAG(s) 'example_branch_datetime_operator', 'example_branch_datetime_operator_2', 'example_branch_datetime_operator_3' retrieved from /home/akranth/airflow/airflow_env/lib/python3.11/site-packages/airflow/example_dags/example_branch_datetime_operator.py
[2024-03-03T01:51:26.046+0530] {logging_mixin.py:188} INFO - [2024-03-03T01:51:26.046+0530] {dag.py:3047} INFO - Sync 3 DAGs
[2024-03-03T01:51:26.064+0530] {logging_mixin.py:188} INFO - [2024-03-03T01:51:26.064+0530] {dag.py:3834} INFO - Setting next_dagrun for example_branch_datetime_operator to 2024-03-01 00:00:00+00:00, run_after=2024-03-02 00:00:00+00:00
[2024-03-03T01:51:26.067+0530] {logging_mixin.py:188} INFO - [2024-03-03T01:51:26.067+0530] {dag.py:3834} INFO - Setting next_dagrun for example_branch_datetime_operator_2 to 2024-03-01 00:00:00+00:00, run_after=2024-03-02 00:00:00+00:00
[2024-03-03T01:51:26.069+0530] {logging_mixin.py:188} INFO - [2024-03-03T01:51:26.069+0530] {dag.py:3834} INFO - Setting next_dagrun for example_branch_datetime_operator_3 to 2024-03-01 00:00:00+00:00, run_after=2024-03-02 00:00:00+00:00
[2024-03-03T01:51:26.249+0530] {processor.py:183} INFO - Processing /home/akranth/airflow/airflow_env/lib/python3.11/site-packages/airflow/example_dags/example_branch_datetime_operator.py took 0.253 seconds
[2024-03-03T01:52:29.820+0530] {processor.py:161} INFO - Started process (PID=7128) to work on /home/akranth/airflow/airflow_env/lib/python3.11/site-packages/airflow/example_dags/example_branch_datetime_operator.py
[2024-03-03T01:52:29.821+0530] {processor.py:830} INFO - Processing file /home/akranth/airflow/airflow_env/lib/python3.11/site-packages/airflow/example_dags/example_branch_datetime_operator.py for tasks to queue
[2024-03-03T01:52:29.821+0530] {logging_mixin.py:188} INFO - [2024-03-03T01:52:29.821+0530] {dagbag.py:540} INFO - Filling up the DagBag from /home/akranth/airflow/airflow_env/lib/python3.11/site-packages/airflow/example_dags/example_branch_datetime_operator.py
[2024-03-03T01:52:29.829+0530] {processor.py:840} INFO - DAG(s) 'example_branch_datetime_operator_3', 'example_branch_datetime_operator', 'example_branch_datetime_operator_2' retrieved from /home/akranth/airflow/airflow_env/lib/python3.11/site-packages/airflow/example_dags/example_branch_datetime_operator.py
[2024-03-03T01:52:29.845+0530] {logging_mixin.py:188} INFO - [2024-03-03T01:52:29.845+0530] {dag.py:3047} INFO - Sync 3 DAGs
[2024-03-03T01:52:29.860+0530] {logging_mixin.py:188} INFO - [2024-03-03T01:52:29.860+0530] {dag.py:3834} INFO - Setting next_dagrun for example_branch_datetime_operator to 2024-03-01 00:00:00+00:00, run_after=2024-03-02 00:00:00+00:00
[2024-03-03T01:52:29.863+0530] {logging_mixin.py:188} INFO - [2024-03-03T01:52:29.863+0530] {dag.py:3834} INFO - Setting next_dagrun for example_branch_datetime_operator_2 to 2024-03-01 00:00:00+00:00, run_after=2024-03-02 00:00:00+00:00
[2024-03-03T01:52:29.865+0530] {logging_mixin.py:188} INFO - [2024-03-03T01:52:29.865+0530] {dag.py:3834} INFO - Setting next_dagrun for example_branch_datetime_operator_3 to 2024-03-01 00:00:00+00:00, run_after=2024-03-02 00:00:00+00:00
[2024-03-03T01:52:30.040+0530] {processor.py:183} INFO - Processing /home/akranth/airflow/airflow_env/lib/python3.11/site-packages/airflow/example_dags/example_branch_datetime_operator.py took 0.222 seconds
[2024-03-03T01:53:39.349+0530] {processor.py:161} INFO - Started process (PID=7206) to work on /home/akranth/airflow/airflow_env/lib/python3.11/site-packages/airflow/example_dags/example_branch_datetime_operator.py
[2024-03-03T01:53:39.351+0530] {processor.py:830} INFO - Processing file /home/akranth/airflow/airflow_env/lib/python3.11/site-packages/airflow/example_dags/example_branch_datetime_operator.py for tasks to queue
[2024-03-03T01:53:39.353+0530] {logging_mixin.py:188} INFO - [2024-03-03T01:53:39.352+0530] {dagbag.py:540} INFO - Filling up the DagBag from /home/akranth/airflow/airflow_env/lib/python3.11/site-packages/airflow/example_dags/example_branch_datetime_operator.py
[2024-03-03T01:53:39.371+0530] {processor.py:840} INFO - DAG(s) 'example_branch_datetime_operator_3', 'example_branch_datetime_operator_2', 'example_branch_datetime_operator' retrieved from /home/akranth/airflow/airflow_env/lib/python3.11/site-packages/airflow/example_dags/example_branch_datetime_operator.py
[2024-03-03T01:53:39.391+0530] {logging_mixin.py:188} INFO - [2024-03-03T01:53:39.391+0530] {dag.py:3047} INFO - Sync 3 DAGs
[2024-03-03T01:53:39.407+0530] {logging_mixin.py:188} INFO - [2024-03-03T01:53:39.407+0530] {dag.py:3834} INFO - Setting next_dagrun for example_branch_datetime_operator to 2024-03-01 00:00:00+00:00, run_after=2024-03-02 00:00:00+00:00
[2024-03-03T01:53:39.410+0530] {logging_mixin.py:188} INFO - [2024-03-03T01:53:39.410+0530] {dag.py:3834} INFO - Setting next_dagrun for example_branch_datetime_operator_2 to 2024-03-01 00:00:00+00:00, run_after=2024-03-02 00:00:00+00:00
[2024-03-03T01:53:39.412+0530] {logging_mixin.py:188} INFO - [2024-03-03T01:53:39.412+0530] {dag.py:3834} INFO - Setting next_dagrun for example_branch_datetime_operator_3 to 2024-03-01 00:00:00+00:00, run_after=2024-03-02 00:00:00+00:00
[2024-03-03T01:53:39.599+0530] {processor.py:183} INFO - Processing /home/akranth/airflow/airflow_env/lib/python3.11/site-packages/airflow/example_dags/example_branch_datetime_operator.py took 0.258 seconds
[2024-03-03T01:54:49.344+0530] {processor.py:161} INFO - Started process (PID=7274) to work on /home/akranth/airflow/airflow_env/lib/python3.11/site-packages/airflow/example_dags/example_branch_datetime_operator.py
[2024-03-03T01:54:49.345+0530] {processor.py:830} INFO - Processing file /home/akranth/airflow/airflow_env/lib/python3.11/site-packages/airflow/example_dags/example_branch_datetime_operator.py for tasks to queue
[2024-03-03T01:54:49.345+0530] {logging_mixin.py:188} INFO - [2024-03-03T01:54:49.345+0530] {dagbag.py:540} INFO - Filling up the DagBag from /home/akranth/airflow/airflow_env/lib/python3.11/site-packages/airflow/example_dags/example_branch_datetime_operator.py
[2024-03-03T01:54:49.353+0530] {processor.py:840} INFO - DAG(s) 'example_branch_datetime_operator', 'example_branch_datetime_operator_3', 'example_branch_datetime_operator_2' retrieved from /home/akranth/airflow/airflow_env/lib/python3.11/site-packages/airflow/example_dags/example_branch_datetime_operator.py
[2024-03-03T01:54:49.370+0530] {logging_mixin.py:188} INFO - [2024-03-03T01:54:49.370+0530] {dag.py:3047} INFO - Sync 3 DAGs
[2024-03-03T01:54:49.385+0530] {logging_mixin.py:188} INFO - [2024-03-03T01:54:49.385+0530] {dag.py:3834} INFO - Setting next_dagrun for example_branch_datetime_operator to 2024-03-01 00:00:00+00:00, run_after=2024-03-02 00:00:00+00:00
[2024-03-03T01:54:49.389+0530] {logging_mixin.py:188} INFO - [2024-03-03T01:54:49.388+0530] {dag.py:3834} INFO - Setting next_dagrun for example_branch_datetime_operator_2 to 2024-03-01 00:00:00+00:00, run_after=2024-03-02 00:00:00+00:00
[2024-03-03T01:54:49.390+0530] {logging_mixin.py:188} INFO - [2024-03-03T01:54:49.390+0530] {dag.py:3834} INFO - Setting next_dagrun for example_branch_datetime_operator_3 to 2024-03-01 00:00:00+00:00, run_after=2024-03-02 00:00:00+00:00
[2024-03-03T01:54:49.576+0530] {processor.py:183} INFO - Processing /home/akranth/airflow/airflow_env/lib/python3.11/site-packages/airflow/example_dags/example_branch_datetime_operator.py took 0.235 seconds
[2024-03-03T01:55:58.690+0530] {processor.py:161} INFO - Started process (PID=7345) to work on /home/akranth/airflow/airflow_env/lib/python3.11/site-packages/airflow/example_dags/example_branch_datetime_operator.py
[2024-03-03T01:55:58.763+0530] {processor.py:830} INFO - Processing file /home/akranth/airflow/airflow_env/lib/python3.11/site-packages/airflow/example_dags/example_branch_datetime_operator.py for tasks to queue
[2024-03-03T01:55:58.764+0530] {logging_mixin.py:188} INFO - [2024-03-03T01:55:58.763+0530] {dagbag.py:540} INFO - Filling up the DagBag from /home/akranth/airflow/airflow_env/lib/python3.11/site-packages/airflow/example_dags/example_branch_datetime_operator.py
[2024-03-03T01:55:58.782+0530] {processor.py:840} INFO - DAG(s) 'example_branch_datetime_operator', 'example_branch_datetime_operator_3', 'example_branch_datetime_operator_2' retrieved from /home/akranth/airflow/airflow_env/lib/python3.11/site-packages/airflow/example_dags/example_branch_datetime_operator.py
[2024-03-03T01:55:58.817+0530] {logging_mixin.py:188} INFO - [2024-03-03T01:55:58.816+0530] {dag.py:3047} INFO - Sync 3 DAGs
[2024-03-03T01:55:58.837+0530] {logging_mixin.py:188} INFO - [2024-03-03T01:55:58.837+0530] {dag.py:3834} INFO - Setting next_dagrun for example_branch_datetime_operator to 2024-03-01 00:00:00+00:00, run_after=2024-03-02 00:00:00+00:00
[2024-03-03T01:55:58.841+0530] {logging_mixin.py:188} INFO - [2024-03-03T01:55:58.841+0530] {dag.py:3834} INFO - Setting next_dagrun for example_branch_datetime_operator_2 to 2024-03-01 00:00:00+00:00, run_after=2024-03-02 00:00:00+00:00
[2024-03-03T01:55:58.843+0530] {logging_mixin.py:188} INFO - [2024-03-03T01:55:58.843+0530] {dag.py:3834} INFO - Setting next_dagrun for example_branch_datetime_operator_3 to 2024-03-01 00:00:00+00:00, run_after=2024-03-02 00:00:00+00:00
[2024-03-03T01:55:58.957+0530] {processor.py:183} INFO - Processing /home/akranth/airflow/airflow_env/lib/python3.11/site-packages/airflow/example_dags/example_branch_datetime_operator.py took 0.269 seconds
