[2024-03-03T01:48:34.907+0530] {processor.py:161} INFO - Started process (PID=6581) to work on /home/akranth/airflow/airflow_env/lib/python3.11/site-packages/airflow/example_dags/example_xcomargs.py
[2024-03-03T01:48:34.908+0530] {processor.py:830} INFO - Processing file /home/akranth/airflow/airflow_env/lib/python3.11/site-packages/airflow/example_dags/example_xcomargs.py for tasks to queue
[2024-03-03T01:48:34.908+0530] {logging_mixin.py:188} INFO - [2024-03-03T01:48:34.908+0530] {dagbag.py:540} INFO - Filling up the DagBag from /home/akranth/airflow/airflow_env/lib/python3.11/site-packages/airflow/example_dags/example_xcomargs.py
[2024-03-03T01:48:34.917+0530] {processor.py:840} INFO - DAG(s) 'example_xcom_args_with_operators', 'example_xcom_args' retrieved from /home/akranth/airflow/airflow_env/lib/python3.11/site-packages/airflow/example_dags/example_xcomargs.py
[2024-03-03T01:48:34.992+0530] {logging_mixin.py:188} INFO - [2024-03-03T01:48:34.992+0530] {dag.py:3047} INFO - Sync 2 DAGs
[2024-03-03T01:48:34.999+0530] {logging_mixin.py:188} INFO - [2024-03-03T01:48:34.999+0530] {dag.py:3834} INFO - Setting next_dagrun for example_xcom_args to None, run_after=None
[2024-03-03T01:48:35.001+0530] {logging_mixin.py:188} INFO - [2024-03-03T01:48:35.001+0530] {dag.py:3834} INFO - Setting next_dagrun for example_xcom_args_with_operators to None, run_after=None
[2024-03-03T01:48:35.258+0530] {processor.py:183} INFO - Processing /home/akranth/airflow/airflow_env/lib/python3.11/site-packages/airflow/example_dags/example_xcomargs.py took 0.353 seconds
[2024-03-03T01:49:38.808+0530] {processor.py:161} INFO - Started process (PID=6753) to work on /home/akranth/airflow/airflow_env/lib/python3.11/site-packages/airflow/example_dags/example_xcomargs.py
[2024-03-03T01:49:38.809+0530] {processor.py:830} INFO - Processing file /home/akranth/airflow/airflow_env/lib/python3.11/site-packages/airflow/example_dags/example_xcomargs.py for tasks to queue
[2024-03-03T01:49:38.810+0530] {logging_mixin.py:188} INFO - [2024-03-03T01:49:38.810+0530] {dagbag.py:540} INFO - Filling up the DagBag from /home/akranth/airflow/airflow_env/lib/python3.11/site-packages/airflow/example_dags/example_xcomargs.py
[2024-03-03T01:49:38.817+0530] {processor.py:840} INFO - DAG(s) 'example_xcom_args_with_operators', 'example_xcom_args' retrieved from /home/akranth/airflow/airflow_env/lib/python3.11/site-packages/airflow/example_dags/example_xcomargs.py
[2024-03-03T01:49:38.830+0530] {logging_mixin.py:188} INFO - [2024-03-03T01:49:38.830+0530] {dag.py:3047} INFO - Sync 2 DAGs
[2024-03-03T01:49:38.918+0530] {logging_mixin.py:188} INFO - [2024-03-03T01:49:38.918+0530] {dag.py:3834} INFO - Setting next_dagrun for example_xcom_args to None, run_after=None
[2024-03-03T01:49:38.921+0530] {logging_mixin.py:188} INFO - [2024-03-03T01:49:38.921+0530] {dag.py:3834} INFO - Setting next_dagrun for example_xcom_args_with_operators to None, run_after=None
[2024-03-03T01:49:39.024+0530] {processor.py:183} INFO - Processing /home/akranth/airflow/airflow_env/lib/python3.11/site-packages/airflow/example_dags/example_xcomargs.py took 0.218 seconds
[2024-03-03T01:50:44.646+0530] {processor.py:161} INFO - Started process (PID=6842) to work on /home/akranth/airflow/airflow_env/lib/python3.11/site-packages/airflow/example_dags/example_xcomargs.py
[2024-03-03T01:50:44.647+0530] {processor.py:830} INFO - Processing file /home/akranth/airflow/airflow_env/lib/python3.11/site-packages/airflow/example_dags/example_xcomargs.py for tasks to queue
[2024-03-03T01:50:44.648+0530] {logging_mixin.py:188} INFO - [2024-03-03T01:50:44.648+0530] {dagbag.py:540} INFO - Filling up the DagBag from /home/akranth/airflow/airflow_env/lib/python3.11/site-packages/airflow/example_dags/example_xcomargs.py
[2024-03-03T01:50:44.659+0530] {processor.py:840} INFO - DAG(s) 'example_xcom_args_with_operators', 'example_xcom_args' retrieved from /home/akranth/airflow/airflow_env/lib/python3.11/site-packages/airflow/example_dags/example_xcomargs.py
[2024-03-03T01:50:44.678+0530] {logging_mixin.py:188} INFO - [2024-03-03T01:50:44.678+0530] {dag.py:3047} INFO - Sync 2 DAGs
[2024-03-03T01:50:44.690+0530] {logging_mixin.py:188} INFO - [2024-03-03T01:50:44.689+0530] {dag.py:3834} INFO - Setting next_dagrun for example_xcom_args to None, run_after=None
[2024-03-03T01:50:44.695+0530] {logging_mixin.py:188} INFO - [2024-03-03T01:50:44.695+0530] {dag.py:3834} INFO - Setting next_dagrun for example_xcom_args_with_operators to None, run_after=None
[2024-03-03T01:50:44.866+0530] {processor.py:183} INFO - Processing /home/akranth/airflow/airflow_env/lib/python3.11/site-packages/airflow/example_dags/example_xcomargs.py took 0.223 seconds
[2024-03-03T01:51:47.173+0530] {processor.py:161} INFO - Started process (PID=7018) to work on /home/akranth/airflow/airflow_env/lib/python3.11/site-packages/airflow/example_dags/example_xcomargs.py
[2024-03-03T01:51:47.189+0530] {processor.py:830} INFO - Processing file /home/akranth/airflow/airflow_env/lib/python3.11/site-packages/airflow/example_dags/example_xcomargs.py for tasks to queue
[2024-03-03T01:51:47.191+0530] {logging_mixin.py:188} INFO - [2024-03-03T01:51:47.190+0530] {dagbag.py:540} INFO - Filling up the DagBag from /home/akranth/airflow/airflow_env/lib/python3.11/site-packages/airflow/example_dags/example_xcomargs.py
[2024-03-03T01:51:47.211+0530] {processor.py:840} INFO - DAG(s) 'example_xcom_args', 'example_xcom_args_with_operators' retrieved from /home/akranth/airflow/airflow_env/lib/python3.11/site-packages/airflow/example_dags/example_xcomargs.py
[2024-03-03T01:51:47.231+0530] {logging_mixin.py:188} INFO - [2024-03-03T01:51:47.231+0530] {dag.py:3047} INFO - Sync 2 DAGs
[2024-03-03T01:51:47.239+0530] {logging_mixin.py:188} INFO - [2024-03-03T01:51:47.239+0530] {dag.py:3834} INFO - Setting next_dagrun for example_xcom_args to None, run_after=None
[2024-03-03T01:51:47.242+0530] {logging_mixin.py:188} INFO - [2024-03-03T01:51:47.241+0530] {dag.py:3834} INFO - Setting next_dagrun for example_xcom_args_with_operators to None, run_after=None
[2024-03-03T01:51:47.345+0530] {processor.py:183} INFO - Processing /home/akranth/airflow/airflow_env/lib/python3.11/site-packages/airflow/example_dags/example_xcomargs.py took 0.178 seconds
[2024-03-03T01:52:49.701+0530] {processor.py:161} INFO - Started process (PID=7148) to work on /home/akranth/airflow/airflow_env/lib/python3.11/site-packages/airflow/example_dags/example_xcomargs.py
[2024-03-03T01:52:49.703+0530] {processor.py:830} INFO - Processing file /home/akranth/airflow/airflow_env/lib/python3.11/site-packages/airflow/example_dags/example_xcomargs.py for tasks to queue
[2024-03-03T01:52:49.706+0530] {logging_mixin.py:188} INFO - [2024-03-03T01:52:49.705+0530] {dagbag.py:540} INFO - Filling up the DagBag from /home/akranth/airflow/airflow_env/lib/python3.11/site-packages/airflow/example_dags/example_xcomargs.py
[2024-03-03T01:52:49.721+0530] {processor.py:840} INFO - DAG(s) 'example_xcom_args_with_operators', 'example_xcom_args' retrieved from /home/akranth/airflow/airflow_env/lib/python3.11/site-packages/airflow/example_dags/example_xcomargs.py
[2024-03-03T01:52:49.736+0530] {logging_mixin.py:188} INFO - [2024-03-03T01:52:49.736+0530] {dag.py:3047} INFO - Sync 2 DAGs
[2024-03-03T01:52:49.745+0530] {logging_mixin.py:188} INFO - [2024-03-03T01:52:49.745+0530] {dag.py:3834} INFO - Setting next_dagrun for example_xcom_args to None, run_after=None
[2024-03-03T01:52:49.748+0530] {logging_mixin.py:188} INFO - [2024-03-03T01:52:49.748+0530] {dag.py:3834} INFO - Setting next_dagrun for example_xcom_args_with_operators to None, run_after=None
[2024-03-03T01:52:49.928+0530] {processor.py:183} INFO - Processing /home/akranth/airflow/airflow_env/lib/python3.11/site-packages/airflow/example_dags/example_xcomargs.py took 0.235 seconds
[2024-03-03T01:54:04.458+0530] {processor.py:161} INFO - Started process (PID=7229) to work on /home/akranth/airflow/airflow_env/lib/python3.11/site-packages/airflow/example_dags/example_xcomargs.py
[2024-03-03T01:54:04.460+0530] {processor.py:830} INFO - Processing file /home/akranth/airflow/airflow_env/lib/python3.11/site-packages/airflow/example_dags/example_xcomargs.py for tasks to queue
[2024-03-03T01:54:04.461+0530] {logging_mixin.py:188} INFO - [2024-03-03T01:54:04.461+0530] {dagbag.py:540} INFO - Filling up the DagBag from /home/akranth/airflow/airflow_env/lib/python3.11/site-packages/airflow/example_dags/example_xcomargs.py
[2024-03-03T01:54:04.477+0530] {processor.py:840} INFO - DAG(s) 'example_xcom_args_with_operators', 'example_xcom_args' retrieved from /home/akranth/airflow/airflow_env/lib/python3.11/site-packages/airflow/example_dags/example_xcomargs.py
[2024-03-03T01:54:04.499+0530] {logging_mixin.py:188} INFO - [2024-03-03T01:54:04.499+0530] {dag.py:3047} INFO - Sync 2 DAGs
[2024-03-03T01:54:04.507+0530] {logging_mixin.py:188} INFO - [2024-03-03T01:54:04.507+0530] {dag.py:3834} INFO - Setting next_dagrun for example_xcom_args to None, run_after=None
[2024-03-03T01:54:04.510+0530] {logging_mixin.py:188} INFO - [2024-03-03T01:54:04.510+0530] {dag.py:3834} INFO - Setting next_dagrun for example_xcom_args_with_operators to None, run_after=None
[2024-03-03T01:54:04.684+0530] {processor.py:183} INFO - Processing /home/akranth/airflow/airflow_env/lib/python3.11/site-packages/airflow/example_dags/example_xcomargs.py took 0.230 seconds
[2024-03-03T01:55:12.431+0530] {processor.py:161} INFO - Started process (PID=7293) to work on /home/akranth/airflow/airflow_env/lib/python3.11/site-packages/airflow/example_dags/example_xcomargs.py
[2024-03-03T01:55:12.432+0530] {processor.py:830} INFO - Processing file /home/akranth/airflow/airflow_env/lib/python3.11/site-packages/airflow/example_dags/example_xcomargs.py for tasks to queue
[2024-03-03T01:55:12.433+0530] {logging_mixin.py:188} INFO - [2024-03-03T01:55:12.432+0530] {dagbag.py:540} INFO - Filling up the DagBag from /home/akranth/airflow/airflow_env/lib/python3.11/site-packages/airflow/example_dags/example_xcomargs.py
[2024-03-03T01:55:12.439+0530] {processor.py:840} INFO - DAG(s) 'example_xcom_args_with_operators', 'example_xcom_args' retrieved from /home/akranth/airflow/airflow_env/lib/python3.11/site-packages/airflow/example_dags/example_xcomargs.py
[2024-03-03T01:55:12.452+0530] {logging_mixin.py:188} INFO - [2024-03-03T01:55:12.452+0530] {dag.py:3047} INFO - Sync 2 DAGs
[2024-03-03T01:55:12.460+0530] {logging_mixin.py:188} INFO - [2024-03-03T01:55:12.460+0530] {dag.py:3834} INFO - Setting next_dagrun for example_xcom_args to None, run_after=None
[2024-03-03T01:55:12.463+0530] {logging_mixin.py:188} INFO - [2024-03-03T01:55:12.462+0530] {dag.py:3834} INFO - Setting next_dagrun for example_xcom_args_with_operators to None, run_after=None
[2024-03-03T01:55:12.650+0530] {processor.py:183} INFO - Processing /home/akranth/airflow/airflow_env/lib/python3.11/site-packages/airflow/example_dags/example_xcomargs.py took 0.221 seconds
