[2024-03-03T01:48:31.800+0530] {processor.py:161} INFO - Started process (PID=6576) to work on /home/akranth/airflow/airflow_env/lib/python3.11/site-packages/airflow/example_dags/example_skip_dag.py
[2024-03-03T01:48:31.800+0530] {processor.py:830} INFO - Processing file /home/akranth/airflow/airflow_env/lib/python3.11/site-packages/airflow/example_dags/example_skip_dag.py for tasks to queue
[2024-03-03T01:48:31.801+0530] {logging_mixin.py:188} INFO - [2024-03-03T01:48:31.801+0530] {dagbag.py:540} INFO - Filling up the DagBag from /home/akranth/airflow/airflow_env/lib/python3.11/site-packages/airflow/example_dags/example_skip_dag.py
[2024-03-03T01:48:31.808+0530] {processor.py:840} INFO - DAG(s) 'example_skip_dag' retrieved from /home/akranth/airflow/airflow_env/lib/python3.11/site-packages/airflow/example_dags/example_skip_dag.py
[2024-03-03T01:48:31.906+0530] {logging_mixin.py:188} INFO - [2024-03-03T01:48:31.906+0530] {dag.py:3047} INFO - Sync 1 DAGs
[2024-03-03T01:48:32.039+0530] {logging_mixin.py:188} INFO - [2024-03-03T01:48:32.039+0530] {dag.py:3834} INFO - Setting next_dagrun for example_skip_dag to 2024-03-01 00:00:00+00:00, run_after=2024-03-02 00:00:00+00:00
[2024-03-03T01:48:32.227+0530] {processor.py:183} INFO - Processing /home/akranth/airflow/airflow_env/lib/python3.11/site-packages/airflow/example_dags/example_skip_dag.py took 0.430 seconds
[2024-03-03T01:49:37.006+0530] {processor.py:161} INFO - Started process (PID=6751) to work on /home/akranth/airflow/airflow_env/lib/python3.11/site-packages/airflow/example_dags/example_skip_dag.py
[2024-03-03T01:49:37.019+0530] {processor.py:830} INFO - Processing file /home/akranth/airflow/airflow_env/lib/python3.11/site-packages/airflow/example_dags/example_skip_dag.py for tasks to queue
[2024-03-03T01:49:37.021+0530] {logging_mixin.py:188} INFO - [2024-03-03T01:49:37.020+0530] {dagbag.py:540} INFO - Filling up the DagBag from /home/akranth/airflow/airflow_env/lib/python3.11/site-packages/airflow/example_dags/example_skip_dag.py
[2024-03-03T01:49:37.028+0530] {processor.py:840} INFO - DAG(s) 'example_skip_dag' retrieved from /home/akranth/airflow/airflow_env/lib/python3.11/site-packages/airflow/example_dags/example_skip_dag.py
[2024-03-03T01:49:37.041+0530] {logging_mixin.py:188} INFO - [2024-03-03T01:49:37.041+0530] {dag.py:3047} INFO - Sync 1 DAGs
[2024-03-03T01:49:37.132+0530] {logging_mixin.py:188} INFO - [2024-03-03T01:49:37.132+0530] {dag.py:3834} INFO - Setting next_dagrun for example_skip_dag to 2024-03-01 00:00:00+00:00, run_after=2024-03-02 00:00:00+00:00
[2024-03-03T01:49:37.242+0530] {processor.py:183} INFO - Processing /home/akranth/airflow/airflow_env/lib/python3.11/site-packages/airflow/example_dags/example_skip_dag.py took 0.238 seconds
[2024-03-03T01:50:41.739+0530] {processor.py:161} INFO - Started process (PID=6838) to work on /home/akranth/airflow/airflow_env/lib/python3.11/site-packages/airflow/example_dags/example_skip_dag.py
[2024-03-03T01:50:41.740+0530] {processor.py:830} INFO - Processing file /home/akranth/airflow/airflow_env/lib/python3.11/site-packages/airflow/example_dags/example_skip_dag.py for tasks to queue
[2024-03-03T01:50:41.741+0530] {logging_mixin.py:188} INFO - [2024-03-03T01:50:41.740+0530] {dagbag.py:540} INFO - Filling up the DagBag from /home/akranth/airflow/airflow_env/lib/python3.11/site-packages/airflow/example_dags/example_skip_dag.py
[2024-03-03T01:50:41.746+0530] {processor.py:840} INFO - DAG(s) 'example_skip_dag' retrieved from /home/akranth/airflow/airflow_env/lib/python3.11/site-packages/airflow/example_dags/example_skip_dag.py
[2024-03-03T01:50:41.759+0530] {logging_mixin.py:188} INFO - [2024-03-03T01:50:41.759+0530] {dag.py:3047} INFO - Sync 1 DAGs
[2024-03-03T01:50:41.773+0530] {logging_mixin.py:188} INFO - [2024-03-03T01:50:41.773+0530] {dag.py:3834} INFO - Setting next_dagrun for example_skip_dag to 2024-03-01 00:00:00+00:00, run_after=2024-03-02 00:00:00+00:00
[2024-03-03T01:50:42.110+0530] {processor.py:183} INFO - Processing /home/akranth/airflow/airflow_env/lib/python3.11/site-packages/airflow/example_dags/example_skip_dag.py took 0.372 seconds
[2024-03-03T01:51:45.048+0530] {processor.py:161} INFO - Started process (PID=7016) to work on /home/akranth/airflow/airflow_env/lib/python3.11/site-packages/airflow/example_dags/example_skip_dag.py
[2024-03-03T01:51:45.050+0530] {processor.py:830} INFO - Processing file /home/akranth/airflow/airflow_env/lib/python3.11/site-packages/airflow/example_dags/example_skip_dag.py for tasks to queue
[2024-03-03T01:51:45.052+0530] {logging_mixin.py:188} INFO - [2024-03-03T01:51:45.051+0530] {dagbag.py:540} INFO - Filling up the DagBag from /home/akranth/airflow/airflow_env/lib/python3.11/site-packages/airflow/example_dags/example_skip_dag.py
[2024-03-03T01:51:45.068+0530] {processor.py:840} INFO - DAG(s) 'example_skip_dag' retrieved from /home/akranth/airflow/airflow_env/lib/python3.11/site-packages/airflow/example_dags/example_skip_dag.py
[2024-03-03T01:51:45.089+0530] {logging_mixin.py:188} INFO - [2024-03-03T01:51:45.089+0530] {dag.py:3047} INFO - Sync 1 DAGs
[2024-03-03T01:51:45.105+0530] {logging_mixin.py:188} INFO - [2024-03-03T01:51:45.104+0530] {dag.py:3834} INFO - Setting next_dagrun for example_skip_dag to 2024-03-01 00:00:00+00:00, run_after=2024-03-02 00:00:00+00:00
[2024-03-03T01:51:45.295+0530] {processor.py:183} INFO - Processing /home/akranth/airflow/airflow_env/lib/python3.11/site-packages/airflow/example_dags/example_skip_dag.py took 0.253 seconds
[2024-03-03T01:52:46.965+0530] {processor.py:161} INFO - Started process (PID=7146) to work on /home/akranth/airflow/airflow_env/lib/python3.11/site-packages/airflow/example_dags/example_skip_dag.py
[2024-03-03T01:52:46.966+0530] {processor.py:830} INFO - Processing file /home/akranth/airflow/airflow_env/lib/python3.11/site-packages/airflow/example_dags/example_skip_dag.py for tasks to queue
[2024-03-03T01:52:46.967+0530] {logging_mixin.py:188} INFO - [2024-03-03T01:52:46.966+0530] {dagbag.py:540} INFO - Filling up the DagBag from /home/akranth/airflow/airflow_env/lib/python3.11/site-packages/airflow/example_dags/example_skip_dag.py
[2024-03-03T01:52:46.973+0530] {processor.py:840} INFO - DAG(s) 'example_skip_dag' retrieved from /home/akranth/airflow/airflow_env/lib/python3.11/site-packages/airflow/example_dags/example_skip_dag.py
[2024-03-03T01:52:46.985+0530] {logging_mixin.py:188} INFO - [2024-03-03T01:52:46.984+0530] {dag.py:3047} INFO - Sync 1 DAGs
[2024-03-03T01:52:46.998+0530] {logging_mixin.py:188} INFO - [2024-03-03T01:52:46.998+0530] {dag.py:3834} INFO - Setting next_dagrun for example_skip_dag to 2024-03-01 00:00:00+00:00, run_after=2024-03-02 00:00:00+00:00
[2024-03-03T01:52:47.194+0530] {processor.py:183} INFO - Processing /home/akranth/airflow/airflow_env/lib/python3.11/site-packages/airflow/example_dags/example_skip_dag.py took 0.232 seconds
[2024-03-03T01:54:01.744+0530] {processor.py:161} INFO - Started process (PID=7227) to work on /home/akranth/airflow/airflow_env/lib/python3.11/site-packages/airflow/example_dags/example_skip_dag.py
[2024-03-03T01:54:01.844+0530] {processor.py:830} INFO - Processing file /home/akranth/airflow/airflow_env/lib/python3.11/site-packages/airflow/example_dags/example_skip_dag.py for tasks to queue
[2024-03-03T01:54:01.846+0530] {logging_mixin.py:188} INFO - [2024-03-03T01:54:01.845+0530] {dagbag.py:540} INFO - Filling up the DagBag from /home/akranth/airflow/airflow_env/lib/python3.11/site-packages/airflow/example_dags/example_skip_dag.py
[2024-03-03T01:54:01.852+0530] {processor.py:840} INFO - DAG(s) 'example_skip_dag' retrieved from /home/akranth/airflow/airflow_env/lib/python3.11/site-packages/airflow/example_dags/example_skip_dag.py
[2024-03-03T01:54:01.870+0530] {logging_mixin.py:188} INFO - [2024-03-03T01:54:01.870+0530] {dag.py:3047} INFO - Sync 1 DAGs
[2024-03-03T01:54:01.887+0530] {logging_mixin.py:188} INFO - [2024-03-03T01:54:01.887+0530] {dag.py:3834} INFO - Setting next_dagrun for example_skip_dag to 2024-03-01 00:00:00+00:00, run_after=2024-03-02 00:00:00+00:00
[2024-03-03T01:54:01.994+0530] {processor.py:183} INFO - Processing /home/akranth/airflow/airflow_env/lib/python3.11/site-packages/airflow/example_dags/example_skip_dag.py took 0.256 seconds
[2024-03-03T01:55:10.070+0530] {processor.py:161} INFO - Started process (PID=7291) to work on /home/akranth/airflow/airflow_env/lib/python3.11/site-packages/airflow/example_dags/example_skip_dag.py
[2024-03-03T01:55:10.071+0530] {processor.py:830} INFO - Processing file /home/akranth/airflow/airflow_env/lib/python3.11/site-packages/airflow/example_dags/example_skip_dag.py for tasks to queue
[2024-03-03T01:55:10.072+0530] {logging_mixin.py:188} INFO - [2024-03-03T01:55:10.071+0530] {dagbag.py:540} INFO - Filling up the DagBag from /home/akranth/airflow/airflow_env/lib/python3.11/site-packages/airflow/example_dags/example_skip_dag.py
[2024-03-03T01:55:10.077+0530] {processor.py:840} INFO - DAG(s) 'example_skip_dag' retrieved from /home/akranth/airflow/airflow_env/lib/python3.11/site-packages/airflow/example_dags/example_skip_dag.py
[2024-03-03T01:55:10.089+0530] {logging_mixin.py:188} INFO - [2024-03-03T01:55:10.089+0530] {dag.py:3047} INFO - Sync 1 DAGs
[2024-03-03T01:55:10.103+0530] {logging_mixin.py:188} INFO - [2024-03-03T01:55:10.103+0530] {dag.py:3834} INFO - Setting next_dagrun for example_skip_dag to 2024-03-01 00:00:00+00:00, run_after=2024-03-02 00:00:00+00:00
[2024-03-03T01:55:10.284+0530] {processor.py:183} INFO - Processing /home/akranth/airflow/airflow_env/lib/python3.11/site-packages/airflow/example_dags/example_skip_dag.py took 0.216 seconds
