[2024-03-03T01:48:58.948+0530] {processor.py:161} INFO - Started process (PID=6602) to work on /home/akranth/airflow/airflow_env/lib/python3.11/site-packages/airflow/example_dags/example_trigger_controller_dag.py
[2024-03-03T01:48:58.950+0530] {processor.py:830} INFO - Processing file /home/akranth/airflow/airflow_env/lib/python3.11/site-packages/airflow/example_dags/example_trigger_controller_dag.py for tasks to queue
[2024-03-03T01:48:58.952+0530] {logging_mixin.py:188} INFO - [2024-03-03T01:48:58.951+0530] {dagbag.py:540} INFO - Filling up the DagBag from /home/akranth/airflow/airflow_env/lib/python3.11/site-packages/airflow/example_dags/example_trigger_controller_dag.py
[2024-03-03T01:48:58.961+0530] {processor.py:840} INFO - DAG(s) 'example_trigger_controller_dag' retrieved from /home/akranth/airflow/airflow_env/lib/python3.11/site-packages/airflow/example_dags/example_trigger_controller_dag.py
[2024-03-03T01:48:59.120+0530] {logging_mixin.py:188} INFO - [2024-03-03T01:48:59.120+0530] {dag.py:3047} INFO - Sync 1 DAGs
[2024-03-03T01:48:59.131+0530] {logging_mixin.py:188} INFO - [2024-03-03T01:48:59.131+0530] {dag.py:3834} INFO - Setting next_dagrun for example_trigger_controller_dag to 2021-01-01 00:00:00+00:00, run_after=2021-01-01 00:00:00+00:00
[2024-03-03T01:48:59.241+0530] {processor.py:183} INFO - Processing /home/akranth/airflow/airflow_env/lib/python3.11/site-packages/airflow/example_dags/example_trigger_controller_dag.py took 0.297 seconds
[2024-03-03T01:50:05.959+0530] {processor.py:161} INFO - Started process (PID=6780) to work on /home/akranth/airflow/airflow_env/lib/python3.11/site-packages/airflow/example_dags/example_trigger_controller_dag.py
[2024-03-03T01:50:05.960+0530] {processor.py:830} INFO - Processing file /home/akranth/airflow/airflow_env/lib/python3.11/site-packages/airflow/example_dags/example_trigger_controller_dag.py for tasks to queue
[2024-03-03T01:50:05.961+0530] {logging_mixin.py:188} INFO - [2024-03-03T01:50:05.960+0530] {dagbag.py:540} INFO - Filling up the DagBag from /home/akranth/airflow/airflow_env/lib/python3.11/site-packages/airflow/example_dags/example_trigger_controller_dag.py
[2024-03-03T01:50:05.965+0530] {processor.py:840} INFO - DAG(s) 'example_trigger_controller_dag' retrieved from /home/akranth/airflow/airflow_env/lib/python3.11/site-packages/airflow/example_dags/example_trigger_controller_dag.py
[2024-03-03T01:50:06.058+0530] {logging_mixin.py:188} INFO - [2024-03-03T01:50:06.058+0530] {dag.py:3047} INFO - Sync 1 DAGs
[2024-03-03T01:50:06.072+0530] {logging_mixin.py:188} INFO - [2024-03-03T01:50:06.072+0530] {dag.py:3834} INFO - Setting next_dagrun for example_trigger_controller_dag to 2021-01-01 00:00:00+00:00, run_after=2021-01-01 00:00:00+00:00
[2024-03-03T01:50:06.245+0530] {processor.py:183} INFO - Processing /home/akranth/airflow/airflow_env/lib/python3.11/site-packages/airflow/example_dags/example_trigger_controller_dag.py took 0.288 seconds
[2024-03-03T01:51:11.181+0530] {processor.py:161} INFO - Started process (PID=6982) to work on /home/akranth/airflow/airflow_env/lib/python3.11/site-packages/airflow/example_dags/example_trigger_controller_dag.py
[2024-03-03T01:51:11.182+0530] {processor.py:830} INFO - Processing file /home/akranth/airflow/airflow_env/lib/python3.11/site-packages/airflow/example_dags/example_trigger_controller_dag.py for tasks to queue
[2024-03-03T01:51:11.183+0530] {logging_mixin.py:188} INFO - [2024-03-03T01:51:11.182+0530] {dagbag.py:540} INFO - Filling up the DagBag from /home/akranth/airflow/airflow_env/lib/python3.11/site-packages/airflow/example_dags/example_trigger_controller_dag.py
[2024-03-03T01:51:11.186+0530] {processor.py:840} INFO - DAG(s) 'example_trigger_controller_dag' retrieved from /home/akranth/airflow/airflow_env/lib/python3.11/site-packages/airflow/example_dags/example_trigger_controller_dag.py
[2024-03-03T01:51:11.198+0530] {logging_mixin.py:188} INFO - [2024-03-03T01:51:11.198+0530] {dag.py:3047} INFO - Sync 1 DAGs
[2024-03-03T01:51:11.213+0530] {logging_mixin.py:188} INFO - [2024-03-03T01:51:11.213+0530] {dag.py:3834} INFO - Setting next_dagrun for example_trigger_controller_dag to 2021-01-01 00:00:00+00:00, run_after=2021-01-01 00:00:00+00:00
[2024-03-03T01:51:11.321+0530] {processor.py:183} INFO - Processing /home/akranth/airflow/airflow_env/lib/python3.11/site-packages/airflow/example_dags/example_trigger_controller_dag.py took 0.142 seconds
[2024-03-03T01:52:15.038+0530] {processor.py:161} INFO - Started process (PID=7115) to work on /home/akranth/airflow/airflow_env/lib/python3.11/site-packages/airflow/example_dags/example_trigger_controller_dag.py
[2024-03-03T01:52:15.039+0530] {processor.py:830} INFO - Processing file /home/akranth/airflow/airflow_env/lib/python3.11/site-packages/airflow/example_dags/example_trigger_controller_dag.py for tasks to queue
[2024-03-03T01:52:15.040+0530] {logging_mixin.py:188} INFO - [2024-03-03T01:52:15.039+0530] {dagbag.py:540} INFO - Filling up the DagBag from /home/akranth/airflow/airflow_env/lib/python3.11/site-packages/airflow/example_dags/example_trigger_controller_dag.py
[2024-03-03T01:52:15.043+0530] {processor.py:840} INFO - DAG(s) 'example_trigger_controller_dag' retrieved from /home/akranth/airflow/airflow_env/lib/python3.11/site-packages/airflow/example_dags/example_trigger_controller_dag.py
[2024-03-03T01:52:15.054+0530] {logging_mixin.py:188} INFO - [2024-03-03T01:52:15.054+0530] {dag.py:3047} INFO - Sync 1 DAGs
[2024-03-03T01:52:15.068+0530] {logging_mixin.py:188} INFO - [2024-03-03T01:52:15.068+0530] {dag.py:3834} INFO - Setting next_dagrun for example_trigger_controller_dag to 2021-01-01 00:00:00+00:00, run_after=2021-01-01 00:00:00+00:00
[2024-03-03T01:52:15.241+0530] {processor.py:183} INFO - Processing /home/akranth/airflow/airflow_env/lib/python3.11/site-packages/airflow/example_dags/example_trigger_controller_dag.py took 0.204 seconds
[2024-03-03T01:53:24.435+0530] {processor.py:161} INFO - Started process (PID=7194) to work on /home/akranth/airflow/airflow_env/lib/python3.11/site-packages/airflow/example_dags/example_trigger_controller_dag.py
[2024-03-03T01:53:24.437+0530] {processor.py:830} INFO - Processing file /home/akranth/airflow/airflow_env/lib/python3.11/site-packages/airflow/example_dags/example_trigger_controller_dag.py for tasks to queue
[2024-03-03T01:53:24.438+0530] {logging_mixin.py:188} INFO - [2024-03-03T01:53:24.438+0530] {dagbag.py:540} INFO - Filling up the DagBag from /home/akranth/airflow/airflow_env/lib/python3.11/site-packages/airflow/example_dags/example_trigger_controller_dag.py
[2024-03-03T01:53:24.444+0530] {processor.py:840} INFO - DAG(s) 'example_trigger_controller_dag' retrieved from /home/akranth/airflow/airflow_env/lib/python3.11/site-packages/airflow/example_dags/example_trigger_controller_dag.py
[2024-03-03T01:53:24.466+0530] {logging_mixin.py:188} INFO - [2024-03-03T01:53:24.465+0530] {dag.py:3047} INFO - Sync 1 DAGs
[2024-03-03T01:53:24.491+0530] {logging_mixin.py:188} INFO - [2024-03-03T01:53:24.491+0530] {dag.py:3834} INFO - Setting next_dagrun for example_trigger_controller_dag to 2021-01-01 00:00:00+00:00, run_after=2021-01-01 00:00:00+00:00
[2024-03-03T01:53:24.682+0530] {processor.py:183} INFO - Processing /home/akranth/airflow/airflow_env/lib/python3.11/site-packages/airflow/example_dags/example_trigger_controller_dag.py took 0.251 seconds
[2024-03-03T01:54:34.478+0530] {processor.py:161} INFO - Started process (PID=7262) to work on /home/akranth/airflow/airflow_env/lib/python3.11/site-packages/airflow/example_dags/example_trigger_controller_dag.py
[2024-03-03T01:54:34.479+0530] {processor.py:830} INFO - Processing file /home/akranth/airflow/airflow_env/lib/python3.11/site-packages/airflow/example_dags/example_trigger_controller_dag.py for tasks to queue
[2024-03-03T01:54:34.479+0530] {logging_mixin.py:188} INFO - [2024-03-03T01:54:34.479+0530] {dagbag.py:540} INFO - Filling up the DagBag from /home/akranth/airflow/airflow_env/lib/python3.11/site-packages/airflow/example_dags/example_trigger_controller_dag.py
[2024-03-03T01:54:34.486+0530] {processor.py:840} INFO - DAG(s) 'example_trigger_controller_dag' retrieved from /home/akranth/airflow/airflow_env/lib/python3.11/site-packages/airflow/example_dags/example_trigger_controller_dag.py
[2024-03-03T01:54:34.503+0530] {logging_mixin.py:188} INFO - [2024-03-03T01:54:34.503+0530] {dag.py:3047} INFO - Sync 1 DAGs
[2024-03-03T01:54:34.522+0530] {logging_mixin.py:188} INFO - [2024-03-03T01:54:34.522+0530] {dag.py:3834} INFO - Setting next_dagrun for example_trigger_controller_dag to 2021-01-01 00:00:00+00:00, run_after=2021-01-01 00:00:00+00:00
[2024-03-03T01:54:34.721+0530] {processor.py:183} INFO - Processing /home/akranth/airflow/airflow_env/lib/python3.11/site-packages/airflow/example_dags/example_trigger_controller_dag.py took 0.246 seconds
[2024-03-03T01:55:42.828+0530] {processor.py:161} INFO - Started process (PID=7331) to work on /home/akranth/airflow/airflow_env/lib/python3.11/site-packages/airflow/example_dags/example_trigger_controller_dag.py
[2024-03-03T01:55:42.829+0530] {processor.py:830} INFO - Processing file /home/akranth/airflow/airflow_env/lib/python3.11/site-packages/airflow/example_dags/example_trigger_controller_dag.py for tasks to queue
[2024-03-03T01:55:42.830+0530] {logging_mixin.py:188} INFO - [2024-03-03T01:55:42.829+0530] {dagbag.py:540} INFO - Filling up the DagBag from /home/akranth/airflow/airflow_env/lib/python3.11/site-packages/airflow/example_dags/example_trigger_controller_dag.py
[2024-03-03T01:55:42.833+0530] {processor.py:840} INFO - DAG(s) 'example_trigger_controller_dag' retrieved from /home/akranth/airflow/airflow_env/lib/python3.11/site-packages/airflow/example_dags/example_trigger_controller_dag.py
[2024-03-03T01:55:42.844+0530] {logging_mixin.py:188} INFO - [2024-03-03T01:55:42.844+0530] {dag.py:3047} INFO - Sync 1 DAGs
[2024-03-03T01:55:42.858+0530] {logging_mixin.py:188} INFO - [2024-03-03T01:55:42.858+0530] {dag.py:3834} INFO - Setting next_dagrun for example_trigger_controller_dag to 2021-01-01 00:00:00+00:00, run_after=2021-01-01 00:00:00+00:00
[2024-03-03T01:55:43.052+0530] {processor.py:183} INFO - Processing /home/akranth/airflow/airflow_env/lib/python3.11/site-packages/airflow/example_dags/example_trigger_controller_dag.py took 0.226 seconds
