[2024-03-03T01:49:05.242+0530] {processor.py:161} INFO - Started process (PID=6674) to work on /home/akranth/airflow/airflow_env/lib/python3.11/site-packages/airflow/example_dags/tutorial_taskflow_api_virtualenv.py
[2024-03-03T01:49:05.242+0530] {processor.py:830} INFO - Processing file /home/akranth/airflow/airflow_env/lib/python3.11/site-packages/airflow/example_dags/tutorial_taskflow_api_virtualenv.py for tasks to queue
[2024-03-03T01:49:05.243+0530] {logging_mixin.py:188} INFO - [2024-03-03T01:49:05.243+0530] {dagbag.py:540} INFO - Filling up the DagBag from /home/akranth/airflow/airflow_env/lib/python3.11/site-packages/airflow/example_dags/tutorial_taskflow_api_virtualenv.py
[2024-03-03T01:49:05.253+0530] {processor.py:840} INFO - DAG(s) 'tutorial_taskflow_api_virtualenv' retrieved from /home/akranth/airflow/airflow_env/lib/python3.11/site-packages/airflow/example_dags/tutorial_taskflow_api_virtualenv.py
[2024-03-03T01:49:05.461+0530] {logging_mixin.py:188} INFO - [2024-03-03T01:49:05.461+0530] {dag.py:3047} INFO - Sync 1 DAGs
[2024-03-03T01:49:05.472+0530] {logging_mixin.py:188} INFO - [2024-03-03T01:49:05.471+0530] {dag.py:3834} INFO - Setting next_dagrun for tutorial_taskflow_api_virtualenv to None, run_after=None
[2024-03-03T01:49:05.637+0530] {processor.py:183} INFO - Processing /home/akranth/airflow/airflow_env/lib/python3.11/site-packages/airflow/example_dags/tutorial_taskflow_api_virtualenv.py took 0.397 seconds
[2024-03-03T01:50:11.229+0530] {processor.py:161} INFO - Started process (PID=6789) to work on /home/akranth/airflow/airflow_env/lib/python3.11/site-packages/airflow/example_dags/tutorial_taskflow_api_virtualenv.py
[2024-03-03T01:50:11.230+0530] {processor.py:830} INFO - Processing file /home/akranth/airflow/airflow_env/lib/python3.11/site-packages/airflow/example_dags/tutorial_taskflow_api_virtualenv.py for tasks to queue
[2024-03-03T01:50:11.230+0530] {logging_mixin.py:188} INFO - [2024-03-03T01:50:11.230+0530] {dagbag.py:540} INFO - Filling up the DagBag from /home/akranth/airflow/airflow_env/lib/python3.11/site-packages/airflow/example_dags/tutorial_taskflow_api_virtualenv.py
[2024-03-03T01:50:11.242+0530] {processor.py:840} INFO - DAG(s) 'tutorial_taskflow_api_virtualenv' retrieved from /home/akranth/airflow/airflow_env/lib/python3.11/site-packages/airflow/example_dags/tutorial_taskflow_api_virtualenv.py
[2024-03-03T01:50:11.369+0530] {logging_mixin.py:188} INFO - [2024-03-03T01:50:11.368+0530] {dag.py:3047} INFO - Sync 1 DAGs
[2024-03-03T01:50:11.380+0530] {logging_mixin.py:188} INFO - [2024-03-03T01:50:11.380+0530] {dag.py:3834} INFO - Setting next_dagrun for tutorial_taskflow_api_virtualenv to None, run_after=None
[2024-03-03T01:50:11.555+0530] {processor.py:183} INFO - Processing /home/akranth/airflow/airflow_env/lib/python3.11/site-packages/airflow/example_dags/tutorial_taskflow_api_virtualenv.py took 0.329 seconds
[2024-03-03T01:51:15.682+0530] {processor.py:161} INFO - Started process (PID=6987) to work on /home/akranth/airflow/airflow_env/lib/python3.11/site-packages/airflow/example_dags/tutorial_taskflow_api_virtualenv.py
[2024-03-03T01:51:15.690+0530] {processor.py:830} INFO - Processing file /home/akranth/airflow/airflow_env/lib/python3.11/site-packages/airflow/example_dags/tutorial_taskflow_api_virtualenv.py for tasks to queue
[2024-03-03T01:51:15.692+0530] {logging_mixin.py:188} INFO - [2024-03-03T01:51:15.691+0530] {dagbag.py:540} INFO - Filling up the DagBag from /home/akranth/airflow/airflow_env/lib/python3.11/site-packages/airflow/example_dags/tutorial_taskflow_api_virtualenv.py
[2024-03-03T01:51:15.716+0530] {processor.py:840} INFO - DAG(s) 'tutorial_taskflow_api_virtualenv' retrieved from /home/akranth/airflow/airflow_env/lib/python3.11/site-packages/airflow/example_dags/tutorial_taskflow_api_virtualenv.py
[2024-03-03T01:51:15.736+0530] {logging_mixin.py:188} INFO - [2024-03-03T01:51:15.735+0530] {dag.py:3047} INFO - Sync 1 DAGs
[2024-03-03T01:51:15.744+0530] {logging_mixin.py:188} INFO - [2024-03-03T01:51:15.744+0530] {dag.py:3834} INFO - Setting next_dagrun for tutorial_taskflow_api_virtualenv to None, run_after=None
[2024-03-03T01:51:15.855+0530] {processor.py:183} INFO - Processing /home/akranth/airflow/airflow_env/lib/python3.11/site-packages/airflow/example_dags/tutorial_taskflow_api_virtualenv.py took 0.180 seconds
[2024-03-03T01:52:20.417+0530] {processor.py:161} INFO - Started process (PID=7119) to work on /home/akranth/airflow/airflow_env/lib/python3.11/site-packages/airflow/example_dags/tutorial_taskflow_api_virtualenv.py
[2024-03-03T01:52:20.420+0530] {processor.py:830} INFO - Processing file /home/akranth/airflow/airflow_env/lib/python3.11/site-packages/airflow/example_dags/tutorial_taskflow_api_virtualenv.py for tasks to queue
[2024-03-03T01:52:20.422+0530] {logging_mixin.py:188} INFO - [2024-03-03T01:52:20.421+0530] {dagbag.py:540} INFO - Filling up the DagBag from /home/akranth/airflow/airflow_env/lib/python3.11/site-packages/airflow/example_dags/tutorial_taskflow_api_virtualenv.py
[2024-03-03T01:52:20.438+0530] {processor.py:840} INFO - DAG(s) 'tutorial_taskflow_api_virtualenv' retrieved from /home/akranth/airflow/airflow_env/lib/python3.11/site-packages/airflow/example_dags/tutorial_taskflow_api_virtualenv.py
[2024-03-03T01:52:20.453+0530] {logging_mixin.py:188} INFO - [2024-03-03T01:52:20.453+0530] {dag.py:3047} INFO - Sync 1 DAGs
[2024-03-03T01:52:20.464+0530] {logging_mixin.py:188} INFO - [2024-03-03T01:52:20.464+0530] {dag.py:3834} INFO - Setting next_dagrun for tutorial_taskflow_api_virtualenv to None, run_after=None
[2024-03-03T01:52:20.652+0530] {processor.py:183} INFO - Processing /home/akranth/airflow/airflow_env/lib/python3.11/site-packages/airflow/example_dags/tutorial_taskflow_api_virtualenv.py took 0.242 seconds
[2024-03-03T01:53:29.996+0530] {processor.py:161} INFO - Started process (PID=7198) to work on /home/akranth/airflow/airflow_env/lib/python3.11/site-packages/airflow/example_dags/tutorial_taskflow_api_virtualenv.py
[2024-03-03T01:53:30.077+0530] {processor.py:830} INFO - Processing file /home/akranth/airflow/airflow_env/lib/python3.11/site-packages/airflow/example_dags/tutorial_taskflow_api_virtualenv.py for tasks to queue
[2024-03-03T01:53:30.079+0530] {logging_mixin.py:188} INFO - [2024-03-03T01:53:30.078+0530] {dagbag.py:540} INFO - Filling up the DagBag from /home/akranth/airflow/airflow_env/lib/python3.11/site-packages/airflow/example_dags/tutorial_taskflow_api_virtualenv.py
[2024-03-03T01:53:30.125+0530] {processor.py:840} INFO - DAG(s) 'tutorial_taskflow_api_virtualenv' retrieved from /home/akranth/airflow/airflow_env/lib/python3.11/site-packages/airflow/example_dags/tutorial_taskflow_api_virtualenv.py
[2024-03-03T01:53:30.152+0530] {logging_mixin.py:188} INFO - [2024-03-03T01:53:30.151+0530] {dag.py:3047} INFO - Sync 1 DAGs
[2024-03-03T01:53:30.162+0530] {logging_mixin.py:188} INFO - [2024-03-03T01:53:30.162+0530] {dag.py:3834} INFO - Setting next_dagrun for tutorial_taskflow_api_virtualenv to None, run_after=None
[2024-03-03T01:53:30.262+0530] {processor.py:183} INFO - Processing /home/akranth/airflow/airflow_env/lib/python3.11/site-packages/airflow/example_dags/tutorial_taskflow_api_virtualenv.py took 0.268 seconds
[2024-03-03T01:54:38.471+0530] {processor.py:161} INFO - Started process (PID=7266) to work on /home/akranth/airflow/airflow_env/lib/python3.11/site-packages/airflow/example_dags/tutorial_taskflow_api_virtualenv.py
[2024-03-03T01:54:38.471+0530] {processor.py:830} INFO - Processing file /home/akranth/airflow/airflow_env/lib/python3.11/site-packages/airflow/example_dags/tutorial_taskflow_api_virtualenv.py for tasks to queue
[2024-03-03T01:54:38.472+0530] {logging_mixin.py:188} INFO - [2024-03-03T01:54:38.472+0530] {dagbag.py:540} INFO - Filling up the DagBag from /home/akranth/airflow/airflow_env/lib/python3.11/site-packages/airflow/example_dags/tutorial_taskflow_api_virtualenv.py
[2024-03-03T01:54:38.480+0530] {processor.py:840} INFO - DAG(s) 'tutorial_taskflow_api_virtualenv' retrieved from /home/akranth/airflow/airflow_env/lib/python3.11/site-packages/airflow/example_dags/tutorial_taskflow_api_virtualenv.py
[2024-03-03T01:54:38.491+0530] {logging_mixin.py:188} INFO - [2024-03-03T01:54:38.491+0530] {dag.py:3047} INFO - Sync 1 DAGs
[2024-03-03T01:54:38.499+0530] {logging_mixin.py:188} INFO - [2024-03-03T01:54:38.499+0530] {dag.py:3834} INFO - Setting next_dagrun for tutorial_taskflow_api_virtualenv to None, run_after=None
[2024-03-03T01:54:38.680+0530] {processor.py:183} INFO - Processing /home/akranth/airflow/airflow_env/lib/python3.11/site-packages/airflow/example_dags/tutorial_taskflow_api_virtualenv.py took 0.211 seconds
[2024-03-03T01:55:48.249+0530] {processor.py:161} INFO - Started process (PID=7335) to work on /home/akranth/airflow/airflow_env/lib/python3.11/site-packages/airflow/example_dags/tutorial_taskflow_api_virtualenv.py
[2024-03-03T01:55:48.249+0530] {processor.py:830} INFO - Processing file /home/akranth/airflow/airflow_env/lib/python3.11/site-packages/airflow/example_dags/tutorial_taskflow_api_virtualenv.py for tasks to queue
[2024-03-03T01:55:48.250+0530] {logging_mixin.py:188} INFO - [2024-03-03T01:55:48.250+0530] {dagbag.py:540} INFO - Filling up the DagBag from /home/akranth/airflow/airflow_env/lib/python3.11/site-packages/airflow/example_dags/tutorial_taskflow_api_virtualenv.py
[2024-03-03T01:55:48.258+0530] {processor.py:840} INFO - DAG(s) 'tutorial_taskflow_api_virtualenv' retrieved from /home/akranth/airflow/airflow_env/lib/python3.11/site-packages/airflow/example_dags/tutorial_taskflow_api_virtualenv.py
[2024-03-03T01:55:48.269+0530] {logging_mixin.py:188} INFO - [2024-03-03T01:55:48.269+0530] {dag.py:3047} INFO - Sync 1 DAGs
[2024-03-03T01:55:48.277+0530] {logging_mixin.py:188} INFO - [2024-03-03T01:55:48.277+0530] {dag.py:3834} INFO - Setting next_dagrun for tutorial_taskflow_api_virtualenv to None, run_after=None
[2024-03-03T01:55:48.456+0530] {processor.py:183} INFO - Processing /home/akranth/airflow/airflow_env/lib/python3.11/site-packages/airflow/example_dags/tutorial_taskflow_api_virtualenv.py took 0.210 seconds
