[2024-03-03T01:48:51.420+0530] {processor.py:161} INFO - Started process (PID=6594) to work on /home/akranth/airflow/airflow_env/lib/python3.11/site-packages/airflow/example_dags/tutorial_dag.py
[2024-03-03T01:48:51.421+0530] {processor.py:830} INFO - Processing file /home/akranth/airflow/airflow_env/lib/python3.11/site-packages/airflow/example_dags/tutorial_dag.py for tasks to queue
[2024-03-03T01:48:51.422+0530] {logging_mixin.py:188} INFO - [2024-03-03T01:48:51.422+0530] {dagbag.py:540} INFO - Filling up the DagBag from /home/akranth/airflow/airflow_env/lib/python3.11/site-packages/airflow/example_dags/tutorial_dag.py
[2024-03-03T01:48:51.430+0530] {processor.py:840} INFO - DAG(s) 'tutorial_dag' retrieved from /home/akranth/airflow/airflow_env/lib/python3.11/site-packages/airflow/example_dags/tutorial_dag.py
[2024-03-03T01:48:51.593+0530] {logging_mixin.py:188} INFO - [2024-03-03T01:48:51.592+0530] {dag.py:3047} INFO - Sync 1 DAGs
[2024-03-03T01:48:51.601+0530] {logging_mixin.py:188} INFO - [2024-03-03T01:48:51.600+0530] {dag.py:3834} INFO - Setting next_dagrun for tutorial_dag to None, run_after=None
[2024-03-03T01:48:51.778+0530] {processor.py:183} INFO - Processing /home/akranth/airflow/airflow_env/lib/python3.11/site-packages/airflow/example_dags/tutorial_dag.py took 0.360 seconds
[2024-03-03T01:49:55.196+0530] {processor.py:161} INFO - Started process (PID=6770) to work on /home/akranth/airflow/airflow_env/lib/python3.11/site-packages/airflow/example_dags/tutorial_dag.py
[2024-03-03T01:49:55.197+0530] {processor.py:830} INFO - Processing file /home/akranth/airflow/airflow_env/lib/python3.11/site-packages/airflow/example_dags/tutorial_dag.py for tasks to queue
[2024-03-03T01:49:55.197+0530] {logging_mixin.py:188} INFO - [2024-03-03T01:49:55.197+0530] {dagbag.py:540} INFO - Filling up the DagBag from /home/akranth/airflow/airflow_env/lib/python3.11/site-packages/airflow/example_dags/tutorial_dag.py
[2024-03-03T01:49:55.202+0530] {processor.py:840} INFO - DAG(s) 'tutorial_dag' retrieved from /home/akranth/airflow/airflow_env/lib/python3.11/site-packages/airflow/example_dags/tutorial_dag.py
[2024-03-03T01:49:55.216+0530] {logging_mixin.py:188} INFO - [2024-03-03T01:49:55.216+0530] {dag.py:3047} INFO - Sync 1 DAGs
[2024-03-03T01:49:55.302+0530] {logging_mixin.py:188} INFO - [2024-03-03T01:49:55.302+0530] {dag.py:3834} INFO - Setting next_dagrun for tutorial_dag to None, run_after=None
[2024-03-03T01:49:55.481+0530] {processor.py:183} INFO - Processing /home/akranth/airflow/airflow_env/lib/python3.11/site-packages/airflow/example_dags/tutorial_dag.py took 0.288 seconds
[2024-03-03T01:50:59.685+0530] {processor.py:161} INFO - Started process (PID=6929) to work on /home/akranth/airflow/airflow_env/lib/python3.11/site-packages/airflow/example_dags/tutorial_dag.py
[2024-03-03T01:50:59.686+0530] {processor.py:830} INFO - Processing file /home/akranth/airflow/airflow_env/lib/python3.11/site-packages/airflow/example_dags/tutorial_dag.py for tasks to queue
[2024-03-03T01:50:59.686+0530] {logging_mixin.py:188} INFO - [2024-03-03T01:50:59.686+0530] {dagbag.py:540} INFO - Filling up the DagBag from /home/akranth/airflow/airflow_env/lib/python3.11/site-packages/airflow/example_dags/tutorial_dag.py
[2024-03-03T01:50:59.691+0530] {processor.py:840} INFO - DAG(s) 'tutorial_dag' retrieved from /home/akranth/airflow/airflow_env/lib/python3.11/site-packages/airflow/example_dags/tutorial_dag.py
[2024-03-03T01:50:59.702+0530] {logging_mixin.py:188} INFO - [2024-03-03T01:50:59.702+0530] {dag.py:3047} INFO - Sync 1 DAGs
[2024-03-03T01:50:59.711+0530] {logging_mixin.py:188} INFO - [2024-03-03T01:50:59.710+0530] {dag.py:3834} INFO - Setting next_dagrun for tutorial_dag to None, run_after=None
[2024-03-03T01:50:59.873+0530] {processor.py:183} INFO - Processing /home/akranth/airflow/airflow_env/lib/python3.11/site-packages/airflow/example_dags/tutorial_dag.py took 0.191 seconds
[2024-03-03T01:52:02.425+0530] {processor.py:161} INFO - Started process (PID=7049) to work on /home/akranth/airflow/airflow_env/lib/python3.11/site-packages/airflow/example_dags/tutorial_dag.py
[2024-03-03T01:52:02.443+0530] {processor.py:830} INFO - Processing file /home/akranth/airflow/airflow_env/lib/python3.11/site-packages/airflow/example_dags/tutorial_dag.py for tasks to queue
[2024-03-03T01:52:02.444+0530] {logging_mixin.py:188} INFO - [2024-03-03T01:52:02.443+0530] {dagbag.py:540} INFO - Filling up the DagBag from /home/akranth/airflow/airflow_env/lib/python3.11/site-packages/airflow/example_dags/tutorial_dag.py
[2024-03-03T01:52:02.450+0530] {processor.py:840} INFO - DAG(s) 'tutorial_dag' retrieved from /home/akranth/airflow/airflow_env/lib/python3.11/site-packages/airflow/example_dags/tutorial_dag.py
[2024-03-03T01:52:02.465+0530] {logging_mixin.py:188} INFO - [2024-03-03T01:52:02.465+0530] {dag.py:3047} INFO - Sync 1 DAGs
[2024-03-03T01:52:02.476+0530] {logging_mixin.py:188} INFO - [2024-03-03T01:52:02.476+0530] {dag.py:3834} INFO - Setting next_dagrun for tutorial_dag to None, run_after=None
[2024-03-03T01:52:02.696+0530] {processor.py:183} INFO - Processing /home/akranth/airflow/airflow_env/lib/python3.11/site-packages/airflow/example_dags/tutorial_dag.py took 0.278 seconds
[2024-03-03T01:53:04.788+0530] {processor.py:161} INFO - Started process (PID=7166) to work on /home/akranth/airflow/airflow_env/lib/python3.11/site-packages/airflow/example_dags/tutorial_dag.py
[2024-03-03T01:53:04.869+0530] {processor.py:830} INFO - Processing file /home/akranth/airflow/airflow_env/lib/python3.11/site-packages/airflow/example_dags/tutorial_dag.py for tasks to queue
[2024-03-03T01:53:04.871+0530] {logging_mixin.py:188} INFO - [2024-03-03T01:53:04.871+0530] {dagbag.py:540} INFO - Filling up the DagBag from /home/akranth/airflow/airflow_env/lib/python3.11/site-packages/airflow/example_dags/tutorial_dag.py
[2024-03-03T01:53:04.884+0530] {processor.py:840} INFO - DAG(s) 'tutorial_dag' retrieved from /home/akranth/airflow/airflow_env/lib/python3.11/site-packages/airflow/example_dags/tutorial_dag.py
[2024-03-03T01:53:04.910+0530] {logging_mixin.py:188} INFO - [2024-03-03T01:53:04.910+0530] {dag.py:3047} INFO - Sync 1 DAGs
[2024-03-03T01:53:04.922+0530] {logging_mixin.py:188} INFO - [2024-03-03T01:53:04.922+0530] {dag.py:3834} INFO - Setting next_dagrun for tutorial_dag to None, run_after=None
[2024-03-03T01:53:05.036+0530] {processor.py:183} INFO - Processing /home/akranth/airflow/airflow_env/lib/python3.11/site-packages/airflow/example_dags/tutorial_dag.py took 0.252 seconds
[2024-03-03T01:54:19.363+0530] {processor.py:161} INFO - Started process (PID=7243) to work on /home/akranth/airflow/airflow_env/lib/python3.11/site-packages/airflow/example_dags/tutorial_dag.py
[2024-03-03T01:54:19.437+0530] {processor.py:830} INFO - Processing file /home/akranth/airflow/airflow_env/lib/python3.11/site-packages/airflow/example_dags/tutorial_dag.py for tasks to queue
[2024-03-03T01:54:19.438+0530] {logging_mixin.py:188} INFO - [2024-03-03T01:54:19.438+0530] {dagbag.py:540} INFO - Filling up the DagBag from /home/akranth/airflow/airflow_env/lib/python3.11/site-packages/airflow/example_dags/tutorial_dag.py
[2024-03-03T01:54:19.441+0530] {processor.py:840} INFO - DAG(s) 'tutorial_dag' retrieved from /home/akranth/airflow/airflow_env/lib/python3.11/site-packages/airflow/example_dags/tutorial_dag.py
[2024-03-03T01:54:19.453+0530] {logging_mixin.py:188} INFO - [2024-03-03T01:54:19.453+0530] {dag.py:3047} INFO - Sync 1 DAGs
[2024-03-03T01:54:19.461+0530] {logging_mixin.py:188} INFO - [2024-03-03T01:54:19.461+0530] {dag.py:3834} INFO - Setting next_dagrun for tutorial_dag to None, run_after=None
[2024-03-03T01:54:19.562+0530] {processor.py:183} INFO - Processing /home/akranth/airflow/airflow_env/lib/python3.11/site-packages/airflow/example_dags/tutorial_dag.py took 0.201 seconds
[2024-03-03T01:55:29.179+0530] {processor.py:161} INFO - Started process (PID=7309) to work on /home/akranth/airflow/airflow_env/lib/python3.11/site-packages/airflow/example_dags/tutorial_dag.py
[2024-03-03T01:55:29.266+0530] {processor.py:830} INFO - Processing file /home/akranth/airflow/airflow_env/lib/python3.11/site-packages/airflow/example_dags/tutorial_dag.py for tasks to queue
[2024-03-03T01:55:29.267+0530] {logging_mixin.py:188} INFO - [2024-03-03T01:55:29.267+0530] {dagbag.py:540} INFO - Filling up the DagBag from /home/akranth/airflow/airflow_env/lib/python3.11/site-packages/airflow/example_dags/tutorial_dag.py
[2024-03-03T01:55:29.271+0530] {processor.py:840} INFO - DAG(s) 'tutorial_dag' retrieved from /home/akranth/airflow/airflow_env/lib/python3.11/site-packages/airflow/example_dags/tutorial_dag.py
[2024-03-03T01:55:29.286+0530] {logging_mixin.py:188} INFO - [2024-03-03T01:55:29.286+0530] {dag.py:3047} INFO - Sync 1 DAGs
[2024-03-03T01:55:29.297+0530] {logging_mixin.py:188} INFO - [2024-03-03T01:55:29.297+0530] {dag.py:3834} INFO - Setting next_dagrun for tutorial_dag to None, run_after=None
[2024-03-03T01:55:29.402+0530] {processor.py:183} INFO - Processing /home/akranth/airflow/airflow_env/lib/python3.11/site-packages/airflow/example_dags/tutorial_dag.py took 0.225 seconds
