[2024-03-03T01:48:53.964+0530] {processor.py:161} INFO - Started process (PID=6596) to work on /home/akranth/airflow/airflow_env/lib/python3.11/site-packages/airflow/example_dags/tutorial.py
[2024-03-03T01:48:53.964+0530] {processor.py:830} INFO - Processing file /home/akranth/airflow/airflow_env/lib/python3.11/site-packages/airflow/example_dags/tutorial.py for tasks to queue
[2024-03-03T01:48:53.965+0530] {logging_mixin.py:188} INFO - [2024-03-03T01:48:53.965+0530] {dagbag.py:540} INFO - Filling up the DagBag from /home/akranth/airflow/airflow_env/lib/python3.11/site-packages/airflow/example_dags/tutorial.py
[2024-03-03T01:48:53.973+0530] {processor.py:840} INFO - DAG(s) 'tutorial' retrieved from /home/akranth/airflow/airflow_env/lib/python3.11/site-packages/airflow/example_dags/tutorial.py
[2024-03-03T01:48:54.144+0530] {logging_mixin.py:188} INFO - [2024-03-03T01:48:54.144+0530] {dag.py:3047} INFO - Sync 1 DAGs
[2024-03-03T01:48:54.157+0530] {logging_mixin.py:188} INFO - [2024-03-03T01:48:54.157+0530] {dag.py:3834} INFO - Setting next_dagrun for tutorial to 2024-03-01 00:00:00+00:00, run_after=2024-03-02 00:00:00+00:00
[2024-03-03T01:48:54.347+0530] {processor.py:183} INFO - Processing /home/akranth/airflow/airflow_env/lib/python3.11/site-packages/airflow/example_dags/tutorial.py took 0.387 seconds
[2024-03-03T01:50:01.063+0530] {processor.py:161} INFO - Started process (PID=6775) to work on /home/akranth/airflow/airflow_env/lib/python3.11/site-packages/airflow/example_dags/tutorial.py
[2024-03-03T01:50:01.064+0530] {processor.py:830} INFO - Processing file /home/akranth/airflow/airflow_env/lib/python3.11/site-packages/airflow/example_dags/tutorial.py for tasks to queue
[2024-03-03T01:50:01.064+0530] {logging_mixin.py:188} INFO - [2024-03-03T01:50:01.064+0530] {dagbag.py:540} INFO - Filling up the DagBag from /home/akranth/airflow/airflow_env/lib/python3.11/site-packages/airflow/example_dags/tutorial.py
[2024-03-03T01:50:01.069+0530] {processor.py:840} INFO - DAG(s) 'tutorial' retrieved from /home/akranth/airflow/airflow_env/lib/python3.11/site-packages/airflow/example_dags/tutorial.py
[2024-03-03T01:50:01.157+0530] {logging_mixin.py:188} INFO - [2024-03-03T01:50:01.157+0530] {dag.py:3047} INFO - Sync 1 DAGs
[2024-03-03T01:50:01.170+0530] {logging_mixin.py:188} INFO - [2024-03-03T01:50:01.170+0530] {dag.py:3834} INFO - Setting next_dagrun for tutorial to 2024-03-01 00:00:00+00:00, run_after=2024-03-02 00:00:00+00:00
[2024-03-03T01:50:01.365+0530] {processor.py:183} INFO - Processing /home/akranth/airflow/airflow_env/lib/python3.11/site-packages/airflow/example_dags/tutorial.py took 0.304 seconds
[2024-03-03T01:51:06.139+0530] {processor.py:161} INFO - Started process (PID=6977) to work on /home/akranth/airflow/airflow_env/lib/python3.11/site-packages/airflow/example_dags/tutorial.py
[2024-03-03T01:51:06.146+0530] {processor.py:830} INFO - Processing file /home/akranth/airflow/airflow_env/lib/python3.11/site-packages/airflow/example_dags/tutorial.py for tasks to queue
[2024-03-03T01:51:06.148+0530] {logging_mixin.py:188} INFO - [2024-03-03T01:51:06.147+0530] {dagbag.py:540} INFO - Filling up the DagBag from /home/akranth/airflow/airflow_env/lib/python3.11/site-packages/airflow/example_dags/tutorial.py
[2024-03-03T01:51:06.162+0530] {processor.py:840} INFO - DAG(s) 'tutorial' retrieved from /home/akranth/airflow/airflow_env/lib/python3.11/site-packages/airflow/example_dags/tutorial.py
[2024-03-03T01:51:06.179+0530] {logging_mixin.py:188} INFO - [2024-03-03T01:51:06.179+0530] {dag.py:3047} INFO - Sync 1 DAGs
[2024-03-03T01:51:06.213+0530] {logging_mixin.py:188} INFO - [2024-03-03T01:51:06.213+0530] {dag.py:3834} INFO - Setting next_dagrun for tutorial to 2024-03-01 00:00:00+00:00, run_after=2024-03-02 00:00:00+00:00
[2024-03-03T01:51:06.372+0530] {processor.py:183} INFO - Processing /home/akranth/airflow/airflow_env/lib/python3.11/site-packages/airflow/example_dags/tutorial.py took 0.240 seconds
[2024-03-03T01:52:10.945+0530] {processor.py:161} INFO - Started process (PID=7101) to work on /home/akranth/airflow/airflow_env/lib/python3.11/site-packages/airflow/example_dags/tutorial.py
[2024-03-03T01:52:11.021+0530] {processor.py:830} INFO - Processing file /home/akranth/airflow/airflow_env/lib/python3.11/site-packages/airflow/example_dags/tutorial.py for tasks to queue
[2024-03-03T01:52:11.023+0530] {logging_mixin.py:188} INFO - [2024-03-03T01:52:11.023+0530] {dagbag.py:540} INFO - Filling up the DagBag from /home/akranth/airflow/airflow_env/lib/python3.11/site-packages/airflow/example_dags/tutorial.py
[2024-03-03T01:52:11.039+0530] {processor.py:840} INFO - DAG(s) 'tutorial' retrieved from /home/akranth/airflow/airflow_env/lib/python3.11/site-packages/airflow/example_dags/tutorial.py
[2024-03-03T01:52:11.063+0530] {logging_mixin.py:188} INFO - [2024-03-03T01:52:11.063+0530] {dag.py:3047} INFO - Sync 1 DAGs
[2024-03-03T01:52:11.080+0530] {logging_mixin.py:188} INFO - [2024-03-03T01:52:11.080+0530] {dag.py:3834} INFO - Setting next_dagrun for tutorial to 2024-03-01 00:00:00+00:00, run_after=2024-03-02 00:00:00+00:00
[2024-03-03T01:52:11.191+0530] {processor.py:183} INFO - Processing /home/akranth/airflow/airflow_env/lib/python3.11/site-packages/airflow/example_dags/tutorial.py took 0.252 seconds
[2024-03-03T01:53:18.863+0530] {processor.py:161} INFO - Started process (PID=7190) to work on /home/akranth/airflow/airflow_env/lib/python3.11/site-packages/airflow/example_dags/tutorial.py
[2024-03-03T01:53:18.879+0530] {processor.py:830} INFO - Processing file /home/akranth/airflow/airflow_env/lib/python3.11/site-packages/airflow/example_dags/tutorial.py for tasks to queue
[2024-03-03T01:53:18.880+0530] {logging_mixin.py:188} INFO - [2024-03-03T01:53:18.880+0530] {dagbag.py:540} INFO - Filling up the DagBag from /home/akranth/airflow/airflow_env/lib/python3.11/site-packages/airflow/example_dags/tutorial.py
[2024-03-03T01:53:18.890+0530] {processor.py:840} INFO - DAG(s) 'tutorial' retrieved from /home/akranth/airflow/airflow_env/lib/python3.11/site-packages/airflow/example_dags/tutorial.py
[2024-03-03T01:53:19.101+0530] {logging_mixin.py:188} INFO - [2024-03-03T01:53:19.100+0530] {dag.py:3047} INFO - Sync 1 DAGs
[2024-03-03T01:53:19.206+0530] {logging_mixin.py:188} INFO - [2024-03-03T01:53:19.206+0530] {dag.py:3834} INFO - Setting next_dagrun for tutorial to 2024-03-01 00:00:00+00:00, run_after=2024-03-02 00:00:00+00:00
[2024-03-03T01:53:19.355+0530] {processor.py:183} INFO - Processing /home/akranth/airflow/airflow_env/lib/python3.11/site-packages/airflow/example_dags/tutorial.py took 0.498 seconds
[2024-03-03T01:54:29.067+0530] {processor.py:161} INFO - Started process (PID=7258) to work on /home/akranth/airflow/airflow_env/lib/python3.11/site-packages/airflow/example_dags/tutorial.py
[2024-03-03T01:54:29.147+0530] {processor.py:830} INFO - Processing file /home/akranth/airflow/airflow_env/lib/python3.11/site-packages/airflow/example_dags/tutorial.py for tasks to queue
[2024-03-03T01:54:29.150+0530] {logging_mixin.py:188} INFO - [2024-03-03T01:54:29.149+0530] {dagbag.py:540} INFO - Filling up the DagBag from /home/akranth/airflow/airflow_env/lib/python3.11/site-packages/airflow/example_dags/tutorial.py
[2024-03-03T01:54:29.166+0530] {processor.py:840} INFO - DAG(s) 'tutorial' retrieved from /home/akranth/airflow/airflow_env/lib/python3.11/site-packages/airflow/example_dags/tutorial.py
[2024-03-03T01:54:29.190+0530] {logging_mixin.py:188} INFO - [2024-03-03T01:54:29.190+0530] {dag.py:3047} INFO - Sync 1 DAGs
[2024-03-03T01:54:29.207+0530] {logging_mixin.py:188} INFO - [2024-03-03T01:54:29.207+0530] {dag.py:3834} INFO - Setting next_dagrun for tutorial to 2024-03-01 00:00:00+00:00, run_after=2024-03-02 00:00:00+00:00
[2024-03-03T01:54:29.324+0530] {processor.py:183} INFO - Processing /home/akranth/airflow/airflow_env/lib/python3.11/site-packages/airflow/example_dags/tutorial.py took 0.263 seconds
[2024-03-03T01:55:38.179+0530] {processor.py:161} INFO - Started process (PID=7327) to work on /home/akranth/airflow/airflow_env/lib/python3.11/site-packages/airflow/example_dags/tutorial.py
[2024-03-03T01:55:38.262+0530] {processor.py:830} INFO - Processing file /home/akranth/airflow/airflow_env/lib/python3.11/site-packages/airflow/example_dags/tutorial.py for tasks to queue
[2024-03-03T01:55:38.265+0530] {logging_mixin.py:188} INFO - [2024-03-03T01:55:38.264+0530] {dagbag.py:540} INFO - Filling up the DagBag from /home/akranth/airflow/airflow_env/lib/python3.11/site-packages/airflow/example_dags/tutorial.py
[2024-03-03T01:55:38.272+0530] {processor.py:840} INFO - DAG(s) 'tutorial' retrieved from /home/akranth/airflow/airflow_env/lib/python3.11/site-packages/airflow/example_dags/tutorial.py
[2024-03-03T01:55:38.282+0530] {logging_mixin.py:188} INFO - [2024-03-03T01:55:38.282+0530] {dag.py:3047} INFO - Sync 1 DAGs
[2024-03-03T01:55:38.297+0530] {logging_mixin.py:188} INFO - [2024-03-03T01:55:38.297+0530] {dag.py:3834} INFO - Setting next_dagrun for tutorial to 2024-03-01 00:00:00+00:00, run_after=2024-03-02 00:00:00+00:00
[2024-03-03T01:55:38.403+0530] {processor.py:183} INFO - Processing /home/akranth/airflow/airflow_env/lib/python3.11/site-packages/airflow/example_dags/tutorial.py took 0.225 seconds
