[2024-03-03T01:48:43.489+0530] {processor.py:161} INFO - Started process (PID=6588) to work on /home/akranth/airflow/airflow_env/lib/python3.11/site-packages/airflow/example_dags/tutorial_objectstorage.py
[2024-03-03T01:48:43.490+0530] {processor.py:830} INFO - Processing file /home/akranth/airflow/airflow_env/lib/python3.11/site-packages/airflow/example_dags/tutorial_objectstorage.py for tasks to queue
[2024-03-03T01:48:43.491+0530] {logging_mixin.py:188} INFO - [2024-03-03T01:48:43.490+0530] {dagbag.py:540} INFO - Filling up the DagBag from /home/akranth/airflow/airflow_env/lib/python3.11/site-packages/airflow/example_dags/tutorial_objectstorage.py
[2024-03-03T01:48:43.497+0530] {processor.py:840} INFO - DAG(s) 'tutorial_objectstorage' retrieved from /home/akranth/airflow/airflow_env/lib/python3.11/site-packages/airflow/example_dags/tutorial_objectstorage.py
[2024-03-03T01:48:43.672+0530] {logging_mixin.py:188} INFO - [2024-03-03T01:48:43.672+0530] {dag.py:3047} INFO - Sync 1 DAGs
[2024-03-03T01:48:43.679+0530] {logging_mixin.py:188} INFO - [2024-03-03T01:48:43.679+0530] {dag.py:3834} INFO - Setting next_dagrun for tutorial_objectstorage to None, run_after=None
[2024-03-03T01:48:43.863+0530] {processor.py:183} INFO - Processing /home/akranth/airflow/airflow_env/lib/python3.11/site-packages/airflow/example_dags/tutorial_objectstorage.py took 0.376 seconds
[2024-03-03T01:49:47.442+0530] {processor.py:161} INFO - Started process (PID=6760) to work on /home/akranth/airflow/airflow_env/lib/python3.11/site-packages/airflow/example_dags/tutorial_objectstorage.py
[2024-03-03T01:49:47.443+0530] {processor.py:830} INFO - Processing file /home/akranth/airflow/airflow_env/lib/python3.11/site-packages/airflow/example_dags/tutorial_objectstorage.py for tasks to queue
[2024-03-03T01:49:47.444+0530] {logging_mixin.py:188} INFO - [2024-03-03T01:49:47.444+0530] {dagbag.py:540} INFO - Filling up the DagBag from /home/akranth/airflow/airflow_env/lib/python3.11/site-packages/airflow/example_dags/tutorial_objectstorage.py
[2024-03-03T01:49:47.453+0530] {processor.py:840} INFO - DAG(s) 'tutorial_objectstorage' retrieved from /home/akranth/airflow/airflow_env/lib/python3.11/site-packages/airflow/example_dags/tutorial_objectstorage.py
[2024-03-03T01:49:47.470+0530] {logging_mixin.py:188} INFO - [2024-03-03T01:49:47.470+0530] {dag.py:3047} INFO - Sync 1 DAGs
[2024-03-03T01:49:47.567+0530] {logging_mixin.py:188} INFO - [2024-03-03T01:49:47.567+0530] {dag.py:3834} INFO - Setting next_dagrun for tutorial_objectstorage to None, run_after=None
[2024-03-03T01:49:47.678+0530] {processor.py:183} INFO - Processing /home/akranth/airflow/airflow_env/lib/python3.11/site-packages/airflow/example_dags/tutorial_objectstorage.py took 0.240 seconds
[2024-03-03T01:50:52.571+0530] {processor.py:161} INFO - Started process (PID=6922) to work on /home/akranth/airflow/airflow_env/lib/python3.11/site-packages/airflow/example_dags/tutorial_objectstorage.py
[2024-03-03T01:50:52.573+0530] {processor.py:830} INFO - Processing file /home/akranth/airflow/airflow_env/lib/python3.11/site-packages/airflow/example_dags/tutorial_objectstorage.py for tasks to queue
[2024-03-03T01:50:52.575+0530] {logging_mixin.py:188} INFO - [2024-03-03T01:50:52.574+0530] {dagbag.py:540} INFO - Filling up the DagBag from /home/akranth/airflow/airflow_env/lib/python3.11/site-packages/airflow/example_dags/tutorial_objectstorage.py
[2024-03-03T01:50:52.588+0530] {processor.py:840} INFO - DAG(s) 'tutorial_objectstorage' retrieved from /home/akranth/airflow/airflow_env/lib/python3.11/site-packages/airflow/example_dags/tutorial_objectstorage.py
[2024-03-03T01:50:52.604+0530] {logging_mixin.py:188} INFO - [2024-03-03T01:50:52.604+0530] {dag.py:3047} INFO - Sync 1 DAGs
[2024-03-03T01:50:52.613+0530] {logging_mixin.py:188} INFO - [2024-03-03T01:50:52.613+0530] {dag.py:3834} INFO - Setting next_dagrun for tutorial_objectstorage to None, run_after=None
[2024-03-03T01:50:52.724+0530] {processor.py:183} INFO - Processing /home/akranth/airflow/airflow_env/lib/python3.11/site-packages/airflow/example_dags/tutorial_objectstorage.py took 0.160 seconds
[2024-03-03T01:51:55.615+0530] {processor.py:161} INFO - Started process (PID=7028) to work on /home/akranth/airflow/airflow_env/lib/python3.11/site-packages/airflow/example_dags/tutorial_objectstorage.py
[2024-03-03T01:51:55.617+0530] {processor.py:830} INFO - Processing file /home/akranth/airflow/airflow_env/lib/python3.11/site-packages/airflow/example_dags/tutorial_objectstorage.py for tasks to queue
[2024-03-03T01:51:55.620+0530] {logging_mixin.py:188} INFO - [2024-03-03T01:51:55.619+0530] {dagbag.py:540} INFO - Filling up the DagBag from /home/akranth/airflow/airflow_env/lib/python3.11/site-packages/airflow/example_dags/tutorial_objectstorage.py
[2024-03-03T01:51:55.632+0530] {processor.py:840} INFO - DAG(s) 'tutorial_objectstorage' retrieved from /home/akranth/airflow/airflow_env/lib/python3.11/site-packages/airflow/example_dags/tutorial_objectstorage.py
[2024-03-03T01:51:55.648+0530] {logging_mixin.py:188} INFO - [2024-03-03T01:51:55.647+0530] {dag.py:3047} INFO - Sync 1 DAGs
[2024-03-03T01:51:55.658+0530] {logging_mixin.py:188} INFO - [2024-03-03T01:51:55.657+0530] {dag.py:3834} INFO - Setting next_dagrun for tutorial_objectstorage to None, run_after=None
[2024-03-03T01:51:55.848+0530] {processor.py:183} INFO - Processing /home/akranth/airflow/airflow_env/lib/python3.11/site-packages/airflow/example_dags/tutorial_objectstorage.py took 0.239 seconds
[2024-03-03T01:52:57.851+0530] {processor.py:161} INFO - Started process (PID=7158) to work on /home/akranth/airflow/airflow_env/lib/python3.11/site-packages/airflow/example_dags/tutorial_objectstorage.py
[2024-03-03T01:52:57.861+0530] {processor.py:830} INFO - Processing file /home/akranth/airflow/airflow_env/lib/python3.11/site-packages/airflow/example_dags/tutorial_objectstorage.py for tasks to queue
[2024-03-03T01:52:57.864+0530] {logging_mixin.py:188} INFO - [2024-03-03T01:52:57.863+0530] {dagbag.py:540} INFO - Filling up the DagBag from /home/akranth/airflow/airflow_env/lib/python3.11/site-packages/airflow/example_dags/tutorial_objectstorage.py
[2024-03-03T01:52:57.881+0530] {processor.py:840} INFO - DAG(s) 'tutorial_objectstorage' retrieved from /home/akranth/airflow/airflow_env/lib/python3.11/site-packages/airflow/example_dags/tutorial_objectstorage.py
[2024-03-03T01:52:57.901+0530] {logging_mixin.py:188} INFO - [2024-03-03T01:52:57.901+0530] {dag.py:3047} INFO - Sync 1 DAGs
[2024-03-03T01:52:57.911+0530] {logging_mixin.py:188} INFO - [2024-03-03T01:52:57.911+0530] {dag.py:3834} INFO - Setting next_dagrun for tutorial_objectstorage to None, run_after=None
[2024-03-03T01:52:58.029+0530] {processor.py:183} INFO - Processing /home/akranth/airflow/airflow_env/lib/python3.11/site-packages/airflow/example_dags/tutorial_objectstorage.py took 0.180 seconds
[2024-03-03T01:54:12.604+0530] {processor.py:161} INFO - Started process (PID=7236) to work on /home/akranth/airflow/airflow_env/lib/python3.11/site-packages/airflow/example_dags/tutorial_objectstorage.py
[2024-03-03T01:54:12.605+0530] {processor.py:830} INFO - Processing file /home/akranth/airflow/airflow_env/lib/python3.11/site-packages/airflow/example_dags/tutorial_objectstorage.py for tasks to queue
[2024-03-03T01:54:12.605+0530] {logging_mixin.py:188} INFO - [2024-03-03T01:54:12.605+0530] {dagbag.py:540} INFO - Filling up the DagBag from /home/akranth/airflow/airflow_env/lib/python3.11/site-packages/airflow/example_dags/tutorial_objectstorage.py
[2024-03-03T01:54:12.610+0530] {processor.py:840} INFO - DAG(s) 'tutorial_objectstorage' retrieved from /home/akranth/airflow/airflow_env/lib/python3.11/site-packages/airflow/example_dags/tutorial_objectstorage.py
[2024-03-03T01:54:12.621+0530] {logging_mixin.py:188} INFO - [2024-03-03T01:54:12.621+0530] {dag.py:3047} INFO - Sync 1 DAGs
[2024-03-03T01:54:12.629+0530] {logging_mixin.py:188} INFO - [2024-03-03T01:54:12.628+0530] {dag.py:3834} INFO - Setting next_dagrun for tutorial_objectstorage to None, run_after=None
[2024-03-03T01:54:12.849+0530] {processor.py:183} INFO - Processing /home/akranth/airflow/airflow_env/lib/python3.11/site-packages/airflow/example_dags/tutorial_objectstorage.py took 0.247 seconds
[2024-03-03T01:55:21.307+0530] {processor.py:161} INFO - Started process (PID=7300) to work on /home/akranth/airflow/airflow_env/lib/python3.11/site-packages/airflow/example_dags/tutorial_objectstorage.py
[2024-03-03T01:55:21.308+0530] {processor.py:830} INFO - Processing file /home/akranth/airflow/airflow_env/lib/python3.11/site-packages/airflow/example_dags/tutorial_objectstorage.py for tasks to queue
[2024-03-03T01:55:21.309+0530] {logging_mixin.py:188} INFO - [2024-03-03T01:55:21.308+0530] {dagbag.py:540} INFO - Filling up the DagBag from /home/akranth/airflow/airflow_env/lib/python3.11/site-packages/airflow/example_dags/tutorial_objectstorage.py
[2024-03-03T01:55:21.314+0530] {processor.py:840} INFO - DAG(s) 'tutorial_objectstorage' retrieved from /home/akranth/airflow/airflow_env/lib/python3.11/site-packages/airflow/example_dags/tutorial_objectstorage.py
[2024-03-03T01:55:21.324+0530] {logging_mixin.py:188} INFO - [2024-03-03T01:55:21.324+0530] {dag.py:3047} INFO - Sync 1 DAGs
[2024-03-03T01:55:21.333+0530] {logging_mixin.py:188} INFO - [2024-03-03T01:55:21.332+0530] {dag.py:3834} INFO - Setting next_dagrun for tutorial_objectstorage to None, run_after=None
[2024-03-03T01:55:21.526+0530] {processor.py:183} INFO - Processing /home/akranth/airflow/airflow_env/lib/python3.11/site-packages/airflow/example_dags/tutorial_objectstorage.py took 0.220 seconds
