[2024-03-01T16:17:53.497+0530] {processor.py:161} INFO - Started process (PID=7051) to work on /home/akranth/airflow/airflow_env/lib/python3.11/site-packages/airflow/example_dags/subdags/subdag.py
[2024-03-01T16:17:53.499+0530] {processor.py:830} INFO - Processing file /home/akranth/airflow/airflow_env/lib/python3.11/site-packages/airflow/example_dags/subdags/subdag.py for tasks to queue
[2024-03-01T16:17:53.501+0530] {logging_mixin.py:188} INFO - [2024-03-01T16:17:53.500+0530] {dagbag.py:540} INFO - Filling up the DagBag from /home/akranth/airflow/airflow_env/lib/python3.11/site-packages/airflow/example_dags/subdags/subdag.py
[2024-03-01T16:17:53.506+0530] {processor.py:842} WARNING - No viable dags retrieved from /home/akranth/airflow/airflow_env/lib/python3.11/site-packages/airflow/example_dags/subdags/subdag.py
[2024-03-01T16:17:53.524+0530] {processor.py:183} INFO - Processing /home/akranth/airflow/airflow_env/lib/python3.11/site-packages/airflow/example_dags/subdags/subdag.py took 0.033 seconds
[2024-03-01T16:19:03.352+0530] {processor.py:161} INFO - Started process (PID=7175) to work on /home/akranth/airflow/airflow_env/lib/python3.11/site-packages/airflow/example_dags/subdags/subdag.py
[2024-03-01T16:19:03.354+0530] {processor.py:830} INFO - Processing file /home/akranth/airflow/airflow_env/lib/python3.11/site-packages/airflow/example_dags/subdags/subdag.py for tasks to queue
[2024-03-01T16:19:03.356+0530] {logging_mixin.py:188} INFO - [2024-03-01T16:19:03.356+0530] {dagbag.py:540} INFO - Filling up the DagBag from /home/akranth/airflow/airflow_env/lib/python3.11/site-packages/airflow/example_dags/subdags/subdag.py
[2024-03-01T16:19:03.361+0530] {processor.py:842} WARNING - No viable dags retrieved from /home/akranth/airflow/airflow_env/lib/python3.11/site-packages/airflow/example_dags/subdags/subdag.py
[2024-03-01T16:19:03.378+0530] {processor.py:183} INFO - Processing /home/akranth/airflow/airflow_env/lib/python3.11/site-packages/airflow/example_dags/subdags/subdag.py took 0.032 seconds
[2024-03-01T16:19:42.030+0530] {processor.py:161} INFO - Started process (PID=7216) to work on /home/akranth/airflow/airflow_env/lib/python3.11/site-packages/airflow/example_dags/subdags/subdag.py
[2024-03-01T16:19:42.030+0530] {processor.py:830} INFO - Processing file /home/akranth/airflow/airflow_env/lib/python3.11/site-packages/airflow/example_dags/subdags/subdag.py for tasks to queue
[2024-03-01T16:19:42.031+0530] {logging_mixin.py:188} INFO - [2024-03-01T16:19:42.031+0530] {dagbag.py:540} INFO - Filling up the DagBag from /home/akranth/airflow/airflow_env/lib/python3.11/site-packages/airflow/example_dags/subdags/subdag.py
[2024-03-01T16:19:42.033+0530] {processor.py:842} WARNING - No viable dags retrieved from /home/akranth/airflow/airflow_env/lib/python3.11/site-packages/airflow/example_dags/subdags/subdag.py
[2024-03-01T16:19:42.044+0530] {processor.py:183} INFO - Processing /home/akranth/airflow/airflow_env/lib/python3.11/site-packages/airflow/example_dags/subdags/subdag.py took 0.017 seconds
[2024-03-01T16:20:43.350+0530] {processor.py:161} INFO - Started process (PID=7375) to work on /home/akranth/airflow/airflow_env/lib/python3.11/site-packages/airflow/example_dags/subdags/subdag.py
[2024-03-01T16:20:43.350+0530] {processor.py:830} INFO - Processing file /home/akranth/airflow/airflow_env/lib/python3.11/site-packages/airflow/example_dags/subdags/subdag.py for tasks to queue
[2024-03-01T16:20:43.351+0530] {logging_mixin.py:188} INFO - [2024-03-01T16:20:43.351+0530] {dagbag.py:540} INFO - Filling up the DagBag from /home/akranth/airflow/airflow_env/lib/python3.11/site-packages/airflow/example_dags/subdags/subdag.py
[2024-03-01T16:20:43.353+0530] {processor.py:842} WARNING - No viable dags retrieved from /home/akranth/airflow/airflow_env/lib/python3.11/site-packages/airflow/example_dags/subdags/subdag.py
[2024-03-01T16:20:43.363+0530] {processor.py:183} INFO - Processing /home/akranth/airflow/airflow_env/lib/python3.11/site-packages/airflow/example_dags/subdags/subdag.py took 0.015 seconds
[2024-03-01T16:21:42.685+0530] {processor.py:161} INFO - Started process (PID=7441) to work on /home/akranth/airflow/airflow_env/lib/python3.11/site-packages/airflow/example_dags/subdags/subdag.py
[2024-03-01T16:21:42.685+0530] {processor.py:830} INFO - Processing file /home/akranth/airflow/airflow_env/lib/python3.11/site-packages/airflow/example_dags/subdags/subdag.py for tasks to queue
[2024-03-01T16:21:42.686+0530] {logging_mixin.py:188} INFO - [2024-03-01T16:21:42.686+0530] {dagbag.py:540} INFO - Filling up the DagBag from /home/akranth/airflow/airflow_env/lib/python3.11/site-packages/airflow/example_dags/subdags/subdag.py
[2024-03-01T16:21:42.687+0530] {processor.py:842} WARNING - No viable dags retrieved from /home/akranth/airflow/airflow_env/lib/python3.11/site-packages/airflow/example_dags/subdags/subdag.py
[2024-03-01T16:21:42.698+0530] {processor.py:183} INFO - Processing /home/akranth/airflow/airflow_env/lib/python3.11/site-packages/airflow/example_dags/subdags/subdag.py took 0.015 seconds
[2024-03-01T16:22:43.550+0530] {processor.py:161} INFO - Started process (PID=7505) to work on /home/akranth/airflow/airflow_env/lib/python3.11/site-packages/airflow/example_dags/subdags/subdag.py
[2024-03-01T16:22:43.573+0530] {processor.py:830} INFO - Processing file /home/akranth/airflow/airflow_env/lib/python3.11/site-packages/airflow/example_dags/subdags/subdag.py for tasks to queue
[2024-03-01T16:22:43.575+0530] {logging_mixin.py:188} INFO - [2024-03-01T16:22:43.575+0530] {dagbag.py:540} INFO - Filling up the DagBag from /home/akranth/airflow/airflow_env/lib/python3.11/site-packages/airflow/example_dags/subdags/subdag.py
[2024-03-01T16:22:43.580+0530] {processor.py:842} WARNING - No viable dags retrieved from /home/akranth/airflow/airflow_env/lib/python3.11/site-packages/airflow/example_dags/subdags/subdag.py
[2024-03-01T16:22:43.590+0530] {processor.py:183} INFO - Processing /home/akranth/airflow/airflow_env/lib/python3.11/site-packages/airflow/example_dags/subdags/subdag.py took 0.042 seconds
[2024-03-01T16:23:40.681+0530] {processor.py:161} INFO - Started process (PID=7563) to work on /home/akranth/airflow/airflow_env/lib/python3.11/site-packages/airflow/example_dags/subdags/subdag.py
[2024-03-01T16:23:40.762+0530] {processor.py:830} INFO - Processing file /home/akranth/airflow/airflow_env/lib/python3.11/site-packages/airflow/example_dags/subdags/subdag.py for tasks to queue
[2024-03-01T16:23:40.764+0530] {logging_mixin.py:188} INFO - [2024-03-01T16:23:40.763+0530] {dagbag.py:540} INFO - Filling up the DagBag from /home/akranth/airflow/airflow_env/lib/python3.11/site-packages/airflow/example_dags/subdags/subdag.py
[2024-03-01T16:23:40.768+0530] {processor.py:842} WARNING - No viable dags retrieved from /home/akranth/airflow/airflow_env/lib/python3.11/site-packages/airflow/example_dags/subdags/subdag.py
[2024-03-01T16:23:40.792+0530] {processor.py:183} INFO - Processing /home/akranth/airflow/airflow_env/lib/python3.11/site-packages/airflow/example_dags/subdags/subdag.py took 0.112 seconds
[2024-03-01T16:24:43.935+0530] {processor.py:161} INFO - Started process (PID=7631) to work on /home/akranth/airflow/airflow_env/lib/python3.11/site-packages/airflow/example_dags/subdags/subdag.py
[2024-03-01T16:24:44.025+0530] {processor.py:830} INFO - Processing file /home/akranth/airflow/airflow_env/lib/python3.11/site-packages/airflow/example_dags/subdags/subdag.py for tasks to queue
[2024-03-01T16:24:44.026+0530] {logging_mixin.py:188} INFO - [2024-03-01T16:24:44.026+0530] {dagbag.py:540} INFO - Filling up the DagBag from /home/akranth/airflow/airflow_env/lib/python3.11/site-packages/airflow/example_dags/subdags/subdag.py
[2024-03-01T16:24:44.027+0530] {processor.py:842} WARNING - No viable dags retrieved from /home/akranth/airflow/airflow_env/lib/python3.11/site-packages/airflow/example_dags/subdags/subdag.py
[2024-03-01T16:24:44.035+0530] {processor.py:183} INFO - Processing /home/akranth/airflow/airflow_env/lib/python3.11/site-packages/airflow/example_dags/subdags/subdag.py took 0.102 seconds
[2024-03-01T16:25:48.671+0530] {processor.py:161} INFO - Started process (PID=7700) to work on /home/akranth/airflow/airflow_env/lib/python3.11/site-packages/airflow/example_dags/subdags/subdag.py
[2024-03-01T16:25:48.759+0530] {processor.py:830} INFO - Processing file /home/akranth/airflow/airflow_env/lib/python3.11/site-packages/airflow/example_dags/subdags/subdag.py for tasks to queue
[2024-03-01T16:25:48.762+0530] {logging_mixin.py:188} INFO - [2024-03-01T16:25:48.761+0530] {dagbag.py:540} INFO - Filling up the DagBag from /home/akranth/airflow/airflow_env/lib/python3.11/site-packages/airflow/example_dags/subdags/subdag.py
[2024-03-01T16:25:48.766+0530] {processor.py:842} WARNING - No viable dags retrieved from /home/akranth/airflow/airflow_env/lib/python3.11/site-packages/airflow/example_dags/subdags/subdag.py
[2024-03-01T16:25:48.790+0530] {processor.py:183} INFO - Processing /home/akranth/airflow/airflow_env/lib/python3.11/site-packages/airflow/example_dags/subdags/subdag.py took 0.126 seconds
[2024-03-01T16:26:47.755+0530] {processor.py:161} INFO - Started process (PID=7765) to work on /home/akranth/airflow/airflow_env/lib/python3.11/site-packages/airflow/example_dags/subdags/subdag.py
[2024-03-01T16:26:47.782+0530] {processor.py:830} INFO - Processing file /home/akranth/airflow/airflow_env/lib/python3.11/site-packages/airflow/example_dags/subdags/subdag.py for tasks to queue
[2024-03-01T16:26:47.783+0530] {logging_mixin.py:188} INFO - [2024-03-01T16:26:47.783+0530] {dagbag.py:540} INFO - Filling up the DagBag from /home/akranth/airflow/airflow_env/lib/python3.11/site-packages/airflow/example_dags/subdags/subdag.py
[2024-03-01T16:26:47.785+0530] {processor.py:842} WARNING - No viable dags retrieved from /home/akranth/airflow/airflow_env/lib/python3.11/site-packages/airflow/example_dags/subdags/subdag.py
[2024-03-01T16:26:47.795+0530] {processor.py:183} INFO - Processing /home/akranth/airflow/airflow_env/lib/python3.11/site-packages/airflow/example_dags/subdags/subdag.py took 0.041 seconds
[2024-03-01T16:27:41.112+0530] {processor.py:161} INFO - Started process (PID=7824) to work on /home/akranth/airflow/airflow_env/lib/python3.11/site-packages/airflow/example_dags/subdags/subdag.py
[2024-03-01T16:27:41.166+0530] {processor.py:830} INFO - Processing file /home/akranth/airflow/airflow_env/lib/python3.11/site-packages/airflow/example_dags/subdags/subdag.py for tasks to queue
[2024-03-01T16:27:41.168+0530] {logging_mixin.py:188} INFO - [2024-03-01T16:27:41.167+0530] {dagbag.py:540} INFO - Filling up the DagBag from /home/akranth/airflow/airflow_env/lib/python3.11/site-packages/airflow/example_dags/subdags/subdag.py
[2024-03-01T16:27:41.173+0530] {processor.py:842} WARNING - No viable dags retrieved from /home/akranth/airflow/airflow_env/lib/python3.11/site-packages/airflow/example_dags/subdags/subdag.py
[2024-03-01T16:27:41.198+0530] {processor.py:183} INFO - Processing /home/akranth/airflow/airflow_env/lib/python3.11/site-packages/airflow/example_dags/subdags/subdag.py took 0.092 seconds
[2024-03-01T16:28:51.781+0530] {processor.py:161} INFO - Started process (PID=7909) to work on /home/akranth/airflow/airflow_env/lib/python3.11/site-packages/airflow/example_dags/subdags/subdag.py
[2024-03-01T16:28:51.783+0530] {processor.py:830} INFO - Processing file /home/akranth/airflow/airflow_env/lib/python3.11/site-packages/airflow/example_dags/subdags/subdag.py for tasks to queue
[2024-03-01T16:28:51.785+0530] {logging_mixin.py:188} INFO - [2024-03-01T16:28:51.784+0530] {dagbag.py:540} INFO - Filling up the DagBag from /home/akranth/airflow/airflow_env/lib/python3.11/site-packages/airflow/example_dags/subdags/subdag.py
[2024-03-01T16:28:51.790+0530] {processor.py:842} WARNING - No viable dags retrieved from /home/akranth/airflow/airflow_env/lib/python3.11/site-packages/airflow/example_dags/subdags/subdag.py
[2024-03-01T16:28:51.805+0530] {processor.py:183} INFO - Processing /home/akranth/airflow/airflow_env/lib/python3.11/site-packages/airflow/example_dags/subdags/subdag.py took 0.031 seconds
[2024-03-01T16:29:30.676+0530] {processor.py:161} INFO - Started process (PID=7955) to work on /home/akranth/airflow/airflow_env/lib/python3.11/site-packages/airflow/example_dags/subdags/subdag.py
[2024-03-01T16:29:30.780+0530] {processor.py:830} INFO - Processing file /home/akranth/airflow/airflow_env/lib/python3.11/site-packages/airflow/example_dags/subdags/subdag.py for tasks to queue
[2024-03-01T16:29:30.782+0530] {logging_mixin.py:188} INFO - [2024-03-01T16:29:30.780+0530] {dagbag.py:540} INFO - Filling up the DagBag from /home/akranth/airflow/airflow_env/lib/python3.11/site-packages/airflow/example_dags/subdags/subdag.py
[2024-03-01T16:29:30.785+0530] {processor.py:842} WARNING - No viable dags retrieved from /home/akranth/airflow/airflow_env/lib/python3.11/site-packages/airflow/example_dags/subdags/subdag.py
[2024-03-01T16:29:30.798+0530] {processor.py:183} INFO - Processing /home/akranth/airflow/airflow_env/lib/python3.11/site-packages/airflow/example_dags/subdags/subdag.py took 0.125 seconds
[2024-03-01T16:30:13.481+0530] {processor.py:161} INFO - Started process (PID=8006) to work on /home/akranth/airflow/airflow_env/lib/python3.11/site-packages/airflow/example_dags/subdags/subdag.py
[2024-03-01T16:30:13.558+0530] {processor.py:830} INFO - Processing file /home/akranth/airflow/airflow_env/lib/python3.11/site-packages/airflow/example_dags/subdags/subdag.py for tasks to queue
[2024-03-01T16:30:13.560+0530] {logging_mixin.py:188} INFO - [2024-03-01T16:30:13.559+0530] {dagbag.py:540} INFO - Filling up the DagBag from /home/akranth/airflow/airflow_env/lib/python3.11/site-packages/airflow/example_dags/subdags/subdag.py
[2024-03-01T16:30:13.564+0530] {processor.py:842} WARNING - No viable dags retrieved from /home/akranth/airflow/airflow_env/lib/python3.11/site-packages/airflow/example_dags/subdags/subdag.py
[2024-03-01T16:30:13.589+0530] {processor.py:183} INFO - Processing /home/akranth/airflow/airflow_env/lib/python3.11/site-packages/airflow/example_dags/subdags/subdag.py took 0.110 seconds
[2024-03-01T16:30:56.622+0530] {processor.py:161} INFO - Started process (PID=8274) to work on /home/akranth/airflow/airflow_env/lib/python3.11/site-packages/airflow/example_dags/subdags/subdag.py
[2024-03-01T16:30:56.639+0530] {processor.py:830} INFO - Processing file /home/akranth/airflow/airflow_env/lib/python3.11/site-packages/airflow/example_dags/subdags/subdag.py for tasks to queue
[2024-03-01T16:30:56.642+0530] {logging_mixin.py:188} INFO - [2024-03-01T16:30:56.641+0530] {dagbag.py:540} INFO - Filling up the DagBag from /home/akranth/airflow/airflow_env/lib/python3.11/site-packages/airflow/example_dags/subdags/subdag.py
[2024-03-01T16:30:56.646+0530] {processor.py:842} WARNING - No viable dags retrieved from /home/akranth/airflow/airflow_env/lib/python3.11/site-packages/airflow/example_dags/subdags/subdag.py
[2024-03-01T16:30:56.668+0530] {processor.py:183} INFO - Processing /home/akranth/airflow/airflow_env/lib/python3.11/site-packages/airflow/example_dags/subdags/subdag.py took 0.049 seconds
[2024-03-01T16:31:40.423+0530] {processor.py:161} INFO - Started process (PID=8861) to work on /home/akranth/airflow/airflow_env/lib/python3.11/site-packages/airflow/example_dags/subdags/subdag.py
[2024-03-01T16:31:40.442+0530] {processor.py:830} INFO - Processing file /home/akranth/airflow/airflow_env/lib/python3.11/site-packages/airflow/example_dags/subdags/subdag.py for tasks to queue
[2024-03-01T16:31:40.444+0530] {logging_mixin.py:188} INFO - [2024-03-01T16:31:40.443+0530] {dagbag.py:540} INFO - Filling up the DagBag from /home/akranth/airflow/airflow_env/lib/python3.11/site-packages/airflow/example_dags/subdags/subdag.py
[2024-03-01T16:31:40.447+0530] {processor.py:842} WARNING - No viable dags retrieved from /home/akranth/airflow/airflow_env/lib/python3.11/site-packages/airflow/example_dags/subdags/subdag.py
[2024-03-01T16:31:40.459+0530] {processor.py:183} INFO - Processing /home/akranth/airflow/airflow_env/lib/python3.11/site-packages/airflow/example_dags/subdags/subdag.py took 0.038 seconds
[2024-03-01T16:32:30.417+0530] {processor.py:161} INFO - Started process (PID=9269) to work on /home/akranth/airflow/airflow_env/lib/python3.11/site-packages/airflow/example_dags/subdags/subdag.py
[2024-03-01T16:32:30.428+0530] {processor.py:830} INFO - Processing file /home/akranth/airflow/airflow_env/lib/python3.11/site-packages/airflow/example_dags/subdags/subdag.py for tasks to queue
[2024-03-01T16:32:30.429+0530] {logging_mixin.py:188} INFO - [2024-03-01T16:32:30.428+0530] {dagbag.py:540} INFO - Filling up the DagBag from /home/akranth/airflow/airflow_env/lib/python3.11/site-packages/airflow/example_dags/subdags/subdag.py
[2024-03-01T16:32:30.443+0530] {processor.py:842} WARNING - No viable dags retrieved from /home/akranth/airflow/airflow_env/lib/python3.11/site-packages/airflow/example_dags/subdags/subdag.py
[2024-03-01T16:32:30.450+0530] {processor.py:183} INFO - Processing /home/akranth/airflow/airflow_env/lib/python3.11/site-packages/airflow/example_dags/subdags/subdag.py took 0.036 seconds
[2024-03-01T16:33:19.795+0530] {processor.py:161} INFO - Started process (PID=9360) to work on /home/akranth/airflow/airflow_env/lib/python3.11/site-packages/airflow/example_dags/subdags/subdag.py
[2024-03-01T16:33:19.806+0530] {processor.py:830} INFO - Processing file /home/akranth/airflow/airflow_env/lib/python3.11/site-packages/airflow/example_dags/subdags/subdag.py for tasks to queue
[2024-03-01T16:33:19.807+0530] {logging_mixin.py:188} INFO - [2024-03-01T16:33:19.807+0530] {dagbag.py:540} INFO - Filling up the DagBag from /home/akranth/airflow/airflow_env/lib/python3.11/site-packages/airflow/example_dags/subdags/subdag.py
[2024-03-01T16:33:19.809+0530] {processor.py:842} WARNING - No viable dags retrieved from /home/akranth/airflow/airflow_env/lib/python3.11/site-packages/airflow/example_dags/subdags/subdag.py
[2024-03-01T16:33:19.820+0530] {processor.py:183} INFO - Processing /home/akranth/airflow/airflow_env/lib/python3.11/site-packages/airflow/example_dags/subdags/subdag.py took 0.029 seconds
[2024-03-01T16:34:01.234+0530] {processor.py:161} INFO - Started process (PID=9422) to work on /home/akranth/airflow/airflow_env/lib/python3.11/site-packages/airflow/example_dags/subdags/subdag.py
[2024-03-01T16:34:01.254+0530] {processor.py:830} INFO - Processing file /home/akranth/airflow/airflow_env/lib/python3.11/site-packages/airflow/example_dags/subdags/subdag.py for tasks to queue
[2024-03-01T16:34:01.256+0530] {logging_mixin.py:188} INFO - [2024-03-01T16:34:01.255+0530] {dagbag.py:540} INFO - Filling up the DagBag from /home/akranth/airflow/airflow_env/lib/python3.11/site-packages/airflow/example_dags/subdags/subdag.py
[2024-03-01T16:34:01.261+0530] {processor.py:842} WARNING - No viable dags retrieved from /home/akranth/airflow/airflow_env/lib/python3.11/site-packages/airflow/example_dags/subdags/subdag.py
[2024-03-01T16:34:01.459+0530] {processor.py:183} INFO - Processing /home/akranth/airflow/airflow_env/lib/python3.11/site-packages/airflow/example_dags/subdags/subdag.py took 0.227 seconds
[2024-03-01T16:34:42.901+0530] {processor.py:161} INFO - Started process (PID=9555) to work on /home/akranth/airflow/airflow_env/lib/python3.11/site-packages/airflow/example_dags/subdags/subdag.py
[2024-03-01T16:34:42.908+0530] {processor.py:830} INFO - Processing file /home/akranth/airflow/airflow_env/lib/python3.11/site-packages/airflow/example_dags/subdags/subdag.py for tasks to queue
[2024-03-01T16:34:42.911+0530] {logging_mixin.py:188} INFO - [2024-03-01T16:34:42.910+0530] {dagbag.py:540} INFO - Filling up the DagBag from /home/akranth/airflow/airflow_env/lib/python3.11/site-packages/airflow/example_dags/subdags/subdag.py
[2024-03-01T16:34:42.915+0530] {processor.py:842} WARNING - No viable dags retrieved from /home/akranth/airflow/airflow_env/lib/python3.11/site-packages/airflow/example_dags/subdags/subdag.py
[2024-03-01T16:34:42.933+0530] {processor.py:183} INFO - Processing /home/akranth/airflow/airflow_env/lib/python3.11/site-packages/airflow/example_dags/subdags/subdag.py took 0.038 seconds
